48
2
8 30 45
45 997 28
2
8 40 50
50 5781 28
2
8 41 42
42 577 28
2
8 50 18
18 643 28
2
8 83 30
30 2111 28
2
8 92 13
13 348 28
2
8 117 6
6 298 28
2
8 241 22
22 445 28
2
8 299 1
1 521 28
2
8 320 26
26 935 28
2
8 334 47
47 326 28
2
8 349 5
5 669 28
2
8 369 31
31 842 28
2
8 389 43
43 257 28
2
8 414 20
20 9 28
2
8 474 39
39 1289 28
2
8 516 41
41 182 28
2
8 616 3
3 913 28
2
8 633 33
33 631 28
2
8 648 17
17 1874 28
2
8 677 35
35 508 28
2
8 767 36
36 493 28
2
8 774 10
10 1724 28
2
8 873 16
16 567 28
2
8 936 44
44 12 28
2
8 954 21
21 1402 28
2
8 1037 34
34 2245 28
2
8 1053 29
29 138 28
2
8 1086 40
40 180 28
2
8 1141 15
15 980 28
2
8 1205 37
37 2757 28
2
8 1263 23
23 670 28
2
8 1273 12
12 186 28
2
8 1499 32
32 1487 28
2
8 1502 2
2 2153 28
2
8 1630 11
11 1676 28
2
8 1659 46
46 33 28
2
8 1708 9
9 128 28
2
8 1722 14
14 559 28
2
8 1837 24
24 212 28
2
8 2049 49
49 674 28
2
8 2185 4
4 198 28
2
8 2317 25
25 23 28
2
8 2530 48
48 1372 28
2
8 2628 7
7 1121 28
2
8 3306 38
38 1926 28
2
8 3717 27
27 1766 28
2
8 5079 19
19 4555 28
