47
2
4 112 31
31 7365 9
2
4 113 16
16 2105 9
2
4 119 40
40 225 9
2
4 130 50
50 1820 9
2
4 136 38
38 5755 9
2
4 156 5
5 6696 9
2
4 189 3
3 2254 9
2
4 239 27
27 3319 9
2
4 251 15
15 722 9
2
4 284 22
22 551 9
3
4 328 14
14 62 32
32 114 9
2
4 366 18
18 3127 9
2
4 533 35
35 3511 9
2
4 536 17
17 3697 9
2
4 583 13
13 482 9
2
4 625 45
45 1161 9
2
4 628 6
6 135 9
2
4 735 7
7 1310 9
2
4 790 2
2 2183 9
2
4 1001 48
48 2001 9
2
4 1119 19
19 6967 9
2
4 1215 33
33 871 9
2
4 1245 28
28 1517 9
2
4 1297 49
49 2398 9
2
4 1449 46
46 4901 9
2
4 1494 10
10 502 9
2
4 1526 1
1 7165 9
2
4 1717 23
23 1509 9
2
4 1737 37
37 1271 9
2
4 1806 41
41 1007 9
2
4 2131 11
11 770 9
2
4 2179 43
43 855 9
2
4 2287 34
34 1131 9
2
4 2445 26
26 1476 9
2
4 2492 47
47 5893 9
2
4 2506 8
8 3189 9
2
4 3011 12
12 714 9
2
4 3039 24
24 2992 9
2
4 3065 36
36 209 9
2
4 3144 42
42 252 9
2
4 3315 39
39 169 9
2
4 4449 25
25 2395 9
2
4 4500 20
20 3286 9
2
4 6170 30
30 437 9
2
4 6574 21
21 1017 9
2
4 7213 44
44 4804 9
2
4 8747 29
29 7155 9
