15
4
196 3 112
112 77 148
148 844 107
107 623 151
4
196 20 80
80 320 14
14 685 57
57 105 151
3
196 83 86
86 557 138
138 706 151
4
196 93 118
118 116 121
121 33 133
133 729 151
3
196 136 152
152 23 71
71 102 151
3
196 170 52
52 231 31
31 151 151
4
196 185 28
28 550 165
165 927 17
17 899 151
3
196 199 190
190 631 77
77 153 151
3
196 261 131
131 580 169
169 800 151
4
196 276 139
139 470 50
50 888 110
110 41 151
5
196 313 4
4 310 51
51 781 183
183 826 53
53 425 151
5
196 365 75
75 798 156
156 584 66
66 848 91
91 246 151
5
196 442 10
10 228 97
97 227 13
13 435 18
18 222 151
4
196 666 185
185 553 37
37 833 113
113 612 151
3
196 939 130
130 586 102
102 205 151
