14
3
186 13 70
70 473 138
138 226 194
4
186 23 19
19 75 148
148 340 60
60 109 194
3
186 28 189
189 832 87
87 369 194
3
186 176 84
84 654 191
191 981 194
4
186 198 62
62 165 110
110 689 106
106 417 194
3
186 246 195
195 234 193
193 187 194
3
186 292 11
11 865 169
169 62 194
4
186 390 157
157 224 76
76 402 86
86 156 194
3
186 512 74
74 647 104
104 403 194
3
186 567 72
72 86 92
92 520 194
5
186 624 52
52 660 154
154 140 100
100 207 5
5 761 194
4
186 656 103
103 921 130
130 323 121
121 54 194
5
186 847 49
49 763 34
34 904 192
192 324 22
22 247 194
5
186 931 30
30 110 111
111 775 77
77 807 45
45 830 194
