1504
2
503 2 1430
1430 308 2731
3
503 3 2984
2984 3543 521
521 1804 2731
2
503 15 1811
1811 5552 2731
2
503 36 2458
2458 8758 2731
2
503 42 2645
2645 886 2731
2
503 49 2878
2878 9365 2731
2
503 51 2659
2659 1962 2731
2
503 55 143
143 2705 2731
2
503 62 974
974 2752 2731
3
503 69 2439
2439 364 1951
1951 8519 2731
3
503 71 2472
2472 8591 2418
2418 7545 2731
3
503 90 1745
1745 7213 1691
1691 4636 2731
2
503 98 2991
2991 9852 2731
2
503 103 2854
2854 3595 2731
3
503 106 2074
2074 9797 2993
2993 9931 2731
2
503 121 255
255 8329 2731
2
503 122 337
337 5534 2731
2
503 123 1362
1362 7353 2731
2
503 124 1207
1207 1099 2731
2
503 128 533
533 4930 2731
2
503 133 1375
1375 9759 2731
3
503 134 2435
2435 1750 1582
1582 7944 2731
2
503 138 2924
2924 8446 2731
2
503 142 2042
2042 3699 2731
2
503 143 2185
2185 4722 2731
3
503 145 2500
2500 9259 1153
1153 440 2731
2
503 154 661
661 7223 2731
2
503 156 647
647 9662 2731
3
503 165 2859
2859 6184 295
295 1031 2731
2
503 166 2925
2925 1347 2731
3
503 169 1784
1784 4494 900
900 3660 2731
2
503 171 1448
1448 4129 2731
2
503 184 2779
2779 6010 2731
3
503 199 1202
1202 1460 1232
1232 1827 2731
2
503 200 400
400 5022 2731
3
503 201 2093
2093 3612 2210
2210 6327 2731
2
503 208 1685
1685 5933 2731
2
503 210 515
515 3589 2731
2
503 228 2281
2281 8968 2731
2
503 240 2914
2914 8193 2731
2
503 255 1372
1372 9121 2731
3
503 262 1940
1940 3505 361
361 8977 2731
2
503 263 1904
1904 3368 2731
2
503 268 1960
1960 6638 2731
2
503 277 1349
1349 1712 2731
2
503 289 1413
1413 3319 2731
3
503 295 1648
1648 115 2405
2405 719 2731
2
503 302 475
475 1889 2731
2
503 322 1420
1420 1930 2731
2
503 329 1010
1010 5670 2731
3
503 338 1912
1912 4346 2792
2792 9947 2731
3
503 341 557
557 387 274
274 2000 2731
3
503 344 709
709 3218 1560
1560 9956 2731
2
503 354 187
187 7668 2731
3
503 360 1393
1393 1340 2666
2666 7423 2731
2
503 378 620
620 3179 2731
3
503 380 411
411 5181 2155
2155 6985 2731
2
503 407 2428
2428 7497 2731
2
503 412 244
244 1888 2731
3
503 423 2845
2845 6158 423
423 698 2731
2
503 424 60
60 5963 2731
2
503 428 1198
1198 9701 2731
3
503 431 1414
1414 6833 87
87 5972 2731
2
503 436 266
266 1059 2731
3
503 441 19
19 4683 1464
1464 7527 2731
2
503 446 1381
1381 1704 2731
2
503 467 1290
1290 2592 2731
2
503 478 1581
1581 2983 2731
2
503 488 1859
1859 1690 2731
2
503 493 1435
1435 9542 2731
3
503 507 1802
1802 7976 2921
2921 6636 2731
2
503 513 2655
2655 18 2731
2
503 515 2284
2284 158 2731
3
503 537 509
509 3176 812
812 778 2731
2
503 551 556
556 7117 2731
3
503 560 1032
1032 4820 117
117 496 2731
3
503 564 2190
2190 418 2167
2167 8655 2731
2
503 567 883
883 6191 2731
2
503 569 1862
1862 2547 2731
2
503 590 432
432 6156 2731
3
503 596 2627
2627 2535 2557
2557 8004 2731
3
503 606 2584
2584 2429 1965
1965 9733 2731
3
503 608 2703
2703 3841 822
822 3134 2731
2
503 611 286
286 3041 2731
2
503 617 618
618 4838 2731
2
503 625 1572
1572 7229 2731
2
503 628 1043
1043 2361 2731
2
503 634 1982
1982 1619 2731
2
503 637 1490
1490 8231 2731
2
503 638 686
686 6935 2731
2
503 639 1091
1091 8931 2731
3
503 648 2798
2798 6196 2866
2866 5627 2731
2
503 650 2669
2669 4386 2731
2
503 653 1313
1313 8642 2731
2
503 658 882
882 7133 2731
2
503 682 1350
1350 6331 2731
2
503 683 2718
2718 3424 2731
2
503 688 1565
1565 7298 2731
2
503 696 2028
2028 7753 2731
3
503 704 1097
1097 13 578
578 6143 2731
3
503 709 2726
2726 8909 1223
1223 5206 2731
3
503 723 1757
1757 2196 1422
1422 2858 2731
2
503 741 1881
1881 7982 2731
2
503 742 2401
2401 9613 2731
2
503 771 1703
1703 7994 2731
2
503 775 2545
2545 5143 2731
2
503 784 673
673 7448 2731
3
503 785 2750
2750 5845 1878
1878 7410 2731
2
503 792 2365
2365 8029 2731
2
503 806 70
70 2212 2731
3
503 811 2044
2044 9253 520
520 3947 2731
3
503 821 990
990 690 2950
2950 6950 2731
2
503 822 2558
2558 5391 2731
2
503 823 834
834 8012 2731
3
503 829 2475
2475 2827 642
642 7279 2731
2
503 834 2614
2614 8230 2731
2
503 854 672
672 7058 2731
2
503 855 2104
2104 9700 2731
2
503 858 1751
1751 3301 2731
2
503 862 1322
1322 3343 2731
3
503 871 2347
2347 3253 2791
2791 6443 2731
2
503 875 999
999 7142 2731
2
503 877 571
571 8641 2731
2
503 880 829
829 4952 2731
2
503 887 1229
1229 7927 2731
2
503 897 1065
1065 691 2731
2
503 899 2758
2758 3019 2731
2
503 900 1927
1927 6927 2731
3
503 903 2754
2754 6148 2494
2494 6381 2731
3
503 904 2343
2343 3406 2258
2258 2600 2731
3
503 905 216
216 4923 2213
2213 6151 2731
2
503 906 257
257 6719 2731
2
503 907 831
831 866 2731
3
503 909 542
542 9561 2266
2266 1 2731
2
503 918 20
20 7568 2731
2
503 921 1250
1250 7028 2731
2
503 930 362
362 84 2731
2
503 931 1003
1003 3213 2731
2
503 934 2482
2482 5929 2731
2
503 935 448
448 1272 2731
2
503 937 665
665 2523 2731
3
503 957 830
830 3740 1438
1438 2658 2731
2
503 958 2396
2396 6346 2731
3
503 960 1045
1045 1744 2179
2179 3033 2731
2
503 961 2912
2912 3698 2731
2
503 963 77
77 9482 2731
2
503 964 2495
2495 7104 2731
2
503 971 488
488 7379 2731
2
503 979 1794
1794 1531 2731
2
503 988 346
346 3696 2731
2
503 989 610
610 6989 2731
2
503 994 2208
2208 4619 2731
2
503 996 1948
1948 3659 2731
2
503 1003 2394
2394 7231 2731
2
503 1010 367
367 623 2731
2
503 1024 2131
2131 6222 2731
2
503 1029 2014
2014 3199 2731
2
503 1033 944
944 8636 2731
2
503 1034 619
619 8144 2731
3
503 1038 292
292 152 1171
1171 4694 2731
2
503 1041 625
625 5728 2731
2
503 1061 761
761 580 2731
3
503 1064 2412
2412 7348 2757
2757 5688 2731
2
503 1066 1120
1120 2935 2731
2
503 1072 2506
2506 3649 2731
2
503 1075 698
698 6391 2731
2
503 1083 2199
2199 2492 2731
2
503 1084 1039
1039 456 2731
2
503 1085 165
165 4686 2731
2
503 1092 2576
2576 2104 2731
2
503 1093 1768
1768 8321 2731
3
503 1094 1914
1914 5902 1079
1079 6930 2731
2
503 1095 1463
1463 9531 2731
2
503 1098 2291
2291 4967 2731
3
503 1104 1200
1200 3020 16
16 2674 2731
2
503 1109 2697
2697 401 2731
2
503 1111 2842
2842 9411 2731
3
503 1112 2263
2263 4728 2124
2124 1904 2731
2
503 1117 2836
2836 727 2731
2
503 1119 1004
1004 6043 2731
3
503 1122 1121
1121 5795 414
414 670 2731
2
503 1135 2370
2370 8601 2731
2
503 1138 2420
2420 748 2731
2
503 1143 214
214 2005 2731
3
503 1144 1893
1893 1046 1054
1054 5238 2731
2
503 1152 1178
1178 6786 2731
2
503 1156 2487
2487 5951 2731
3
503 1159 2895
2895 3230 2429
2429 710 2731
3
503 1178 1921
1921 6435 31
31 5804 2731
3
503 1197 148
148 5131 1834
1834 5623 2731
3
503 1203 1574
1574 9913 1765
1765 499 2731
3
503 1204 2994
2994 1183 1503
1503 1983 2731
3
503 1209 1096
1096 6061 1323
1323 1431 2731
3
503 1214 1468
1468 464 1449
1449 7419 2731
3
503 1219 93
93 3379 1761
1761 5140 2731
2
503 1222 407
407 3871 2731
2
503 1223 2433
2433 2087 2731
2
503 1224 2651
2651 7687 2731
2
503 1227 109
109 451 2731
2
503 1230 1625
1625 2482 2731
2
503 1232 1849
1849 3178 2731
3
503 1236 384
384 4659 2005
2005 7364 2731
3
503 1247 2687
2687 9074 873
873 2976 2731
3
503 1254 799
799 6967 1320
1320 2828 2731
3
503 1263 2533
2533 4427 561
561 5442 2731
2
503 1280 2181
2181 7285 2731
2
503 1286 1365
1365 4720 2731
2
503 1289 897
897 4039 2731
2
503 1290 1221
1221 3338 2731
2
503 1303 1596
1596 8367 2731
2
503 1319 1950
1950 8140 2731
3
503 1322 726
726 532 1428
1428 5167 2731
2
503 1324 1654
1654 2926 2731
3
503 1375 371
371 1559 889
889 6069 2731
2
503 1377 502
502 6925 2731
2
503 1380 1585
1585 2340 2731
2
503 1389 1143
1143 8224 2731
2
503 1397 984
984 9695 2731
2
503 1406 724
724 4879 2731
2
503 1409 1728
1728 9460 2731
3
503 1419 795
795 4151 2833
2833 365 2731
3
503 1424 2896
2896 3488 905
905 2193 2731
2
503 1425 1793
1793 2189 2731
2
503 1426 1739
1739 4335 2731
3
503 1430 750
750 6651 580
580 9356 2731
2
503 1432 940
940 1181 2731
2
503 1439 193
193 2725 2731
2
503 1447 1683
1683 5620 2731
3
503 1459 616
616 1967 1697
1697 2770 2731
2
503 1469 1151
1151 4584 2731
2
503 1488 1371
1371 3768 2731
2
503 1494 1049
1049 2153 2731
2
503 1501 197
197 4275 2731
2
503 1503 2350
2350 6519 2731
2
503 1504 1263
1263 7276 2731
3
503 1510 2717
2717 8861 1185
1185 6956 2731
2
503 1520 1998
1998 309 2731
3
503 1525 1724
1724 9088 1598
1598 6837 2731
2
503 1537 1530
1530 9732 2731
2
503 1540 284
284 5862 2731
2
503 1544 1833
1833 4929 2731
2
503 1547 524
524 180 2731
3
503 1554 758
758 10 2813
2813 7792 2731
2
503 1562 1638
1638 6725 2731
2
503 1565 283
283 178 2731
2
503 1573 2949
2949 7777 2731
2
503 1579 312
312 4541 2731
2
503 1622 2474
2474 1770 2731
2
503 1623 54
54 555 2731
2
503 1624 293
293 2787 2731
2
503 1631 973
973 2303 2731
2
503 1640 518
518 1449 2731
2
503 1641 982
982 6633 2731
2
503 1643 478
478 6760 2731
2
503 1645 2710
2710 920 2731
2
503 1661 1523
1523 7451 2731
2
503 1664 1504
1504 4776 2731
2
503 1671 2196
2196 1561 2731
2
503 1693 1272
1272 1609 2731
2
503 1701 473
473 1277 2731
3
503 1707 734
734 4137 313
313 1332 2731
2
503 1714 1138
1138 7363 2731
3
503 1716 372
372 5754 2257
2257 8451 2731
2
503 1721 2340
2340 3981 2731
3
503 1722 1970
1970 663 728
728 6499 2731
2
503 1732 2560
2560 6055 2731
2
503 1733 2058
2058 9602 2731
3
503 1736 2416
2416 3965 240
240 7878 2731
3
503 1737 1726
1726 7256 58
58 8915 2731
2
503 1741 2569
2569 5544 2731
3
503 1746 2097
2097 3872 44
44 4063 2731
3
503 1760 417
417 3893 1293
1293 8031 2731
2
503 1761 1339
1339 9893 2731
3
503 1768 2689
2689 6723 1342
1342 6498 2731
2
503 1774 2867
2867 8770 2731
2
503 1777 548
548 3481 2731
3
503 1778 1497
1497 4101 1287
1287 7631 2731
3
503 1780 1752
1752 6442 1773
1773 5304 2731
3
503 1785 2036
2036 234 2201
2201 3306 2731
2
503 1801 1877
1877 938 2731
3
503 1812 467
467 1966 169
169 3140 2731
2
503 1813 1506
1506 6271 2731
2
503 1818 1368
1368 4673 2731
2
503 1821 2702
2702 3650 2731
2
503 1829 2464
2464 4044 2731
2
503 1830 1199
1199 4105 2731
2
503 1832 871
871 5691 2731
5
503 1836 584
584 5414 2146
2146 9974 1346
1346 2789 2575
2575 8236 2731
2
503 1845 2251
2251 6186 2731
6
503 1852 1130
1130 6020 1770
1770 7509 583
583 3742 305
305 1495 1089
1089 8404 2731
3
503 1855 190
190 8345 1901
1901 4390 2731
2
503 1862 1631
1631 7234 2731
2
503 1863 2452
2452 4616 2731
3
503 1869 1256
1256 3755 1816
1816 1816 2731
2
503 1876 513
513 550 2731
2
503 1885 667
667 5949 2731
3
503 1890 1042
1042 4354 95
95 5542 2731
2
503 1893 1239
1239 4382 2731
2
503 1907 225
225 5197 2731
2
503 1926 1321
1321 1613 2731
2
503 1929 621
621 6764 2731
2
503 1931 1848
1848 157 2731
2
503 1935 1779
1779 3357 2731
2
503 1956 1108
1108 3869 2731
3
503 1961 1380
1380 6382 606
606 6047 2731
2
503 1969 706
706 7591 2731
2
503 1972 2444
2444 8961 2731
2
503 1975 1133
1133 3192 2731
2
503 1986 1493
1493 3896 2731
2
503 1994 1146
1146 5007 2731
2
503 2001 800
800 1724 2731
3
503 2002 269
269 1822 162
162 4363 2731
2
503 2007 694
694 9968 2731
3
503 2022 1436
1436 7812 2218
2218 8501 2731
2
503 2028 2035
2035 8818 2731
3
503 2032 2479
2479 3679 201
201 9124 2731
2
503 2039 427
427 4809 2731
2
503 2048 447
447 2280 2731
2
503 2052 820
820 2588 2731
3
503 2062 2577
2577 6225 2918
2918 4810 2731
3
503 2064 915
915 6772 2638
2638 2312 2731
2
503 2070 1244
1244 4518 2731
2
503 2073 1922
1922 4351 2731
3
503 2075 1190
1190 6120 924
924 2194 2731
3
503 2086 1931
1931 8538 2268
2268 9806 2731
2
503 2089 2532
2532 8600 2731
2
503 2090 2212
2212 8562 2731
2
503 2096 153
153 5735 2731
3
503 2101 381
381 7433 972
972 3194 2731
3
503 2111 2094
2094 656 1116
1116 8588 2731
2
503 2123 2307
2307 411 2731
3
503 2131 1267
1267 959 552
552 6262 2731
2
503 2132 1051
1051 6379 2731
3
503 2143 2901
2901 2817 1716
1716 1249 2731
2
503 2158 2631
2631 7880 2731
2
503 2161 669
669 6201 2731
2
503 2162 2817
2817 320 2731
3
503 2164 1284
1284 2381 821
821 7015 2731
3
503 2167 1409
1409 7523 576
576 6040 2731
2
503 2170 2954
2954 9611 2731
2
503 2176 1864
1864 7457 2731
2
503 2178 389
389 6503 2731
2
503 2184 1591
1591 3107 2731
3
503 2188 738
738 4781 433
433 3633 2731
3
503 2200 1351
1351 7652 801
801 2049 2731
3
503 2207 1123
1123 1970 2384
2384 6883 2731
2
503 2215 376
376 8155 2731
2
503 2217 2556
2556 4868 2731
3
503 2221 693
693 8669 329
329 6318 2731
2
503 2222 2138
2138 7881 2731
2
503 2223 27
27 7915 2731
3
503 2228 1218
1218 4755 717
717 7912 2731
2
503 2237 1069
1069 1709 2731
3
503 2240 2363
2363 3822 256
256 8780 2731
2
503 2245 2756
2756 4526 2731
3
503 2251 927
927 130 2850
2850 8147 2731
2
503 2259 1162
1162 7616 2731
2
503 2261 739
739 3049 2731
2
503 2265 2323
2323 5831 2731
2
503 2273 2698
2698 1568 2731
2
503 2276 1840
1840 4600 2731
2
503 2297 1247
1247 5376 2731
2
503 2299 1535
1535 7735 2731
2
503 2310 394
394 7459 2731
2
503 2316 1114
1114 3672 2731
2
503 2318 2188
2188 6745 2731
2
503 2331 978
978 5112 2731
2
503 2332 677
677 6688 2731
2
503 2346 273
273 6409 2731
2
503 2347 138
138 8125 2731
2
503 2359 1741
1741 5119 2731
2
503 2377 2021
2021 5202 2731
2
503 2395 22
22 913 2731
2
503 2401 2762
2762 9192 2731
3
503 2406 2891
2891 2433 2985
2985 7270 2731
3
503 2408 877
877 5295 278
278 4085 2731
2
503 2414 113
113 3891 2731
3
503 2418 2362
2362 8041 1261
1261 7626 2731
2
503 2425 2574
2574 3504 2731
3
503 2436 1939
1939 3787 2681
2681 6679 2731
3
503 2438 399
399 9502 1036
1036 7044 2731
3
503 2440 951
951 6315 480
480 498 2731
3
503 2451 2534
2534 3347 2657
2657 2037 2731
3
503 2459 1100
1100 9673 1974
1974 9877 2731
2
503 2460 532
532 6107 2731
3
503 2466 890
890 8071 2768
2768 6836 2731
3
503 2470 1723
1723 8819 2841
2841 6557 2731
3
503 2486 1806
1806 3535 1865
1865 975 2731
2
503 2491 2230
2230 2152 2731
2
503 2500 1562
1562 2496 2731
3
503 2514 2885
2885 4422 82
82 4334 2731
2
503 2517 802
802 6544 2731
2
503 2521 1289
1289 5234 2731
2
503 2533 1943
1943 7240 2731
2
503 2534 2876
2876 4717 2731
2
503 2539 1187
1187 8415 2731
3
503 2544 1170
1170 4762 2038
2038 370 2731
2
503 2548 2225
2225 2948 2731
3
503 2559 2539
2539 5150 1119
1119 9416 2731
3
503 2563 2469
2469 955 638
638 5255 2731
2
503 2570 1147
1147 9964 2731
3
503 2571 123
123 8088 493
493 7561 2731
2
503 2585 83
83 8436 2731
2
503 2587 103
103 5563 2731
3
503 2593 1785
1785 2241 1113
1113 2227 2731
2
503 2596 678
678 7903 2731
2
503 2602 2729
2729 9261 2731
3
503 2609 1352
1352 4393 2975
2975 7376 2731
2
503 2617 1958
1958 1894 2731
2
503 2618 840
840 7305 2731
2
503 2619 1610
1610 7394 2731
2
503 2622 2075
2075 7071 2731
3
503 2628 1936
1936 487 785
785 7875 2731
3
503 2630 1277
1277 4089 2706
2706 7450 2731
2
503 2632 2238
2238 1369 2731
2
503 2643 2366
2366 6731 2731
2
503 2654 1627
1627 8695 2731
2
503 2657 2153
2153 3850 2731
3
503 2659 1077
1077 4413 30
30 8902 2731
2
503 2679 265
265 1346 2731
3
503 2685 2076
2076 5169 1220
1220 4656 2731
3
503 2701 2636
2636 3716 2009
2009 8916 2731
2
503 2703 1446
1446 2623 2731
2
503 2713 586
586 5059 2731
2
503 2716 2477
2477 7782 2731
3
503 2720 797
797 2572 426
426 3828 2731
2
503 2730 1789
1789 7173 2731
2
503 2733 1807
1807 5004 2731
3
503 2734 1427
1427 6854 2721
2721 4121 2731
2
503 2735 1443
1443 9392 2731
2
503 2738 89
89 8884 2731
2
503 2740 2070
2070 8973 2731
2
503 2743 2728
2728 1437 2731
3
503 2765 171
171 713 26
26 7108 2731
2
503 2778 2789
2789 2826 2731
2
503 2783 55
55 2337 2731
2
503 2788 2732
2732 1877 2731
2
503 2791 1934
1934 7082 2731
2
503 2808 335
335 8635 2731
2
503 2815 291
291 5253 2731
2
503 2831 2321
2321 1897 2731
3
503 2833 1031
1031 381 2392
2392 476 2731
2
503 2845 777
777 83 2731
2
503 2859 749
749 5057 2731
2
503 2863 2122
2122 7237 2731
2
503 2864 402
402 3680 2731
2
503 2867 1172
1172 3165 2731
3
503 2879 2814
2814 3561 623
623 1417 2731
3
503 2886 2064
2064 9997 252
252 7526 2731
2
503 2892 1030
1030 4726 2731
2
503 2899 2256
2256 753 2731
3
503 2913 156
156 7882 90
90 1408 2731
2
503 2915 1529
1529 386 2731
2
503 2922 2442
2442 9769 2731
3
503 2924 1604
1604 8620 736
736 1344 2731
2
503 2929 1962
1962 5977 2731
2
503 2931 1057
1057 2518 2731
2
503 2934 2769
2769 7316 2731
2
503 2938 2747
2747 9986 2731
3
503 2940 723
723 7693 2602
2602 457 2731
3
503 2949 932
932 8372 2601
2601 3150 2731
2
503 2954 349
349 9449 2731
2
503 2964 632
632 7908 2731
2
503 2967 2930
2930 75 2731
2
503 2971 1576
1576 6805 2731
3
503 2975 2102
2102 8514 151
151 967 2731
2
503 2979 553
553 6997 2731
2
503 2984 2455
2455 5694 2731
3
503 2993 2436
2436 2708 1491
1491 2151 2731
2
503 2994 2665
2665 6421 2731
3
503 3009 2318
2318 2961 2548
2548 9508 2731
3
503 3015 2821
2821 3360 2133
2133 5958 2731
3
503 3022 1508
1508 5901 180
180 3191 2731
2
503 3023 2286
2286 8843 2731
2
503 3027 725
725 1445 2731
2
503 3029 219
219 5661 2731
2
503 3063 2300
2300 993 2731
3
503 3064 410
410 720 1215
1215 2249 2731
2
503 3072 1657
1657 1728 2731
3
503 3073 191
191 53 1433
1433 7781 2731
3
503 3074 1006
1006 5368 2764
2764 5237 2731
2
503 3085 2059
2059 8855 2731
2
503 3090 1181
1181 8570 2731
2
503 3091 1299
1299 3800 2731
2
503 3095 980
980 45 2731
2
503 3108 2763
2763 2494 2731
3
503 3113 1675
1675 2696 439
439 5757 2731
2
503 3128 1852
1852 4507 2731
3
503 3132 2283
2283 60 570
570 3960 2731
3
503 3153 345
345 3240 2929
2929 7377 2731
2
503 3154 2788
2788 9904 2731
2
503 3157 907
907 6821 2731
2
503 3168 25
25 2345 2731
2
503 3175 1818
1818 9453 2731
2
503 3181 282
282 1216 2731
2
503 3182 199
199 1992 2731
2
503 3210 1561
1561 8529 2731
2
503 3224 2264
2264 750 2731
2
503 3238 1264
1264 9114 2731
2
503 3246 2127
2127 3398 2731
3
503 3248 78
78 2907 1836
1836 1252 2731
2
503 3254 2551
2551 349 2731
2
503 3261 2858
2858 5786 2731
3
503 3262 1002
1002 7500 2252
2252 7566 2731
3
503 3266 1808
1808 4875 1509
1509 9151 2731
2
503 3269 1964
1964 306 2731
2
503 3279 370
370 9928 2731
2
503 3281 2228
2228 1279 2731
2
503 3293 2372
2372 6362 2731
3
503 3300 539
539 5280 1578
1578 2435 2731
2
503 3305 23
23 2780 2731
3
503 3307 895
895 4157 2972
2972 5881 2731
3
503 3312 1609
1609 8683 1472
1472 7055 2731
2
503 3325 1090
1090 2711 2731
2
503 3332 2387
2387 5228 2731
3
503 3333 73
73 3860 2145
2145 6891 2731
2
503 3335 697
697 2040 2731
2
503 3337 2403
2403 8700 2731
3
503 3341 2785
2785 2181 1499
1499 2965 2731
2
503 3345 526
526 5540 2731
2
503 3349 2400
2400 1298 2731
2
503 3351 347
347 583 2731
2
503 3356 1870
1870 149 2731
3
503 3362 1094
1094 2577 1502
1502 5393 2731
3
503 3365 1706
1706 9213 2908
2908 5367 2731
2
503 3367 173
173 6245 2731
3
503 3369 2446
2446 3048 1611
1611 7799 2731
2
503 3371 1459
1459 6150 2731
2
503 3375 1758
1758 4270 2731
2
503 3376 2615
2615 6340 2731
2
503 3380 2389
2389 6006 2731
3
503 3410 2156
2156 4561 1456
1456 1600 2731
3
503 3427 2126
2126 209 1340
1340 3702 2731
2
503 3430 1055
1055 9489 2731
2
503 3432 154
154 2937 2731
2
503 3435 1254
1254 5709 2731
2
503 3449 41
41 1663 2731
2
503 3459 2547
2547 6492 2731
2
503 3480 2704
2704 7824 2731
2
503 3482 2331
2331 9283 2731
2
503 3497 1475
1475 6267 2731
2
503 3503 2043
2043 6086 2731
2
503 3509 2096
2096 4630 2731
3
503 3524 298
298 867 1066
1066 8444 2731
2
503 3558 2995
2995 1078 2731
2
503 3575 1519
1519 4846 2731
2
503 3578 2511
2511 9171 2731
2
503 3582 948
948 5160 2731
2
503 3601 1748
1748 2567 2731
2
503 3604 2826
2826 7292 2731
3
503 3607 950
950 226 2919
2919 8433 2731
2
503 3609 2385
2385 9934 2731
2
503 3614 2505
2505 3544 2731
2
503 3624 1700
1700 1675 2731
3
503 3626 2711
2711 2201 590
590 9312 2731
3
503 3628 196
196 2660 450
450 8610 2731
2
503 3636 2923
2923 3001 2731
3
503 3637 564
564 3569 1928
1928 2599 2731
3
503 3639 600
600 7393 2940
2940 3189 2731
3
503 3653 2008
2008 8455 2249
2249 7576 2731
2
503 3654 1698
1698 9418 2731
3
503 3663 418
418 4751 983
983 6357 2731
3
503 3664 1105
1105 8638 327
327 1652 2731
3
503 3665 2108
2108 4368 588
588 6080 2731
3
503 3678 1925
1925 7440 1454
1454 4164 2731
2
503 3690 1495
1495 7438 2731
2
503 3709 62
62 7585 2731
3
503 3710 1795
1795 2081 2476
2476 8237 2731
2
503 3712 1184
1184 6686 2731
3
503 3718 2342
2342 4325 1355
1355 2950 2731
2
503 3731 1687
1687 6676 2731
2
503 3734 2578
2578 67 2731
2
503 3736 2796
2796 4165 2731
2
503 3761 2802
2802 8633 2731
2
503 3771 204
204 93 2731
2
503 3778 1400
1400 4596 2731
3
503 3782 2101
2101 2956 823
823 7138 2731
2
503 3783 2231
2231 6413 2731
2
503 3794 429
429 3170 2731
2
503 3795 1461
1461 8232 2731
2
503 3805 2648
2648 7268 2731
2
503 3814 2086
2086 3605 2731
3
503 3819 1403
1403 6479 551
551 4365 2731
2
503 3821 1688
1688 7948 2731
2
503 3824 139
139 7293 2731
2
503 3825 2864
2864 2210 2731
2
503 3831 2289
2289 9879 2731
2
503 3832 1186
1186 882 2731
2
503 3849 67
67 2093 2731
3
503 3859 449
449 9936 2855
2855 99 2731
2
503 3861 2197
2197 2861 2731
2
503 3862 517
517 8644 2731
2
503 3886 474
474 6877 2731
3
503 3908 386
386 3295 925
925 8116 2731
3
503 3911 2288
2288 1151 437
437 3005 2731
2
503 3921 338
338 2179 2731
2
503 3941 2870
2870 8223 2731
2
503 3942 2943
2943 2427 2731
3
503 3949 2567
2567 8289 2725
2725 624 2731
2
503 3950 1694
1694 1602 2731
3
503 3957 333
333 1312 1236
1236 7954 2731
2
503 3963 2542
2542 3434 2731
2
503 3974 2178
2178 544 2731
2
503 3976 2680
2680 7909 2731
2
503 4008 2135
2135 9302 2731
2
503 4012 130
130 4878 2731
3
503 4018 1885
1885 7512 2749
2749 9592 2731
2
503 4029 2246
2246 1176 2731
2
503 4033 12
12 2356 2731
2
503 4034 1205
1205 9327 2731
2
503 4035 1444
1444 7706 2731
3
503 4047 2223
2223 9651 2152
2152 781 2731
2
503 4053 2324
2324 8068 2731
2
503 4056 1622
1622 3478 2731
2
503 4076 1101
1101 5975 2731
2
503 4079 1379
1379 5018 2731
2
503 4086 409
409 541 2731
3
503 4092 762
762 5103 2147
2147 9371 2731
2
503 4094 2142
2142 762 2731
2
503 4095 547
547 9413 2731
2
503 4097 2163
2163 818 2731
2
503 4100 2971
2971 9050 2731
3
503 4106 1112
1112 2348 730
730 7049 2731
2
503 4114 2907
2907 1755 2731
2
503 4116 1319
1319 9360 2731
3
503 4117 2619
2619 7699 1455
1455 9060 2731
2
503 4130 2430
2430 8885 2731
2
503 4134 1820
1820 3258 2731
2
503 4139 323
323 1892 2731
2
503 4155 579
579 6397 2731
2
503 4159 39
39 2847 2731
3
503 4168 2852
2852 9065 852
852 5931 2731
2
503 4179 42
42 9429 2731
2
503 4188 2478
2478 294 2731
3
503 4193 1511
1511 330 2953
2953 7061 2731
3
503 4212 1001
1001 4805 246
246 1017 2731
3
503 4215 66
66 206 2085
2085 1315 2731
2
503 4216 1297
1297 2729 2731
2
503 4225 1423
1423 6550 2731
3
503 4226 2810
2810 425 2986
2986 5984 2731
2
503 4228 1935
1935 6573 2731
2
503 4230 460
460 8813 2731
2
503 4232 2443
2443 3251 2731
3
503 4233 47
47 2855 887
887 1499 2731
3
503 4236 1056
1056 7516 2157
2157 6567 2731
3
503 4241 2473
2473 1301 287
287 5269 2731
2
503 4249 2207
2207 6569 2731
3
503 4274 2112
2112 859 2002
2002 9419 2731
2
503 4277 2941
2941 315 2731
2
503 4278 1566
1566 8333 2731
3
503 4281 597
597 6399 2679
2679 2844 2731
2
503 4283 2426
2426 6209 2731
2
503 4297 1947
1947 8837 2731
2
503 4298 469
469 6416 2731
2
503 4315 14
14 92 2731
2
503 4327 888
888 4227 2731
2
503 4328 1193
1193 6354 2731
3
503 4330 84
84 276 2293
2293 5883 2731
2
503 4331 1392
1392 4417 2731
2
503 4345 2214
2214 34 2731
2
503 4349 434
434 1013 2731
3
503 4370 1336
1336 5195 1294
1294 1382 2731
3
503 4383 943
943 7851 2642
2642 9125 2731
2
503 4387 790
790 1688 2731
2
503 4400 99
99 1938 2731
3
503 4423 1809
1809 5429 918
918 4111 2731
2
503 4430 1613
1613 5303 2731
3
503 4433 2193
2193 5467 64
64 4467 2731
2
503 4448 596
596 5525 2731
3
503 4455 2580
2580 9285 2358
2358 6646 2731
2
503 4461 2781
2781 4339 2731
2
503 4466 2480
2480 9858 2731
2
503 4489 2107
2107 914 2731
2
503 4491 72
72 5191 2731
2
503 4497 105
105 8933 2731
2
503 4499 1868
1868 1557 2731
3
503 4523 2890
2890 1819 615
615 9444 2731
2
503 4528 1526
1526 6970 2731
3
503 4551 1359
1359 4803 953
953 980 2731
2
503 4553 2172
2172 5016 2731
2
503 4555 2316
2316 3752 2731
2
503 4562 679
679 3404 2731
2
503 4567 2806
2806 5244 2731
2
503 4580 2621
2621 8227 2731
3
503 4583 808
808 799 15
15 6742 2731
2
503 4607 2837
2837 7542 2731
2
503 4629 1074
1074 6023 2731
2
503 4637 1863
1863 9009 2731
3
503 4648 2926
2926 3374 2149
2149 7957 2731
2
503 4655 1248
1248 8325 2731
2
503 4663 306
306 5250 2731
2
503 4664 1450
1450 4566 2731
3
503 4685 2048
2048 394 1462
1462 2620 2731
2
503 4692 1382
1382 3837 2731
2
503 4698 92
92 4915 2731
2
503 4702 2090
2090 7002 2731
2
503 4703 2734
2734 7555 2731
3
503 4707 213
213 7917 910
910 5635 2731
2
503 4714 1990
1990 1617 2731
2
503 4721 272
272 7114 2731
2
503 4734 512
512 2970 2731
2
503 4739 617
617 24 2731
2
503 4740 535
535 4608 2731
3
503 4749 2799
2799 754 2123
2123 1748 2731
2
503 4756 129
129 5225 2731
2
503 4757 2344
2344 6630 2731
3
503 4782 2314
2314 5562 2274
2274 6662 2731
3
503 4783 1189
1189 6714 814
814 7417 2731
2
503 4792 537
537 1008 2731
2
503 4795 1567
1567 9690 2731
2
503 4817 1812
1812 2264 2731
2
503 4821 2961
2961 3491 2731
2
503 4822 1364
1364 2296 2731
2
503 4834 202
202 1551 2731
2
503 4840 2942
2942 9981 2731
2
503 4855 1778
1778 2591 2731
2
503 4856 186
186 7094 2731
2
503 4863 2712
2712 4093 2731
2
503 4865 1607
1607 571 2731
2
503 4866 1434
1434 609 2731
2
503 4881 1956
1956 4051 2731
3
503 4885 1067
1067 5055 1098
1098 8037 2731
4
503 4888 2159
2159 9433 1020
1020 442 1601
1601 2343 2731
2
503 4903 899
899 2145 2731
3
503 4906 2309
2309 5983 2973
2973 3174 2731
3
503 4910 649
649 5377 2549
2549 8481 2731
2
503 4926 2522
2522 9949 2731
3
503 4933 198
198 3159 602
602 7776 2731
3
503 4960 339
339 256 398
398 4901 2731
2
503 4975 842
842 8533 2731
3
503 4978 995
995 5979 1548
1548 4649 2731
2
503 4985 1815
1815 3845 2731
3
503 4989 828
828 3668 2421
2421 6880 2731
2
503 4992 2715
2715 5087 2731
2
503 5015 2386
2386 7752 2731
3
503 5017 1603
1603 2525 850
850 5184 2731
3
503 5019 2819
2819 2579 179
179 7654 2731
2
503 5024 1537
1537 8887 2731
2
503 5026 2724
2724 6774 2731
2
503 5027 223
223 7339 2731
2
503 5030 1553
1553 9374 2731
2
503 5038 2367
2367 6424 2731
3
503 5041 1152
1152 351 1792
1792 591 2731
2
503 5042 2553
2553 9910 2731
3
503 5044 308
308 9456 2598
2598 9719 2731
3
503 5045 2688
2688 4575 644
644 9052 2731
3
503 5062 1531
1531 3951 2053
2053 7827 2731
2
503 5071 507
507 6121 2731
2
503 5073 2771
2771 4127 2731
2
503 5080 2282
2282 828 2731
3
503 5095 2748
2748 9814 522
522 6199 2731
2
503 5097 102
102 2865 2731
2
503 5105 866
866 432 2731
2
503 5107 1222
1222 2766 2731
2
503 5109 2744
2744 6165 2731
2
503 5120 2589
2589 4302 2731
2
503 5122 880
880 714 2731
2
503 5125 1589
1589 4935 2731
2
503 5129 1231
1231 840 2731
3
503 5135 2883
2883 7062 1938
1938 3034 2731
2
503 5151 2378
2378 2177 2731
2
503 5153 531
531 5592 2731
2
503 5154 1328
1328 6942 2731
2
503 5156 969
969 3903 2731
2
503 5159 170
170 2080 2731
3
503 5180 1343
1343 8411 2056
2056 6724 2731
2
503 5183 654
654 6794 2731
2
503 5200 784
784 1352 2731
2
503 5204 2198
2198 1297 2731
2
503 5205 1217
1217 1462 2731
2
503 5207 189
189 5824 2731
2
503 5208 775
775 1027 2731
3
503 5216 1942
1942 1945 1538
1538 1772 2731
3
503 5218 2519
2519 8007 2379
2379 2507 2731
2
503 5227 393
393 4565 2731
2
503 5241 908
908 2430 2731
2
503 5245 264
264 3982 2731
3
503 5246 192
192 5261 587
587 7167 2731
2
503 5247 1286
1286 8217 2731
3
503 5249 2956
2956 3124 612
612 5499 2731
2
503 5259 348
348 6028 2731
2
503 5272 1888
1888 5308 2731
2
503 5273 1469
1469 6908 2731
2
503 5289 194
194 3925 2731
2
503 5296 1041
1041 8809 2731
5
503 5305 1926
1926 8353 1919
1919 2610 2978
2978 4219 356
356 2106 2731
2
503 5330 865
865 2873 2731
2
503 5334 1281
1281 3671 2731
2
503 5340 2088
2088 1923 2731
3
503 5343 1579
1579 2545 331
331 9260 2731
3
503 5356 704
704 5718 1568
1568 8673 2731
2
503 5359 1665
1665 8327 2731
3
503 5375 2920
2920 9914 1300
1300 3667 2731
2
503 5380 546
546 5364 2731
2
503 5384 1930
1930 5859 2731
3
503 5392 963
963 817 2364
2364 8888 2731
2
503 5394 1182
1182 9761 2731
2
503 5397 2254
2254 4770 2731
2
503 5409 1828
1828 2671 2731
2
503 5411 2220
2220 5108 2731
2
503 5416 2568
2568 3408 2731
2
503 5417 1486
1486 3856 2731
2
503 5425 2276
2276 1995 2731
3
503 5434 1227
1227 9002 1702
1702 824 2731
2
503 5436 1993
1993 8556 2731
2
503 5441 2562
2562 3145 2731
3
503 5450 1532
1532 5236 2000
2000 9917 2731
2
503 5454 2484
2484 1773 2731
3
503 5465 2411
2411 2846 1955
1955 319 2731
2
503 5469 2456
2456 8972 2731
2
503 5470 2168
2168 3138 2731
2
503 5476 2348
2348 4288 2731
3
503 5477 2783
2783 398 1226
1226 3460 2731
3
503 5490 1173
1173 6411 2006
2006 4764 2731
2
503 5497 2661
2661 2854 2731
2
503 5501 1736
1736 3962 2731
2
503 5503 1986
1986 7969 2731
2
503 5511 1641
1641 30 2731
2
503 5513 1898
1898 4920 2731
2
503 5523 611
611 5879 2731
3
503 5528 652
652 3959 160
160 6284 2731
3
503 5531 2398
2398 6560 29
29 9670 2731
2
503 5538 714
714 9274 2731
2
503 5558 1674
1674 7531 2731
2
503 5561 2306
2306 9293 2731
2
503 5574 2713
2713 6700 2731
2
503 5583 2683
2683 5518 2731
3
503 5584 2637
2637 6983 1755
1755 6739 2731
3
503 5586 231
231 2284 1957
1957 1390 2731
2
503 5587 2945
2945 643 2731
3
503 5601 2299
2299 2473 2582
2582 9889 2731
2
503 5605 2625
2625 3836 2731
2
503 5606 1230
1230 4713 2731
2
503 5609 2803
2803 7888 2731
2
503 5616 2352
2352 7556 2731
2
503 5617 1910
1910 2300 2731
2
503 5632 375
375 9306 2731
2
503 5633 2057
2057 9552 2731
3
503 5640 2739
2739 359 1915
1915 3106 2731
2
503 5646 2658
2658 1953 2731
2
503 5647 2599
2599 2057 2731
2
503 5651 1600
1600 6087 2731
2
503 5652 2037
2037 1826 2731
3
503 5658 2467
2467 9384 851
851 6493 2731
2
503 5659 1333
1333 7323 2731
2
503 5675 188
188 9430 2731
2
503 5677 275
275 3327 2731
3
503 5680 1441
1441 4647 91
91 232 2731
3
503 5687 1318
1318 5548 1592
1592 9618 2731
2
503 5697 516
516 81 2731
2
503 5699 353
353 6405 2731
2
503 5702 215
215 9906 2731
2
503 5704 121
121 9140 2731
2
503 5719 303
303 8295 2731
2
503 5725 2786
2786 7736 2731
2
503 5733 2338
2338 1708 2731
2
503 5758 1245
1245 7855 2731
3
503 5762 297
297 3681 1861
1861 5985 2731
2
503 5775 2630
2630 6496 2731
2
503 5791 582
582 4307 2731
3
503 5801 2964
2964 525 1099
1099 3539 2731
2
503 5803 127
127 4595 2731
2
503 5813 1148
1148 3657 2731
2
503 5815 1160
1160 7045 2731
2
503 5817 316
316 2487 2731
3
503 5818 1969
1969 3714 2946
2946 4042 2731
2
503 5836 1994
1994 6021 2731
3
503 5839 88
88 485 1085
1085 9663 2731
2
503 5844 2453
2453 9857 2731
2
503 5848 1081
1081 8287 2731
2
503 5849 1549
1549 5768 2731
2
503 5853 1640
1640 1726 2731
2
503 5856 1295
1295 8793 2731
2
503 5889 1378
1378 1917 2731
2
503 5912 508
508 2203 2731
2
503 5920 2526
2526 6516 2731
2
503 5923 277
277 9876 2731
2
503 5926 2413
2413 2328 2731
2
503 5934 155
155 9973 2731
2
503 5936 2999
2999 8990 2731
2
503 5938 369
369 3834 2731
2
503 5948 2457
2457 2050 2731
3
503 5957 8
8 4981 136
136 2428 2731
2
503 5962 581
581 8881 2731
3
503 5964 1419
1419 1502 2969
2969 4995 2731
2
503 5966 614
614 7278 2731
3
503 5971 2099
2099 2944 806
806 9363 2731
3
503 5974 2229
2229 9248 1377
1377 4799 2731
3
503 5995 913
913 2370 2647
2647 3447 2731
2
503 5996 1330
1330 9008 2731
2
503 6002 1093
1093 523 2731
3
503 6003 404
404 3804 1825
1825 9834 2731
3
503 6004 141
141 6903 408
408 4437 2731
3
503 6008 1722
1722 388 1325
1325 5257 2731
2
503 6017 1513
1513 4506 2731
3
503 6032 428
428 4514 2375
2375 2058 2731
3
503 6042 1206
1206 4563 598
598 8036 2731
3
503 6056 817
817 8123 1252
1252 1320 2731
3
503 6057 1670
1670 6384 2900
2900 3615 2731
2
503 6060 804
804 9464 2731
2
503 6062 1075
1075 2584 2731
3
503 6081 696
696 357 874
874 7866 2731
2
503 6082 1106
1106 3760 2731
2
503 6090 1048
1048 6899 2731
3
503 6094 1005
1005 8073 554
554 8907 2731
2
503 6101 1844
1844 8578 2731
3
503 6109 902
902 9723 2904
2904 1698 2731
3
503 6122 2561
2561 5194 1869
1869 4632 2731
2
503 6126 2527
2527 7347 2731
3
503 6136 1890
1890 1965 1237
1237 8426 2731
3
503 6147 2790
2790 5270 716
716 6489 2731
2
503 6171 1407
1407 7479 2731
2
503 6173 2735
2735 1620 2731
3
503 6185 1176
1176 4485 2893
2893 408 2731
2
503 6198 844
844 144 2731
2
503 6214 131
131 9706 2731
2
503 6223 731
731 8615 2731
5
503 6227 1128
1128 5000 1479
1479 7073 2707
2707 6924 1671
1671 6601 2731
2
503 6228 1016
1016 9787 2731
2
503 6234 1007
1007 362 2731
3
503 6243 1764
1764 4695 2656
2656 5116 2731
2
503 6249 838
838 5922 2731
2
503 6251 2235
2235 6039 2731
2
503 6257 396
396 7862 2731
2
503 6259 1747
1747 8752 2731
2
503 6266 2483
2483 9420 2731
2
503 6272 2110
2110 8443 2731
2
503 6285 1360
1360 814 2731
3
503 6294 1660
1660 6138 2132
2132 575 2731
2
503 6300 921
921 2776 2731
2
503 6319 1725
1725 9141 2731
2
503 6336 168
168 4087 2731
2
503 6337 2187
2187 4525 2731
2
503 6344 2906
2906 1239 2731
3
503 6345 1639
1639 2464 2441
2441 4314 2731
3
503 6352 1760
1760 311 646
646 4557 2731
2
503 6355 1356
1356 7868 2731
2
503 6380 2166
2166 4620 2731
3
503 6386 1837
1837 6988 1655
1655 6141 2731
2
503 6390 933
933 1585 2731
3
503 6394 1963
1963 6497 1035
1035 9119 2731
2
503 6401 1946
1946 5695 2731
2
503 6415 28
28 8273 2731
3
503 6433 1476
1476 9364 2609
2609 7517 2731
2
503 6441 1253
1253 7938 2731
3
503 6445 1440
1440 8458 2211
2211 738 2731
2
503 6447 1879
1879 7351 2731
2
503 6450 773
773 5742 2731
3
503 6451 1546
1546 3007 931
931 4434 2731
3
503 6461 1734
1734 390 1357
1357 2644 2731
2
503 6464 624
624 2942 2731
2
503 6468 2815
2815 9267 2731
2
503 6471 2427
2427 8331 2731
3
503 6481 1063
1063 530 1242
1242 146 2731
2
503 6484 2807
2807 5382 2731
3
503 6494 1717
1717 4773 1860
1860 2751 2731
3
503 6510 1028
1028 6532 2341
2341 6139 2731
2
503 6513 1134
1134 4163 2731
2
503 6515 2438
2438 7391 2731
6
503 6517 9
9 3688 622
622 2154 2499
2499 2560 1735
1735 2461 65
65 4152 2731
2
503 6541 1270
1270 4015 2731
2
503 6548 1241
1241 2933 2731
2
503 6551 1191
1191 8407 2731
3
503 6552 354
354 8449 2206
2206 948 2731
5
503 6554 2618
2618 2092 2626
2626 4191 2150
2150 288 2766
2766 3413 2731
2
503 6555 946
946 6366 2731
2
503 6565 1649
1649 9648 2731
3
503 6571 2393
2393 1196 212
212 5379 2731
2
503 6583 770
770 4003 2731
3
503 6592 2078
2078 8998 1149
1149 3977 2731
2
503 6593 2759
2759 482 2731
2
503 6604 1394
1394 29 2731
3
503 6608 2834
2834 5433 322
322 6369 2731
3
503 6609 1046
1046 6473 2793
2793 2903 2731
2
503 6615 1999
1999 2135 2731
2
503 6618 2404
2404 1198 2731
2
503 6622 476
476 8254 2731
2
503 6624 2635
2635 9155 2731
3
503 6629 2060
2060 6053 1908
1908 722 2731
2
503 6634 585
585 3235 2731
3
503 6637 260
260 568 1704
1704 5387 2731
2
503 6645 2705
2705 9959 2731
3
503 6648 1366
1366 7146 1554
1554 3239 2731
2
503 6650 1711
1711 5401 2731
2
503 6653 2069
2069 9295 2731
2
503 6658 1335
1335 3409 2731
2
503 6661 1515
1515 1713 2731
2
503 6663 2068
2068 716 2731
2
503 6684 2431
2431 8763 2731
2
503 6692 720
720 6279 2731
2
503 6703 2079
2079 6092 2731
2
503 6704 2743
2743 1605 2731
3
503 6715 1733
1733 933 733
733 7514 2731
2
503 6732 144
144 2277 2731
2
503 6735 748
748 4268 2731
3
503 6737 727
727 5123 1447
1447 4373 2731
2
503 6740 2081
2081 2638 2731
3
503 6751 1997
1997 1587 1292
1292 9554 2731
2
503 6752 2050
2050 4625 2731
2
503 6762 2371
2371 9463 2731
2
503 6765 2039
2039 9821 2731
2
503 6766 2332
2332 5581 2731
2
503 6768 2820
2820 7840 2731
3
503 6778 2077
2077 3576 2531
2531 346 2731
2
503 6789 1251
1251 6149 2731
2
503 6790 1188
1188 9912 2731
2
503 6797 226
226 8166 2731
2
503 6798 383
383 5064 2731
3
503 6811 2996
2996 8046 2503
2503 2526 2731
3
503 6814 1857
1857 9627 2345
2345 7705 2731
3
503 6815 835
835 3545 328
328 3385 2731
2
503 6825 236
236 2019 2731
2
503 6829 1238
1238 7633 2731
2
503 6830 2054
2054 7598 2731
2
503 6848 1161
1161 5797 2731
2
503 6851 2024
2024 6875 2731
3
503 6853 2515
2515 601 2822
2822 8429 2731
3
503 6868 1737
1737 3549 2315
2315 944 2731
2
503 6869 1439
1439 1011 2731
3
503 6873 483
483 1653 2381
2381 7746 2731
3
503 6888 1373
1373 7983 317
317 660 2731
2
503 6890 2957
2957 5921 2731
2
503 6902 2514
2514 3133 2731
3
503 6907 1855
1855 7458 945
945 2839 2731
2
503 6915 1615
1615 5533 2731
3
503 6917 981
981 8937 49
49 8880 2731
2
503 6923 2835
2835 7446 2731
3
503 6926 1103
1103 9637 1197
1197 6311 2731
2
503 6928 2517
2517 9896 2731
2
503 6932 443
443 3708 2731
2
503 6937 1682
1682 5203 2731
2
503 6940 2594
2594 6283 2731
2
503 6941 2319
2319 5260 2731
2
503 6943 892
892 5066 2731
2
503 6946 1389
1389 239 2731
3
503 6971 671
671 8296 2579
2579 5084 2731
2
503 6972 2692
2692 1384 2731
3
503 6976 765
765 1466 975
975 6844 2731
2
503 6982 101
101 7751 2731
2
503 7006 641
641 3169 2731
2
503 7016 1920
1920 827 2731
2
503 7025 2440
2440 2388 2731
2
503 7032 884
884 8135 2731
2
503 7033 650
650 176 2731
3
503 7035 1470
1470 6717 2808
2808 7405 2731
2
503 7038 2261
2261 8459 2731
2
503 7052 2325
2325 5235 2731
2
503 7057 1681
1681 5884 2731
2
503 7060 1104
1104 7168 2731
3
503 7063 2327
2327 6180 178
178 1739 2731
2
503 7076 1033
1033 8924 2731
2
503 7079 421
421 3315 2731
2
503 7088 2434
2434 1873 2731
3
503 7089 2825
2825 2471 754
754 6867 2731
2
503 7095 217
217 1615 2731
3
503 7100 1260
1260 4597 2654
2654 2646 2731
3
503 7101 76
76 3606 2671
2671 7084 2731
2
503 7103 2194
2194 9847 2731
3
503 7106 1429
1429 2175 379
379 4096 2731
2
503 7118 1583
1583 4009 2731
2
503 7126 2116
2116 6660 2731
2
503 7140 2684
2684 5152 2731
2
503 7154 1673
1673 518 2731
3
503 7156 1902
1902 1828 2491
2491 4582 2731
3
503 7159 710
710 9362 496
496 9736 2731
3
503 7160 365
365 8047 1595
1595 5954 2731
2
503 7164 722
722 8852 2731
2
503 7170 2535
2535 1283 2731
3
503 7180 40
40 6273 110
110 2807 2731
3
503 7182 442
442 9072 115
115 6248 2731
2
503 7184 401
401 4766 2731
2
503 7188 2563
2563 9415 2731
3
503 7195 2611
2611 8940 949
949 9883 2731
2
503 7202 540
540 8731 2731
7
503 7211 2974
2974 2739 631
631 3363 2513
2513 2510 893
893 2772 1021
1021 8689 811
811 7361 2731
3
503 7214 1442
1442 5800 1646
1646 1304 2731
2
503 7222 545
545 1454 2731
3
503 7228 2628
2628 8351 2017
2017 1771 2731
2
503 7250 1517
1517 3662 2731
2
503 7254 52
52 7251 2731
3
503 7257 629
629 7980 2244
2244 2317 2731
2
503 7260 2714
2714 9731 2731
3
503 7264 668
668 4372 1771
1771 3984 2731
3
503 7269 341
341 6462 1653
1653 1765 2731
3
503 7271 2947
2947 3912 543
543 4626 2731
2
503 7272 1311
1311 4521 2731
2
503 7273 46
46 7701 2731
2
503 7281 1945
1945 7611 2731
3
503 7282 1543
1543 8629 527
527 4754 2731
2
503 7286 703
703 4927 2731
2
503 7290 2856
2856 1399 2731
2
503 7302 211
211 6278 2731
2
503 7303 1642
1642 371 2731
2
503 7304 466
466 3964 2731
2
503 7315 228
228 7502 2731
2
503 7318 1980
1980 6034 2731
3
503 7319 74
74 4829 904
904 7224 2731
3
503 7328 2019
2019 231 1677
1677 4484 2731
3
503 7337 1453
1453 3031 1616
1616 9109 2731
3
503 7362 175
175 4410 33
33 773 2731
3
503 7369 1730
1730 4953 1744
1744 2475 2731
3
503 7370 158
158 1188 977
977 2046 2731
2
503 7373 603
603 8375 2731
2
503 7378 1017
1017 6019 2731
2
503 7384 2605
2605 5390 2731
2
503 7389 2629
2629 5233 2731
2
503 7403 2612
2612 4515 2731
2
503 7422 2530
2530 5645 2731
2
503 7430 898
898 7059 2731
3
503 7432 878
878 8070 1932
1932 8804 2731
2
503 7449 289
289 9926 2731
2
503 7462 1924
1924 1683 2731
2
503 7465 1473
1473 2301 2731
2
503 7466 1776
1776 223 2731
3
503 7472 1756
1756 80 2448
2448 8811 2731
2
503 7476 253
253 8368 2731
2
503 7478 374
374 3500 2731
2
503 7484 1650
1650 4613 2731
2
503 7491 359
359 9076 2731
2
503 7493 459
459 8573 2731
3
503 7521 1875
1875 4841 1507
1507 5860 2731
3
503 7532 1810
1810 5909 243
243 7844 2731
3
503 7535 1838
1838 1233 959
959 2256 2731
2
503 7540 680
680 9080 2731
2
503 7552 640
640 5790 2731
2
503 7572 2481
2481 8525 2731
2
503 7577 2109
2109 3201 2731
2
503 7579 1445
1445 7218 2731
2
503 7581 2639
2639 5981 2731
2
503 7594 360
360 9748 2731
2
503 7597 1887
1887 5672 2731
3
503 7603 1369
1369 6174 2242
2242 9786 2731
2
503 7604 2915
2915 6574 2731
3
503 7606 1774
1774 3252 2587
2587 6099 2731
3
503 7608 881
881 2710 2087
2087 3568 2731
2
503 7612 2607
2607 7107 2731
3
503 7614 967
967 4362 843
843 3526 2731
2
503 7617 1690
1690 4001 2731
3
503 7623 2328
2328 9537 1467
1467 8749 2731
3
503 7630 2537
2537 1808 1766
1766 1240 2731
2
503 7641 71
71 6213 2731
3
503 7649 1846
1846 8288 1406
1406 8228 2731
2
503 7650 989
989 5935 2731
2
503 7661 248
248 4311 2731
3
503 7672 1678
1678 3570 343
343 9056 2731
3
503 7684 2583
2583 747 860
860 438 2731
3
503 7689 2649
2649 2134 684
684 8410 2731
2
503 7704 1602
1602 2829 2731
2
503 7707 259
259 2252 2731
2
503 7719 695
695 7505 2731
4
503 7741 501
501 2206 299
299 7645 325
325 7157 2731
2
503 7745 506
506 7320 2731
2
503 7748 737
737 7593 2731
3
503 7757 1954
1954 5706 1544
1544 2756 2731
3
503 7770 660
660 7447 1933
1933 1128 2731
3
503 7774 1966
1966 3066 841
841 8072 2731
2
503 7784 1008
1008 61 2731
3
503 7785 222
222 8603 1018
1018 6863 2731
2
503 7791 2606
2606 9450 2731
2
503 7806 2245
2245 1854 2731
3
503 7813 452
452 8775 1599
1599 3643 2731
2
503 7815 142
142 9538 2731
2
503 7816 705
705 9599 2731
3
503 7825 1666
1666 217 499
499 2742 2731
3
503 7831 1975
1975 5911 2516
2516 7414 2731
2
503 7837 2967
2967 5630 2731
2
503 7838 663
663 6864 2731
2
503 7863 261
261 6779 2731
2
503 7867 1635
1635 761 2731
3
503 7873 864
864 4144 1656
1656 2112 2731
3
503 7874 2843
2843 4041 1058
1058 4081 2731
2
503 7885 2119
2119 5896 2731
2
503 7889 1087
1087 3456 2731
2
503 7907 2624
2624 7335 2731
2
503 7913 1285
1285 4481 2731
2
503 7939 2320
2320 869 2731
2
503 7942 1721
1721 6709 2731
3
503 7943 1709
1709 6886 378
378 659 2731
2
503 7984 1282
1282 9451 2731
2
503 7989 1115
1115 3222 2731
3
503 7990 364
364 342 1871
1871 7618 2731
2
503 7992 2691
2691 4998 2731
3
503 8011 2780
2780 4508 1644
1644 1834 2731
2
503 8020 2219
2219 1412 2731
2
503 8026 1620
1620 6475 2731
3
503 8027 1013
1013 4697 2437
2437 9937 2731
3
503 8045 2546
2546 1599 1643
1643 4118 2731
2
503 8050 495
495 4391 2731
2
503 8054 1832
1832 4676 2731
2
503 8076 2356
2356 2211 2731
3
503 8078 1606
1606 6486 2987
2987 522 2731
2
503 8097 786
786 7437 2731
2
503 8099 1296
1296 3489 2731
3
503 8103 2055
2055 4428 1316
1316 8625 2731
3
503 8104 966
966 7667 1050
1050 7716 2731
2
503 8105 2922
2922 6208 2731
2
503 8107 1025
1025 3135 2731
2
503 8114 2753
2753 6801 2731
2
503 8121 869
869 7144 2731
2
503 8126 1905
1905 2295 2731
3
503 8128 182
182 3647 1916
1916 6178 2731
3
503 8130 2269
2269 5750 1782
1782 3204 2731
2
503 8133 1027
1027 82 2731
2
503 8136 104
104 3060 2731
6
503 8152 1135
1135 1627 1283
1283 4825 872
872 1300 792
792 212 2357
2357 1527 2731
2
503 8160 550
550 8172 2731
2
503 8161 159
159 830 2731
3
503 8165 2730
2730 3704 1489
1489 1618 2731
2
503 8167 2016
2016 7758 2731
3
503 8181 954
954 7928 2981
2981 3842 2731
3
503 8198 626
626 9336 2066
2066 4857 2731
2
503 8206 755
755 7200 2731
2
503 8207 675
675 2420 2731
3
503 8215 1797
1797 8348 2377
2377 4187 2731
2
503 8219 1073
1073 3705 2731
3
503 8221 1680
1680 2516 2271
2271 7248 2731
2
503 8225 2570
2570 1388 2731
2
503 8234 1405
1405 3458 2731
2
503 8239 1984
1984 9380 2731
3
503 8249 1906
1906 2691 923
923 3388 2731
2
503 8257 183
183 4421 2731
2
503 8258 63
63 8767 2731
3
503 8261 2312
2312 622 2979
2979 5927 2731
3
503 8275 2202
2202 5223 2162
2162 8569 2731
2
503 8276 147
147 6015 2731
3
503 8285 742
742 6130 909
909 2270 2731
2
503 8292 1658
1658 5137 2731
2
503 8298 1791
1791 1849 2731
3
503 8302 2831
2831 5825 206
206 2055 2731
2
503 8304 1874
1874 3630 2731
2
503 8319 2105
2105 5285 2731
3
503 8323 1628
1628 4337 1883
1883 9355 2731
2
503 8339 1738
1738 5952 2731
2
503 8340 885
885 5452 2731
2
503 8349 1044
1044 9101 2731
2
503 8350 234
234 9426 2731
3
503 8365 2782
2782 8356 1485
1485 5413 2731
3
503 8369 318
318 5519 530
530 7344 2731
2
503 8377 137
137 9100 2731
2
503 8379 746
746 439 2731
2
503 8383 2746
2746 8897 2731
3
503 8389 2952
2952 7924 523
523 1307 2731
2
503 8400 937
937 9633 2731
2
503 8406 486
486 7773 2731
2
503 8408 1494
1494 6625 2731
2
503 8412 2296
2296 1509 2731
2
503 8421 1228
1228 3632 2731
3
503 8427 1686
1686 9289 2089
2089 4321 2731
2
503 8430 205
205 2914 2731
3
503 8431 2262
2262 5547 43
43 6048 2731
2
503 8432 2617
2617 9414 2731
2
503 8438 2423
2423 1210 2731
2
503 8457 2390
2390 9493 2731
3
503 8460 1484
1484 3421 744
744 6572 2731
2
503 8461 2118
2118 9726 2731
2
503 8466 53
53 8256 2731
3
503 8471 122
122 417 2959
2959 1005 2731
2
503 8473 2165
2165 2755 2731
3
503 8482 1534
1534 5279 1408
1408 1335 2731
2
503 8485 2911
2911 884 2731
2
503 8495 1584
1584 5333 2731
2
503 8496 645
645 1656 2731
2
503 8500 2098
2098 2329 2731
2
503 8506 2334
2334 5809 2731
2
503 8507 2158
2158 6881 2731
2
503 8521 1415
1415 853 2731
3
503 8522 2998
2998 9118 1084
1084 9359 2731
2
503 8527 2265
2265 4305 2731
2
503 8534 1164
1164 3184 2731
2
503 8536 2727
2727 4074 2731
2
503 8542 241
241 5569 2731
3
503 8554 2120
2120 1040 2091
2091 8164 2731
2
503 8558 1341
1341 9152 2731
2
503 8559 781
781 4442 2731
2
503 8563 1550
1550 2480 2731
2
503 8571 1701
1701 9301 2731
2
503 8584 210
210 8976 2731
3
503 8589 2233
2233 5468 857
857 7584 2731
3
503 8605 2736
2736 4332 2015
2015 9498 2731
3
503 8608 1367
1367 4294 1235
1235 3557 2731
2
503 8613 1971
1971 1534 2731
2
503 8628 373
373 1886 2731
4
503 8631 2770
2770 7411 1457
1457 6534 2351
2351 2136 2731
2
503 8639 1949
1949 6840 2731
2
503 8640 2414
2414 7267 2731
2
503 8649 242
242 831 2731
2
503 8651 218
218 9840 2731
3
503 8654 2397
2397 8343 917
917 1327 2731
3
503 8661 1345
1345 6879 164
164 5887 2731
3
503 8662 2415
2415 6049 683
683 4828 2731
3
503 8670 1524
1524 577 438
438 8748 2731
3
503 8682 824
824 1905 2221
2221 1825 2731
3
503 8696 798
798 2782 358
358 9435 2731
2
503 8705 2121
2121 6036 2731
2
503 8712 2884
2884 1323 2731
2
503 8725 112
112 8447 2731
3
503 8729 941
941 6959 2148
2148 259 2731
2
503 8742 279
279 5074 2731
2
503 8750 604
604 7768 2731
3
503 8761 1645
1645 3936 37
37 5091 2731
2
503 8776 2761
2761 6203 2731
3
503 8778 2092
2092 2872 2797
2797 926 2731
2
503 8779 1767
1767 3952 2731
2
503 8783 2294
2294 1858 2731
3
503 8797 2524
2524 1367 655
655 1443 2731
2
503 8800 1618
1618 8416 2731
2
503 8805 2784
2784 505 2731
3
503 8807 2508
2508 4570 1961
1961 4896 2731
2
503 8814 2154
2154 5543 2731
2
503 8822 1575
1575 379 2731
2
503 8824 2777
2777 6145 2731
2
503 8827 161
161 787 2731
3
503 8833 2247
2247 4061 2337
2337 8773 2731
2
503 8835 1080
1080 2012 2731
3
503 8836 2581
2581 8424 2853
2853 4341 2731
3
503 8840 2962
2962 8825 2498
2498 3475 2731
3
503 8841 484
484 6303 382
382 468 2731
2
503 8847 1070
1070 7210 2731
2
503 8854 1109
1109 50 2731
3
503 8860 124
124 7964 861
861 5243 2731
2
503 8866 36
36 9091 2731
2
503 8869 454
454 3852 2731
2
503 8875 1210
1210 9571 2731
2
503 8876 7
7 7892 2731
3
503 8898 451
451 9692 1411
1411 9281 2731
2
503 8900 1136
1136 7047 2731
2
503 8901 1903
1903 3580 2731
2
503 8908 2041
2041 7730 2731
2
503 8912 935
935 6242 2731
2
503 8917 1831
1831 6124 2731
2
503 8918 2801
2801 2404 2731
2
503 8919 1632
1632 3811 2731
3
503 8921 1192
1192 5491 815
815 4899 2731
3
503 8923 1753
1753 3533 1829
1829 3994 2731
2
503 8926 639
639 9580 2731
2
503 8942 1279
1279 997 2731
3
503 8944 472
472 6968 662
662 6166 2731
2
503 8950 1843
1843 2341 2731
2
503 8958 1262
1262 8305 2731
2
503 8959 2932
2932 5532 2731
2
503 8965 419
419 1633 2731
2
503 8970 2317
2317 9652 2731
3
503 8974 1790
1790 4618 1224
1224 5956 2731
2
503 8978 541
541 4026 2731
3
503 8992 2013
2013 4245 2114
2114 3207 2731
3
503 8995 2204
2204 3677 1913
1913 8201 2731
3
503 9006 555
555 6511 2552
2552 2239 2731
2
503 9011 254
254 1853 2731
2
503 9015 1334
1334 2330 2731
2
503 9028 2082
2082 2374 2731
3
503 9032 1142
1142 1638 1851
1851 7145 2731
2
503 9033 2773
2773 6297 2731
3
503 9047 1907
1907 9104 1
1 7763 2731
2
503 9048 2897
2897 3519 2731
3
503 9049 1803
1803 2453 847
847 4257 2731
3
503 9051 575
575 27 2128
2128 651 2731
3
503 9059 903
903 7833 514
514 5766 2731
2
503 9067 839
839 3311 2731
2
503 9075 1129
1129 1275 2731
2
503 9077 1684
1684 1396 2731
2
503 9096 2330
2330 3618 2731
3
503 9097 1209
1209 4419 167
167 5099 2731
2
503 9098 947
947 8587 2731
3
503 9103 2160
2160 220 2525
2525 4197 2731
2
503 9105 1839
1839 1039 2731
2
503 9108 2470
2470 353 2731
2
503 9115 2720
2720 9788 2731
2
503 9120 2216
2216 5829 2731
2
503 9128 13
13 1710 2731
3
503 9138 2700
2700 1330 1668
1668 6973 2731
2
503 9139 1326
1326 8361 2731
3
503 9145 2501
2501 2304 1918
1918 8360 2731
2
503 9156 1992
1992 5556 2731
3
503 9159 140
140 4758 826
826 1514 2731
3
503 9160 1743
1743 5705 1520
1520 313 2731
3
503 9163 458
458 8851 1967
1967 5676 2731
2
503 9177 2827
2827 5599 2731
2
503 9188 2846
2846 2996 2731
2
503 9189 1569
1569 703 2731
3
503 9194 1573
1573 7619 2951
2951 6527 2731
2
503 9198 2794
2794 5875 2731
2
503 9201 461
461 332 2731
2
503 9202 627
627 8347 2731
2
503 9215 2646
2646 4143 2731
2
503 9220 462
462 2084 2731
2
503 9223 1268
1268 6642 2731
2
503 9229 1672
1672 1468 2731
2
503 9232 563
563 9199 2731
3
503 9233 2970
2970 1901 525
525 9548 2731
3
503 9241 2509
2509 5357 2660
2660 2574 2731
2
503 9245 1196
1196 8991 2731
2
503 9277 992
992 8378 2731
2
503 9279 2824
2824 2393 2731
2
503 9304 1571
1571 3793 2731
2
503 9307 1669
1669 4183 2731
2
503 9313 406
406 4300 2731
2
503 9317 2001
2001 6720 2731
5
503 9319 1715
1715 6747 713
713 4941 2180
2180 6782 1696
1696 8115 2731
3
503 9320 119
119 1522 1798
1798 8595 2731
3
503 9324 2593
2593 5276 692
692 3219 2731
2
503 9329 573
573 2024 2731
2
503 9340 2023
2023 2763 2731
3
503 9341 444
444 9465 938
938 3283 2731
3
503 9344 2641
2641 4815 1452
1452 1807 2731
2
503 9349 1214
1214 2851 2731
2
503 9357 1183
1183 3538 2731
3
503 9370 1822
1822 9369 2938
2938 5011 2731
2
503 9378 776
776 9280 2731
2
503 9389 930
930 4845 2731
2
503 9390 163
163 1030 2731
2
503 9397 549
549 7644 2731
3
503 9398 1780
1780 6268 489
489 6470 2731
2
503 9417 2182
2182 4968 2731
2
503 9437 1076
1076 2582 2731
2
503 9438 2011
2011 2513 2731
2
503 9448 2662
2662 7723 2731
2
503 9455 670
670 5603 2731
3
503 9461 2072
2072 6523 1749
1749 3560 2731
2
503 9468 2488
2488 3733 2731
3
503 9472 441
441 4958 332
332 3323 2731
2
503 9474 2857
2857 1062 2731
3
503 9477 780
780 6918 594
594 5990 2731
2
503 9484 498
498 8252 2731
2
503 9490 906
906 2793 2731
2
503 9491 1729
1729 4812 2731
2
503 9499 311
311 3304 2731
2
503 9504 848
848 9897 2731
2
503 9505 510
510 6963 2731
2
503 9512 1759
1759 3146 2731
2
503 9516 1177
1177 8376 2731
2
503 9521 315
315 4316 2731
2
503 9529 2966
2966 2558 2731
2
503 9539 294
294 7571 2731
2
503 9545 2040
2040 3586 2731
2
503 9546 2751
2751 765 2731
3
503 9550 271
271 5179 1243
1243 5870 2731
2
503 9558 1338
1338 8614 2731
3
503 9562 2889
2889 204 1651
1651 2397 2731
3
503 9565 1630
1630 5827 1386
1386 9780 2731
3
503 9572 1213
1213 7349 2603
2603 6666 2731
2
503 9575 108
108 3247 2731
2
503 9578 1246
1246 8009 2731
2
503 9585 1787
1787 1147 2731
2
503 9596 2633
2633 7261 2731
3
503 9598 2960
2960 8 2045
2045 3383 2731
4
503 9600 262
262 6037 690
690 5302 1621
1621 8371 2731
3
503 9607 1150
1150 6388 2143
2143 4066 2731
2
503 9615 1163
1163 1019 2731
2
503 9620 1718
1718 782 2731
2
503 9630 238
238 3744 2731
3
503 9635 2623
2623 6054 96
96 3922 2731
2
503 9641 753
753 6979 2731
3
503 9644 965
965 7920 751
751 4911 2731
3
503 9649 922
922 9763 914
914 8005 2731
3
503 9650 2520
2520 5634 682
682 1697 2731
2
503 9677 1623
1623 3854 2731
3
503 9681 2164
2164 2530 1894
1894 8711 2731
2
503 9693 1288
1288 4462 2731
3
503 9708 2673
2673 397 2910
2910 6590 2731
3
503 9710 1471
1471 5769 220
220 6577 2731
2
503 9712 1110
1110 6792 2731
2
503 9718 1539
1539 22 2731
2
503 9724 879
879 3496 2731
2
503 9735 2026
2026 4793 2731
3
503 9738 796
796 1543 2031
2031 4058 2731
2
503 9739 2141
2141 2214 2731
2
503 9741 2772
2772 7861 2731
2
503 9757 936
936 777 2731
3
503 9776 1518
1518 9832 1060
1060 1594 2731
2
503 9778 1695
1695 800 2731
2
503 9791 250
250 5136 2731
2
503 9796 2240
2240 284 2731
2
503 9798 2795
2795 2185 2731
3
503 9810 1026
1026 6537 2273
2273 8719 2731
2
503 9812 1605
1605 2717 2731
2
503 9813 1593
1593 4704 2731
2
503 9819 711
711 7508 2731
2
503 9822 1558
1558 1833 2731
2
503 9826 2047
2047 7225 2731
2
503 9830 658
658 1814 2731
3
503 9833 2597
2597 789 2719
2719 1831 2731
2
503 9836 1266
1266 104 2731
2
503 9837 1258
1258 2811 2731
2
503 9854 1799
1799 9941 2731
3
503 9859 1376
1376 9543 431
431 586 2731
3
503 9869 2468
2468 3334 397
397 9339 2731
2
503 9872 1664
1664 1474 2731
2
503 9884 859
859 9603 2731
2
503 9886 1194
1194 4814 2731
3
503 9888 628
628 8509 2913
2913 1752 2731
2
503 9918 227
227 375 2731
2
503 9925 2899
2899 6748 2731
3
503 9932 75
75 2774 2881
2881 9612 2731
2
503 9945 1269
1269 563 2731
2
503 9946 592
592 8602 2731
3
503 9948 1396
1396 252 886
886 9354 2731
2
503 9963 2270
2270 1570 2731
2
503 9969 1410
1410 4091 2731
3
503 9970 637
637 9027 1259
1259 9237 2731
2
503 9972 1329
1329 4871 2731
2
503 9976 2175
2175 2026 2731
2
503 9979 1510
1510 2467 2731
2
503 9987 2329
2329 265 2731
2
503 9993 1276
1276 7487 2731
