1500
2
1731 5 623
623 5502 49
2
1731 26 1774
1774 5916 49
2
1731 29 1172
1172 8349 49
3
1731 33 1175
1175 9638 2319
2319 2357 49
3
1731 36 2852
2852 6611 2918
2918 6162 49
2
1731 42 1361
1361 4636 49
2
1731 57 718
718 8149 49
2
1731 59 1106
1106 7934 49
3
1731 61 1975
1975 2828 634
634 7839 49
2
1731 78 92
92 4691 49
2
1731 124 260
260 8542 49
3
1731 129 399
399 1626 1387
1387 6250 49
2
1731 140 2613
2613 8949 49
2
1731 142 2090
2090 1963 49
2
1731 143 2859
2859 4780 49
2
1731 161 1331
1331 6021 49
2
1731 165 1121
1121 1601 49
3
1731 167 1468
1468 5344 100
100 3445 49
3
1731 178 1680
1680 1019 1578
1578 502 49
3
1731 182 1559
1559 9642 1462
1462 517 49
2
1731 192 1557
1557 9421 49
3
1731 197 2691
2691 6492 2428
2428 8051 49
2
1731 199 935
935 8529 49
3
1731 203 1322
1322 5082 2064
2064 1687 49
2
1731 204 2680
2680 4195 49
3
1731 208 1443
1443 4724 156
156 5912 49
2
1731 217 333
333 195 49
3
1731 224 1553
1553 521 1123
1123 8112 49
2
1731 237 2541
2541 7297 49
2
1731 244 2503
2503 1816 49
2
1731 246 2962
2962 3599 49
2
1731 249 1928
1928 5024 49
2
1731 258 2766
2766 321 49
2
1731 274 1264
1264 1201 49
2
1731 281 1640
1640 7178 49
3
1731 297 965
965 8144 359
359 5677 49
3
1731 300 631
631 9058 2916
2916 3990 49
3
1731 309 109
109 714 2862
2862 8621 49
3
1731 311 2653
2653 6936 524
524 5456 49
3
1731 314 1498
1498 4236 227
227 6154 49
2
1731 317 2740
2740 1955 49
3
1731 318 632
632 3696 2375
2375 2510 49
2
1731 334 57
57 6463 49
2
1731 337 430
430 7273 49
2
1731 348 2445
2445 3797 49
3
1731 352 744
744 1842 1484
1484 5219 49
2
1731 353 1654
1654 5722 49
3
1731 354 1894
1894 5915 1992
1992 4281 49
2
1731 366 1077
1077 7293 49
2
1731 385 496
496 423 49
2
1731 386 2434
2434 9135 49
2
1731 396 2212
2212 3361 49
2
1731 399 2282
2282 6249 49
2
1731 403 1411
1411 7666 49
3
1731 406 339
339 5346 550
550 3510 49
2
1731 417 2811
2811 3221 49
2
1731 422 2120
2120 8302 49
2
1731 450 1563
1563 9022 49
2
1731 455 2524
2524 9400 49
2
1731 461 2269
2269 7481 49
2
1731 462 1117
1117 8332 49
3
1731 466 501
501 397 574
574 3844 49
2
1731 471 934
934 2493 49
2
1731 477 759
759 2823 49
2
1731 485 576
576 6077 49
3
1731 492 1393
1393 9023 60
60 1850 49
2
1731 496 1222
1222 245 49
2
1731 507 2089
2089 7559 49
3
1731 508 2121
2121 145 883
883 5354 49
2
1731 510 1649
1649 1404 49
3
1731 513 761
761 2102 810
810 8439 49
2
1731 520 2237
2237 6626 49
2
1731 524 745
745 9505 49
2
1731 531 2876
2876 731 49
3
1731 542 1788
1788 4343 795
795 3863 49
2
1731 543 2207
2207 6542 49
2
1731 544 2283
2283 8361 49
2
1731 545 1966
1966 8129 49
2
1731 553 1127
1127 5744 49
3
1731 559 1495
1495 2021 1270
1270 1327 49
2
1731 560 2887
2887 6868 49
2
1731 562 951
951 7102 49
2
1731 564 1634
1634 1232 49
3
1731 568 1509
1509 2498 28
28 2739 49
3
1731 582 756
756 9437 998
998 6459 49
2
1731 592 2786
2786 2525 49
3
1731 598 426
426 6627 2265
2265 4588 49
2
1731 600 1666
1666 2474 49
3
1731 603 2990
2990 4417 707
707 6112 49
2
1731 608 2326
2326 7580 49
2
1731 610 2914
2914 7166 49
2
1731 619 1560
1560 4463 49
2
1731 627 2860
2860 5134 49
2
1731 629 317
317 6246 49
2
1731 632 1913
1913 9445 49
2
1731 638 2718
2718 3209 49
3
1731 645 2842
2842 5154 1684
1684 996 49
2
1731 648 1851
1851 3071 49
2
1731 657 1160
1160 5197 49
2
1731 658 1266
1266 9172 49
2
1731 674 380
380 6528 49
2
1731 677 660
660 1905 49
2
1731 690 2599
2599 4820 49
2
1731 695 2489
2489 1117 49
3
1731 704 1199
1199 8671 2723
2723 914 49
2
1731 710 1362
1362 3103 49
3
1731 720 932
932 4273 1931
1931 7865 49
2
1731 723 2941
2941 2997 49
3
1731 724 560
560 7351 2610
2610 5380 49
3
1731 728 767
767 4022 872
872 239 49
2
1731 734 2350
2350 7021 49
2
1731 742 972
972 9953 49
3
1731 755 2987
2987 7741 698
698 2439 49
2
1731 757 2170
2170 1857 49
3
1731 758 2038
2038 7395 1918
1918 8444 49
2
1731 759 2597
2597 8003 49
3
1731 773 2122
2122 1947 1651
1651 7306 49
3
1731 784 1978
1978 9061 1354
1354 7349 49
2
1731 785 2148
2148 9860 49
2
1731 790 2594
2594 5865 49
2
1731 795 2294
2294 4214 49
3
1731 800 336
336 2973 1780
1780 3357 49
2
1731 815 1243
1243 5359 49
3
1731 817 2054
2054 9150 2002
2002 5179 49
2
1731 827 24
24 6702 49
2
1731 836 1384
1384 1565 49
2
1731 845 238
238 924 49
3
1731 846 71
71 9703 2017
2017 1506 49
2
1731 849 1037
1037 8597 49
2
1731 854 2913
2913 4265 49
3
1731 861 2199
2199 7946 106
106 2504 49
2
1731 866 1871
1871 6104 49
2
1731 868 2056
2056 2589 49
2
1731 877 2178
2178 6796 49
3
1731 885 1856
1856 4898 377
377 1700 49
2
1731 886 2704
2704 3208 49
2
1731 888 421
421 5663 49
2
1731 897 693
693 255 49
3
1731 903 1522
1522 8693 1508
1508 8269 49
3
1731 916 2584
2584 9499 839
839 3758 49
2
1731 921 2951
2951 5885 49
2
1731 922 382
382 5252 49
3
1731 925 1986
1986 8430 877
877 6678 49
2
1731 928 1228
1228 3909 49
2
1731 931 1169
1169 9227 49
3
1731 935 2314
2314 7747 2008
2008 6142 49
2
1731 942 1479
1479 7698 49
3
1731 953 1051
1051 8079 1994
1994 4979 49
2
1731 973 2542
2542 8081 49
2
1731 975 1810
1810 3097 49
2
1731 976 1426
1426 7048 49
2
1731 977 2707
2707 4303 49
2
1731 994 2365
2365 2309 49
3
1731 1022 172
172 3403 2426
2426 3833 49
2
1731 1024 470
470 4910 49
3
1731 1025 586
586 4729 2215
2215 8104 49
3
1731 1030 449
449 8608 450
450 1237 49
3
1731 1044 374
374 323 256
256 9036 49
2
1731 1068 324
324 6795 49
2
1731 1087 545
545 9103 49
3
1731 1095 439
439 3528 2677
2677 8601 49
2
1731 1100 1506
1506 1928 49
2
1731 1103 1527
1527 7729 49
3
1731 1110 936
936 7316 2438
2438 7524 49
3
1731 1111 1184
1184 1688 133
133 7165 49
2
1731 1130 1646
1646 3125 49
3
1731 1136 193
193 436 1340
1340 4349 49
3
1731 1139 2967
2967 4241 1418
1418 1628 49
3
1731 1141 419
419 5666 513
513 8082 49
2
1731 1142 1667
1667 5386 49
2
1731 1146 950
950 9498 49
2
1731 1148 1074
1074 9617 49
2
1731 1198 2163
2163 1520 49
2
1731 1204 458
458 7417 49
2
1731 1207 410
410 5227 49
2
1731 1227 840
840 6646 49
2
1731 1228 1285
1285 41 49
2
1731 1238 1470
1470 5951 49
2
1731 1250 1460
1460 7773 49
2
1731 1251 2548
2548 7200 49
3
1731 1255 1934
1934 1801 2572
2572 452 49
3
1731 1257 857
857 9782 39
39 951 49
2
1731 1264 1314
1314 8517 49
2
1731 1273 2783
2783 8670 49
2
1731 1278 1972
1972 2317 49
2
1731 1281 510
510 4469 49
3
1731 1282 1769
1769 7057 1801
1801 6418 49
2
1731 1284 719
719 101 49
3
1731 1285 2721
2721 4346 837
837 8339 49
2
1731 1308 2274
2274 67 49
2
1731 1309 2206
2206 2947 49
2
1731 1313 2928
2928 7972 49
2
1731 1336 2140
2140 7955 49
2
1731 1343 2684
2684 3257 49
3
1731 1348 2973
2973 2665 749
749 1599 49
2
1731 1349 2714
2714 6208 49
2
1731 1354 1781
1781 1539 49
2
1731 1382 1221
1221 6358 49
2
1731 1388 2450
2450 8375 49
2
1731 1391 2926
2926 4166 49
2
1731 1397 2642
2642 3107 49
2
1731 1412 2506
2506 7539 49
3
1731 1422 390
390 5201 893
893 4068 49
2
1731 1427 1674
1674 9520 49
3
1731 1432 1491
1491 2413 528
528 2793 49
2
1731 1436 478
478 7466 49
2
1731 1441 1441
1441 5287 49
2
1731 1446 465
465 3042 49
3
1731 1462 2508
2508 9401 87
87 261 49
3
1731 1471 1819
1819 2352 1532
1532 8783 49
2
1731 1472 101
101 1353 49
2
1731 1474 1876
1876 5746 49
2
1731 1475 1249
1249 8694 49
3
1731 1485 649
649 7885 77
77 3352 49
2
1731 1502 2780
2780 6609 49
2
1731 1505 2418
2418 8194 49
2
1731 1513 309
309 3326 49
2
1731 1532 1021
1021 8141 49
2
1731 1534 1920
1920 1394 49
2
1731 1537 1847
1847 2732 49
2
1731 1547 1191
1191 8073 49
2
1731 1551 1648
1648 4815 49
2
1731 1562 2982
2982 8908 49
3
1731 1564 2488
2488 5027 1057
1057 5249 49
3
1731 1568 25
25 7233 1866
1866 7493 49
2
1731 1570 2290
2290 5277 49
2
1731 1572 2848
2848 4285 49
3
1731 1576 353
353 9965 220
220 9107 49
3
1731 1582 1993
1993 76 2533
2533 2058 49
2
1731 1585 2915
2915 8761 49
2
1731 1587 740
740 4008 49
2
1731 1593 1304
1304 9497 49
2
1731 1596 2275
2275 938 49
2
1731 1600 2751
2751 8374 49
2
1731 1604 200
200 7028 49
2
1731 1605 66
66 8506 49
2
1731 1606 1165
1165 2404 49
2
1731 1619 1033
1033 647 49
2
1731 1627 2074
2074 3598 49
2
1731 1631 1072
1072 10 49
3
1731 1646 447
447 8202 1302
1302 5734 49
2
1731 1647 2896
2896 5276 49
2
1731 1652 2151
2151 5569 49
3
1731 1684 2812
2812 7592 1762
1762 70 49
3
1731 1692 2865
2865 3740 2187
2187 730 49
3
1731 1709 1565
1565 6248 2123
2123 9010 49
2
1731 1711 985
985 1406 49
2
1731 1727 2152
2152 571 49
2
1731 1728 444
444 4878 49
2
1731 1739 2501
2501 6158 49
3
1731 1751 2447
2447 9864 751
751 8157 49
3
1731 1755 1761
1761 8052 2197
2197 5381 49
3
1731 1757 686
686 9363 961
961 4866 49
2
1731 1762 1052
1052 4973 49
2
1731 1764 1766
1766 9406 49
3
1731 1765 2323
2323 5246 894
894 7964 49
2
1731 1766 1998
1998 3660 49
2
1731 1770 154
154 6904 49
2
1731 1778 2685
2685 2141 49
3
1731 1780 299
299 176 454
454 6888 49
2
1731 1782 2130
2130 8744 49
3
1731 1786 793
793 5357 1917
1917 9411 49
2
1731 1794 2908
2908 9249 49
2
1731 1797 2853
2853 5872 49
3
1731 1798 264
264 6710 970
970 5641 49
2
1731 1804 1541
1541 8275 49
2
1731 1807 2558
2558 125 49
2
1731 1812 815
815 1951 49
2
1731 1822 340
340 5401 49
2
1731 1827 549
549 9558 49
2
1731 1830 835
835 999 49
3
1731 1831 1581
1581 9297 2667
2667 254 49
2
1731 1840 2126
2126 9037 49
2
1731 1852 1794
1794 5678 49
2
1731 1854 1976
1976 2915 49
2
1731 1855 889
889 4690 49
3
1731 1867 1212
1212 5353 345
345 4967 49
3
1731 1874 198
198 7394 2025
2025 5643 49
2
1731 1880 2495
2495 7901 49
2
1731 1881 1148
1148 2539 49
3
1731 1900 2586
2586 1147 1636
1636 5254 49
2
1731 1902 2318
2318 6159 49
2
1731 1903 1365
1365 5368 49
2
1731 1919 1177
1177 614 49
3
1731 1924 1083
1083 5690 2575
2575 505 49
2
1731 1929 910
910 1898 49
2
1731 1930 921
921 4808 49
2
1731 1937 2292
2292 917 49
3
1731 1941 913
913 1249 2753
2753 1247 49
2
1731 1944 2016
2016 8750 49
2
1731 1948 2537
2537 4155 49
2
1731 1949 1771
1771 9769 49
3
1731 1952 2946
2946 683 2379
2379 3926 49
2
1731 1954 2798
2798 1990 49
2
1731 1956 2100
2100 7312 49
2
1731 1957 2084
2084 5598 49
2
1731 1961 880
880 153 49
2
1731 1965 1223
1223 5161 49
2
1731 1967 406
406 6433 49
2
1731 1975 2154
2154 2512 49
2
1731 1978 2465
2465 2960 49
3
1731 1981 366
366 5146 2299
2299 4700 49
2
1731 1984 420
420 3007 49
2
1731 1989 937
937 9940 49
3
1731 1999 1537
1537 6955 2861
2861 8058 49
2
1731 2001 1805
1805 6045 49
2
1731 2017 269
269 179 49
2
1731 2018 822
822 3175 49
3
1731 2030 2698
2698 590 2481
2481 3892 49
3
1731 2033 1209
1209 9174 833
833 5416 49
3
1731 2034 1245
1245 8753 2592
2592 6635 49
2
1731 2036 1841
1841 2323 49
3
1731 2047 580
580 2363 183
183 209 49
2
1731 2049 2742
2742 4288 49
2
1731 2065 1977
1977 532 49
2
1731 2069 352
352 1986 49
3
1731 2081 712
712 7210 1727
1727 4320 49
2
1731 2087 599
599 4013 49
2
1731 2100 2708
2708 1720 49
3
1731 2117 2984
2984 3343 2678
2678 1633 49
3
1731 2118 1413
1413 8352 1690
1690 8873 49
3
1731 2122 452
452 4742 69
69 2866 49
3
1731 2124 1820
1820 7423 2635
2635 9026 49
3
1731 2128 2726
2726 4827 1890
1890 8412 49
3
1731 2149 2509
2509 6941 1909
1909 1013 49
2
1731 2151 512
512 2937 49
2
1731 2162 1686
1686 6372 49
2
1731 2166 1752
1752 3773 49
2
1731 2169 2033
2033 4134 49
3
1731 2173 569
569 131 2748
2748 9239 49
3
1731 2177 1641
1641 8717 2672
2672 2870 49
2
1731 2181 1357
1357 2668 49
3
1731 2185 2476
2476 4202 52
52 8809 49
2
1731 2187 11
11 7925 49
3
1731 2189 445
445 3121 461
461 5981 49
3
1731 2190 1827
1827 4115 2421
2421 9796 49
2
1731 2198 682
682 7716 49
2
1731 2199 533
533 374 49
2
1731 2207 265
265 6106 49
2
1731 2208 1737
1737 1584 49
2
1731 2214 2293
2293 1457 49
2
1731 2219 503
503 6912 49
2
1731 2220 2018
2018 6256 49
2
1731 2227 2276
2276 7314 49
2
1731 2228 969
969 2131 49
2
1731 2232 1137
1137 9308 49
3
1731 2242 2472
2472 8845 1750
1750 3391 49
2
1731 2245 2571
2571 2987 49
2
1731 2248 219
219 7891 49
2
1731 2251 2113
2113 1260 49
3
1731 2255 2321
2321 87 46
46 5073 49
2
1731 2258 427
427 7486 49
2
1731 2264 1139
1139 3395 49
3
1731 2265 2616
2616 8581 2992
2992 2113 49
2
1731 2270 1210
1210 5124 49
2
1731 2275 1830
1830 6125 49
2
1731 2278 1182
1182 9649 49
2
1731 2282 802
802 6771 49
2
1731 2285 1250
1250 1454 49
3
1731 2289 1756
1756 1597 1229
1229 7932 49
2
1731 2290 1359
1359 9182 49
2
1731 2294 2470
2470 9875 49
3
1731 2298 846
846 3160 2882
2882 7267 49
2
1731 2326 1999
1999 9614 49
2
1731 2335 1859
1859 4459 49
3
1731 2341 263
263 8876 684
684 7080 49
2
1731 2346 1098
1098 5040 49
3
1731 2350 2169
2169 2180 819
819 4534 49
2
1731 2353 2816
2816 4280 49
3
1731 2354 2574
2574 6708 2067
2067 5624 49
3
1731 2361 590
590 3551 385
385 8932 49
3
1731 2370 1837
1837 9287 2388
2388 8699 49
3
1731 2372 1473
1473 5788 1056
1056 5122 49
2
1731 2373 462
462 3964 49
3
1731 2375 641
641 2132 2112
2112 2005 49
3
1731 2391 40
40 1463 2392
2392 3476 49
2
1731 2401 1009
1009 4501 49
2
1731 2410 2620
2620 1552 49
2
1731 2415 964
964 8010 49
2
1731 2419 1970
1970 4856 49
2
1731 2438 2081
2081 4961 49
2
1731 2440 2805
2805 2661 49
2
1731 2448 929
929 5600 49
2
1731 2453 1582
1582 1033 49
2
1731 2464 1103
1103 3784 49
3
1731 2468 228
228 2768 1458
1458 6993 49
3
1731 2470 1194
1194 8669 1029
1029 7860 49
3
1731 2475 16
16 6266 259
259 9755 49
3
1731 2481 797
797 3259 1643
1643 9749 49
3
1731 2485 1656
1656 5048 2482
2482 2861 49
3
1731 2486 1447
1447 9494 2626
2626 1052 49
3
1731 2492 1870
1870 9369 635
635 2638 49
2
1731 2503 2278
2278 4759 49
2
1731 2508 2797
2797 2086 49
2
1731 2509 664
664 4442 49
2
1731 2518 2640
2640 1056 49
3
1731 2521 2232
2232 1358 2468
2468 8939 49
2
1731 2522 229
229 9692 49
3
1731 2523 1809
1809 609 58
58 5195 49
3
1731 2532 1620
1620 4849 1906
1906 7287 49
3
1731 2546 277
277 7597 2803
2803 905 49
2
1731 2551 617
617 1389 49
2
1731 2556 2907
2907 725 49
2
1731 2563 1940
1940 9890 49
2
1731 2566 412
412 8637 49
2
1731 2576 918
918 3082 49
2
1731 2578 74
74 1192 49
2
1731 2590 1757
1757 8922 49
2
1731 2594 700
700 4340 49
3
1731 2595 2795
2795 3312 2303
2303 8307 49
2
1731 2601 2662
2662 5231 49
3
1731 2605 1592
1592 3302 844
844 894 49
3
1731 2606 648
648 7632 1457
1457 6532 49
3
1731 2607 2273
2273 9695 2856
2856 9786 49
3
1731 2615 538
538 9518 489
489 4339 49
2
1731 2617 2781
2781 7490 49
2
1731 2628 1638
1638 926 49
2
1731 2631 2622
2622 7377 49
3
1731 2650 307
307 4993 2651
2651 7920 49
2
1731 2655 1935
1935 6834 49
2
1731 2658 1096
1096 8068 49
2
1731 2680 753
753 8879 49
3
1731 2682 2322
2322 6213 485
485 7319 49
2
1731 2697 351
351 1241 49
2
1731 2709 1956
1956 5862 49
2
1731 2717 2631
2631 2257 49
3
1731 2753 1492
1492 2540 2999
2999 6973 49
2
1731 2764 2171
2171 5703 49
2
1731 2771 1793
1793 1482 49
2
1731 2773 1323
1323 3870 49
2
1731 2776 2050
2050 1594 49
2
1731 2779 611
611 8470 49
2
1731 2780 466
466 8164 49
2
1731 2792 1310
1310 174 49
2
1731 2794 203
203 8378 49
2
1731 2797 2028
2028 9756 49
3
1731 2798 915
915 7965 551
551 9009 49
2
1731 2800 2295
2295 2613 49
2
1731 2801 766
766 8741 49
2
1731 2804 2578
2578 71 49
2
1731 2806 494
494 804 49
3
1731 2809 676
676 3633 2373
2373 3968 49
2
1731 2845 2729
2729 4609 49
2
1731 2848 247
247 4399 49
2
1731 2849 1583
1583 8020 49
2
1731 2857 2437
2437 1554 49
2
1731 2858 2354
2354 1174 49
2
1731 2859 103
103 7906 49
2
1731 2860 2833
2833 4660 49
2
1731 2872 189
189 9780 49
2
1731 2873 2512
2512 5705 49
2
1731 2881 2145
2145 5253 49
2
1731 2892 2686
2686 4812 49
2
1731 2894 1024
1024 5639 49
3
1731 2896 673
673 915 2372
2372 6523 49
3
1731 2897 1076
1076 7619 1459
1459 3767 49
2
1731 2902 2867
2867 4711 49
2
1731 2906 645
645 4583 49
3
1731 2907 669
669 3673 1176
1176 428 49
2
1731 2908 1267
1267 1460 49
2
1731 2927 2147
2147 7353 49
3
1731 2928 2705
2705 3974 546
546 7805 49
3
1731 2931 2690
2690 8731 2164
2164 2716 49
3
1731 2939 2080
2080 9607 481
481 7084 49
3
1731 2948 272
272 8166 591
591 1507 49
2
1731 2951 2624
2624 1346 49
2
1731 2956 2736
2736 9942 49
2
1731 2957 1910
1910 4173 49
2
1731 2961 1593
1593 430 49
3
1731 2964 1034
1034 4187 2034
2034 746 49
2
1731 2982 2996
2996 7561 49
2
1731 2985 250
250 460 49
2
1731 2989 2893
2893 9462 49
3
1731 2990 186
186 5212 1647
1647 796 49
3
1731 3003 1533
1533 7304 2108
2108 9565 49
3
1731 3011 986
986 4170 1095
1095 7075 49
2
1731 3016 2888
2888 2596 49
2
1731 3022 2146
2146 4638 49
3
1731 3025 1746
1746 5286 282
282 4791 49
2
1731 3026 2595
2595 6869 49
3
1731 3033 1653
1653 9821 2629
2629 8838 49
2
1731 3036 83
83 8603 49
2
1731 3055 1973
1973 1768 49
2
1731 3061 498
498 2691 49
2
1731 3066 67
67 2799 49
2
1731 3081 1754
1754 6826 49
2
1731 3083 1238
1238 2642 49
2
1731 3099 1791
1791 7731 49
2
1731 3101 1526
1526 6371 49
2
1731 3139 723
723 9106 49
3
1731 3141 587
587 7434 1356
1356 9259 49
2
1731 3144 148
148 3848 49
2
1731 3171 1883
1883 3030 49
3
1731 3172 2361
2361 7366 2563
2563 3472 49
3
1731 3177 329
329 5314 2235
2235 75 49
2
1731 3182 355
355 1802 49
2
1731 3183 2530
2530 5304 49
3
1731 3185 2700
2700 4623 398
398 333 49
2
1731 3187 1063
1063 3815 49
3
1731 3188 2010
2010 872 255
255 3726 49
2
1731 3190 2069
2069 8575 49
2
1731 3195 1760
1760 3020 49
2
1731 3205 2020
2020 8518 49
3
1731 3227 2880
2880 5067 2659
2659 8496 49
2
1731 3232 15
15 5317 49
2
1731 3239 2627
2627 156 49
3
1731 3240 1151
1151 5889 2630
2630 8218 49
3
1731 3243 448
448 8197 627
627 3650 49
2
1731 3258 2260
2260 138 49
2
1731 3264 2903
2903 8865 49
3
1731 3267 2324
2324 1616 490
490 8264 49
2
1731 3271 895
895 151 49
2
1731 3276 1961
1961 8479 49
2
1731 3280 555
555 7416 49
2
1731 3281 429
429 4825 49
2
1731 3284 1025
1025 7173 49
2
1731 3285 900
900 112 49
2
1731 3288 2579
2579 782 49
3
1731 3290 1
1 6804 357
357 3553 49
2
1731 3295 1517
1517 1835 49
2
1731 3299 8
8 1203 49
2
1731 3305 1122
1122 2918 49
2
1731 3308 468
468 3847 49
2
1731 3309 1298
1298 8555 49
2
1731 3317 602
602 6574 49
3
1731 3324 2997
2997 7562 2024
2024 1872 49
3
1731 3325 803
803 1676 2004
2004 6148 49
2
1731 3333 287
287 2959 49
3
1731 3353 2085
2085 2446 278
278 8411 49
3
1731 3355 1324
1324 3427 2835
2835 9515 49
3
1731 3356 733
733 6965 710
710 429 49
2
1731 3371 2448
2448 6184 49
3
1731 3380 1326
1326 9377 73
73 4748 49
2
1731 3384 1824
1824 3737 49
2
1731 3397 1584
1584 2246 49
3
1731 3398 1020
1020 8013 1503
1503 9229 49
2
1731 3434 1073
1073 3405 49
2
1731 3438 2694
2694 8102 49
2
1731 3448 38
38 516 49
2
1731 3452 2423
2423 9865 49
3
1731 3470 1280
1280 9388 375
375 8034 49
2
1731 3474 752
752 4360 49
3
1731 3482 303
303 9597 2652
2652 7275 49
2
1731 3486 2201
2201 1384 49
2
1731 3499 1813
1813 1566 49
3
1731 3506 497
497 1987 2046
2046 6695 49
2
1731 3513 236
236 9660 49
2
1731 3518 1678
1678 5490 49
2
1731 3531 557
557 1226 49
3
1731 3533 1685
1685 2972 1512
1512 6098 49
2
1731 3535 1936
1936 6048 49
2
1731 3536 849
849 3437 49
2
1731 3547 828
828 9140 49
3
1731 3565 1639
1639 2252 1671
1671 518 49
2
1731 3577 2003
2003 3251 49
2
1731 3602 1399
1399 6791 49
2
1731 3609 2088
2088 4592 49
3
1731 3610 1190
1190 3143 709
709 2060 49
2
1731 3619 2722
2722 1398 49
2
1731 3631 1232
1232 1179 49
2
1731 3661 2125
2125 2012 49
3
1731 3683 570
570 6548 1402
1402 6132 49
3
1731 3687 1463
1463 4862 2234
2234 3629 49
3
1731 3690 758
758 9070 875
875 665 49
3
1731 3691 1862
1862 1826 1307
1307 6374 49
2
1731 3700 2695
2695 3415 49
2
1731 3701 1320
1320 8878 49
2
1731 3706 1855
1855 2120 49
3
1731 3721 532
532 9404 129
129 6471 49
3
1731 3722 1523
1523 2009 337
337 9083 49
2
1731 3723 798
798 4575 49
2
1731 3735 1720
1720 8488 49
3
1731 3746 2352
2352 5655 2824
2824 119 49
2
1731 3756 1964
1964 1401 49
2
1731 3759 775
775 360 49
2
1731 3781 1104
1104 3191 49
2
1731 3792 2854
2854 8859 49
2
1731 3796 1028
1028 25 49
2
1731 3802 2943
2943 8154 49
3
1731 3812 1315
1315 9064 47
47 3463 49
2
1731 3827 941
941 2249 49
2
1731 3842 2398
2398 5046 49
3
1731 3862 642
642 6944 1373
1373 4687 49
2
1731 3864 2107
2107 1105 49
2
1731 3881 1668
1668 2215 49
2
1731 3885 2924
2924 9566 49
3
1731 3900 1585
1585 5876 486
486 7969 49
2
1731 3902 2850
2850 1224 49
2
1731 3905 662
662 3731 49
2
1731 3920 2957
2957 1848 49
3
1731 3941 2308
2308 9211 2829
2829 7230 49
2
1731 3955 1617
1617 3613 49
3
1731 3956 1155
1155 3685 1153
1153 4094 49
2
1731 3971 741
741 2175 49
2
1731 3972 1026
1026 824 49
2
1731 3975 971
971 16 49
2
1731 3976 2767
2767 3970 49
2
1731 3984 2229
2229 2759 49
2
1731 3991 2036
2036 51 49
2
1731 3992 734
734 6340 49
2
1731 3995 2872
2872 6386 49
3
1731 3997 2346
2346 1159 1944
1944 511 49
3
1731 3998 1938
1938 2218 890
890 3983 49
2
1731 4002 1725
1725 4223 49
2
1731 4003 1613
1613 4719 49
3
1731 4011 1196
1196 7438 931
931 6145 49
3
1731 4014 233
233 6787 415
415 5955 49
2
1731 4024 2496
2496 7380 49
2
1731 4030 1290
1290 4066 49
2
1731 4035 807
807 4129 49
2
1731 4040 2023
2023 9632 49
2
1731 4047 1778
1778 7657 49
3
1731 4051 2134
2134 4455 134
134 4083 49
2
1731 4057 976
976 9280 49
3
1731 4072 2703
2703 1221 1337
1337 9952 49
2
1731 4079 1067
1067 6990 49
2
1731 4081 806
806 4060 49
2
1731 4088 144
144 3755 49
2
1731 4089 2669
2669 7884 49
2
1731 4106 279
279 9364 49
3
1731 4116 514
514 904 1078
1078 1717 49
2
1731 4121 1776
1776 8274 49
2
1731 4122 2118
2118 6754 49
2
1731 4124 432
432 4504 49
2
1731 4125 1850
1850 9426 49
2
1731 4143 2408
2408 838 49
3
1731 4144 1339
1339 7341 1945
1945 2337 49
2
1731 4146 572
572 5694 49
3
1731 4150 2555
2555 4028 1334
1334 9555 49
2
1731 4159 1524
1524 1144 49
2
1731 4171 1822
1822 9506 49
3
1731 4176 2267
2267 3164 1053
1053 4205 49
2
1731 4201 2590
2590 186 49
3
1731 4207 2070
2070 6775 721
721 9943 49
2
1731 4219 2702
2702 107 49
2
1731 4225 2641
2641 6654 49
2
1731 4228 10
10 273 49
2
1731 4229 438
438 164 49
3
1731 4231 1704
1704 9261 2804
2804 3877 49
2
1731 4234 2628
2628 7528 49
2
1731 4245 1823
1823 1162 49
3
1731 4256 2315
2315 1129 1865
1865 602 49
3
1731 4261 401
401 8810 1692
1692 8286 49
3
1731 4267 5
5 4892 378
378 7728 49
3
1731 4270 2403
2403 3637 2156
2156 2134 49
2
1731 4271 2774
2774 5191 49
2
1731 4308 705
705 1824 49
3
1731 4312 2166
2166 5282 2807
2807 4475 49
2
1731 4318 2443
2443 8215 49
3
1731 4319 2523
2523 8380 952
952 6396 49
3
1731 4323 323
323 7813 1513
1513 1635 49
3
1731 4327 1084
1084 9184 2061
2061 5995 49
2
1731 4329 588
588 5932 49
2
1731 4334 310
310 1303 49
3
1731 4348 625
625 9346 1338
1338 103 49
2
1731 4354 792
792 1714 49
2
1731 4358 2846
2846 2831 49
2
1731 4361 1466
1466 1223 49
2
1731 4378 1161
1161 6729 49
2
1731 4379 1770
1770 6657 49
3
1731 4382 407
407 6039 1730
1730 8210 49
2
1731 4387 138
138 2705 49
3
1731 4388 982
982 3112 2839
2839 4739 49
2
1731 4408 2195
2195 9669 49
3
1731 4436 2956
2956 38 409
409 7269 49
2
1731 4440 1698
1698 6020 49
2
1731 4445 1327
1327 8905 49
3
1731 4446 354
354 5587 691
691 324 49
2
1731 4457 1237
1237 7089 49
2
1731 4461 876
876 889 49
2
1731 4472 1735
1735 4341 49
2
1731 4481 1090
1090 6170 49
3
1731 4513 44
44 4375 939
939 336 49
3
1731 4522 1682
1682 3389 928
928 6260 49
3
1731 4523 500
500 9309 2858
2858 1324 49
2
1731 4527 2538
2538 8607 49
2
1731 4530 2905
2905 1426 49
2
1731 4531 1253
1253 1657 49
2
1731 4533 1187
1187 2584 49
3
1731 4536 1174
1174 8123 311
311 6276 49
2
1731 4537 1670
1670 3530 49
2
1731 4544 1171
1171 7520 49
3
1731 4546 2600
2600 6786 2986
2986 260 49
3
1731 4547 1242
1242 1759 384
384 3960 49
2
1731 4550 2589
2589 3328 49
2
1731 4559 2644
2644 4760 49
3
1731 4573 155
155 4483 115
115 4809 49
2
1731 4577 1461
1461 1888 49
2
1731 4580 257
257 5574 49
3
1731 4590 70
70 6544 2497
2497 7910 49
2
1731 4604 534
534 4672 49
2
1731 4614 567
567 2885 49
3
1731 4621 566
566 2954 688
688 2297 49
2
1731 4625 13
13 2639 49
2
1731 4627 683
683 9871 49
2
1731 4628 321
321 163 49
3
1731 4639 1623
1623 7832 2567
2567 9193 49
2
1731 4646 493
493 4487 49
2
1731 4648 1350
1350 5293 49
2
1731 4649 1724
1724 689 49
2
1731 4650 1927
1927 235 49
2
1731 4656 1087
1087 3789 49
2
1731 4677 962
962 445 49
2
1731 4681 2504
2504 9583 49
2
1731 4682 242
242 8644 49
2
1731 4684 2976
2976 1575 49
2
1731 4704 1003
1003 2919 49
3
1731 4713 1914
1914 1342 1885
1885 1639 49
2
1731 4714 2737
2737 5018 49
3
1731 4717 1064
1064 24 2674
2674 3004 49
2
1731 4726 218
218 1419 49
3
1731 4738 2383
2383 8941 1113
1113 6271 49
2
1731 4749 860
860 4466 49
2
1731 4771 252
252 6853 49
2
1731 4783 1507
1507 702 49
2
1731 4800 2414
2414 2541 49
3
1731 4806 1808
1808 6753 2186
2186 9878 49
2
1731 4807 251
251 8087 49
3
1731 4818 1189
1189 2129 994
994 5815 49
2
1731 4824 861
861 3555 49
2
1731 4829 2636
2636 4337 49
3
1731 4832 2012
2012 5299 1874
1874 6593 49
2
1731 4836 1627
1627 8618 49
3
1731 4848 2185
2185 3655 2825
2825 8469 49
3
1731 4854 2587
2587 7776 699
699 9028 49
3
1731 4857 308
308 5578 2192
2192 6485 49
2
1731 4865 2733
2733 7387 49
3
1731 4867 1482
1482 9360 344
344 1803 49
3
1731 4873 650
650 2721 2754
2754 2405 49
2
1731 4881 291
291 7533 49
2
1731 4889 413
413 2111 49
3
1731 4893 1787
1787 8064 2389
2389 1685 49
2
1731 4909 2831
2831 2084 49
2
1731 4915 2059
2059 1658 49
2
1731 4924 2952
2952 865 49
3
1731 4932 750
750 7410 582
582 5907 49
2
1731 4934 2141
2141 2958 49
3
1731 4935 1571
1571 4938 1380
1380 7172 49
3
1731 4943 2787
2787 8055 1555
1555 3561 49
3
1731 4947 2155
2155 6511 2709
2709 7231 49
3
1731 4977 2778
2778 2307 2991
2991 6719 49
2
1731 4978 2874
2874 1362 49
2
1731 4986 1039
1039 6932 49
3
1731 4990 2382
2382 1771 2230
2230 1197 49
2
1731 4996 1868
1868 5688 49
2
1731 5000 1295
1295 2593 49
3
1731 5001 68
68 2706 2484
2484 7840 49
2
1731 5009 443
443 5243 49
2
1731 5012 2072
2072 8934 49
2
1731 5017 414
414 3484 49
2
1731 5019 1625
1625 965 49
2
1731 5026 1599
1599 9423 49
2
1731 5032 2245
2245 9593 49
2
1731 5037 1545
1545 6569 49
2
1731 5038 695
695 2234 49
2
1731 5041 2801
2801 4297 49
2
1731 5042 2133
2133 8483 49
2
1731 5047 1971
1971 9922 49
3
1731 5052 1826
1826 8550 471
471 5281 49
3
1731 5054 2094
2094 4698 925
925 2720 49
3
1731 5055 1156
1156 2014 2297
2297 1912 49
2
1731 5058 536
536 9651 49
2
1731 5061 2483
2483 8733 49
2
1731 5071 2820
2820 2821 49
2
1731 5077 1036
1036 2171 49
3
1731 5079 1065
1065 4427 2335
2335 1301 49
2
1731 5086 2810
2810 1806 49
3
1731 5087 1001
1001 4505 479
479 2454 49
2
1731 5089 2612
2612 5106 49
2
1731 5090 1060
1060 1450 49
2
1731 5104 1672
1672 5245 49
2
1731 5108 675
675 952 49
3
1731 5110 1597
1597 2694 2713
2713 4948 49
2
1731 5118 2938
2938 660 49
3
1731 5119 2794
2794 9560 1821
1821 4567 49
3
1731 5127 601
601 6290 1152
1152 3116 49
3
1731 5143 1758
1758 666 2692
2692 7863 49
3
1731 5159 1145
1145 9271 1162
1162 8300 49
2
1731 5173 690
690 7356 49
2
1731 5186 1748
1748 3973 49
3
1731 5205 1955
1955 5528 2979
2979 5509 49
2
1731 5206 1605
1605 1885 49
3
1731 5207 205
205 9507 2727
2727 9876 49
2
1731 5225 2614
2614 8969 49
2
1731 5226 2208
2208 5429 49
2
1731 5229 1511
1511 3764 49
3
1731 5241 1616
1616 1323 2892
2892 127 49
3
1731 5256 742
742 4607 2351
2351 5766 49
2
1731 5269 2706
2706 5364 49
3
1731 5271 730
730 9374 811
811 8672 49
3
1731 5285 974
974 6655 21
21 764 49
2
1731 5289 139
139 5481 49
3
1731 5294 529
529 5123 817
817 2011 49
2
1731 5297 1740
1740 3517 49
2
1731 5300 1180
1180 7768 49
3
1731 5301 681
681 9711 620
620 9348 49
2
1731 5303 843
843 8700 49
2
1731 5312 746
746 7450 49
2
1731 5323 2925
2925 4158 49
2
1731 5325 667
667 2148 49
2
1731 5328 823
823 3770 49
3
1731 5330 1907
1907 4725 1363
1363 7325 49
3
1731 5336 2813
2813 8687 1288
1288 1021 49
3
1731 5351 1749
1749 2714 920
920 3928 49
2
1731 5382 2743
2743 616 49
2
1731 5385 389
389 828 49
2
1731 5391 1768
1768 4919 49
2
1731 5400 1546
1546 7889 49
3
1731 5409 2863
2863 6831 2337
2337 475 49
3
1731 5412 2395
2395 6930 2513
2513 7748 49
3
1731 5419 1158
1158 8372 1802
1802 6794 49
2
1731 5422 1588
1588 7913 49
2
1731 5430 2250
2250 4331 49
2
1731 5432 2717
2717 9869 49
3
1731 5438 956
956 6505 1147
1147 6596 49
2
1731 5448 1879
1879 9121 49
3
1731 5452 543
543 2383 2881
2881 5415 49
3
1731 5453 1119
1119 6128 2007
2007 2689 49
3
1731 5459 2289
2289 876 2981
2981 379 49
2
1731 5470 618
618 971 49
2
1731 5471 2809
2809 1180 49
2
1731 5477 2869
2869 6280 49
2
1731 5480 1997
1997 3752 49
2
1731 5483 482
482 6576 49
2
1731 5497 930
930 9721 49
3
1731 5499 2363
2363 1549 182
182 2598 49
2
1731 5501 1891
1891 5070 49
3
1731 5508 1049
1049 6589 235
235 7303 49
3
1731 5510 694
694 106 2013
2013 63 49
2
1731 5518 1979
1979 2702 49
2
1731 5519 2419
2419 954 49
3
1731 5532 2015
2015 6642 1345
1345 9153 49
2
1731 5534 1504
1504 574 49
2
1731 5535 1952
1952 7607 49
3
1731 5540 2993
2993 4355 130
130 6451 49
3
1731 5546 919
919 1571 703
703 5075 49
2
1731 5553 1218
1218 3073 49
2
1731 5561 2142
2142 3748 49
3
1731 5580 2870
2870 7420 371
371 6760 49
2
1731 5583 571
571 9665 49
2
1731 5588 1438
1438 4314 49
2
1731 5591 1520
1520 2710 49
3
1731 5592 630
630 3635 813
813 1066 49
2
1731 5593 585
585 6387 49
3
1731 5594 2819
2819 4216 2429
2429 9144 49
3
1731 5599 735
735 5554 1002
1002 7465 49
2
1731 5602 652
652 7215 49
2
1731 5603 1694
1694 5727 49
2
1731 5612 1717
1717 7881 49
2
1731 5622 195
195 3455 49
2
1731 5629 14
14 2795 49
2
1731 5632 2097
2097 6815 49
2
1731 5633 81
81 315 49
2
1731 5660 2129
2129 7618 49
3
1731 5668 2656
2656 2271 2772
2772 6920 49
2
1731 5689 2889
2889 7837 49
3
1731 5696 1213
1213 5795 1552
1552 8524 49
2
1731 5697 171
171 6254 49
3
1731 5698 322
322 6238 2929
2929 8442 49
2
1731 5699 19
19 3167 49
3
1731 5712 2203
2203 155 747
747 4227 49
2
1731 5715 1471
1471 9253 49
3
1731 5719 2791
2791 4894 2412
2412 8589 49
2
1731 5731 1015
1015 85 49
3
1731 5733 221
221 8798 2603
2603 135 49
3
1731 5738 1739
1739 7867 668
668 4995 49
2
1731 5741 2000
2000 5349 49
3
1731 5747 2588
2588 1165 622
622 9511 49
3
1731 5748 1164
1164 1876 181
181 3711 49
2
1731 5750 996
996 3950 49
2
1731 5751 2871
2871 2458 49
2
1731 5758 2919
2919 4169 49
3
1731 5761 2890
2890 5693 2834
2834 3521 49
3
1731 5768 2270
2270 1266 1214
1214 4831 49
3
1731 5769 2701
2701 7426 958
958 8216 49
3
1731 5782 1035
1035 2635 960
960 486 49
2
1731 5797 1606
1606 2862 49
3
1731 5799 2961
2961 3464 2227
2227 1907 49
3
1731 5803 1919
1919 8924 2808
2808 6420 49
3
1731 5804 838
838 8086 597
597 2015 49
3
1731 5805 2236
2236 8793 2063
2063 1791 49
2
1731 5806 2519
2519 7779 49
2
1731 5808 812
812 3876 49
2
1731 5816 1442
1442 4769 49
2
1731 5829 1531
1531 7367 49
2
1731 5835 791
791 7680 49
3
1731 5840 1987
1987 424 2068
2068 5807 49
2
1731 5842 2790
2790 3155 49
3
1731 5845 2759
2759 9664 387
387 565 49
2
1731 5847 484
484 2392 49
2
1731 5852 2105
2105 3263 49
2
1731 5854 1939
1939 1625 49
2
1731 5863 2480
2480 1151 49
2
1731 5893 1207
1207 6819 49
2
1731 5898 1400
1400 1777 49
2
1731 5903 2331
2331 1914 49
2
1731 5905 2135
2135 150 49
3
1731 5909 2019
2019 639 737
737 7146 49
3
1731 5914 417
417 4605 2756
2756 5605 49
2
1731 5931 2840
2840 5492 49
2
1731 5938 1650
1650 1865 49
3
1731 5944 878
878 3028 1332
1332 9812 49
3
1731 5946 2540
2540 4177 508
508 7150 49
2
1731 5959 2843
2843 6306 49
2
1731 5962 1785
1785 6384 49
2
1731 5963 706
706 9701 49
2
1731 5967 2904
2904 1188 49
3
1731 5969 743
743 4019 1864
1864 6807 49
2
1731 5976 1869
1869 350 49
3
1731 5980 1707
1707 9370 2411
2411 5899 49
3
1731 5982 2400
2400 1208 2478
2478 3168 49
3
1731 5984 1278
1278 8318 2378
2378 9085 49
3
1731 5987 1836
1836 3526 629
629 9278 49
2
1731 6012 2611
2611 5571 49
3
1731 6017 1234
1234 6149 2027
2027 5053 49
2
1731 6022 1317
1317 8028 49
2
1731 6026 334
334 6545 49
2
1731 6052 2150
2150 2884 49
2
1731 6055 2312
2312 3179 49
2
1731 6091 2796
2796 4871 49
2
1731 6100 2901
2901 9465 49
3
1731 6120 338
338 7620 1262
1262 4926 49
3
1731 6121 2001
2001 2085 2249
2249 9911 49
3
1731 6130 2316
2316 1069 2710
2710 7301 49
2
1731 6137 1351
1351 4213 49
2
1731 6138 2895
2895 4510 49
2
1731 6143 386
386 2489 49
3
1731 6153 243
243 9815 297
297 4448 49
3
1731 6155 1990
1990 330 564
564 3313 49
2
1731 6157 1965
1965 4416 49
3
1731 6168 1204
1204 4467 1050
1050 4151 49
2
1731 6171 167
167 1326 49
3
1731 6173 464
464 7757 825
825 1707 49
2
1731 6179 1086
1086 3444 49
2
1731 6190 274
274 9059 49
2
1731 6207 1911
1911 7809 49
2
1731 6210 2560
2560 2107 49
2
1731 6217 867
867 31 49
2
1731 6226 2369
2369 3618 49
2
1731 6227 1489
1489 9528 49
2
1731 6231 1092
1092 5181 49
3
1731 6232 2845
2845 7614 523
523 1705 49
2
1731 6273 728
728 7587 49
3
1731 6285 2782
2782 2883 244
244 6005 49
2
1731 6292 1388
1388 3772 49
2
1731 6300 1726
1726 2460 49
2
1731 6322 1115
1115 3052 49
3
1731 6326 2255
2255 8870 1693
1693 5789 49
2
1731 6327 248
248 8386 49
2
1731 6337 518
518 9432 49
3
1731 6348 1305
1305 5447 1547
1547 8155 49
2
1731 6353 1300
1300 6554 49
2
1731 6359 525
525 9631 49
2
1731 6365 1574
1574 4879 49
3
1731 6373 1415
1415 2625 1916
1916 4876 49
2
1731 6381 1688
1688 2205 49
3
1731 6394 120
120 5810 2494
2494 2330 49
3
1731 6399 1386
1386 8384 2117
2117 5776 49
3
1731 6415 1030
1030 7683 1276
1276 3800 49
3
1731 6416 2553
2553 6115 223
223 2550 49
3
1731 6422 304
304 5917 907
907 3210 49
2
1731 6426 177
177 9575 49
2
1731 6427 912
912 6465 49
3
1731 6430 2420
2420 9170 1967
1967 891 49
2
1731 6444 1333
1333 6766 49
2
1731 6449 2930
2930 2910 49
2
1731 6450 1284
1284 2200 49
2
1731 6470 2311
2311 1861 49
2
1731 6478 908
908 2263 49
2
1731 6486 1405
1405 328 49
3
1731 6497 3000
3000 5557 595
595 6199 49
2
1731 6498 2334
2334 2763 49
2
1731 6513 1100
1100 9358 49
2
1731 6537 902
902 1828 49
3
1731 6551 318
318 1088 1983
1983 243 49
2
1731 6564 1846
1846 2250 49
2
1731 6568 1645
1645 3181 49
2
1731 6577 1069
1069 2513 49
3
1731 6582 2945
2945 6304 2643
2643 277 49
2
1731 6583 1099
1099 5873 49
2
1731 6590 1629
1629 1678 49
2
1731 6594 2757
2757 6792 49
3
1731 6601 211
211 9586 2436
2436 4674 49
2
1731 6617 1708
1708 644 49
2
1731 6619 463
463 2984 49
2
1731 6620 901
901 3005 49
3
1731 6636 2205
2205 9001 1206
1206 6402 49
3
1731 6641 1167
1167 2945 1306
1306 3777 49
2
1731 6645 764
764 8447 49
2
1731 6653 1733
1733 3949 49
3
1731 6660 2832
2832 7538 832
832 6239 49
2
1731 6662 360
360 1191 49
2
1731 6665 672
672 9163 49
2
1731 6667 147
147 1405 49
3
1731 6672 165
165 8514 1948
1948 419 49
2
1731 6673 2545
2545 3094 49
2
1731 6681 1019
1019 6067 49
2
1731 6682 2806
2806 3932 49
3
1731 6688 1420
1420 8849 2243
2243 2211 49
3
1731 6693 584
584 6383 2598
2598 8863 49
3
1731 6699 666
666 7147 388
388 139 49
3
1731 6706 2370
2370 8819 1886
1886 2358 49
3
1731 6712 2492
2492 2266 1811
1811 4624 49
3
1731 6722 2287
2287 5028 2030
2030 5560 49
2
1731 6726 119
119 1086 49
3
1731 6736 2720
2720 1972 905
905 8815 49
3
1731 6748 959
959 6618 1669
1669 7 49
2
1731 6755 2177
2177 7025 49
2
1731 6758 1205
1205 7510 49
3
1731 6772 1904
1904 1943 1833
1833 8298 49
2
1731 6776 1109
1109 9382 49
2
1731 6781 1134
1134 1672 49
2
1731 6782 1432
1432 3826 49
2
1731 6789 548
548 5239 49
2
1731 6806 739
739 6411 49
2
1731 6821 1580
1580 5700 49
3
1731 6836 1472
1472 5404 397
397 9202 49
2
1731 6845 613
613 814 49
3
1731 6848 433
433 7899 2327
2327 6242 49
2
1731 6849 552
552 5399 49
2
1731 6857 2280
2280 5841 49
3
1731 6861 94
94 2300 2021
2021 3429 49
2
1731 6864 1942
1942 2479 49
3
1731 6870 563
563 5530 2776
2776 1413 49
2
1731 6879 483
483 6625 49
2
1731 6890 1010
1010 8645 49
3
1731 6891 2407
2407 3402 722
722 3907 49
3
1731 6893 917
917 7702 1396
1396 9700 49
2
1731 6910 2927
2927 9117 49
2
1731 6914 1017
1017 558 49
2
1731 6922 1080
1080 4969 49
3
1731 6923 2247
2247 6488 886
886 407 49
2
1731 6937 27
27 500 49
2
1731 6938 2288
2288 1660 49
2
1731 6940 716
716 9086 49
2
1731 6957 17
17 615 49
2
1731 6960 1336
1336 7719 49
3
1731 6974 396
396 5332 436
436 8159 49
2
1731 6981 1372
1372 4096 49
3
1731 6987 1185
1185 3502 1861
1861 9226 49
2
1731 6989 2900
2900 9393 49
2
1731 6992 2451
2451 9266 49
3
1731 6996 192
192 679 1070
1070 9670 49
2
1731 7000 848
848 7331 49
2
1731 7005 2977
2977 9332 49
2
1731 7011 888
888 5218 49
2
1731 7013 2897
2897 4600 49
2
1731 7019 2689
2689 5653 49
3
1731 7023 2879
2879 5772 1661
1661 8371 49
2
1731 7024 214
214 371 49
3
1731 7027 1287
1287 4974 2219
2219 3566 49
3
1731 7029 241
241 2268 2785
2785 4929 49
3
1731 7030 2719
2719 2331 2747
2747 363 49
3
1731 7033 2606
2606 6182 2980
2980 5868 49
2
1731 7043 451
451 3203 49
3
1731 7044 2455
2455 9600 2802
2802 5507 49
3
1731 7055 1618
1618 9941 36
36 2121 49
2
1731 7058 2899
2899 9686 49
2
1731 7069 1499
1499 8343 49
2
1731 7070 773
773 9713 49
2
1731 7094 1038
1038 5833 49
2
1731 7097 2214
2214 3479 49
2
1731 7099 1309
1309 8732 49
3
1731 7104 379
379 9986 1635
1635 9742 49
2
1731 7105 607
607 1196 49
2
1731 7111 677
677 7954 49
2
1731 7138 851
851 6038 49
3
1731 7139 2638
2638 2981 2550
2550 681 49
3
1731 7144 608
608 6506 2367
2367 5223 49
2
1731 7153 480
480 361 49
2
1731 7176 796
796 2805 49
2
1731 7186 2745
2745 2844 49
2
1731 7192 1839
1839 2760 49
2
1731 7197 2471
2471 5345 49
2
1731 7211 2566
2566 6151 49
3
1731 7217 162
162 8520 891
891 9785 49
2
1731 7220 1900
1900 4473 49
2
1731 7227 1374
1374 729 49
2
1731 7235 2532
2532 8695 49
2
1731 7251 268
268 7956 49
2
1731 7254 924
924 4917 49
2
1731 7257 1344
1344 2279 49
2
1731 7260 647
647 9540 49
2
1731 7261 1012
1012 1873 49
2
1731 7262 2115
2115 837 49
2
1731 7268 2284
2284 2553 49
3
1731 7272 1451
1451 1958 168
168 7827 49
2
1731 7291 2849
2849 2088 49
2
1731 7294 1738
1738 2299 49
2
1731 7302 1568
1568 8986 49
2
1731 7321 2983
2983 1169 49
2
1731 7324 692
692 1363 49
2
1731 7327 2422
2422 1096 49
2
1731 7330 201
201 8565 49
2
1731 7336 495
495 1598 49
2
1731 7339 2749
2749 7396 49
3
1731 7344 1455
1455 4496 126
126 8921 49
2
1731 7345 809
809 6966 49
3
1731 7350 1699
1699 9000 562
562 5990 49
2
1731 7352 391
391 2916 49
2
1731 7354 459
459 2381 49
2
1731 7357 1352
1352 4451 49
2
1731 7358 2345
2345 3595 49
2
1731 7362 1385
1385 7373 49
2
1731 7364 75
75 698 49
3
1731 7369 63
63 6010 2307
2307 5875 49
2
1731 7383 284
284 4618 49
2
1731 7386 315
315 8420 49
2
1731 7390 760
760 6274 49
2
1731 7391 425
425 43 49
3
1731 7392 1941
1941 635 1933
1933 7169 49
2
1731 7398 1355
1355 8204 49
2
1731 7402 1765
1765 8048 49
2
1731 7409 2409
2409 4114 49
2
1731 7415 657
657 7993 49
2
1731 7421 598
598 8854 49
2
1731 7439 2456
2456 2670 49
3
1731 7453 349
349 2733 1269
1269 4386 49
2
1731 7468 1779
1779 7496 49
2
1731 7473 161
161 5998 49
3
1731 7488 2138
2138 1925 1518
1518 9954 49
2
1731 7491 516
516 552 49
2
1731 7492 923
923 8767 49
2
1731 7494 612
612 6602 49
2
1731 7503 2285
2285 4108 49
3
1731 7505 2435
2435 6811 2554
2554 7253 49
3
1731 7507 1236
1236 4944 2755
2755 9378 49
2
1731 7513 1764
1764 6685 49
2
1731 7517 1383
1383 5634 49
3
1731 7542 1642
1642 2378 400
400 6911 49
2
1731 7545 1311
1311 395 49
3
1731 7548 2609
2609 8392 54
54 3273 49
2
1731 7549 2221
2221 7137 49
2
1731 7551 376
376 967 49
2
1731 7554 2498
2498 7931 49
3
1731 7560 1022
1022 8595 2304
2304 3981 49
2
1731 7563 903
903 9737 49
3
1731 7571 1283
1283 2842 2332
2332 9218 49
2
1731 7574 1621
1621 5083 49
3
1731 7581 1817
1817 184 163
163 3249 49
2
1731 7586 1742
1742 8195 49
2
1731 7591 616
616 3459 49
2
1731 7593 606
606 6878 49
3
1731 7595 2645
2645 444 431
431 5562 49
2
1731 7601 1683
1683 4054 49
3
1731 7603 2886
2886 7575 1341
1341 5043 49
2
1731 7610 1751
1751 982 49
2
1731 7615 1736
1736 9559 49
2
1731 7616 1949
1949 3803 49
2
1731 7621 2479
2479 4009 49
3
1731 7622 1792
1792 4983 364
364 9886 49
2
1731 7626 2092
2092 1701 49
3
1731 7634 383
383 1041 922
922 7164 49
3
1731 7641 2514
2514 495 1610
1610 1809 49
2
1731 7647 1367
1367 2380 49
2
1731 7656 1048
1048 1595 49
2
1731 7678 190
190 172 49
2
1731 7689 1255
1255 1452 49
2
1731 7691 350
350 9874 49
3
1731 7711 2654
2654 1938 2262
2262 4432 49
2
1731 7725 2213
2213 2671 49
2
1731 7726 1702
1702 8902 49
3
1731 7733 2878
2878 2040 1054
1054 9293 49
3
1731 7735 2934
2934 7158 457
457 1089 49
3
1731 7738 118
118 7794 59
59 9376 49
2
1731 7743 804
804 4048 49
3
1731 7749 992
992 3818 2658
2658 5533 49
3
1731 7751 1118
1118 6889 2657
2657 4160 49
3
1731 7753 1329
1329 2158 2466
2466 8140 49
2
1731 7756 1502
1502 7333 49
3
1731 7761 1926
1926 8835 2240
2240 1793 49
3
1731 7781 1655
1655 5921 778
778 2183 49
2
1731 7788 1867
1867 2209 49
3
1731 7789 594
594 2574 2668
2668 4930 49
2
1731 7796 1804
1804 8189 49
2
1731 7797 294
294 9836 49
3
1731 7798 881
881 3563 824
824 9846 49
2
1731 7799 1609
1609 6666 49
2
1731 7815 2461
2461 4138 49
2
1731 7820 2454
2454 6277 49
2
1731 7824 2898
2898 2734 49
2
1731 7828 196
196 8552 49
2
1731 7830 180
180 9383 49
2
1731 7835 1091
1091 3962 49
2
1731 7838 1550
1550 1217 49
2
1731 7859 2940
2940 3469 49
3
1731 7864 296
296 3552 2699
2699 6637 49
2
1731 7871 2529
2529 8747 49
3
1731 7872 2248
2248 2192 2103
2103 2045 49
2
1731 7877 1844
1844 2424 49
2
1731 7879 1576
1576 6562 49
3
1731 7883 9
9 4196 1611
1611 2059 49
3
1731 7894 887
887 3954 293
293 6316 49
3
1731 7897 1319
1319 2416 568
568 2423 49
2
1731 7898 2467
2467 6356 49
2
1731 7900 638
638 6713 49
2
1731 7909 1312
1312 5910 49
3
1731 7917 2344
2344 5020 1587
1587 3831 49
2
1731 7933 1450
1450 5160 49
2
1731 7938 2912
2912 7590 49
2
1731 7940 2306
2306 3374 49
2
1731 7953 2053
2053 1115 49
3
1731 7962 2784
2784 5216 1282
1282 9386 49
2
1731 7970 2194
2194 8919 49
2
1731 7973 2618
2618 8027 49
3
1731 7976 2077
2077 7143 870
870 4911 49
3
1731 7978 515
515 6777 1111
1111 171 49
2
1731 7984 1675
1675 9734 49
3
1731 7986 2576
2576 3287 2958
2958 7819 49
2
1731 7987 1575
1575 8016 49
2
1731 7989 2058
2058 6235 49
3
1731 7991 2823
2823 7214 2191
2191 8477 49
3
1731 8001 2124
2124 6346 1600
1600 7001 49
3
1731 8024 2109
2109 6312 1346
1346 1744 49
2
1731 8053 2649
2649 4949 49
3
1731 8069 2818
2818 7317 1710
1710 3106 49
3
1731 8077 2937
2937 7385 2343
2343 5762 49
2
1731 8080 1887
1887 1495 49
2
1731 8084 160
160 1934 49
2
1731 8101 624
624 3224 49
2
1731 8105 2096
2096 5491 49
2
1731 8107 2427
2427 5369 49
3
1731 8119 143
143 9469 1705
1705 3399 49
2
1731 8131 1041
1041 6741 49
2
1731 8151 2442
2442 5288 49
2
1731 8152 1991
1991 3433 49
3
1731 8158 1719
1719 9158 2683
2683 4180 49
2
1731 8170 405
405 4384 49
2
1731 8174 1516
1516 7432 49
2
1731 8175 1815
1815 8521 49
2
1731 8176 2877
2877 9993 49
2
1731 8179 1515
1515 1108 49
2
1731 8201 1525
1525 2621 49
3
1731 8205 2317
2317 2400 2333
2333 1079 49
2
1731 8217 1136
1136 667 49
2
1731 8222 55
55 8707 49
3
1731 8224 2604
2604 1373 2393
2393 1209 49
3
1731 8240 1728
1728 5365 2525
2525 6495 49
3
1731 8242 91
91 8954 2390
2390 4668 49
3
1731 8243 988
988 4497 2204
2204 3010 49
2
1731 8244 1342
1342 7429 49
2
1731 8251 305
305 672 49
2
1731 8254 663
663 7128 49
2
1731 8257 1534
1534 3443 49
2
1731 8263 477
477 7662 49
2
1731 8265 231
231 1051 49
3
1731 8266 411
411 1994 1446
1446 2592 49
2
1731 8268 403
403 1246 49
2
1731 8273 1449
1449 3229 49
2
1731 8281 2300
2300 4962 49
3
1731 8290 3
3 2811 2531
2531 8836 49
2
1731 8294 1406
1406 6918 49
2
1731 8295 319
319 1775 49
2
1731 8319 125
125 191 49
3
1731 8321 2775
2775 3051 1273
1273 9185 49
2
1731 8324 1783
1783 6086 49
2
1731 8325 2552
2552 5953 49
2
1731 8351 1632
1632 6850 49
3
1731 8353 213
213 4860 2132
2132 9971 49
2
1731 8369 2433
2433 6538 49
2
1731 8377 977
977 4038 49
2
1731 8389 2632
2632 7157 49
3
1731 8395 2711
2711 2774 1107
1107 7831 49
3
1731 8397 2
2 3014 1953
1953 2967 49
3
1731 8399 1268
1268 96 1005
1005 3580 49
2
1731 8427 1937
1937 5975 49
2
1731 8428 2637
2637 9191 49
2
1731 8429 325
325 9049 49
2
1731 8434 987
987 3015 49
3
1731 8443 2666
2666 3250 1561
1561 1690 49
3
1731 8446 2910
2910 4709 1485
1485 9800 49
2
1731 8455 2196
2196 6054 49
2
1731 8462 326
326 3193 49
2
1731 8463 1251
1251 5925 49
3
1731 8464 1577
1577 1231 717
717 6809 49
2
1731 8465 2623
2623 3963 49
3
1731 8472 565
565 6364 1747
1747 867 49
2
1731 8486 1759
1759 8044 49
2
1731 8491 1619
1619 2056 49
2
1731 8493 1782
1782 6344 49
2
1731 8497 194
194 1693 49
3
1731 8501 1198
1198 3475 149
149 1106 49
3
1731 8507 2995
2995 4406 2041
2041 6591 49
2
1731 8516 1453
1453 4485 49
2
1731 8526 2252
2252 1081 49
2
1731 8538 30
30 8846 49
2
1731 8549 2264
2264 7907 49
3
1731 8556 1875
1875 2339 1429
1429 5970 49
2
1731 8558 2605
2605 9831 49
3
1731 8560 1141
1141 1047 2360
2360 3768 49
2
1731 8561 455
455 882 49
2
1731 8563 2625
2625 1372 49
2
1731 8571 592
592 2920 49
3
1731 8582 1842
1842 3571 2062
2062 9908 49
2
1731 8590 725
725 240 49
2
1731 8596 283
283 684 49
3
1731 8598 2405
2405 2696 2040
2040 3490 49
2
1731 8599 117
117 7050 49
2
1731 8611 575
575 1823 49
2
1731 8632 187
187 7451 49
2
1731 8636 2556
2556 6535 49
2
1731 8638 280
280 5373 49
3
1731 8642 31
31 2311 2406
2406 2310 49
2
1731 8643 661
661 2225 49
2
1731 8651 2048
2048 6245 49
2
1731 8652 499
499 640 49
3
1731 8653 1863
1863 5003 84
84 6700 49
2
1731 8657 1058
1058 7407 49
2
1731 8660 1644
1644 4599 49
3
1731 8666 1681
1681 8586 1032
1032 659 49
3
1731 8682 37
37 2367 2510
2510 8156 49
2
1731 8685 1551
1551 2274 49
2
1731 8690 637
637 8490 49
2
1731 8704 267
267 5337 49
2
1731 8708 2744
2744 4490 49
3
1731 8715 1343
1343 2723 1259
1259 4275 49
2
1731 8730 2380
2380 6262 49
2
1731 8735 1247
1247 5008 49
2
1731 8736 762
762 1718 49
2
1731 8737 2220
2220 9856 49
2
1731 8738 2404
2404 4745 49
3
1731 8743 2864
2864 7446 97
97 8619 49
2
1731 8770 2765
2765 7012 49
2
1731 8772 2944
2944 6178 49
2
1731 8774 158
158 5396 49
2
1731 8776 858
858 5495 49
2
1731 8796 1480
1480 9046 49
2
1731 8816 2430
2430 5049 49
3
1731 8817 863
863 1608 1679
1679 5888 49
3
1731 8825 1023
1023 880 1082
1082 2977 49
3
1731 8827 770
770 6934 1093
1093 950 49
3
1731 8832 2516
2516 4718 776
776 1256 49
3
1731 8837 689
689 3200 348
348 2969 49
3
1731 8840 41
41 3388 1257
1257 2396 49
2
1731 8841 1831
1831 3223 49
3
1731 8860 328
328 6205 1260
1260 6323 49
3
1731 8874 108
108 9315 1767
1767 3557 49
3
1731 8891 1665
1665 5669 51
51 554 49
2
1731 8893 1166
1166 358 49
2
1731 8894 904
904 3231 49
2
1731 8900 1395
1395 1043 49
3
1731 8913 2954
2954 1199 152
152 6788 49
2
1731 8916 1947
1947 8180 49
2
1731 8927 1716
1716 5859 49
2
1731 8945 1595
1595 6134 49
2
1731 8947 1832
1832 2261 49
3
1731 8960 1989
1989 547 146
146 2395 49
2
1731 8964 2607
2607 3982 49
2
1731 8965 2585
2585 8522 49
3
1731 8972 2137
2137 9285 2909
2909 6727 49
2
1731 8973 199
199 9236 49
2
1731 8979 1908
1908 8408 49
3
1731 8984 866
866 4374 301
301 5228 49
2
1731 8989 818
818 7912 49
2
1731 8993 561
561 6908 49
2
1731 9004 2969
2969 6953 49
3
1731 9021 2223
2223 7558 2189
2189 2547 49
2
1731 9025 2396
2396 3501 49
2
1731 9038 98
98 1726 49
2
1731 9057 1130
1130 5625 49
2
1731 9062 542
542 5474 49
2
1731 9095 2413
2413 6080 49
3
1731 9098 1465
1465 6342 93
93 8454 49
3
1731 9100 782
782 9425 1840
1840 4357 49
2
1731 9101 1828
1828 6219 49
2
1731 9114 2580
2580 1098 49
2
1731 9116 1289
1289 808 49
2
1731 9118 314
314 5548 49
2
1731 9134 2183
2183 4576 49
2
1731 9139 2964
2964 9091 49
2
1731 9142 2746
2746 9754 49
2
1731 9149 2440
2440 7120 49
2
1731 9152 395
395 8036 49
2
1731 9161 1042
1042 8758 49
2
1731 9162 1434
1434 7309 49
2
1731 9167 249
249 2057 49
3
1731 9171 1197
1197 3899 2180
2180 9577 49
2
1731 9179 2065
2065 8918 49
2
1731 9180 2485
2485 7642 49
2
1731 9183 476
476 1618 49
2
1731 9203 159
159 6639 49
2
1731 9210 361
361 7229 49
3
1731 9213 1799
1799 3567 2760
2760 3760 49
3
1731 9220 1741
1741 3611 805
805 1609 49
2
1731 9230 1486
1486 835 49
2
1731 9233 2119
2119 73 49
2
1731 9257 1718
1718 5343 49
2
1731 9267 298
298 9035 49
2
1731 9279 1899
1899 8114 49
2
1731 9281 2198
2198 9232 49
3
1731 9286 2160
2160 5484 2562
2562 1610 49
2
1731 9291 882
882 4988 49
2
1731 9298 1540
1540 9066 49
3
1731 9299 916
916 4543 2238
2238 5308 49
2
1731 9300 460
460 4258 49
2
1731 9304 343
343 1844 49
3
1731 9307 527
527 5737 1325
1325 1691 49
2
1731 9311 1614
1614 6874 49
2
1731 9320 772
772 1864 49
2
1731 9321 768
768 1694 49
2
1731 9336 1360
1360 8635 49
2
1731 9339 2800
2800 3153 49
3
1731 9344 1796
1796 9895 949
949 6671 49
2
1731 9349 780
780 1664 49
2
1731 9351 2174
2174 9052 49
3
1731 9355 1974
1974 9581 2182
2182 3529 49
3
1731 9356 614
614 4395 1046
1046 5196 49
2
1731 9372 577
577 5973 49
3
1731 9399 276
276 4087 88
88 6812 49
3
1731 9412 626
626 8072 609
609 8852 49
2
1731 9424 1382
1382 7625 49
3
1731 9429 2328
2328 4277 1428
1428 2543 49
3
1731 9435 1291
1291 7177 1192
1192 7852 49
3
1731 9441 1930
1930 8153 1608
1608 6556 49
2
1731 9442 1112
1112 6856 49
2
1731 9444 1549
1549 5621 49
2
1731 9447 2697
2697 9405 49
2
1731 9451 488
488 1181 49
3
1731 9456 685
685 874 983
983 8983 49
2
1731 9463 1252
1252 212 49
2
1731 9464 1370
1370 1863 49
3
1731 9482 1598
1598 4298 948
948 6739 49
3
1731 9486 826
826 6988 2301
2301 7279 49
3
1731 9487 1494
1494 1289 2735
2735 3945 49
2
1731 9489 1404
1404 2116 49
2
1731 9519 363
363 6303 49
2
1731 9523 1293
1293 2729 49
2
1731 9527 1292
1292 8775 49
2
1731 9530 855
855 9436 49
2
1731 9536 1330
1330 2445 49
3
1731 9541 2779
2779 8014 2110
2110 6050 49
2
1731 9544 1007
1007 3821 49
2
1731 9546 2298
2298 6095 49
2
1731 9548 22
22 483 49
2
1731 9552 1845
1845 9105 49
2
1731 9561 1615
1615 6481 49
3
1731 9564 786
786 3630 2799
2799 1268 49
3
1731 9574 2462
2462 5479 665
665 7170 49
2
1731 9580 521
521 7688 49
2
1731 9587 1543
1543 3150 49
2
1731 9592 2277
2277 7163 49
3
1731 9604 475
475 3783 2279
2279 2564 49
2
1731 9609 1481
1481 6436 49
2
1731 9615 473
473 2666 49
2
1731 9616 1376
1376 368 49
3
1731 9626 1436
1436 7397 2079
2079 9655 49
3
1731 9636 2817
2817 694 845
845 5596 49
2
1731 9643 78
78 5263 49
2
1731 9644 1921
1921 8060 49
2
1731 9645 697
697 2487 49
2
1731 9646 2005
2005 2730 49
3
1731 9650 1208
1208 3714 1951
1951 3225 49
2
1731 9652 827
827 7792 49
2
1731 9658 288
288 1649 49
2
1731 9661 1125
1125 3843 49
2
1731 9679 2716
2716 2154 49
3
1731 9683 1838
1838 9579 2032
2032 3718 49
2
1731 9704 927
927 2648 49
2
1731 9707 2239
2239 678 49
3
1731 9708 150
150 1434 696
696 9539 49
2
1731 9715 938
938 2757 49
2
1731 9717 2730
2730 5785 49
3
1731 9731 1379
1379 2657 1960
1960 9893 49
3
1731 9732 2009
2009 9322 32
32 6423 49
2
1731 9741 1664
1664 2077 49
2
1731 9752 122
122 1515 49
2
1731 9753 1381
1381 3707 49
2
1731 9762 104
104 4992 49
3
1731 9766 814
814 7982 1988
1988 3608 49
2
1731 9770 2086
2086 6425 49
3
1731 9808 1272
1272 6512 2681
2681 3215 49
2
1731 9811 2828
2828 3804 49
3
1731 9828 1066
1066 1892 157
157 1615 49
2
1731 9834 2965
2965 3568 49
2
1731 9835 170
170 7191 49
2
1731 9837 2368
2368 9011 49
3
1731 9844 1031
1031 2683 1246
1246 1176 49
2
1731 9852 1116
1116 7821 49
3
1731 9857 1691
1691 494 1872
1872 8458 49
2
1731 9866 2458
2458 9690 49
3
1731 9867 2738
2738 6389 729
729 8 49
2
1731 9873 2971
2971 6230 49
2
1731 9888 2670
2670 3679 49
3
1731 9894 362
362 9071 2931
2931 6453 49
2
1731 9900 2211
2211 580 49
2
1731 9901 2769
2769 4199 49
3
1731 9904 2143
2143 1409 2099
2099 9302 49
2
1731 9913 2078
2078 6798 49
2
1731 9915 656
656 6105 49
3
1731 9929 2415
2415 9138 1628
1628 1057 49
2
1731 9934 1700
1700 3527 49
2
1731 9938 2936
2936 3440 49
3
1731 9946 1186
1186 6735 748
748 3204 49
2
1731 9967 1745
1745 6859 49
2
1731 9969 1562
1562 2356 49
3
1731 9976 2200
2200 5570 164
164 9590 49
2
1731 9984 1477
1477 7014 49
2
1731 9985 2539
2539 2726 49
3
1731 9991 2168
2168 305 2104
2104 6090 49
3
1731 9999 820
820 715 1059
1059 7845 49
