3
617
1768 507 553
553 40 1660
1660 1701 1546
1546 1869 2656
2656 449 1927
1927 1264 1857
1857 2383 2182
2182 1763 217
217 1651 377
377 2135 1997
1997 1993 1255
1255 1708 2359
2359 686 2969
2969 119 1775
1775 1941 762
762 1740 317
317 1230 2581
2581 77 2125
2125 2447 1103
1103 295 526
526 482 374
374 416 1389
1389 1842 548
548 1831 2987
2987 1849 1434
1434 1798 1785
1785 195 236
236 2051 1628
1628 694 1432
1432 1493 1281
1281 863 417
417 471 624
624 830 523
523 2339 18
18 2244 1675
1675 910 2729
2729 1383 1202
1202 885 1811
1811 953 1681
1681 1461 1805
1805 260 2178
2178 557 1498
1498 1871 1733
1733 737 1560
1560 1241 1964
1964 1991 873
873 892 516
516 2254 842
842 1741 597
597 2329 2738
2738 1653 2648
2648 1739 93
93 505 603
603 2264 1151
1151 627 2727
2727 2024 981
981 1906 1392
1392 2117 1502
1502 1365 718
718 213 424
424 1705 1427
1427 1336 524
524 1715 1670
1670 2067 2897
2897 2231 914
914 1867 1270
1270 764 2159
2159 1615 2942
2942 1205 9
9 946 2841
2841 703 896
896 217 2240
2240 2403 2670
2670 981 2874
2874 2055 814
814 767 689
689 692 491
491 215 1603
1603 1818 957
957 1863 1250
1250 822 2080
2080 2326 1070
1070 1960 2402
2402 518 2699
2699 429 375
375 1286 324
324 1632 1475
1475 747 1157
1157 1201 2152
2152 31 2860
2860 740 2140
2140 1007 2436
2436 668 1257
1257 235 2593
2593 2050 847
847 2336 2740
2740 620 2096
2096 1323 2813
2813 2176 2469
2469 1585 904
904 435 1843
1843 988 302
302 68 883
883 1129 729
729 715 327
327 920 1545
1545 1767 2756
2756 175 1765
1765 1650 666
666 866 1163
1163 1406 1324
1324 198 2243
2243 492 818
818 750 931
931 179 2594
2594 2225 2366
2366 1750 506
506 1883 595
595 1540 1514
1514 1472 2039
2039 840 2627
2627 1451 2440
2440 2365 298
298 1169 1408
1408 999 835
835 1409 2087
2087 1425 1966
1966 468 1077
1077 240 258
258 1399 203
203 1771 1598
1598 262 1073
1073 422 2788
2788 1443 1093
1093 2377 1592
1592 719 270
270 1620 2344
2344 555 2038
2038 900 1174
1174 1939 2571
2571 575 621
621 1757 2053
2053 1016 1423
1423 1206 299
299 1617 2089
2089 591 888
888 66 2281
2281 2111 909
909 465 874
874 413 429
429 1932 2024
2024 1023 2885
2885 678 1835
1835 1971 2771
2771 1161 2743
2743 706 2157
2157 1676 1087
1087 745 2116
2116 638 2388
2388 1781 858
858 483 2425
2425 424 616
616 132 992
992 2004 282
282 1012 208
208 138 1916
1916 1958 2509
2509 1328 2523
2523 2132 627
627 1358 2918
2918 1988 964
964 428 2330
2330 1655 1664
1664 1576 1130
1130 2293 708
708 1259 1344
1344 1496 370
370 1550 911
911 2441 675
675 27 187
187 1277 1831
1831 995 2028
2028 1621 1161
1161 1452 2476
2476 1600 2348
2348 1175 2204
2204 780 2528
2528 127 2102
2102 2212 1120
1120 674 157
157 1524 169
169 151 2680
2680 1022 475
475 807 2905
2905 2327 555
555 768 2861
2861 931 942
942 944 534
534 1855 991
991 968 1308
1308 2056 2986
2986 2411 997
997 1892 2770
2770 1772 2917
2917 1647 1309
1309 1102 2566
2566 1812 1342
1342 704 799
799 1875 300
300 1528 1751
1751 1437 1982
1982 1950 135
135 1320 2701
2701 1053 1962
1962 2433 940
940 1010 2256
2256 1819 358
358 558 2155
2155 222 2708
2708 2164 1734
1734 294 2632
2632 460 2258
2258 939 2893
2893 2311 1854
1854 2068 2066
2066 1165 263
263 152 168
168 893 365
365 1675 2288
2288 998 1310
1310 190 1799
1799 269 1737
1737 1626 1234
1234 1692 2573
2573 622 996
996 2398 1709
1709 209 2420
2420 1373 1283
1283 1611 1848
1848 952 1191
1191 516 1425
1425 2248 88
88 155 2107
2107 1431 643
643 1695 900
900 1956 2083
2083 1913 289
289 1419 1786
1786 1296 2230
2230 2042 478
478 562 1343
1343 189 1042
1042 1917 1271
1271 645 1327
1327 2442 185
185 655 711
711 1728 1793
1793 2009 647
647 667 912
912 1183 2378
2378 1821 1735
1735 2118 1024
1024 2331 1069
1069 1429 1385
1385 204 2246
2246 207 231
231 1548 1359
1359 1791 690
690 604 2579
2579 1501 2151
2151 1907 367
367 2073 20
20 539 2488
2488 1619 1178
1178 581 1807
1807 545 1567
1567 606 853
853 1034 541
541 1030 2838
2838 850 1085
1085 954 318
318 2166 1519
1519 1900 147
147 426 247
247 933 2999
2999 1963 1683
1683 1069 1010
1010 2021 2020
2020 178 349
349 1318 1638
1638 1267 1548
1548 321 2980
2980 1046 404
404 2049 1900
1900 569 661
661 509 220
220 474 2386
2386 1098 612
612 2432 1586
1586 984 1198
1198 1135 1774
1774 795 984
984 751 1046
1046 1094 2375
2375 2195 2887
2887 238 2013
2013 936 1575
1575 1360 1377
1377 1667 1833
1833 1876 2188
2188 65 513
513 2281 2800
2800 28 988
988 397 2678
2678 624 1655
1655 2150 696
696 2349 2757
2757 1589 2921
2921 134 1268
1268 8 809
809 974 1956
1956 1591 1995
1995 1147 2623
2623 1435 2002
2002 2387 2324
2324 228 1613
1613 1104 2287
2287 765 602
602 769 56
56 486 162
162 717 482
482 433 2050
2050 496 1725
1725 2078 562
562 2444 2932
2932 1058 2011
2011 263 2963
2963 48 234
234 498 2958
2958 2174 1364
1364 880 2765
2765 1780 1360
1360 1928 1789
1789 1356 400
400 420 1280
1280 1234 1531
1531 2253 2600
2600 184 781
781 1346 2426
2426 2060 1921
1921 224 1950
1950 1440 1606
1606 724 1849
1849 980 2767
2767 1339 2068
2068 801 813
813 2213 761
761 2158 2741
2741 1657 1236
1236 1785 103
103 312 950
950 1423 2305
2305 1222 2299
2299 2397 1454
1454 1194 2720
2720 1610 1553
1553 2036 174
174 1845 641
641 457 410
410 2255 836
836 2256 2139
2139 2200 577
577 373 659
659 1922 1687
1687 1317 1803
1803 450 1316
1316 2406 2538
2538 2215 1760
1760 26 2490
2490 1029 278
278 777 1025
1025 388 1195
1195 1824 1738
1738 697 2057
2057 1974 2264
2264 226 1766
1766 1613 435
435 881 941
941 1392 2356
2356 1570 2208
2208 722 2482
2482 796 360
360 1683 1464
1464 1178 790
790 1972 442
442 681 707
707 774 628
628 568 826
826 1630 2297
2297 2065 2035
2035 1092 1074
1074 613 2153
2153 2344 1533
1533 534 2090
2090 1703 2753
2753 351 2671
2671 2395 2530
2530 915 1996
1996 1174 182
182 1909 786
786 1898 1064
1064 1961 2205
2205 499 2580
2580 838 1890
1890 1015 2939
2939 786 2202
2202 128 2977
2977 1507 1315
1315 2427 380
380 104 116
116 1131 918
918 200 1864
1864 232 142
142 1083 1954
1954 1167 2736
2736 1878 1494
1494 1672 1508
1508 107 68
68 1915 2370
2370 1039 1118
1118 1665 2034
2034 1525 2531
2531 1354 1301
1301 1075 21
21 1738 1983
1983 1995 2110
2110 1557 2109
2109 1572 1450
1450 1073 2855
2855 2250 1643
1643 815 1289
1289 2193 1506
1506 93 1520
1520 1822 1166
1166 1233 2176
2176 652 1187
1187 580 1145
1145 258 2261
2261 1527 2831
2831 960 61
61 2175 2853
2853 1220 496
496 25 1677
1677 749 2154
2154 2076 2086
2086 1639 1594
1594 2039 652
652 2128 1801
1801 1566 2337
2337 621 1762
1762 1920 8
8 1307 564
564 92 713
713 1663 2511
2511 1560 1422
1422 358 197
197 1598 1897
1897 1934 133
133 72 2124
2124 249 2894
2894 2304 1909
1909 1533 987
987 969 1462
1462 1769 1562
1562 2246 1027
1027 1240 384
384 1468 1086
1086 656 2592
2592 718 266
266 1148 2737
2737 383 2108
2108 121 204
204 970 1839
1839 255 2674
2674 824 1459
1459 193 1274
1274 1759 493
493 1051 430
430 1122 1300
1300 967 297
297 418 925
925 1592 219
219 5 1860
1860 1578 1441
1441 691 2524
2524 2318 1616
1616 2108 2480
2480 1448 828
828 139 1818
1818 333 1405
1405 1025 1129
1129 409 1574
1574 9 1055
1055 1352 545
545 299 1399
1399 1582 2951
2951 1303 2830
2830 1143 983
983 343 1376
1376 565 239
239 662 1823
1823 851 30
30 2277 1813
1813 1545 2316
2316 883 2197
2197 166 1963
1963 2171 926
926 1432 1397
1397 526 2780
2780 1911 150
150 1052 2587
2587 2058 1370
1370 2102 312
312 950 344
344 1026 2044
2044 2297 1091
1091 2285 314
314 1126 69
69 831 2461
2461 379 189
189 15 515
515 734 1726
1726 2316 1156
1156 1634 1319
1319 438 280
280 917 1841
1841 1787 1485
1485 846 2314
2314 1115 64
64 1968 986
986 475 1298
1298 133 2735
2735 730 1246
1246 2274 211
211 2133 2578
2578 353 1579
1579 1504 2036
2036 951 576
576 2369 550
550 1170 863
863 669 221
221 547 427
427 171 2493
2493 372 932
932 2289 1175
1175 1033 1919
1919 2079 989
989 536 549
549 676 2895
2895 1636 2437
2437 1071 2411
2411 760 1325
1325 1874 2783
2783 1309 50
50 993 1171
1171 886 2272
2272 1779 2321
2321 843 2171
2171 1393 543
543 1142 1323
1323 239 1829
1829 392 2588
2588 812 408
408 673 1458
1458 63 195
195 259 213
213 1865 2074
2074 459 460
460 431 2325
2325 782 2758
2758 929 1796
1796 808 49
49 415 1253
1253 1243 1384
1384 793 1976
1976 1382 67
67 1841 5
5 870 2705
2705 349 808
808 1912 1863
1863 342 74
74 964 1637
1637 2380 66
66 540 638
638 544 587
587 1829 2634
2634 1176 593
593 2385 572
572 1494 846
846 278 869
869 975 1587
1587 2101 1728
1728 1446 111
111 481 2824
2824 671 1601
1601 2378 252
252 1880 2629
2629 453 181
181 2077 1910
1910 2027 2998
2998 962 2267
2267 328 2828
2828 2177 1285
1285 140 2329
2329 2183 1657
1657 1045 2721
2721 1587 2834
1137
1768 546 625
625 829 2882
2882 1066 2614
2614 2147 2104
2104 956 2111
2111 338 944
944 1021 530
530 2015 908
908 350 1227
1227 2062 2796
2796 948 1248
1248 1747 1141
1141 2328 2631
2631 571 2877
2877 1324 2668
2668 1885 840
840 2210 2961
2961 223 1814
1814 504 209
209 1969 1114
1114 114 2174
2174 1255 2750
2750 2093 295
295 1019 1526
1526 961 473
473 310 1989
1989 720 2611
2611 1921 2997
2997 700 1693
1693 1125 388
388 2315 158
158 1485 2293
2293 1252 844
844 385 1119
1119 1491 2806
2806 709 2022
2022 1760 458
458 1032 2812
2812 1396 1098
1098 398 1008
1008 878 346
346 1065 604
604 2003 1791
1791 1509 805
805 423 943
943 1275 999
999 1140 2575
2575 1691 1016
1016 560 703
703 625 2691
2691 1109 921
921 644 2871
2871 404 2906
2906 2346 915
915 1775 235
235 270 2711
2711 160 2163
2163 1998 1932
1932 488 2289
2289 159 2231
2231 135 436
436 432 2941
2941 403 433
433 1080 2636
2636 907 793
793 1784 145
145 103 1224
1224 594 2791
2791 2196 719
719 1568 2
2 2413 1047
1047 1185 559
559 452 978
978 1213 645
645 648 170
170 1467 2907
2907 2376 259
259 2322 2639
2639 1748 1881
1881 942 39
39 19 1777
1777 85 1292
1292 821 205
205 2294 51
51 590 608
608 325 699
699 1931 2445
2445 430 1653
1653 1698 276
276 1794 2491
2491 1438 1347
1347 246 1357
1357 798 1940
1940 1074 585
585 1828 2823
2823 1235 1763
1763 1483 2651
2651 1840 10
10 1054 1333
1333 2228 2944
2944 417 1297
1297 556 2558
2558 879 2275
2275 1376 1367
1367 2124 1371
1371 1918 2618
2618 158 1870
1870 804 2915
2915 1539 2273
2273 1624 1430
1430 1444 1678
1678 1242 22
22 2023 2650
2650 1063 2012
2012 1072 2667
2667 1212 1060
1060 489 2459
2459 1061 1221
1221 10 1125
1125 2090 1414
1414 2239 1570
1570 1050 502
502 1633 178
178 360 1066
1066 1833 714
714 2388 2764
2764 1622 2952
2952 973 288
288 1658 2106
2106 506 1718
1718 1888 1394
1394 947 1036
1036 2016 97
97 1330 1184
1184 2143 1496
1496 97 1110
1110 756 936
936 2419 2122
2122 1555 897
897 146 2865
2865 308 785
785 2191 472
472 1042 2218
2218 2443 2814
2814 1313 1698
1698 340 449
449 2408 1847
1847 1454 1478
1478 2199 2156
2156 2452 1772
1772 332 1278
1278 2222 1337
1337 510 1088
1088 642 830
830 1120 2093
2093 748 1825
1825 177 2222
2222 32 821
821 865 1802
1802 921 2009
2009 1011 1904
1904 650 2984
2984 454 2211
2211 180 1411
1411 1350 92
92 1567 782
782 1789 1266
1266 303 2399
2399 1809 1486
1486 322 1054
1054 2283 15
15 79 2168
2168 1884 1041
1041 1116 1128
1128 1899 1340
1340 857 1015
1015 2345 28
28 375 1365
1365 100 340
340 1581 748
748 1341 1264
1264 785 1682
1682 2022 94
94 623 536
536 407 583
583 677 2114
2114 744 2785
2785 1268 2173
2173 596 733
733 832 1965
1965 503 727
727 608 2004
2004 520 305
305 579 2731
2731 101 698
698 935 1846
1846 1192 1539
1539 2348 250
250 874 1742
1742 2155 765
765 1999 845
845 11 2236
2236 1590 860
860 787 582
582 842 1189
1189 2172 600
600 1893 2319
2319 930 2131
2131 605 1717
1717 1347 1190
1190 241 2976
2976 149 870
870 2188 2144
2144 2379 2548
2548 1106 1552
1552 1671 778
778 2122 2949
2949 2370 2709
2709 1711 2449
2449 3 702
702 2384 1593
1593 578 956
956 2038 2973
2973 1929 2672
2672 1279 2728
2728 1736 2448
2448 1207 2940
2940 2455 215
215 1547 2541
2541 823 2817
2817 144 2779
2779 1579 1476
1476 1537 1523
1523 806 2284
2284 1210 773
773 2059 2345
2345 1964 1832
1832 1270 1219
1219 83 149
149 290 787
787 690 859
859 761 1951
1951 755 260
260 1803 1577
1577 1668 1668
1668 957 1020
1020 2129 2362
2362 485 2070
2070 1606 646
646 1081 525
525 868 1722
1722 1228 2787
2787 1248 1880
1880 2134 2007
2007 941 1076
1076 1308 796
796 467 84
84 670 2294
2294 1702 447
447 1351 240
240 1635 2772
2772 1292 1355
1355 1955 2006
2006 2401 1124
1124 1595 395
395 105 2862
2862 1908 609
609 78 850
850 13 1131
1131 150 990
990 711 2227
2227 37 2851
2851 1367 1044
1044 1673 12
12 1097 129
129 1043 2175
2175 2094 686
686 148 1701
1701 1751 2160
2160 1882 127
127 1476 2640
2640 335 745
745 2342 2192
2192 194 2926
2926 1134 682
682 1368 1576
1576 54 490
490 713 1534
1534 585 1061
1061 1305 2761
2761 161 1386
1386 1166 2569
2569 905 2071
2071 991 2747
2747 484 267
267 987 1112
1112 2146 1029
1029 174 1484
1484 1710 2412
2412 2107 1935
1935 593 1913
1913 291 640
640 1327 2914
2914 318 1243
1243 1777 2392
2392 2389 124
124 1273 993
993 1933 635
635 186 938
938 945 1744
1744 848 1216
1216 1786 2235
2235 2161 706
706 634 287
287 396 927
927 1369 2601
2601 1541 2996
2996 493 2676
2676 1269 155
155 29 2250
2250 1469 1137
1137 2292 741
741 1186 306
306 1418 1048
1048 391 2849
2849 2391 1444
1444 1805 2328
2328 1858 959
959 1297 2585
2585 1873 2774
2774 393 2100
2100 1924 2938
2938 2204 2413
2413 41 1067
1067 532 1970
1970 2115 1522
1522 2095 913
913 2085 1975
1975 971 607
607 2258 2520
2520 1952 1702
1702 1371 669
669 250 1116
1116 2181 1011
1011 306 2617
2617 1765 212
212 2437 16
16 170 2406
2406 909 1758
1758 784 2700
2700 164 1800
1800 1411 1139
1139 2044 2910
2910 80 2839
2839 797 1928
1928 2324 2280
2280 598 649
649 1272 2465
2465 102 2781
2781 567 1585
1585 1095 1453
1453 157 335
335 2429 767
767 1261 2577
2577 230 1014
1014 251 2221
2221 937 882
882 550 2957
2957 362 2722
2722 2440 2550
2550 1244 409
409 1603 348
348 2197 1820
1820 448 2424
2424 1730 2719
2719 1737 1127
1127 570 556
556 2363 573
573 231 1349
1349 382 1658
1658 926 55
55 1453 843
843 696 2909
2909 1249 2866
2866 2179 514
514 1253 337
337 1329 1254
1254 2119 2693
2693 592 2950
2950 1187 2979
2979 1457 735
735 2357 2059
2059 1338 1968
1968 1727 2489
2489 2435 2380
2380 441 2199
2199 2430 1581
1581 1688 2410
2410 1442 2248
2248 1139 271
271 1101 2361
2361 236 1923
1923 1806 246
246 1569 887
887 2301 343
343 1087 2883
2883 219 2556
2556 411 2187
2187 2374 2825
2825 113 200
200 835 1143
1143 124 504
504 476 396
396 2409 2725
2725 1013 2354
2354 1943 1865
1865 1 2653
2653 1285 2760
2760 125 2318
2318 67 2899
2899 1364 160
160 1168 2414
2414 1970 35
35 1627 1826
1826 912 2502
2502 1146 2929
2929 588 2503
2503 757 2603
2603 359 1808
1808 665 2213
2213 1887 2966
2966 1384 1449
1449 1716 2121
2121 1556 965
965 1460 2042
2042 1538 2048
2048 955 1304
1304 2061 2105
2105 1503 1794
1794 293 1488
1488 2019 2586
2586 871 2955
2955 377 2663
2663 399 1663
1663 287 851
851 1295 2398
2398 2002 1396
1396 859 1872
1872 370 1590
1590 1669 2357
2357 695 1912
1912 2099 584
584 1070 333
333 896 614
614 2353 1080
1080 2116 2339
2339 237 392
392 1471 2846
2846 663 2220
2220 1079 1855
1855 70 1057
1057 1776 1158
1158 633 456
456 1523 2228
2228 1586 1886
1886 1353 2180
2180 1593 2162
2162 1895 586
586 1967 2927
2927 1316 376
376 2368 1942
1942 1704 2118
2118 2335 2754
2754 315 1379
1379 1742 695
695 165 2021
2021 1897 40
40 1018 1936
1936 1078 1199
1199 62 2198
2198 646 2132
2132 1770 2797
2797 813 2394
2394 2112 2467
2467 406 1554
1554 1735 656
656 2421 2847
2847 1002 976
976 2113 1059
1059 390 1373
1373 1004 2456
2456 1800 1662
1662 1028 632
632 1834 2266
2266 309 2937
2937 2426 2458
2458 387 802
802 2449 1435
1435 273 2695
2695 1872 2282
2282 1816 1612
1612 2123 750
750 1482 2870
2870 34 1622
1622 1223 633
633 257 373
373 1400 2612
2612 584 1436
1436 928 2115
2115 512 71
71 1827 617
617 972 1
1 2351 1121
1121 1761 2686
2686 716 341
341 1877 2993
2993 1276 2620
2620 1137 52
52 248 763
763 1679 331
331 74 1629
1629 1127 871
871 1343 2255
2255 1159 319
319 1477 2271
2271 2382 171
171 2223 2169
2169 30 1517
1517 660 2688
2688 2381 1262
1262 120 394
394 1553 136
136 410 1915
1915 1363 2840
2840 2008 2113
2113 901 2890
2890 1450 1122
1122 412 691
691 841 1167
1167 500 791
791 122 596
596 1552 1821
1821 1422 361
361 1247 697
697 1753 668
668 1141 692
692 141 1621
1621 2275 1177
1177 976 1339
1339 1232 492
492 1531 2065
2065 982 917
917 130 2567
2567 934 2843
2843 2284 754
754 1315 1591
1591 81 2127
2127 2399 2559
2559 1546 611
611 1832 952
952 1209 137
137 444 2694
2694 2220 104
104 1005 303
303 2338 438
438 2201 2401
2401 1274 498
498 1505 1647
1647 1649 2534
2534 1144 1320
1320 1322 886
886 1604 590
590 1629 1305
1305 451 650
650 1543 2438
2438 136 2703
2703 1848 1960
1960 1631 2123
2123 264 2430
2430 1020 2990
2990 2053 2091
2091 1844 947
947 687 2633
2633 2092 198
198 641 2427
2427 300 634
634 2373 148
148 2045 1688
1688 1484 59
59 773 751
751 1107 1035
1035 1723 812
812 1133 2200
2200 117 65
65 1936 857
857 1677 594
594 523 2681
2681 895 1460
1460 1236 2117
2117 1625 90
90 800 2525
2525 185 363
363 440 2486
2486 2074 2544
2544 1289 756
756 2360 1507
1507 1486 2311
2311 2148 979
979 2120 2965
2965 2445 342
342 2286 2793
2793 1408 1352
1352 446 2685
2685 1561 2988
2988 1314 2535
2535 1433 2643
2643 2173 2283
2283 1573 378
378 2453 1665
1665 513 105
105 1758 868
868 60 338
338 2364 466
466 2046 2203
2203 2141 77
77 2267 1515
1515 1401 2300
2300 818 1895
1895 2299 2789
2789 1184 671
671 1490 2543
2543 572 107
107 220 313
313 589 2820
2820 1145 963
963 443 2742
2742 683 85
85 1132 560
560 188 2733
2733 1976 232
232 2262 489
489 162 1504
1504 845 415
415 1172 1836
1836 464 2540
2540 728 2582
2582 2066 2303
2303 817 1149
1149 2266 856
856 1263 2859
2859 1530 2647
2647 2194 2045
2045 1985 1830
1830 2084 2363
2363 1957 154
154 497 2249
2249 763 1090
1090 2392 639
639 2317 1437
1437 2165 1609
1609 1788 177
177 635 29
29 884 347
347 289 849
849 1997 2055
2055 2106 2130
2130 1225 2133
2133 2032 1568
1568 1293 2064
2064 245 2183
2183 1462 1917
1917 1580 579
579 1601 54
54 2282 1957
1957 566 739
739 1372 747
747 1488 2310
2310 521 95
95 1764 798
798 958 2245
2245 861 1322
1322 889 1986
1986 20 2662
2662 916 2207
2207 1416 291
291 1465 1770
1770 2410 620
620 1644 2606
2606 2169 2522
2522 1385 330
330 966 2390
2390 714 2277
2277 743 254
254 1678 391
391 2423 2947
2947 1036 684
684 1994 1295
1295 1357 642
642 1445 1420
1420 672 2018
2018 2218 2352
2352 2237 2510
2510 626 1387
1387 1726 1694
1694 1031 2802
2802 376 190
190 600 2046
2046 1091 1445
1445 1310 328
328 2425 1197
1197 439 1366
1366 1459 1235
1235 2152 1674
1674 872 2515
2515 1861 1489
1489 473 431
431 1403 2795
2795 1056 1873
1873 1359 38
38 2359 898
898 1712 2913
2913 1901 2724
2724 582 2212
2212 108 1708
1708 682 2666
2666 802 1208
1208 297 1537
1537 252 432
432 1239 2739
2739 183 1939
1939 989 2315
2315 1661 1126
1126 1024 1194
1194 1342 193
193 1973 48
48 361 1233
1233 1238 83
83 2295 2112
2112 1588 1334
1334 1666 2015
2015 610 1730
1730 47 1428
1428 790 1136
1136 2182 2863
2863 2296 1242
1242 1720 2985
2985 628 838
838 2214 406
406 2162 1711
1711 2312 1773
1773 783 465
465 2104 1331
1331 1846 2923
2923 1151 1788
1788 1470 672
672 992 2884
2884 632 1180
1180 1866 2428
2428 44 2630
2630 1208 1452
1452 1914 2854
2854 1534 1111
1111 511 2433
2433 2343 296
296 490 1089
1089 2340 138
138 1978 2547
2547 2130 681
681 1811 188
188 1905 1551
1551 1674 2145
2145 169 1500
1500 469 1607
1607 2352 517
517 891 2077
2077 247 2393
2393 979 1442
1442 666 2092
2092 1515 2241
2241 52 443
443 1719 1946
1946 1724 1714
1714 2170 1000
1000 1986 770
770 563 2496
2496 1755 934
934 1463 2816
2816 1224 1409
1409 1799 2347
2347 925 2150
2150 1522 301
301 1886 848
848 1521 2730
2730 1859 1006
1006 1136 2353
2353 1762 1348
1348 2354 2931
2931 330 2190
2190 313 1033
1033 2415 1648
1648 1594 279
279 4 130
130 1256 2408
2408 1596 2710
2710 1221 723
723 1896 2848
2848 994 1736
1736 367 1719
1719 1040 732
732 1480 2714
2714 84 2497
2497 288 680
680 187 2755
2755 116 777
777 733 141
141 1119 416
416 684 794
794 1424 1906
1906 1099 651
651 1923 2008
2008 2110 1374
1374 2358 1176
1176 2240 1455
1455 1562 1261
1261 1100 2364
2364 1361 2158
2158 455 362
362 1394 924
924 1680 1299
1299 1381 256
256 115 894
894 1795 326
326 2451 1931
1931 2416 1043
1043 1670 2615
2615 1499 648
648 551 199
199 983 2595
2595 736 355
355 317 113
113 419 19
19 1335 1973
1973 1149 1192
1192 1717 511
511 242 405
405 778 1492
1492 1258 685
685 1370 2610
2610 1084 2934
2934 2153 736
736 36 63
63 421 245
245 1749 418
418 106 2616
2616 1535 2302
2302 1946 1021
1021 688 2970
2970 2011 2005
2005 268 194
194 221 1924
1924 2333 469
469 2314 2254
2254 524 2403
2403 1001 485
485 1756 2499
2499 173 1690
1690 2030 144
144 298 2946
2946 651 2995
2995 1731 2557
2557 1992 2975
2975 1355 958
958 368 2924
2924 1458 1480
1480 329 1105
1105 275 2252
2252 549 510
510 394 1980
1980 1441 366
366 1027 1206
1206 864 1404
1404 1690 2746
2746 395 1971
1971 752 2562
2562 156 2933
2933 470 1321
1321 1983 1368
1368 109 1273
1273 352 2597
2597 1700 2778
2778 1421 76
76 1685 264
264 285 866
866 2431 2084
2084 2300 1626
1626 1114 890
890 463 1513
1513 1879 1378
1378 1112 477
477 89 2322
2322 1282 322
322 2439 471
471 1226 26
26 1745 2948
2948 172 2290
2290 2291 1382
1382 279 877
877 1571 1497
1497 2034 1470
1470 2279 2660
2660 723 1776
1776 1919 1188
1188 1860 1822
1822 1559 1038
1038 531 1140
1140 2287 1889
1889 1090 1812
1812 1614 1215
1215 2069 1667
1667 2040 1214
1214 2325 293
293 2006 2037
2037 2308 2191
2191 55 2598
2598 284 2085
2085 1966 1318
1318 583 2920
2920 16 2971
2971 1979 2889
2889 1520 547
547 357 480
480 266 2748
2748 286 2073
2073 2149 725
725 1294 2561
2561 2261 1019
1019 1563 2608
2608 839 89
89 741 80
80 855 2457
2457 147 42
42 1326 1743
1743 1321 1030
1030 898 881
881 1642 1795
1795 1404 2537
2537 1298 985
985 727 2141
2141 1173 323
323 938 2259
2259 2198 73
73 400 539
539 630 1483
1483 2372 2484
2484 326 2786
2786 1103 2815
2815 2243 509
509 2192 41
41 2321 1764
1764 731 1953
1953 1766 2170
2170 1428 2751
2751 57 1972
1972 530 2094
2094 1953 2471
2471 502 2904
2904 2347 1623
1623 814 2143
2143 1216 1383
1383 2207 2898
2898 689 2172
2172 1202 1081
1081 2367 1479
1479 1864 1810
1810 609 2645
2645 408 132
132 553 2072
2072 154 1433
1433 1096 357
357 478 2928
2928 364 734
734 2001 2147
2147 1945 2239
2239 1660 522
522 612 658
658 1217 1978
1978 586 1335
1335 1519 2209
2209 2168 2285
2285 2072 2029
2029 1498 248
248 2028 325
325 657 2844
2844 1597 1286
1286 2052 1557
1557 1060 532
532 17 1218
1218 2396 2763
2763 2434 2052
2052 1996 2379
2379 2048 1661
1661 51 1186
1186 1894 294
294 202 2545
2545 2305 206
206 2017 2819
2819 33 1816
1816 856 1703
1703 1331 1859
1859 233 1990
1990 911 1326
1326 949 1232
1232 1851 2994
2994 480 2803
2803 810 872
872 1349 1288
1288 1903 1172
1172 371 677
677 2394 96
96 1378 1123
1123 1377 274
274 636 722
722 369 1987
1987 1732 2508
2508 2026 1431
1431 427 2880
2880 1565 2704
2704 2238 1749
1749 1475 544
544 639 1713
1713 1474 1284
1284 1366 1346
1346 2142 1142
1142 721 1276
1276 712 1614
1614 2366 87
87 2190 2058
2058 143 1108
1108 12 771
771 1227 2991
2991 996 676
676 2126 1979
1979 2136 2555
2555 599 2019
2019 754 910
910 2037 1183
1183 2278 1724
1724 1262 1918
1918 794 2196
2196 1108 227
227 1302 1026
1026 1948 1417
1417 1868 2665
2665 86 2306
2306 1299 1084
1084 1420 865
865 53 1068
1068 1584 1691
1691 1064 1152
1152 1265 875
875 1088 309
309 1646 479
479 1287 201
201 1283 1022
1022 447 1908
1908 2100 2892
2892 2071 905
905 1718 766
766 2087 2649
2649 862 1988
1988 919 228
228 1038 2374
2374 617 2076
2076 1954 1898
1898 2356 2521
2521 495 109
109 1681 2016
2016 2375 389
389 1009 1395
1395 1044 1225
1225 1481 1049
1049 1526 1699
1699 253 2762
2762 732 255
255 552 854
854 2186 749
749 1512 827
827 2189 434
434 1870 2301
2301 699 425
425 271 2224
2224 2105 810
810 658 1680
1680 1130 1469
1469 2290 2376
2376 216 1265
1265 1398 1410
1410 283 1630
1630 654 2527
2527 1696 1107
1107 2355 1584
1584 1387 24
24 1699 1644
1644 576 2637
2637 46 60
60 637 2978
2978 7 1925
1925 1744 1707
1707 1564 1967
1967 75 2641
2641 1551 1213
1213 1854 1540
1540 2018 2964
2964 897 2533
2533 168 1311
1311 834 2447
2447 280 2799
2799 1544 4
4 2400 98
98 693 1937
1937 2319 605
605 1542 1372
1372 1456 1992
1992 2309 2381
2381 355 1109
1109 2393 557
557 461 757
757 1942 1313
1313 1656 46
46 76 419
419 1180 1527
1527 1246 1472
1472 825 2253
2253 472 2279
2279 1706 1133
1133 2202 567
567 1638 2834
702
1768 2013 1529
1529 87 2313
2313 261 2867
2867 772 2655
2655 1709 1875
1875 1017 495
495 2020 1604
1604 2121 53
53 1111 249
249 1612 134
134 2323 1994
1994 1006 2478
2478 14 311
311 1426 1293
1293 2288 895
895 1965 1652
1652 664 1153
1153 1123 2418
2418 366 2179
2179 1204 920
920 739 230
230 1164 1065
1065 1306 1354
1354 1881 1597
1597 2236 811
811 2070 2654
2654 2096 2307
2307 959 2583
2583 110 241
241 1583 2217
2217 1260 1052
1052 791 1275
1275 640 1467
1467 2260 2343
2343 965 619
619 2031 1547
1547 324 1245
1245 2 1230
1230 1793 474
474 2216 43
43 1725 2003
2003 1049 1471
1471 2241 797
797 1889 2744
2744 811 1710
1710 985 243
243 1196 788
788 877 969
969 1856 1421
1421 1975 623
623 2247 1092
1092 311 2371
2371 2098 701
701 2235 2832
2832 1687 261
261 1311 308
308 1077 251
251 1752 538
538 587 1732
1732 2251 1769
1769 847 1679
1679 1291 574
574 401 1780
1780 619 1998
1998 924 2216
2216 434 1615
1615 1782 106
106 192 2342
2342 1163 1050
1050 1554 191
191 542 1358
1358 1532 273
273 1902 1862
1862 199 2032
2032 2302 654
654 1890 2358
2358 1188 1809
1809 1057 885
885 1517 284
284 1801 2953
2953 2043 1117
1117 1823 2713
2713 906 387
387 214 1240
1240 1085 2421
2421 1722 423
423 2265 977
977 1904 1162
1162 281 2031
2031 1838 2014
2014 56 705
705 1662 2051
2051 2151 825
825 1693 1610
1610 2157 1627
1627 1686 414
414 243 428
428 1575 2193
2193 320 1002
1002 1487 122
122 1516 2683
2683 2005 2875
2875 595 2621
2621 1734 1418
1418 1729 1705
1705 1981 488
488 334 1600
1600 597 58
58 742 1602
1602 1211 1617
1617 2371 72
72 577 2858
2858 1982 1599
1599 381 100
100 882 2136
2136 914 1495
1495 1086 2023
2023 274 2103
2103 2163 1544
1544 1937 1550
1550 1492 121
121 2139 1572
1572 2249 1419
1419 849 1759
1759 1813 2391
2391 1152 2804
2804 844 1752
1752 91 505
505 1237 2962
2962 344 1132
1132 153 759
759 1379 2384
2384 1215 1536
1536 1155 459
459 607 1941
1941 208 2075
2075 1616 2040
2040 1439 546
546 1290 1147
1147 131 2120
2120 341 1538
1538 1608 440
440 2081 2669
2669 2109 998
998 2402 2260
2260 2226 2902
2902 1413 901
901 123 163
163 2268 2043
2043 1466 225
225 414 1440
1440 1808 768
768 82 2644
2644 2012 1466
1466 653 961
961 661 1959
1959 1599 578
578 402 2908
2908 487 1138
1138 649 1160
1160 1850 662
662 1110 202
202 680 1631
1631 2407 2030
2030 1804 1891
1891 2103 1100
1100 1067 468
468 2234 265
265 729 665
665 1391 508
508 265 949
949 35 1633
1633 1857 899
899 1389 1303
1303 2047 351
351 2086 2475
2475 1648 801
801 533 1624
1624 1602 2474
2474 548 1477
1477 2446 2766
2766 2272 1926
1926 111 2229
2229 2232 1079
1079 1089 975
975 304 2659
2659 1154 2069
2069 456 792
792 1637 223
223 1506 1530
1530 827 831
831 21 1263
1263 182 31
31 1254 2726
2726 1810 1521
1521 2350 970
970 2211 2372
2372 990 1101
1101 538 1097
1097 2257 2605
2605 701 1729
1729 2057 1933
1933 2298 2864
2864 781 2922
2922 1003 1885
1885 323 1482
1482 2083 2367
2367 2010 99
99 1325 1083
1083 1835 569
569 803 1353
1353 2219 117
117 2041 336
336 643 1882
1882 2206 320
320 854 507
507 363 1072
1072 2337 764
764 522 1229
1229 218 880
880 1251 575
575 705 2265
2265 2180 971
971 491 884
884 301 1220
1220 1048 91
91 1951 368
368 1618 2850
2850 2271 1400
1400 2000 1784
1784 337 721
721 1628 2286
2286 2082 1755
1755 1374 1727
1727 2063 2954
2954 2014 1226
1226 1925 2487
2487 50 1645
1645 2270 673
673 1510 1844
1844 137 744
744 22 166
166 2131 1361
1361 1707 2879
2879 1820 679
679 1190 2930
2930 1124 2404
2404 611 1558
1558 707 738
738 904 1542
1542 2303 125
125 860 1524
1524 537 1426
1426 61 1636
1636 574 1753
1753 1386 1583
1583 2091 2142
2142 888 126
126 425 2435
2435 869 581
581 1162 626
626 1792 1797
1797 543 1053
1053 1518 2513
2513 618 226
226 2361 2095
2095 2127 2423
2423 1549 724
724 1257 2546
2546 88 1005
1005 894 2296
2296 1478 1290
1290 1852 455
455 436 2698
2698 2088 486
486 710 1580
1580 1340 2061
2061 1182 1201
1201 1643 1673
1673 442 483
483 2307 1473
1473 6 2560
2560 918 2876
2876 1935 2470
2470 378 1892
1892 23 364
364 1380 454
454 1797 598
598 1607 1695
1695 2273 2505
2505 1721 444
444 267 1099
1099 1436 610
610 799 2936
2936 1219 500
500 789 1641
1641 345 889
889 2156 268
268 2436 123
123 616 196
196 59 114
114 1987 2775
2775 1984 79
79 1949 1168
1168 2159 6
6 2227 1656
1656 1199 2473
2473 1037 674
674 1959 967
967 1938 1350
1350 2208 2309
2309 753 1312
1312 2097 369
369 2280 1463
1463 384 453
453 501 755
755 1697 2514
2514 2454 2079
2079 2221 413
413 1334 2129
2129 1414 962
962 1768 861
861 1529 1853
1853 2184 1302
1302 1055 2134
2134 2007 399
399 1847 2745
2745 227 893
893 296 463
463 1796 398
398 1427 1279
1279 211 1746
1746 725 275
275 181 789
789 1113 1850
1850 1191 833
833 58 822
822 1623 2798
2798 2064 834
834 1412 216
216 1609 1948
1948 1332 1672
1672 380 437
437 525 1958
1958 2330 2194
2194 2230 2400
2400 978 1723
1723 196 14
14 1853 615
615 458 1345
1345 2137 1804
1804 2054 2673
2673 1500 2270
2270 2269 2346
2346 1158 1001
1001 1733 1251
1251 2224 1446
1446 2125 2716
2716 647 980
980 2233 2215
2215 1574 693
693 1312 1608
1608 867 1883
1883 1930 2101
2101 2252 1094
1094 276 2891
2891 1397 1023
1023 792 1685
1685 201 937
937 1916 487
487 702 1731
1731 1128 758
758 603 2752
2752 1218 2900
2900 1944 1291
1291 2362 1267
1267 836 411
411 229 120
120 1430 1391
1391 887 622
622 1926 892
892 601 2317
2317 1977 439
439 1281 2494
2494 2412 2982
2982 1837 1307
1307 629 290
290 1640 2067
2067 316 2195
2195 922 2054
2054 1179 2661
2661 1203 1856
1856 873 1779
1779 99 503
503 541 1223
1223 1405 752
752 1250 533
533 98 2479
2479 210 1424
1424 1495 2888
2888 2404 1063
1063 1843 1721
1721 1817 953
953 977 1595
1595 1778 1181
1181 890 565
565 2217 421
421 142 2912
2912 519 1356
1356 479 62
62 94 1961
1961 858 995
995 1062 973
973 1304 385
385 615 382
382 2424 238
238 528 1817
1817 43 657
657 788 1144
1144 2138 1244
1244 771 2041
2041 205 613
613 386 1239
1239 319 653
653 1830 1078
1078 2145 1238
1238 1862 1697
1697 1694 554
554 1177 2166
2166 1449 1402
1402 1684 315
315 698 2181
2181 2448 501
501 1153 2441
2441 314 715
715 197 2184
2184 437 1401
1401 963 1943
1943 986 461
461 2178 2483
2483 2075 183
183 1181 1692
1692 2386 1642
1642 1754 667
667 1962 420
420 903 283
283 1035 2025
2025 1288 1686
1686 1645 902
902 1814 2336
2336 1402 820
820 1121 2565
2565 38 1031
1031 1502 1893
1893 1138 334
334 1041 2242
2242 1093 1907
1907 1514 589
589 1783 379
379 2420 2395
2395 1947 2206
2206 2245 2563
2563 1059 1851
1851 2025 1269
1269 39 618
618 95 1757
1757 1000 1071
1071 1774 2687
2687 462 2542
2542 805 2590
2590 1511 143
143 932 1879
1879 564 2664
2664 389 2164
2164 348 2189
2189 852 2326
2326 477 819
819 1682 2409
2409 1344 1222
1222 1513 2807
2807 1245 1012
1012 2306 2167
2167 573 1056
1056 1160 1930
1930 515 1154
1154 292 1341
1341 1689 2338
2338 1105 1666
1666 339 636
636 820 1512
1512 42 457
457 1156 1984
1984 2080 2811
2811 833 2450
2450 1082 2368
2368 735 933
933 1654 829
829 816 2777
2777 365 2551
2551 1536 1903
1903 1407 386
386 2259 1532
1532 1807 2773
2773 244 1203
1203 614 2431
2431 708 2628
2628 1497 2128
2128 1271 1625
1625 779 1949
1949 2029 720
720 1652 1034
1034 234 2088
2088 1558 535
535 1229 118
118 1714 2351
2351 1989 972
972 561 2626
2626 1231 102
102 776 2553
2553 1489 2419
2419 1333 1566
1566 1284 2268
2268 225 446
446 602 2033
2033 1014 1501
1501 1773 277
277 514 2529
2529 49 2769
2769 254 352
352 2332 356
356 1940 769
769 943 2320
2320 163 445
445 145 644
644 445 2481
2481 1910 173
173 1068 152
152 331 2210
2210 18 837
837 71 2365
2365 1362 1556
1556 940 683
683 129 2047
2047 1195 591
591 659 2126
2126 1815 935
935 2035 452
452 685 1888
1888 1388 2385
2385 354 2622
2622 405 1362
1362 272 2822
2822 302 2081
2081 1118 951
951 766 1639
1639 554 1778
1778 1417 229
229 90 637
637 1464 928
928 2209 1650
1650 1410 2063
2063 679 2463
2463 1455 2564
2564 1980 1528
1528 1076 242
242 2438 34
34 2242 1573
1573 2428 2707
2707 1990 2657
2657 1345 1969
1969 902 2872
2872 45 2295
2295 2229 2607
2607 1447 1834
1834 1171 753
753 356 929
929 1479 371
371 212 803
803 191 1314
1314 1348 982
982 1266 2768
2768 559 2570
2570 176 1196
1196 112 2852
2852 1375 879
879 1839 1866
1866 2417 1991
1991 1008 1398
1398 1193 716
716 2456 1412
1412 2140 1165
1165 738 945
945 1605 1003
1003 2405 167
167 347 1792
1792 1473 2269
2269 1659 2000
2000 758 700
700 1746 101
101 819 2382
2382 2320 1505
1505 631 1716
1716 876 1032
1032 2341 1798
1798 2422 1756
1756 2450 663
663 1150 1018
1018 1214 1413
1413 1836 1955
1955 2185 2835
2835 762 2718
2718 2203 2692
2692 2144 1511
1511 1200 1256
1256 206 2226
2226 2114 954
954 913 350
350 1415 339
339 1280 1618
1618 1157 2690
2690 2033 2453
2453 1434 32
32 1802 176
176 1891 1747
1747 2187 272
272 927 1676
1676 1197 2274
2274 1390 2956
2956 535 1596
1596 1189 2878
2878 305 599
599 508 855
855 1117 119
119 203 2589
2589 118 529
529 346 2323
2323 1641 2549
2549 96 2821
2821 2390 2568
2568 527 1740
1740 746 2504
2504 1300 1306
1306 1337 2298
2298 64 244
244 1508 1317
1317 1047 1605
1605 466 876
876 374 760
760 675 44
44 809 1985
1985 2414 1999
1999 1577 1369
1369 1319 1589
1589 126 2334
2334 826 852
852 1395 2262
2262 726 2468
2468 2160 1806
1806 775 354
354 2263 816
816 875 968
968 529 2682
2682 1198 1715
1715 853 807
807 1790 3000
3000 828 1004
1004 1278 1569
1569 307 2572
2572 2089 1135
1135 1664 1380
1380 770 2355
2355 167 1564
1564 2313 11
11 1743 2026
2026 899 2396
2396 69 1981
1981 2310 476
476 282 780
780 1825 372
372 2167 186
186 2334 1824
1824 24 1115
1115 2418 1164
1164 837 2335
2335 327 2460
2460 997 1947
1947 1713 1447
1447 2205 2232
2232 336 2911
2911 923 2451
2451 256 1155
1155 73 2312
2312 277 2360
2360 1301 743
743 1927 824
824 517 175
175 1826 426
426 494 2407
2407 2276 2792
2792 908 2886
2886 2154 36
36 759 2834
