14
5
526 79 1760
1760 8858 2052
2052 921 2790
2790 1945 2117
2117 2868 363
4
526 544 960
960 6198 1185
1185 6305 1741
1741 6144 363
5
526 1385 2565
2565 1354 2309
2309 7264 527
527 6116 1523
1523 2234 363
5
526 1699 2355
2355 8331 2205
2205 7893 1510
1510 5620 333
333 8110 363
4
526 2208 767
767 5116 1588
1588 6822 2844
2844 5856 363
5
526 2343 681
681 4525 211
211 8159 1236
1236 2478 2465
2465 5977 363
6
526 3013 1834
1834 204 413
413 7743 703
703 31 2984
2984 4756 2718
2718 7491 363
6
526 3096 613
613 4194 2389
2389 4088 1470
1470 9913 1617
1617 2718 2876
2876 9312 363
3
526 5935 2621
2621 9201 580
580 863 363
5
526 5954 1550
1550 3223 1015
1015 7032 1958
1958 6526 2545
2545 6245 363
6
526 6059 2595
2595 6709 808
808 9989 2436
2436 938 2347
2347 6421 1732
1732 7072 363
4
526 8162 2894
2894 1046 1197
1197 5089 1858
1858 7358 363
5
526 8168 2970
2970 1901 2623
2623 752 2249
2249 2551 1254
1254 2100 363
4
526 9317 293
293 617 2239
2239 8137 341
341 8842 363
