12
6
2152 2189 1178
1178 2948 2635
2635 6994 1562
1562 9021 2731
2731 4663 1906
1906 4980 2019
6
2152 2207 1065
1065 1070 2053
2053 156 898
898 956 2654
2654 4445 1064
1064 2223 2019
6
2152 3095 2022
2022 220 968
968 1758 2384
2384 464 429
429 9565 739
739 2411 2019
5
2152 3249 1857
1857 3822 1368
1368 9905 522
522 2443 1895
1895 9499 2019
4
2152 5311 2935
2935 5238 2580
2580 8917 1188
1188 6255 2019
7
2152 5460 2212
2212 5710 2804
2804 1522 2581
2581 1600 1384
1384 9343 173
173 2538 1413
1413 6594 2019
5
2152 5771 2395
2395 2921 1506
1506 3739 1928
1928 4485 1851
1851 3643 2019
3
2152 6088 1879
1879 5681 665
665 2642 2019
6
2152 6425 1722
1722 7706 2807
2807 710 1005
1005 1912 2402
2402 1236 1653
1653 8118 2019
6
2152 6728 1089
1089 3233 1556
1556 721 215
215 5959 563
563 9774 2088
2088 7828 2019
5
2152 7827 2790
2790 5185 2966
2966 55 460
460 8559 1484
1484 7068 2019
7
2152 8878 1468
1468 7681 2067
2067 9658 2733
2733 5020 1812
1812 3353 179
179 506 1869
1869 6802 2019
