440
4
2187 2 2893
2893 5333 1585
1585 796 693
693 2167 2377
4
2187 7 847
847 2047 2203
2203 1203 2796
2796 294 2377
4
2187 8 1709
1709 1959 650
650 1814 509
509 1920 2377
4
2187 11 2301
2301 6476 2473
2473 1304 1170
1170 4440 2377
4
2187 12 2859
2859 7936 834
834 1782 1080
1080 961 2377
4
2187 15 2379
2379 2415 1973
1973 2255 2750
2750 1696 2377
4
2187 17 2121
2121 7937 2505
2505 7776 275
275 2160 2377
4
2187 25 1751
1751 5786 2014
2014 1072 612
612 1369 2377
4
2187 26 533
533 3658 2342
2342 196 1122
1122 2928 2377
4
2187 33 106
106 3811 2450
2450 2113 1561
1561 566 2377
4
2187 34 1547
1547 6069 2532
2532 4453 2929
2929 2036 2377
4
2187 46 451
451 5051 1965
1965 48 2736
2736 4329 2377
4
2187 54 504
504 656 2073
2073 399 1975
1975 1756 2377
4
2187 59 418
418 7969 2820
2820 3721 934
934 452 2377
4
2187 71 2422
2422 7059 166
166 2689 854
854 943 2377
4
2187 74 1373
1373 7851 2574
2574 1879 2911
2911 4 2377
4
2187 75 837
837 4066 1343
1343 1199 1560
1560 92 2377
4
2187 82 168
168 6852 2531
2531 4958 2161
2161 316 2377
4
2187 88 2230
2230 6394 568
568 7186 909
909 2051 2377
4
2187 101 1346
1346 5812 1818
1818 5529 2673
2673 1244 2377
4
2187 109 2794
2794 956 2748
2748 2992 2128
2128 703 2377
4
2187 111 1475
1475 6659 1159
1159 4442 2593
2593 1109 2377
4
2187 112 1214
1214 2357 46
46 3769 2306
2306 244 2377
4
2187 127 2884
2884 4448 252
252 6038 330
330 3429 2377
4
2187 131 1245
1245 5135 2158
2158 1270 805
805 1258 2377
4
2187 134 2631
2631 2799 1902
1902 20 304
304 2279 2377
4
2187 139 2034
2034 3617 1444
1444 7613 2553
2553 2934 2377
4
2187 141 20
20 6380 541
541 2497 494
494 2294 2377
4
2187 166 1822
1822 6961 1627
1627 4853 2237
2237 520 2377
4
2187 179 1681
1681 6124 71
71 1162 727
727 574 2377
4
2187 183 2570
2570 1363 2083
2083 2451 2381
2381 3922 2377
4
2187 184 69
69 880 1084
1084 692 404
404 792 2377
4
2187 186 1623
1623 7180 200
200 3334 2561
2561 3722 2377
4
2187 189 2305
2305 6515 1012
1012 5518 2244
2244 1288 2377
4
2187 191 877
877 5973 289
289 229 2546
2546 2358 2377
4
2187 194 1663
1663 2443 1612
1612 4390 2701
2701 925 2377
4
2187 198 169
169 6437 617
617 6349 1522
1522 1124 2377
4
2187 200 1388
1388 2480 1562
1562 2057 1510
1510 1498 2377
4
2187 213 2637
2637 2866 2739
2739 7314 685
685 3461 2377
4
2187 215 450
450 5366 921
921 3552 983
983 209 2377
4
2187 216 1114
1114 3299 1496
1496 7667 1859
1859 2264 2377
4
2187 224 2043
2043 1028 2462
2462 4656 1683
1683 1803 2377
4
2187 233 711
711 3583 2527
2527 3607 2576
2576 3912 2377
4
2187 242 1492
1492 5756 42
42 600 2420
2420 149 2377
4
2187 245 1056
1056 5476 2709
2709 680 1790
1790 105 2377
4
2187 256 2442
2442 3098 2592
2592 2913 209
209 4703 2377
4
2187 267 2924
2924 5886 671
671 5989 1653
1653 1372 2377
4
2187 269 1321
1321 1351 115
115 7376 1187
1187 660 2377
4
2187 277 2091
2091 3375 1629
1629 3119 1982
1982 292 2377
4
2187 285 1574
1574 3192 2209
2209 1549 658
658 884 2377
4
2187 308 186
186 7545 1710
1710 2339 163
163 3872 2377
4
2187 311 1147
1147 5378 2029
2029 4086 2661
2661 1328 2377
4
2187 321 326
326 3038 1897
1897 1975 1242
1242 3039 2377
4
2187 325 880
880 3113 408
408 1220 2272
2272 2199 2377
4
2187 328 643
643 917 2315
2315 2717 1901
1901 1916 2377
4
2187 334 1062
1062 5110 1067
1067 97 2963
2963 2490 2377
4
2187 338 2819
2819 1131 1166
1166 4446 2051
2051 1437 2377
4
2187 341 189
189 6687 297
297 2602 1269
1269 6622 2377
4
2187 346 2300
2300 7671 1632
1632 1508 964
964 6369 2377
4
2187 351 2684
2684 713 2347
2347 6434 336
336 3230 2377
4
2187 352 1238
1238 3319 1455
1455 63 231
231 4215 2377
4
2187 358 167
167 7259 1817
1817 6431 2057
2057 6 2377
4
2187 359 2136
2136 4251 402
402 363 2800
2800 240 2377
4
2187 370 2448
2448 4087 1184
1184 1652 192
192 2326 2377
4
2187 371 2883
2883 171 2749
2749 7691 1129
1129 1150 2377
4
2187 373 1931
1931 3709 1646
1646 730 320
320 528 2377
4
2187 379 2200
2200 2418 2067
2067 3195 1470
1470 3219 2377
4
2187 381 1273
1273 7962 1034
1034 1145 2413
2413 2373 2377
4
2187 384 1815
1815 3217 695
695 3156 2771
2771 4801 2377
4
2187 387 1419
1419 1697 2451
2451 133 360
360 1172 2377
4
2187 398 1210
1210 5251 2498
2498 6831 829
829 3838 2377
4
2187 400 2651
2651 135 571
571 2374 1553
1553 3122 2377
4
2187 410 1247
1247 1495 308
308 6054 1672
1672 1183 2377
4
2187 412 2620
2620 7169 630
630 4019 2314
2314 268 2377
4
2187 416 58
58 2029 873
873 3099 2746
2746 2361 2377
4
2187 425 592
592 2038 1844
1844 1677 739
739 1387 2377
4
2187 431 2211
2211 4491 1383
1383 2655 1109
1109 1360 2377
4
2187 438 1172
1172 3316 1932
1932 4423 1145
1145 947 2377
4
2187 442 2582
2582 2239 2756
2756 3155 1312
1312 1297 2377
4
2187 444 94
94 4954 1104
1104 4896 1713
1713 2295 2377
4
2187 450 53
53 6578 1697
1697 1593 1854
1854 5608 2377
4
2187 455 900
900 6883 637
637 406 1474
1474 1619 2377
4
2187 467 2614
2614 246 295
295 667 1719
1719 4284 2377
4
2187 472 1401
1401 5417 2419
2419 238 748
748 165 2377
4
2187 482 77
77 4680 1195
1195 1733 1531
1531 3233 2377
4
2187 483 1418
1418 7377 156
156 3882 1228
1228 757 2377
4
2187 488 1367
1367 2524 2682
2682 7367 492
492 1608 2377
4
2187 489 1090
1090 912 2622
2622 2248 420
420 345 2377
4
2187 502 479
479 1114 833
833 6233 2584
2584 2276 2377
4
2187 504 1700
1700 1460 2811
2811 2893 1761
1761 354 2377
4
2187 510 1182
1182 4996 2551
2551 5561 2840
2840 568 2377
4
2187 519 2394
2394 6676 103
103 5682 1066
1066 2902 2377
4
2187 535 535
535 1523 633
633 2950 777
777 407 2377
4
2187 541 1267
1267 3657 591
591 4342 2540
2540 2971 2377
4
2187 547 1918
1918 7614 972
972 2392 2943
2943 3265 2377
4
2187 553 940
940 5260 39
39 1507 2485
2485 3936 2377
4
2187 555 343
343 2249 2544
2544 3819 2489
2489 2186 2377
4
2187 560 779
779 4919 918
918 3582 447
447 447 2377
4
2187 565 1340
1340 5534 370
370 3795 924
924 3250 2377
4
2187 572 2518
2518 4223 1449
1449 4107 2514
2514 2752 2377
4
2187 579 2958
2958 2764 825
825 857 1773
1773 2005 2377
4
2187 585 2941
2941 7486 2118
2118 7358 1508
1508 2196 2377
4
2187 586 2506
2506 1307 251
251 2150 1071
1071 1385 2377
4
2187 594 1544
1544 595 98
98 5514 119
119 1140 2377
4
2187 609 1277
1277 5798 1504
1504 3766 1176
1176 820 2377
4
2187 623 2627
2627 4320 2269
2269 5763 105
105 4647 2377
4
2187 624 132
132 6732 1280
1280 1556 2503
2503 2865 2377
4
2187 631 184
184 4311 1633
1633 3781 1503
1503 2701 2377
4
2187 636 2997
2997 7589 1576
1576 2594 1814
1814 5436 2377
4
2187 638 429
429 1077 529
529 4743 2253
2253 2214 2377
4
2187 648 18
18 5447 1587
1587 7743 2220
2220 2844 2377
4
2187 659 256
256 6276 1199
1199 842 2430
2430 1982 2377
4
2187 663 2407
2407 3459 1294
1294 80 1233
1233 2183 2377
4
2187 665 413
413 6735 2604
2604 435 190
190 52 2377
4
2187 670 247
247 3886 1943
1943 4881 2558
2558 2170 2377
4
2187 695 2853
2853 507 2766
2766 1912 1810
1810 263 2377
4
2187 701 836
836 6741 946
946 2098 2418
2418 1266 2377
4
2187 706 2475
2475 4682 1823
1823 6774 1359
1359 1341 2377
4
2187 707 2268
2268 2676 79
79 4490 842
842 709 2377
4
2187 714 1053
1053 1306 1345
1345 2013 573
573 1840 2377
4
2187 716 965
965 3807 1432
1432 1897 1499
1499 2744 2377
4
2187 726 1512
1512 3436 2648
2648 6940 734
734 2882 2377
4
2187 729 2390
2390 6235 1097
1097 5908 2636
2636 2556 2377
4
2187 732 2946
2946 3176 203
203 7784 285
285 922 2377
4
2187 738 1096
1096 5729 670
670 2634 597
597 361 2377
4
2187 746 757
757 4697 1782
1782 7438 345
345 658 2377
4
2187 749 2786
2786 415 1279
1279 6778 1262
1262 960 2377
4
2187 750 1970
1970 2782 1039
1039 1489 2414
2414 2889 2377
4
2187 753 2351
2351 2563 2600
2600 4155 640
640 145 2377
4
2187 766 457
457 1391 1955
1955 537 2346
2346 1108 2377
4
2187 767 426
426 2762 2721
2721 4011 2823
2823 1791 2377
4
2187 784 327
327 463 871
871 1868 276
276 540 2377
4
2187 786 22
22 5284 2775
2775 5384 153
153 243 2377
4
2187 789 208
208 257 377
377 4415 2833
2833 6303 2377
4
2187 791 785
785 4961 971
971 3138 616
616 99 2377
4
2187 799 100
100 392 663
663 3498 1490
1490 144 2377
4
2187 805 1106
1106 3875 1744
1744 156 2556
2556 3287 2377
4
2187 817 908
908 7020 1033
1033 4337 2410
2410 65 2377
4
2187 824 2408
2408 2363 2478
2478 3925 2986
2986 536 2377
4
2187 829 2921
2921 7650 1569
1569 5422 444
444 1013 2377
4
2187 832 2922
2922 3212 2188
2188 576 1463
1463 217 2377
4
2187 833 1959
1959 6304 387
387 3146 265
265 3023 2377
4
2187 836 888
888 1810 560
560 7812 1573
1573 1550 2377
4
2187 839 1464
1464 7879 242
242 7516 1180
1180 3036 2377
4
2187 844 1555
1555 3567 2115
2115 2185 2520
2520 5890 2377
4
2187 848 2107
2107 5386 2265
2265 251 1651
1651 1376 2377
4
2187 852 669
669 931 702
702 1356 2126
2126 441 2377
4
2187 855 759
759 2783 2962
2962 4798 2285
2285 1275 2377
4
2187 861 2719
2719 4939 367
367 4755 2703
2703 4144 2377
4
2187 862 1327
1327 6662 406
406 7115 968
968 2798 2377
4
2187 863 2336
2336 6625 2023
2023 1941 1117
1117 5344 2377
4
2187 869 1885
1885 7003 1100
1100 6941 16
16 2213 2377
4
2187 870 914
914 462 1338
1338 1084 838
838 44 2377
4
2187 871 1399
1399 5916 1428
1428 5104 1291
1291 4231 2377
4
2187 879 2440
2440 3615 421
421 228 1206
1206 1119 2377
4
2187 894 2632
2632 3066 1872
1872 2236 1408
1408 2316 2377
4
2187 898 38
38 174 1875
1875 1448 357
357 423 2377
4
2187 904 174
174 2454 1696
1696 3736 2646
2646 53 2377
4
2187 914 159
159 4365 1807
1807 4248 699
699 1836 2377
4
2187 918 99
99 4953 1246
1246 1849 2088
2088 2565 2377
4
2187 920 634
634 6337 1923
1923 1750 1168
1168 2825 2377
4
2187 921 2564
2564 4129 1243
1243 2518 883
883 5337 2377
4
2187 928 642
642 6847 2428
2428 2157 2217
2217 414 2377
4
2187 929 2009
2009 7491 2254
2254 5276 1422
1422 2785 2377
4
2187 933 526
526 185 2815
2815 3295 1363
1363 5226 2377
4
2187 937 1183
1183 1627 660
660 7181 2295
2295 4058 2377
4
2187 940 2656
2656 2319 2708
2708 3785 768
768 2441 2377
4
2187 945 1749
1749 396 2863
2863 1980 2151
2151 4131 2377
4
2187 948 718
718 7270 696
696 3362 2331
2331 5015 2377
4
2187 952 725
725 4227 1759
1759 7598 1406
1406 2775 2377
4
2187 953 1324
1324 7601 2274
2274 3899 2896
2896 1586 2377
4
2187 959 1108
1108 309 549
549 5718 2877
2877 151 2377
4
2187 962 1328
1328 125 1038
1038 2453 1936
1936 4500 2377
4
2187 963 253
253 6924 1065
1065 2162 1429
1429 1221 2377
4
2187 965 206
206 6592 2257
2257 3662 2717
2717 1492 2377
4
2187 973 2817
2817 2597 2971
2971 2176 2630
2630 3065 2377
4
2187 993 2
2 152 604
604 4858 263
263 2021 2377
4
2187 1001 205
205 6970 1798
1798 4221 2902
2902 1744 2377
4
2187 1014 913
913 2401 1724
1724 4004 2271
2271 2410 2377
4
2187 1024 2940
2940 1883 948
948 2703 1519
1519 2863 2377
4
2187 1025 1302
1302 207 1620
1620 3027 2049
2049 627 2377
4
2187 1033 1111
1111 2772 83
83 3779 1741
1741 3376 2377
4
2187 1040 966
966 643 1615
1615 3563 2496
2496 748 2377
4
2187 1044 2284
2284 214 1994
1994 797 2445
2445 697 2377
4
2187 1054 1900
1900 5438 2831
2831 6568 1775
1775 299 2377
4
2187 1066 2872
2872 64 2634
2634 3757 2354
2354 162 2377
4
2187 1083 2294
2294 3477 2790
2790 7700 2617
2617 137 2377
4
2187 1101 75
75 4287 1586
1586 915 986
986 2308 2377
4
2187 1122 1845
1845 5842 2277
2277 5346 2074
2074 1464 2377
4
2187 1133 220
220 2346 1812
1812 1529 765
765 1533 2377
4
2187 1139 1047
1047 4793 794
794 254 1075
1075 239 2377
4
2187 1141 1783
1783 4349 897
897 7808 2195
2195 495 2377
4
2187 1142 32
32 7685 93
93 4015 1483
1483 3125 2377
4
2187 1146 960
960 2022 2398
2398 7729 2802
2802 2227 2377
4
2187 1151 760
760 5428 2266
2266 5677 2806
2806 5451 2377
4
2187 1152 380
380 3034 382
382 3905 957
957 974 2377
4
2187 1167 575
575 6981 1616
1616 5937 1628
1628 67 2377
4
2187 1168 2835
2835 942 2842
2842 5569 452
452 1191 2377
4
2187 1175 2826
2826 6519 2329
2329 6969 86
86 2233 2377
4
2187 1182 1974
1974 7602 2640
2640 3981 2923
2923 383 2377
4
2187 1190 1702
1702 3191 1762
1762 6720 855
855 837 2377
4
2187 1192 645
645 5846 2537
2537 6085 2977
2977 1211 2377
4
2187 1198 1041
1041 2130 2258
2258 1056 817
817 4282 2377
4
2187 1208 144
144 2956 2468
2468 7125 2438
2438 129 2377
4
2187 1214 2809
2809 3221 1240
1240 5 398
398 2382 2377
4
2187 1226 395
395 1497 2047
2047 1722 335
335 286 2377
4
2187 1239 1218
1218 2341 891
891 5628 1160
1160 1723 2377
4
2187 1240 2502
2502 4043 703
703 2105 43
43 1898 2377
4
2187 1265 2125
2125 6288 2881
2881 5323 1967
1967 2663 2377
4
2187 1277 1891
1891 10 595
595 7190 2653
2653 4706 2377
4
2187 1280 255
255 339 1385
1385 958 1413
1413 5120 2377
4
2187 1289 2543
2543 7824 679
679 1488 2396
2396 530 2377
4
2187 1301 1529
1529 3993 1141
1141 979 2282
2282 1935 2377
4
2187 1308 1138
1138 4726 89
89 1562 862
862 1395 2377
4
2187 1335 1110
1110 3683 399
399 3112 1843
1843 2071 2377
4
2187 1346 2954
2954 6188 1714
1714 2397 1010
1010 2964 2377
4
2187 1350 1050
1050 78 1764
1764 2229 2803
2803 2947 2377
4
2187 1354 826
826 1848 2499
2499 1031 1884
1884 1862 2377
4
2187 1358 2356
2356 996 741
741 2786 1037
1037 834 2377
4
2187 1367 1613
1613 4795 788
788 686 2363
2363 2887 2377
4
2187 1382 2528
2528 7170 2321
2321 3609 33
33 2826 2377
4
2187 1388 2308
2308 324 355
355 7399 104
104 1105 2377
4
2187 1393 2869
2869 5091 2982
2982 718 1621
1621 3596 2377
4
2187 1399 1146
1146 1431 1842
1842 7281 1571
1571 169 2377
4
2187 1403 2103
2103 7287 644
644 7290 2744
2744 571 2377
4
2187 1405 2577
2577 3928 269
269 1060 1036
1036 1715 2377
4
2187 1407 2938
2938 7777 1486
1486 728 268
268 892 2377
4
2187 1415 1193
1193 7199 1396
1396 800 554
554 2372 2377
4
2187 1419 1718
1718 2816 1424
1424 698 543
543 867 2377
4
2187 1444 1469
1469 988 1876
1876 4505 466
466 980 2377
4
2187 1446 2955
2955 6270 1445
1445 4515 448
448 2019 2377
4
2187 1449 1746
1746 3353 2925
2925 808 742
742 3627 2377
4
2187 1452 2550
2550 2585 2231
2231 4184 2965
2965 1457 2377
4
2187 1454 2959
2959 7597 1913
1913 6477 2196
2196 1816 2377
4
2187 1459 227
227 7418 2855
2855 7489 1564
1564 356 2377
4
2187 1473 1478
1478 1510 281
281 666 442
442 2261 2377
4
2187 1480 1198
1198 2053 1208
1208 4346 197
197 2976 2377
4
2187 1491 2248
2248 2045 1337
1337 1822 1121
1121 5825 2377
4
2187 1494 110
110 3578 2180
2180 5944 2142
2142 2044 2377
4
2187 1511 325
325 3454 1131
1131 7588 870
870 3549 2377
4
2187 1519 2797
2797 5775 2204
2204 5052 286
286 4496 2377
4
2187 1522 2011
2011 2851 831
831 4937 248
248 1666 2377
4
2187 1531 544
544 4828 740
740 226 773
773 4507 2377
4
2187 1537 750
750 2581 1319
1319 6763 72
72 1747 2377
4
2187 1566 2933
2933 6287 62
62 6346 1866
1866 1406 2377
4
2187 1569 990
990 1097 806
806 5157 2338
2338 1699 2377
4
2187 1573 1977
1977 6443 1068
1068 722 495
495 1438 2377
4
2187 1575 511
511 4803 879
879 41 1644
1644 187 2377
4
2187 1588 620
620 2496 81
81 5581 2867
2867 222 2377
4
2187 1623 783
783 4498 2278
2278 6160 1739
1739 783 2377
4
2187 1624 2523
2523 3958 2692
2692 2742 977
977 916 2377
4
2187 1633 44
44 6593 279
279 677 1491
1491 405 2377
4
2187 1642 982
982 6527 2127
2127 2325 2134
2134 1580 2377
4
2187 1643 2027
2027 4146 2123
2123 3760 2065
2065 1676 2377
4
2187 1646 1287
1287 644 1511
1511 2290 2920
2920 1857 2377
4
2187 1672 2036
2036 3202 26
26 5370 1165
1165 1357 2377
4
2187 1701 73
73 4999 2263
2263 4950 2493
2493 743 2377
4
2187 1705 1407
1407 1010 2148
2148 6620 1534
1534 2522 2377
4
2187 1738 2281
2281 4088 443
443 1706 2264
2264 1057 2377
4
2187 1739 284
284 3092 2950
2950 4539 2569
2569 2311 2377
4
2187 1746 124
124 1201 791
791 6886 1020
1020 747 2377
4
2187 1752 460
460 7510 1476
1476 6798 2678
2678 1023 2377
4
2187 1754 627
627 7182 2978
2978 517 508
508 4392 2377
4
2187 1758 1659
1659 4014 2010
2010 2228 2206
2206 6149 2377
4
2187 1768 1831
1831 3903 1140
1140 4636 2327
2327 1922 2377
4
2187 1784 828
828 5093 362
362 3342 1231
1231 1939 2377
4
2187 1812 1352
1352 4603 1323
1323 991 198
198 456 2377
4
2187 1820 667
667 6640 1007
1007 81 35
35 1412 2377
4
2187 1831 306
306 7655 1784
1784 5525 1151
1151 4403 2377
4
2187 1844 155
155 3076 2219
2219 375 280
280 563 2377
4
2187 1845 2932
2932 5473 2525
2525 3040 2837
2837 772 2377
4
2187 1851 815
815 494 262
262 1204 2194
2194 300 2377
4
2187 1875 1387
1387 5358 2785
2785 5500 586
586 847 2377
4
2187 1878 1991
1991 3682 1431
1431 3916 2628
2628 3438 2377
4
2187 1882 1123
1123 7069 97
97 2094 2613
2613 652 2377
4
2187 1884 2598
2598 725 2597
2597 1236 2852
2852 4210 2377
4
2187 1894 2168
2168 3525 2177
2177 7689 547
547 477 2377
4
2187 1903 796
796 1703 180
180 4691 151
151 448 2377
4
2187 1909 2119
2119 3914 2132
2132 1340 191
191 685 2377
4
2187 1914 1921
1921 1865 647
647 3457 230
230 511 2377
4
2187 1931 1919
1919 6479 987
987 3681 2761
2761 1071 2377
4
2187 1934 2226
2226 3548 2078
2078 6985 2548
2548 2898 2377
4
2187 1938 152
152 5445 433
433 4635 893
893 1876 2377
4
2187 1952 1101
1101 5523 25
25 3227 552
552 3845 2377
4
2187 1972 2894
2894 2746 139
139 6290 1907
1907 102 2377
4
2187 1973 2437
2437 7383 681
681 1645 2897
2897 420 2377
4
2187 1981 3
3 4121 841
841 2904 63
63 2424 2377
4
2187 2006 1249
1249 1310 1192
1192 3647 1077
1077 1719 2377
4
2187 2007 2345
2345 6350 2052
2052 3426 2580
2580 3311 2377
4
2187 2033 1701
1701 3181 54
54 6087 1484
1484 1536 2377
4
2187 2058 1200
1200 7766 1076
1076 6791 349
349 3839 2377
4
2187 2065 928
928 329 440
440 38 1640
1640 1086 2377
4
2187 2092 896
896 936 2782
2782 3988 2181
2181 378 2377
4
2187 2114 2816
2816 662 437
437 4917 776
776 167 2377
4
2187 2117 2064
2064 5033 802
802 264 2700
2700 588 2377
4
2187 2122 2069
2069 7900 2510
2510 1368 1833
1833 5230 2377
4
2187 2127 751
751 6894 704
704 2446 1334
1334 232 2377
4
2187 2133 949
949 2671 2563
2563 1530 701
701 314 2377
4
2187 2137 135
135 1546 1517
1517 3147 1005
1005 3415 2377
4
2187 2139 991
991 5493 1658
1658 7705 2234
2234 882 2377
4
2187 2146 2316
2316 2371 639
639 6100 2026
2026 3187 2377
4
2187 2147 1293
1293 5281 2696
2696 6743 1174
1174 1295 2377
4
2187 2149 1925
1925 7309 2706
2706 6864 2339
2339 3624 2377
4
2187 2153 771
771 850 1013
1013 570 2578
2578 954 2377
4
2187 2180 476
476 7596 1756
1756 7788 1384
1384 1450 2377
4
2187 2192 2912
2912 2569 665
665 2174 2311
2311 4845 2377
4
2187 2205 863
863 7796 698
698 1496 2729
2729 2932 2377
4
2187 2206 2470
2470 7800 2914
2914 989 2319
2319 3733 2377
4
2187 2220 2975
2975 3927 2298
2298 856 315
315 2794 2377
4
2187 2250 553
553 4679 2238
2238 2312 1093
1093 1649 2377
4
2187 2265 578
578 5272 2325
2325 1085 1185
1185 1079 2377
4
2187 2274 422
422 380 1436
1436 1319 2486
2486 4033 2377
4
2187 2284 2365
2365 5758 601
601 6673 2895
2895 1082 2377
4
2187 2287 769
769 3096 1377
1377 2212 823
823 2108 2377
4
2187 2301 291
291 4877 2166
2166 1673 1657
1657 930 2377
4
2187 2303 2020
2020 2605 1178
1178 6189 2609
2609 756 2377
4
2187 2334 1403
1403 5710 1883
1883 1121 1520
1520 978 2377
4
2187 2336 2552
2552 6839 118
118 3285 708
708 485 2377
4
2187 2344 2875
2875 3351 1853
1853 6825 1052
1052 2553 2377
4
2187 2366 1060
1060 2753 2109
2109 6488 2283
2283 1234 2377
4
2187 2376 1130
1130 2322 1331
1331 2707 1073
1073 31 2377
4
2187 2377 1827
1827 280 720
720 7829 1689
1689 1093 2377
4
2187 2388 1776
1776 4567 1869
1869 4683 1740
1740 223 2377
4
2187 2396 819
819 2368 61
61 5664 2172
2172 30 2377
4
2187 2399 2001
2001 4241 1241
1241 1513 2970
2970 107 2377
4
2187 2420 1472
1472 5106 2612
2612 3946 143
143 2630 2377
4
2187 2462 1103
1103 1654 261
261 7168 1688
1688 889 2377
4
2187 2467 1260
1260 6733 676
676 1034 1639
1639 3944 2377
4
2187 2487 1964
1964 4363 30
30 6140 938
938 1216 2377
4
2187 2523 1112
1112 5555 340
340 1154 1642
1642 2002 2377
4
2187 2540 2621
2621 7348 1890
1890 5971 1314
1314 58 2377
4
2187 2559 2371
2371 3382 2098
2098 5903 2511
2511 2740 2377
4
2187 2596 243
243 2244 260
260 2112 600
600 4863 2377
4
2187 2614 680
680 6919 1690
1690 6084 2681
2681 2812 2377
4
2187 2619 905
905 5532 181
181 1819 2676
2676 1440 2377
4
2187 2623 1453
1453 279 2079
2079 6103 2350
2350 1520 2377
4
2187 2696 706
706 3486 520
520 4885 988
988 3687 2377
4
2187 2712 2864
2864 32 312
312 534 2153
2153 7530 2377
4
2187 2821 136
136 822 1284
1284 440 2063
2063 4041 2377
4
2187 2828 744
744 60 2587
2587 1493 2695
2695 86 2377
4
2187 2852 614
614 7061 2953
2953 5751 2291
2291 607 2377
4
2187 2858 726
726 4118 2526
2526 69 1423
1423 39 2377
4
2187 2873 218
218 1881 193
193 3992 587
587 91 2377
4
2187 2879 2876
2876 2943 955
955 3630 997
997 506 2377
4
2187 2905 1364
1364 7702 839
839 1517 2164
2164 2335 2377
4
2187 2949 2936
2936 7517 1691
1691 2260 1115
1115 1264 2377
4
2187 2955 1069
1069 2445 661
661 7008 12
12 210 2377
4
2187 2963 102
102 2989 1156
1156 4174 1565
1565 1463 2377
4
2187 3011 1880
1880 5258 1738
1738 2256 1593
1593 1064 2377
4
2187 3020 350
350 2142 2890
2890 3555 2146
2146 1650 2377
4
2187 3025 1219
1219 3372 2124
2124 7463 1425
1425 1759 2377
4
2187 3032 2992
2992 6634 2879
2879 3965 24
24 5750 2377
4
2187 3033 2313
2313 1067 1957
1957 7931 607
607 1601 2377
4
2187 3049 537
537 6630 1392
1392 6136 731
731 777 2377
4
2187 3103 1370
1370 3521 482
482 4626 1335
1335 2165 2377
4
2187 3111 2974
2974 2704 2186
2186 4729 1466
1466 3237 2377
4
2187 3130 1609
1609 6846 1495
1495 5373 2270
2270 155 2377
4
2187 3179 882
882 4332 313
313 5515 1221
1221 1684 2377
4
2187 3213 2307
2307 1905 1196
1196 5250 690
690 934 2377
4
2187 3226 423
423 6089 2261
2261 7063 2084
2084 3904 2377
4
2187 3235 516
516 2148 881
881 5403 503
503 733 2377
4
2187 3239 2309
2309 5118 1868
1868 4609 245
245 3544 2377
4
2187 3256 588
588 3962 2357
2357 6375 237
237 737 2377
4
2187 3259 2218
2218 2695 2191
2191 6899 338
338 3288 2377
4
2187 3315 2865
2865 3865 1500
1500 2232 2798
2798 3762 2377
4
2187 3320 2243
2243 297 1133
1133 5588 2873
2873 3175 2377
4
2187 3349 956
956 1609 2042
2042 7158 603
603 2171 2377
4
2187 3373 1369
1369 3054 1380
1380 3068 389
389 1194 2377
4
2187 3378 2770
2770 813 2712
2712 1267 2722
2722 116 2377
4
2187 3384 1252
1252 846 1888
1888 5193 2788
2788 2095 2377
4
2187 3453 2731
2731 283 1590
1590 2818 1673
1673 2050 2377
4
2187 3455 2170
2170 2384 2534
2534 2025 654
654 3001 2377
4
2187 3468 2952
2952 6458 1939
1939 3015 933
933 1366 2377
4
2187 3482 523
523 266 810
810 6195 2163
2163 2263 2377
4
2187 3520 2159
2159 4859 930
930 7903 2961
2961 793 2377
4
2187 3522 1435
1435 4483 2189
2189 7224 1669
1669 1074 2377
4
2187 3542 2851
2851 1817 2928
2928 4409 1398
1398 1955 2377
4
2187 3556 602
602 1600 2483
2483 6863 254
254 2819 2377
4
2187 3557 1949
1949 4122 329
329 2431 1451
1451 160 2377
4
2187 3592 2848
2848 2391 2005
2005 5076 2108
2108 2784 2377
4
2187 3598 1458
1458 2659 2323
2323 4157 2996
2996 1318 2377
4
2187 3631 2934
2934 3399 1439
1439 3502 1224
1224 779 2377
4
2187 3701 2202
2202 7656 789
789 1640 1914
1914 3560 2377
4
2187 3708 1990
1990 4666 1766
1766 417 801
801 1681 2377
4
2187 3720 889
889 5808 954
954 2599 80
80 653 2377
4
2187 3751 2477
2477 6495 923
923 7200 2521
2521 1872 2377
4
2187 3755 2068
2068 2944 2208
2208 461 892
892 4574 2377
4
2187 3778 2730
2730 582 2441
2441 1286 2509
2509 5071 2377
4
2187 3862 2711
2711 3326 1988
1988 896 480
480 1708 2377
4
2187 3929 2335
2335 4966 976
976 976 827
827 5449 2377
4
2187 3943 1966
1966 3616 157
157 2323 719
719 2154 2377
4
2187 3951 1433
1433 3618 1647
1647 5575 539
539 1177 2377
4
2187 4059 920
920 7327 931
931 1153 1188
1188 619 2377
4
2187 4183 1136
1136 2198 1820
1820 4833 216
216 3010 2377
4
2187 4192 2429
2429 2426 244
244 7123 652
652 919 2377
4
2187 4243 1548
1548 6638 974
974 2954 1143
1143 1704 2377
4
2187 4270 301
301 2470 569
569 3622 767
767 626 2377
4
2187 4294 1960
1960 971 1290
1290 3317 2549
2549 1272 2377
4
2187 4295 1276
1276 3638 656
656 1568 455
455 1176 2377
4
2187 4343 2081
2081 5481 2481
2481 1587 282
282 4094 2377
4
2187 4348 1460
1460 4207 2076
2076 1504 372
372 2774 2377
4
2187 4455 1552
1552 3094 1670
1670 1648 1808
1808 723 2377
4
2187 4564 2915
2915 5339 797
797 1173 2145
2145 1690 2377
4
2187 4585 224
224 6246 1839
1839 5713 333
333 1126 2377
4
2187 4617 2361
2361 3425 15
15 24 763
763 1741 2377
4
2187 4644 2688
2688 1420 1730
1730 621 328
328 1210 2377
4
2187 4650 584
584 7017 188
188 1724 1625
1625 3140 2377
4
2187 4673 430
430 5565 657
657 2513 1572
1572 357 2377
4
2187 4685 436
436 411 887
887 7248 1118
1118 5182 2377
4
2187 4728 2916
2916 3356 875
875 2437 76
76 1155 2377
4
2187 4732 2500
2500 1365 2644
2644 891 2012
2012 1700 2377
4
2187 4806 950
950 2216 1349
1349 2724 2654
2654 2645 2377
4
2187 4807 2058
2058 114 754
754 6769 1570
1570 2258 2377
4
2187 4808 164
164 1929 1285
1285 1381 2061
2061 1161 2377
4
2187 4852 675
675 2115 2985
2985 2235 1832
1832 693 2377
4
2187 4899 890
890 7382 78
78 4383 1771
1771 1827 2377
4
2187 4900 717
717 5939 943
943 1944 2400
2400 2023 2377
4
2187 4946 1404
1404 1725 672
672 2720 1265
1265 3443 2377
4
2187 4974 2980
2980 249 368
368 5312 108
108 2574 2377
4
2187 5021 2536
2536 2168 2250
2250 3428 770
770 1904 2377
4
2187 5142 59
59 3211 626
626 501 2512
2512 807 2377
4
2187 5181 1488
1488 7408 179
179 5968 1813
1813 3833 2377
4
2187 5274 1530
1530 5590 762
762 690 199
199 6425 2377
4
2187 5300 1636
1636 7950 1441
1441 995 2343
2343 2124 2377
4
2187 5308 629
629 6174 790
790 199 1999
1999 4676 2377
4
2187 5361 613
613 5448 232
232 4401 2686
2686 128 2377
4
2187 5385 1720
1720 6291 1411
1411 1338 1987
1987 2654 2377
4
2187 5521 127
127 1790 967
967 2119 273
273 4790 2377
4
2187 5600 396
396 2706 1976
1976 3689 2474
2474 248 2377
4
2187 5692 1227
1227 3019 2337
2337 89 1167
1167 876 2377
4
2187 5752 738
738 7760 162
162 5785 2072
2072 4049 2377
4
2187 5772 959
959 5670 840
840 6165 2767
2767 76 2377
4
2187 6208 1457
1457 3464 1480
1480 1377 473
473 3896 2377
4
2187 6213 1202
1202 2403 2147
2147 699 1044
1044 1535 2377
4
2187 6264 435
435 2246 1226
1226 4335 1079
1079 2973 2377
4
2187 6283 556
556 6767 1479
1479 50 1400
1400 1242 2377
4
2187 6493 1376
1376 1948 2215
2215 6600 2594
2594 1386 2377
4
2187 6541 1777
1777 4046 2670
2670 2428 1685
1685 3685 2377
4
2187 6718 811
811 4911 1915
1915 5085 2340
2340 3559 2377
4
2187 6739 506
506 7576 1341
1341 5387 2131
2131 2226 2377
