550
6
980 7 2391
2391 5018 2214
2214 1069 930
930 1495 2092
2092 5229 2173
2173 1234 1632
6
980 19 1725
1725 3516 685
685 4508 1154
1154 4469 609
609 4700 2128
2128 4354 1632
6
980 28 2747
2747 3022 1723
1723 2711 7
7 6043 1370
1370 126 106
106 6287 1632
6
980 31 224
224 1456 2987
2987 123 1449
1449 711 1069
1069 3624 1438
1438 3173 1632
6
980 47 2961
2961 2911 2490
2490 1391 108
108 6673 1195
1195 5560 115
115 464 1632
6
980 48 853
853 646 1881
1881 6509 2994
2994 3745 912
912 1074 2453
2453 427 1632
6
980 56 1553
1553 4489 2447
2447 4160 1432
1432 1846 628
628 5555 634
634 2003 1632
6
980 61 2759
2759 5796 101
101 2026 1090
1090 2841 1559
1559 6435 2732
2732 3975 1632
6
980 62 290
290 438 2100
2100 1111 2565
2565 1094 454
454 2386 1224
1224 1579 1632
6
980 64 712
712 5054 2342
2342 6740 899
899 4041 140
140 3684 2032
2032 1811 1632
6
980 66 107
107 6060 1329
1329 2351 863
863 1613 2476
2476 1734 617
617 4188 1632
6
980 69 2003
2003 1971 2489
2489 5069 2141
2141 2814 237
237 4534 2029
2029 3877 1632
6
980 70 405
405 5120 2376
2376 3200 1863
1863 570 1536
1536 3985 777
777 3338 1632
6
980 79 1124
1124 608 1911
1911 4882 408
408 1334 1948
1948 4571 2315
2315 2030 1632
6
980 81 2197
2197 4204 1040
1040 2797 784
784 5152 2749
2749 6621 1866
1866 861 1632
6
980 86 816
816 941 1903
1903 4454 2978
2978 2948 417
417 1242 786
786 1583 1632
6
980 94 1713
1713 2294 2394
2394 5065 226
226 1784 2955
2955 2857 616
616 1995 1632
6
980 98 1301
1301 221 2865
2865 3592 57
57 441 303
303 5930 2431
2431 781 1632
6
980 100 2741
2741 3315 2120
2120 3075 1813
1813 5990 1819
1819 848 1015
1015 667 1632
6
980 101 2549
2549 2822 1721
1721 1512 2401
2401 526 2921
2921 4695 113
113 65 1632
6
980 106 2956
2956 899 533
533 1481 1620
1620 6082 1618
1618 736 2752
2752 340 1632
6
980 110 2167
2167 6148 2916
2916 5921 2403
2403 2320 781
781 835 1756
1756 477 1632
6
980 111 1690
1690 358 2054
2054 3507 1297
1297 528 2570
2570 6726 2892
2892 1794 1632
6
980 115 1076
1076 930 1515
1515 1271 339
339 391 1772
1772 3983 2400
2400 57 1632
6
980 132 2714
2714 883 1279
1279 3694 466
466 5341 588
588 1385 2212
2212 1464 1632
6
980 139 2582
2582 6837 353
353 4341 1790
1790 1425 933
933 1716 1525
1525 394 1632
6
980 145 947
947 4860 2109
2109 6004 1599
1599 4265 2613
2613 984 2736
2736 3447 1632
6
980 148 1509
1509 4011 941
941 6368 1469
1469 5669 665
665 2329 336
336 1783 1632
6
980 156 956
956 5928 2015
2015 790 2707
2707 105 1068
1068 5115 1647
1647 840 1632
6
980 157 1252
1252 6387 2454
2454 3577 377
377 6494 2879
2879 3920 2189
2189 3815 1632
6
980 166 876
876 4324 1435
1435 3726 3
3 6495 2634
2634 4816 1734
1734 1309 1632
6
980 167 2908
2908 959 2557
2557 6230 1092
1092 1636 431
431 6486 1747
1747 945 1632
6
980 169 2252
2252 182 2949
2949 5970 1345
1345 6048 2407
2407 1205 1947
1947 1508 1632
6
980 174 2941
2941 2553 1179
1179 2243 1467
1467 2601 940
940 3095 2103
2103 2039 1632
6
980 179 1928
1928 6418 2331
2331 944 1731
1731 3738 2336
2336 747 1697
1697 5073 1632
6
980 183 1755
1755 2883 2163
2163 2166 1905
1905 5911 124
124 3737 195
195 3679 1632
6
980 185 578
578 87 1250
1250 3831 2282
2282 4104 1397
1397 5477 1443
1443 3215 1632
6
980 188 1775
1775 6330 2168
2168 6147 610
610 1610 2997
2997 3821 575
575 3775 1632
6
980 196 1888
1888 768 1383
1383 3662 1504
1504 3404 1315
1315 6403 1219
1219 1669 1632
6
980 199 2352
2352 2354 2239
2239 3374 222
222 334 888
888 44 1389
1389 1874 1632
6
980 204 1823
1823 3162 983
983 4856 799
799 3153 2025
2025 6615 100
100 4781 1632
6
980 223 846
846 4836 139
139 1632 971
971 6440 1676
1676 4716 834
834 1436 1632
6
980 225 2441
2441 5721 646
646 4648 2866
2866 3258 1522
1522 529 2469
2469 567 1632
6
980 232 1824
1824 3229 1114
1114 5670 905
905 5986 1732
1732 1022 839
839 3925 1632
6
980 235 694
694 436 2624
2624 5481 127
127 1980 870
870 1279 170
170 1100 1632
6
980 236 2477
2477 3991 1227
1227 6828 342
342 6855 1594
1594 1033 316
316 2199 1632
6
980 250 1793
1793 1090 937
937 4198 2082
2082 36 1119
1119 60 2789
2789 1081 1632
6
980 260 1806
1806 5062 2014
2014 6184 2473
2473 5737 2267
2267 6561 1265
1265 38 1632
6
980 263 380
380 6296 530
530 1293 1116
1116 4023 2297
2297 4598 630
630 2608 1632
6
980 278 2843
2843 935 2839
2839 4887 1313
1313 6523 2051
2051 4641 63
63 58 1632
6
980 280 855
855 203 642
642 4827 2078
2078 1652 2329
2329 6371 354
354 753 1632
6
980 282 1992
1992 832 2223
2223 2335 1873
1873 2893 73
73 3361 659
659 481 1632
6
980 289 515
515 1527 1998
1998 3612 158
158 396 76
76 2200 753
753 3882 1632
6
980 293 2898
2898 5307 1108
1108 1509 345
345 46 1550
1550 3050 348
348 573 1632
6
980 297 1400
1400 2607 823
823 377 1028
1028 870 1170
1170 2171 2897
2897 3154 1632
6
980 298 1715
1715 992 2017
2017 4310 1311
1311 1504 2463
2463 1959 2920
2920 2632 1632
6
980 299 2885
2885 592 2241
2241 1780 1574
1574 3575 2462
2462 5870 1375
1375 444 1632
6
980 324 360
360 4083 1742
1742 2949 2498
2498 4749 50
50 5607 400
400 6028 1632
6
980 330 1761
1761 4255 655
655 2011 717
717 6119 207
207 3768 1084
1084 8 1632
6
980 336 1395
1395 3546 574
574 5743 1294
1294 3578 942
942 4537 2957
2957 5253 1632
6
980 349 2828
2828 3349 520
520 5252 2350
2350 2740 390
390 4036 2178
2178 3847 1632
6
980 351 1106
1106 482 2527
2527 4617 1839
1839 4666 1290
1290 3333 2746
2746 2105 1632
6
980 354 541
541 5129 2709
2709 327 2975
2975 3763 880
880 3883 2095
2095 2709 1632
6
980 355 2677
2677 6684 1010
1010 5941 1489
1489 1748 793
793 515 165
165 4917 1632
6
980 362 46
46 4331 110
110 3672 2970
2970 491 877
877 3799 519
519 932 1632
6
980 365 2540
2540 6252 1953
1953 5205 2785
2785 2732 2341
2341 333 737
737 1186 1632
6
980 367 1757
1757 6702 1694
1694 4986 768
768 1254 606
606 6667 2134
2134 1059 1632
6
980 368 2739
2739 303 721
721 5175 1609
1609 4044 2126
2126 1951 1037
1037 3275 1632
6
980 382 93
93 1000 2037
2037 5080 1752
1752 589 347
347 2217 2523
2523 3729 1632
6
980 384 2306
2306 6036 1415
1415 2647 2539
2539 4989 1532
1532 2325 1520
1520 4491 1632
6
980 395 1705
1705 2603 1461
1461 3457 2717
2717 5949 1352
1352 251 1524
1524 591 1632
6
980 401 1818
1818 593 2016
2016 403 2152
2152 1212 1779
1779 818 403
403 4727 1632
6
980 414 1564
1564 1335 2116
2116 1331 1233
1233 3757 2384
2384 1467 1991
1991 3446 1632
6
980 415 2605
2605 617 818
818 385 1741
1741 920 1000
1000 257 2687
2687 1173 1632
6
980 416 2069
2069 4225 284
284 557 150
150 3489 1394
1394 6809 2599
2599 1822 1632
6
980 418 2928
2928 1158 2147
2147 2182 410
410 219 2782
2782 3569 2606
2606 2525 1632
6
980 431 1664
1664 6805 2224
2224 5538 2635
2635 4222 1275
1275 452 2850
2850 5125 1632
6
980 434 475
475 216 1372
1372 5395 2767
2767 4209 1129
1129 751 2544
2544 1812 1632
6
980 435 1787
1787 5160 2754
2754 1097 2813
2813 897 80
80 4905 674
674 699 1632
6
980 443 968
968 73 2333
2333 4532 623
623 1934 553
553 2133 2593
2593 2261 1632
6
980 445 1380
1380 2326 396
396 2240 1602
1602 3678 2343
2343 1834 1827
1827 533 1632
6
980 451 395
395 63 2524
2524 1157 2198
2198 1393 925
925 4348 1396
1396 390 1632
6
980 463 1203
1203 2901 1379
1379 348 2085
2085 1092 294
294 6685 2348
2348 1016 1632
6
980 467 2932
2932 2221 1404
1404 4616 1388
1388 3636 874
874 2571 582
582 1269 1632
6
980 476 1642
1642 4644 2887
2887 279 2532
2532 76 843
843 433 1153
1153 6436 1632
6
980 485 2075
2075 3508 2913
2913 4272 860
860 1962 977
977 9 1812
1812 1553 1632
6
980 499 172
172 4694 2871
2871 3703 1669
1669 676 201
201 212 2062
2062 213 1632
6
980 508 1346
1346 1747 2716
2716 1565 2856
2856 2854 1719
1719 1642 2772
2772 688 1632
6
980 509 1079
1079 588 726
726 2454 1603
1603 1085 1633
1633 3171 1117
1117 4990 1632
6
980 510 2437
2437 5401 503
503 5457 1500
1500 5896 182
182 3526 514
514 838 1632
6
980 536 573
573 1930 1168
1168 6496 615
615 6293 2330
2330 4861 770
770 1191 1632
6
980 542 1907
1907 360 1908
1908 4278 1778
1778 1015 733
733 229 2321
2321 4793 1632
6
980 548 1061
1061 91 1706
1706 5187 2073
2073 2216 1786
1786 6038 890
890 4379 1632
6
980 572 2261
2261 3995 1810
1810 3149 962
962 1257 204
204 5704 2548
2548 320 1632
6
980 580 2299
2299 5947 1160
1160 3262 1556
1556 5459 1152
1152 4247 902
902 2627 1632
6
980 583 109
109 5934 2543
2543 4248 896
896 301 973
973 2858 1625
1625 5219 1632
6
980 590 1944
1944 5400 1777
1777 6246 2301
2301 3732 887
887 6505 1453
1453 3251 1632
6
980 605 2221
2221 3365 121
121 109 2573
2573 119 585
585 1023 2415
2415 2328 1632
6
980 606 981
981 1759 2861
2861 2594 1128
1128 6064 2347
2347 2680 862
862 122 1632
6
980 607 1935
1935 1468 2449
2449 3885 1938
1938 3384 2184
2184 3953 2510
2510 3758 1632
6
980 610 687
687 4421 1577
1577 1401 2365
2365 2475 2028
2028 4981 458
458 2441 1632
6
980 621 1024
1024 1709 2361
2361 1710 2268
2268 4536 2893
2893 21 986
986 748 1632
6
980 631 1268
1268 4158 484
484 5580 1729
1729 4651 2382
2382 2780 2685
2685 4763 1632
6
980 634 1063
1063 2819 2248
2248 2005 1900
1900 1940 2656
2656 2246 248
248 1877 1632
6
980 666 660
660 67 2934
2934 6626 1675
1675 3734 1800
1800 3305 2688
2688 3295 1632
6
980 670 2413
2413 1020 471
471 1177 131
131 6599 858
858 595 2550
2550 5936 1632
6
980 673 658
658 1474 1126
1126 4551 1454
1454 2017 2594
2594 2936 1418
1418 5657 1632
6
980 677 2183
2183 585 1856
1856 2481 1225
1225 5867 1172
1172 3460 1005
1005 1616 1632
6
980 680 1191
1191 4634 2187
2187 241 2758
2758 4249 2960
2960 3406 2667
2667 3921 1632
6
980 685 2778
2778 2946 1041
1041 5565 893
893 3524 1043
1043 5216 2659
2659 3125 1632
6
980 686 1221
1221 2231 1285
1285 2103 2793
2793 1402 2005
2005 5562 1377
1377 1285 1632
6
980 692 17
17 643 219
219 3062 645
645 346 2719
2719 4632 1200
1200 3138 1632
6
980 693 656
656 2752 1918
1918 4070 378
378 6756 1273
1273 521 334
334 4442 1632
6
980 700 2783
2783 2378 59
59 2055 2870
2870 374 1385
1385 5823 2242
2242 1250 1632
6
980 701 1123
1123 1779 2146
2146 5127 2387
2387 1150 2780
2780 3857 692
692 1453 1632
6
980 709 1190
1190 4370 1448
1448 622 465
465 4831 371
371 4172 1842
1842 233 1632
6
980 713 2273
2273 1476 1830
1830 6562 596
596 1763 363
363 5505 2583
2583 323 1632
6
980 727 1584
1584 4470 1736
1736 4478 2108
2108 4902 2927
2927 3378 673
673 2810 1632
6
980 730 1113
1113 4602 2706
2706 5916 535
535 2172 2264
2264 2018 797
797 217 1632
6
980 739 476
476 242 993
993 3408 1587
1587 2832 90
90 3911 2053
2053 1888 1632
6
980 754 1707
1707 4087 478
478 6421 1711
1711 4525 2346
2346 2140 44
44 1142 1632
6
980 762 1276
1276 193 1763
1763 6030 2070
2070 6482 2047
2047 52 2105
2105 2840 1632
6
980 773 975
975 5601 450
450 954 871
871 1130 2660
2660 6834 1701
1701 3568 1632
6
980 775 842
842 342 1384
1384 4171 752
752 618 2506
2506 404 1605
1605 294 1632
6
980 780 1145
1145 1483 2059
2059 460 1980
1980 3750 141
141 3896 2511
2511 3152 1632
6
980 807 626
626 6472 2810
2810 497 470
470 2028 1277
1277 6070 1692
1692 2342 1632
6
980 823 825
825 6294 1668
1668 2537 79
79 1439 2989
2989 1313 37
37 3676 1632
6
980 830 2512
2512 2856 188
188 4591 379
379 1434 2590
2590 5938 1780
1780 3372 1632
6
980 860 1543
1543 2229 819
819 6550 1964
1964 1225 1892
1892 626 1698
1698 4667 1632
6
980 876 511
511 159 2537
2537 1629 2375
2375 88 2486
2486 6427 1477
1477 1537 1632
6
980 884 2889
2889 4015 1163
1163 5529 2815
2815 313 810
810 363 1688
1688 682 1632
6
980 905 2901
2901 2799 1409
1409 1739 1
1 3203 1339
1339 2050 1070
1070 1785 1632
6
980 908 670
670 2406 130
130 503 1797
1797 3089 2004
2004 1627 1767
1767 175 1632
6
980 915 317
317 1437 413
413 264 2396
2396 5109 1425
1425 4403 2088
2088 600 1632
6
980 926 461
461 1863 1552
1552 426 1316
1316 6616 841
841 3224 892
892 5230 1632
6
980 931 1060
1060 15 1585
1585 4573 1361
1361 2483 1836
1836 3866 2980
2980 1029 1632
6
980 937 1733
1733 2512 1872
1872 6741 2072
2072 3225 590
590 1087 2334
2334 4762 1632
6
980 938 979
979 1034 903
903 449 1672
1672 6352 257
257 6543 492
492 2671 1632
6
980 949 1686
1686 3722 2124
2124 272 499
499 785 2467
2467 3326 2201
2201 4748 1632
6
980 951 2138
2138 3441 2414
2414 2433 1348
1348 979 911
911 695 1255
1255 551 1632
6
980 958 2678
2678 2870 2289
2289 4130 2207
2207 1259 2446
2446 1003 78
78 3794 1632
6
980 960 1788
1788 4921 1057
1057 4181 123
123 5596 2006
2006 2189 244
244 2952 1632
6
980 962 2046
2046 3048 2367
2367 4065 144
144 4443 2786
2786 492 741
741 5153 1632
6
980 974 2925
2925 6763 1307
1307 357 1849
1849 2746 2906
2906 6031 307
307 5471 1632
6
980 993 771
771 3657 1122
1122 1215 343
343 4042 1420
1420 376 2319
2319 2072 1632
6
980 996 1737
1737 3141 584
584 5797 2536
2536 1224 1743
1743 2089 301
301 825 1632
6
980 997 1248
1248 1355 1542
1542 3386 672
672 1306 2262
2262 5812 65
65 2122 1632
6
980 1005 1608
1608 5110 2962
2962 4090 2139
2139 84 27
27 6062 1773
1773 2762 1632
6
980 1006 2113
2113 4371 2034
2034 2663 1814
1814 5262 904
904 6362 1185
1185 162 1632
6
980 1009 2115
2115 983 1766
1766 5239 2855
2855 392 2475
2475 5067 1499
1499 5857 1632
6
980 1026 1338
1338 550 1254
1254 2387 1634
1634 1953 318
318 6446 306
306 2191 1632
6
980 1027 2457
2457 5587 555
555 53 459
459 4211 1284
1284 5407 2577
2577 3078 1632
6
980 1041 1189
1189 3990 483
483 881 260
260 1726 2918
2918 2751 1889
1889 3134 1632
6
980 1047 1874
1874 3909 2838
2838 4252 2882
2882 1491 1683
1683 1684 425
425 406 1632
6
980 1054 1199
1199 4185 319
319 1019 446
446 1038 1001
1001 743 508
508 582 1632
6
980 1056 2283
2283 5199 2620
2620 5295 391
391 2070 2695
2695 2645 156
156 2500 1632
6
980 1057 310
310 1808 2089
2089 1049 2923
2923 6375 2564
2564 602 2491
2491 1542 1632
6
980 1067 728
728 2001 833
833 2955 1859
1859 5789 2757
2757 2307 2444
2444 2760 1632
6
980 1070 86
86 93 2371
2371 5162 2853
2853 3837 2968
2968 1252 730
730 1105 1632
6
980 1080 2122
2122 4059 552
552 895 641
641 1805 1064
1064 2685 1447
1447 922 1632
6
980 1088 1018
1018 6812 2097
2097 924 1958
1958 4236 1593
1593 6770 2409
2409 504 1632
6
980 1095 897
897 4121 2338
2338 6100 41
41 4938 2904
2904 3461 1008
1008 791 1632
6
980 1099 2640
2640 6198 2603
2603 2303 2378
2378 285 2
2 5398 1450
1450 2258 1632
6
980 1104 878
878 3744 1718
1718 43 1270
1270 161 2278
2278 681 814
814 789 1632
6
980 1112 769
769 5585 1796
1796 782 1303
1303 1380 480
480 5782 1364
1364 3875 1632
6
980 1117 143
143 3482 2891
2891 4983 773
773 1910 1075
1075 361 636
636 1859 1632
6
980 1119 1619
1619 5490 949
949 2456 2202
2202 1631 279
279 72 1213
1213 553 1632
6
980 1135 2825
2825 4377 998
998 6183 2689
2689 603 2521
2521 1722 1326
1326 1143 1632
6
980 1138 2638
2638 738 1894
1894 4761 1637
1637 3158 1578
1578 5342 1995
1995 2242 1632
6
980 1139 2228
2228 5496 661
661 1282 2873
2873 3870 187
187 1388 1875
1875 2204 1632
6
980 1147 1104
1104 1529 287
287 6123 701
701 3458 1366
1366 4076 663
663 1505 1632
6
980 1148 2808
2808 4027 566
566 2304 2938
2938 1674 142
142 1387 2845
2845 3555 1632
6
980 1159 1367
1367 2472 2567
2567 5047 1011
1011 2821 2597
2597 4289 1483
1483 2267 1632
6
980 1162 296
296 5195 2566
2566 537 652
652 1237 988
988 3123 2402
2402 1598 1632
6
980 1163 2485
2485 1862 516
516 155 89
89 4895 686
686 6564 202
202 1927 1632
6
980 1165 1631
1631 6391 394
394 1155 2158
2158 4240 852
852 1911 2615
2615 3841 1632
6
980 1167 2811
2811 511 604
604 5770 1399
1399 968 2666
2666 1708 255
255 2611 1632
6
980 1175 1864
1864 1213 477
477 1823 176
176 2907 1546
1546 2630 1207
1207 1263 1632
6
980 1179 2851
2851 2169 1408
1408 2020 1004
1004 10 1072
1072 927 2691
2691 186 1632
6
980 1197 1847
1847 961 2325
2325 2556 2045
2045 1178 383
383 51 935
935 1743 1632
6
980 1199 546
546 1131 206
206 3320 2967
2967 2422 706
706 5632 2216
2216 2073 1632
6
980 1222 328
328 720 837
837 5854 782
782 3890 1094
1094 1458 806
806 1525 1632
6
980 1223 997
997 6046 1850
1850 2676 1359
1359 2157 1032
1032 4978 325
325 1841 1632
6
980 1227 1034
1034 2511 2515
2515 3024 1181
1181 844 411
411 1714 2770
2770 1907 1632
6
980 1228 286
286 4540 1031
1031 5334 1077
1077 1137 795
795 1206 1055
1055 3541 1632
6
980 1241 885
885 295 757
757 1524 1934
1934 2673 1954
1954 1925 2439
2439 3321 1632
6
980 1270 1386
1386 1273 2110
2110 811 2991
2991 4542 2460
2460 1559 2505
2505 849 1632
6
980 1276 271
271 2763 1246
1246 1643 236
236 5816 2226
2226 6540 1121
1121 3699 1632
6
980 1278 2572
2572 2586 1021
1021 5038 970
970 2783 537
537 2421 2947
2947 5584 1632
6
980 1287 2884
2884 1358 2976
2976 2016 724
724 4979 1074
1074 2000 1306
1306 1875 1632
6
980 1288 743
743 5198 805
805 4746 2846
2846 5702 1342
1342 1238 2250
2250 1894 1632
6
980 1294 1917
1917 6640 2317
2317 6157 1510
1510 2495 1162
1162 1369 918
918 3324 1632
6
980 1300 340
340 16 151
151 2889 351
351 5381 2087
2087 6689 2386
2386 2565 1632
6
980 1301 322
322 2625 1280
1280 4639 1865
1865 6335 1841
1841 5723 1645
1645 168 1632
6
980 1308 792
792 6193 125
125 3327 1387
1387 234 104
104 4544 2896
2896 1949 1632
6
980 1311 300
300 6452 335
335 2183 487
487 6372 2179
2179 5190 2428
2428 2826 1632
6
980 1312 2090
2090 3277 1530
1530 4850 2038
2038 6518 959
959 4372 1243
1243 661 1632
6
980 1319 586
586 2280 594
594 856 1312
1312 2850 2192
2192 4281 696
696 4073 1632
6
980 1321 1644
1644 2831 1955
1955 2333 564
564 746 539
539 6003 240
240 697 1632
6
980 1327 2862
2862 3658 238
238 2551 643
643 3053 1833
1833 2306 831
831 4273 1632
6
980 1336 2225
2225 3160 2291
2291 5246 199
199 4640 163
163 4677 1401
1401 1601 1632
6
980 1342 2630
2630 5771 485
485 6161 946
946 5614 1013
1013 425 754
754 1552 1632
6
980 1345 2412
2412 2614 751
751 5011 2048
2048 5436 2784
2784 3109 61
61 1538 1632
6
980 1352 404
404 4668 1091
1091 3042 1253
1253 3573 382
382 5664 502
502 1187 1632
6
980 1365 920
920 3124 2922
2922 6378 1272
1272 2340 618
618 3996 2272
2272 39 1632
6
980 1372 58
58 3958 695
695 6541 2530
2530 957 2425
2425 2162 1762
1762 955 1632
6
980 1374 2380
2380 1266 126
126 3428 681
681 3879 1696
1696 2187 1259
1259 4495 1632
6
980 1379 848
848 6181 19
19 5265 2639
2639 5813 1638
1638 3102 2614
2614 4294 1632
6
980 1382 2177
2177 133 1143
1143 1221 1495
1495 1994 291
291 5364 1331
1331 4867 1632
6
980 1383 2381
2381 2595 803
803 800 822
822 1480 2018
2018 934 2488
2488 2209 1632
6
980 1397 2459
2459 2077 1424
1424 5244 2760
2760 317 153
153 3594 549
549 2982 1632
6
980 1403 28
28 4797 1547
1547 5534 2699
2699 964 1966
1966 5288 2112
2112 2362 1632
6
980 1404 1709
1709 2743 1738
1738 5298 2196
2196 4320 504
504 3185 2397
2397 1649 1632
6
980 1407 15
15 4719 1607
1607 1688 1184
1184 735 826
826 805 386
386 5344 1632
6
980 1408 785
785 4569 2551
2551 78 2802
2802 6826 2471
2471 5447 657
657 641 1632
6
980 1410 437
437 4880 790
790 2270 2820
2820 4620 718
718 2099 562
562 2355 1632
6
980 1420 1950
1950 2120 2517
2517 716 2416
2416 5603 1568
1568 5828 678
678 4220 1632
6
980 1423 1914
1914 2156 1088
1088 6510 264
264 6554 2044
2044 1810 428
428 328 1632
6
980 1435 2702
2702 6663 1192
1192 6404 1206
1206 1209 951
951 6811 330
330 520 1632
6
980 1438 25
25 138 1614
1614 1291 1149
1149 3390 1724
1724 1618 2836
2836 2033 1632
6
980 1442 495
495 5620 2653
2653 5029 2448
2448 828 729
729 5768 423
423 5346 1632
6
980 1446 1781
1781 887 1921
1921 3401 879
879 1354 1981
1981 398 452
452 5289 1632
6
980 1466 385
385 2588 2030
2030 2473 2788
2788 2877 2588
2588 1950 2744
2744 329 1632
6
980 1492 304
304 645 1982
1982 778 469
469 6624 221
221 1628 715
715 2544 1632
6
980 1496 684
684 1124 479
479 5359 313
313 3848 71
71 6205 1480
1480 638 1632
6
980 1498 543
543 4533 1217
1217 2722 422
422 3083 2356
2356 5337 1417
1417 1032 1632
6
980 1499 2587
2587 4316 374
374 5897 1804
1804 5417 1427
1427 2737 865
865 1973 1632
6
980 1502 247
247 1181 668
668 1756 732
732 2053 772
772 4730 1563
1563 4577 1632
6
980 1523 788
788 1230 1666
1666 3276 1590
1590 3369 482
482 3914 1891
1891 3116 1632
6
980 1528 92
92 4740 2848
2848 5846 292
292 370 1089
1089 5296 2713
2713 3512 1632
6
980 1530 2200
2200 6018 2534
2534 4890 2136
2136 4608 1146
1146 208 1065
1065 4476 1632
6
980 1532 148
148 5007 1441
1441 4756 2762
2762 1419 75
75 35 1695
1695 2786 1632
6
980 1570 2119
2119 34 2300
2300 1431 283
283 783 214
214 2324 45
45 331 1632
6
980 1575 779
779 892 529
529 3719 2872
2872 973 416
416 793 2132
2132 209 1632
6
980 1576 2805
2805 3112 873
873 5339 281
281 852 812
812 4606 2426
2426 85 1632
6
980 1582 34
34 1641 1655
1655 5739 87
87 1871 2626
2626 1180 2637
2637 2643 1632
6
980 1597 2230
2230 3839 1357
1357 1866 2019
2019 4682 1451
1451 1545 2731
2731 2644 1632
6
980 1603 2020
2020 571 1350
1350 3611 1457
1457 4658 1209
1209 1330 2959
2959 410 1632
6
980 1621 225
225 2383 138
138 5955 1112
1112 1078 2049
2049 1566 1201
1201 488 1632
6
980 1637 4
4 2405 399
399 1562 1956
1956 25 1017
1017 4824 14
14 4226 1632
6
980 1648 2143
2143 2791 1828
1828 160 441
441 3371 632
632 2395 1099
1099 2196 1632
6
980 1654 2276
2276 277 719
719 2521 1680
1680 2148 2826
2826 1644 1937
1937 3132 1632
6
980 1665 11
11 4234 1516
1516 1303 105
105 1110 1681
1681 5081 2357
2357 1506 1632
6
980 1667 932
932 1515 2596
2596 1292 2632
2632 4503 2578
2578 664 2056
2056 3440 1632
6
980 1672 2424
2424 4359 285
285 5200 278
278 2860 1654
1654 2648 2275
2275 1997 1632
6
980 1679 943
943 2931 128
128 5158 2880
2880 3916 1985
1985 3418 2651
2651 3368 1632
6
980 1682 928
928 2194 1635
1635 140 2256
2256 314 2232
2232 4214 1968
1968 2292 1632
6
980 1703 2847
2847 1656 2518
2518 1569 2481
2481 5591 2586
2586 5034 2852
2852 4712 1632
6
980 1713 272
272 2317 1505
1505 1290 223
223 914 2909
2909 3099 1901
1901 1738 1632
6
980 1731 1473
1473 194 1186
1186 1248 2867
2867 6307 742
742 3567 2514
2514 2186 1632
6
980 1737 1458
1458 2399 1728
1728 1967 1134
1134 5318 2492
2492 6670 621
621 2360 1632
6
980 1741 1802
1802 5024 1801
1801 1307 424
424 2134 414
414 4886 1549
1549 639 1632
6
980 1752 1210
1210 1350 1817
1817 886 2821
2821 3667 1511
1511 2895 308
308 4388 1632
6
980 1767 1658
1658 4889 2795
2795 6590 2456
2456 2139 1512
1512 5479 989
989 2031 1632
6
980 1770 1712
1712 4055 2480
2480 2570 872
872 6069 2323
2323 4899 612
612 2398 1632
6
980 1771 1656
1656 3776 1083
1083 3186 1382
1382 4089 2946
2946 4381 2191
2191 1695 1632
6
980 1773 2907
2907 344 2888
2888 1778 1628
1628 4984 2817
2817 3485 1904
1904 3874 1632
6
980 1776 2151
2151 1979 243
243 5033 2863
2863 4823 2349
2349 6255 2213
2213 218 1632
6
980 1777 1868
1868 4334 1969
1969 3358 2195
2195 5385 2209
2209 3625 2972
2972 5927 1632
6
980 1781 2698
2698 1899 2106
2106 5717 1758
1758 4080 198
198 5078 1406
1406 1071 1632
6
980 1787 135
135 6402 556
556 2534 1821
1821 6327 462
462 6357 69
69 1264 1632
6
980 1790 402
402 2721 891
891 1083 1204
1204 4868 2830
2830 99 355
355 3278 1632
6
980 1795 2824
2824 2295 680
680 4484 1293
1293 442 1943
1943 2192 2433
2433 135 1632
6
980 1803 1916
1916 3774 1521
1521 4623 1085
1085 1471 1096
1096 2666 55
55 305 1632
6
980 1806 116
116 2766 1102
1102 3325 1497
1497 446 2388
2388 4276 2553
2553 3845 1632
6
980 1824 341
341 654 2324
2324 2308 507
507 5183 1051
1051 1702 2965
2965 5635 1632
6
980 1827 2253
2253 5595 1403
1403 6534 2992
2992 458 2217
2217 917 2940
2940 104 1632
6
980 1831 1974
1974 1244 540
540 319 867
867 3629 2584
2584 4194 2065
2065 3486 1632
6
980 1845 581
581 2738 748
748 1705 372
372 1280 1826
1826 6836 2966
2966 2207 1632
6
980 1849 81
81 1493 1373
1373 187 2725
2725 4456 2641
2641 5063 259
259 1668 1632
6
980 1854 2478
2478 5412 2662
2662 2436 2629
2629 2426 1714
1714 4224 2727
2727 4635 1632
6
980 1891 1854
1854 1217 472
472 4159 2670
2670 6859 969
969 5111 2125
2125 2147 1632
6
980 1893 1271
1271 756 203
203 90 1245
1245 505 1150
1150 5241 2931
2931 1002 1632
6
980 1917 443
443 131 1039
1039 1758 2266
2266 2245 1169
1169 3208 2031
2031 4973 1632
6
980 1922 1332
1332 118 145
145 171 1754
1754 2849 463
463 6863 2292
2292 535 1632
6
980 1928 1939
1939 524 242
242 1869 525
525 1440 2304
2304 2887 111
111 3192 1632
6
980 1943 1735
1735 6253 216
216 4685 1260
1260 3972 1362
1362 2195 1391
1391 2420 1632
6
980 1947 948
948 1260 409
409 2368 635
635 3303 683
683 6017 1071
1071 163 1632
6
980 1956 545
545 2443 1727
1727 18 1393
1393 767 412
412 192 2061
2061 763 1632
6
980 1957 2622
2622 13 2829
2829 2201 2912
2912 5663 1716
1716 1589 2903
2903 777 1632
6
980 1960 1809
1809 14 2668
2668 1567 241
241 5234 2153
2153 2022 233
233 3478 1632
6
980 1975 921
921 4515 2988
2988 723 356
356 2590 393
393 3019 1144
1144 3110 1632
6
980 1977 528
528 5227 103
103 4764 1472
1472 3520 2734
2734 1211 1471
1471 1176 1632
6
980 1978 30
30 2653 209
209 3876 314
314 5776 690
690 6303 572
572 2312 1632
6
980 1984 2657
2657 181 1861
1861 121 1999
1999 6422 1784
1784 1719 1430
1430 3787 1632
6
980 1996 985
985 3168 1997
1997 1361 346
346 1024 2154
2154 5728 1363
1363 1673 1632
6
980 2013 2220
2220 6817 1347
1347 6764 2305
2305 2291 2529
2529 2173 500
500 103 1632
6
980 2045 2733
2733 3379 1402
1402 5824 2270
2270 3687 311
311 6295 489
489 127 1632
6
980 2059 1266
1266 6211 1334
1334 1882 2701
2701 5408 1871
1871 1521 2876
2876 3884 1632
6
980 2078 1229
1229 3805 1194
1194 5873 1299
1299 4176 1789
1789 871 166
166 1417 1632
6
980 2084 1081
1081 254 1159
1159 5733 2609
2609 2492 1223
1223 998 1858
1858 2547 1632
6
980 2102 2595
2595 5599 2284
2284 5086 2308
2308 5009 653
653 4584 2494
2494 4152 1632
6
980 2108 2522
2522 869 1127
1127 3733 1613
1613 2036 2354
2354 2951 1501
1501 1344 1632
6
980 2109 1321
1321 2690 945
945 1479 435
435 5467 2199
2199 1272 1022
1022 318 1632
6
980 2110 315
315 338 2117
2117 6552 2648
2648 1851 1118
1118 3681 2791
2791 1557 1632
6
980 2116 2363
2363 5051 2607
2607 345 2528
2528 4941 1045
1045 1126 1554
1554 1666 1632
6
980 2125 1792
1792 5545 2979
2979 4459 2298
2298 5031 2950
2950 4670 1478
1478 2410 1632
6
980 2135 2500
2500 6094 693
693 201 2675
2675 4871 1429
1429 4864 1611
1611 3207 1632
6
980 2138 2881
2881 4205 249
249 1935 137
137 4965 1815
1815 3088 1671
1671 859 1632
6
980 2149 2383
2383 928 67
67 2 332
332 2879 1047
1047 1113 1358
1358 2024 1632
6
980 2159 2074
2074 5720 2860
2860 6461 1962
1962 3822 1319
1319 3492 1002
1002 366 1632
6
980 2167 2067
2067 190 2093
2093 6407 2182
2182 4060 2837
2837 816 2470
2470 4643 1632
6
980 2180 43
43 176 1579
1579 4579 2121
2121 11 1142
1142 3142 2129
2129 6 1632
6
980 2205 440
440 1820 1049
1049 760 23
23 796 898
898 5516 269
269 3462 1632
6
980 2208 801
801 1634 1807
1807 5456 1531
1531 5915 2156
2156 4006 1131
1131 1558 1632
6
980 2212 627
627 4630 857
857 4367 254
254 1815 2332
2332 5316 230
230 284 1632
6
980 2218 384
384 3801 671
671 1664 1178
1178 3272 1636
1636 4026 2366
2366 1913 1632
6
980 2227 1006
1006 6801 1570
1570 3725 2986
2986 611 1341
1341 3129 2086
2086 4217 1632
6
980 2248 297
297 5777 2451
2451 3145 2753
2753 4839 2559
2559 2518 2942
2942 872 1632
6
980 2249 1059
1059 2431 169
169 1897 1130
1130 3945 1337
1337 3020 1030
1030 2393 1632
6
980 2273 2886
2886 5943 84
84 4418 2859
2859 4125 51
51 3778 2735
2735 1573 1632
6
980 2277 1038
1038 6839 2150
2150 2988 1623
1623 5731 1519
1519 4877 2555
2555 2027 1632
6
980 2298 1220
1220 5526 2021
2021 1510 2351
2351 4610 821
821 632 389
389 1546 1632
6
980 2316 160
160 6332 2251
2251 207 1226
1226 4008 154
154 4433 136
136 1987 1632
6
980 2336 677
677 3677 2411
2411 1231 560
560 3 2878
2878 4760 2008
2008 1920 1632
6
980 2356 2204
2204 1053 691
691 3373 761
761 970 2237
2237 6547 2026
2026 288 1632
6
980 2357 914
914 3770 2971
2971 6424 2055
2055 5087 235
235 1265 1027
1027 206 1632
6
980 2361 829
829 3865 756
756 5696 725
725 6797 513
513 1768 2790
2790 1848 1632
6
980 2366 1693
1693 3323 2206
2206 3356 1147
1147 5636 1407
1407 3683 2353
2353 92 1632
6
980 2370 2144
2144 808 1082
1082 4599 1651
1651 4199 2194
2194 3521 2390
2390 2485 1632
6
980 2377 548
548 5600 488
488 1451 2679
2679 4163 2137
2137 3426 366
366 999 1632
6
980 2400 2771
2771 620 2064
2064 708 2993
2993 2779 1318
1318 4115 1120
1120 2581 1632
6
980 2401 2708
2708 6680 1033
1033 578 1890
1890 2966 481
481 916 884
884 2793 1632
6
980 2415 1176
1176 6787 1639
1639 1079 21
21 6465 1158
1158 429 595
595 586 1632
6
980 2416 213
213 787 2945
2945 3477 882
882 3339 72
72 3686 2646
2646 4384 1632
6
980 2446 1287
1287 1017 2203
2203 3331 2723
2723 6614 1073
1073 4779 1262
1262 96 1632
6
980 2449 447
447 3184 2877
2877 4392 2443
2443 3614 2410
2410 4004 1973
1973 3553 1632
6
980 2460 767
767 1961 265
265 2213 967
967 253 398
398 6648 759
759 2458 1632
6
980 2461 298
298 6467 1289
1289 4513 1062
1062 3695 1392
1392 2286 1296
1296 3131 1632
6
980 2466 927
927 1010 205
205 1896 2974
2974 4464 2602
2602 5925 667
667 4703 1632
6
980 2468 2326
2326 3433 2309
2309 5320 1462
1462 6075 149
149 5881 1115
1115 3009 1632
6
980 2488 2254
2254 3814 1771
1771 2121 1949
1949 2290 2812
2812 5982 915
915 3393 1632
6
980 2489 2740
2740 1594 2060
2060 3705 2809
2809 2926 1485
1485 540 1353
1353 474 1632
6
980 2494 1896
1896 3342 1913
1913 3496 679
679 4129 1665
1665 4778 1822
1822 231 1632
6
980 2496 1249
1249 1249 1298
1298 3627 2663
2663 6521 333
333 2932 362
362 5402 1632
6
980 2498 2864
2864 3040 1267
1267 2579 965
965 1798 2271
2271 6441 2890
2890 1245 1632
6
980 2503 40
40 5238 2479
2479 4819 293
293 2057 2130
2130 4382 2730
2730 2447 1632
6
980 2513 2776
2776 2211 698
698 923 2520
2520 4808 1398
1398 671 1247
1247 683 1632
6
980 2514 1503
1503 1448 350
350 307 2007
2007 1983 434
434 543 538
538 321 1632
6
980 2520 1016
1016 1189 2692
2692 411 1042
1042 1640 1710
1710 5103 2222
2222 498 1632
6
980 2522 357
357 1814 2312
2312 2067 5
5 112 2327
2327 947 449
449 1267 1632
6
980 2526 1986
1986 1518 1465
1465 1122 567
567 1857 1573
1573 2662 1798
1798 678 1632
6
980 2527 1831
1831 5182 1422
1422 4611 68
68 4932 631
631 4934 2764
2764 1123 1632
6
980 2535 2076
2076 1578 2175
2175 4576 1009
1009 2244 1708
1708 6719 1750
1750 5766 1632
6
980 2554 991
991 1320 2619
2619 2558 845
845 4926 2849
2849 3118 2533
2533 1061 1632
6
980 2566 2236
2236 3030 2575
2575 2112 486
486 3394 735
735 5822 1884
1884 3907 1632
6
980 2568 2335
2335 495 840
840 3947 208
208 2480 1305
1305 5884 2148
2148 868 1632
6
980 2593 1323
1323 2830 2756
2756 1463 1653
1653 6569 2487
2487 613 1808
1808 687 1632
6
980 2617 647
647 1612 1641
1641 659 2798
2798 1118 2914
2914 6695 2917
2917 3720 1632
6
980 2638 2142
2142 1622 2684
2684 400 1870
1870 4345 1933
1933 5712 1557
1557 4330 1632
6
980 2658 1349
1349 2184 1853
1853 2310 13
13 1909 2768
2768 587 2379
2379 4907 1632
6
980 2667 1610
1610 3172 849
849 3232 2693
2693 3143 1843
1843 6827 1197
1197 2276 1632
6
980 2699 1837
1837 3601 1555
1555 3147 2043
2043 1086 95
95 799 253
253 5164 1632
6
980 2702 2895
2895 408 2286
2286 296 2114
2114 1214 2009
2009 339 1652
1652 3194 1632
6
980 2710 2293
2293 1315 1753
1753 4751 2434
2434 4510 2466
2466 2891 2080
2080 1762 1632
6
980 2730 456
456 3067 501
501 1653 1439
1439 2972 2111
2111 2359 2552
2552 3642 1632
6
980 2735 147
147 1102 2246
2246 2232 53
53 3838 1105
1105 2818 88
88 397 1632
6
980 2742 976
976 270 1748
1748 854 1193
1193 4246 654
654 5507 352
352 1536 1632
6
980 2750 2260
2260 6096 323
323 3127 2686
2686 6177 714
714 2582 1198
1198 5335 1632
6
980 2768 697
697 2137 2022
2022 2764 282
282 6338 1111
1111 4155 2450
2450 5365 1632
6
980 2776 2737
2737 4000 522
522 5118 1615
1615 1503 2937
2937 164 611
611 538 1632
6
980 2777 2176
2176 6617 1101
1101 1879 1423
1423 1340 794
794 4103 54
54 2076 1632
6
980 2787 2483
2483 457 1369
1369 3375 640
640 4729 1166
1166 5626 844
844 5718 1632
6
980 2795 2538
2538 2236 765
765 2323 2729
2729 5624 1805
1805 2345 600
600 417 1632
6
980 2805 1576
1576 2188 710
710 5124 256
256 2981 2647
2647 3685 1920
1920 315 1632
6
980 2806 1544
1544 3502 2101
2101 4951 1378
1378 5179 1356
1356 2044 2592
2592 642 1632
6
980 2809 82
82 4498 2244
2244 5798 1765
1765 5575 939
939 371 369
369 4918 1632
6
980 2824 2369
2369 3097 2249
2249 3037 1877
1877 1192 699
699 4893 1569
1569 2567 1632
6
980 2838 2576
2576 4786 29
29 4688 861
861 5719 2792
2792 4653 1506
1506 5389 1632
6
980 2846 2389
2389 6800 2035
2035 4380 2010
2010 5302 958
958 3071 2024
2024 1314 1632
6
980 2861 1523
1523 6367 1902
1902 635 2071
2071 4360 2806
2806 4583 1740
1740 448 1632
6
980 2874 1333
1333 4529 2935
2935 4283 847
847 694 739
739 5919 252
252 918 1632
6
980 2875 1926
1926 4466 978
978 470 1650
1650 4564 2601
2601 2718 419
419 137 1632
6
980 2888 2257
2257 3438 98
98 5276 2133
2133 1988 288
288 71 614
614 2382 1632
6
980 2915 720
720 402 2420
2420 5166 326
326 4909 1534
1534 2397 2554
2554 1039 1632
6
980 2916 723
723 4411 2598
2598 5920 1488
1488 6229 2705
2705 2075 1440
1440 1077 1632
6
980 2921 1717
1717 3049 1300
1300 575 620
620 3182 1791
1791 4416 1012
1012 1202 1632
6
980 2929 2763
2763 1892 18
18 2142 1673
1673 5213 2726
2726 1363 1768
1768 1188 1632
6
980 2940 2625
2625 6204 193
193 5454 48
48 2086 869
869 455 778
778 1484 1632
6
980 2953 2165
2165 129 2091
2091 4082 2458
2458 5131 2395
2395 2363 467
467 6061 1632
6
980 2958 1058
1058 2569 2406
2406 4507 1446
1446 1318 1657
1657 2898 1759
1759 1072 1632
6
980 2962 1931
1931 6630 406
406 3949 1261
1261 3060 1746
1746 2015 2748
2748 855 1632
6
980 2978 1630
1630 1203 783
783 1725 2833
2833 3551 2063
2063 6636 532
532 12 1632
6
980 2980 1148
1148 5450 944
944 3298 2671
2671 795 2079
2079 3196 2869
2869 413 1632
6
980 2983 2219
2219 68 1314
1314 2225 1930
1930 4299 1274
1274 1500 1164
1164 4967 1632
6
980 3006 2162
2162 4033 1589
1589 6557 2068
2068 4145 787
787 1619 179
179 1707 1632
6
980 3011 47
47 3973 433
433 2726 2633
2633 1825 1769
1769 4 619
619 2683 1632
6
980 3014 1232
1232 5859 762
762 4318 830
830 6392 280
280 4521 1492
1492 3962 1632
6
980 3033 688
688 1671 1667
1667 1721 2643
2643 447 2750
2750 5598 703
703 2301 1632
6
980 3034 155
155 5774 2404
2404 3988 1421
1421 4691 6
6 4555 26
26 3273 1632
6
980 3038 94
94 3265 2834
2834 2609 2066
2066 373 1840
1840 3481 134
134 2790 1632
6
980 3045 524
524 3788 1722
1722 6057 460
460 262 2392
2392 6302 305
305 399 1632
6
980 3059 1218
1218 1692 2169
2169 1549 2857
2857 5382 2166
2166 1685 1764
1764 629 1632
6
980 3066 2218
2218 530 2718
2718 3174 2279
2279 2250 2161
2161 5017 1486
1486 759 1632
6
980 3072 232
232 83 1426
1426 3445 2368
2368 4988 2563
2563 4054 929
929 3585 1632
6
980 3076 1582
1582 2438 1343
1343 5214 731
731 3400 1256
1256 648 2081
2081 428 1632
6
980 3079 576
576 6301 2508
2508 1918 1344
1344 3760 1591
1591 5026 312
312 2141 1632
6
980 3098 766
766 5838 1919
1919 1008 547
547 1253 1151
1151 5906 1595
1595 3267 1632
6
980 3107 2190
2190 6107 2516
2516 6021 91
91 1153 563
563 3370 1820
1820 37 1632
6
980 3108 2858
2858 4423 509
509 1196 2868
2868 4535 1993
1993 3046 2355
2355 2968 1632
6
980 3117 2098
2098 142 2322
2322 4625 1622
1622 4840 367
367 3709 1136
1136 718 1632
6
980 3121 607
607 3856 2600
2600 5137 2302
2302 6055 2096
2096 1720 2915
2915 1370 1632
6
980 3130 2652
2652 2536 2919
2919 3998 1215
1215 1021 1139
1139 3115 194
194 2035 1632
6
980 3169 2205
2205 335 2658
2658 2247 2002
2002 6364 722
722 2094 2589
2589 3493 1632
6
980 3178 1592
1592 4137 1867
1867 1865 1879
1879 1924 2318
2318 5751 1100
1100 45 1632
6
980 3179 2077
2077 2332 277
277 2119 2990
2990 569 2683
2683 4547 2461
2461 3257 1632
6
980 3190 162
162 1381 1351
1351 6125 1963
1963 5834 376
376 4633 2157
2157 3527 1632
6
980 3197 591
591 5043 1533
1533 4815 1052
1052 1946 1103
1103 6406 1643
1643 3503 1632
6
980 3206 2393
2393 3023 571
571 3800 1898
1898 4995 2340
2340 4146 889
889 2990 1632
6
980 3218 464
464 5876 886
886 4108 1572
1572 173 1770
1770 3471 2710
2710 598 1632
6
980 3233 442
442 5734 534
534 5977 491
491 2373 1286
1286 1704 2977
2977 2727 1632
6
980 3234 559
559 5589 1967
1967 128 1281
1281 839 536
536 804 2816
2816 1489 1632
6
980 3250 1019
1019 5429 1442
1442 1942 191
191 4948 2562
2562 863 2571
2571 946 1632
6
980 3263 1960
1960 1750 1412
1412 238 2616
2616 1830 152
152 2284 2591
2591 283 1632
6
980 3266 689
689 3317 2902
2902 3003 1571
1571 3772 1056
1056 2409 675
675 2865 1632
6
980 3270 2263
2263 3448 791
791 936 2883
2883 5324 1340
1340 1367 2650
2650 1602 1632
6
980 3271 2779
2779 5022 2083
2083 1736 2664
2664 2151 1987
1987 5419 780
780 581 1632
6
980 3299 1548
1548 1868 1848
1848 4260 700
700 3043 2894
2894 3504 931
931 3442 1632
6
980 3302 274
274 5964 2655
2655 1793 2377
2377 5799 1167
1167 6749 2535
2535 2745 1632
6
980 3306 2185
2185 1561 32
32 4649 2724
2724 6175 1562
1562 170 349
349 1690 1632
6
980 3308 1161
1161 3742 2084
2084 5514 2547
2547 1522 1310
1310 3886 1539
1539 2367 1632
6
980 3313 302
302 3935 2558
2558 5347 268
268 1659 1459
1459 378 1003
1003 5045 1632
6
980 3314 2000
2000 1389 2682
2682 6451 1491
1491 4728 2804
2804 4436 1989
1989 3533 1632
6
980 3322 881
881 2930 2654
2654 1843 1212
1212 824 972
972 494 1624
1624 1377 1632
6
980 3336 453
453 274 2296
2296 4122 192
192 857 1976
1976 2010 1621
1621 141 1632
6
980 3429 2360
2360 3047 1583
1583 6431 1188
1188 2610 827
827 2214 2036
2036 422 1632
6
980 3454 16
16 2584 2033
2033 757 1308
1308 2414 2700
2700 6847 2704
2704 1760 1632
6
980 3483 1540
1540 5035 856
856 1902 995
995 2155 1066
1066 461 102
102 5713 1632
6
980 3497 1663
1663 3065 2995
2995 2260 1869
1869 6515 368
368 5433 702
702 1204 1632
6
980 3505 1977
1977 2782 229
229 6736 644
644 1 2504
2504 3249 2497
2497 42 1632
6
980 3509 1368
1368 4545 1431
1431 311 189
189 3522 2104
2104 4366 1880
1880 2927 1632
6
980 3513 2983
2983 1395 669
669 3986 370
370 5593 2842
2842 4818 1528
1528 3431 1632
6
980 3525 200
200 721 210
210 5027 824
824 1617 1202
1202 3301 1829
1829 2210 1632
6
980 3549 2320
2320 2788 2775
2775 2087 1878
1878 5749 1320
1320 4451 167
167 660 1632
6
980 3550 1588
1588 2960 2107
2107 3235 1335
1335 6047 196
196 3176 64
64 837 1632
6
980 3557 2135
2135 1144 557
557 728 587
587 2716 1078
1078 640 2436
2436 215 1632
6
980 3559 1659
1659 152 1138
1138 2444 270
270 2101 1292
1292 1919 77
77 2817 1632
6
980 3561 2720
2720 113 577
577 2465 2041
2041 3100 713
713 2807 173
173 1903 1632
6
980 3563 99
99 867 608
608 5946 49
49 4884 510
510 4865 1513
1513 2813 1632
6
980 3564 1946
1946 114 1952
1952 5879 1240
1240 3070 1054
1054 4806 2803
2803 453 1632
6
980 3603 1507
1507 5709 2621
2621 4800 1413
1413 1409 1165
1165 1418 2280
2280 989 1632
6
980 3609 2933
2933 1486 1832
1832 1623 1175
1175 3548 565
565 702 309
309 5254 1632
6
980 3639 1538
1538 1356 2738
2738 4361 2835
2835 1164 1648
1648 4692 2227
2227 2271 1632
6
980 3653 1093
1093 1004 1237
1237 943 2769
2769 3854 1941
1941 1465 122
122 3113 1632
6
980 3659 804
804 5826 1932
1932 827 1481
1481 5285 1360
1360 963 2649
2649 644 1632
6
980 3701 1263
1263 1107 1876
1876 3280 494
494 2381 2899
2899 134 2259
2259 77 1632
6
980 3712 1923
1923 4724 1699
1699 454 2344
2344 3476 1173
1173 4149 1035
1035 1757 1632
6
980 3746 629
629 1184 763
763 1614 1629
1629 826 337
337 3664 1498
1498 653 1632
6
980 3761 118
118 3798 1726
1726 847 1295
1295 2914 984
984 2114 2430
2430 4506 1632
6
980 3767 1132
1132 2606 267
267 1732 1560
1560 5165 633
633 4807 568
568 1663 1632
6
980 3769 31
31 6457 1942
1942 356 1785
1785 2757 324
324 5442 1744
1744 3195 1632
6
980 3781 1236
1236 6433 1087
1087 4726 112
112 877 854
854 3643 707
707 1554 1632
6
980 3789 2316
2316 5212 432
432 2327 954
954 3120 438
438 2866 1452
1452 532 1632
6
980 3793 776
776 1326 745
745 523 1561
1561 6180 174
174 6150 1627
1627 2650 1632
6
980 3795 161
161 5340 448
448 2052 2364
2364 3827 245
245 153 246
246 2419 1632
6
980 3812 2953
2953 240 1682
1682 5000 1494
1494 525 1915
1915 2961 12
12 337 1632
6
980 3824 2418
2418 2235 2781
2781 1675 117
117 3571 1529
1529 1626 1703
1703 853 1632
6
980 3830 1107
1107 4088 2579
2579 1444 992
992 1745 676
676 873 1575
1575 3780 1632
6
980 3859 96
96 6730 2631
2631 4071 950
950 1976 2398
2398 2634 2013
2013 1926 1632
6
980 3860 1996
1996 4035 2057
2057 489 2245
2245 4794 1050
1050 2061 212
212 1433 1632
6
980 3887 682
682 5894 338
338 2392 2985
2985 2177 2231
2231 2054 2435
2435 3137 1632
6
980 3905 2210
2210 3008 1493
1493 1035 2525
2525 1149 505
505 5655 775
775 4976 1632
6
980 3939 1567
1567 2613 2712
2712 4187 708
708 6629 1183
1183 6010 1269
1269 4486 1632
6
980 3951 2623
2623 2957 637
637 150 550
550 6649 900
900 275 1029
1029 2899 1632
6
980 3978 1125
1125 2979 746
746 2652 2751
2751 5019 429
429 3674 2419
2419 1534 1632
6
980 3999 2569
2569 473 407
407 1861 114
114 1460 2796
2796 2540 1674
1674 2251 1632
6
980 4002 2311
2311 675 605
605 3692 1414
1414 3254 2507
2507 3715 2728
2728 1873 1632
6
980 4079 2287
2287 2848 542
542 2281 2905
2905 475 734
734 2282 913
913 822 1632
6
980 4096 1730
1730 4650 2118
2118 359 2502
2502 3413 554
554 5950 1838
1838 3382 1632
6
980 4100 38
38 1487 1411
1411 3900 1940
1940 1581 2442
2442 3222 1691
1691 3811 1632
6
980 4101 838
838 3304 331
331 554 1580
1580 1093 2164
2164 6653 186
186 2769 1632
6
980 4105 2186
2186 2696 2027
2027 6331 2188
2188 3367 228
228 6808 1783
1783 1210 1632
6
980 4118 364
364 341 2012
2012 2088 1689
1689 6044 664
664 6491 2328
2328 4066 1632
6
980 4138 1774
1774 878 817
817 6723 2669
2669 4140 1086
1086 1608 2255
2255 836 1632
6
980 4141 2854
2854 563 365
365 1346 2672
2672 6316 2455
2455 3080 1912
1912 2107 1632
6
980 4147 1811
1811 2350 234
234 5287 22
22 3514 2482
2482 2343 1328
1328 3855 1632
6
980 4182 1325
1325 1607 1906
1906 5541 215
215 2844 2969
2969 439 738
738 1376 1632
6
980 4186 704
704 3807 183
183 4575 2023
2023 3405 518
518 2651 133
133 1065 1632
6
980 4192 789
789 647 836
836 4977 2943
2943 1944 2546
2546 1657 1885
1885 3216 1632
6
980 4215 1023
1023 3494 901
901 2827 1565
1565 1482 320
320 4007 2526
2526 1470 1632
6
980 4243 1020
1020 1134 175
175 5142 624
624 1689 119
119 3743 2926
2926 689 1632
6
980 4262 2963
2963 6578 2721
2721 3651 2755
2755 4699 2742
2742 3600 583
583 304 1632
6
980 4280 1720
1720 2705 2944
2944 4993 961
961 4683 2493
2493 1246 227
227 24 1632
6
980 4296 1182
1182 5969 1376
1376 3189 2715
2715 651 1456
1456 1964 1490
1490 2239 1632
6
980 4315 1445
1445 1615 2697
2697 742 2408
2408 2302 1526
1526 5015 444
444 514 1632
6
980 4338 392
392 1109 758
758 2677 1545
1545 4960 1155
1155 726 1704
1704 4597 1632
6
980 4362 2337
2337 817 1475
1475 2934 2229
2229 4825 1978
1978 6049 1239
1239 1322 1632
6
980 4438 926
926 4750 936
936 994 1857
1857 4142 74
74 4230 1354
1354 258 1632
6
980 4439 2680
2680 981 1140
1140 3547 2362
2362 4061 329
329 1013 2676
2676 698 1632
6
980 4441 909
909 3300 2285
2285 1551 796
796 2974 917
917 1908 811
811 1535 1632
6
980 4453 497
497 6216 1909
1909 6462 2951
2951 3027 1897
1897 2253 1177
1177 1333 1632
6
980 4463 468
468 1277 262
262 2598 1965
1965 6796 1782
1782 3213 2673
2673 2081 1632
6
980 4473 1670
1670 865 1887
1887 734 1972
1972 2552 1601
1601 3357 327
327 925 1632
6
980 4482 1460
1460 4043 2247
2247 302 531
531 5004 1794
1794 54 2235
2235 4798 1632
6
980 4493 1883
1883 6577 2370
2370 2479 982
982 6821 544
544 1359 2445
2445 3310 1632
6
980 4499 2405
2405 5794 527
527 4014 493
493 4201 589
589 3480 359
359 2784 1632
6
980 4504 1886
1886 3834 1205
1205 1310 2690
2690 577 2545
2545 1574 526
526 6651 1632
6
980 4512 957
957 6277 1678
1678 3617 2339
2339 4874 159
159 4068 1661
1661 3087 1632
6
980 4514 598
598 3608 9
9 3001 1979
1979 2372 1434
1434 803 1291
1291 609 1632
6
980 4516 1862
1862 151 1596
1596 4307 2661
2661 1194 2964
2964 3291 521
521 3519 1632
6
980 4526 1844
1844 1415 2642
2642 4450 2787
2787 3479 1476
1476 124 2612
2612 1151 1632
6
980 4528 1799
1799 2995 987
987 5021 397
397 2896 938
938 6771 570
570 224 1632
6
980 4600 66
66 5149 1604
1604 6095 2050
2050 3227 1751
1751 2623 2233
2233 4093 1632
6
980 4604 1109
1109 5651 2644
2644 55 2277
2277 3613 1026
1026 1063 1626
1626 3932 1632
6
980 4655 2464
2464 1872 97
97 3604 2939
2939 3842 2580
2580 4184 1700
1700 890 1632
6
980 4672 2610
2610 286 457
457 546 1860
1860 3994 473
473 26 2568
2568 5163 1632
6
980 4814 774
774 564 2665
2665 2319 2423
2423 136 1662
1662 4063 421
421 812 1632
6
980 4822 934
934 1304 445
445 2293 850
850 1647 1141
1141 3946 960
960 985 1632
6
980 4835 1428
1428 487 2180
2180 4357 1951
1951 5618 20
20 3669 953
953 2064 1632
6
980 4837 231
231 5975 2696
2696 3052 2234
2234 885 146
146 1691 129
129 1235 1632
6
980 4851 2243
2243 3680 2952
2952 950 2172
2172 4405 1174
1174 1229 517
517 2008 1632
6
980 4879 2155
2155 3862 2058
2058 1560 276
276 737 2314
2314 1550 2761
2761 842 1632
6
980 4896 36
36 5014 1327
1327 874 1677
1677 657 375
375 1298 2844
2844 1098 1632
6
980 4916 1749
1749 2941 1479
1479 4389 828
828 1604 1760
1760 40 2777
2777 3871 1632
6
980 4922 1988
1988 4056 2948
2948 3878 2556
2556 2701 1984
1984 5522 506
506 4292 1632
6
980 4952 1355
1355 4349 1961
1961 4304 1617
1617 2474 1640
1640 1733 1612
1612 2314 1632
6
980 4963 1945
1945 953 1983
1983 2391 1852
1852 5338 705
705 1958 651
651 1592 1632
6
980 5040 2531
2531 3579 2617
2617 2505 1048
1048 5740 1899
1899 5472 1283
1283 493 1632
6
980 5050 599
599 1172 1971
1971 541 1924
1924 2715 251
251 1694 2303
2303 565 1632
6
980 5138 2910
2910 2241 1410
1410 6480 2001
2001 1449 381
381 1160 2159
2159 1169 1632
6
980 5157 2807
2807 364 2149
2149 5473 2373
2373 5260 820
820 2457 2973
2973 1577 1632
6
980 5185 1230
1230 1406 1433
1433 6299 164
164 248 2743
2743 6438 994
994 1103 1632
6
980 5215 266
266 507 1517
1517 3244 2269
2269 6163 558
558 5594 2827
2827 1174 1632
6
980 5245 1484
1484 4999 1211
1211 2190 963
963 6706 1288
1288 149 1324
1324 5297 1632
6
980 5255 1437
1437 5446 2099
2099 3239 1228
1228 5971 2509
2509 3330 2560
2560 75 1632
6
980 5299 2465
2465 1645 1095
1095 2425 1825
1825 5570 258
258 1455 1390
1390 325 1632
6
980 5304 602
602 1243 2766
2766 6348 361
361 752 33
33 4475 859
859 1797 1632
6
980 5311 420
420 3073 426
426 1906 1455
1455 2704 895
895 1412 2703
2703 1699 1632
6
980 5413 1936
1936 5729 832
832 2337 1208
1208 5510 1922
1922 1681 2238
2238 2944 1632
6
980 5443 1482
1482 2014 1514
1514 5071 1882
1882 5327 1365
1365 4801 132
132 910 1632
6
980 5462 813
813 4696 1702
1702 6542 2421
2421 765 2496
2496 3718 894
894 2455 1632
6
980 5504 1834
1834 271 1463
1463 6862 1957
1957 3193 451
451 2435 1309
1309 623 1632
6
980 5537 1535
1535 624 1468
1468 2384 593
593 2202 2958
2958 3713 808
808 4077 1632
6
980 5621 1436
1436 2493 613
613 1717 1684
1684 2543 2618
2618 4946 923
923 1916 1632
6
980 5637 2440
2440 1588 907
907 3246 2722
2722 3891 2823
2823 612 1925
1925 733 1632
6
980 5643 2800
2800 665 239
239 3425 2131
2131 1066 35
35 1384 1242
1242 5509 1632
6
980 5644 592
592 6056 1097
1097 1936 866
866 4581 120
120 4102 2499
2499 1472 1632
6
980 5681 1795
1795 5374 1098
1098 5708 798
798 1477 1282
1282 3230 2193
2193 4028 1632
6
980 5699 52
52 2985 1496
1496 3833 750
750 2417 1502
1502 2767 908
908 1900 1632
6
980 5706 2954
2954 2288 716
716 4167 638
638 6662 1990
1990 6583 964
964 1599 1632
6
980 5892 1235
1235 4003 2042
2042 909 2628
2628 1236 625
625 5554 250
250 502 1632
6
980 5948 2052
2052 2128 218
218 5674 1816
1816 4228 1776
1776 6474 802
802 2756 1632
6
980 6016 1244
1244 1296 569
569 3253 2745
2745 5369 1278
1278 1044 1336
1336 4429 1632
6
980 6067 62
62 6227 1745
1745 2910 1258
1258 1791 418
418 1625 1264
1264 5377 1632
6
980 6098 1214
1214 3000 498
498 3163 883
883 3101 649
649 3590 2930
2930 2006 1632
6
980 6117 851
851 4447 2127
2127 4031 2359
2359 1166 1927
1927 5430 740
740 3488 1632
6
980 6131 906
906 761 2468
2468 2222 401
401 6400 639
639 4996 597
597 2589 1632
6
980 6201 1739
1739 4326 2585
2585 4832 603
603 3044 185
185 80 42
42 2681 1632
6
980 6516 1470
1470 4399 2432
2432 2004 1171
1171 4689 835
835 3606 177
177 2691 1632
6
980 6530 809
809 4785 2290
2290 6363 1895
1895 732 1137
1137 3166 2694
2694 4809 1632
