275
6
419 2 468
468 560 42
42 1462 664
664 1335 692
692 1703 1013
1013 1902 2629
6
419 11 2877
2877 2891 11
11 2651 2381
2381 5344 2731
2731 236 1592
1592 1482 2629
8
419 17 2128
2128 2443 1713
1713 1948 820
820 3078 333
333 1116 2356
2356 5332 200
200 2265 2865
2865 1479 2629
6
419 20 1479
1479 3748 1932
1932 1083 2442
2442 2116 30
30 6182 1845
1845 37 2629
6
419 32 1954
1954 3610 2782
2782 81 1080
1080 1380 1880
1880 4941 1796
1796 2672 2629
6
419 33 566
566 3740 671
671 4391 1176
1176 5280 2678
2678 4218 1549
1549 948 2629
6
419 36 2353
2353 1549 1748
1748 3528 2644
2644 2595 2572
2572 2377 1020
1020 1044 2629
6
419 40 2419
2419 2114 1561
1561 4782 2220
2220 469 1202
1202 1377 2891
2891 2097 2629
6
419 50 2043
2043 4117 1495
1495 3283 2265
2265 2857 75
75 969 2439
2439 2415 2629
6
419 51 1942
1942 5831 1575
1575 1324 1729
1729 4329 2209
2209 552 1454
1454 2661 2629
6
419 58 2300
2300 2172 1334
1334 5547 1560
1560 3608 822
822 4834 2952
2952 2007 2629
6
419 63 2078
2078 1097 2655
2655 6132 2161
2161 2559 643
643 6583 1145
1145 1259 2629
6
419 69 299
299 4572 1803
1803 1530 128
128 4367 637
637 1278 2283
2283 2261 2629
6
419 70 169
169 6347 1513
1513 5670 1261
1261 2513 700
700 1154 1735
1735 361 2629
6
419 74 1046
1046 2961 508
508 5093 2331
2331 4607 1604
1604 215 799
799 1045 2629
6
419 88 649
649 2102 2535
2535 3767 902
902 5385 31
31 3586 2255
2255 673 2629
6
419 91 2333
2333 999 741
741 772 77
77 3221 1983
1983 6063 915
915 4792 2629
6
419 94 708
708 2405 867
867 4173 773
773 4681 1938
1938 2635 293
293 39 2629
6
419 113 2165
2165 170 60
60 5055 1824
1824 2858 680
680 3531 2097
2097 1298 2629
6
419 118 2833
2833 6565 1861
1861 6128 2444
2444 3211 273
273 6116 2884
2884 2954 2629
6
419 122 881
881 3677 1602
1602 1110 1933
1933 422 1806
1806 5192 2520
2520 2481 2629
6
419 128 2902
2902 1520 123
123 2589 628
628 6757 1214
1214 2708 1522
1522 939 2629
6
419 135 1699
1699 3161 1200
1200 4629 64
64 4204 2834
2834 1927 348
348 2022 2629
6
419 140 1017
1017 265 853
853 5982 1789
1789 4576 1972
1972 848 2089
2089 3462 2629
6
419 146 2854
2854 3572 732
732 483 1769
1769 2839 100
100 5527 575
575 110 2629
8
419 151 271
271 1918 1840
1840 5654 1763
1763 6781 1003
1003 6253 621
621 6180 2026
2026 1807 2335
2335 1241 2629
6
419 171 791
791 468 469
469 5327 2246
2246 5645 2679
2679 3230 2016
2016 2630 2629
6
419 172 657
657 3022 715
715 3738 1121
1121 4348 2148
2148 1891 612
612 272 2629
6
419 178 515
515 3673 235
235 1872 2989
2989 1124 1506
1506 216 1533
1533 205 2629
6
419 184 2112
2112 2237 1309
1309 401 1099
1099 4871 2524
2524 1048 1967
1967 2117 2629
6
419 190 2719
2719 2484 2253
2253 3185 1301
1301 2526 1091
1091 3987 742
742 1345 2629
6
419 208 2531
2531 3436 576
576 1583 2311
2311 4461 2532
2532 1649 633
633 2449 2629
6
419 213 2418
2418 2468 2851
2851 2305 781
781 348 203
203 6518 325
325 572 2629
6
419 219 1290
1290 3511 532
532 1751 1206
1206 1326 1752
1752 2749 1478
1478 1845 2629
6
419 220 1191
1191 187 358
358 1017 1463
1463 5659 1616
1616 4496 706
706 2755 2629
6
419 222 1378
1378 2740 787
787 2849 1790
1790 3438 505
505 926 1761
1761 757 2629
6
419 233 2666
2666 1068 1615
1615 263 1111
1111 1926 1031
1031 3838 2512
2512 2704 2629
6
419 247 2783
2783 49 432
432 6 675
675 627 598
598 2655 276
276 3124 2629
6
419 250 2434
2434 6275 2861
2861 5096 2155
2155 5215 498
498 951 2669
2669 3110 2629
6
419 253 1715
1715 1571 2362
2362 6100 1850
1850 4837 646
646 1296 413
413 169 2629
6
419 254 2403
2403 5603 2465
2465 2153 2206
2206 2620 550
550 3791 2166
2166 3394 2629
6
419 261 2328
2328 274 914
914 1777 49
49 4022 2648
2648 3338 2229
2229 2885 2629
6
419 280 2948
2948 4520 1275
1275 682 944
944 6440 176
176 5380 1074
1074 609 2629
6
419 296 1014
1014 835 1535
1535 3336 1787
1787 3331 1402
1402 945 302
302 62 2629
6
419 300 2590
2590 6699 2990
2990 4137 2765
2765 4000 2574
2574 593 1464
1464 3809 2629
6
419 304 171
171 4085 2280
2280 1084 1662
1662 6645 852
852 6201 887
887 604 2629
6
419 308 1249
1249 5656 1063
1063 6181 1436
1436 3076 2014
2014 5447 1746
1746 2738 2629
6
419 311 2499
2499 780 1125
1125 5455 19
19 1578 1392
1392 2132 2751
2751 1385 2629
6
419 312 947
947 642 551
551 356 2708
2708 603 670
670 5315 2181
2181 1356 2629
6
419 317 2039
2039 86 1142
1142 3905 1955
1955 979 541
541 5973 1081
1081 1859 2629
6
419 323 1461
1461 1189 2690
2690 3492 2141
2141 1730 2307
2307 126 2936
2936 2238 2629
6
419 337 1084
1084 67 681
681 1321 2526
2526 447 609
609 9 370
370 551 2629
6
419 342 2080
2080 5249 844
844 3025 908
908 1544 443
443 793 2839
2839 1725 2629
6
419 345 1682
1682 662 2983
2983 78 1328
1328 4998 1939
1939 1694 1470
1470 1581 2629
6
419 347 588
588 743 2041
2041 4153 1242
1242 1550 1866
1866 6597 2661
2661 3884 2629
6
419 352 775
775 6697 864
864 1494 2357
2357 2204 2624
2624 974 1175
1175 2550 2629
6
419 355 1512
1512 453 392
392 2692 165
165 6405 1913
1913 5693 86
86 1757 2629
6
419 357 2146
2146 2110 1821
1821 3205 2297
2297 2094 2752
2752 4663 2971
2971 325 2629
6
419 359 2062
2062 3928 2129
2129 680 1908
1908 2866 2187
2187 43 2853
2853 2205 2629
6
419 368 893
893 92 210
210 5330 2358
2358 1597 12
12 5941 1351
1351 3643 2629
6
419 378 795
795 3675 1059
1059 2219 2785
2785 1354 619
619 5100 1816
1816 2269 2629
6
419 387 1800
1800 5553 1851
1851 3831 404
404 301 2647
2647 197 2563
2563 548 2629
6
419 388 832
832 6086 2343
2343 5772 1287
1287 1565 2483
2483 2676 32
32 3192 2629
6
419 395 1130
1130 2917 2588
2588 5260 1270
1270 1659 2096
2096 2492 1940
1940 3293 2629
6
419 402 960
960 4049 2664
2664 2186 816
816 4260 875
875 580 1878
1878 3200 2629
6
419 406 738
738 2085 2809
2809 573 2188
2188 1938 458
458 1254 2867
2867 123 2629
6
419 407 2892
2892 3984 1635
1635 4192 1419
1419 3033 2479
2479 3711 2848
2848 4398 2629
6
419 409 1336
1336 6119 306
306 513 2034
2034 5277 2404
2404 4722 2929
2929 4645 2629
6
419 416 1969
1969 6384 2863
2863 6532 2168
2168 4265 2559
2559 6676 2763
2763 641 2629
6
419 420 2793
2793 4060 2893
2893 3487 2428
2428 2446 1399
1399 2318 1679
1679 238 2629
6
419 429 971
971 4404 1723
1723 6527 2562
2562 3470 1956
1956 2734 2774
2774 2618 2629
6
419 435 1724
1724 1058 1509
1509 6339 158
158 3615 1147
1147 2321 300
300 214 2629
6
419 448 2518
2518 3079 823
823 1681 2115
2115 3034 1666
1666 1879 972
972 185 2629
6
419 451 2136
2136 5212 776
776 1880 1160
1160 5523 720
720 3382 2817
2817 3352 2629
6
419 461 1687
1687 1529 131
131 849 2473
2473 703 1645
1645 2387 257
257 3195 2629
6
419 464 2176
2176 260 1574
1574 6765 815
815 1159 2068
2068 266 726
726 4023 2629
6
419 487 1272
1272 2439 1382
1382 4849 1611
1611 1611 2858
2858 134 1739
1739 3546 2629
6
419 503 886
886 4527 1132
1132 3812 578
578 2326 599
599 316 2727
2727 269 2629
6
419 511 2046
2046 2191 2709
2709 6327 407
407 3149 2940
2940 5121 704
704 827 2629
6
419 527 1162
1162 2736 920
920 764 563
563 5991 2622
2622 6692 1852
1852 3249 2629
6
419 531 1061
1061 6134 825
825 4281 2760
2760 5745 380
380 1933 1420
1420 3406 2629
6
419 538 361
361 3089 2276
2276 2770 138
138 4012 734
734 3836 2109
2109 251 2629
6
419 541 2281
2281 5207 1823
1823 3021 1292
1292 3381 139
139 6056 1661
1661 57 2629
6
419 544 1135
1135 4028 2953
2953 855 1539
1539 6744 1280
1280 5404 1356
1356 3774 2629
6
419 547 1741
1741 768 2982
2982 5602 980
980 2875 1693
1693 1367 740
740 4465 2629
6
419 553 1589
1589 6008 959
959 943 1273
1273 400 216
216 209 2405
2405 466 2629
6
419 558 615
615 2648 1113
1113 1379 854
854 480 756
756 4522 1906
1906 142 2629
6
419 566 2278
2278 3242 1329
1329 4178 2641
2641 2955 181
181 2402 2137
2137 120 2629
6
419 579 398
398 3606 1542
1542 1407 2160
2160 626 2993
2993 1107 913
913 5461 2629
6
419 582 890
890 15 778
778 6016 331
331 5165 2778
2778 1634 2954
2954 2207 2629
8
419 607 792
792 6650 2951
2951 6608 1558
1558 149 2767
2767 3944 2939
2939 2643 1947
1947 1615 99
99 3384 2629
6
419 629 173
173 6090 373
373 4141 2581
2581 10 1689
1689 6577 1423
1423 1060 2629
6
419 647 1411
1411 1622 717
717 1712 2295
2295 4332 1371
1371 1125 2121
2121 3044 2629
6
419 654 1136
1136 2940 246
246 4098 2156
2156 2568 1370
1370 90 2601
2601 3163 2629
6
419 656 2542
2542 386 172
172 4788 2907
2907 4183 2075
2075 193 522
522 1421 2629
6
419 663 1407
1407 1301 431
431 968 2254
2254 5777 1216
1216 1455 2621
2621 2076 2629
6
419 669 1032
1032 5035 470
470 4892 977
977 3954 2534
2534 5954 817
817 484 2629
6
419 672 2741
2741 5711 531
531 3814 1026
1026 1680 168
168 204 2604
2604 53 2629
6
419 674 884
884 2633 112
112 2621 1834
1834 523 2437
2437 2600 856
856 4349 2629
6
419 695 1365
1365 3270 2422
2422 2351 2758
2758 3562 2189
2189 3655 2901
2901 3112 2629
6
419 701 96
96 1357 2967
2967 1458 687
687 1310 2837
2837 4228 1737
1737 2029 2629
6
419 709 983
983 1714 164
164 2159 2081
2081 1931 1993
1993 5858 526
526 2244 2629
6
419 711 2734
2734 3497 104
104 4887 1128
1128 5316 1127
1127 872 2201
2201 3725 2629
6
419 741 581
581 954 1134
1134 2130 2192
2192 5191 1067
1067 946 2632
2632 2845 2629
6
419 751 1671
1671 5134 1460
1460 6468 2899
2899 696 2718
2718 6269 1867
1867 2962 2629
6
419 754 1597
1597 5206 2545
2545 2325 2742
2742 3199 589
589 112 1422
1422 2818 2629
6
419 773 2057
2057 2868 1812
1812 4054 1373
1373 3739 1578
1578 1573 2117
2117 2019 2629
6
419 776 2519
2519 4870 1266
1266 1968 3
3 1780 1554
1554 2188 2327
2327 3401 2629
6
419 778 888
888 2378 2072
2072 2177 2409
2409 4351 851
851 2861 184
184 1908 2629
6
419 788 321
321 4912 845
845 6160 1826
1826 6330 2158
2158 295 777
777 821 2629
6
419 800 1029
1029 4599 1910
1910 1877 2567
2567 3295 600
600 175 1653
1653 358 2629
6
419 815 2028
2028 6024 2173
2173 3106 1649
1649 1438 1317
1317 6389 1935
1935 1162 2629
6
419 818 1805
1805 3896 38
38 5276 2426
2426 4816 354
354 2663 512
512 569 2629
6
419 823 1220
1220 2835 994
994 3403 2846
2846 1390 1413
1413 5357 2107
2107 2320 2629
6
419 830 1452
1452 923 1618
1618 6588 623
623 5014 1406
1406 540 1291
1291 4655 2629
6
419 846 1877
1877 475 1024
1024 166 2702
2702 1215 1232
1232 3482 2916
2916 4840 2629
6
419 847 1256
1256 2063 2453
2453 93 1600
1600 2036 2004
2004 3747 2122
2122 1340 2629
6
419 857 801
801 1435 1096
1096 678 846
846 4931 811
811 3795 2365
2365 2023 2629
8
419 875 2055
2055 96 1982
1982 3285 873
873 575 712
712 2148 1320
1320 5065 1647
1647 2569 2894
2894 972 2629
6
419 877 290
290 4493 1893
1893 5595 1659
1659 2139 525
525 3515 1442
1442 59 2629
6
419 880 2685
2685 2068 2163
2163 3009 2733
2733 542 2860
2860 1612 1909
1909 1121 2629
8
419 885 2338
2338 413 2870
2870 563 1129
1129 3241 669
669 4702 1836
1836 4551 25
25 4360 2010
2010 1218 2629
6
419 887 2301
2301 2948 682
682 6068 2819
2819 5078 885
885 732 2557
2557 3063 2629
6
419 893 1123
1123 1010 441
441 1477 2006
2006 1776 1444
1444 5678 2677
2677 2718 2629
6
419 895 683
683 4902 225
225 5162 1251
1251 4877 1071
1071 3636 124
124 5306 2629
6
419 899 991
991 4692 2721
2721 2563 1357
1357 5322 1717
1717 4037 312
312 471 2629
6
419 905 256
256 42 54
54 2436 1697
1697 6104 7
7 2870 878
878 1217 2629
6
419 927 196
196 3210 540
540 4269 624
624 3320 1233
1233 3801 1981
1981 1036 2629
8
419 928 479
479 2531 705
705 2691 583
583 1860 2555
2555 3773 2646
2646 1163 1674
1674 587 2701
2701 790 2629
6
419 930 979
979 3742 627
627 3115 2766
2766 1216 2773
2773 2599 2713
2713 2338 2629
6
419 933 938
938 2516 1492
1492 4640 529
529 95 1654
1654 3980 883
883 290 2629
6
419 940 2606
2606 5866 1596
1596 2514 2828
2828 632 1881
1881 4760 1196
1196 2213 2629
6
419 950 606
606 440 1417
1417 330 155
155 489 1155
1155 3550 2066
2066 64 2629
6
419 956 2981
2981 2894 226
226 917 111
111 4314 1243
1243 3886 2093
2093 1803 2629
6
419 991 710
710 2044 2826
2826 518 2420
2420 3459 663
663 2943 2720
2720 3314 2629
6
419 992 1587
1587 4973 874
874 1677 2399
2399 5080 45
45 655 966
966 196 2629
6
419 1018 1171
1171 380 2724
2724 4755 580
580 5027 835
835 4045 1897
1897 792 2629
6
419 1023 1092
1092 3670 818
818 4661 2482
2482 369 2290
2290 3683 2013
2013 2006 2629
6
419 1026 1044
1044 4766 1585
1585 765 969
969 2314 1709
1709 2312 1503
1503 802 2629
6
419 1035 391
391 5214 1386
1386 2949 1427
1427 5349 2934
2934 1806 2429
2429 3362 2629
6
419 1051 2248
2248 18 1677
1677 2675 459
459 2302 1924
1924 3927 701
701 508 2629
6
419 1074 2628
2628 1893 1974
1974 6279 2427
2427 5717 1619
1619 5158 2459
2459 1793 2629
6
419 1077 961
961 4255 2435
2435 1360 2696
2696 83 1750
1750 6503 1573
1573 2252 2629
6
419 1085 2994
2994 4800 288
288 5519 368
368 6755 2958
2958 650 2009
2009 916 2629
6
419 1096 2450
2450 4972 719
719 3142 990
990 5510 78
78 6585 2264
2264 2977 2629
6
419 1098 2615
2615 6612 1768
1768 810 1517
1517 4891 2261
2261 2353 2104
2104 791 2629
6
419 1103 1394
1394 5861 545
545 1300 2282
2282 1089 1652
1652 1718 190
190 31 2629
6
419 1123 1159
1159 6301 148
148 1428 546
546 5736 1182
1182 3116 2372
2372 391 2629
6
419 1134 800
800 2525 476
476 3098 1424
1424 4373 1595
1595 4480 2493
2493 329 2629
6
419 1143 1609
1609 5 2143
2143 2664 2589
2589 3258 1468
1468 2432 1241
1241 275 2629
6
419 1146 366
366 141 2344
2344 4889 2170
2170 1913 1215
1215 1990 558
558 1325 2629
6
419 1149 2035
2035 6130 156
156 784 1058
1058 1829 1041
1041 297 509
509 1410 2629
6
419 1165 610
610 2838 2645
2645 5255 618
618 1 1384
1384 1054 2845
2845 1270 2629
6
419 1169 151
151 5599 1343
1343 618 2799
2799 1986 414
414 333 253
253 174 2629
6
419 1170 2749
2749 5311 2926
2926 710 2022
2022 6621 2776
2776 3328 749
749 2050 2629
6
419 1181 1057
1057 993 28
28 5261 500
500 102 1297
1297 125 2582
2582 1173 2629
6
419 1182 746
746 4550 2164
2164 1867 1779
1779 4338 1543
1543 1551 997
997 2398 2629
6
419 1187 1829
1829 285 1453
1453 3392 122
122 4307 1108
1108 3171 2651
2651 186 2629
6
419 1211 1890
1890 3993 1377
1377 2677 1028
1028 410 1105
1105 2171 2671
2671 667 2629
6
419 1213 2475
2475 838 2005
2005 4731 1244
1244 4234 824
824 2629 2530
2530 686 2629
6
419 1286 713
713 4628 2417
2417 2357 1605
1605 3920 951
951 601 625
625 334 2629
6
419 1287 973
973 13 483
483 5802 1222
1222 1894 2577
2577 4636 1632
1632 767 2629
6
419 1291 152
152 3315 1149
1149 5090 117
117 462 2092
2092 2566 616
616 1595 2629
6
419 1293 2397
2397 3111 2619
2619 486 2946
2946 5174 2715
2715 4442 1465
1465 3761 2629
6
419 1303 2236
2236 1567 2737
2737 5686 460
460 5216 1300
1300 1705 1958
1958 1936 2629
6
419 1312 2918
2918 2619 2460
2460 3576 988
988 5768 2536
2536 5208 1438
1438 2476 2629
6
419 1315 191
191 6402 2906
2906 3454 2305
2305 3678 530
530 2282 1018
1018 1768 2629
6
419 1317 1360
1360 1191 2570
2570 1446 724
724 2498 907
907 231 2415
2415 2496 2629
6
419 1338 1929
1929 2760 1474
1474 138 1295
1295 45 772
772 806 2102
2102 519 2629
6
419 1348 1072
1072 6302 2277
2277 3463 559
559 5615 2728
2728 687 427
427 4432 2629
6
419 1419 481
481 6519 364
364 2437 260
260 1178 2599
2599 1836 1193
1193 1431 2629
6
419 1447 676
676 1809 482
482 896 2339
2339 2570 1846
1846 5317 556
556 1910 2629
6
419 1453 2314
2314 2983 1582
1582 1416 2090
2090 3756 294
294 970 1720
1720 99 2629
6
419 1457 2909
2909 536 1633
1633 5410 850
850 2819 1999
1999 2680 247
247 1609 2629
6
419 1475 2790
2790 4787 1804
1804 2178 187
187 4035 95
95 3924 830
830 595 2629
6
419 1480 1950
1950 1736 1871
1871 163 334
334 248 904
904 68 1736
1736 470 2629
6
419 1483 916
916 5762 1898
1898 6773 1104
1104 1541 2260
2260 3865 72
72 2572 2629
6
419 1486 1335
1335 832 1379
1379 2364 2798
2798 842 2355
2355 2225 677
677 1981 2629
6
419 1495 1124
1124 1473 696
696 1091 847
847 218 1319
1319 1308 842
842 373 2629
6
419 1506 1255
1255 5003 586
586 6254 328
328 5668 2094
2094 4711 1875
1875 4157 2629
6
419 1508 2959
2959 5486 1984
1984 4813 1390
1390 4996 1896
1896 904 985
985 1992 2629
6
419 1514 2154
2154 1099 395
395 180 2377
2377 5468 2000
2000 4829 667
667 2175 2629
6
419 1525 1603
1603 5725 2521
2521 860 384
384 2259 308
308 2609 513
513 411 2629
6
419 1547 855
855 2506 553
553 4099 2610
2610 1153 1637
1637 6239 684
684 1943 2629
6
419 1560 1832
1832 2495 51
51 5279 1521
1521 5181 2824
2824 5477 2835
2835 2100 2629
8
419 1602 2309
2309 5202 1466
1466 2309 1311
1311 5063 18
18 2608 1773
1773 1481 1903
1903 4396 1532
1532 1635 2629
6
419 1648 484
484 5099 1802
1802 6268 212
212 4814 1236
1236 3038 1075
1075 879 2629
6
419 1653 1646
1646 5504 2285
2285 1896 2467
2467 327 1799
1799 1053 2611
2611 584 2629
6
419 1654 452
452 2500 1439
1439 6175 1690
1690 264 2578
2578 1728 1156
1156 191 2629
6
419 1663 1117
1117 6195 1493
1493 3574 2547
2547 509 149
149 414 751
751 870 2629
6
419 1716 480
480 6429 14
14 71 2407
2407 3929 2269
2269 6374 1531
1531 2913 2629
6
419 1735 2616
2616 5651 1195
1195 4505 1788
1788 6370 2124
2124 3429 2
2 759 2629
6
419 1745 1366
1366 4156 587
587 1129 1302
1302 4627 2659
2659 5169 2106
2106 4100 2629
6
419 1748 652
652 1538 849
849 4026 714
714 277 2342
2342 5521 1691
1691 211 2629
6
419 1764 1440
1440 303 569
569 1561 622
622 5875 1289
1289 524 2656
2656 227 2629
6
419 1765 1213
1213 1546 1409
1409 4706 2133
2133 1436 1927
1927 1949 2925
2925 336 2629
6
419 1790 2670
2670 4796 76
76 2781 1730
1730 6170 2069
2069 4189 2871
2871 221 2629
6
419 1819 1005
1005 4095 1380
1380 3925 125
125 6023 1352
1352 4625 2961
2961 3434 2629
6
419 1840 2113
2113 2919 2723
2723 5115 1777
1777 3869 1726
1726 4451 1313
1313 1439 2629
6
419 1846 412
412 5702 926
926 4303 2650
2650 4858 1095
1095 412 61
61 808 2629
6
419 1881 115
115 2801 1712
1712 2274 1520
1520 4806 1138
1138 5753 1325
1325 60 2629
6
419 1903 1429
1429 6067 945
945 3763 2803
2803 1643 1432
1432 549 2886
2886 1883 2629
6
419 1935 807
807 5394 736
736 977 2553
2553 1723 2700
2700 690 2130
2130 1895 2629
6
419 1940 2565
2565 6684 673
673 5840 2490
2490 5318 666
666 5443 2992
2992 1747 2629
6
419 1944 269
269 2382 170
170 458 1009
1009 5974 2612
2612 2264 369
369 506 2629
6
419 1945 2603
2603 4521 2525
2525 606 779
779 6406 1749
1749 1533 731
731 1598 2629
6
419 1956 1430
1430 4726 1097
1097 3187 814
814 2228 2996
2996 2240 1963
1963 1974 2629
6
419 1982 2392
2392 5412 1555
1555 2873 1758
1758 1267 752
752 4368 1349
1349 1858 2629
6
419 1991 2001
2001 6736 897
897 2344 2605
2605 537 2390
2390 2091 53
53 432 2629
6
419 1998 688
688 2016 188
188 363 1516
1516 4609 2103
2103 2340 2496
2496 1071 2629
6
419 2030 2105
2105 1459 2274
2274 2242 1043
1043 2480 2889
2889 3325 1759
1759 159 2629
6
419 2045 84
84 2260 1742
1742 4090 1623
1623 828 2859
2859 878 202
202 3634 2629
6
419 2070 2950
2950 6227 611
611 3284 1174
1174 5088 1163
1163 2560 1167
1167 212 2629
6
419 2078 1102
1102 574 1181
1181 2741 2540
2540 4 243
243 225 2843
2843 2554 2629
6
419 2081 608
608 4003 1926
1926 783 2402
2402 5151 1912
1912 5852 1326
1326 4844 2629
8
419 2098 2202
2202 1695 1901
1901 3800 2217
2217 1008 2279
2279 2275 2340
2340 6214 1776
1776 4344 903
903 3866 2629
6
419 2103 2772
2772 3485 617
617 2916 1757
1757 256 999
999 1652 789
789 1094 2629
6
419 2135 218
218 4937 745
745 4357 119
119 941 1363
1363 5788 2771
2771 3307 2629
6
419 2140 2537
2537 5747 26
26 1904 2840
2840 1772 1085
1085 3240 339
339 396 2629
6
419 2144 192
192 4382 34
34 449 2186
2186 2477 2472
2472 4850 1675
1675 3303 2629
6
419 2149 1140
1140 2605 1856
1856 4296 292
292 1921 2508
2508 4765 2849
2849 4523 2629
6
419 2155 332
332 4724 2560
2560 4048 434
434 6622 1076
1076 522 1887
1887 2012 2629
6
419 2160 2303
2303 717 307
307 3949 2975
2975 1830 1212
1212 4325 2591
2591 1151 2629
6
419 2181 524
524 1313 209
209 379 2423
2423 5031 1756
1756 5978 1988
1988 903 2629
6
419 2198 1565
1565 6009 2504
2504 2462 2431
2431 742 109
109 5794 1928
1928 114 2629
6
419 2232 472
472 3365 2088
2088 2541 2796
2796 3412 1998
1998 229 2321
2321 739 2629
6
419 2247 487
487 3324 359
359 702 1551
1551 6549 2183
2183 4383 219
219 1626 2629
6
419 2262 132
132 3024 1109
1109 1183 861
861 4444 868
868 2881 2922
2922 1342 2629
6
419 2333 1355
1355 3902 1966
1966 6369 1986
1986 5932 2676
2676 16 518
518 3234 2629
8
419 2358 2963
2963 4133 281
281 4720 1389
1389 3794 65
65 4188 1030
1030 3931 345
345 781 52
52 89 2629
6
419 2379 2079
2079 5655 2857
2857 6480 1801
1801 5567 371
371 1892 537
537 1108 2629
6
419 2390 163
163 3286 363
363 1365 1226
1226 1952 2060
2060 5667 162
162 1011 2629
6
419 2403 1185
1185 4752 1501
1501 2937 2663
2663 1460 285
285 892 167
167 2335 2629
6
419 2441 2755
2755 2017 1814
1814 1587 2238
2238 2401 695
695 2598 103
103 150 2629
6
419 2485 2497
2497 795 2242
2242 6057 1055
1055 851 1778
1778 1770 2822
2822 3374 2629
6
419 2555 1361
1361 2004 2125
2125 2200 1683
1683 1395 417
417 6199 2667
2667 738 2629
6
419 2564 2949
2949 6611 970
970 3402 794
794 512 1011
1011 6614 183
183 906 2629
6
419 2581 346
346 5847 450
450 5177 1207
1207 4939 2956
2956 6154 2697
2697 3233 2629
6
419 2587 2746
2746 5811 1040
1040 2517 2617
2617 4555 1570
1570 3912 2995
2995 707 2629
6
419 2646 2716
2716 1855 1514
1514 5715 1187
1187 5804 967
967 1147 1248
1248 1452 2629
8
419 2657 2539
2539 1378 2762
2762 5580 668
668 5209 1359
1359 442 41
41 5945 521
521 3918 2388
2388 868 2629
6
419 2763 63
63 5017 1862
1862 2279 805
805 6365 2802
2802 1625 2266
2266 1454 2629
6
419 2837 2275
2275 6288 2258
2258 1726 2218
2218 6115 930
930 3122 1916
1916 77 2629
6
419 2854 501
501 5803 1727
1727 5757 2869
2869 252 597
597 1064 1286
1286 5156 2629
6
419 2905 1740
1740 3862 837
837 1070 1855
1855 611 1997
1997 3310 554
554 844 2629
6
419 2918 2047
2047 1277 689
689 1433 2978
2978 1369 984
984 3366 2618
2618 5086 2629
6
419 2956 320
320 4393 1447
1447 688 1681
1681 1138 2829
2829 4839 2607
2607 834 2629
6
419 2980 1625
1625 4394 454
454 5566 1337
1337 3619 2814
2814 2413 270
270 84 2629
6
419 2986 1692
1692 2173 605
605 640 2369
2369 3010 2237
2237 4818 943
943 4109 2629
6
419 3032 144
144 2739 283
283 6324 2414
2414 4422 88
88 6492 1
1 481 2629
6
419 3162 962
962 1081 761
761 5304 2649
2649 375 2596
2596 2310 497
497 1046 2629
6
419 3169 1580
1580 1534 2291
2291 3659 2850
2850 1511 423
423 2989 1487
1487 244 2629
6
419 3204 252
252 4071 2945
2945 313 1316
1316 3599 1141
1141 2742 654
654 2307 2629
6
419 3208 774
774 4957 2184
2184 2129 543
543 2797 653
653 2367 812
812 2292 2629
6
419 3251 2968
2968 5741 1441
1441 3272 2376
2376 5902 1021
1021 1849 231
231 305 2629
6
419 3364 2501
2501 5384 421
421 4118 1322
1322 5735 2364
2364 5540 39
39 919 2629
6
419 3368 1126
1126 1915 1490
1490 6528 2267
2267 2043 2561
2561 2512 2552
2552 4643 2629
6
419 3409 177
177 1644 519
519 75 1583
1583 744 1001
1001 4128 2056
2056 1239 2629
6
419 3424 1415
1415 2483 2505
2505 1227 1260
1260 4958 1957
1957 2363 1725
1725 1869 2629
6
419 3440 372
372 1767 2816
2816 4656 2273
2273 914 2795
2795 1268 2705
2705 925 2629
6
419 3477 1809
1809 5067 750
750 2047 499
499 4380 645
645 24 2054
2054 2174 2629
6
419 3527 1499
1499 4147 2007
2007 6404 2779
2779 1232 113
113 394 1772
1772 1592 2629
6
419 3582 129
129 3715 2359
2359 5228 1714
1714 73 891
891 660 557
557 14 2629
8
419 3598 1858
1858 2896 13
13 833 975
975 5648 2635
2635 106 2898
2898 2886 1628
1628 3231 1161
1161 35 2629
6
419 3676 2174
2174 2235 2883
2883 2330 400
400 5891 1395
1395 5451 533
533 1972 2629
6
419 3823 326
326 1678 1016
1016 6576 1591
1591 631 1186
1186 104 1660
1660 23 2629
6
419 3833 1701
1701 6387 1184
1184 4105 2847
2847 2053 74
74 3271 2234
2234 2133 2629
6
419 3986 2807
2807 2645 2921
2921 907 1404
1404 612 1731
1731 854 2111
2111 25 2629
6
419 4059 2411
2411 966 1037
1037 986 1496
1496 4020 1039
1039 649 517
517 2288 2629
6
419 4201 1090
1090 54 1330
1330 3228 477
477 4136 1227
1227 4217 2812
2812 2033 2629
6
419 4207 1753
1753 5157 819
819 6511 954
954 5778 2430
2430 4559 473
473 257 2629
6
419 4263 2717
2717 6545 179
179 2025 121
121 3259 1190
1190 1375 338
338 1962 2629
6
419 4707 2018
2018 592 8
8 1118 2336
2336 1833 1610
1610 1610 863
863 2350 2629
6
419 5001 650
650 2816 1721
1721 936 245
245 1516 1613
1613 5981 362
362 888 2629
6
419 5596 2447
2447 6646 1093
1093 1283 1210
1210 1415 120
120 1269 1144
1144 2920 2629
