386
6
1491 3 387
387 6145 1144
1144 5296 2496
2496 5197 818
818 2868 1849
1849 2153 652
6
1491 4 573
573 3870 2670
2670 1891 2898
2898 1291 1230
1230 2040 817
817 508 652
6
1491 20 2648
2648 5382 2929
2929 4693 2936
2936 2022 1643
1643 5505 809
809 1137 652
6
1491 21 36
36 2414 43
43 1516 102
102 379 2855
2855 4209 2408
2408 2200 652
6
1491 22 1959
1959 6363 2435
2435 3732 1288
1288 1499 1141
1141 2372 1120
1120 136 652
6
1491 25 1028
1028 4975 929
929 3578 488
488 2266 2126
2126 1639 2661
2661 5568 652
6
1491 31 617
617 1741 2399
2399 4491 1724
1724 6157 45
45 5598 502
502 1996 652
6
1491 35 463
463 611 873
873 517 2517
2517 4070 1753
1753 2709 64
64 5312 652
6
1491 44 484
484 3693 2181
2181 7240 2829
2829 1905 2590
2590 238 854
854 264 652
6
1491 46 1149
1149 585 245
245 6565 2840
2840 3384 1022
1022 979 2421
2421 439 652
6
1491 54 740
740 2028 1012
1012 1371 317
317 3518 2727
2727 1374 1535
1535 976 652
6
1491 58 529
529 2827 2937
2937 2977 1661
1661 757 1328
1328 4773 799
799 3361 652
6
1491 60 2024
2024 4544 353
353 972 816
816 5769 2127
2127 6171 2439
2439 434 652
6
1491 62 1308
1308 5619 1693
1693 5355 2188
2188 5904 1355
1355 1681 2230
2230 176 652
6
1491 69 2307
2307 4256 2111
2111 424 1991
1991 1324 1665
1665 4898 2381
2381 1619 652
6
1491 73 2457
2457 5662 2222
2222 489 695
695 2848 1971
1971 2263 2026
2026 2227 652
6
1491 80 663
663 2770 452
452 2895 920
920 4783 369
369 1867 2574
2574 1483 652
6
1491 81 190
190 204 2110
2110 4029 2449
2449 3348 1925
1925 2096 1827
1827 1745 652
6
1491 92 110
110 1072 2048
2048 3932 1237
1237 4784 1087
1087 3404 1025
1025 4352 652
6
1491 94 282
282 1665 2274
2274 824 1597
1597 6540 2373
2373 4059 1030
1030 2844 652
6
1491 110 443
443 633 1615
1615 663 1348
1348 5363 904
904 6001 2006
2006 476 652
6
1491 112 333
333 638 2336
2336 4780 1948
1948 2499 649
649 2438 859
859 2604 652
6
1491 114 1651
1651 7121 1207
1207 4945 945
945 6162 495
495 5653 1220
1220 1373 652
6
1491 116 2904
2904 5419 1810
1810 4479 1256
1256 3158 936
936 2701 2246
2246 2457 652
6
1491 119 642
642 7300 1414
1414 2460 286
286 4986 2182
2182 2064 1187
1187 1626 652
6
1491 130 2014
2014 1779 1556
1556 1169 2465
2465 1571 2458
2458 1869 1773
1773 1545 652
6
1491 131 1343
1343 1356 1365
1365 993 364
364 6314 2826
2826 6217 2262
2262 5204 652
6
1491 132 735
735 741 644
644 1125 1944
1944 2697 767
767 3342 2755
2755 1736 652
6
1491 133 702
702 5944 2567
2567 9 546
546 6935 168
168 5563 2985
2985 2518 652
6
1491 142 497
497 6428 316
316 746 2377
2377 4641 2780
2780 2803 2512
2512 4432 652
6
1491 165 1608
1608 4087 1681
1681 6472 283
283 2025 665
665 2941 425
425 4600 652
6
1491 167 978
978 1253 1247
1247 1663 368
368 156 960
960 1335 324
324 2843 652
6
1491 169 2555
2555 1293 2142
2142 3426 1512
1512 4988 2011
2011 5756 510
510 704 652
6
1491 178 2550
2550 1886 132
132 671 1764
1764 4568 356
356 2210 954
954 124 652
6
1491 180 582
582 5487 212
212 908 363
363 1949 1611
1611 4999 1493
1493 735 652
6
1491 185 1768
1768 3682 1425
1425 4390 175
175 1103 919
919 2444 1435
1435 657 652
6
1491 200 2984
2984 278 1226
1226 3484 2569
2569 6736 2621
2621 3893 1443
1443 1074 652
6
1491 210 1403
1403 2831 1277
1277 506 2323
2323 152 946
946 2774 2474
2474 2336 652
6
1491 212 1130
1130 5245 2560
2560 7409 774
774 3728 2883
2883 6084 1232
1232 3803 652
6
1491 222 638
638 390 166
166 4428 570
570 4199 1029
1029 7574 300
300 525 652
6
1491 223 456
456 2186 1075
1075 7462 2643
2643 766 1471
1471 945 1889
1889 2707 652
6
1491 227 145
145 5788 1079
1079 2406 1758
1758 1129 560
560 4184 2700
2700 3773 652
6
1491 235 2086
2086 806 1844
1844 1540 391
391 198 2993
2993 2026 1166
1166 78 652
6
1491 240 2781
2781 3385 2952
2952 2361 165
165 781 1539
1539 7222 2584
2584 3517 652
6
1491 253 1749
1749 3472 2291
2291 5160 586
586 1193 834
834 1601 1803
1803 2545 652
6
1491 270 1805
1805 6043 1107
1107 5483 1089
1089 3000 894
894 1582 682
682 71 652
6
1491 276 1178
1178 3947 1970
1970 1328 1221
1221 826 2478
2478 2423 1874
1874 2998 652
6
1491 299 50
50 7533 196
196 3864 601
601 3885 2980
2980 341 848
848 5 652
6
1491 300 611
611 5778 53
53 7318 351
351 2927 423
423 6700 863
863 2489 652
6
1491 305 274
274 960 15
15 1277 886
886 7319 271
271 1105 1527
1527 67 652
6
1491 310 1713
1713 2395 2711
2711 3220 2568
2568 4410 554
554 38 1265
1265 76 652
6
1491 312 2900
2900 148 307
307 812 992
992 2152 1677
1677 1542 188
188 4934 652
6
1491 314 1612
1612 831 2129
2129 5683 1209
1209 3022 1175
1175 4612 2709
2709 13 652
6
1491 320 2177
2177 2037 1870
1870 5577 2666
2666 7321 2912
2912 4030 11
11 3268 652
6
1491 328 2189
2189 7146 2749
2749 3866 2734
2734 2476 2851
2851 3363 2561
2561 3109 652
6
1491 331 1200
1200 2610 2835
2835 3778 337
337 3645 2079
2079 598 895
895 2234 652
6
1491 336 2958
2958 5763 1380
1380 1937 253
253 6235 2595
2595 6071 2950
2950 2396 652
6
1491 339 2237
2237 5344 2994
2994 374 1955
1955 7092 843
843 3775 631
631 1061 652
6
1491 340 2863
2863 1029 636
636 1023 477
477 7258 2219
2219 6177 1823
1823 2393 652
6
1491 342 1910
1910 242 1610
1610 1536 1273
1273 244 2269
2269 7292 888
888 721 652
6
1491 352 2338
2338 6090 2989
2989 581 1445
1445 4098 1983
1983 5860 905
905 2539 652
6
1491 353 1978
1978 991 1035
1035 1524 215
215 3191 2303
2303 754 2897
2897 1876 652
6
1491 355 2660
2660 1694 811
811 5555 2057
2057 2897 1821
1821 3979 189
189 3500 652
6
1491 357 1432
1432 7482 2172
2172 1974 42
42 1675 1754
1754 1564 1504
1504 2223 652
6
1491 362 267
267 3995 112
112 2837 1732
1732 5044 2535
2535 5165 759
759 186 652
6
1491 364 180
180 501 2138
2138 101 2382
2382 6602 1590
1590 5302 823
823 5494 652
6
1491 370 2155
2155 3846 525
525 3011 2104
2104 1110 2673
2673 5121 1161
1161 1000 652
6
1491 371 766
766 3713 2223
2223 3169 722
722 2689 2921
2921 4150 323
323 3051 652
6
1491 375 1280
1280 2057 1857
1857 1246 1323
1323 4011 182
182 786 1578
1578 4630 652
6
1491 385 2597
2597 7094 1700
1700 4361 28
28 5972 1264
1264 924 29
29 1739 652
6
1491 391 2012
2012 7390 704
704 3610 1816
1816 2510 2137
2137 2090 1253
1253 5495 652
6
1491 392 81
81 1929 1670
1670 7118 1162
1162 2876 2907
2907 273 2931
2931 2000 652
6
1491 401 715
715 2351 2067
2067 495 1115
1115 2873 2837
2837 726 152
152 4188 652
6
1491 410 2117
2117 602 70
70 4227 2096
2096 5145 494
494 4881 2603
2603 2598 652
6
1491 413 1117
1117 2333 1484
1484 2429 1913
1913 1148 348
348 2067 1106
1106 1998 652
6
1491 420 785
785 7010 2456
2456 4885 1027
1027 3432 211
211 844 1567
1567 248 652
6
1491 421 1698
1698 2071 1384
1384 1925 278
278 4405 951
951 1327 1239
1239 1977 652
6
1491 422 2520
2520 699 2319
2319 3270 2927
2927 260 1750
1750 4730 2120
2120 213 652
6
1491 427 1850
1850 292 2018
2018 4206 2022
2022 2885 1034
1034 2538 555
555 1818 652
6
1491 431 2125
2125 935 1707
1707 1849 512
512 6330 890
890 4859 1093
1093 3611 652
6
1491 438 1000
1000 1606 2320
2320 4483 200
200 230 2976
2976 874 522
522 514 652
6
1491 440 176
176 4504 2310
2310 2712 1547
1547 2867 591
591 2594 2285
2285 944 652
6
1491 467 1861
1861 2209 1800
1800 6229 2890
2890 1834 610
610 4894 2095
2095 3136 652
6
1491 481 1344
1344 4926 1244
1244 5762 201
201 4795 461
461 5678 1176
1176 1017 652
6
1491 483 392
392 6512 2738
2738 6294 2725
2725 4619 2902
2902 1799 2157
2157 386 652
6
1491 491 2642
2642 6119 1428
1428 612 2271
2271 6626 898
898 502 1715
1715 2935 652
6
1491 493 2962
2962 5581 294
294 4918 1017
1017 249 726
726 5020 1376
1376 4903 652
6
1491 499 191
191 2640 1683
1683 515 2524
2524 215 137
137 7327 1780
1780 1659 652
6
1491 511 2391
2391 791 2268
2268 3861 326
326 666 1953
1953 573 2543
2543 6628 652
6
1491 519 2053
2053 11 607
607 2150 968
968 2394 674
674 7162 172
172 376 652
6
1491 520 2889
2889 5816 2236
2236 1201 1943
1943 1073 2009
2009 157 383
383 1464 652
6
1491 532 2556
2556 64 303
303 2428 261
261 6041 1629
1629 5540 2810
2810 798 652
6
1491 536 2511
2511 5923 2088
2088 6258 2594
2594 5263 2977
2977 2493 2321
2321 1036 652
6
1491 539 1437
1437 29 1299
1299 6934 687
687 994 2245
2245 462 2743
2743 2607 652
6
1491 543 1998
1998 6889 1498
1498 4219 974
974 3071 467
467 5772 2502
2502 412 652
6
1491 545 1642
1642 4368 1210
1210 6580 2741
2741 7019 1031
1031 5554 2697
2697 1396 652
6
1491 552 1188
1188 1829 1482
1482 2066 439
439 737 2995
2995 1922 2528
2528 500 652
6
1491 577 1549
1549 4119 983
983 4676 2034
2034 1966 678
678 162 2928
2928 1353 652
6
1491 578 293
293 6398 755
755 903 2296
2296 1505 2509
2509 1183 657
657 2787 652
6
1491 583 1329
1329 4801 1353
1353 6220 2655
2655 147 1559
1559 7545 1274
1274 4857 652
6
1491 584 2035
2035 1177 2400
2400 1916 100
100 3034 260
260 3179 1433
1433 4468 652
6
1491 594 1458
1458 542 447
447 2992 540
540 5457 549
549 1280 2940
2940 1957 652
6
1491 606 1378
1378 1640 1946
1946 3894 2369
2369 896 1716
1716 2079 2633
2633 893 652
6
1491 619 232
232 1438 2327
2327 3333 609
609 5712 600
600 6781 113
113 1117 652
6
1491 620 1902
1902 3066 1916
1916 5168 826
826 4148 2147
2147 5190 1751
1751 2810 652
6
1491 627 1222
1222 4608 2479
2479 1216 2797
2797 568 236
236 306 193
193 207 652
6
1491 645 433
433 3981 761
761 4537 1464
1464 7531 2526
2526 2299 511
511 524 652
6
1491 648 129
129 4344 1049
1049 4023 2001
2001 1270 1005
1005 605 994
994 655 652
6
1491 652 1476
1476 3940 1189
1189 7188 1710
1710 2060 429
429 765 1593
1593 2292 652
6
1491 659 1675
1675 4575 2943
2943 1737 1379
1379 3789 2346
2346 234 355
355 3123 652
6
1491 668 157
157 4022 1893
1893 3198 2414
2414 280 2461
2461 182 457
457 2246 652
6
1491 673 1799
1799 3651 857
857 745 664
664 1538 2128
2128 6144 203
203 6348 652
6
1491 678 2261
2261 7074 557
557 5259 1171
1171 221 1686
1686 2196 275
275 2240 652
6
1491 682 2706
2706 6785 1809
1809 5680 2094
2094 360 1421
1421 4617 1937
1937 2031 652
6
1491 685 2215
2215 3410 2013
2013 7181 2459
2459 7481 2712
2712 4380 1309
1309 3184 652
6
1491 686 2667
2667 5829 1557
1557 416 382
382 1525 2772
2772 6399 2503
2503 1604 652
6
1491 687 1714
1714 1838 656
656 1793 2789
2789 6374 1904
1904 2826 2286
2286 237 652
6
1491 692 2834
2834 5746 771
771 5326 533
533 4336 2198
2198 4948 2858
2858 10 652
6
1491 693 125
125 631 1847
1847 2261 581
581 3118 2021
2021 4193 2081
2081 2269 652
6
1491 695 626
626 28 847
847 6490 1641
1641 1005 413
413 7411 427
427 3815 652
6
1491 697 1966
1966 760 2063
2063 4546 1575
1575 4966 881
881 6681 419
419 297 652
6
1491 706 115
115 2659 2756
2756 3223 2302
2302 6006 2801
2801 5257 2600
2600 3788 652
6
1491 710 2735
2735 3745 975
975 2364 2162
2162 4809 380
380 3677 620
620 1554 652
6
1491 728 2704
2704 2839 878
878 174 2065
2065 4555 1743
1743 6063 291
291 2646 652
6
1491 729 2777
2777 5688 2244
2244 3389 2877
2877 971 1532
1532 1433 829
829 1897 652
6
1491 731 41
41 1022 118
118 4100 1552
1552 3943 542
542 3013 2442
2442 216 652
6
1491 732 335
335 3818 358
358 7112 2324
2324 344 88
88 5675 1118
1118 218 652
6
1491 736 2394
2394 4702 325
325 2649 1595
1595 6806 1782
1782 1610 1968
1968 1050 652
6
1491 756 2611
2611 6618 2585
2585 3640 2390
2390 747 2634
2634 4606 855
855 450 652
6
1491 771 58
58 4215 778
778 537 706
706 1644 1217
1217 1507 2278
2278 2502 652
6
1491 785 2042
2042 4764 1585
1585 912 538
538 1533 1720
1720 2678 1630
1630 468 652
6
1491 800 2275
2275 1205 2573
2573 6180 2750
2750 7134 479
479 1101 2862
2862 1187 652
6
1491 811 1019
1019 2230 646
646 141 534
534 5241 1819
1819 456 562
562 3823 652
6
1491 839 908
908 3865 2452
2452 6610 986
986 2509 2493
2493 4450 1212
1212 1443 652
6
1491 840 1036
1036 4144 148
148 3672 21
21 302 2601
2601 880 147
147 3337 652
6
1491 843 853
853 146 5
5 3371 441
441 6916 2518
2518 4255 1639
1639 2074 652
6
1491 855 2139
2139 2775 1659
1659 1729 1941
1941 7204 1858
1858 513 1192
1192 1126 652
6
1491 856 2669
2669 2871 217
217 1450 1706
1706 1605 1781
1781 5039 1542
1542 1372 652
6
1491 865 2559
2559 6056 733
733 4632 1650
1650 6068 668
668 921 1545
1545 361 652
6
1491 867 2240
2240 3639 2371
2371 2430 1513
1513 2021 688
688 1424 1410
1410 187 652
6
1491 870 2790
2790 3895 76
76 366 1975
1975 1135 384
384 3695 558
558 5153 652
6
1491 877 971
971 2283 1085
1085 7385 1896
1896 5498 1808
1808 6778 930
930 952 652
6
1491 885 2395
2395 5215 400
400 5593 2632
2632 3583 1525
1525 6296 1314
1314 3590 652
6
1491 886 1347
1347 6926 1386
1386 4832 2513
2513 5328 2630
2630 6481 1113
1113 3524 652
6
1491 891 1760
1760 469 2926
2926 5881 2154
2154 1151 2068
2068 1561 2708
2708 1122 652
6
1491 899 2775
2775 1811 2852
2852 455 1321
1321 5525 476
476 496 1267
1267 868 652
6
1491 902 1507
1507 6994 357
357 2919 1136
1136 3862 1284
1284 3388 2769
2769 2699 652
6
1491 913 2460
2460 5700 1576
1576 1051 875
875 6667 867
867 5696 389
389 2224 652
6
1491 917 2974
2974 5566 1304
1304 5813 1962
1962 6480 287
287 2474 2491
2491 3706 652
6
1491 918 1731
1731 3478 845
845 7402 2992
2992 5961 482
482 3105 2317
2317 98 652
6
1491 919 2402
2402 2415 490
490 2462 1834
1834 268 422
422 562 2498
2498 1124 652
6
1491 925 2668
2668 6794 950
950 2807 1891
1891 1989 219
219 2942 2436
2436 3325 652
6
1491 928 2298
2298 984 1407
1407 3087 2649
2649 1102 499
499 522 730
730 610 652
6
1491 932 1703
1703 5370 972
972 1990 449
449 1778 1571
1571 2362 2480
2480 808 652
6
1491 949 2959
2959 4238 2896
2896 5459 1400
1400 3480 408
408 418 2785
2785 5078 652
6
1491 953 2770
2770 1708 2592
2592 4629 1016
1016 4126 1150
1150 1454 2486
2486 1618 652
6
1491 958 2607
2607 3429 2758
2758 600 2455
2455 2243 622
622 4146 1373
1373 2727 652
6
1491 962 2694
2694 1861 34
34 5826 2978
2978 4527 1250
1250 5859 101
101 1676 652
6
1491 964 2097
2097 1260 516
516 2075 939
939 7268 2045
2045 2433 114
114 2482 652
6
1491 974 2398
2398 7272 1806
1806 1734 2281
2281 3479 2007
2007 6623 1026
1026 1037 652
6
1491 982 1333
1333 3299 1553
1553 2541 1065
1065 714 1359
1359 1191 1061
1061 2923 652
6
1491 985 1042
1042 3902 741
741 2170 535
535 1203 2333
2333 4539 2168
2168 2008 652
6
1491 1003 1415
1415 5857 398
398 6230 1092
1092 3204 685
685 5592 2771
2771 2907 652
6
1491 1007 2037
2037 832 1164
1164 5715 1305
1305 2916 1424
1424 1070 80
80 1504 652
6
1491 1009 520
520 5835 1999
1999 5441 1729
1729 4824 2062
2062 7152 141
141 4026 652
6
1491 1012 306
306 2146 1009
1009 527 1789
1789 2588 1695
1695 2670 1776
1776 582 652
6
1491 1026 2277
2277 2208 1361
1361 4639 1479
1479 3799 2860
2860 7530 2366
2366 1194 652
6
1491 1031 659
659 3708 2356
2356 2337 1358
1358 6420 592
592 1079 1003
1003 1597 652
6
1491 1035 903
903 2865 1929
1929 5976 143
143 321 426
426 4846 1990
1990 842 652
6
1491 1039 2420
2420 1603 249
249 7502 2166
2166 3450 832
832 2957 1928
1928 84 652
6
1491 1042 2265
2265 5565 1603
1603 6097 1951
1951 104 414
414 5202 327
327 632 652
6
1491 1075 1174
1174 2265 1391
1391 3372 71
71 3236 840
840 1098 331
331 2735 652
6
1491 1080 2808
2808 3579 27
27 6422 2016
2016 4451 564
564 2671 681
681 1879 652
6
1491 1081 31
31 6081 1722
1722 4419 1211
1211 486 1170
1170 3871 460
460 873 652
6
1491 1086 2206
2206 6181 375
375 4825 1322
1322 6522 568
568 17 1837
1837 5154 652
6
1491 1095 2105
2105 3366 438
438 4734 1658
1658 1487 1798
1798 51 318
318 4590 652
6
1491 1099 1883
1883 286 1313
1313 1027 2872
2872 4360 409
409 2050 1601
1601 2888 652
6
1491 1100 2683
2683 3380 666
666 6325 2448
2448 2205 367
367 7007 2046
2046 61 652
6
1491 1120 630
630 5242 1652
1652 2586 598
598 2733 1689
1689 5149 2577
2577 153 652
6
1491 1130 2861
2861 4328 2964
2964 3078 553
553 6159 2654
2654 2969 948
948 3488 652
6
1491 1132 828
828 6328 679
679 2579 2779
2779 452 2017
2017 4580 1216
1216 414 652
6
1491 1134 846
846 2436 2313
2313 6055 1486
1486 5907 1510
1510 5251 2894
2894 575 652
6
1491 1143 2966
2966 6470 1807
1807 3879 2106
2106 2861 2196
2196 6152 872
872 475 652
6
1491 1150 2839
2839 2529 2350
2350 6477 142
142 6790 1880
1880 7508 424
424 970 652
6
1491 1158 1430
1430 6143 1619
1619 3328 879
879 5627 87
87 906 2453
2453 2859 652
6
1491 1172 2726
2726 940 399
399 7261 2938
2938 5636 1492
1492 3743 1830
1830 229 652
6
1491 1174 2973
2973 4220 1685
1685 4090 1981
1981 630 2251
2251 2673 1356
1356 145 652
6
1491 1178 1385
1385 4775 1046
1046 7055 1859
1859 6047 1875
1875 795 1822
1822 2634 652
6
1491 1180 791
791 5535 1690
1690 3801 2039
2039 3304 2441
2441 2880 2167
2167 2666 652
6
1491 1181 1254
1254 6337 1655
1655 3835 465
465 1434 893
893 2325 1249
1249 2315 652
6
1491 1184 1152
1152 5620 781
781 12 1084
1084 7033 934
934 4140 2688
2688 3580 652
6
1491 1188 1877
1877 1983 1165
1165 604 2761
2761 2578 2935
2935 1208 2803
2803 1460 652
6
1491 1195 1529
1529 7239 2605
2605 2890 472
472 6802 85
85 488 1185
1185 3437 652
6
1491 1202 2689
2689 1240 1541
1541 5863 1797
1797 3171 2746
2746 5543 322
322 1146 652
6
1491 1232 1912
1912 4591 2674
2674 1300 777
777 3189 1523
1523 6677 321
321 2086 652
6
1491 1233 2431
2431 1575 1463
1463 7546 268
268 327 1605
1605 6204 861
861 1318 652
6
1491 1235 2809
2809 6787 2972
2972 2456 2113
2113 259 124
124 2722 876
876 217 652
6
1491 1237 32
32 8 1755
1755 7554 411
411 2014 569
569 2082 2566
2566 1982 652
6
1491 1247 1794
1794 5311 1903
1903 388 583
583 1560 2308
2308 827 2618
2618 4396 652
6
1491 1251 372
372 2738 1654
1654 3196 1624
1624 6877 2764
2764 7309 729
729 907 652
6
1491 1271 1796
1796 7001 1679
1679 4398 2121
2121 398 1489
1489 4453 2418
2418 528 652
6
1491 1272 1126
1126 5492 2722
2722 6749 1730
1730 4012 237
237 1390 266
266 920 652
6
1491 1274 575
575 4474 1427
1427 2664 1839
1839 4635 1134
1134 5393 1988
1988 1511 652
6
1491 1282 1325
1325 6615 1450
1450 2789 1263
1263 36 891
891 5028 1922
1922 1363 652
6
1491 1283 870
870 5939 2361
2361 1842 2991
2991 4224 2337
2337 555 1231
1231 1985 652
6
1491 1306 2255
2255 7397 795
795 1314 1745
1745 1415 8
8 1950 2472
2472 4834 652
6
1491 1331 1775
1775 2305 2802
2802 5066 2957
2957 3402 2115
2115 1 1289
1289 1173 652
6
1491 1337 1907
1907 5315 1360
1360 1615 1852
1852 6319 1862
1862 2899 2695
2695 1817 652
6
1491 1338 2385
2385 1732 2766
2766 5371 1815
1815 2023 970
970 3317 1820
1820 1167 652
6
1491 1339 1318
1318 5193 1062
1062 1494 2032
2032 615 728
728 291 2227
2227 566 652
6
1491 1342 1067
1067 313 838
838 696 1728
1728 90 719
719 2743 2848
2848 683 652
6
1491 1352 2309
2309 5732 1908
1908 4505 1895
1895 2199 2944
2944 1795 943
943 755 652
6
1491 1369 2260
2260 1083 2624
2624 400 273
273 5074 1146
1146 4499 931
931 188 652
6
1491 1395 1697
1697 6447 744
744 4092 329
329 3876 2473
2473 6192 2740
2740 670 652
6
1491 1406 1100
1100 4618 1795
1795 3522 2059
2059 1254 1195
1195 6455 2671
2671 744 652
6
1491 1410 2506
2506 4372 1235
1235 307 1436
1436 111 289
289 4671 2036
2036 1447 652
6
1491 1416 2174
2174 2348 24
24 1984 1894
1894 3896 1855
1855 5661 2626
2626 1349 652
6
1491 1421 1972
1972 1141 1620
1620 1436 806
806 3630 2447
2447 3950 2387
2387 6548 652
6
1491 1423 92
92 197 696
696 3597 653
653 6042 1784
1784 5148 2762
2762 546 652
6
1491 1425 1439
1439 6102 474
474 6357 20
20 1978 947
947 3939 1052
1052 317 652
6
1491 1429 272
272 126 2882
2882 7178 567
567 1956 762
762 6494 2171
2171 624 652
6
1491 1455 1064
1064 4324 250
250 3235 552
552 4569 1324
1324 7127 1392
1392 6196 652
6
1491 1461 1456
1456 3720 2593
2593 7207 2744
2744 7396 1236
1236 4812 1938
1938 42 652
6
1491 1480 1024
1024 681 655
655 3598 989
989 3853 2002
2002 3567 2332
2332 4646 652
6
1491 1482 204
204 1770 1727
1727 4997 1071
1071 2298 2165
2165 6413 997
997 1933 652
6
1491 1485 921
921 5705 1765
1765 2801 2824
2824 3736 149
149 1781 2348
2348 181 652
6
1491 1491 1173
1173 6864 2817
2817 4687 1663
1663 2338 2508
2508 5300 2917
2917 5750 652
6
1491 1493 595
595 3309 310
310 762 103
103 2820 2150
2150 2260 464
464 247 652
6
1491 1519 710
710 2360 1202
1202 3825 751
751 846 532
532 6013 2908
2908 239 652
6
1491 1527 2404
2404 1864 1721
1721 6175 1243
1243 1762 1623
1623 5417 952
952 2750 652
6
1491 1529 2723
2723 3386 2696
2696 2013 2033
2033 5695 2967
2967 551 718
718 219 652
6
1491 1531 2056
2056 6005 459
459 7128 1362
1362 3134 1956
1956 6854 2093
2093 861 652
6
1491 1537 2842
2842 980 2949
2949 5250 1536
1536 860 2411
2411 5269 2841
2841 588 652
6
1491 1552 2058
2058 6952 1621
1621 1114 2663
2663 7248 2644
2644 1952 78
78 271 652
6
1491 1559 504
504 4785 2451
2451 34 708
708 5885 621
621 1700 2300
2300 2132 652
6
1491 1572 889
889 5521 2499
2499 1439 737
737 2902 2784
2784 5019 852
852 4239 652
6
1491 1576 1588
1588 3899 202
202 7470 385
385 3777 798
798 2139 676
676 430 652
6
1491 1586 1429
1429 2402 712
712 2790 396
396 23 2156
2156 535 1899
1899 358 652
6
1491 1599 2745
2745 43 2776
2776 1958 2885
2885 6036 264
264 1243 186
186 669 652
6
1491 1611 909
909 1469 677
677 6125 1172
1172 1020 428
428 1016 1156
1156 4768 652
6
1491 1623 864
864 1257 1124
1124 5552 49
49 3008 462
462 5587 699
699 195 652
6
1491 1633 185
185 1690 269
269 5162 548
548 6228 401
401 3562 2202
2202 39 652
6
1491 1642 1945
1945 5987 135
135 7542 14
14 6482 1169
1169 4155 1246
1246 1919 652
6
1491 1686 1449
1449 1403 784
784 172 1099
1099 4278 2482
2482 5137 941
941 1705 652
6
1491 1691 902
902 5783 2132
2132 5349 1312
1312 477 2522
2522 1631 1080
1080 4492 652
6
1491 1695 977
977 16 179
179 6549 783
783 1711 330
330 2993 223
223 1638 652
6
1491 1696 1307
1307 2881 2636
2636 4955 2718
2718 6402 2702
2702 5602 2239
2239 1323 652
6
1491 1706 1466
1466 7060 2130
2130 4157 2179
2179 875 1594
1594 4111 1950
1950 4247 652
6
1491 1713 1511
1511 3424 453
453 6669 684
684 6195 2795
2795 4868 2290
2290 3661 652
6
1491 1718 231
231 1654 2107
2107 4153 1901
1901 5064 18
18 3909 130
130 2687 652
6
1491 1744 288
288 4987 1644
1644 2948 1070
1070 4688 1151
1151 1908 2996
2996 2129 652
6
1491 1747 2485
2485 5466 907
907 2555 498
498 3768 1554
1554 4064 2557
2557 448 652
6
1491 1748 2880
2880 2696 2796
2796 6788 2004
2004 801 2990
2990 2177 686
686 1726 652
6
1491 1766 2347
2347 793 2173
2173 2384 743
743 1288 691
691 5404 2843
2843 377 652
6
1491 1789 1531
1531 4251 2807
2807 3099 1868
1868 451 747
747 4037 714
714 3674 652
6
1491 1794 1786
1786 4242 2685
2685 2313 1127
1127 1658 340
340 318 315
315 538 652
6
1491 1802 788
788 4322 2234
2234 7180 1444
1444 5214 1653
1653 3964 658
658 3245 652
6
1491 1810 445
445 2446 2753
2753 2219 1746
1746 987 839
839 2464 1666
1666 718 652
6
1491 1813 2375
2375 922 2055
2055 1361 151
151 338 2049
2049 254 455
455 1278 652
6
1491 1826 2145
2145 2922 79
79 6638 1278
1278 6674 689
689 4587 2997
2997 3101 652
6
1491 1831 2071
2071 2213 2019
2019 1512 2684
2684 3917 2754
2754 5551 716
716 1541 652
6
1491 1839 1518
1518 1828 2659
2659 5173 2272
2272 407 206
206 1731 906
906 91 652
6
1491 1850 2388
2388 7457 1522
1522 2098 1509
1509 3612 2440
2440 5223 1306
1306 5608 652
6
1491 1851 850
850 7039 768
768 3721 1227
1227 643 2122
2122 1923 578
578 2639 652
6
1491 1878 2341
2341 3810 922
922 96 1412
1412 2335 2467
2467 6919 556
556 2044 652
6
1491 1880 1980
1980 3625 1203
1203 6269 183
183 93 1105
1105 7381 1696
1696 3910 652
6
1491 1913 1011
1011 4075 1548
1548 2018 153
153 1054 2719
2719 894 955
955 4391 652
6
1491 1918 394
394 2692 2148
2148 4362 966
966 5759 1562
1562 4290 1577
1577 1883 652
6
1491 1926 618
618 4557 2533
2533 2960 957
957 2368 1218
1218 1418 1885
1885 2830 652
6
1491 1930 1147
1147 1643 1500
1500 6027 1048
1048 2540 51
51 5865 1838
1838 711 652
6
1491 1932 820
820 3588 136
136 3176 1558
1558 5458 969
969 5356 1041
1041 1960 652
6
1491 1969 421
421 2258 2945
2945 1346 1520
1520 118 849
849 6373 1193
1193 547 652
6
1491 1999 571
571 3614 162
162 504 2175
2175 2719 2470
2470 1062 1350
1350 1245 652
6
1491 2004 1917
1917 3798 956
956 3138 897
897 4937 2392
2392 2754 1096
1096 1351 652
6
1491 2007 1215
1215 322 2924
2924 6407 748
748 869 2814
2814 6801 1478
1478 245 652
6
1491 2011 2505
2505 5134 566
566 6793 2599
2599 55 1038
1038 3540 1505
1505 3060 652
6
1491 2017 824
824 6092 468
468 1082 1276
1276 2117 2029
2029 7358 126
126 3461 652
6
1491 2042 1461
1461 1568 1887
1887 3638 1252
1252 2103 2563
2563 5108 536
536 1040 652
6
1491 2045 661
661 5305 1747
1747 2487 2596
2596 100 2112
2112 47 513
513 689 652
6
1491 2054 1921
1921 5092 1368
1368 4124 1051
1051 5851 2038
2038 2522 937
937 2937 652
6
1491 2083 1530
1530 5601 884
884 252 1159
1159 2833 2698
2698 999 641
641 518 652
6
1491 2092 883
883 1152 2273
2273 5358 2846
2846 7250 559
559 936 1154
1154 975 652
6
1491 2099 1007
1007 6178 2703
2703 5081 1940
1940 2290 1281
1281 3585 1737
1737 2894 652
6
1491 2100 2610
2610 4836 2430
2430 1847 2854
2854 6254 2270
2270 4828 2581
2581 458 652
6
1491 2142 1240
1240 3320 225
225 3679 925
925 5008 1269
1269 6525 2539
2539 3852 652
6
1491 2165 837
837 1221 1573
1573 6609 1537
1537 563 551
551 4581 2525
2525 1422 652
6
1491 2166 1811
1811 510 1163
1163 5255 2942
2942 1853 1581
1581 821 2713
2713 608 652
6
1491 2173 2582
2582 1165 523
523 641 2639
2639 6199 1989
1989 5574 1584
1584 372 652
6
1491 2175 446
446 7473 194
194 1476 2070
2070 2999 2443
2443 1212 104
104 2816 652
6
1491 2184 2941
2941 3574 2510
2510 2002 660
660 6158 2971
2971 79 1985
1985 829 652
6
1491 2203 2604
2604 4667 1792
1792 2295 2413
2413 4013 1739
1739 3053 1369
1369 2169 652
6
1491 2273 33
33 5671 980
980 5929 238
238 2792 1465
1465 139 2701
2701 5114 652
6
1491 2277 2598
2598 7412 1248
1248 4517 359
359 6936 1447
1447 5794 1711
1711 160 652
6
1491 2284 2774
2774 2786 2979
2979 2151 2532
2532 86 1860
1860 2278 403
403 1275 652
6
1491 2354 984
984 6987 1521
1521 4991 599
599 5163 1
1 7054 150
150 2808 652
6
1491 2356 2060
2060 2648 2080
2080 948 1674
1674 166 1906
1906 2081 19
19 5652 652
6
1491 2387 25
25 1935 257
257 3126 874
874 6965 1496
1496 3814 2318
2318 473 652
6
1491 2389 844
844 2855 1082
1082 7107 187
187 1792 1340
1340 281 627
627 1244 652
6
1491 2403 632
632 1645 1587
1587 6836 2450
2450 2824 1684
1684 3868 2315
2315 4152 652
6
1491 2411 1405
1405 954 2616
2616 796 174
174 1616 2947
2947 1758 1143
1143 3659 652
6
1491 2417 1182
1182 5299 1979
1979 1959 2591
2591 3593 1302
1302 485 1272
1272 3377 652
6
1491 2420 216
216 7376 1440
1440 4609 1533
1533 1547 440
440 1724 738
738 168 652
6
1491 2431 1606
1606 3117 796
796 705 1564
1564 4132 1474
1474 6893 475
475 2178 652
6
1491 2443 518
518 3164 2623
2623 6672 1459
1459 3718 673
673 5291 2288
2288 4779 652
6
1491 2455 2691
2691 435 105
105 7167 2891
2891 3703 1744
1744 4873 2791
2791 2049 652
6
1491 2478 2437
2437 6829 2888
2888 4562 2311
2311 6163 2798
2798 787 1565
1565 1484 652
6
1491 2532 2135
2135 3467 2544
2544 214 2363
2363 4984 265
265 742 2541
2541 1065 652
6
1491 2550 1843
1843 1295 1072
1072 3392 38
38 5611 131
131 2667 1502
1502 1721 652
6
1491 2554 1848
1848 2451 1832
1832 4197 454
454 6546 2064
2064 3784 2233
2233 1629 652
6
1491 2556 2082
2082 4056 2773
2773 7161 1219
1219 5319 1339
1339 1066 2724
2724 2549 652
6
1491 2568 1137
1137 4020 73
73 790 2881
2881 1477 1233
1233 3747 1705
1705 2319 652
6
1491 2574 2887
2887 2782 1119
1119 4876 1757
1757 6658 727
727 881 1086
1086 1845 652
6
1491 2616 1319
1319 3100 2586
2586 5711 2540
2540 4554 2628
2628 2805 1457
1457 397 652
6
1491 2619 1763
1763 4561 1104
1104 6597 2242
2242 6857 1351
1351 6123 1363
1363 1139 652
6
1491 2650 962
962 206 74
74 2821 2468
2468 1442 800
800 220 2161
2161 4604 652
6
1491 2672 1771
1771 7328 692
692 650 2767
2767 209 527
527 2046 2194
2194 190 652
6
1491 2674 1342
1342 1652 221
221 3840 2565
2565 813 717
717 2771 263
263 857 652
6
1491 2688 958
958 4377 756
756 5350 651
651 6327 2811
2811 3888 2534
2534 3052 652
6
1491 2694 2501
2501 1881 98
98 2725 1818
1818 3665 1327
1327 3182 2951
2951 497 652
6
1491 2715 2679
2679 1359 1534
1534 6766 1145
1145 465 1023
1023 4115 1984
1984 41 652
6
1491 2716 1177
1177 5284 2224
2224 3986 1397
1397 3761 177
177 5125 868
868 6 652
6
1491 2796 255
255 2485 192
192 6968 195
195 2255 705
705 7512 2406
2406 1906 652
6
1491 2799 949
949 4080 1336
1336 6619 2364
2364 5702 1748
1748 6971 2280
2280 2978 652
6
1491 2815 2833
2833 2945 378
378 6237 198
198 3669 940
940 2572 2422
2422 359 652
6
1491 2874 1774
1774 723 2331
2331 2116 1994
1994 7006 2306
2306 3021 1662
1662 95 652
6
1491 2875 2827
2827 3202 2933
2933 1903 2314
2314 2962 1569
1569 3280 2282
2282 2642 652
6
1491 2882 226
226 3297 22
22 7280 633
633 4171 1295
1295 2965 509
509 1053 652
6
1491 2908 2816
2816 2089 1638
1638 7529 500
500 4819 2389
2389 3438 480
480 2156 652
6
1491 2958 2322
2322 4611 2339
2339 7082 1718
1718 4084 700
700 5329 17
17 1304 652
6
1491 2963 435
435 2347 2523
2523 1333 697
697 3107 1528
1528 295 539
539 120 652
6
1491 3009 2548
2548 6654 1931
1931 3462 285
285 6989 393
393 6423 1241
1241 4550 652
6
1491 3035 1116
1116 6927 2653
2653 2252 1402
1402 5221 1888
1888 275 2218
2218 1944 652
6
1491 3069 690
690 5130 1290
1290 548 1088
1088 3779 2551
2551 298 60
60 618 652
6
1491 3084 281
281 7 235
235 2084 1270
1270 4597 2258
2258 3023 2380
2380 2660 652
6
1491 3092 2146
2146 3982 918
918 2289 993
993 3935 262
262 5268 2635
2635 3094 652
6
1491 3133 959
959 6339 1372
1372 4723 2970
2970 5902 1637
1637 6203 97
97 807 652
6
1491 3141 648
648 955 2794
2794 644 2579
2579 6463 830
830 6052 1063
1063 2118 652
6
1491 3232 1317
1317 4240 301
301 6417 2345
2345 7052 284
284 1993 1293
1293 1261 652
6
1491 3243 628
628 4647 2705
2705 5117 2054
2054 4699 1965
1965 5067 1831
1831 1704 652
6
1491 3278 1961
1961 6648 1572
1572 5226 1930
1930 6207 2090
2090 2404 2631
2631 2106 652
6
1491 3353 1935
1935 5181 2075
2075 596 354
354 4756 821
821 7509 1285
1285 232 652
6
1491 3381 2923
2923 5539 1973
1973 1961 2257
2257 4292 1694
1694 5821 742
742 350 652
6
1491 3391 623
623 6701 2214
2214 5386 1813
1813 1674 789
789 5236 2328
2328 2176 652
6
1491 3436 1139
1139 752 155
155 2751 2213
2213 2334 1395
1395 2204 2690
2690 2135 652
6
1491 3454 1060
1060 7183 1337
1337 4851 1851
1851 6922 336
336 5306 2868
2868 990 652
6
1491 3456 639
639 734 2304
2304 3931 1756
1756 5433 55
55 4201 2221
2221 768 652
6
1491 3466 69
69 1265 1338
1338 2975 2792
2792 1320 804
804 2331 584
584 1863 652
6
1491 3483 1864
1864 1503 2205
2205 4711 1123
1123 2136 1056
1056 2852 2102
2102 1628 652
6
1491 3575 450
450 3319 2312
2312 2600 1927
1927 4329 1915
1915 330 2662
2662 3929 652
6
1491 3577 1204
1204 6585 703
703 6848 2975
2975 4753 2969
2969 4379 205
205 3183 652
6
1491 3602 2747
2747 2976 2742
2742 5307 1077
1077 809 1238
1238 6383 2884
2884 72 652
6
1491 3605 485
485 5260 1411
1411 4494 2050
2050 2536 2859
2859 2814 1133
1133 383 652
6
1491 3742 1316
1316 4194 731
731 161 1057
1057 5252 2415
2415 6642 2160
2160 345 652
6
1491 3774 1186
1186 1874 1044
1044 2408 1251
1251 5775 2672
2672 5274 360
360 32 652
6
1491 3782 1947
1947 1264 2562
2562 512 1804
1804 2915 1132
1132 6563 299
299 436 652
6
1491 3845 83
83 1555 2866
2866 6627 2657
2657 2371 1398
1398 4415 765
765 5053 652
6
1491 3851 314
314 6907 1261
1261 6523 2606
2606 4875 473
473 6732 1300
1300 1785 652
6
1491 3971 2876
2876 2552 2729
2729 988 1602
1602 3453 2828
2828 852 1409
1409 2020 652
6
1491 4076 2721
2721 526 1967
1967 1954 2069
2069 5283 1004
1004 6405 1467
1467 3485 652
6
1491 4151 1519
1519 6514 2397
2397 2388 47
47 4422 1583
1583 5590 801
801 825 652
6
1491 4178 2578
2578 4886 2714
2714 334 1884
1884 6874 313
313 2631 1599
1599 170 652
6
1491 4208 302
302 4222 2005
2005 308 1475
1475 2530 1275
1275 3493 561
561 957 652
6
1491 4214 1905
1905 5528 1898
1898 2323 2136
2136 1490 915
915 3407 122
122 901 652
6
1491 4351 35
35 4982 2732
2732 6442 1303
1303 3913 1591
1591 2425 1331
1331 900 652
6
1491 4449 2200
2200 833 1334
1334 6846 134
134 3387 1617
1617 3556 1194
1194 550 652
6
1491 4534 2220
2220 5182 1399
1399 4053 298
298 7035 2529
2529 674 1389
1389 553 652
6
1491 4547 2464
2464 202 292
292 1627 790
790 995 37
37 4121 1015
1015 2495 652
6
1491 4593 402
402 2357 1717
1717 3623 1501
1501 7550 1153
1153 1782 2982
2982 658 652
6
1491 4791 319
319 1263 2354
2354 3316 2163
2163 2232 819
819 3984 605
605 389 652
6
1491 4805 1260
1260 1579 1434
1434 5391 594
594 243 1180
1180 4615 2114
2114 1121 652
6
1491 4860 2466
2466 6990 927
927 1589 517
517 5882 670
670 1413 407
407 113 652
6
1491 4923 2878
2878 5293 924
924 1362 2192
2192 1427 1364
1364 1894 589
589 2834 652
6
1491 5032 2838
2838 764 184
184 1687 1191
1191 3487 815
815 250 388
388 303 652
6
1491 5080 1506
1506 4399 1076
1076 1725 521
521 2123 2217
2217 109 2092
2092 4310 652
6
1491 5100 227
227 6783 1723
1723 7282 813
813 3447 988
988 1466 1742
1742 523 652
6
1491 5219 1431
1431 4634 7
7 554 2587
2587 5689 572
572 1583 1452
1452 3641 652
6
1491 5254 1783
1783 4621 976
976 3999 1791
1791 4657 842
842 349 2778
2778 4998 652
6
1491 5275 1777
1777 3626 2226
2226 4598 1121
1121 4486 2241
2241 6675 1213
1213 5460 652
6
1491 5384 1245
1245 6416 822
822 2663 2956
2956 1064 1579
1579 4110 295
295 1011 652
6
1491 5531 1672
1672 2085 2475
2475 6564 563
563 4145 2494
2494 4319 2805
2805 2212 652
6
1491 5537 769
769 1502 2853
2853 7401 2939
2939 2627 1897
1897 6849 2101
2101 2158 652
6
1491 5862 530
530 5974 2531
2531 2458 892
892 5871 2289
2289 6868 1470
1470 2982 652
6
1491 6086 1196
1196 5129 1228
1228 5232 241
241 4248 2819
2819 5770 2158
2158 1664 652
6
1491 6138 2325
2325 4435 1354
1354 5893 159
159 4690 1914
1914 1719 2417
2417 677 652
6
1491 6149 1490
1490 2887 933
933 3279 1330
1330 5210 2247
2247 567 2575
2575 1252 652
6
1491 6304 2187
2187 5719 1719
1719 5970 1668
1668 6744 1142
1142 1807 882
882 898 652
