542
6
1686 3 1188
1188 4227 264
264 7343 214
214 259 2330
2330 209 331
331 5240 2598
6
1686 15 1036
1036 1065 1012
1012 4758 1046
1046 5800 1541
1541 9108 2200
2200 3920 2598
6
1686 16 1139
1139 2822 2171
2171 3831 2030
2030 5955 2430
2430 2964 2635
2635 2731 2598
6
1686 17 2617
2617 6679 418
418 1052 860
860 660 101
101 4595 422
422 1089 2598
6
1686 19 1106
1106 868 213
213 2580 1821
1821 555 1111
1111 3496 1807
1807 3251 2598
6
1686 21 2463
2463 570 1525
1525 5933 1709
1709 250 1744
1744 649 2538
2538 952 2598
6
1686 36 1618
1618 1869 847
847 8490 1190
1190 4344 673
673 1755 2869
2869 917 2598
6
1686 46 2832
2832 7718 697
697 7601 1268
1268 295 2388
2388 7512 2445
2445 6762 2598
6
1686 55 2196
2196 673 2981
2981 2740 2911
2911 3327 2129
2129 2083 2189
2189 3568 2598
6
1686 74 1842
1842 7277 567
567 3524 1270
1270 934 2010
2010 4147 1557
1557 239 2598
6
1686 75 1081
1081 2735 2089
2089 3511 375
375 1245 1055
1055 9060 1003
1003 207 2598
6
1686 78 1819
1819 4202 1950
1950 28 2197
2197 2516 1529
1529 3752 8
8 435 2598
6
1686 83 743
743 6952 204
204 5044 2339
2339 273 1717
1717 2464 1641
1641 311 2598
6
1686 91 2907
2907 525 432
432 3250 1133
1133 8893 209
209 5512 1854
1854 1540 2598
6
1686 101 2319
2319 1101 2438
2438 1390 2979
2979 8528 121
121 4765 913
913 1676 2598
6
1686 104 1977
1977 3059 1185
1185 3894 2281
2281 7733 170
170 935 2311
2311 1876 2598
6
1686 105 632
632 7474 1075
1075 6137 1283
1283 7410 2238
2238 251 627
627 425 2598
6
1686 116 2185
2185 3500 1716
1716 49 27
27 7649 2266
2266 2936 2273
2273 1262 2598
6
1686 117 2603
2603 1310 656
656 2595 1935
1935 5854 675
675 683 104
104 4736 2598
6
1686 123 1703
1703 2334 1275
1275 8863 1140
1140 4379 686
686 8900 1348
1348 3711 2598
6
1686 127 2810
2810 1169 1054
1054 6221 47
47 4248 2087
2087 726 639
639 1199 2598
6
1686 132 71
71 796 510
510 115 2611
2611 4928 1249
1249 6648 1483
1483 1360 2598
6
1686 136 2128
2128 1151 1227
1227 4471 385
385 7520 2405
2405 6451 2058
2058 1897 2598
6
1686 146 1383
1383 7917 544
544 1574 1755
1755 510 389
389 4309 2581
2581 1422 2598
6
1686 156 1369
1369 8700 132
132 2064 2210
2210 903 1527
1527 7899 1586
1586 2326 2598
6
1686 158 1749
1749 4756 838
838 8946 326
326 6267 1845
1845 4422 1770
1770 219 2598
6
1686 165 1019
1019 4830 1942
1942 984 1801
1801 3002 2512
2512 1634 698
698 1263 2598
6
1686 166 2846
2846 6553 274
274 2401 1323
1323 2198 383
383 3396 420
420 2958 2598
6
1686 167 2006
2006 5019 2502
2502 5092 529
529 4226 1416
1416 4656 497
497 2734 2598
6
1686 175 1096
1096 7213 1646
1646 4733 857
857 3743 2730
2730 3567 2078
2078 2094 2598
6
1686 182 23
23 2647 2781
2781 3128 493
493 5533 425
425 1288 2986
2986 1792 2598
6
1686 194 2272
2272 1300 2783
2783 893 2630
2630 8202 2541
2541 3096 2900
2900 1019 2598
6
1686 200 412
412 5194 2240
2240 7109 806
806 2953 2218
2218 4760 1335
1335 2215 2598
6
1686 201 1664
1664 1412 2616
2616 527 854
854 1756 861
861 1509 1215
1215 6173 2598
6
1686 211 2285
2285 5495 546
546 4619 2376
2376 471 1245
1245 129 1221
1221 179 2598
6
1686 213 2182
2182 1178 345
345 6405 1165
1165 5316 288
288 4639 1501
1501 1866 2598
6
1686 220 2487
2487 3745 1184
1184 2875 1632
1632 1697 112
112 1156 2472
2472 3953 2598
6
1686 225 1041
1041 5328 2555
2555 3693 2440
2440 8222 1741
1741 6808 884
884 3805 2598
6
1686 227 781
781 2163 1370
1370 834 1991
1991 8408 1287
1287 176 1800
1800 3390 2598
6
1686 249 1256
1256 3198 1731
1731 5343 1361
1361 4200 2485
2485 863 2766
2766 2952 2598
6
1686 263 2644
2644 4742 2072
2072 5868 1378
1378 9120 1930
1930 5047 1454
1454 3259 2598
6
1686 276 887
887 3335 1121
1121 620 2412
2412 1384 1990
1990 1190 728
728 1588 2598
6
1686 277 2209
2209 3617 984
984 2853 1753
1753 1711 2886
2886 3604 901
901 82 2598
6
1686 278 2773
2773 2052 1468
1468 1134 1266
1266 1500 275
275 8126 1614
1614 18 2598
6
1686 285 1260
1260 169 2393
2393 933 421
421 7546 600
600 3034 2245
2245 4634 2598
6
1686 298 2992
2992 2122 2214
2214 3380 2342
2342 1717 429
429 577 1146
1146 3082 2598
6
1686 301 1871
1871 1686 2359
2359 3761 2422
2422 2746 820
820 7751 2933
2933 713 2598
6
1686 309 2629
2629 8661 1620
1620 1521 2134
2134 843 805
805 2654 2593
2593 498 2598
6
1686 310 283
283 443 2962
2962 2396 1347
1347 1768 1399
1399 4884 2293
2293 1438 2598
6
1686 318 1912
1912 2672 1406
1406 5 2071
2071 1375 2165
2165 3878 2884
2884 785 2598
6
1686 319 2701
2701 258 2656
2656 5357 1100
1100 7734 1663
1663 4838 456
456 3004 2598
6
1686 331 779
779 6079 2253
2253 860 2547
2547 8218 79
79 1191 930
930 1954 2598
6
1686 336 1681
1681 7556 2984
2984 842 664
664 6146 672
672 6874 756
756 4730 2598
6
1686 343 465
465 2194 2865
2865 3969 1534
1534 1636 2317
2317 1774 2918
2918 5093 2598
6
1686 344 537
537 812 1794
1794 6686 379
379 955 2488
2488 2420 1032
1032 2918 2598
6
1686 349 796
796 4925 2521
2521 1812 190
190 94 782
782 235 754
754 374 2598
6
1686 353 947
947 1220 1880
1880 248 2853
2853 5711 1783
1783 254 2291
2291 912 2598
6
1686 361 2124
2124 4229 2234
2234 7194 722
722 5301 1229
1229 7010 513
513 4 2598
6
1686 371 2483
2483 8029 1981
1981 7332 1552
1552 7351 1782
1782 855 2828
2828 626 2598
6
1686 372 1549
1549 8317 2018
2018 3757 1239
1239 2495 2284
2284 5344 1864
1864 610 2598
6
1686 376 2149
2149 4966 433
433 1058 1392
1392 333 922
922 2939 446
446 1548 2598
6
1686 385 645
645 149 2953
2953 5278 1933
1933 592 1117
1117 5080 2750
2750 4549 2598
6
1686 395 2470
2470 199 931
931 4430 1849
1849 1464 1539
1539 4203 808
808 1656 2598
6
1686 402 1254
1254 5062 896
896 6435 2792
2792 5777 2097
2097 5883 2590
2590 330 2598
6
1686 412 126
126 7817 778
778 4999 2770
2770 5707 972
972 9100 377
377 2959 2598
6
1686 427 1224
1224 2561 2415
2415 7821 1258
1258 6446 1700
1700 3139 1708
1708 3302 2598
6
1686 430 102
102 2598 1584
1584 5662 1449
1449 1472 2332
2332 5290 378
378 2851 2598
6
1686 431 269
269 3173 2275
2275 3291 172
172 6222 2061
2061 1261 2537
2537 1553 2598
6
1686 433 87
87 1 2754
2754 183 2587
2587 8917 2804
2804 598 103
103 2365 2598
6
1686 436 1824
1824 120 1803
1803 950 1762
1762 3549 1779
1779 4913 2926
2926 6500 2598
6
1686 438 2622
2622 872 2956
2956 821 143
143 3200 233
233 4302 1137
1137 141 2598
6
1686 450 2964
2964 6450 2475
2475 9103 2323
2323 3306 273
273 2555 1113
1113 2422 2598
6
1686 452 1440
1440 4179 1592
1592 853 661
661 7809 39
39 5513 97
97 1189 2598
6
1686 454 157
157 1633 1459
1459 332 198
198 4349 1587
1587 1437 2951
2951 130 2598
6
1686 460 74
74 237 1232
1232 5411 360
360 2347 615
615 1861 323
323 118 2598
6
1686 465 795
795 455 2695
2695 503 2198
2198 3738 1875
1875 1503 1617
1617 1378 2598
6
1686 466 649
649 3990 2304
2304 187 2493
2493 5791 1250
1250 895 2427
2427 1198 2598
6
1686 473 634
634 8333 35
35 8991 414
414 536 1630
1630 4817 1285
1285 1749 2598
6
1686 478 1570
1570 774 956
956 5129 1208
1208 1436 982
982 4544 231
231 2567 2598
6
1686 486 2263
2263 4078 883
883 3715 1514
1514 1128 10
10 1264 873
873 1208 2598
6
1686 489 865
865 971 2259
2259 1715 690
690 7677 64
64 1361 372
372 2583 2598
6
1686 490 1863
1863 4664 2653
2653 1758 608
608 5315 2246
2246 8358 53
53 1763 2598
6
1686 497 512
512 3038 1393
1393 90 1360
1360 5877 84
84 5995 694
694 449 2598
6
1686 499 355
355 679 2705
2705 4790 230
230 3600 2528
2528 1833 2636
2636 375 2598
6
1686 507 553
553 7305 695
695 3923 327
327 6904 1414
1414 242 687
687 826 2598
6
1686 508 2417
2417 7560 1856
1856 2141 1419
1419 322 990
990 8241 2337
2337 1552 2598
6
1686 514 736
736 6254 2204
2204 2993 394
394 1473 1076
1076 710 63
63 236 2598
6
1686 523 2267
2267 596 723
723 8115 2791
2791 3899 995
995 6344 187
187 3948 2598
6
1686 530 1484
1484 72 1238
1238 4458 1044
1044 6721 524
524 8637 517
517 4018 2598
6
1686 537 2254
2254 622 2677
2677 8139 926
926 8847 2759
2759 5778 777
777 4531 2598
6
1686 538 2569
2569 1056 2990
2990 3582 2678
2678 1215 1881
1881 1995 500
500 4429 2598
6
1686 550 1346
1346 6436 2936
2936 980 2875
2875 4218 618
618 2983 1722
1722 1087 2598
6
1686 554 1860
1860 4934 1855
1855 8617 819
819 8613 1311
1311 3451 2208
2208 2165 2598
6
1686 558 1118
1118 7691 1702
1702 2191 124
124 3474 56
56 7740 60
60 3011 2598
6
1686 559 424
424 6239 1923
1923 9110 1556
1556 1650 2220
2220 5095 748
748 134 2598
6
1686 562 1053
1053 4525 1925
1925 3526 2712
2712 6949 2725
2725 5284 384
384 4984 2598
6
1686 568 1481
1481 5630 936
936 3766 392
392 1022 2019
2019 3012 1145
1145 1133 2598
6
1686 574 844
844 1160 475
475 8145 2765
2765 5265 929
929 2269 633
633 2630 2598
6
1686 576 184
184 2633 1647
1647 5842 2970
2970 4895 1781
1781 1638 2022
2022 1424 2598
6
1686 580 601
601 7294 1333
1333 8197 2033
2033 3840 2536
2536 5724 130
130 1670 2598
6
1686 588 2045
2045 1200 403
403 1420 445
445 5220 2407
2407 3056 267
267 1291 2598
6
1686 591 2864
2864 2506 556
556 6908 2901
2901 7995 2392
2392 2185 1013
1013 407 2598
6
1686 594 38
38 1085 1857
1857 1915 953
953 2624 65
65 2154 306
306 2340 2598
6
1686 614 2716
2716 2317 2855
2855 2429 837
837 8731 474
474 4527 2526
2526 447 2598
6
1686 617 2017
2017 3853 2665
2665 3297 2686
2686 3122 1926
1926 1012 1994
1994 3957 2598
6
1686 618 1989
1989 403 439
439 1848 1396
1396 8506 1921
1921 2914 2680
2680 4082 2598
6
1686 623 1661
1661 761 1600
1600 2730 303
303 1238 52
52 5379 1198
1198 334 2598
6
1686 627 2055
2055 502 2873
2873 6116 1058
1058 7811 1635
1635 6441 332
332 1103 2598
6
1686 644 1900
1900 4207 1984
1984 4482 654
654 7205 2606
2606 8456 2570
2570 2311 2598
6
1686 645 2408
2408 3247 751
751 3592 371
371 8846 1820
1820 1242 1940
1940 4986 2598
6
1686 647 1079
1079 5090 2262
2262 2906 2655
2655 3930 1211
1211 2920 877
877 2591 2598
6
1686 651 2906
2906 5145 1293
1293 1614 1201
1201 1655 2100
2100 60 2812
2812 347 2598
6
1686 655 996
996 6058 2825
2825 2817 54
54 786 2661
2661 7839 823
823 4536 2598
6
1686 656 801
801 4952 2545
2545 324 96
96 3109 2885
2885 8127 2348
2348 3206 2598
6
1686 657 1331
1331 7120 993
993 2524 1412
1412 631 2833
2833 1356 1876
1876 1760 2598
6
1686 674 1415
1415 4091 1839
1839 8745 1342
1342 5921 2961
2961 8601 2710
2710 3043 2598
6
1686 675 18
18 5607 2247
2247 5295 1166
1166 4122 684
684 1675 2542
2542 4298 2598
6
1686 676 2154
2154 2523 2915
2915 1099 2452
2452 9063 1545
1545 8763 193
193 700 2598
6
1686 684 2662
2662 3413 1202
1202 205 1714
1714 7562 882
882 1720 1909
1909 8496 2598
6
1686 689 740
740 2582 2592
2592 4990 1105
1105 5979 765
765 719 2264
2264 900 2598
6
1686 697 2708
2708 1376 515
515 2498 701
701 543 2459
2459 4669 1080
1080 4068 2598
6
1686 702 1364
1364 2925 484
484 7543 2498
2498 7893 1695
1695 2018 904
904 1857 2598
6
1686 704 1355
1355 6130 2727
2727 3686 411
411 4364 339
339 1642 593
593 4042 2598
6
1686 737 2121
2121 5954 1868
1868 1229 1631
1631 6126 747
747 4776 1805
1805 2684 2598
6
1686 739 2295
2295 5837 1317
1317 3208 194
194 2170 1193
1193 73 1150
1150 992 2598
6
1686 742 2574
2574 4088 1742
1742 1336 279
279 284 899
899 3976 1680
1680 2142 2598
6
1686 749 1953
1953 8964 2008
2008 1772 2697
2697 7619 2868
2868 4225 2274
2274 102 2598
6
1686 753 1758
1758 3609 1161
1161 8108 298
298 1244 122
122 1217 1469
1469 139 2598
6
1686 754 1692
1692 1625 2114
2114 5059 1764
1764 711 866
866 2435 2145
2145 5888 2598
6
1686 755 1569
1569 8772 359
359 7844 912
912 960 967
967 2715 1811
1811 2886 2598
6
1686 758 1628
1628 2155 2561
2561 641 1978
1978 8343 957
957 1662 1374
1374 1754 2598
6
1686 766 1524
1524 1009 2838
2838 3589 234
234 8644 2244
2244 3950 1289
1289 1607 2598
6
1686 776 2878
2878 4351 848
848 257 2403
2403 7646 1834
1834 1663 11
11 5768 2598
6
1686 777 1673
1673 3847 405
405 2833 914
914 1666 2585
2585 456 2523
2523 1316 2598
6
1686 779 1788
1788 2694 380
380 8580 1203
1203 741 302
302 3332 1594
1594 579 2598
6
1686 781 318
318 3023 1262
1262 5277 22
22 384 2049
2049 1912 1034
1034 2831 2598
6
1686 783 955
955 5163 1980
1980 8461 1597
1597 8336 2242
2242 1585 1024
1024 1355 2598
6
1686 787 2546
2546 5886 220
220 1579 785
785 7016 1873
1873 6243 533
533 2623 2598
6
1686 791 2755
2755 6177 919
919 566 1259
1259 1276 1508
1508 6673 1124
1124 794 2598
6
1686 792 207
207 3377 2228
2228 891 1806
1806 4174 435
435 260 82
82 70 2598
6
1686 795 2848
2848 1732 2531
2531 8005 2904
2904 1815 494
494 2986 1735
1735 659 2598
6
1686 797 939
939 3153 2877
2877 6391 2442
2442 8112 745
745 4151 2013
2013 6694 2598
6
1686 801 1888
1888 6711 2098
2098 4020 552
552 2527 2199
2199 3029 1474
1474 3007 2598
6
1686 804 2229
2229 4791 1494
1494 2497 2914
2914 6986 2728
2728 808 2301
2301 628 2598
6
1686 815 871
871 5719 293
293 4443 232
232 7298 419
419 8552 1181
1181 3780 2598
6
1686 831 113
113 476 1894
1894 703 536
536 2522 2604
2604 2265 1870
1870 1396 2598
6
1686 840 1920
1920 1497 2040
2040 2677 2583
2583 2190 1787
1787 1286 1760
1760 267 2598
6
1686 845 2123
2123 408 2326
2326 2175 2153
2153 5994 1305
1305 7960 2356
2356 3876 2598
6
1686 867 1312
1312 406 2489
2489 8820 1426
1426 5968 1596
1596 7783 1973
1973 2754 2598
6
1686 870 1326
1326 3845 2963
2963 3936 2297
2297 2949 1092
1092 3391 2094
2094 7838 2598
6
1686 878 2481
2481 8430 2834
2834 434 2162
2162 392 2737
2737 1329 393
393 6010 2598
6
1686 887 792
792 4847 43
43 1996 1420
1420 1421 1602
1602 8357 2133
2133 1275 2598
6
1686 897 469
469 8493 2714
2714 2153 774
774 1900 2221
2221 6089 1726
1726 888 2598
6
1686 898 336
336 736 123
123 3253 833
833 2182 2898
2898 828 1340
1340 3756 2598
6
1686 905 2500
2500 7080 1154
1154 3961 2876
2876 3403 1498
1498 3113 1885
1885 1131 2598
6
1686 908 1086
1086 4854 86
86 29 1341
1341 3578 1179
1179 7262 192
192 1467 2598
6
1686 927 95
95 714 1624
1624 2097 1471
1471 635 2203
2203 5529 727
727 4572 2598
6
1686 930 2793
2793 3354 353
353 5407 2325
2325 5200 2534
2534 4387 2163
2163 2453 2598
6
1686 937 136
136 706 1379
1379 5107 165
165 5212 2379
2379 2239 1987
1987 2279 2598
6
1686 946 2400
2400 428 1891
1891 4144 2897
2897 6083 1152
1152 6124 450
450 904 2598
6
1686 970 2455
2455 701 2799
2799 3468 2883
2883 6980 864
864 5326 2807
2807 1631 2598
6
1686 983 2191
2191 573 395
395 7119 2399
2399 1694 1890
1890 1043 862
862 77 2598
6
1686 988 1037
1037 1835 715
715 7812 1457
1457 4576 693
693 7473 2983
2983 5061 2598
6
1686 1004 482
482 7933 1284
1284 2673 189
189 31 2344
2344 1698 2421
2421 981 2598
6
1686 1006 1658
1658 1428 2514
2514 6482 1404
1404 7112 596
596 519 2554
2554 2290 2598
6
1686 1017 2383
2383 9077 2117
2117 1341 2673
2673 5502 2174
2174 2640 977
977 634 2598
6
1686 1020 2150
2150 3190 1206
1206 732 741
741 782 1365
1365 584 2552
2552 2299 2598
6
1686 1026 1520
1520 1127 1450
1450 3293 2610
2610 1744 1802
1802 2111 2479
2479 3067 2598
6
1686 1048 313
313 2193 181
181 6457 2706
2706 1951 1707
1707 7481 2522
2522 1922 2598
6
1686 1060 409
409 3932 968
968 7961 2633
2633 4643 1515
1515 4502 1992
1992 2352 2598
6
1686 1063 2360
2360 2931 1008
1008 6700 1372
1372 65 99
99 928 266
266 4475 2598
6
1686 1079 70
70 7674 952
952 1510 467
467 4823 1640
1640 734 2774
2774 3557 2598
6
1686 1080 978
978 2222 954
954 9043 1477
1477 2394 2306
2306 5916 2361
2361 807 2598
6
1686 1081 1899
1899 2148 2824
2824 4212 1327
1327 3519 1816
1816 8849 655
655 81 2598
6
1686 1094 735
735 6408 2276
2276 4215 2600
2600 8947 1971
1971 1672 2456
2456 59 2598
6
1686 1097 1542
1542 6696 2224
2224 3661 659
659 2127 560
560 35 1316
1316 4061 2598
6
1686 1106 1171
1171 1010 1734
1734 1757 2831
2831 1196 2420
2420 1945 334
334 7553 2598
6
1686 1108 714
714 23 2932
2932 8391 229
229 2811 309
309 327 2144
2144 668 2598
6
1686 1120 1564
1564 7641 24
24 494 2371
2371 173 428
428 5646 1727
1727 2081 2598
6
1686 1122 2621
2621 6028 997
997 6688 2497
2497 1265 1237
1237 2501 2722
2722 4586 2598
6
1686 1129 150
150 2525 986
986 6355 2474
2474 1297 587
587 3221 942
942 5140 2598
6
1686 1137 1278
1278 1068 653
653 2437 815
815 5974 2294
2294 3781 2651
2651 6316 2598
6
1686 1153 1949
1949 3098 444
444 5947 1072
1072 6970 226
226 7378 2318
2318 1545 2598
6
1686 1155 1951
1951 7932 2887
2887 619 1322
1322 7667 549
549 793 710
710 2173 2598
6
1686 1159 624
624 2177 2927
2927 1491 1507
1507 2682 1403
1403 6534 314
314 2503 2598
6
1686 1166 2085
2085 4727 1310
1310 3850 1078
1078 3649 666
666 5439 2205
2205 772 2598
6
1686 1173 1051
1051 1294 2515
2515 1251 2334
2334 3970 2879
2879 923 1621
1621 913 2598
6
1686 1176 2179
2179 5492 44
44 1731 2175
2175 2174 1961
1961 7970 1462
1462 2159 2598
6
1686 1185 1555
1555 4949 1546
1546 1292 2778
2778 925 962
962 4421 244
244 148 2598
6
1686 1197 2109
2109 1584 344
344 1986 2818
2818 2055 1567
1567 2879 351
351 4439 2598
6
1686 1203 2127
2127 2981 294
294 3636 1061
1061 1256 763
763 3168 2050
2050 3665 2598
6
1686 1222 577
577 4060 2495
2495 2798 1793
1793 1419 2958
2958 5936 2080
2080 4442 2598
6
1686 1226 245
245 7928 304
304 991 1729
1729 5192 1359
1359 5550 1126
1126 875 2598
6
1686 1239 2842
2842 1211 1832
1832 1057 1261
1261 3716 1878
1878 5457 821
821 3068 2598
6
1686 1240 2863
2863 2895 2576
2576 8853 1486
1486 3915 416
416 5835 270
270 1072 2598
6
1686 1249 1866
1866 2351 514
514 548 1460
1460 2462 530
530 1024 1919
1919 193 2598
6
1686 1270 2508
2508 2788 149
149 8470 1503
1503 7637 134
134 8286 2091
2091 751 2598
6
1686 1278 2811
2811 4138 994
994 5467 1381
1381 6354 2619
2619 6449 551
551 1836 2598
6
1686 1284 1644
1644 174 1847
1847 2372 2830
2830 396 1368
1368 6545 1485
1485 1142 2598
6
1686 1302 2302
2302 4763 2742
2742 5289 2756
2756 3252 1575
1575 1055 2694
2694 355 2598
6
1686 1305 2965
2965 9 2764
2764 6252 1189
1189 3301 117
117 5101 1674
1674 5219 2598
6
1686 1317 2401
2401 8431 2056
2056 2835 2398
2398 542 2785
2785 4332 2609
2609 342 2598
6
1686 1322 2975
2975 3523 1843
1843 3790 2666
2666 4815 2177
2177 2254 2480
2480 5789 2598
6
1686 1325 171
171 6053 1954
1954 6782 1804
1804 2745 2533
2533 3972 2053
2053 2924 2598
6
1686 1328 683
683 8712 258
258 1610 518
518 2067 1650
1650 1016 2679
2679 5637 2598
6
1686 1331 1769
1769 6201 2844
2844 2785 2216
2216 4844 1174
1174 7261 1172
1172 654 2598
6
1686 1349 831
831 9027 1157
1157 9067 1558
1558 4738 2346
2346 4034 1993
1993 185 2598
6
1686 1357 199
199 188 895
895 2419 1127
1127 3648 814
814 7240 2176
2176 4025 2598
6
1686 1358 158
158 4002 1263
1263 3506 1463
1463 2565 1290
1290 8710 221
221 1287 2598
6
1686 1363 1688
1688 3164 154
154 475 2786
2786 4965 202
202 202 2845
2845 3886 2598
6
1686 1367 278
278 1011 57
57 2861 133
133 4683 2458
2458 2308 115
115 1162 2598
6
1686 1391 1766
1766 7694 489
489 9030 2152
2152 1487 816
816 8554 545
545 5528 2598
6
1686 1407 1543
1543 1821 706
706 2774 260
260 268 817
817 1788 2086
2086 3615 2598
6
1686 1410 949
949 4565 2286
2286 6754 1487
1487 7385 2519
2519 2384 1148
1148 2284 2598
6
1686 1411 1280
1280 3662 1380
1380 345 1209
1209 66 1504
1504 339 2192
2192 2022 2598
6
1686 1445 2880
2880 692 1291
1291 5013 2307
2307 5306 2663
2663 5272 2866
2866 445 2598
6
1686 1447 720
720 370 2995
2995 3855 734
734 7940 1083
1083 5692 1386
1386 3682 2598
6
1686 1454 2943
2943 539 1233
1233 45 366
366 369 2674
2674 7065 2288
2288 2885 2598
6
1686 1463 1016
1016 2915 73
73 6328 1309
1309 2653 2404
2404 2253 2930
2930 1326 2598
6
1686 1468 1452
1452 4381 1056
1056 6033 498
498 9150 509
509 1280 2373
2373 3041 2598
6
1686 1469 583
583 411 2411
2411 7139 1500
1500 3530 636
636 6038 2451
2451 2751 2598
6
1686 1478 507
507 5557 1705
1705 8404 83
83 2982 1853
1853 4065 120
120 2932 2598
6
1686 1481 2734
2734 2321 1883
1883 7500 381
381 6437 1901
1901 3927 1400
1400 3318 2598
6
1686 1486 1240
1240 883 174
174 6932 1637
1637 6650 1085
1085 2898 1265
1265 561 2598
6
1686 1498 1972
1972 6776 2882
2882 6195 874
874 5816 911
911 6474 2357
2357 1304 2598
6
1686 1513 2477
2477 4820 2607
2607 4729 1149
1149 424 45
45 4290 1886
1886 32 2598
6
1686 1516 2449
2449 1224 948
948 3634 357
357 7381 1325
1325 4819 1960
1960 2049 2598
6
1686 1534 886
886 6605 2450
2450 5339 858
858 3110 201
201 5162 1230
1230 5327 2598
6
1686 1541 250
250 3986 2439
2439 4385 1178
1178 2010 1913
1913 1789 485
485 3050 2598
6
1686 1543 156
156 9000 492
492 1458 1561
1561 4216 2527
2527 3430 255
255 4198 2598
6
1686 1555 1377
1377 7713 1934
1934 27 739
739 8170 589
589 6418 1225
1225 5422 2598
6
1686 1564 1424
1424 977 766
766 7610 721
721 2568 2548
2548 1047 2135
2135 2927 2598
6
1686 1565 1775
1775 4142 2207
2207 1044 2381
2381 771 1281
1281 7302 1877
1877 744 2598
6
1686 1569 2024
2024 2256 1898
1898 8512 1473
1473 8836 98
98 4617 640
640 246 2598
6
1686 1583 2183
2183 6255 2524
2524 5817 2724
2724 4740 1018
1018 2547 647
647 990 2598
6
1686 1591 2741
2741 5663 2852
2852 8533 1443
1443 6499 252
252 7867 407
407 226 2598
6
1686 1608 716
716 8439 208
208 5440 21
21 2521 1408
1408 337 1560
1560 373 2598
6
1686 1623 718
718 6069 1831
1831 6310 2862
2862 1795 2913
2913 8453 169
169 3655 2598
6
1686 1641 2142
2142 5929 1328
1328 5054 1590
1590 547 1301
1301 3712 626
626 1649 2598
6
1686 1644 183
183 482 2575
2575 1340 312
312 5447 2835
2835 3314 1247
1247 709 2598
6
1686 1647 531
531 5285 1551
1551 3100 1444
1444 1837 2007
2007 1742 1798
1798 282 2598
6
1686 1661 554
554 1693 2041
2041 3731 1151
1151 8064 2021
2021 5436 2743
2743 1309 2598
6
1686 1665 94
94 2456 2147
2147 8862 980
980 911 2711
2711 1818 547
547 1014 2598
6
1686 1691 1668
1668 6125 2760
2760 4538 341
341 8674 1748
1748 4115 842
842 1077 2598
6
1686 1696 1439
1439 3095 1884
1884 9169 2386
2386 1615 1207
1207 5497 1999
1999 1246 2598
6
1686 1704 1946
1946 3737 2446
2446 6054 946
946 7594 1004
1004 3395 2847
2847 292 2598
6
1686 1716 744
744 1874 2336
2336 3762 1844
1844 437 262
262 2065 2982
2982 1003 2598
6
1686 1724 571
571 5980 2967
2967 4241 1720
1720 4518 316
316 7572 2657
2657 1114 2598
6
1686 1728 588
588 93 321
321 2242 2563
2563 3091 2566
2566 6825 713
713 4069 2598
6
1686 1733 699
699 1023 2310
2310 1550 2194
2194 738 1345
1345 5195 2821
2821 1775 2598
6
1686 1735 2952
2952 2856 2556
2556 5434 1725
1725 1406 2957
2957 5461 623
623 4875 2598
6
1686 1738 286
286 6106 1028
1028 7652 212
212 8775 662
662 7486 46
46 5684 2598
6
1686 1741 2257
2257 8221 1745
1745 3228 25
25 5754 284
284 4053 764
764 4796 2598
6
1686 1773 1098
1098 5120 981
981 1718 242
242 487 2239
2239 142 346
346 1535 2598
6
1686 1776 1320
1320 7179 2816
2816 4888 2899
2899 7001 1204
1204 985 479
479 2766 2598
6
1686 1791 1568
1568 6274 217
217 7703 1612
1612 6833 2057
2057 6640 920
920 360 2598
6
1686 1816 580
580 1962 1955
1955 6231 1606
1606 3989 289
289 3422 1922
1922 1059 2598
6
1686 1819 2850
2850 1771 803
803 7363 2772
2772 919 2113
2113 6385 219
219 1370 2598
6
1686 1831 2036
2036 1850 1510
1510 3127 2460
2460 932 762
762 64 784
784 5831 2598
6
1686 1834 1338
1338 7785 909
909 2664 1088
1088 7004 2667
2667 6064 829
829 415 2598
6
1686 1839 1603
1603 4602 1706
1706 1343 2520
2520 2494 2146
2146 7143 1785
1785 2196 2598
6
1686 1840 1967
1967 386 1131
1131 7434 1969
1969 5860 2954
2954 1722 1436
1436 5097 2598
6
1686 1860 1089
1089 5608 1654
1654 8595 1432
1432 7716 2065
2065 2551 1948
1948 3753 2598
6
1686 1875 2948
2948 564 692
692 4114 771
771 2514 1670
1670 8423 1723
1723 832 2598
6
1686 1887 2158
2158 2802 907
907 8935 582
582 7639 1565
1565 4559 1186
1186 2807 2598
6
1686 1898 2934
2934 296 478
478 1659 2608
2608 5268 2202
2202 1031 2780
2780 1726 2598
6
1686 1908 1746
1746 2732 1182
1182 5683 2258
2258 5263 1634
1634 1803 1252
1252 4196 2598
6
1686 1924 2944
2944 2812 85
85 8066 235
235 1435 1429
1429 2887 799
799 3187 2598
6
1686 1926 322
322 3178 1862
1862 2247 617
617 2729 961
961 534 1196
1196 4051 2598
6
1686 1934 2011
2011 3730 1712
1712 7031 1789
1789 2362 2903
2903 7521 2292
2292 1957 2598
6
1686 1936 483
483 5276 2689
2689 8295 248
248 7189 1451
1451 1873 753
753 1746 2598
6
1686 1937 1438
1438 7045 2161
2161 5678 447
447 3209 2278
2278 1431 1988
1988 2799 2598
6
1686 1950 2015
2015 5645 2648
2648 7064 505
505 5865 109
109 206 61
61 4566 2598
6
1686 1963 2237
2237 1695 179
179 6991 1532
1532 208 2309
2309 7711 772
772 516 2598
6
1686 1964 382
382 1705 1506
1506 4658 129
129 4483 1070
1070 321 2418
2418 1674 2598
6
1686 1984 927
927 338 2518
2518 3505 934
934 3156 1277
1277 1782 2704
2704 180 2598
6
1686 1988 2817
2817 8067 564
564 5763 41
41 2357 2713
2713 8884 1175
1175 6240 2598
6
1686 1989 1114
1114 414 1129
1129 2292 1698
1698 5729 2974
2974 6377 1187
1187 773 2598
6
1686 1992 643
643 2601 2719
2719 841 1038
1038 106 2624
2624 2854 1759
1759 593 2598
6
1686 2001 2260
2260 8795 2063
2063 7330 570
570 4655 2632
2632 2650 1812
1812 3928 2598
6
1686 2006 1711
1711 492 2035
2035 4583 2039
2039 8743 2028
2028 7217 557
557 320 2598
6
1686 2008 227
227 8622 2867
2867 4973 1020
1020 7422 2976
2976 5723 1428
1428 2398 2598
6
1686 2012 2395
2395 3229 658
658 3432 1294
1294 7027 1192
1192 4624 2201
2201 274 2598
6
1686 2014 598
598 8087 876
876 2738 813
813 2639 437
437 638 88
88 1405 2598
6
1686 2047 2738
2738 4686 2235
2235 9051 2931
2931 1867 434
434 1975 2120
2120 686 2598
6
1686 2053 118
118 1459 924
924 4377 1251
1251 7789 2805
2805 877 1979
1979 3577 2598
6
1686 2061 1697
1697 5085 2980
2980 2183 37
37 86 989
989 2179 2740
2740 4367 2598
6
1686 2074 1938
1938 7915 1636
1636 3478 1931
1931 3133 868
868 4454 1947
1947 2537 2598
6
1686 2077 496
496 557 637
637 7399 1073
1073 5403 2211
2211 2823 2779
2779 3652 2598
6
1686 2088 1387
1387 2724 145
145 1225 2178
2178 5444 822
822 6953 1437
1437 57 2598
6
1686 2089 969
969 4953 1141
1141 5760 668
668 160 442
442 7210 2525
2525 1035 2598
6
1686 2092 2032
2032 6455 2093
2093 9124 1836
1836 6381 488
488 1113 2155
2155 1888 2598
6
1686 2109 2062
2062 5178 1835
1835 3642 2788
2788 918 2081
2081 6759 2213
2213 2345 2598
6
1686 2112 2795
2795 7754 951
951 1201 2052
2052 283 2721
2721 825 1897
1897 4469 2598
6
1686 2119 1929
1929 3955 2385
2385 2059 519
519 6421 396
396 3419 319
319 6076 2598
6
1686 2125 2836
2836 2130 1295
1295 3863 2390
2390 5256 1540
1540 2655 565
565 3417 2598
6
1686 2135 2023
2023 6564 824
824 3905 2378
2378 8902 1607
1607 4119 644
644 3677 2598
6
1686 2136 2685
2685 3016 2937
2937 3740 2313
2313 6141 1417
1417 6286 770
770 3452 2598
6
1686 2138 2490
2490 7725 1373
1373 4046 1248
1248 9134 2744
2744 4611 2350
2350 848 2598
6
1686 2139 2971
2971 871 1465
1465 5969 1456
1456 1350 1279
1279 7987 477
477 862 2598
6
1686 2167 1430
1430 3440 2501
2501 8409 1893
1893 7708 12
12 1111 2549
2549 2857 2598
6
1686 2188 343
343 3775 1813
1813 1616 257
257 7003 1591
1591 4512 2380
2380 3006 2598
6
1686 2219 1467
1467 2252 1010
1010 8887 2989
2989 5667 1777
1777 4929 2761
2761 2496 2598
6
1686 2233 2996
2996 969 2090
2090 2700 1728
1728 42 1830
1830 4899 1924
1924 1646 2598
6
1686 2248 2601
2601 5158 2372
2372 2722 499
499 3154 889
889 5207 1017
1017 1817 2598
6
1686 2250 2627
2627 7321 281
281 4803 2801
2801 1946 2700
2700 9166 2002
2002 3860 2598
6
1686 2251 2461
2461 2669 1269
1269 329 391
391 5354 1448
1448 581 1521
1521 1813 2598
6
1686 2260 1799
1799 943 2543
2543 2805 1298
1298 705 481
481 96 932
932 4038 2598
6
1686 2261 2482
2482 6139 592
592 7420 328
328 5755 568
568 1706 1530
1530 103 2598
6
1686 2262 2444
2444 1708 1774
1774 6429 2739
2739 8838 1945
1945 4762 1006
1006 2444 2598
6
1686 2263 1039
1039 468 2328
2328 2657 415
415 966 1300
1300 2876 2709
2709 575 2598
6
1686 2267 2854
2854 8926 667
667 3748 2827
2827 8837 295
295 2073 635
635 1844 2598
6
1686 2275 1604
1604 4775 2938
2938 5293 2397
2397 4244 534
534 2883 555
555 2452 2598
6
1686 2293 1350
1350 861 737
737 4273 1904
1904 5197 1132
1132 1753 1638
1638 506 2598
6
1686 2296 205
205 256 828
828 3428 1579
1579 2342 1739
1739 6077 2261
2261 5116 2598
6
1686 2305 1461
1461 2609 2949
2949 2331 1362
1362 5531 2364
2364 1141 2282
2282 707 2598
6
1686 2316 1357
1357 7513 1162
1162 3545 2960
2960 50 595
595 6813 893
893 1854 2598
6
1686 2322 2994
2994 5198 1123
1123 4825 702
702 4867 1761
1761 5067 2402
2402 6512 2598
6
1686 2324 1212
1212 56 216
216 1864 566
566 1832 1956
1956 5520 1795
1795 2518 2598
6
1686 2335 2343
2343 128 2283
2283 1345 891
891 1315 708
708 909 2250
2250 962 2598
6
1686 2350 486
486 4807 2084
2084 4263 365
365 7810 1236
1236 8972 310
310 3534 2598
6
1686 2374 1547
1547 7222 2797
2797 8503 2749
2749 6428 1257
1257 2117 490
490 2400 2598
6
1686 2383 2168
2168 423 1626
1626 6350 1223
1223 5644 1480
1480 4124 240
240 3201 2598
6
1686 2385 2327
2327 2195 2715
2715 7207 329
329 3595 998
998 1342 937
937 4560 2598
6
1686 2387 987
987 8656 1852
1852 2306 915
915 3559 2457
2457 261 388
388 6005 2598
6
1686 2399 2687
2687 3217 711
711 7315 2945
2945 5521 2029
2029 5960 2752
2752 224 2598
6
1686 2403 167
167 3448 1907
1907 232 1694
1694 7368 944
944 6587 1818
1818 1254 2598
6
1686 2413 846
846 4355 1693
1693 1568 597
597 459 2910
2910 7547 462
462 1193 2598
6
1686 2418 613
613 8198 791
791 2249 769
769 8053 2614
2614 2970 1234
1234 778 2598
6
1686 2425 263
263 8521 1678
1678 902 2034
2034 1008 62
62 2855 2729
2729 2946 2598
6
1686 2439 1470
1470 8306 1045
1045 230 1959
1959 3939 2424
2424 7097 657
657 1671 2598
6
1686 2458 663
663 5560 1653
1653 2793 2321
2321 8910 457
457 2776 400
400 2011 2598
6
1686 2461 307
307 3325 3
3 1643 1910
1910 4692 454
454 8747 224
224 3998 2598
6
1686 2474 1757
1757 528 249
249 4312 2631
2631 110 985
985 1381 1671
1671 2560 2598
6
1686 2475 32
32 677 2595
2595 731 2374
2374 3583 1553
1553 7218 2004
2004 346 2598
6
1686 2476 2991
2991 7044 1218
1218 5948 641
641 5205 2139
2139 7624 540
540 1517 2598
6
1686 2481 1120
1120 8497 1537
1537 6974 760
760 8107 579
579 4970 2478
2478 549 2598
6
1686 2539 503
503 4524 75
75 3086 1330
1330 4795 296
296 2585 1029
1029 383 2598
6
1686 2544 526
526 6448 1427
1427 4289 2532
2532 3270 352
352 323 2539
2539 589 2598
6
1686 2546 1405
1405 1827 2255
2255 1886 2365
2365 1460 1519
1519 5498 1502
1502 844 2598
6
1686 2553 1533
1533 901 2571
2571 5654 211
211 7901 1409
1409 3289 856
856 894 2598
6
1686 2557 2693
2693 2274 1963
1963 4191 2290
2290 7129 2668
2668 4642 1737
1737 308 2598
6
1686 2558 2173
2173 3469 2572
2572 8689 2638
2638 1554 20
20 6616 142
142 2003 2598
6
1686 2578 905
905 4370 256
256 5708 119
119 5073 528
528 2271 2589
2589 968 2598
6
1686 2584 2105
2105 5734 2268
2268 993 1957
1957 6856 2279
2279 7108 1965
1965 2218 2598
6
1686 2612 2849
2849 6041 2409
2409 84 591
591 393 1043
1043 1335 2151
2151 467 2598
6
1686 2616 1308
1308 6491 259
259 197 1941
1941 546 2138
2138 2520 925
925 8130 2598
6
1686 2619 1031
1031 567 1241
1241 6190 107
107 3080 2076
2076 6514 2684
2684 3773 2598
6
1686 2621 2557
2557 3149 2559
2559 3650 2698
2698 1293 1084
1084 1606 1064
1064 4050 2598
6
1686 2642 818
818 340 2560
2560 4314 642
642 8446 851
851 3618 2394
2394 5114 2598
6
1686 2644 1677
1677 8039 1216
1216 6264 280
280 159 908
908 1684 2912
2912 1013 2598
6
1686 2645 210
210 1323 1736
1736 5400 1134
1134 6595 66
66 7722 839
839 362 2598
6
1686 2651 2099
2099 9044 835
835 7375 1905
1905 6100 678
678 479 2027
2027 997 2598
6
1686 2656 2929
2929 58 2683
2683 8985 1447
1447 3129 2077
2077 2665 1559
1559 1511 2598
6
1686 2658 2382
2382 1126 1865
1865 6011 1585
1585 7374 1665
1665 4951 2167
2167 929 2598
6
1686 2676 2331
2331 4030 1464
1464 866 1826
1826 7535 1495
1495 5406 502
502 3296 2598
6
1686 2690 128
128 1626 2054
2054 7345 2640
2640 5922 757
757 8810 2580
2580 1653 2598
6
1686 2703 1292
1292 5233 532
532 7709 2345
2345 3117 963
963 2800 2682
2682 221 2598
6
1686 2707 1939
1939 4821 2186
2186 688 222
222 7671 1889
1889 3571 2143
2143 2223 2598
6
1686 2712 758
758 5431 619
619 3857 1998
1998 653 333
333 2443 918
918 6300 2598
6
1686 2714 2296
2296 2161 468
468 2338 965
965 1327 1699
1699 7203 2800
2800 3141 2598
6
1686 2733 1827
1827 921 2939
2939 1483 1837
1837 7406 863
863 5350 2068
2068 1980 2598
6
1686 2736 1573
1573 8262 783
783 994 2429
2429 4392 2784
2784 2310 2671
2671 521 2598
6
1686 2782 2
2 3453 586
586 640 2966
2966 98 2516
2516 3546 1578
1578 850 2598
6
1686 2783 1103
1103 4881 1771
1771 2849 2148
2148 8618 878
878 8550 138
138 1457 2598
6
1686 2787 2106
2106 3542 1655
1655 2784 315
315 4983 1025
1025 565 2553
2553 961 2598
6
1686 2794 875
875 1403 2815
2815 9101 1718
1718 3405 974
974 4384 1314
1314 2172 2598
6
1686 2806 2347
2347 7466 2507
2507 69 959
959 6339 1850
1850 6388 127
127 1927 2598
6
1686 2809 1158
1158 421 2226
2226 6537 330
330 4171 1421
1421 6558 480
480 2058 2598
6
1686 2813 2573
2573 4186 2513
2513 4570 574
574 4987 186
186 520 902
902 1192 2598
6
1686 2814 2073
2073 5943 1097
1097 3601 2476
2476 6082 652
652 4596 900
900 3255 2598
6
1686 2826 2492
2492 252 311
311 4044 1191
1191 7820 55
55 6795 979
979 2597 2598
6
1686 2827 151
151 6378 338
338 2649 786
786 5578 2762
2762 2043 2946
2946 4508 2598
6
1686 2828 523
523 4621 2505
2505 7366 2860
2860 1105 51
51 6811 471
471 708 2598
6
1686 2832 2101
2101 7386 2075
2075 87 30
30 147 285
285 2200 2469
2469 5587 2598
6
1686 2870 1108
1108 1157 2315
2315 426 1622
1622 1624 1778
1778 5694 631
631 590 2598
6
1686 2871 1928
1928 1267 2787
2787 5225 811
811 1274 1491
1491 2491 2924
2924 3569 2598
6
1686 2899 368
368 1948 1112
1112 4197 1554
1554 5780 2299
2299 8651 2843
2843 1932 2598
6
1686 2907 834
834 7141 1356
1356 4135 31
31 7367 525
525 1401 1751
1751 716 2598
6
1686 2961 342
342 3763 2707
2707 1971 1007
1007 4322 2298
2298 1434 1513
1513 2943 2598
6
1686 2966 2341
2341 8673 622
622 7095 1050
1050 5011 2116
2116 481 17
17 1956 2598
6
1686 2976 325
325 6336 2826
2826 798 320
320 3768 1968
1968 4935 1060
1060 2099 2598
6
1686 2978 2227
2227 1241 2107
2107 3037 2156
2156 604 660
660 7404 888
888 108 2598
6
1686 2991 2443
2443 8273 1445
1445 571 2584
2584 4609 1776
1776 6882 125
125 3233 2598
6
1686 2995 2352
2352 5568 2942
2942 7527 2104
2104 253 970
970 965 2111
2111 168 2598
6
1686 3008 1334
1334 6196 2016
2016 1618 869
869 1064 337
337 6633 2095
2095 4585 2598
6
1686 3014 135
135 2987 2367
2367 3937 105
105 835 1168
1168 1983 2136
2136 95 2598
6
1686 3019 1466
1466 2445 495
495 3355 1605
1605 6131 1829
1829 4146 2324
2324 667 2598
6
1686 3033 1595
1595 1296 2649
2649 8702 1144
1144 7650 691
691 4057 767
767 357 2598
6
1686 3040 91
91 8663 2529
2529 9095 607
607 6724 1879
1879 2229 441
441 138 2598
6
1686 3052 2366
2366 1429 606
606 2593 2530
2530 6285 1902
1902 8960 9
9 3794 2598
6
1686 3054 2434
2434 6826 2840
2840 2688 1962
1962 22 287
287 3211 2504
2504 763 2598
6
1686 3061 2020
2020 3717 1538
1538 312 2654
2654 914 15
15 1312 611
611 6917 2598
6
1686 3064 4
4 7840 1002
1002 2614 543
543 3101 2562
2562 7370 1633
1633 1558 2598
6
1686 3077 406
406 4271 464
464 7756 2626
2626 6280 2509
2509 2283 2300
2300 151 2598
6
1686 3097 665
665 824 191
191 7050 1418
1418 3480 2335
2335 3237 2172
2172 3916 2598
6
1686 3125 1489
1489 7834 676
676 4337 520
520 4132 161
161 6318 2391
2391 470 2598
6
1686 3126 2377
2377 2221 840
840 2105 1397
1397 4988 1272
1272 7614 1066
1066 328 2598
6
1686 3137 2453
2453 7185 2641
2641 1611 538
538 5237 830
830 8124 1
1 2483 2598
6
1686 3146 2751
2751 2599 2190
2190 1104 755
755 4882 729
729 5615 2856
2856 3981 2598
6
1686 3148 527
527 79 1548
1548 8711 1754
1754 7264 1205
1205 4175 2251
2251 1784 2598
6
1686 3166 971
971 1125 2647
2647 9003 2646
2646 39 2535
2535 1209 704
704 1508 2598
6
1686 3182 223
223 3942 2000
2000 3313 1047
1047 275 669
669 1723 1376
1376 2773 2598
6
1686 3195 1846
1846 8688 2355
2355 4924 960
960 1865 2551
2551 8128 2599
2599 3005 2598
6
1686 3203 59
59 3728 612
612 4170 1033
1033 2967 2441
2441 7542 2731
2731 1949 2598
6
1686 3210 1499
1499 7585 1453
1453 6284 100
100 1692 870
870 764 730
730 5138 2598
6
1686 3212 448
448 2574 1195
1195 4208 2699
2699 441 238
238 1978 688
688 953 2598
6
1686 3218 1027
1027 7841 106
106 3189 709
709 3028 90
90 2405 738
738 2388 2598
6
1686 3242 1772
1772 4493 1153
1153 6860 2349
2349 1977 2338
2338 1062 2822
2822 3132 2598
6
1686 3267 2917
2917 7181 2187
2187 192 1319
1319 1338 2669
2669 3816 1102
1102 286 2598
6
1686 3268 992
992 572 410
410 8421 2733
2733 7338 2732
2732 7344 1382
1382 3342 2598
6
1686 3274 237
237 1630 472
472 203 277
277 418 69
69 4083 2777
2777 3544 2598
6
1686 3280 272
272 2086 1255
1255 4239 1197
1197 233 794
794 4220 2746
2746 100 2598
6
1686 3290 461
461 315 1104
1104 2213 67
67 2019 573
573 1404 999
999 2266 2598
6
1686 3349 2567
2567 8536 584
584 2090 1358
1358 7620 176
176 8841 2428
2428 1712 2598
6
1686 3353 991
991 616 13
13 3401 964
964 3641 943
943 5697 1299
1299 2197 2598
6
1686 3361 973
973 304 1488
1488 1441 80
80 2711 1687
1687 8697 827
827 469 2598
6
1686 3364 590
590 4718 1446
1446 2227 1005
1005 1494 1809
1809 8606 620
620 1374 2598
6
1686 3402 1648
1648 7669 2851
2851 1021 2340
2340 8680 1780
1780 4496 48
48 1910 2598
6
1686 3410 988
988 1066 463
463 6820 2014
2014 2747 2003
2003 1745 508
508 11 2598
6
1686 3427 390
390 8558 1719
1719 1632 1588
1588 6598 2248
2248 1005 2069
2069 1530 2598
6
1686 3487 1975
1975 2358 1690
1690 5210 1576
1576 6472 1531
1531 2954 2947
2947 1028 2598
6
1686 3489 504
504 6399 812
812 1960 16
16 6008 2303
2303 3022 2645
2645 624 2598
6
1686 3503 1375
1375 3283 2503
2503 2318 621
621 2441 2820
2820 1167 72
72 759 2598
6
1686 3504 2602
2602 4193 152
152 7304 2615
2615 2042 116
116 3718 268
268 2467 2598
6
1686 3591 2613
2613 2457 1059
1059 1482 1906
1906 3278 1874
1874 7451 906
906 2868 2598
6
1686 3597 2691
2691 4625 1691
1691 5234 1422
1422 6484 2410
2410 720 36
36 5731 2598
6
1686 3599 935
935 1944 2499
2499 1046 2494
2494 5894 1353
1353 3459 1669
1669 3707 2598
6
1686 3607 1163
1163 4719 1492
1492 4125 638
638 2837 2902
2902 2576 651
651 12 2598
6
1686 3620 1478
1478 1577 2872
2872 1477 2676
2676 2149 2384
2384 7755 436
436 302 2598
6
1686 3622 1410
1410 1743 1391
1391 9008 2217
2217 1846 290
290 1855 173
173 4419 2598
6
1686 3624 559
559 3501 1475
1475 3774 1582
1582 2488 1517
1517 7387 2577
2577 1379 2598
6
1686 3651 1401
1401 2705 609
609 8519 1091
1091 1906 945
945 3345 2431
2431 682 2598
6
1686 3664 2181
2181 4343 1040
1040 6830 153
153 367 1696
1696 6568 843
843 6123 2598
6
1686 3667 602
602 5609 386
386 6489 2643
2643 5270 1666
1666 5617 2001
2001 326 2598
6
1686 3668 1101
1101 1385 2280
2280 1332 291
291 526 1833
1833 6458 1611
1611 1925 2598
6
1686 3678 2973
2973 1470 1724
1724 585 2009
2009 379 1402
1402 2890 239
239 685 2598
6
1686 3692 2920
2920 2160 1235
1235 5028 2612
2612 4747 841
841 6621 2042
2042 2919 2598
6
1686 3695 2115
2115 1798 1363
1363 429 1657
1657 8555 1472
1472 5137 872
872 305 2598
6
1686 3703 2308
2308 3698 1937
1937 3815 182
182 7379 1619
1619 7946 1042
1042 936 2598
6
1686 3779 1014
1014 6832 417
417 8397 206
206 892 1074
1074 2343 144
144 4872 2598
6
1686 3810 2375
2375 5397 1791
1791 999 2046
2046 1070 2044
2044 3721 578
578 262 2598
6
1686 3862 1135
1135 8143 2941
2941 663 7
7 569 825
825 4992 1895
1895 3045 2598
6
1686 3872 1030
1030 8865 1721
1721 8480 1389
1389 3910 1000
1000 8403 976
976 3486 2598
6
1686 3895 797
797 3880 2511
2511 7974 453
453 1205 768
768 2679 916
916 3789 2598
8
1686 3944 836
836 7257 1608
1608 8091 1023
1023 4019 2225
2225 178 2950
2950 4288 50
50 51 438
438 1538 2598
6
1686 3963 114
114 7335 1645
1645 1683 628
628 6302 335
335 1351 917
917 1313 2598
6
1686 3983 845
845 4628 2270
2270 7730 1786
1786 3408 1599
1599 3092 2012
2012 2596 2598
6
1686 4011 850
850 5053 696
696 1124 689
689 8646 2051
2051 4333 356
356 25 2598
6
1686 4022 2664
2664 389 2923
2923 2670 2362
2362 458 1927
1927 597 1136
1136 24 2598
6
1686 4032 921
921 6128 1936
1936 1223 575
575 6375 1535
1535 1905 2819
2819 789 2598
6
1686 4036 1147
1147 3447 376
376 806 2718
2718 2108 807
807 6971 2681
2681 10 2598
6
1686 4045 1609
1609 4106 2096
2096 7975 2159
2159 288 1574
1574 3647 1713
1713 509 2598
6
1686 4049 2333
2333 6676 2066
2066 5638 2861
2861 1917 2823
2823 170 1822
1822 788 2598
6
1686 4055 2141
2141 2872 1672
1672 6364 928
928 3224 2230
2230 294 1882
1882 1426 2598
6
1686 4094 576
576 8832 1388
1388 4661 404
404 3889 1411
1411 7494 2233
2233 1299 2598
6
1686 4095 408
408 5281 350
350 3638 1282
1282 5840 2271
2271 5332 682
682 4580 2598
6
1686 4107 77
77 1544 1743
1743 1637 1128
1128 3945 2692
2692 3673 1536
1536 4646 2598
6
1686 4109 1214
1214 2294 2322
2322 2268 1838
1838 6720 2435
2435 4784 2544
2544 404 2598
6
1686 4110 2370
2370 926 2464
2464 696 2436
2436 8786 2252
2252 6609 2465
2465 1707 2598
6
1686 4131 2414
2414 5040 178
178 1973 2591
2591 8746 1321
1321 2408 2064
2064 4601 2598
6
1686 4140 2070
2070 1580 2794
2794 3912 2112
2112 4806 1523
1523 8738 1395
1395 2821 2598
6
1686 4163 2289
2289 2845 562
562 54 2236
2236 3834 1747
1747 967 603
603 4295 2598
6
1686 4169 1302
1302 1036 2484
2484 986 2806
2806 6456 1682
1682 7952 2102
2102 6247 2598
6
1686 4204 430
430 2407 1615
1615 5161 732
732 4451 966
966 972 1094
1094 906 2598
6
1686 4231 459
459 53 218
218 4270 880
880 3013 2110
2110 6248 1274
1274 223 2598
6
1686 4254 1817
1817 6496 1170
1170 4185 522
522 6649 1773
1773 3418 1544
1544 195 2598
6
1686 4266 563
563 5394 2426
2426 4977 1296
1296 7192 1916
1916 2364 2623
2623 162 2598
6
1686 4269 2269
2269 6708 1887
1887 7232 1125
1125 1461 1231
1231 3426 423
423 1891 2598
6
1686 4321 236
236 8694 1915
1915 5706 1288
1288 2485 826
826 4499 625
625 818 2598
6
1686 4330 2888
2888 4287 1441
1441 217 1511
1511 2100 2188
2188 3520 1859
1859 2608 2598
6
1686 4400 1337
1337 6147 773
773 1143 2448
2448 5714 2131
2131 1966 1892
1892 3116 2598
6
1686 4552 648
648 1054 49
49 5522 1371
1371 8660 76
76 8002 2928
2928 790 2598
6
1686 4561 2550
2550 1231 1095
1095 6967 1318
1318 4868 111
111 8296 1435
1435 3322 2598
6
1686 4582 354
354 4261 705
705 4862 2652
2652 2071 1730
1730 2531 2736
2736 2718 2598
6
1686 4584 1339
1339 5338 700
700 5321 196
196 8921 975
975 760 2419
2419 3343 2598
6
1686 4608 1349
1349 7017 361
361 4070 348
348 7055 506
506 416 2047
2047 5083 2598
6
1686 4647 2447
2447 6726 399
399 5914 1367
1367 4662 1220
1220 6481 1580
1580 6078 2598
6
1686 4798 2157
2157 8406 2890
2890 583 2586
2586 1119 2126
2126 609 2972
2972 2538 2598
6
1686 4816 1434
1434 6171 1155
1155 646 2642
2642 9123 550
550 1799 402
402 2818 2598
6
1686 4839 92
92 8274 2164
2164 3232 2231
2231 2258 1313
1313 7576 2782
2782 1863 2598
6
1686 4842 804
804 4410 1684
1684 5124 2079
2079 7096 1867
1867 5736 228
228 3576 2598
6
1686 4858 1598
1598 8056 215
215 2273 881
881 8859 1790
1790 799 599
599 48 2598
6
1686 4871 1509
1509 7998 2130
2130 3035 1479
1479 3397 703
703 8788 1583
1583 76 2598
6
1686 4886 677
677 493 1398
1398 1619 2043
2043 8233 2857
2857 5087 1571
1571 181 2598
6
1686 4944 443
443 6031 1324
1324 409 680
680 5699 1679
1679 5938 809
809 1318 2598
6
1686 4959 2510
2510 1212 1903
1903 8911 616
616 6888 1869
1869 7640 1982
1982 3924 2598
6
1686 4962 1526
1526 7433 1997
1997 4327 2796
2796 1828 1810
1810 6627 261
261 2493 2598
6
1686 5021 2206
2206 4173 1651
1651 5304 308
308 5680 1995
1995 314 131
131 698 2598
6
1686 5032 370
370 2076 933
933 5505 940
940 2404 1069
1069 1559 1082
1082 1913 2598
6
1686 5038 58
58 2646 1087
1087 7024 362
362 1433 1442
1442 2427 670
670 3099 2598
6
1686 5065 1841
1841 8033 426
426 1093 2351
2351 582 2771
2771 8792 2026
2026 47 2598
6
1686 5076 1142
1142 7135 897
897 2050 19
19 780 2312
2312 4029 630
630 464 2598
6
1686 5109 2720
2720 819 1983
1983 7188 1090
1090 3368 2959
2959 2635 487
487 4623 2598
6
1686 5134 139
139 1830 2083
2083 3171 1656
1656 4023 2745
2745 768 731
731 5642 2598
6
1686 5156 787
787 3879 2329
2329 7837 2565
2565 8184 1315
1315 7945 800
800 5878 2598
6
1686 5170 1035
1035 3394 413
413 5695 1944
1944 8445 2753
2753 5501 369
369 5039 2598
6
1686 5182 2166
2166 4006 1601
1601 7464 2425
2425 5672 1858
1858 5122 431
431 3598 2598
6
1686 5196 1823
1823 3298 2789
2789 5488 2775
2775 2701 1071
1071 38 470
470 124 2598
6
1686 5232 225
225 3786 681
681 4166 2387
2387 1970 317
317 7099 2874
2874 265 2598
6
1686 5262 160
160 6506 1701
1701 2937 358
358 6187 1390
1390 2341 1667
1667 1783 2598
6
1686 5264 246
246 2424 2839
2839 3675 460
460 5130 561
561 767 2118
2118 2605 2598
6
1686 5310 197
197 4160 1344
1344 4014 1593
1593 1572 2596
2596 68 1407
1407 3735 2598
6
1686 5369 1490
1490 5853 2558
2558 2093 2702
2702 5686 241
241 2940 2314
2314 3159 2598
6
1686 5458 1222
1222 4098 1675
1675 2572 141
141 8001 1756
1756 448 1425
1425 4353 2598
6
1686 5468 1156
1156 2888 1497
1497 4026 1767
1767 1709 1167
1167 2992 2160
2160 847 2598
6
1686 5552 2316
2316 5091 2215
2215 2241 776
776 8059 2413
2413 1237 605
605 4840 2598
6
1686 5585 1366
1366 4009 775
775 8118 1217
1217 3471 1616
1616 2795 2256
2256 172 2598
6
1686 5627 1093
1093 2739 1022
1022 2641 374
374 2541 983
983 3750 1976
1976 7039 2598
6
1686 5653 440
440 1802 2909
2909 1002 1952
1952 2671 301
301 4300 1009
1009 2471 2598
6
1686 5655 725
725 505 1974
1974 4480 1243
1243 5919 1431
1431 3859 1918
1918 881 2598
6
1686 5670 1063
1063 9081 1273
1273 2373 1911
1911 4210 2389
2389 4996 168
168 2315 2598
6
1686 5761 78
78 215 614
614 3331 177
177 2389 958
958 1870 1228
1228 2255 2598
6
1686 5899 1384
1384 6530 81
81 3442 2993
2993 6838 604
604 3083 1119
1119 2513 2598
6
1686 5977 1660
1660 6066 1199
1199 1414 516
516 3660 1304
1304 2460 2241
2241 1688 2598
6
1686 6003 646
646 7648 1011
1011 8151 2074
2074 6906 2067
2067 2510 2935
2935 291 2598
6
1686 6012 466
466 234 2491
2491 1747 1107
1107 1930 2620
2620 7795 147
147 184 2598
6
1686 6049 1704
1704 681 717
717 1161 572
572 4554 2908
2908 7254 2916
2916 500 2598
6
1686 6178 1566
1566 3248 1917
1917 8398 455
455 4818 271
271 157 2859
2859 4460 2598
6
1686 6204 890
890 5455 1110
1110 5023 451
451 6577 476
476 6256 1840
1840 137 2598
6
1686 6227 42
42 3204 2776
2776 4488 1613
1613 3475 1242
1242 3492 2437
2437 1843 2598
6
1686 6228 1496
1496 2487 1276
1276 6346 750
750 1811 1458
1458 4305 398
398 4500 2598
6
1686 6232 491
491 2753 1986
1986 4085 1825
1825 2789 2703
2703 7616 159
159 240 2598
6
1686 6392 780
780 8824 373
373 8380 832
832 7317 2968
2968 5164 347
347 3265 2598
8
1686 6415 2763
2763 886 1528
1528 8635 364
364 1308 2369
2369 2431 300
300 5126 2195
2195 6368 387
387 7717 2598
6
1686 6425 1194
1194 7875 2353
2353 5575 1625
1625 8823 1213
1213 6110 2675
2675 3904 2598
6
1686 6517 1914
1914 2889 867
867 5881 180
180 1939 2433
2433 1598 2467
2467 1991 2598
6
1686 6578 733
733 2710 1518
1518 1518 511
511 2030 1740
1740 1450 2809
2809 1752 2598
6
1686 6611 2829
2829 7815 2169
2169 6490 2618
2618 6691 2837
2837 1234 1067
1067 1181 2598
6
1686 6672 2650
2650 4724 2858
2858 6682 340
340 5089 2579
2579 1581 1676
1676 1115 2598
6
1686 6775 2813
2813 3431 34
34 5115 1351
1351 2696 2103
2103 2056 2059
2059 715 2598
6
1686 6870 1343
1343 7657 292
292 5056 1784
1784 3374 1068
1068 212 1264
1264 2438 2598
6
1686 6933 1516
1516 6325 1550
1550 4123 297
297 8756 2038
2038 3158 28
28 1277 2598
6
1686 6951 1015
1015 3994 2232
2232 2858 2423
2423 2881 1394
1394 1916 1099
1099 4563 2598
6
1686 7036 110
110 144 1562
1562 5428 1303
1303 3497 2940
2940 2587 2358
2358 5698 2598
6
1686 7052 535
535 2410 1065
1065 8199 1715
1715 829 2769
2769 6253 1522
1522 307 2598
6
1686 7054 2170
2170 5412 1577
1577 3399 2768
2768 8144 2634
2634 6582 5
5 2743 2598
6
1686 7171 2717
2717 5223 265
265 2143 2790
2790 2526 1752
1752 1150 2690
2690 1787 2598
6
1686 7236 759
759 6168 2432
2432 3378 276
276 2465 2889
2889 3104 793
793 1001 2598
6
1686 7325 1057
1057 8443 1183
1183 4345 1966
1966 351 1861
1861 171 1808
1808 2106 2598
6
1686 7707 1226
1226 4299 594
594 4865 449
449 5986 521
521 1594 2808
2808 1362 2598
6
1686 7913 2119
2119 5795 148
148 3357 2639
2639 3094 200
200 849 2841
2841 4774 2598
