590
6
1113 4 2425
2425 2168 1712
1712 4173 288
288 474 2536
2536 1354 1953
1953 46 323
6
1113 16 1910
1910 7724 377
377 4495 2715
2715 5730 2121
2121 3520 1553
1553 812 323
6
1113 17 389
389 1020 2600
2600 3363 331
331 6523 2668
2668 1721 711
711 259 323
6
1113 22 158
158 4969 394
394 2279 200
200 1414 2825
2825 559 1325
1325 1536 323
6
1113 30 1170
1170 1984 44
44 2317 2874
2874 1280 966
966 6389 2026
2026 3765 323
6
1113 36 854
854 2764 836
836 607 1713
1713 391 2444
2444 8245 1201
1201 969 323
6
1113 41 2435
2435 3769 2165
2165 8638 2688
2688 18 2226
2226 3289 2824
2824 914 323
6
1113 45 2851
2851 2080 1679
1679 4368 1078
1078 5 689
689 9799 2791
2791 236 323
6
1113 58 1730
1730 90 179
179 3497 353
353 1335 2373
2373 1076 431
431 848 323
6
1113 60 2631
2631 1472 445
445 8119 680
680 7234 399
399 8454 234
234 232 323
6
1113 62 2132
2132 2939 1575
1575 6993 188
188 1448 11
11 8074 72
72 5247 323
6
1113 65 2005
2005 466 1013
1013 8995 2329
2329 9389 2735
2735 2123 1225
1225 486 323
6
1113 70 609
609 1114 1348
1348 4832 1757
1757 726 349
349 7581 1749
1749 2550 323
6
1113 73 2049
2049 1667 1380
1380 1899 508
508 6568 915
915 4039 1443
1443 823 323
6
1113 74 147
147 1892 2395
2395 5269 1877
1877 1715 2076
2076 536 146
146 2711 323
6
1113 77 2744
2744 2055 2699
2699 8007 456
456 6047 2814
2814 2326 2753
2753 976 323
6
1113 79 1164
1164 5138 1809
1809 313 1698
1698 5671 241
241 2220 678
678 377 323
6
1113 84 2462
2462 25 1394
1394 12 972
972 2204 595
595 967 221
221 2061 323
6
1113 86 1136
1136 4468 2035
2035 587 2828
2828 8429 441
441 1059 1451
1451 170 323
6
1113 91 110
110 741 1697
1697 3858 1695
1695 3948 908
908 7681 491
491 3130 323
6
1113 92 2097
2097 7008 2944
2944 6939 2775
2775 4763 2043
2043 7462 1505
1505 52 323
6
1113 104 1958
1958 917 2297
2297 241 2580
2580 7486 766
766 2263 2185
2185 153 323
6
1113 110 2763
2763 5637 1699
1699 4979 1479
1479 1125 2966
2966 3226 390
390 2456 323
6
1113 114 2105
2105 5872 905
905 2451 2418
2418 2232 212
212 7896 1378
1378 141 323
6
1113 115 2180
2180 1468 532
532 1218 974
974 6552 1214
1214 1002 99
99 6235 323
6
1113 120 679
679 2425 414
414 1711 471
471 2717 565
565 2305 577
577 2653 323
6
1113 127 1829
1829 6144 314
314 725 1293
1293 1451 1277
1277 1366 1087
1087 4760 323
6
1113 130 1165
1165 2666 1254
1254 1720 2777
2777 4085 538
538 1234 1083
1083 1310 323
6
1113 133 1914
1914 2536 635
635 3797 2203
2203 2859 1222
1222 9764 1771
1771 235 323
6
1113 134 199
199 2264 1463
1463 135 2946
2946 7230 1347
1347 735 2782
2782 220 323
6
1113 142 713
713 3709 1960
1960 8197 448
448 1194 2274
2274 4957 2153
2153 76 323
6
1113 145 1970
1970 1276 1515
1515 5807 2687
2687 487 1794
1794 3927 1566
1566 1258 323
6
1113 152 801
801 2894 1955
1955 1129 2728
2728 5318 2936
2936 4128 2664
2664 2972 323
6
1113 157 598
598 6591 1474
1474 8730 2752
2752 2021 2167
2167 362 2111
2111 2726 323
6
1113 158 1752
1752 8902 2762
2762 522 457
457 7016 1086
1086 3737 1285
1285 3521 323
6
1113 167 808
808 6173 2004
2004 1846 1428
1428 352 216
216 2707 639
639 936 323
6
1113 171 376
376 3699 764
764 2384 2822
2822 3657 287
287 301 497
497 3406 323
6
1113 184 1705
1705 5173 1219
1219 1038 1292
1292 1975 902
902 2791 68
68 3892 323
6
1113 190 480
480 649 985
985 3746 1020
1020 2183 1317
1317 800 1510
1510 3216 323
6
1113 191 964
964 6055 2793
2793 6528 2591
2591 1108 2011
2011 8147 1518
1518 497 323
6
1113 194 344
344 2748 226
226 1562 103
103 7057 927
927 1934 1156
1156 1236 323
6
1113 198 2850
2850 966 1105
1105 4211 1010
1010 3007 2390
2390 5924 873
873 1268 323
6
1113 200 1037
1037 6048 2080
2080 1704 1000
1000 6127 291
291 279 2922
2922 3491 323
6
1113 209 283
283 3908 1289
1289 2302 528
528 7413 282
282 2040 2056
2056 4515 323
6
1113 230 2479
2479 1067 579
579 1580 289
289 1088 1519
1519 1019 2067
2067 4262 323
6
1113 234 940
940 67 273
273 1950 848
848 7560 2392
2392 5271 1640
1640 374 323
6
1113 240 107
107 2573 2624
2624 3887 1627
1627 293 511
511 5581 83
83 1261 323
6
1113 246 2118
2118 3633 1269
1269 7277 315
315 1563 523
523 3347 1224
1224 1203 323
6
1113 248 806
806 1968 2201
2201 1973 97
97 2670 1721
1721 626 1065
1065 2303 323
6
1113 250 653
653 4219 2028
2028 2236 2148
2148 2816 1789
1789 4756 1306
1306 3106 323
6
1113 255 1565
1565 100 1046
1046 3835 1391
1391 1227 988
988 3617 706
706 4388 323
6
1113 258 2194
2194 5843 1043
1043 2185 625
625 187 1735
1735 4940 2637
2637 608 323
6
1113 261 1338
1338 2016 1879
1879 5110 2406
2406 3788 2082
2082 3830 1658
1658 2772 323
6
1113 263 352
352 7998 574
574 4712 2294
2294 9114 151
151 8845 2815
2815 946 323
6
1113 266 830
830 6836 488
488 1427 1431
1431 3506 2033
2033 9935 896
896 1481 323
6
1113 272 1356
1356 4336 2136
2136 186 1375
1375 1086 918
918 2848 566
566 5570 323
6
1113 274 1866
1866 6209 552
552 5528 2062
2062 4425 1902
1902 219 36
36 3502 323
6
1113 285 1799
1799 5844 1852
1852 1535 2066
2066 951 125
125 7753 1916
1916 4662 323
6
1113 296 55
55 2697 1997
1997 5798 337
337 2282 1686
1686 1809 779
779 4257 323
6
1113 307 2937
2937 3946 1183
1183 3479 1659
1659 6719 620
620 8083 156
156 1860 323
6
1113 312 994
994 196 406
406 7111 1991
1991 8827 1041
1041 3666 2521
2521 2120 323
6
1113 318 219
219 6714 1560
1560 131 1093
1093 149 134
134 862 2296
2296 728 323
6
1113 322 1310
1310 1455 716
716 4160 2096
2096 5207 1830
1830 3272 809
809 23 323
6
1113 328 2549
2549 4209 165
165 1437 2849
2849 1256 2919
2919 3086 244
244 4130 323
6
1113 334 1426
1426 205 2716
2716 5957 297
297 2205 2219
2219 7539 2576
2576 663 323
6
1113 335 27
27 7446 618
618 3290 1052
1052 7665 2511
2511 9413 943
943 9 323
6
1113 360 2983
2983 108 1769
1769 7705 2159
2159 2398 2949
2949 6071 2039
2039 4083 323
6
1113 367 1524
1524 5298 1803
1803 661 2915
2915 1722 1988
1988 7056 1926
1926 773 323
6
1113 371 569
569 2475 233
233 2151 2619
2619 6495 1957
1957 3688 1576
1576 5887 323
6
1113 373 2351
2351 1189 1503
1503 2505 196
196 4109 1935
1935 1474 2578
2578 2246 323
6
1113 375 1594
1594 1958 860
860 883 1906
1906 615 487
487 5198 745
745 4038 323
6
1113 376 1665
1665 785 2341
2341 4343 2923
2923 5232 2953
2953 4996 1925
1925 4885 323
6
1113 385 388
388 1643 2455
2455 3713 2608
2608 7887 1104
1104 1790 774
774 499 323
6
1113 407 2712
2712 1060 2128
2128 570 986
986 1431 1534
1534 4241 2957
2957 1609 323
6
1113 409 2227
2227 425 852
852 2195 2389
2389 1282 211
211 1585 2773
2773 6000 323
6
1113 410 2384
2384 7421 954
954 1151 1954
1954 6160 2697
2697 7417 123
123 695 323
6
1113 428 1150
1150 510 18
18 356 1125
1125 4466 391
391 9391 2679
2679 4794 323
6
1113 438 2654
2654 3716 2450
2450 8151 1635
1635 7079 161
161 7721 2587
2587 859 323
6
1113 439 2404
2404 5042 1784
1784 9222 63
63 935 270
270 6729 2212
2212 1765 323
6
1113 443 274
274 5725 1385
1385 7012 10
10 7474 1256
1256 3704 1473
1473 316 323
6
1113 450 2916
2916 5176 1414
1414 5666 978
978 1872 1643
1643 7327 1512
1512 3683 323
6
1113 462 1056
1056 5967 2445
2445 4599 939
939 98 2990
2990 7597 319
319 260 323
6
1113 476 1358
1358 2806 1441
1441 2567 1513
1513 606 204
204 9810 485
485 6060 323
6
1113 495 1678
1678 1323 1670
1670 4907 1496
1496 1945 1305
1305 1839 748
748 2735 323
6
1113 505 2438
2438 7882 1058
1058 3247 215
215 4812 831
831 113 21
21 358 323
6
1113 511 1483
1483 9688 1946
1946 3174 210
210 6288 2345
2345 5555 2863
2863 3408 323
6
1113 525 43
43 1117 955
955 424 214
214 1923 2087
2087 533 700
700 1495 323
6
1113 535 2924
2924 2062 2761
2761 6898 1807
1807 1456 1069
1069 6977 2348
2348 1318 323
6
1113 537 1719
1719 5455 2182
2182 7006 1244
1244 10 929
929 3145 2222
2222 1069 323
6
1113 540 1220
1220 3596 2001
2001 8464 2905
2905 3834 1453
1453 2321 775
775 3972 323
6
1113 541 175
175 3261 1193
1193 414 1003
1003 2383 116
116 2098 2695
2695 4681 323
6
1113 551 1525
1525 3973 1521
1521 4152 2904
2904 4285 2463
2463 3364 150
150 8510 323
6
1113 552 765
765 9547 2196
2196 1433 2411
2411 2498 2216
2216 3118 1951
1951 760 323
6
1113 554 1081
1081 2763 1928
1928 6419 871
871 4905 1458
1458 2081 1370
1370 3615 323
6
1113 556 1621
1621 264 1831
1831 2993 605
605 4667 1932
1932 4197 2089
2089 320 323
6
1113 567 611
611 7161 2353
2353 9102 1343
1343 2929 1424
1424 6114 971
971 3729 323
6
1113 572 1938
1938 3401 1751
1751 3320 57
57 5076 1509
1509 9963 2428
2428 5381 323
6
1113 598 2446
2446 1604 599
599 1497 545
545 1475 1961
1961 5250 2673
2673 1099 323
6
1113 613 2470
2470 2984 142
142 1967 661
661 177 721
721 4142 2972
2972 4655 323
6
1113 619 1579
1579 3833 828
828 3766 529
529 4541 1287
1287 700 2562
2562 4861 323
6
1113 621 976
976 8601 2596
2596 6887 2678
2678 3940 784
784 8547 2048
2048 3037 323
6
1113 633 1544
1544 7650 2072
2072 3913 182
182 4401 810
810 8424 2643
2643 5610 323
6
1113 636 2641
2641 6912 2610
2610 5804 2238
2238 1911 2215
2215 8639 1586
1586 389 323
6
1113 641 380
380 519 1903
1903 20 2186
2186 3504 2169
2169 29 526
526 125 323
6
1113 652 1834
1834 282 1628
1628 447 1199
1199 655 2440
2440 2682 350
350 1379 323
6
1113 658 1251
1251 1263 2251
2251 386 1654
1654 446 815
815 379 1142
1142 2737 323
6
1113 660 1818
1818 4545 2981
2981 3411 2698
2698 7623 2015
2015 3767 73
73 2913 323
6
1113 662 1045
1045 872 2168
2168 6902 791
791 6978 2068
2068 1043 2751
2751 383 323
6
1113 666 720
720 9779 1506
1506 6743 698
698 6739 602
602 581 2810
2810 61 323
6
1113 667 157
157 6890 2415
2415 1853 1055
1055 1400 1582
1582 5242 168
168 4585 323
6
1113 669 1098
1098 2712 969
969 7150 2257
2257 772 252
252 1632 2755
2755 4750 323
6
1113 674 2130
2130 6428 2277
2277 2395 2459
2459 5089 1653
1653 4225 2441
2441 3198 323
6
1113 679 398
398 5600 730
730 156 2050
2050 672 2740
2740 1791 1184
1184 1861 323
6
1113 680 2945
2945 802 2218
2218 2325 1723
1723 5781 269
269 1794 2409
2409 711 323
6
1113 691 2343
2343 3460 2204
2204 4733 563
563 9908 668
668 956 2447
2447 5856 323
6
1113 697 2385
2385 3721 2817
2817 2755 446
446 7505 24
24 294 1788
1788 745 323
6
1113 698 1268
1268 2542 1242
1242 1865 1601
1601 473 2184
2184 1171 636
636 4189 323
6
1113 701 16
16 213 1230
1230 7800 1217
1217 7869 948
948 6330 1014
1014 4136 323
6
1113 707 1399
1399 4169 1088
1088 5542 886
886 3374 1346
1346 3335 2952
2952 7303 323
6
1113 716 95
95 783 1366
1366 9508 1011
1011 1252 2539
2539 6600 2991
2991 4945 323
6
1113 717 2260
2260 2048 2250
2250 1250 1333
1333 2083 1484
1484 7376 194
194 1799 323
6
1113 729 2122
2122 2861 2315
2315 368 1891
1891 7742 1026
1026 808 2819
2819 4094 323
6
1113 732 630
630 302 1408
1408 6013 655
655 8939 417
417 3031 1410
1410 4127 323
6
1113 733 1371
1371 2413 1450
1450 1814 2143
2143 1546 913
913 2247 1349
1349 3452 323
6
1113 749 144
144 9829 702
702 2340 1989
1989 346 1520
1520 2970 2896
2896 1446 323
6
1113 751 2720
2720 5236 1564
1564 3643 719
719 2137 1379
1379 1959 2653
2653 3196 323
6
1113 754 672
672 2281 2691
2691 7367 277
277 9025 1413
1413 365 525
525 1912 323
6
1113 766 1657
1657 2678 2378
2378 6378 1595
1595 3453 2913
2913 4040 1728
1728 56 323
6
1113 775 633
633 2910 1423
1423 9094 2314
2314 1394 2146
2146 1744 1572
1572 3777 323
6
1113 799 2495
2495 3169 498
498 7106 534
534 329 580
580 5675 1374
1374 4133 323
6
1113 810 2737
2737 8918 1491
1491 4422 1121
1121 3801 1080
1080 5918 1232
1232 6282 323
6
1113 819 154
154 6364 1764
1764 5434 1795
1795 2799 1015
1015 5062 1118
1118 2435 323
6
1113 820 2547
2547 6791 917
917 496 965
965 926 2912
2912 8693 2208
2208 4618 323
6
1113 821 2116
2116 8226 1368
1368 4783 330
330 1001 1832
1832 1513 1097
1097 1281 323
6
1113 824 2633
2633 6602 1737
1737 5873 2994
2994 755 2523
2523 5836 2571
2571 2343 323
6
1113 832 1598
1598 3730 2658
2658 6287 1703
1703 987 1159
1159 2316 2644
2644 1816 323
6
1113 835 2252
2252 4208 2903
2903 6934 787
787 8804 2985
2985 2135 19
19 1588 323
6
1113 837 2836
2836 1929 257
257 5025 1208
1208 549 2240
2240 93 236
236 4433 323
6
1113 843 1778
1778 372 1231
1231 2613 38
38 3442 1523
1523 644 2293
2293 1887 323
6
1113 852 40
40 6041 920
920 1131 2702
2702 3595 2711
2711 5029 2202
2202 797 323
6
1113 863 1267
1267 1085 738
738 7717 2496
2496 5106 1812
1812 2266 333
333 787 323
6
1113 888 105
105 1811 2962
2962 1270 2400
2400 9247 412
412 4369 1252
1252 1247 323
6
1113 897 707
707 2306 1617
1617 9123 2607
2607 361 960
960 9631 1874
1874 1577 323
6
1113 906 1889
1889 704 691
691 2727 1261
1261 137 567
567 4250 2811
2811 2153 323
6
1113 908 2487
2487 4549 1238
1238 2960 181
181 560 1024
1024 9087 2649
2649 3701 323
6
1113 909 1856
1856 9244 2010
2010 2636 2892
2892 528 2120
2120 3937 2244
2244 2144 323
6
1113 930 1454
1454 4838 386
386 3339 1802
1802 3025 2684
2684 80 2520
2520 3888 323
6
1113 940 2971
2971 9036 2267
2267 811 840
840 7664 2281
2281 4720 1668
1668 3043 323
6
1113 955 338
338 840 2710
2710 529 2472
2472 531 1239
1239 40 419
419 834 323
6
1113 958 921
921 1204 704
704 4552 2161
2161 3911 1258
1258 208 76
76 6395 323
6
1113 993 581
581 6320 1350
1350 3146 2951
2951 9259 845
845 7897 1573
1573 2759 323
6
1113 999 208
208 5104 114
114 6639 2229
2229 3257 705
705 4582 1702
1702 2053 323
6
1113 1005 2433
2433 2876 2093
2093 9560 2804
2804 7241 346
346 9855 1744
1744 116 323
6
1113 1008 2500
2500 2373 2177
2177 456 2295
2295 5096 919
919 9078 2560
2560 195 323
6
1113 1010 1469
1469 7035 31
31 460 676
676 212 93
93 4808 2646
2646 1750 323
6
1113 1011 1435
1435 3679 2667
2667 9677 317
317 2038 2451
2451 7469 1992
1992 210 323
6
1113 1017 2727
2727 891 2723
2723 6051 1001
1001 8430 243
243 479 1540
1540 1409 323
6
1113 1028 94
94 1795 1612
1612 231 2551
2551 7948 1567
1567 2136 588
588 752 323
6
1113 1030 218
218 47 135
135 6034 2081
2081 1498 1731
1731 3228 2365
2365 849 323
6
1113 1035 2430
2430 238 1759
1759 159 1273
1273 5599 820
820 4097 2298
2298 1628 323
6
1113 1050 983
983 4922 1466
1466 806 2131
2131 4166 2938
2938 3868 2383
2383 634 323
6
1113 1053 2008
2008 2380 75
75 1182 263
263 5748 2319
2319 1602 332
332 2078 323
6
1113 1074 1149
1149 5105 1603
1603 1423 411
411 2067 728
728 1054 980
980 1781 323
6
1113 1090 1531
1531 3144 1611
1611 4277 1218
1218 5383 1680
1680 7544 58
58 3848 323
6
1113 1091 799
799 2714 2909
2909 7060 883
883 3564 1312
1312 8566 1427
1427 3851 323
6
1113 1107 2967
2967 764 1841
1841 2604 2051
2051 124 2032
2032 413 2669
2669 2922 323
6
1113 1109 2088
2088 1145 1780
1780 8969 593
593 4111 2381
2381 1115 2494
2494 2405 323
6
1113 1118 549
549 174 271
271 3276 2525
2525 4797 2635
2635 3311 2513
2513 1368 323
6
1113 1128 2264
2264 2182 1134
1134 2518 1321
1321 5677 838
838 1216 2690
2690 243 323
6
1113 1133 1103
1103 4895 1890
1890 943 651
651 2874 1639
1639 8695 1638
1638 851 323
6
1113 1137 2760
2760 3233 2412
2412 1500 626
626 5794 1968
1968 3147 2021
2021 3712 323
6
1113 1149 1870
1870 221 2820
2820 3606 621
621 1884 2360
2360 3625 1629
1629 4002 323
6
1113 1152 1754
1754 9031 2078
2078 1834 2879
2879 2612 2125
2125 3006 2192
2192 815 323
6
1113 1158 624
624 8411 1607
1607 6954 2448
2448 5525 1618
1618 7777 585
585 1195 323
6
1113 1178 876
876 2060 1061
1061 1016 1303
1303 3646 1796
1796 5928 403
403 4279 323
6
1113 1184 1246
1246 1328 1141
1141 544 521
521 874 1896
1896 1148 1765
1765 3117 323
6
1113 1187 739
739 6732 2768
2768 979 1609
1609 8787 2464
2464 7654 1206
1206 690 323
6
1113 1237 712
712 107 1124
1124 154 1580
1580 1798 654
654 689 1637
1637 2039 323
6
1113 1238 1395
1395 2691 1029
1029 226 590
590 543 2370
2370 489 817
817 4009 323
6
1113 1241 2531
2531 2924 2085
2085 1560 2830
2830 2348 410
410 8031 2875
2875 703 323
6
1113 1243 2548
2548 6742 870
870 4105 2832
2832 546 1636
1636 4092 2324
2324 4389 323
6
1113 1245 1861
1861 794 2474
2474 2794 383
383 1723 812
812 518 1562
1562 3256 323
6
1113 1254 941
941 1492 2075
2075 89 647
647 3380 2933
2933 449 2569
2569 227 323
6
1113 1269 2980
2980 5406 740
740 3424 1897
1897 8170 1177
1177 1372 2766
2766 160 323
6
1113 1272 2064
2064 384 1283
1283 2609 1175
1175 4360 650
650 4535 897
897 1042 323
6
1113 1273 1987
1987 6092 2581
2581 3372 2877
2877 9828 1148
1148 48 1278
1278 580 323
6
1113 1294 1319
1319 1686 1204
1204 7248 65
65 8436 279
279 5529 822
822 436 323
6
1113 1320 1028
1028 1915 2682
2682 6204 856
856 2371 229
229 3070 890
890 111 323
6
1113 1331 514
514 890 558
558 2280 1948
1948 5576 1439
1439 33 266
266 6479 323
6
1113 1346 2795
2795 6786 180
180 3267 868
868 1175 1102
1102 8159 1433
1433 483 323
6
1113 1351 366
366 3338 1631
1631 3855 2432
2432 1083 506
506 2444 1298
1298 2940 323
6
1113 1365 1944
1944 2987 1400
1400 4292 2931
2931 9135 17
17 2554 2284
2284 2504 323
6
1113 1371 1314
1314 8153 1099
1099 9142 1786
1786 4239 310
310 2320 1351
1351 1920 323
6
1113 1376 1768
1768 1467 13
13 2767 1221
1221 2627 2843
2843 2679 1561
1561 2234 323
6
1113 1380 1774
1774 3744 1322
1322 117 1900
1900 5414 683
683 2747 46
46 3501 323
6
1113 1388 2038
2038 7098 977
977 5416 1153
1153 6405 2375
2375 2054 2209
2209 2591 323
6
1113 1397 1787
1787 3631 2266
2266 1251 824
824 3706 763
763 297 1533
1533 2533 323
6
1113 1408 6
6 2254 2840
2840 2257 1878
1878 1919 261
261 6183 2013
2013 2975 323
6
1113 1413 656
656 83 2970
2970 103 773
773 7332 1071
1071 2513 2910
2910 699 323
6
1113 1429 1402
1402 1713 1915
1915 3639 1823
1823 3156 1715
1715 4676 911
911 6335 323
6
1113 1438 2106
2106 416 2955
2955 4670 1389
1389 66 1517
1517 708 1983
1983 3484 323
6
1113 1444 2928
2928 2688 2139
2139 2989 120
120 4758 1197
1197 7885 2630
2630 2449 323
6
1113 1452 2618
2618 5046 1403
1403 1317 547
547 9108 1062
1062 7275 2858
2858 1164 323
6
1113 1453 837
837 418 1438
1438 5019 2808
2808 2667 1929
1929 26 2024
2024 2588 323
6
1113 1461 2336
2336 1866 2368
2368 1908 1135
1135 5127 1585
1585 4297 1750
1750 2798 323
6
1113 1463 2741
2741 645 1615
1615 7970 2109
2109 5163 1596
1596 1657 1667
1667 1031 323
6
1113 1465 1662
1662 9105 1050
1050 6678 1578
1578 1097 895
895 1326 326
326 247 323
6
1113 1473 2405
2405 817 2077
2077 8271 1734
1734 4260 2189
2189 5767 1993
1993 653 323
6
1113 1489 1359
1359 1928 826
826 1506 1546
1546 1173 2408
2408 2715 1822
1822 2051 323
6
1113 1490 1633
1633 642 555
555 4307 963
963 4531 2989
2989 7145 1555
1555 273 323
6
1113 1493 459
459 2430 1888
1888 6382 891
891 1196 2467
2467 2932 2899
2899 3483 323
6
1113 1507 2765
2765 6835 2060
2060 1307 1738
1738 4437 2382
2382 8087 201
201 4206 323
6
1113 1516 1538
1538 82 2543
2543 6371 373
373 7026 2666
2666 7731 2651
2651 2175 323
6
1113 1542 1405
1405 683 2245
2245 6175 1813
1813 1903 2818
2818 1089 435
435 4736 323
6
1113 1547 1493
1493 4630 992
992 6884 2813
2813 4804 1963
1963 147 2898
2898 1319 323
6
1113 1550 1259
1259 2710 2918
2918 2523 1470
1470 590 594
594 904 1328
1328 991 323
6
1113 1569 2377
2377 4113 843
843 1167 476
476 4623 41
41 1267 1143
1143 244 323
6
1113 1570 223
223 126 1425
1425 1147 2285
2285 903 1652
1652 2768 324
324 5499 323
6
1113 1589 2895
2895 4376 2582
2582 2338 1369
1369 7019 2129
2129 7119 2634
2634 2142 323
6
1113 1595 759
759 4149 2044
2044 5583 96
96 3080 2594
2594 4371 232
232 2663 323
6
1113 1598 517
517 9697 2095
2095 2366 751
751 1436 1591
1591 3764 722
722 197 323
6
1113 1601 460
460 8581 2860
2860 978 2517
2517 4809 2137
2137 547 427
427 1081 323
6
1113 1610 1352
1352 4726 220
220 245 1227
1227 6150 1146
1146 1856 2007
2007 2352 323
6
1113 1612 2693
2693 404 2739
2739 182 2127
2127 6527 1798
1798 4484 589
589 675 323
6
1113 1618 260
260 5652 2597
2597 343 657
657 2329 2940
2940 8253 1390
1390 1447 323
6
1113 1619 2988
2988 5411 2475
2475 625 2956
2956 8216 1651
1651 5217 2171
2171 5947 323
6
1113 1626 2101
2101 1583 2609
2609 5603 141
141 8870 2379
2379 289 249
249 1170 323
6
1113 1627 887
887 3108 553
553 9595 2417
2417 6409 1452
1452 4251 2465
2465 1757 323
6
1113 1642 546
546 1033 638
638 6822 642
642 9126 732
732 2146 829
829 189 323
6
1113 1653 531
531 3357 477
477 8077 1364
1364 1075 1542
1542 5340 109
109 3004 323
6
1113 1663 1630
1630 1257 2540
2540 2723 946
946 7541 959
959 3076 2248
2248 1742 323
6
1113 1676 1964
1964 3079 1821
1821 681 1933
1933 3393 587
587 4837 2792
2792 458 323
6
1113 1680 298
298 388 715
715 7741 2017
2017 2336 2499
2499 5908 596
596 2011 323
6
1113 1688 1677
1677 5036 1918
1918 8834 1725
1725 1993 2429
2429 5572 1959
1959 2101 323
6
1113 1691 1584
1584 2155 2123
2123 257 2263
2263 4762 37
37 3654 934
934 2300 323
6
1113 1695 2197
2197 3726 322
322 1743 428
428 8789 143
143 9642 717
717 578 323
6
1113 1696 754
754 37 603
603 3957 32
32 6336 290
290 3327 2014
2014 3195 323
6
1113 1705 925
925 8284 1693
1693 1823 2480
2480 4100 60
60 8558 862
862 3436 323
6
1113 1706 1687
1687 6356 1054
1054 6497 2268
2268 1529 1854
1854 2274 2317
2317 2599 323
6
1113 1707 1419
1419 1136 2842
2842 4689 1411
1411 1315 2492
2492 6433 2911
2911 828 323
6
1113 1710 308
308 864 1543
1543 5538 1814
1814 8165 1844
1844 1061 1108
1108 1087 323
6
1113 1716 788
788 2360 493
493 1869 1671
1671 5929 64
64 8678 2497
2497 1779 323
6
1113 1718 304
304 4559 1018
1018 1068 2258
2258 6019 1417
1417 8456 819
819 193 323
6
1113 1745 136
136 931 901
901 5672 193
193 3604 2199
2199 5057 1939
1939 3481 323
6
1113 1748 2034
2034 2587 1049
1049 21 1048
1048 7168 2620
2620 4503 2772
2772 2721 323
6
1113 1758 1296
1296 8 1945
1945 5701 947
947 8027 2308
2308 6259 767
767 706 323
6
1113 1759 1178
1178 8724 665
665 5156 1339
1339 6087 1581
1581 9022 844
844 2635 323
6
1113 1774 1649
1649 6139 1648
1648 5491 1949
1949 1301 674
674 6620 916
916 3741 323
6
1113 1783 2884
2884 8905 1401
1401 7369 1514
1514 2471 755
755 4767 2058
2058 109 323
6
1113 1796 1
1 105 1462
1462 8967 1068
1068 2977 2313
2313 330 989
989 2002 323
6
1113 1804 2507
2507 9008 2333
2333 9083 2680
2680 1819 970
970 2357 912
912 630 323
6
1113 1827 30
30 1062 2588
2588 5620 2107
2107 3254 782
782 1913 1500
1500 3559 323
6
1113 1828 1233
1233 8901 2778
2778 7814 1281
1281 6865 422
422 530 2823
2823 1013 323
6
1113 1830 1476
1476 8725 39
39 8422 2706
2706 2702 2872
2872 6191 1885
1885 548 323
6
1113 1833 2422
2422 5074 1882
1882 1026 2255
2255 4407 426
426 8738 458
458 4465 323
6
1113 1836 2880
2880 6223 454
454 6348 2796
2796 1512 1899
1899 8866 2141
2141 1879 323
6
1113 1840 339
339 2295 1035
1035 4502 2150
2150 3509 2742
2742 1926 688
688 1316 323
6
1113 1841 166
166 4814 2457
2457 6148 106
106 676 2902
2902 435 2490
2490 7200 323
6
1113 1845 381
381 4480 2112
2112 9582 1569
1569 8399 2996
2996 527 878
878 1703 323
6
1113 1847 1858
1858 8879 924
924 6700 930
930 185 2452
2452 2045 1157
1157 5714 323
6
1113 1850 1461
1461 8754 882
882 304 507
507 8380 1361
1361 3045 1092
1092 3013 323
6
1113 1852 1676
1676 165 1094
1094 4382 2812
2812 4537 465
465 9445 484
484 4685 323
6
1113 1894 2388
2388 591 522
522 9545 2545
2545 151 256
256 336 2083
2083 2090 323
6
1113 1897 2574
2574 2221 2070
2070 5510 78
78 6404 1975
1975 3867 139
139 5164 323
6
1113 1907 1383
1383 8406 1779
1779 6068 1864
1864 8957 1755
1755 3986 2071
2071 5026 323
6
1113 1916 1082
1082 2621 245
245 3291 987
987 5823 1716
1716 7517 1753
1753 2966 323
6
1113 1925 1732
1732 798 475
475 8873 1478
1478 1631 2469
2469 9296 80
80 2601 323
6
1113 1937 783
783 214 439
439 8014 780
780 3838 1942
1942 2649 2528
2528 637 323
6
1113 1951 2374
2374 7267 684
684 1665 2713
2713 6772 247
247 1952 1442
1442 509 323
6
1113 1953 217
217 6566 1804
1804 7881 2686
2686 1424 1407
1407 366 1974
1974 3265 323
6
1113 1956 562
562 4449 1729
1729 3229 1032
1032 1885 2002
2002 7431 1019
1019 2540 323
6
1113 1960 1711
1711 5850 786
786 2837 1192
1192 378 1905
1905 3135 2544
2544 2351 323
6
1113 1963 2870
2870 6516 358
358 4672 1805
1805 49 1074
1074 6770 2599
2599 35 323
6
1113 1965 1057
1057 5558 1644
1644 3493 173
173 9823 1865
1865 5680 2878
2878 1355 323
6
1113 1976 1973
1973 3620 483
483 3026 1023
1023 3183 729
729 9922 177
177 603 323
6
1113 1989 1760
1760 8877 2326
2326 1482 1843
1843 7435 724
724 467 77
77 1935 323
6
1113 1994 1717
1717 6236 155
155 4894 127
127 1064 1706
1706 5370 2147
2147 3850 323
6
1113 1999 2987
2987 7868 1456
1456 588 25
25 6759 1460
1460 2900 2200
2200 1135 323
6
1113 2007 1182
1182 2215 1334
1334 3516 2616
2616 5355 1526
1526 8054 2114
2114 4269 323
6
1113 2013 306
306 2888 359
359 2455 2802
2802 2432 126
126 3693 148
148 5003 323
6
1113 2022 401
401 5059 814
814 6567 752
752 6932 2640
2640 7512 867
867 1982 323
6
1113 2043 2468
2468 2787 42
42 6607 1613
1613 7841 613
613 971 1360
1360 1303 323
6
1113 2073 1465
1465 2178 90
90 7877 2846
2846 44 2889
2889 1763 2156
2156 2085 323
6
1113 2075 785
785 6099 172
172 2592 1811
1811 3959 1511
1511 857 2708
2708 97 323
6
1113 2088 2367
2367 270 725
725 6897 2885
2885 9678 2280
2280 6468 1606
1606 1410 323
6
1113 2104 101
101 3161 1700
1700 7895 2809
2809 2915 1545
1545 1249 999
999 3234 323
6
1113 2105 250
250 8648 203
203 7139 2835
2835 5123 1498
1498 9473 2593
2593 1014 323
6
1113 2107 1782
1782 803 481
481 1848 470
470 2784 932
932 3011 2306
2306 5921 323
6
1113 2108 2057
2057 2189 89
89 896 1859
1859 9571 2714
2714 665 1952
1952 869 323
6
1113 2111 898
898 3795 1440
1440 4555 2312
2312 8220 132
132 557 137
137 1778 323
6
1113 2124 1002
1002 7572 490
490 2983 1876
1876 2345 2831
2831 7693 1593
1593 3211 323
6
1113 2130 1144
1144 9716 91
91 6001 1336
1336 9037 2604
2604 3935 623
623 3798 323
6
1113 2145 1708
1708 4847 1558
1558 8876 167
167 7194 503
503 1208 573
573 3319 323
6
1113 2147 100
100 6738 2786
2786 4402 1195
1195 88 1516
1516 5342 443
443 830 323
6
1113 2161 2006
2006 2419 2965
2965 398 2871
2871 2473 2628
2628 8551 1397
1397 1015 323
6
1113 2164 2950
2950 8700 1017
1017 8512 374
374 3081 2546
2546 3137 2187
2187 2439 323
6
1113 2176 364
364 2292 2862
2862 2853 2016
2016 876 802
802 1024 8
8 6 323
6
1113 2201 1180
1180 1322 1726
1726 3428 855
855 705 2736
2736 3866 1801
1801 2528 323
6
1113 2209 2724
2724 251 753
753 921 1527
1527 5959 2612
2612 4216 1689
1689 2760 323
6
1113 2223 2538
2538 7278 2514
2514 2041 1785
1785 6067 608
608 8462 2272
2272 1284 323
6
1113 2226 2025
2025 9199 2427
2427 7949 2655
2655 2482 1072
1072 9730 2935
2935 239 323
6
1113 2230 1241
1241 2895 112
112 2944 1212
1212 1361 859
859 1181 1240
1240 2753 323
6
1113 2233 2882
2882 426 2265
2265 3656 1766
1766 2368 2758
2758 8178 990
990 945 323
6
1113 2235 823
823 8032 235
235 8049 2421
2421 1132 1720
1720 2347 2493
2493 4108 323
6
1113 2238 504
504 2224 2784
2784 2156 1497
1497 8118 2541
2541 4069 1892
1892 1969 323
6
1113 2243 2974
2974 8502 1025
1025 8221 312
312 397 280
280 1345 1923
1923 6397 323
6
1113 2248 1163
1163 6903 1128
1128 3669 1661
1661 3387 1047
1047 4556 933
933 199 323
6
1113 2255 634
634 6232 1797
1797 9345 1943
1943 1485 772
772 6893 1626
1626 2496 323
6
1113 2273 1211
1211 1768 54
54 3549 1480
1480 2210 2743
2743 1098 1160
1160 640 323
6
1113 2278 2685
2685 5222 2504
2504 5773 1790
1790 686 875
875 3528 2764
2764 3098 323
6
1113 2296 663
663 7236 2621
2621 5520 2290
2290 6488 51
51 5254 237
237 211 323
6
1113 2298 2142
2142 7437 2692
2692 8633 1007
1007 2532 385
385 7519 1577
1577 1174 323
6
1113 2307 225
225 7769 1264
1264 4825 622
622 5737 800
800 6855 540
540 1332 323
6
1113 2318 1039
1039 9825 1978
1978 32 1340
1340 9287 320
320 6305 170
170 4342 323
6
1113 2328 22
22 2906 2867
2867 742 1535
1535 5952 758
758 427 1909
1909 2954 323
6
1113 2335 1792
1792 8707 2270
2270 4845 2155
2155 1470 632
632 2639 687
687 639 323
6
1113 2339 2124
2124 5395 183
183 3186 1718
1718 3812 907
907 1863 1550
1550 4112 323
6
1113 2342 2426
2426 2314 2555
2555 8259 671
671 9258 2364
2364 7108 937
937 568 323
6
1113 2349 1962
1962 9640 1867
1867 5015 2371
2371 8243 708
708 1405 519
519 1391 323
6
1113 2358 2287
2287 6024 2031
2031 1587 1980
1980 7840 2647
2647 6895 2140
2140 5488 323
6
1113 2361 1884
1884 1264 1747
1747 457 2207
2207 4008 807
807 3005 437
437 1166 323
6
1113 2374 1800
1800 5001 1588
1588 7608 1272
1272 9081 293
293 2992 1288
1288 287 323
6
1113 2389 771
771 1442 2310
2310 6018 1302
1302 3246 138
138 4486 957
957 7919 323
6
1113 2394 1688
1688 8041 1999
1999 1675 961
961 4906 86
86 974 816
816 364 323
6
1113 2406 53
53 4860 709
709 3097 710
710 1226 1294
1294 2187 1381
1381 3698 323
6
1113 2420 1623
1623 814 2864
2864 1641 2334
2334 3191 35
35 6668 2386
2386 2331 323
6
1113 2446 2770
2770 3341 1090
1090 2297 535
535 9581 557
557 3210 2617
2617 78 323
6
1113 2466 2247
2247 2390 2719
2719 2208 2636
2636 1130 2228
2228 2730 402
402 357 323
6
1113 2478 735
735 1201 1682
1682 2402 309
309 586 1299
1299 2902 1127
1127 4199 323
6
1113 2484 265
265 139 2556
2556 4525 682
682 3480 1279
1279 8556 2398
2398 8109 323
6
1113 2488 794
794 3735 2848
2848 8582 1308
1308 15 379
379 4450 2522
2522 166 323
6
1113 2501 122
122 8672 2
2 299 1599
1599 3350 2861
2861 370 2506
2506 2313 323
6
1113 2510 561
561 1165 486
486 1699 1490
1490 6396 1996
1996 8932 371
371 6658 323
6
1113 2512 1085
1085 2293 2183
2183 648 2561
2561 7159 2579
2579 5220 2346
2346 4141 323
6
1113 2519 1194
1194 6559 209
209 6062 1741
1741 4932 1198
1198 2228 1158
1158 5560 323
6
1113 2524 29
29 7165 1981
1981 1753 2963
2963 1881 2564
2564 8687 914
914 1684 323
6
1113 2525 2040
2040 2203 231
231 3750 2158
2158 3420 2393
2393 1693 1079
1079 573 323
6
1113 2531 2217
2217 6072 2982
2982 3648 2115
2115 132 2063
2063 4501 2532
2532 825 323
6
1113 2552 1775
1775 2059 2530
2530 727 2801
2801 9433 570
570 759 1694
1694 1056 323
6
1113 2555 757
757 5985 1012
1012 7018 2526
2526 4619 2554
2554 7604 1432
1432 1733 323
6
1113 2557 1568
1568 8880 2518
2518 5376 342
342 6940 821
821 4890 2890
2890 4014 323
6
1113 2559 130
130 2869 743
743 860 1666
1666 2211 171
171 3340 255
255 5285 323
6
1113 2560 1357
1357 1844 494
494 7457 662
662 1805 998
998 6690 1684
1684 4497 323
6
1113 2572 2917
2917 4102 2730
2730 9569 747
747 3660 2423
2423 2009 2113
2113 647 323
6
1113 2577 1985
1985 4089 1327
1327 4024 832
832 2391 1027
1027 4691 2233
2233 319 323
6
1113 2600 781
781 5860 2166
2166 5316 2606
2606 9334 262
262 4840 544
544 402 323
6
1113 2634 888
888 6284 378
378 1082 495
495 3632 554
554 143 1828
1828 181 323
6
1113 2637 2339
2339 7610 1969
1969 5776 1091
1091 3200 1131
1131 393 979
979 2141 323
6
1113 2642 2399
2399 6002 1625
1625 1287 479
479 1161 1724
1724 6913 1742
1742 2628 323
6
1113 2645 2847
2847 5315 746
746 1342 2781
2781 3414 1122
1122 303 2420
2420 3773 323
6
1113 2657 853
853 6767 2642
2642 6309 904
904 1110 984
984 1747 1270
1270 4879 323
6
1113 2661 2344
2344 1212 104
104 7835 893
893 4027 74
74 8035 1313
1313 1449 323
6
1113 2690 2592
2592 6112 192
192 3022 284
284 9015 631
631 6976 693
693 2486 323
6
1113 2694 1522
1522 1656 1155
1155 2304 1696
1696 1374 2037
2037 1551 1977
1977 333 323
6
1113 2695 2788
2788 8498 2477
2477 6375 2856
2856 1476 686
686 9796 1213
1213 5865 323
6
1113 2704 1614
1614 3992 2508
2508 7678 1622
1622 1308 2276
2276 164 790
790 3560 323
6
1113 2709 1931
1931 6253 1608
1608 128 2328
2328 2127 667
667 8786 1324
1324 1987 323
6
1113 2720 1004
1004 1855 865
865 6344 841
841 7143 515
515 8636 1300
1300 4255 323
6
1113 2738 1354
1354 7713 2900
2900 4212 1053
1053 1304 206
206 1395 2681
2681 1576 323
6
1113 2762 300
300 7226 79
79 2219 463
463 2746 1367
1367 7562 2476
2476 1504 323
6
1113 2769 316
316 7067 2645
2645 8574 1307
1307 9665 482
482 988 328
328 3046 323
6
1113 2790 629
629 4028 1482
1482 868 176
176 7340 995
995 952 2271
2271 4204 323
6
1113 2792 568
568 2796 1781
1781 8075 2391
2391 5799 714
714 3585 2154
2154 3255 323
6
1113 2802 360
360 3975 894
894 8739 1773
1773 4679 421
421 1614 884
884 1084 323
6
1113 2818 591
591 6754 1316
1316 9511 159
159 1197 695
695 8155 345
345 1655 323
6
1113 2856 1036
1036 7171 418
418 2259 1444
1444 789 1119
1119 1202 2583
2583 1150 323
6
1113 2872 2482
2482 2834 88
88 6574 2701
2701 1886 537
537 612 1838
1838 3273 323
6
1113 2880 2175
2175 9107 1275
1275 9051 447
447 8563 1541
1541 5306 205
205 2440 323
6
1113 2891 474
474 7534 2224
2224 2132 1880
1880 8557 66
66 2450 347
347 3545 323
6
1113 2901 329
329 2778 543
543 905 464
464 3839 2170
2170 1983 1262
1262 1922 323
6
1113 2904 1145
1145 2578 2094
2094 4494 2557
2557 155 2092
2092 3282 278
278 3172 323
6
1113 2912 2566
2566 5884 2733
2733 1820 1767
1767 4075 2471
2471 1521 2325
2325 1581 323
6
1113 2917 1008
1008 4444 1758
1758 3278 1448
1448 4813 2533
2533 1541 877
877 5386 323
6
1113 2936 1373
1373 4514 2237
2237 4936 1502
1502 1057 1132
1132 7785 2100
2100 3171 323
6
1113 2937 578
578 2885 2516
2516 7475 2193
2193 1336 2243
2243 8960 741
741 2539 323
6
1113 2946 1967
1967 8708 133
133 7894 2705
2705 3880 2805
2805 1 2320
2320 2256 323
6
1113 2964 2930
2930 8412 1756
1756 937 2568
2568 1134 610
610 1046 1363
1363 5024 323
6
1113 2965 1871
1871 2459 1188
1188 1055 1205
1205 2327 1592
1592 1454 318
318 1483 323
6
1113 2974 1848
1848 1417 1763
1763 9338 2598
2598 9396 1839
1839 9172 2419
2419 1780 323
6
1113 2979 2976
2976 1672 1552
1552 254 1191
1191 3352 1059
1059 1191 1645
1645 461 323
6
1113 2985 1921
1921 3368 2675
2675 5611 2803
2803 3883 1853
1853 3740 2491
2491 2923 323
6
1113 2990 2221
2221 3259 1619
1619 1594 1280
1280 902 1060
1060 3309 1095
1095 5185 323
6
1113 3009 2460
2460 3403 1563
1563 4811 1151
1151 2355 1172
1172 1228 451
451 963 323
6
1113 3033 2845
2845 4530 2615
2615 94 2888
2888 5869 1709
1709 750 2787
2787 351 323
6
1113 3040 462
462 337 2703
2703 2957 1647
1647 9390 2726
2726 3813 2134
2134 3682 323
6
1113 3053 2355
2355 986 1112
1112 7938 468
468 4263 1745
1745 7836 1934
1934 3728 323
6
1113 3057 442
442 6907 1972
1972 1650 1487
1487 2942 1674
1674 788 2774
2774 69 323
6
1113 3063 2676
2676 7941 1129
1129 8652 2707
2707 4140 227
227 9593 2300
2300 323 323
6
1113 3085 1559
1559 6113 2027
2027 3431 82
82 4384 1249
1249 423 975
975 3505 323
6
1113 3090 2779
2779 8184 694
694 1740 1247
1247 4491 1605
1605 3159 1077
1077 1402 323
6
1113 3095 160
160 3456 2799
2799 3889 2891
2891 3844 1120
1120 4651 2262
2262 1144 323
6
1113 3113 2354
2354 503 2054
2054 769 899
899 8057 59
59 470 292
292 2770 323
6
1113 3124 1235
1235 4334 1733
1733 5816 2718
2718 4035 1736
1736 8353 2486
2486 4091 323
6
1113 3127 1660
1660 1955 1257
1257 6217 2091
2091 5968 2524
2524 8854 207
207 2291 323
6
1113 3140 45
45 6049 2181
2181 747 2660
2660 1221 2225
2225 7387 2603
2603 3703 323
6
1113 3149 1655
1655 8108 1477
1477 594 1492
1492 7899 1114
1114 8756 586
586 1180 323
6
1113 3168 1815
1815 7033 804
804 2795 968
968 5094 1073
1073 4327 2519
2519 354 323
6
1113 3181 2061
2061 2576 858
858 1311 1901
1901 3016 1226
1226 1200 1344
1344 1157 323
6
1113 3182 1147
1147 9777 1836
1836 6229 1044
1044 8548 2235
2235 54 2458
2458 980 323
6
1113 3193 85
85 1682 2908
2908 9151 2829
2829 3841 23
23 9851 1202
1202 1386 323
6
1113 3209 1539
1539 3470 71
71 4962 2854
2854 5392 697
697 1073 499
499 2198 323
6
1113 3224 627
627 558 900
900 2381 2602
2602 2170 1777
1777 575 575
575 1404 323
6
1113 3225 2866
2866 2823 467
467 4101 2771
2771 3179 1420
1420 9623 1950
1950 781 323
6
1113 3244 640
640 1458 2535
2535 6109 340
340 7874 699
699 7551 2662
2662 4975 323
6
1113 3279 516
516 4171 392
392 9385 2253
2253 4119 1409
1409 27 584
584 654 323
6
1113 3281 2288
2288 3601 197
197 3060 2198
2198 3162 737
737 8927 951
951 4203 323
6
1113 3285 2356
2356 3674 1076
1076 3345 2929
2929 465 26
26 3092 736
736 498 323
6
1113 3303 2152
2152 8496 1842
1842 7054 2572
2572 1344 723
723 6833 903
903 4362 323
6
1113 3305 839
839 765 2611
2611 1826 1066
1066 1487 2759
2759 5568 69
69 4971 323
6
1113 3307 2627
2627 2417 2806
2806 2437 2206
2206 2416 726
726 6914 1833
1833 2656 323
6
1113 3312 84
84 5334 950
950 3805 496
496 3223 1236
1236 6384 1101
1101 4146 323
6
1113 3315 1187
1187 9360 2239
2239 9506 301
301 3069 420
420 148 1739
1739 1156 323
6
1113 3322 1475
1475 6039 1673
1673 3115 1297
1297 3376 1234
1234 169 1810
1810 3152 323
6
1113 3323 1111
1111 1445 2995
2995 899 2623
2623 1186 813
813 345 1984
1984 3732 323
6
1113 3334 2997
2997 9893 1009
1009 5412 1416
1416 8729 1033
1033 858 1181
1181 795 323
6
1113 3336 500
500 4930 2453
2453 8180 2099
2099 475 2133
2133 829 559
559 3221 323
6
1113 3349 1727
1727 1889 527
527 5642 1956
1956 2071 1437
1437 43 734
734 1878 323
6
1113 3358 2144
2144 4429 2256
2256 5861 1455
1455 3321 1345
1345 4967 956
956 2733 323
6
1113 3370 240
240 1671 2984
2984 2840 1597
1597 341 3
3 5277 1863
1863 5914 323
6
1113 3405 1237
1237 5573 1499
1499 8736 2347
2347 6712 1917
1917 1637 744
744 431 323
6
1113 3422 2570
2570 3458 1006
1006 3980 1746
1746 7491 792
792 3381 2838
2838 2415 323
6
1113 3433 2605
2605 3676 438
438 8940 2865
2865 4753 372
372 490 750
750 406 323
6
1113 3437 2844
2844 924 1664
1664 746 2894
2894 915 2449
2449 7803 652
652 4865 323
6
1113 3438 52
52 206 1869
1869 8604 2117
2117 8540 1216
1216 1724 2461
2461 1070 323
6
1113 3444 1868
1868 6315 685
685 6794 2138
2138 8024 2205
2205 7235 281
281 2549 323
6
1113 3454 1168
1168 4062 1936
1936 3969 2589
2589 321 2473
2473 582 47
47 178 323
6
1113 3475 1940
1940 1193 2052
2052 8095 2135
2135 6094 1557
1557 1153 973
973 1362 323
6
1113 3478 384
384 6582 2434
2434 2442 548
548 5000 2954
2954 2000 1337
1337 2847 323
6
1113 3507 20
20 9002 1551
1551 1382 1005
1005 822 357
357 6592 81
81 2172 323
6
1113 3518 1937
1937 9080 367
367 2812 866
866 5547 1449
1449 3129 2489
2489 5591 323
6
1113 3544 1556
1556 8523 2275
2275 7053 818
818 4875 1690
1690 3954 768
768 571 323
6
1113 3550 2979
2979 1617 1304
1304 6120 857
857 1712 472
472 442 664
664 1381 323
6
1113 3558 797
797 2789 198
198 3651 1301
1301 1679 1318
1318 11 2626
2626 3970 323
6
1113 3576 2000
2000 7488 1675
1675 217 2030
2030 506 2839
2839 8733 1851
1851 2617 323
6
1113 3586 1489
1489 2571 370
370 3342 2734
2734 6575 1372
1372 6526 2978
2978 485 323
6
1113 3635 1276
1276 1670 2853
2853 6969 604
604 2100 2321
2321 2140 935
935 4523 323
6
1113 3661 922
922 995 268
268 6923 2188
2188 9496 1501
1501 7028 1583
1583 175 323
6
1113 3675 892
892 4240 1330
1330 7445 365
365 8115 2670
2670 1259 2807
2807 684 323
6
1113 3691 118
118 8505 2299
2299 311 48
48 6089 835
835 6240 1701
1701 941 323
6
1113 3695 1176
1176 6463 449
449 4703 1377
1377 2157 1393
1393 445 1038
1038 2602 323
6
1113 3700 1537
1537 4349 2650
2650 1215 1904
1904 7240 1887
1887 2626 1494
1494 3900 323
6
1113 3702 2322
2322 3890 2745
2745 7013 230
230 3275 703
703 2963 1895
1895 6219 323
6
1113 3733 2498
2498 9807 2964
2964 9084 2145
2145 960 2102
2102 744 2652
2652 1239 323
6
1113 3738 1669
1669 1428 2960
2960 7129 1872
1872 1905 429
429 2288 601
601 975 323
6
1113 3749 1388
1388 2909 363
363 4650 2887
2887 757 1291
1291 2018 2674
2674 5614 323
6
1113 3780 556
556 5186 1171
1171 7024 2927
2927 7382 690
690 1590 2629
2629 3125 323
6
1113 3794 798
798 3570 356
356 242 1016
1016 1505 334
334 4106 375
375 2865 323
6
1113 3796 2789
2789 2820 1386
1386 2771 325
325 218 2232
2232 5719 847
847 249 323
6
1113 3831 2157
2157 9340 307
307 2312 2241
2241 7805 2614
2614 3678 2659
2659 3967 323
6
1113 3832 749
749 5817 1412
1412 4294 1464
1464 2418 2969
2969 4254 1530
1530 3849 323
6
1113 3862 2648
2648 3627 1857
1857 3253 2657
2657 1775 2790
2790 176 2439
2439 136 323
6
1113 3865 294
294 4881 305
305 6952 1051
1051 448 2160
2160 3354 2069
2069 1640 323
6
1113 3870 369
369 1534 2261
2261 441 2190
2190 3243 433
433 7392 502
502 123 323
6
1113 3872 327
327 2873 2362
2362 8806 863
863 8803 2478
2478 9711 539
539 6111 323
6
1113 3904 246
246 8090 1248
1248 842 285
285 3 789
789 281 1846
1846 1749 323
6
1113 3924 2975
2975 8570 187
187 6075 2059
2059 1992 2022
2022 5833 2841
2841 1700 323
6
1113 3929 149
149 3094 1084
1084 326 513
513 42 991
991 1210 2372
2372 2408 323
6
1113 3934 643
643 7796 2018
2018 1737 1459
1459 7176 2210
2210 5423 1855
1855 2502 323
6
1113 3938 811
811 348 2732
2732 347 2868
2868 4607 658
658 5984 450
450 305 323
6
1113 3968 614
614 2846 942
942 4924 628
628 7379 62
62 3621 2309
2309 4728 323
6
1113 3982 2656
2656 8208 228
228 3723 1881
1881 228 70
70 5577 2959
2959 627 323
6
1113 3995 2179
2179 3910 1672
1672 5331 2869
2869 7924 242
242 5032 1816
1816 5234 323
6
1113 3996 953
953 7077 189
189 309 2311
2311 2058 267
267 1412 2443
2443 1206 323
6
1113 4003 2485
2485 9583 2079
2079 8004 2509
2509 9501 2149
2149 4080 1162
1162 451 323
6
1113 4005 777
777 430 2084
2084 9773 1819
1819 9897 1445
1445 7257 2108
2108 1306 323
6
1113 4007 733
733 919 1342
1342 694 12
12 5523 1883
1883 1403 600
600 989 323
6
1113 4033 2249
2249 8272 354
354 2884 1602
1602 1185 2881
2881 1494 2236
2236 3949 323
6
1113 4041 1329
1329 369 87
87 6437 7
7 339 115
115 8137 102
102 523 323
6
1113 4050 2335
2335 6768 1656
1656 4625 2550
2550 4777 1260
1260 545 2269
2269 2943 323
6
1113 4064 1998
1998 6617 2893
2893 8503 434
434 4547 466
466 2935 795
795 1356 323
6
1113 4076 2501
2501 4918 2738
2738 7460 190
190 2271 2359
2359 7256 1976
1976 4819 323
6
1113 4115 1130
1130 7710 313
313 3177 239
239 2167 2456
2456 3640 2483
2483 2952 323
6
1113 4156 2939
2939 8954 1762
1762 1995 387
387 1093 2717
2717 2253 478
478 1230 323
6
1113 4170 666
666 3877 2214
2214 1801 1825
1825 1972 1034
1034 638 1979
1979 5765 323
6
1113 4188 1353
1353 7679 1528
1528 9542 617
617 5770 2234
2234 7425 2342
2342 7265 323
6
1113 4193 2756
2756 9127 718
718 6777 1117
1117 2411 2834
2834 4330 1075
1075 2165 323
6
1113 4218 2986
2986 1741 648
648 622 1692
1692 2064 582
582 8260 1817
1817 421 323
6
1113 4226 660
660 3962 2559
2559 2741 2907
2907 1233 119
119 2976 536
536 3088 323
6
1113 4245 1919
1919 6328 2798
2798 7134 2947
2947 5690 163
163 7917 2776
2776 1441 323
6
1113 4284 2749
2749 719 1064
1064 4200 432
432 1962 2055
2055 2369 2797
2797 539 323
6
1113 4286 50
50 5292 1641
1641 2470 874
874 7436 550
550 6143 2683
2683 4643 323
6
1113 4296 2590
2590 7225 512
512 1771 2725
2725 4231 1468
1468 5286 2327
2327 1573 323
6
1113 4302 1067
1067 9842 1485
1485 5262 2731
2731 9120 311
311 3820 2316
2316 2333 323
6
1113 4314 2303
2303 2786 1922
1922 3609 982
982 5155 2816
2816 7100 1806
1806 516 323
6
1113 4337 2709
2709 6337 1209
1209 3258 2785
2785 6205 2601
2601 3947 1335
1335 1112 323
6
1113 4359 1472
1472 6534 1406
1406 8228 186
186 8684 645
645 2511 2721
2721 3292 323
6
1113 4366 2436
2436 1651 681
681 5934 92
92 836 1290
1290 6187 248
248 2323 323
6
1113 4381 1295
1295 618 1421
1421 5939 2223
2223 2740 1776
1776 4397 2110
2110 1396 323
6
1113 4394 1229
1229 1606 2220
2220 2353 670
670 7920 2941
2941 1139 2380
2380 2196 323
6
1113 4399 1824
1824 1942 2376
2376 990 1173
1173 5085 408
408 3426 169
169 81 323
6
1113 4400 1827
1827 6659 2410
2410 5790 861
861 2467 881
881 6615 2968
2968 2225 323
6
1113 4414 1507
1507 562 1138
1138 4620 597
597 1321 2090
2090 9245 2857
2857 1927 323
6
1113 4431 1123
1123 4695 2291
2291 8079 2172
2172 4973 1548
1548 8597 669
669 502 323
6
1113 4432 2466
2466 7466 2958
2958 1146 2876
2876 981 1966
1966 4544 849
849 2290 323
6
1113 4451 1107
1107 6325 1875
1875 7891 2754
2754 1034 778
778 9443 492
492 2744 323
6
1113 4461 5
5 7349 2906
2906 6509 1471
1471 3692 224
224 6647 286
286 871 323
6
1113 4485 2041
2041 4071 382
382 9830 1971
1971 8686 1587
1587 605 1174
1174 1586 323
6
1113 4520 2413
2413 2084 2515
2515 1219 1860
1860 1364 510
510 6966 2437
2437 3535 323
6
1113 4533 1089
1089 2479 1382
1382 5739 2943
2943 188 276
276 1141 1634
1634 4155 323
6
1113 4539 1571
1571 5866 1271
1271 867 2632
2632 1875 2700
2700 4848 864
864 4869 323
6
1113 4546 701
701 7921 2783
2783 7929 885
885 3574 1508
1508 3036 616
616 2497 323
6
1113 4550 2273
2273 7058 2282
2282 6606 440
440 9185 56
56 9735 1042
1042 597 323
6
1113 4557 2163
2163 5338 153
153 5431 1620
1620 3379 2029
2029 2701 152
152 1824 323
6
1113 4600 117
117 9446 1481
1481 880 195
195 2839 1467
1467 2453 1663
1663 4291 323
6
1113 4602 2053
2053 9847 9
9 3953 967
967 7239 2897
2897 6758 1167
1167 593 323
6
1113 4615 2537
2537 5679 1770
1770 2887 2104
2104 7842 675
675 1231 1203
1203 7 323
6
1113 4617 1126
1126 4624 931
931 1009 2639
2639 5888 1116
1116 2250 1315
1315 1211 323
6
1113 4628 2195
2195 1205 2585
2585 353 2414
2414 2829 2401
2401 1262 2914
2914 1862 323
6
1113 4772 264
264 9468 533
533 4592 1133
1133 4122 637
637 8771 2925
2925 4487 323
6
1113 4818 303
303 5562 2074
2074 1459 2502
2502 659 1152
1152 1565 4
4 6169 323
6
1113 4868 2729
2729 584 2289
2289 4771 1681
1681 207 1911
1911 390 2242
2242 3064 323
6
1113 4897 1704
1704 1634 1616
1616 1509 1536
1536 5175 1898
1898 4976 1436
1436 4476 323
6
1113 4917 2529
2529 59 2567
2567 9486 564
564 4660 1196
1196 8529 2046
2046 1708 323
6
1113 4941 880
880 7170 49
49 7107 1169
1169 3902 962
962 8537 644
644 6081 323
6
1113 4963 2162
2162 1508 1063
1063 7828 1947
1947 6679 1570
1570 51 760
760 6097 323
6
1113 4966 124
124 1558 796
796 4312 2586
2586 8335 2164
2164 768 1190
1190 7837 323
6
1113 4968 1691
1691 2379 2352
2352 3690 238
238 1168 1323
1323 1985 2330
2330 2275 323
6
1113 4985 551
551 6619 1392
1392 831 793
793 624 2746
2746 813 761
761 3382 323
6
1113 4992 1849
1849 2535 2767
2767 1385 2769
2769 4321 762
762 1864 2534
2534 3715 323
6
1113 5014 164
164 8457 1309
1309 8369 2932
2932 1222 2665
2665 2724 1685
1685 2042 323
6
1113 5060 1311
1311 6664 396
396 4589 2973
2973 8613 2837
2837 4185 1610
1610 2457 323
6
1113 5081 444
444 8976 2481
2481 6546 659
659 8195 677
677 2614 1096
1096 1981 323
6
1113 5082 1263
1263 9813 2595
2595 5300 1837
1837 5889 1266
1266 3533 1547
1547 5408 323
6
1113 5102 351
351 9788 2098
2098 7991 1783
1783 870 1486
1486 1825 1791
1791 3467 323
6
1113 5119 2800
2800 2620 2625
2625 4690 1714
1714 2732 560
560 2477 1418
1418 2037 323
6
1113 5157 1793
1793 4411 98
98 3466 1995
1995 8974 140
140 782 906
906 3102 323
6
1113 5246 178
178 5108 2020
2020 8244 2036
2036 565 993
993 7670 2977
2977 4047 323
6
1113 5284 944
944 3331 295
295 6491 1930
1930 7565 1835
1835 1635 131
131 4642 323
6
1113 5305 2852
2852 7126 2387
2387 9800 2512
2512 3556 174
174 7034 2505
2505 1890 323
6
1113 5360 1743
1743 2693 673
673 3241 1021
1021 4519 1894
1894 3047 607
607 6821 323
6
1113 5367 2696
2696 6102 1100
1100 4323 1255
1255 1543 2488
2488 7133 2677
2677 790 323
6
1113 5409 1223
1223 569 145
145 4612 1331
1331 2008 572
572 2213 2948
2948 1190 323
6
1113 5432 2023
2023 8107 397
397 2815 185
185 2138 996
996 7735 615
615 2938 323
6
1113 5518 1070
1070 7607 2231
2231 739 2213
2213 6098 1154
1154 3103 423
423 3157 323
6
1113 5589 1589
1589 5780 2748
2748 1843 1847
1847 651 1215
1215 4567 191
191 453 323
6
1113 5594 731
731 6383 2349
2349 3896 1646
1646 7366 520
520 53 505
505 3945 323
6
1113 5641 2211
2211 6963 430
430 8959 202
202 2 2407
2407 4843 619
619 2950 323
6
1113 5644 2527
2527 4749 2689
2689 9931 28
28 9684 1243
1243 3565 1447
1447 520 323
6
1113 5662 15
15 4081 400
400 8009 2304
2304 5172 1907
1907 3288 1740
1740 3757 323
6
1113 5696 1031
1031 3782 1554
1554 3770 827
827 3823 1927
1927 2403 2416
2416 4006 323
6
1113 5703 1748
1748 1358 2454
2454 9262 2318
2318 6255 1415
1415 7807 368
368 671 323
6
1113 5716 1166
1166 1004 1398
1398 579 1110
1110 417 2278
2278 8642 1604
1604 2169 323
6
1113 5747 2934
2934 8275 2283
2283 1898 2003
2003 1556 2921
2921 3418 1840
1840 875 323
6
1113 5769 592
592 7080 692
692 6280 530
530 3955 696
696 4510 851
851 463 323
6
1113 5821 1722
1722 7873 184
184 9962 1893
1893 9546 2901
2901 574 2926
2926 268 323
6
1113 5875 1228
1228 332 1355
1355 8325 409
409 394 945
945 4462 2833
2833 2463 323
6
1113 5883 361
361 399 452
452 1539 1912
1912 1832 1549
1549 1471 2191
2191 2286 323
6
1113 5901 928
928 2367 2403
2403 9725 2855
2855 7601 727
727 1121 1387
1387 3049 323
6
1113 5923 2119
2119 3747 415
415 6804 404
404 7399 1862
1862 471 1457
1457 4469 323
6
1113 5974 1362
1362 5966 509
509 5977 1161
1161 2429 1210
1210 2783 1376
1376 292 323
6
1113 5978 2361
2361 437 997
997 9603 1495
1495 2152 770
770 7282 2045
2045 4987 323
6
1113 6074 2757
2757 948 1710
1710 8909 1707
1707 7070 1332
1332 1225 1179
1179 1888 323
6
1113 6084 612
612 3296 981
981 791 2286
2286 7933 2558
2558 7317 2350
2350 5202 323
6
1113 6095 321
321 6750 416
416 6988 2151
2151 617 846
846 602 348
348 6513 323
6
1113 6151 938
938 3665 501
501 3662 1529
1529 2409 1022
1022 1265 1274
1274 687 323
6
1113 6155 1396
1396 7059 2012
2012 7656 2230
2230 8925 393
393 1554 2747
2747 1786 323
6
1113 6199 1106
1106 939 453
453 2102 641
641 7994 1140
1140 1599 2920
2920 14 323
6
1113 6260 2575
2575 6909 1109
1109 2898 1253
1253 9652 2553
2553 4947 128
128 2448 323
6
1113 6381 1030
1030 6263 1207
1207 881 436
436 8256 272
272 1808 2065
2065 2121 323
6
1113 6448 296
296 3543 879
879 5393 1434
1434 953 121
121 5588 805
805 2875 323
6
1113 6475 834
834 542 1650
1650 9103 2254
2254 507 2305
2305 818 583
583 1111 323
6
1113 6492 424
424 6522 2563
2563 8451 2671
2671 6868 425
425 3111 833
833 2197 323
6
1113 6510 2993
2993 4850 2176
2176 4303 1908
1908 3658 571
571 482 2396
2396 4904 323
6
1113 6514 2332
2332 8234 1250
1250 5481 1574
1574 784 1994
1994 1746 910
910 4538 323
6
1113 6569 2584
2584 635 1624
1624 4258 129
129 7458 2503
2503 1838 2073
2073 4639 323
6
1113 6571 2302
2302 2652 1422
1422 4213 2178
2178 4999 2366
2366 6029 2397
2397 589 323
6
1113 6576 889
889 4893 936
936 2860 869
869 2774 524
524 63 1965
1965 1373 323
6
1113 6636 2510
2510 9089 1320
1320 5043 258
258 3165 825
825 4405 34
34 1813 323
6
1113 6785 2363
2363 6677 1982
1982 3752 1326
1326 2462 1683
1683 1383 1488
1488 4909 323
6
1113 6885 1913
1913 2517 2886
2886 1138 2042
2042 4178 2103
2103 2780 1590
1590 1867 323
6
1113 6949 113
113 7499 489
489 2106 1990
1990 6316 1850
1850 501 2942
2942 3462 323
6
1113 6961 2827
2827 4010 1826
1826 9459 2694
2694 7092 254
254 944 2431
2431 1105 323
6
1113 6972 606
606 8398 576
576 1572 413
413 382 2174
2174 3185 872
872 709 323
6
1113 7052 335
335 5188 646
646 6861 1365
1365 2474 2992
2992 6267 407
407 4187 323
6
1113 7055 362
362 7662 2821
2821 7422 1384
1384 3445 2704
2704 3178 2794
2794 2427 323
6
1113 7271 2750
2750 7302 958
958 6152 251
251 3511 1820
1820 4673 275
275 1314 323
6
1113 7337 2086
2086 4603 2663
2663 1392 1137
1137 8130 2442
2442 6372 2883
2883 3557 323
6
1113 7375 769
769 5280 926
926 4970 1772
1772 3860 108
108 1636 1115
1115 1574 323
6
1113 7441 2047
2047 2181 395
395 2647 473
473 2757 2301
2301 5165 2780
2780 4823 323
6
1113 7459 1341
1341 3294 1430
1430 3122 61
61 5313 1282
1282 9756 2565
2565 2868 323
6
1113 7470 162
162 6838 1189
1189 4764 2402
2402 5079 1200
1200 1654 1986
1986 225 323
6
1113 7526 1404
1404 2607 2661
2661 7148 2357
2357 2750 302
302 2668 2613
2613 933 323
6
1113 7648 33
33 656 455
455 2179 1873
1873 3529 909
909 277 299
299 2066 323
6
1113 7653 2173
2173 7183 1924
1924 6737 542
542 3534 1642
1642 1309 1040
1040 3717 323
6
1113 7726 67
67 8578 2331
2331 4184 1632
1632 3072 1761
1761 6693 336
336 611 323
6
1113 7789 2542
2542 4331 1286
1286 5566 756
756 3762 2638
2638 8660 469
469 3295 323
6
1113 8158 405
405 8591 2573
2573 2899 842
842 4073 1941
1941 779 2424
2424 4725 323
6
1113 8181 1185
1185 7747 2873
2873 7368 2340
2340 5325 2323
2323 1072 1600
1600 1553 323
6
1113 8444 2394
2394 2445 1265
1265 2177 803
803 3068 742
742 2545 2246
2246 984 323
6
1113 8583 776
776 3435 2552
2552 7521 850
850 623 2622
2622 6254 2484
2484 1645 323
