100
30
809 8 2062
2062 4670 503
503 753 1398
1398 2299 421
421 325 1226
1226 4578 757
757 4064 1117
1117 575 1511
1511 1995 2136
2136 1164 97
97 2552 1787
1787 2736 1821
1821 4464 668
668 27 1288
1288 723 1947
1947 4637 1735
1735 2330 1965
1965 6044 582
582 745 1321
1321 3239 784
784 4347 766
766 7594 2196
2196 4137 322
322 6316 2846
2846 305 1396
1396 3394 2069
2069 2055 1455
1455 444 2414
2414 1859 559
559 870 454
30
809 10 145
145 2440 1012
1012 704 2569
2569 1192 26
26 4260 1022
1022 4253 2675
2675 3191 605
605 5649 2469
2469 1663 1293
1293 1320 1338
1338 1075 2359
2359 2582 886
886 6775 1201
1201 1170 1553
1553 7596 2094
2094 7027 2169
2169 2237 2255
2255 4046 2219
2219 925 619
619 295 363
363 493 2448
2448 2097 1383
1383 185 1369
1369 94 519
519 7729 2308
2308 2219 2335
2335 6702 1702
1702 3286 1298
1298 1883 1043
1043 352 454
30
809 65 110
110 7791 1125
1125 3373 1085
1085 2571 1215
1215 3188 367
367 6911 354
354 8067 2870
2870 751 999
999 4151 2554
2554 3592 442
442 2082 2693
2693 7004 2605
2605 6513 1062
1062 1929 1352
1352 3863 443
443 4711 13
13 3153 2660
2660 838 2301
2301 8664 677
677 2010 25
25 2811 2610
2610 5725 320
320 3631 694
694 1089 667
667 5527 2842
2842 6468 1838
1838 1080 1711
1711 2574 1550
1550 557 862
862 1703 454
30
809 75 1794
1794 6576 1037
1037 2577 2749
2749 4125 833
833 2612 1676
1676 765 285
285 2003 2334
2334 3048 52
52 3916 264
264 5449 2589
2589 2304 724
724 197 2416
2416 8640 2727
2727 8476 1888
1888 5066 173
173 4653 1006
1006 3475 1450
1450 8541 2146
2146 5042 2737
2737 3113 544
544 2803 2674
2674 761 507
507 3450 477
477 777 1636
1636 3683 2869
2869 1878 808
808 2329 2357
2357 1672 2131
2131 1010 960
960 242 454
30
809 104 2454
2454 8287 502
502 2117 2771
2771 174 338
338 2302 518
518 2499 912
912 1038 828
828 2006 1641
1641 59 762
762 662 63
63 5318 1597
1597 1112 46
46 1950 627
627 1161 129
129 3486 2099
2099 6807 565
565 4358 1
1 7968 369
369 558 1105
1105 4774 74
74 615 119
119 1832 2070
2070 2808 415
415 818 479
479 2178 1483
1483 5155 1539
1539 4059 496
496 6474 3
3 8385 926
926 1037 454
30
809 165 239
239 886 1447
1447 486 1217
1217 4448 2089
2089 1733 1862
1862 3765 650
650 866 2874
2874 5473 1001
1001 5534 2587
2587 8611 2532
2532 8324 1406
1406 3497 2819
2819 5698 1863
1863 3381 1812
1812 535 916
916 7206 1427
1427 4488 1014
1014 6995 2691
2691 2593 1751
1751 130 2804
2804 1923 2580
2580 3958 1229
1229 1348 2003
2003 529 2207
2207 6073 2265
2265 2060 1045
1045 3812 1555
1555 468 1337
1337 6238 2287
2287 5566 454
30
809 184 156
156 1381 2571
2571 24 2318
2318 3813 917
917 6418 199
199 2211 1583
1583 1183 2868
2868 5364 2355
2355 1933 1316
1316 202 939
939 4976 1468
1468 3206 2791
2791 2091 1624
1624 1958 567
567 1026 499
499 1543 752
752 1366 954
954 2597 4
4 4324 137
137 401 509
509 5430 428
428 2849 408
408 2521 256
256 2093 1598
1598 658 87
87 726 1957
1957 1603 1377
1377 48 2540
2540 5111 1627
1627 1095 454
30
809 271 1649
1649 3145 1692
1692 3270 2822
2822 1266 995
995 684 1799
1799 1955 630
630 6120 787
787 2968 1399
1399 6447 359
359 4538 1744
1744 7140 2314
2314 1353 17
17 797 634
634 7125 2325
2325 2419 1376
1376 993 919
919 8198 1319
1319 1033 2237
2237 6649 672
672 4725 1052
1052 5811 793
793 1697 1116
1116 5191 1518
1518 995 1098
1098 3925 2465
2465 1039 169
169 230 1308
1308 2265 482
482 1709 174
174 2065 454
30
809 276 523
523 2023 2623
2623 1063 1185
1185 1554 1477
1477 759 128
128 3714 2155
2155 4144 690
690 4611 1603
1603 2776 1139
1139 4804 905
905 7397 504
504 1537 2518
2518 6183 1774
1774 3250 779
779 3544 911
911 2067 2434
2434 1213 2347
2347 2081 2784
2784 4420 68
68 2955 2227
2227 1165 803
803 6594 1049
1049 4116 176
176 2835 357
357 2204 1878
1878 695 1211
1211 113 717
717 4701 924
924 3675 1315
1315 934 454
30
809 279 2272
2272 1294 1029
1029 3495 2701
2701 1121 1937
1937 625 2482
2482 4731 1969
1969 904 782
782 6856 2133
2133 5008 100
100 5170 574
574 2331 2634
2634 1004 2890
2890 566 2793
2793 1647 2165
2165 555 1100
1100 1191 1190
1190 2169 1491
1491 2062 858
858 961 2102
2102 666 15
15 4451 1786
1786 229 2015
2015 788 645
645 2153 1280
1280 563 1346
1346 4235 2653
2653 8032 425
425 7927 318
318 386 2250
2250 4218 454
30
809 285 1988
1988 2762 191
191 2257 883
883 894 2586
2586 3893 2570
2570 2857 1242
1242 1627 1306
1306 1865 1584
1584 6504 2054
2054 4186 1138
1138 1519 971
971 2915 2860
2860 1101 2418
2418 6748 2612
2612 852 2319
2319 3556 1128
1128 4624 2351
2351 3218 1984
1984 5057 2379
2379 2647 698
698 7001 132
132 5104 1697
1697 8366 266
266 3199 238
238 1190 560
560 4360 980
980 2047 2707
2707 5751 1953
1953 8188 1360
1360 525 454
30
809 312 1578
1578 603 390
390 1364 1753
1753 6435 1535
1535 4768 2130
2130 1137 115
115 6329 2594
2594 2799 2068
2068 4390 854
854 1045 1991
1991 7734 1235
1235 3501 665
665 156 152
152 2728 535
535 6133 1776
1776 1830 2830
2830 7745 675
675 6508 648
648 3832 2630
2630 7024 2799
2799 122 1031
1031 4191 1245
1245 4365 622
622 1821 2690
2690 3555 786
786 960 1079
1079 786 584
584 2311 1026
1026 7545 1938
1938 6 454
30
809 313 1120
1120 7568 2548
2548 3021 327
327 6849 6
6 4730 253
253 4104 537
537 1306 2060
2060 4719 629
629 3744 220
220 7374 60
60 340 2875
2875 1136 1540
1540 2712 2855
2855 221 2018
2018 1173 2724
2724 7070 2154
2154 6220 383
383 675 1712
1712 1734 2692
2692 6529 161
161 2326 2447
2447 1072 2716
2716 4499 2676
2676 1244 2785
2785 2454 155
155 6317 2887
2887 3117 2770
2770 2272 1653
1653 7685 1523
1523 1048 454
30
809 349 466
466 984 2547
2547 4387 946
946 4658 1184
1184 4272 53
53 7622 2137
2137 4288 2443
2443 7561 1299
1299 190 2040
2040 2145 2882
2882 3154 2238
2238 5197 2512
2512 7611 1693
1693 4276 711
711 538 889
889 722 41
41 3649 543
543 3453 2498
2498 1972 2316
2316 5002 578
578 7648 472
472 7393 1645
1645 2635 36
36 8079 1232
1232 4559 1493
1493 6052 2328
2328 4598 344
344 5767 1725
1725 1372 527
527 552 454
30
809 392 580
580 159 2116
2116 1411 1963
1963 5744 725
725 1377 1107
1107 2939 109
109 6930 2489
2489 2009 2877
2877 7922 708
708 1764 2313
2313 5388 1525
1525 4852 2697
2697 506 2591
2591 1357 488
488 5587 732
732 764 2566
2566 3262 1879
1879 2110 2175
2175 6500 596
596 3347 541
541 25 116
116 4803 561
561 3295 661
661 1825 2297
2297 3817 1064
1064 4607 105
105 4698 1104
1104 66 2407
2407 1238 411
411 5593 454
30
809 395 254
254 209 106
106 1788 674
674 917 2007
2007 2362 2646
2646 1085 441
441 6286 2125
2125 6115 1123
1123 6225 1551
1551 782 1113
1113 2500 1413
1413 4915 776
776 81 880
880 3624 997
997 4273 830
830 6557 462
462 4705 144
144 5479 2118
2118 7897 1210
1210 8007 1876
1876 7305 2330
2330 1696 2203
2203 1676 2401
2401 472 2185
2185 43 505
505 2411 693
693 734 399
399 567 670
670 2142 1925
1925 465 454
30
809 398 2421
2421 1758 1823
1823 222 1025
1025 6182 512
512 516 2745
2745 3932 1170
1170 8222 654
654 2390 1186
1186 8220 1818
1818 7209 2063
2063 4709 475
475 1431 655
655 3187 1240
1240 1889 27
27 6111 681
681 2021 1127
1127 473 468
468 1638 2049
2049 263 1758
1758 2335 2790
2790 3168 2303
2303 1985 715
715 895 771
771 4195 953
953 4335 1600
1600 4857 2618
2618 7882 1720
1720 949 2575
2575 553 526
526 4921 454
30
809 415 1996
1996 293 2244
2244 7366 682
682 5229 1330
1330 7658 1922
1922 6916 80
80 5482 1109
1109 8341 372
372 641 2789
2789 8365 1686
1686 4693 1200
1200 291 947
947 253 2596
2596 6121 1034
1034 697 556
556 1558 716
716 391 1505
1505 6833 2647
2647 1503 1946
1946 1103 1733
1733 287 2139
2139 7588 2223
2223 8661 969
969 7600 972
972 1074 2699
2699 49 2565
2565 936 2025
2025 360 1872
1872 1029 1069
1069 6099 454
30
809 455 792
792 4158 1380
1380 6306 955
955 2918 2065
2065 7197 374
374 5447 23
23 233 1152
1152 1636 486
486 8612 1189
1189 3018 1936
1936 3189 2005
2005 900 1883
1883 775 576
576 4078 296
296 7804 1416
1416 2259 2260
2260 6781 120
120 6521 2004
2004 4648 2667
2667 1200 1736
1736 804 706
706 2234 904
904 5877 1058
1058 5295 467
467 3 435
435 6031 2159
2159 4554 2464
2464 3711 994
994 7842 686
686 2716 454
30
809 511 2603
2603 7034 1503
1503 4232 2490
2490 1967 2126
2126 3623 2858
2858 388 872
872 277 1672
1672 2349 162
162 6274 1509
1509 4636 2687
2687 781 2774
2774 452 1140
1140 2001 286
286 5934 1307
1307 1820 1975
1975 1285 485
485 1517 2095
2095 5284 1815
1815 2651 704
704 2453 307
307 8258 1538
1538 3923 2445
2445 3885 1914
1914 8429 1228
1228 6931 252
252 4633 2346
2346 294 1285
1285 7847 1473
1473 584 2152
2152 1921 454
30
809 521 838
838 6439 2310
2310 7601 30
30 162 1048
1048 1093 2694
2694 1327 229
229 4340 2553
2553 2514 1425
1425 4174 1277
1277 7718 2122
2122 721 1087
1087 3198 70
70 112 1452
1452 3521 2061
2061 3099 34
34 4394 1361
1361 7755 2027
2027 1005 1777
1777 5327 2845
2845 4784 2836
2836 4501 481
481 677 812
812 537 1560
1560 6573 1859
1859 820 583
583 3880 553
553 564 353
353 5004 783
783 3090 188
188 5820 454
30
809 594 181
181 7323 777
777 738 522
522 709 1846
1846 484 733
733 2962 2053
2053 1775 103
103 885 1470
1470 409 640
640 543 789
789 817 1110
1110 3278 1011
1011 1679 2811
2811 3519 2026
2026 1688 440
440 1361 1856
1856 969 2397
2397 822 197
197 6550 332
332 2233 1084
1084 6486 663
663 1523 730
730 8577 1137
1137 1501 1082
1082 6262 1981
1981 556 2107
2107 988 218
218 3533 2898
2898 143 2380
2380 3615 454
30
809 596 2847
2847 429 1992
1992 5605 1908
1908 4385 67
67 1159 990
990 2759 1345
1345 2793 810
810 1894 1860
1860 829 588
588 58 744
744 6854 602
602 8010 2056
2056 7159 807
807 3825 1971
1971 1904 2695
2695 4226 1421
1421 3417 2225
2225 111 1708
1708 459 1030
1030 3740 514
514 8449 1325
1325 3473 1004
1004 3098 1882
1882 7806 2558
2558 7480 1531
1531 439 2895
2895 813 2495
2495 2883 573
573 1615 308
308 4110 454
30
809 689 1092
1092 119 575
575 1710 1849
1849 376 2713
2713 4122 1027
1027 110 2786
2786 179 478
478 1269 2100
2100 2324 2241
2241 97 2843
2843 1795 1324
1324 3035 143
143 7244 416
416 2966 153
153 4 2900
2900 579 2813
2813 2720 1704
1704 8651 391
391 3922 2433
2433 1296 331
331 5207 1456
1456 2580 1669
1669 1334 201
201 6257 2476
2476 3652 1258
1258 5532 2537
2537 2251 2182
2182 6261 2574
2574 8499 2033
2033 447 454
30
809 701 1580
1580 2796 2611
2611 1119 534
534 2049 755
755 1384 99
99 4418 2038
2038 224 352
352 522 206
206 4699 2559
2559 770 31
31 1768 625
625 1927 2075
2075 1980 617
617 4483 805
805 7020 114
114 7394 366
366 414 297
297 531 1590
1590 6357 1175
1175 8490 1489
1489 3709 91
91 7684 172
172 4677 1431
1431 297 227
227 8140 1562
1562 2441 95
95 6277 513
513 8379 1103
1103 3603 679
679 6000 454
30
809 787 2350
2350 5938 380
380 2501 2762
2762 3196 1440
1440 1493 2217
2217 8332 249
249 69 2671
2671 5 2881
2881 5397 2361
2361 2813 2437
2437 1706 2218
2218 7167 562
562 4148 595
595 7690 2760
2760 4970 2800
2800 235 385
385 3047 9
9 246 335
335 2463 975
975 1027 1238
1238 359 1038
1038 4266 849
849 1174 2323
2323 2314 1472
1472 1661 1397
1397 592 1464
1464 334 58
58 382 983
983 8261 1310
1310 4133 454
30
809 794 2714
2714 135 2752
2752 345 1547
1547 2115 387
387 367 2262
2262 354 2625
2625 532 231
231 3100 2204
2204 597 1485
1485 2559 2730
2730 7430 2815
2815 3941 2144
2144 5458 1448
1448 5494 2087
2087 1546 1855
1855 3601 294
294 1872 897
897 2403 1230
1230 315 2551
2551 8260 2450
2450 2308 2256
2256 2617 2324
2324 2371 2517
2517 2991 1042
1042 3847 2317
2317 5875 1959
1959 2729 1707
1707 636 2622
2622 6226 1699
1699 513 454
30
809 845 1490
1490 971 2556
2556 884 293
293 2785 1414
1414 2989 274
274 1596 1916
1916 501 2541
2541 1465 900
900 7499 1262
1262 1583 1737
1737 4460 2274
2274 323 1906
1906 4333 1041
1041 4209 248
248 1172 1060
1060 2748 2645
2645 408 1723
1723 2744 2046
2046 3088 93
93 1551 2277
2277 6313 831
831 978 2615
2615 4887 209
209 2472 2788
2788 7759 2147
2147 7358 122
122 1606 1633
1633 231 465
465 1520 368
368 4401 454
30
809 875 1501
1501 1028 2765
2765 3720 205
205 267 865
865 1909 2080
2080 1507 268
268 3129 1842
1842 2118 2682
2682 8180 1519
1519 3166 1546
1546 438 1078
1078 1496 1018
1018 3110 8
8 2262 1928
1928 7529 2741
2741 4516 820
820 913 1259
1259 8155 1866
1866 694 2231
2231 7713 40
40 985 1335
1335 1332 1877
1877 7854 325
325 4503 2876
2876 6297 1779
1779 3511 2145
2145 1956 2457
2457 8480 7
7 3336 427
427 4080 454
30
809 902 1875
1875 1963 333
333 7860 398
398 5853 533
533 5198 2242
2242 2277 1102
1102 747 125
125 3907 1341
1341 2405 1889
1889 2687 484
484 1466 2113
2113 4761 2533
2533 1057 2592
2592 5168 1613
1613 3086 1714
1714 3474 487
487 1624 1134
1134 4484 1333
1333 3362 2032
2032 2356 1927
1927 1512 2444
2444 1383 306
306 1729 1573
1573 2426 406
406 687 2344
2344 768 929
929 15 2460
2460 5340 738
738 2428 2184
2184 2797 454
30
809 957 77
77 1330 1804
1804 7540 723
723 5063 2888
2888 5522 1654
1654 1751 1574
1574 3854 673
673 2590 1459
1459 4450 2688
2688 1581 2650
2650 3529 589
589 8517 234
234 6337 1749
1749 6292 1716
1716 880 1199
1199 1292 2766
2766 1623 2812
2812 7468 1954
1954 1210 2067
2067 2481 11
11 8643 978
978 6387 2354
2354 1531 1400
1400 987 1703
1703 1428 2006
2006 6294 1709
1709 2205 968
968 373 375
375 7795 825
825 3425 454
30
809 1003 2854
2854 4683 389
389 7498 2405
2405 5188 321
321 8167 1582
1582 828 620
620 6806 1632
1632 139 1019
1019 7378 1095
1095 320 245
245 4764 1615
1615 198 1956
1956 2394 528
528 8376 1998
1998 834 696
696 742 1647
1647 84 2
2 1297 347
347 5164 1850
1850 244 861
861 1509 692
692 1714 2150
2150 2465 237
237 2379 1390
1390 5372 2013
2013 169 1381
1381 1129 1910
1910 158 2417
2417 1900 1648
1648 1447 454
30
809 1035 151
151 6999 938
938 212 1506
1506 2643 888
888 519 1063
1063 754 1286
1286 3464 882
882 6214 2362
2362 5837 1813
1813 1686 1151
1151 4404 230
230 5230 1326
1326 7780 1532
1532 1312 376
376 88 977
977 5317 996
996 7410 1241
1241 7275 2686
2686 1584 2119
2119 861 45
45 1073 1950
1950 1997 2341
2341 686 2654
2654 3185 2240
2240 1538 1685
1685 6395 1660
1660 2475 839
839 1284 1495
1495 1067 1585
1585 2144 454
30
809 1053 492
492 2946 2552
2552 3424 175
175 1824 2042
2042 1171 2235
2235 5935 2299
2299 4531 1253
1253 5937 1964
1964 1965 1282
1282 1873 1803
1803 1109 1730
1730 6213 2598
2598 3253 2668
2668 302 1460
1460 2784 2471
2471 901 1118
1118 1001 817
817 3625 703
703 653 2064
2064 2372 2491
2491 6699 1178
1178 2932 2889
2889 2201 1036
1036 6273 1362
1362 2469 1982
1982 2605 840
840 4241 1820
1820 8710 414
414 635 140
140 4694 454
30
809 1083 1987
1987 4749 1320
1320 3550 2542
2542 944 1520
1520 2337 235
235 1919 822
822 3788 2823
2823 1347 73
73 2771 2435
2435 5329 1830
1830 268 419
419 7085 1093
1093 6036 884
884 1735 2736
2736 405 811
811 5300 2254
2254 6502 1502
1502 2711 1009
1009 3851 1626
1626 6420 1514
1514 1050 2197
2197 3771 2270
2270 4911 984
984 1313 1143
1143 435 607
607 918 2030
2030 4482 1930
1930 6014 2738
2738 3668 1351
1351 2861 454
30
809 1086 226
226 2161 2833
2833 642 646
646 105 1372
1372 5957 1165
1165 4198 429
429 3988 1072
1072 618 2441
2441 3030 1074
1074 887 2849
2849 620 287
287 2613 728
728 6750 2249
2249 4292 796
796 3944 658
658 399 1430
1430 1429 81
81 739 910
910 8163 1422
1422 2563 1166
1166 6862 2525
2525 3558 241
241 6542 2776
2776 7711 2484
2484 8168 2279
2279 5523 689
689 5361 585
585 8718 2463
2463 1780 1441
1441 4675 454
30
809 1102 1083
1083 167 1631
1631 1223 267
267 3431 295
295 30 2773
2773 544 887
887 1178 1160
1160 1024 242
242 5663 867
867 5601 551
551 8525 1187
1187 5035 453
453 6240 1682
1682 6392 936
936 1728 2754
2754 5064 283
283 374 33
33 2179 1677
1677 8411 790
790 1916 1264
1264 3006 1847
1847 992 1701
1701 873 709
709 4812 1801
1801 4750 1108
1108 4342 165
165 3392 270
270 6861 2664
2664 4076 90
90 3774 454
30
809 1115 1663
1663 8538 2837
2837 18 1763
1763 4105 179
179 7251 1652
1652 2679 1384
1384 731 1576
1576 607 1148
1148 1905 974
974 348 2679
2679 475 166
166 1896 1263
1263 5711 2528
2528 2649 373
373 371 676
676 2450 2757
2757 867 1065
1065 304 1754
1754 3366 1249
1249 3365 2195
2195 623 604
604 836 240
240 39 765
765 3125 743
743 2879 985
985 1914 1958
1958 6007 1524
1524 8301 1999
1999 2149 305
305 5600 454
30
809 1139 1935
1935 6914 2626
2626 7421 961
961 6124 98
98 6205 1919
1919 590 491
491 4439 1077
1077 1479 54
54 132 2477
2477 1930 1157
1157 3617 2744
2744 4123 2200
2200 6559 2172
2172 6979 2214
2214 1475 949
949 1897 587
587 1273 2796
2796 3444 2198
2198 6359 626
626 3446 2820
2820 2199 2475
2475 982 2583
2583 1850 863
863 5618 678
678 1594 2034
2034 3545 1548
1548 20 660
660 2168 1986
1986 4112 290
290 1179 454
30
809 1204 495
495 570 2665
2665 5849 2753
2753 2052 2115
2115 5205 2377
2377 6137 2275
2275 6093 135
135 2868 5
5 5683 2835
2835 1660 2821
2821 758 2305
2305 1635 2205
2205 1140 2281
2281 7687 1420
1420 1544 2520
2520 2827 1172
1172 4438 2883
2883 4580 1558
1558 612 2202
2202 669 1533
1533 848 2803
2803 7945 124
124 1490 300
300 3748 1013
1013 1674 2181
2181 5931 1781
1781 6571 2706
2706 509 392
392 5266 753
753 2073 454
30
809 1241 1805
1805 3240 1942
1942 8159 2787
2787 201 1611
1611 2286 2384
2384 6064 662
662 6796 581
581 8057 729
729 4571 2777
2777 1298 1446
1446 3629 564
564 7571 2478
2478 8153 1132
1132 707 2114
2114 778 1896
1896 2396 2348
2348 2921 1141
1141 4145 615
615 803 1522
1522 3535 1204
1204 5344 2723
2723 1695 613
613 258 835
835 5276 2839
2839 7435 1638
1638 1397 2439
2439 6270 878
878 5945 907
907 3946 146
146 5302 454
30
809 1248 2698
2698 1776 1541
1541 3157 16
16 3667 1893
1893 3952 2076
2076 1540 489
489 4760 1075
1075 7612 1923
1923 5314 2584
2584 8325 402
402 5908 741
741 3260 420
420 8711 1545
1545 1670 1323
1323 6492 2411
2411 2004 1529
1529 1689 2817
2817 6998 1731
1731 5639 2243
2243 1902 2719
2719 63 1581
1581 1918 413
413 2558 1816
1816 932 903
903 952 450
450 2378 1339
1339 3520 195
195 52 2696
2696 4012 2415
2415 2819 454
30
809 1257 2180
2180 3355 1070
1070 2870 2878
2878 656 2564
2564 33 1301
1301 2867 1836
1836 7381 2263
2263 4453 988
988 8128 1177
1177 3671 2011
2011 3267 829
829 7369 2798
2798 4833 317
317 3315 2459
2459 7701 2632
2632 6783 1772
1772 6617 1985
1985 1169 855
855 1754 396
396 152 377
377 1778 388
388 3005 2557
2557 4332 806
806 3947 1437
1437 2284 1386
1386 5387 979
979 176 1054
1054 3864 597
597 2726 590
590 70 454
30
809 1321 483
483 3618 1619
1619 5264 1435
1435 565 628
628 4109 2680
2680 2843 2425
2425 7222 908
908 7035 1278
1278 6753 1515
1515 685 1962
1962 5244 2501
2501 2933 933
933 2749 1683
1683 5902 1274
1274 1681 223
223 2051 1010
1010 203 2376
2376 1180 2509
2509 7395 1918
1918 8373 1224
1224 1077 112
112 3330 1146
1146 3754 621
621 83 1051
1051 125 761
761 3903 2110
2110 5975 1605
1605 7672 2507
2507 273 2008
2008 2488 454
30
809 1412 184
184 632 879
879 2760 1762
1762 265 255
255 416 794
794 7646 2312
2312 5036 881
881 968 2734
2734 1483 1620
1620 298 355
355 3406 2336
2336 433 2304
2304 4962 1810
1810 3311 599
599 5652 2446
2446 3462 2705
2705 967 1445
1445 5061 2832
2832 3914 2201
2201 3723 2269
2269 3306 1767
1767 5726 345
345 4001 1024
1024 7771 1426
1426 2654 1156
1156 366 1331
1331 1605 2024
2024 3661 1828
1828 2029 2257
2257 5339 454
30
809 1419 2717
2717 346 1780
1780 1976 1614
1614 378 1761
1761 935 2293
2293 1951 118
118 5410 2096
2096 2447 2153
2153 1826 2212
2212 5416 2306
2306 6929 1407
1407 1145 2644
2644 4898 2487
2487 4302 2391
2391 4392 1133
1133 4564 150
150 6704 2396
2396 5893 1039
1039 4814 2149
2149 1291 1690
1690 5546 549
549 3271 1311
1311 1434 1453
1453 363 1147
1147 61 473
473 5910 1783
1783 5349 1112
1112 4551 1207
1207 3429 1114
1114 2249 454
30
809 1494 203
203 1034 2549
2549 2318 569
569 208 571
571 3598 1924
1924 6271 821
821 3209 1833
1833 4143 2834
2834 1847 469
469 6720 2807
2807 7354 1205
1205 893 2224
2224 372 38
38 3565 123
123 1579 10
10 274 758
758 4408 1322
1322 7784 1296
1296 655 50
50 5926 2429
2429 1977 875
875 3646 1788
1788 6696 1044
1044 5324 1317
1317 40 422
422 4351 1807
1807 343 2505
2505 2986 669
669 3945 2892
2892 1457 454
30
809 1495 2073
2073 2650 2725
2725 5965 1941
1941 4886 2636
2636 4443 685
685 4386 1694
1694 4540 2806
2806 6162 778
778 2346 2338
2338 3900 2128
2128 5840 101
101 2135 1601
1601 6727 1106
1106 5777 2527
2527 5028 1912
1912 7595 1667
1667 6538 2709
2709 6167 2595
2595 16 2504
2504 8011 2420
2420 6679 1902
1902 4294 157
157 6190 705
705 2591 1394
1394 3264 2098
2098 8642 1257
1257 1762 1757
1757 6593 1940
1940 4851 710
710 1224 454
30
809 1513 2363
2363 5363 59
59 4950 315
315 7942 1344
1344 3493 2468
2468 5255 21
21 2503 1033
1033 970 2394
2394 7778 1149
1149 2132 1374
1374 1622 1789
1789 3934 1844
1844 2458 1411
1411 1013 1564
1564 420 193
193 2895 2086
2086 2048 536
536 5051 2628
2628 981 1642
1642 280 1554
1554 2999 2398
2398 6444 2333
2333 7272 1526
1526 2225 1385
1385 2175 222
222 3246 1474
1474 8565 2229
2229 2173 1628
1628 2146 950
950 1511 454
30
809 1530 1575
1575 2680 1698
1698 5999 2014
2014 974 2808
2808 5604 1295
1295 2845 2747
2747 413 2848
2848 2542 848
848 2002 232
232 5182 2721
2721 1942 2901
2901 3321 1790
1790 5738 594
594 1235 633
633 3469 695
695 5986 2470
2470 5579 1494
1494 7760 271
271 1421 1415
1415 4844 2178
2178 161 456
456 4659 403
403 582 2555
2555 1388 1792
1792 2981 653
653 4264 1854
1854 1303 211
211 4153 2402
2402 6668 1871
1871 2343 454
30
809 1609 1905
1905 7392 1644
1644 7631 433
433 2425 2728
2728 7964 66
66 3827 1089
1089 595 2503
2503 2480 1678
1678 8420 1463
1463 7496 2576
2576 204 493
493 4093 438
438 7491 1629
1629 3056 1196
1196 2509 75
75 1052 856
856 74 2081
2081 3027 890
890 6200 2496
2496 2305 550
550 2844 2456
2456 8233 2619
2619 3899 2364
2364 421 2300
2300 218 2871
2871 2983 1354
1354 1898 292
292 4338 2285
2285 7971 591
591 5321 454
30
809 1649 2451
2451 4083 439
439 3710 2702
2702 7303 2689
2689 5743 795
795 6248 2226
2226 5713 2220
2220 789 2349
2349 1765 2179
2179 1019 921
921 1252 2176
2176 164 2781
2781 5303 764
764 5224 1901
1901 6532 200
200 1488 632
632 889 339
339 7936 1544
1544 5486 1527
1527 85 538
538 4233 213
213 425 397
397 2059 1512
1512 1562 2192
2192 5403 1457
1457 8317 1436
1436 6632 1023
1023 2884 436
436 6840 2215
2215 2038 454
30
809 1722 2805
2805 32 1005
1005 6067 247
247 4477 2093
2093 835 2389
2389 7558 2021
2021 4356 449
449 915 243
243 924 1055
1055 1233 942
942 262 2127
2127 577 2715
2715 1917 2194
2194 2830 1577
1577 4383 759
759 1389 1370
1370 2512 2614
2614 1 956
956 2392 2480
2480 2040 1507
1507 7484 2485
2485 6258 920
920 5232 1223
1223 1043 760
760 2470 1231
1231 5678 401
401 1184 643
643 8469 2206
2206 407 976
976 1702 454
30
809 1880 1047
1047 599 1696
1696 5020 2768
2768 6058 1096
1096 8207 434
434 1869 2604
2604 6717 448
448 220 577
577 2150 1243
1243 5212 1329
1329 1993 981
981 1225 2051
2051 7136 2266
2266 712 79
79 3092 22
22 1227 2894
2894 2108 1890
1890 4602 431
431 90 2369
2369 341 1314
1314 4629 424
424 1395 141
141 3294 2582
2582 4212 1593
1593 1272 2779
2779 1682 1952
1952 1335 1791
1791 664 1617
1617 4211 2659
2659 2176 454
30
809 1890 275
275 2820 2057
2057 237 2072
2072 1631 1371
1371 4237 2607
2607 463 1393
1393 2367 1537
1537 1861 139
139 79 2108
2108 2723 1646
1646 402 844
844 2508 1239
1239 3293 1462
1462 181 2474
2474 301 444
444 2455 1945
1945 3203 2530
2530 8043 734
734 2228 1666
1666 8327 740
740 7339 251
251 8087 2385
2385 7458 2499
2499 3874 2403
2403 3093 671
671 2070 2282
2282 1910 713
713 1657 2160
2160 6314 965
965 1221 454
30
809 1941 1609
1609 3877 260
260 8355 909
909 4959 463
463 8388 44
44 4120 2399
2399 3551 2124
2124 6084 797
797 67 186
186 6300 1827
1827 589 1387
1387 6209 845
845 117 2375
2375 3338 2123
2123 3180 1429
1429 3216 2009
2009 5948 2001
2001 8569 1595
1595 661 896
896 3536 2055
2055 1403 130
130 4206 2121
2121 5884 2043
2043 5000 178
178 2123 637
637 4327 1276
1276 140 19
19 3284 1670
1670 8282 1003
1003 2436 454
30
809 1990 773
773 7200 1355
1355 5980 598
598 6320 1433
1433 5268 298
298 3843 1852
1852 6446 963
963 6203 1099
1099 260 2732
2732 5475 18
18 3247 1124
1124 1146 1266
1266 6638 1392
1392 6725 1674
1674 3042 423
423 3485 993
993 5553 265
265 4988 2828
2828 8562 991
991 1978 2264
2264 5368 269
269 2482 814
814 8029 798
798 3031 1272
1272 504 1091
1091 1748 1300
1300 5461 490
490 1528 2337
2337 2576 2248
2248 4700 454
30
809 1994 1688
1688 5688 2423
2423 129 1142
1142 310 819
819 518 1206
1206 3756 1831
1831 6022 747
747 6517 2840
2840 7112 2112
2112 6421 873
873 5519 1837
1837 3514 548
548 7681 2358
2358 5682 1268
1268 5955 138
138 8626 2585
2585 7527 1451
1451 7424 1221
1221 3901 1198
1198 1989 2826
2826 6686 1740
1740 8552 1469
1469 609 1090
1090 1618 967
967 1157 1145
1145 3389 1664
1664 6847 1016
1016 6953 1759
1759 4632 2797
2797 5868 454
30
809 1998 745
745 846 2252
2252 2583 1179
1179 879 1471
1471 4201 2142
2142 654 2221
2221 783 2506
2506 4341 1891
1891 126 154
154 4248 2560
2560 6968 2829
2829 5967 1897
1897 4978 1154
1154 8392 1402
1402 3776 2036
2036 2163 2041
2041 183 898
898 1772 1961
1961 4245 2483
2483 4411 2408
2408 211 430
430 837 2652
2652 4250 1917
1917 2113 1216
1216 545 2764
2764 8000 2105
2105 6221 870
870 1620 1171
1171 3972 1021
1021 1090 454
30
809 2014 148
148 2380 1334
1334 2439 2472
2472 54 1894
1894 228 2191
2191 245 1486
1486 3750 170
170 1325 563
563 5292 386
386 2677 330
330 863 2315
2315 908 459
459 4393 348
348 2268 2438
2438 2275 1032
1032 1220 2449
2449 542 1020
1020 2442 986
986 2244 39
39 6342 51
51 8321 2772
2772 1464 966
966 76 2609
2609 134 1727
1727 288 182
182 7158 959
959 4500 1521
1521 2080 791
791 12 925
925 1692 454
30
809 2045 2729
2729 2532 1056
1056 2332 337
337 7241 2621
2621 6786 142
142 1197 412
412 7472 927
927 1564 2742
2742 1648 2413
2413 2683 1283
1283 5454 1770
1770 322 532
532 5973 501
501 7260 2233
2233 5721 1183
1183 5662 2044
2044 1438 460
460 6726 2424
2424 724 108
108 6889 2307
2307 5977 2199
2199 5016 1101
1101 2385 2884
2884 5541 1689
1689 2907 1234
1234 5377 2050
2050 5082 1126
1126 3697 1621
1621 650 2261
2261 858 454
30
809 2056 1848
1848 1130 1556
1556 3339 720
720 3962 2827
2827 5049 707
707 5394 1479
1479 239 1795
1795 5468 1588
1588 1773 219
219 344 1487
1487 7528 2640
2640 5151 2251
2251 5814 1718
1718 4733 207
207 8571 1543
1543 4129 970
970 3627 1461
1461 2212 2648
2648 1743 2088
2088 1424 2157
2157 3664 2561
2561 4533 2193
2193 7618 1579
1579 1452 539
539 1459 334
334 188 1557
1557 1694 2545
2545 6687 2510
2510 1406 2865
2865 1047 454
30
809 2084 1979
1979 7619 1405
1405 1739 2657
2657 7556 1616
1616 3656 2810
2810 7614 196
196 8458 1864
1864 6752 279
279 6216 1097
1097 4824 1612
1612 5179 1695
1695 2281 1159
1159 1354 1517
1517 3766 395
395 1492 276
276 2325 277
277 2387 282
282 4097 2294
2294 5476 1705
1705 6032 1640
1640 1482 55
55 118 2624
2624 6265 1806
1806 7478 2488
2488 5805 2522
2522 6671 1261
1261 8143 1057
1057 4416 871
871 7461 2374
2374 4045 454
30
809 2119 192
192 270 2370
2370 7143 2751
2751 1549 2642
2642 4968 263
263 5084 262
262 643 1061
1061 1427 1655
1655 2951 600
600 8650 2620
2620 678 2649
2649 2483 608
608 6346 1303
1303 2761 891
891 6988 194
194 4876 2259
2259 937 2539
2539 5633 2104
2104 4321 1726
1726 356 989
989 4033 945
945 4187 1886
1886 8434 1536
1536 3948 2597
2597 7522 2074
2074 3407 1150
1150 4514 684
684 1426 1008
1008 8594 1287
1287 2376 454
30
809 2136 405
405 282 1267
1267 7022 1843
1843 8077 892
892 53 718
718 180 1419
1419 4808 1874
1874 5610 2432
2432 2307 1764
1764 2578 727
727 440 2818
2818 673 2436
2436 1690 1534
1534 4964 2853
2853 1454 1294
1294 1064 644
644 1666 2052
2052 821 1668
1668 192 2332
2332 6026 82
82 6174 1851
1851 1343 726
726 5742 943
943 318 1739
1739 2261 931
931 3019 1225
1225 6276 451
451 5365 1270
1270 2773 1168
1168 767 454
30
809 2189 558
558 4984 2211
2211 2630 2494
2494 8350 701
701 2751 2322
2322 4557 1401
1401 5452 973
973 1881 2329
2329 6846 1599
1599 1059 2670
2670 4893 1980
1980 7347 163
163 8289 281
281 95 1932
1932 3131 2035
2035 1651 371
371 2083 258
258 2341 2283
2283 2686 699
699 756 2466
2466 1983 476
476 2817 2486
2486 3528 2526
2526 5803 516
516 735 1350
1350 2556 1865
1865 2414 1826
1826 3484 751
751 802 1948
1948 2948 454
30
809 2230 2239
2239 5308 1713
1713 1422 2327
2327 1265 2731
2731 5103 1899
1899 2217 289
289 2993 1900
1900 6877 788
788 5598 657
657 3026 2103
2103 449 43
43 1344 1972
1972 5643 164
164 1644 1340
1340 266 2028
2028 1781 1180
1180 170 1289
1289 1133 1050
1050 6535 592
592 4113 311
311 4246 1181
1181 1437 781
781 6114 2673
2673 6134 1687
1687 6684 1966
1966 2321 64
64 1375 2288
2288 5727 2629
2629 3123 1348
1348 1301 454
30
809 2271 941
941 8316 426
426 2947 1449
1449 4989 104
104 6608 852
852 1253 2268
2268 1518 1750
1750 5557 1088
1088 434 1439
1439 923 1898
1898 5919 2228
2228 660 2588
2588 1444 2536
2536 2064 2801
2801 308 2084
2084 2154 1454
1454 3024 14
14 1337 1191
1191 2735 2514
2514 534 521
521 1308 1028
1028 3805 2748
2748 638 530
530 4999 1359
1359 333 2502
2502 8628 2247
2247 3442 244
244 1462 2158
2158 153 2258
2258 1827 454
30
809 2485 1552
1552 527 1255
1255 4948 1218
1218 7827 1990
1990 2046 1017
1017 8078 2174
2174 1154 2572
2572 8656 1158
1158 8464 2120
2120 3344 1080
1080 7193 319
319 1443 1684
1684 1432 446
446 740 2302
2302 199 1227
1227 1021 2516
2516 2319 2681
2681 98 1665
1665 154 131
131 145 1167
1167 4028 1271
1271 3363 457
457 2069 1194
1194 2 1046
1046 2285 801
801 2282 635
635 393 799
799 4461 2535
2535 3283 1188
1188 619 454
30
809 2569 1824
1824 5839 217
217 8705 1743
1743 3848 756
756 8602 1203
1203 6197 1442
1442 281 111
111 2190 922
922 1355 168
168 2942 1822
1822 909 1356
1356 6841 324
324 748 869
869 8448 2726
2726 2770 48
48 6227 1907
1907 7383 1643
1643 2155 1561
1561 2269 1853
1853 1166 2577
2577 2739 1634
1634 6208 1915
1915 474 1797
1797 2626 1565
1565 7168 1417
1417 1925 2208
2208 62 1007
1007 8060 47
47 5281 221
221 3109 454
30
809 2619 1782
1782 3680 742
742 7254 913
913 2694 2161
2161 3242 2291
2291 2530 1771
1771 4038 2550
2550 2975 2759
2759 5878 2022
2022 6895 1364
1364 4635 2210
2210 1455 1251
1251 6922 866
866 3499 555
555 4825 278
278 8377 2743
2743 6583 1610
1610 2101 1040
1040 3524 895
895 2659 1960
1960 2316 1700
1700 1305 524
524 5813 1656
1656 6158 1834
1834 8218 1260
1260 2510 1995
1995 757 28
28 23 2856
2856 4590 2129
2129 7095 454
30
809 2692 631
631 5786 1903
1903 2166 1911
1911 2008 2893
2893 3244 1887
1887 791 1497
1497 3320 1563
1563 5970 1671
1671 5741 1885
1885 779 474
474 5952 649
649 2627 2352
2352 5254 687
687 133 815
815 1799 1637
1637 1401 464
464 5373 1861
1861 3626 1829
1829 973 697
697 8112 802
802 2207 1570
1570 5078 2617
2617 1591 918
918 1469 1867
1867 2183 1657
1657 586 2658
2658 892 362
362 4454 1569
1569 1807 850
850 3908 454
30
809 2753 1480
1480 3981 2345
2345 1324 1808
1808 3423 1073
1073 364 1367
1367 3508 1476
1476 5089 2531
2531 428 638
638 2000 2326
2326 1217 1202
1202 1280 1973
1973 6116 940
940 591 659
659 5219 233
233 3079 160
160 916 2850
2850 3829 1651
1651 3057 1691
1691 2927 2140
2140 7169 510
510 5305 2148
2148 8563 1153
1153 2675 2039
2039 4107 1752
1752 5032 214
214 5925 1284
1284 634 2700
2700 3504 982
982 1351 2164
2164 2520 454
30
809 2831 1929
1929 4009 1492
1492 6993 1513
1513 3356 62
62 3467 1209
1209 6054 2166
2166 2953 2606
2606 1340 2059
2059 4663 1800
1800 1181 171
171 7353 1747
1747 991 1738
1738 950 2388
2388 7373 312
312 2880 2562
2562 7815 2171
2171 2979 772
772 4114 2111
2111 2479 314
314 2978 1438
1438 3194 2867
2867 2676 328
328 508 2497
2497 6899 12
12 4917 785
785 7221 1388
1388 856 1195
1195 5756 1444
1444 1614 126
126 2089 454
30
809 2832 1650
1650 649 1717
1717 3020 1162
1162 1871 616
616 2693 1135
1135 489 1840
1840 2699 409
409 4655 601
601 4323 636
636 5457 1967
1967 1254 719
719 336 2523
2523 2270 1220
1220 3911 2143
2143 5453 2750
2750 6816 2409
2409 3994 1212
1212 1300 2066
2066 2730 1741
1741 1612 2132
2132 5143 1214
1214 3013 2387
2387 1205 1775
1775 5221 2002
2002 7364 1920
1920 2478 1327
1327 8665 1366
1366 3050 2031
2031 4039 2851
2851 487 454
30
809 3064 2047
2047 1208 1409
1409 4315 1884
1884 3297 24
24 6040 586
586 4011 2019
2019 1326 1673
1673 3197 2381
2381 2584 836
836 6597 455
455 2682 329
329 1391 951
951 1575 1475
1475 6784 1236
1236 3527 1832
1832 471 360
360 7216 1895
1895 3673 1144
1144 5499 2655
2655 3694 609
609 2489 2286
2286 3372 2071
2071 4328 639
639 480 1358
1358 4783 2292
2292 7291 497
497 1390 1845
1845 1962 1035
1035 7179 1076
1076 77 454
30
809 3067 1312
1312 5385 1746
1746 4146 2568
2568 3596 1375
1375 6874 593
593 8713 2573
2573 8520 1428
1428 4608 1732
1732 6994 1710
1710 3660 641
641 3759 1606
1606 6637 843
843 6644 2290
2290 2805 1675
1675 2721 2662
2662 1393 1706
1706 670 721
721 3212 2863
2863 5540 228
228 1270 1857
1857 1812 2638
2638 1338 1131
1131 2826 1244
1244 4055 529
529 793 2669
2669 2731 2590
2590 4828 2534
2534 4369 647
647 7333 71
71 719 454
30
809 3222 273
273 7456 83
83 3457 2519
2519 177 1510
1510 6915 1279
1279 8452 2222
2222 2800 2189
2189 5551 1484
1484 1789 1378
1378 6177 2896
2896 4908 1467
1467 3343 1728
1728 1582 2795
2795 6567 2467
2467 7023 2278
2278 898 341
341 1595 2213
2213 4087 2340
2340 4002 32
32 450 2755
2755 7566 1756
1756 1331 804
804 4973 361
361 853 2236
2236 6805 280
280 3494 932
932 6635 2602
2602 8668 2400
2400 3274 557
557 5166 454
30
809 3259 688
688 692 2404
2404 1386 37
37 3300 1944
1944 4983 2378
2378 1522 2600
2600 996 864
864 3367 1769
1769 1212 340
340 4372 2190
2190 2433 2117
2117 1617 1002
1002 306 447
447 4765 2814
2814 1813 2633
2633 377 1858
1858 5985 774
774 1547 651
651 2339 1719
1719 2293 2708
2708 7327 1881
1881 4982 554
554 2266 370
370 73 1071
1071 878 2186
2186 7238 1904
1904 213 1163
1163 4361 2393
2393 5331 2461
2461 1833 454
30
809 3309 1841
1841 5916 257
257 2348 2253
2253 702 2599
2599 365 2163
2163 1433 906
906 2256 417
417 3463 2020
2020 3976 1748
1748 5888 2902
2902 7116 480
480 4985 1549
1549 7099 1567
1567 4445 2643
2643 3622 1111
1111 5675 520
520 6743 2761
2761 5315 158
158 4813 1275
1275 5693 2683
2683 248 2581
2581 1009 901
901 4310 1943
1943 743 952
952 5954 346
346 1188 1630
1630 331 1760
1760 1114 1498
1498 5282 2641
2641 2152 454
30
809 3426 2077
2077 749 1608
1608 1555 1094
1094 5800 1802
1802 6650 1978
1978 443 2428
2428 3083 384
384 8465 1622
1622 2882 1607
1607 899 1068
1068 2267 1742
1742 6565 2677
2677 6860 2037
2037 6710 2862
2862 3552 754
754 517 1809
1809 690 914
914 3124 2663
2663 2581 500
500 1098 1328
1328 2220 2639
2639 5964 2508
2508 379 303
303 2076 2342
2342 1911 611
611 2534 2390
2390 800 1423
1423 5239 2710
2710 2235 2780
2780 3254 454
30
809 3547 1318
1318 5831 1931
1931 4505 1281
1281 3432 198
198 2905 1000
1000 1655 2778
2778 3490 1309
1309 128 1589
1589 1860 2296
2296 3523 471
471 2690 309
309 2061 2298
2298 4850 2661
2661 44 1192
1192 3541 1814
1814 1148 2538
2538 4819 1870
1870 31 358
358 4219 2627
2627 6076 2481
2481 6410 2106
2106 3164 1949
1949 5022 136
136 5247 2492
2492 2555 2083
2083 7748 885
885 5890 2000
2000 7005 2666
2666 2941 958
958 1938 454
30
809 3608 2440
2440 418 2343
2343 1143 656
656 1753 2156
2156 6826 78
78 60 2045
2045 1396 2593
2593 1201 2462
2462 4374 1478
1478 3784 350
350 358 42
42 5819 666
666 847 2431
2431 6712 1342
1342 8242 2601
2601 624 1500
1500 7990 2367
2367 5137 768
768 481 2101
2101 3978 1347
1347 8698 1465
1465 5748 134
134 5154 1989
1989 2351 2635
2635 3540 2567
2567 1725 378
378 4098 2563
2563 3410 546
546 1485 216
216 1087 454
30
809 3637 623
623 5277 1173
1173 3949 1542
1542 4389 769
769 2092 316
316 816 1873
1873 613 860
860 4522 1892
1892 6843 603
603 4638 2079
2079 1715 1571
1571 2213 323
323 6094 365
365 4079 1939
1939 5462 540
540 3051 2321
2321 1602 1291
1291 296 1839
1839 6755 1496
1496 2487 313
313 7357 1136
1136 6295 1909
1909 540 177
177 307 1349
1349 2869 767
767 3236 1602
1602 6876 1256
1256 403 1572
1572 1532 2651
2651 1316 454
30
809 3797 2010
2010 7904 515
515 3437 2151
2151 3810 1237
1237 5517 2092
2092 2377 1408
1408 1610 614
614 2696 2135
2135 5947 2515
2515 3828 2109
2109 2464 1482
1482 7475 351
351 96 1363
1363 2360 1721
1721 3436 1681
1681 2892 2473
2473 8068 2138
2138 6253 1596
1596 6735 86
86 6443 1336
1336 7526 94
94 1536 826
826 1195 2500
2500 2250 874
874 1641 2613
2613 1892 2372
2372 4449 202
202 1423 304
304 1559 187
187 4400 454
30
809 3834 545
545 4502 834
834 1529 2722
2722 1138 1246
1246 6613 606
606 1560 642
642 2363 2058
2058 2241 923
923 819 841
841 3808 458
458 4265 1081
1081 4827 72
72 7110 2331
2331 5204 2280
2280 17 69
69 883 2866
2866 1705 147
147 890 1290
1290 5917 876
876 3165 857
857 560 1796
1796 3959 818
818 8103 2371
2371 4525 1222
1222 8304 957
957 22 2735
2735 5529 1379
1379 4489 1745
1745 3876 35
35 7589 454
30
809 3850 1499
1499 8416 737
737 2186 1343
1343 5670 382
382 6075 2452
2452 451 1130
1130 1209 2453
2453 1275 511
511 3023 1391
1391 1926 893
893 2345 1798
1798 7488 2232
2232 2601 2792
2792 8110 547
547 1906 92
92 1405 2167
2167 5047 1086
1086 3120 714
714 679 2831
2831 427 29
29 41 2442
2442 200 2419
2419 1404 302
302 4930 780
780 602 180
180 3413 2756
2756 4455 2879
2879 5320 343
343 7245 117
117 1078 454
30
809 3858 2579
2579 8244 1434
1434 8116 494
494 4822 1458
1458 1577 2177
2177 5424 1994
1994 5795 899
899 7578 542
542 2909 2637
2637 120 1734
1734 257 1983
1983 7060 902
902 5920 2386
2386 6523 133
133 7436 204
204 3237 102
102 744 2162
2162 1934 2455
2455 7967 56
56 2801 2366
2366 611 1273
1273 2139 96
96 321 1115
1115 1060 934
934 6473 847
847 6913 2684
2684 4044 1161
1161 1299 65
65 8581 2656
2656 840 454
30
809 4015 579
579 825 2284
2284 614 935
935 7736 948
948 5864 1993
1993 1150 568
568 2544 2897
2897 4616 775
775 7019 1269
1269 3539 88
88 5023 1504
1504 5216 1488
1488 528 2543
2543 1573 76
76 4754 2412
2412 8515 336
336 4295 212
212 4089 1880
1880 5261 739
739 370 2631
2631 2919 20
20 4952 2521
2521 4902 1587
1587 8526 342
342 826 89
89 6006 846
846 2930 1305
1305 7281 246
246 4672 652
652 86 454
30
809 4471 1618
1618 5498 2395
2395 8708 1365
1365 5928 2141
2141 5195 1566
1566 141 2511
2511 1352 2320
2320 827 823
823 2295 1302
1302 290 702
702 832 1208
1208 6275 2382
2382 7438 851
851 3705 2209
2209 4718 356
356 1373 1418
1418 6592 1516
1516 1793 2740
2740 3182 842
842 2956 1265
1265 29 1933
1933 6268 2859
2859 7511 299
299 4062 49
49 5209 2711
2711 6564 1819
1819 497 291
291 760 2426
2426 2116 1868
1868 3370 454
30
809 4594 525
525 1808 2017
2017 4734 208
208 8440 2685
2685 2122 2880
2880 50 837
837 254 185
185 2842 2758
2758 2124 437
437 3351 1680
1680 6374 736
736 3290 1297
1297 350 2493
2493 6358 2733
2733 1359 1174
1174 2967 624
624 3398 816
816 663 1410
1410 2864 1835
1835 64 731
731 1249 404
404 5500 1508
1508 332 2857
2857 2616 1997
1997 8680 121
121 2638 1976
1976 1746 763
763 2640 800
800 466 1254
1254 7069 454
30
809 4622 1604
1604 3483 1197
1197 7547 2295
2295 6309 57
57 1744 2872
2872 7913 2216
2216 7697 1661
1661 3691 2309
2309 7984 190
190 1189 1528
1528 7115 2816
2816 7365 400
400 6372 1129
1129 1194 1119
1119 7958 1639
1639 3211 962
962 4847 2410
2410 4729 1169
1169 5438 1357
1357 1837 1389
1389 3641 1353
1353 5288 261
261 5676 2422
2422 6591 1869
1869 6663 259
259 1160 2479
2479 1463 2173
2173 4606 2246
2246 7074 700
700 1018 454
30
809 4739 210
210 3193 915
915 805 1066
1066 324 1121
1121 3557 1313
1313 2609 2289
2289 1228 853
853 417 2023
2023 35 2339
2339 2444 1591
1591 375 832
832 1152 1785
1785 3292 1817
1817 601 566
566 3087 2783
2783 576 1724
1724 2767 326
326 4407 2513
2513 5673 2802
2802 2894 1784
1784 839 998
998 5830 2427
2427 763 2746
2746 2689 215
215 1497 349
349 3819 691
691 1230 2134
2134 4251 2616
2616 6301 1715
1715 2606 454
30
809 4862 1432
1432 1766 1424
1424 6566 1155
1155 5599 2704
2704 6245 394
394 6304 1250
1250 3350 2078
2078 1667 2712
2712 499 107
107 2111 2524
2524 5070 1977
1977 8496 2825
2825 3749 2809
2809 8197 2368
2368 6732 748
748 600 301
301 2681 1015
1015 7122 1182
1182 510 517
517 550 2276
2276 1875 2844
2844 4755 1176
1176 1262 250
250 1339 272
272 2477 1729
1729 4377 2183
2183 5119 2841
2841 496 1765
1765 7443 2782
2782 1553 454
30
809 5628 2383
2383 4231 1773
1773 571 452
452 5109 1926
1926 7087 470
470 1996 85
85 3280 2170
2170 5150 2861
2861 1341 750
750 5790 2085
2085 3008 381
381 7531 1662
1662 2809 2672
2672 3015 1592
1592 3150 445
445 2737 531
531 2668 84
84 843 508
508 7091 2097
2097 4830 944
944 7704 1213
1213 3713 1412
1412 3833 2763
2763 5989 2739
2739 5262 618
618 7956 2718
2718 6580 930
930 3736 1292
1292 854 1679
1679 1499 454
30
809 5691 1067
1067 6332 2091
2091 1040 964
964 124 2767
2767 7762 868
868 6715 113
113 4018 2769
2769 1893 612
612 7462 1404
1404 256 2838
2838 4339 364
364 6445 1659
1659 1913 2365
2365 5260 770
770 1922 2090
2090 4277 225
225 7517 2824
2824 4575 2082
2082 498 1403
1403 1625 827
827 3921 498
498 4480 2353
2353 2783 712
712 4189 2886
2886 3841 224
224 6728 824
824 7988 1825
1825 4381 2794
2794 1232 1530
1530 2648 454
30
809 5860 2029
2029 3924 2012
2012 6533 418
418 1924 1395
1395 1158 2678
2678 2143 2529
2529 2733 1955
1955 2713 610
610 5234 149
149 109 2245
2245 5267 1481
1481 5371 432
432 5031 2273
2273 3568 2885
2885 6792 1974
1974 337 1304
1304 5053 1443
1443 8075 1934
1934 859 159
159 8252 1368
1368 8544 680
680 5011 813
813 5782 570
570 4364 2234
2234 362 183
183 1851 2187
2187 6996 1466
1466 5943 1625
1625 3217 2016
2016 369 454
30
809 5968 1193
1193 2026 735
735 3537 410
410 1587 167
167 4185 928
928 1671 2430
2430 3530 1968
1968 4179 1755
1755 5432 1164
1164 5291 1053
1053 4421 1373
1373 80 683
683 3447 1951
1951 1800 236
236 4686 2230
2230 7138 61
61 8105 379
379 1947 2546
2546 8006 461
461 5227 2544
2544 387 746
746 1310 2899
2899 1707 1913
1913 1895 2873
2873 7696 2578
2578 3378 2311
2311 3069 1793
1793 6074 572
572 5478 2168
2168 5822 454
30
809 6223 2048
2048 500 1635
1635 3383 1778
1778 4665 1248
1248 4157 1559
1559 3763 127
127 2802 1252
1252 1211 407
407 7207 1970
1970 5415 2356
2356 4865 894
894 3179 1722
1722 4293 1586
1586 2386 1233
1233 1974 1059
1059 2461 1921
1921 4081 2720
2720 882 1811
1811 1036 288
288 8578 1382
1382 772 1122
1122 8254 284
284 2361 2852
2852 7422 2267
2267 972 1219
1219 457 992
992 1247 2608
2608 6191 749
749 1118 2188
2188 3725 454
30
809 6647 1766
1766 1099 2271
2271 4056 987
987 7666 1332
1332 8146 859
859 7698 1247
1247 236 1623
1623 3176 189
189 2568 2392
2392 1948 506
506 2432 2775
2775 7554 2373
2373 6978 877
877 1848 2891
2891 478 1658
1658 404 722
722 1155 393
393 629 664
664 8568 2864
2864 5567 2458
2458 6467 310
310 5685 1594
1594 5172 1568
1568 3085 552
552 3956 2360
2360 2399 937
937 275 2703
2703 1476 2406
2406 2539 1768
1768 630 454
