24
100
2591 198 1261
1261 4024 1152
1152 1770 1624
1624 5257 1920
1920 153 2004
2004 2765 1555
1555 1610 160
160 1134 620
620 3625 945
945 1560 762
762 6335 834
834 509 548
548 83 1263
1263 6920 1557
1557 460 2082
2082 165 2863
2863 4400 651
651 5590 1103
1103 4872 2497
2497 6751 272
272 4886 219
219 2057 509
509 136 2312
2312 50 2908
2908 1460 2135
2135 731 565
565 353 1836
1836 5789 1706
1706 1217 2360
2360 4669 2786
2786 4244 2193
2193 2729 662
662 3422 1531
1531 4402 730
730 2211 1235
1235 1572 311
311 1651 89
89 2078 2782
2782 4881 962
962 1199 67
67 4949 1967
1967 5361 633
633 3764 2328
2328 876 2834
2834 6051 1677
1677 3710 770
770 4943 1679
1679 1583 2947
2947 235 2765
2765 1229 99
99 2345 671
671 4096 2234
2234 4975 1683
1683 1175 1435
1435 6425 1392
1392 1801 1327
1327 3481 1686
1686 5513 793
793 297 1201
1201 5190 1440
1440 3483 2405
2405 302 1184
1184 3294 1428
1428 4218 2923
2923 4475 1286
1286 6023 1647
1647 5254 1482
1482 699 1726
1726 2665 2758
2758 3074 1154
1154 394 1164
1164 5088 1473
1473 4397 1585
1585 2997 345
345 3900 2856
2856 1847 1311
1311 3304 1247
1247 4854 40
40 1702 10
10 2854 1462
1462 3158 1354
1354 6379 475
475 4298 323
323 4598 2662
2662 328 1762
1762 990 1780
1780 191 1278
1278 1931 2949
2949 847 1368
1368 6448 2249
2249 1858 1270
1270 6026 1854
1854 5266 468
468 3937 1914
1914 5689 2236
2236 1554 1700
1700 3918 867
867 6317 909
909 4852 1753
1753 1918 258
100
2591 268 1100
1100 1518 277
277 333 824
824 1050 198
198 1223 1509
1509 5343 2682
2682 3391 2273
2273 1590 1988
1988 3523 1227
1227 4052 981
981 4446 2669
2669 4779 415
415 843 2794
2794 1568 1274
1274 4656 2940
2940 948 2121
2121 2242 2079
2079 216 843
843 1599 2268
2268 240 1797
1797 2550 2369
2369 1748 1942
1942 1978 2614
2614 3361 1749
1749 416 2728
2728 4028 470
470 6104 2052
2052 2108 1649
1649 1902 2698
2698 2343 993
993 3000 1142
1142 1849 2332
2332 804 376
376 4359 1091
1091 5133 1572
1572 4319 1523
1523 656 1875
1875 4504 2810
2810 1718 816
816 6651 925
925 6567 2157
2157 5360 2078
2078 6174 1835
1835 5259 1589
1589 3132 2836
2836 1628 982
982 6217 1948
1948 3291 798
798 1494 1070
1070 2533 2862
2862 6494 2455
2455 2518 1823
1823 5412 2259
2259 2186 1684
1684 2344 1670
1670 276 1857
1857 2124 98
98 6407 695
695 2911 316
316 4141 902
902 860 644
644 1598 301
301 2818 1450
1450 6669 716
716 1898 813
813 2797 1273
1273 2470 2315
2315 1152 1310
1310 780 2468
2468 181 1595
1595 334 1614
1614 579 2688
2688 2337 1281
1281 184 1218
1218 159 290
290 397 2459
2459 4066 2902
2902 8 2832
2832 747 2869
2869 218 287
287 2076 2439
2439 857 317
317 1796 631
631 3319 1254
1254 817 1433
1433 2739 214
214 2150 1276
1276 370 2919
2919 3948 2072
2072 1573 1306
1306 6667 2704
2704 1337 1895
1895 214 924
924 569 1371
1371 667 892
892 1326 269
269 1081 2059
2059 958 2084
2084 6103 2748
2748 1972 258
100
2591 292 2709
2709 4540 619
619 2195 818
818 5167 1664
1664 1186 613
613 3725 1445
1445 5248 1715
1715 2222 2409
2409 1297 2212
2212 2241 1447
1447 888 2171
2171 6216 357
357 3105 2421
2421 2204 661
661 5050 1138
1138 3350 66
66 3401 836
836 2876 913
913 2773 1958
1958 718 179
179 3046 2192
2192 1459 2152
2152 4303 472
472 1615 2413
2413 1781 442
442 380 2433
2433 1928 411
411 5384 901
901 1464 1529
1529 1430 979
979 697 1193
1193 4766 1513
1513 3034 1351
1351 420 1811
1811 2927 1818
1818 3566 2501
2501 2831 1069
1069 535 1671
1671 1145 1643
1643 3223 309
309 1758 2380
2380 1927 1986
1986 4752 422
422 1836 1576
1576 680 1191
1191 3757 1705
1705 3181 25
25 4178 2020
2020 893 2670
2670 3039 857
857 2213 1118
1118 1266 728
728 2875 2766
2766 205 459
459 43 2685
2685 801 1606
1606 3952 2490
2490 5902 1262
1262 6856 570
570 3476 1546
1546 5791 1658
1658 3109 656
656 3971 331
331 2650 109
109 7011 585
585 5615 2914
2914 2828 440
440 3043 1784
1784 1246 2069
2069 119 2345
2345 745 2665
2665 2359 2724
2724 6593 861
861 3014 163
163 4088 433
433 6909 2797
2797 5722 492
492 1571 141
141 2352 1563
1563 2842 1565
1565 1961 1333
1333 2000 2597
2597 260 1894
1894 2735 1843
1843 1872 1956
1956 5691 2415
2415 1989 780
780 4069 2359
2359 661 849
849 6338 232
232 3790 2159
2159 5967 1013
1013 2522 796
796 3239 107
107 623 2652
2652 4312 1949
1949 2316 817
817 1292 2184
2184 3557 2175
2175 1875 258
100
2591 350 24
24 4912 2870
2870 5964 2034
2034 2740 1938
1938 5197 2707
2707 2209 2892
2892 6066 2148
2148 6152 2967
2967 6208 212
212 4431 2752
2752 3097 2941
2941 5114 2560
2560 338 1345
1345 517 2028
2028 2376 310
310 2313 1642
1642 2282 1941
1941 6572 1918
1918 1451 955
955 1822 513
513 360 2702
2702 4649 1402
1402 101 1622
1622 2667 852
852 2368 1256
1256 1128 2324
2324 3835 1239
1239 5020 363
363 3839 2243
2243 4776 1796
1796 6590 2884
2884 4393 2636
2636 4576 1299
1299 336 531
531 1783 2363
2363 4273 878
878 395 903
903 3121 776
776 1202 315
315 1856 1685
1685 2566 778
778 1920 2795
2795 4238 1006
1006 3842 75
75 3225 2937
2937 6772 1527
1527 682 2576
2576 1088 2349
2349 2537 2228
2228 6080 2818
2818 3634 2723
2723 5592 1605
1605 5188 1464
1464 4021 463
463 557 1015
1015 6046 2505
2505 2273 1682
1682 1022 28
28 3429 2680
2680 2207 1545
1545 2666 1065
1065 2013 2099
2099 2725 429
429 3810 1418
1418 6093 314
314 4954 1627
1627 743 1076
1076 2080 1341
1341 322 1712
1712 1839 2462
2462 3037 168
168 5447 1931
1931 1286 2488
2488 3345 461
461 5132 2419
2419 31 1558
1558 1446 2038
2038 6483 260
260 2821 1312
1312 581 2385
2385 1310 370
370 2941 1521
1521 2384 2822
2822 249 1891
1891 943 1034
1034 3462 2518
2518 4230 1927
1927 5979 1690
1690 4599 554
554 3311 1890
1890 3585 719
719 937 2466
2466 5670 2866
2866 2699 2481
2481 3161 1635
1635 1475 1570
1570 6744 2264
2264 6347 2168
2168 1871 1390
1390 363 258
100
2591 358 418
418 2967 1725
1725 5047 758
758 3891 990
990 3244 286
286 4713 234
234 1944 1681
1681 335 1290
1290 521 2764
2764 2073 2261
2261 1960 1079
1079 1019 2362
2362 4559 1129
1129 4269 875
875 1792 2454
2454 733 768
768 3683 1977
1977 2691 2338
2338 2286 1224
1224 344 2487
2487 5686 558
558 4241 2035
2035 489 539
539 3999 466
466 853 1889
1889 1193 2009
2009 2777 1623
1623 4473 2347
2347 117 1002
1002 2444 2521
2521 2704 1980
1980 4989 657
657 1049 2397
2397 6144 2384
2384 2010 888
888 3041 1775
1775 5018 1961
1961 5287 36
36 962 2781
2781 5536 1158
1158 2030 837
837 4639 740
740 1469 1084
1084 1607 2777
2777 4026 156
156 1156 1490
1490 858 2164
2164 1396 467
467 2447 2875
2875 3648 48
48 1265 2753
2753 1544 1466
1466 1921 391
391 3133 279
279 3378 2320
2320 5141 877
877 4364 602
602 1071 1362
1362 1557 1050
1050 4050 1379
1379 6436 444
444 1397 285
285 2965 2402
2402 4794 2538
2538 3472 2640
2640 403 2145
2145 982 1378
1378 6332 2623
2623 2568 31
31 5394 1052
1052 1375 178
178 2293 2700
2700 1834 1738
1738 1054 186
186 1083 352
352 3836 1600
1600 3302 1012
1012 6612 569
569 3532 1767
1767 3486 937
937 4153 262
262 4220 1122
1122 5279 1518
1518 1945 1257
1257 192 1066
1066 280 2170
2170 1313 986
986 3939 2143
2143 3089 2403
2403 1196 638
638 2421 2123
2123 2388 696
696 5654 1081
1081 844 711
711 1204 2586
2586 469 1047
1047 1969 597
597 1947 209
209 3902 485
485 1317 258
100
2591 470 2071
2071 4179 1675
1675 4011 1478
1478 6076 2737
2737 1436 230
230 2075 1128
1128 5424 2727
2727 4256 2858
2858 942 2449
2449 1139 2435
2435 5999 607
607 4087 320
320 5792 1279
1279 2499 2544
2544 1990 61
61 1987 2322
2322 2880 1458
1458 687 336
336 6358 2309
2309 2753 1800
1800 2053 2167
2167 3237 1037
1037 6607 2894
2894 749 2557
2557 1249 1751
1751 4947 1707
1707 5187 2088
2088 3818 1743
1743 23 1170
1170 4640 560
560 620 206
206 2608 869
869 3862 456
456 4004 2227
2227 2637 1475
1475 2198 952
952 2506 2595
2595 1007 538
538 3424 1150
1150 1964 851
851 1173 1787
1787 823 1946
1946 4444 653
653 2569 2643
2643 1933 2214
2214 5640 2965
2965 2301 2465
2465 1148 2534
2534 1838 805
805 5962 2325
2325 1940 423
423 3464 123
123 81 2210
2210 5460 266
266 5929 543
543 3526 455
455 673 1620
1620 5730 2042
2042 1218 2218
2218 1385 1512
1512 2613 2924
2924 2551 727
727 4216 223
223 3773 840
840 6646 691
691 293 1582
1582 1247 242
242 245 446
446 2681 2291
2291 3799 2191
2191 559 17
17 262 2266
2266 6622 2714
2714 2782 2639
2639 1429 991
991 4205 1510
1510 1992 2675
2675 2377 920
920 2530 1182
1182 1761 1348
1348 1912 735
735 6529 2489
2489 5221 954
954 53 2029
2029 6090 2579
2579 1449 1113
1113 2779 750
750 4526 965
965 3306 1328
1328 513 821
821 2015 268
268 3063 1819
1819 1417 2244
2244 1744 1612
1612 2930 2101
2101 2599 2206
2206 2520 2744
2744 4073 2971
2971 6000 137
137 2570 258
100
2591 601 1185
1185 2214 1850
1850 1452 2283
2283 539 1528
1528 3343 2296
2296 2457 2774
2774 4311 1717
1717 1132 1863
1863 3103 319
319 6054 2891
2891 1721 2367
2367 390 1935
1935 3986 2327
2327 3511 561
561 5680 68
68 3228 678
678 2495 534
534 5974 1844
1844 5293 2429
2429 1874 2396
2396 2841 1727
1727 3073 611
611 6757 145
145 576 2114
2114 2638 471
471 3179 1561
1561 5690 491
491 1404 1676
1676 298 1192
1192 2497 734
734 725 2335
2335 985 1104
1104 3762 1526
1526 1795 782
782 1309 2523
2523 3602 43
43 5501 792
792 4519 2672
2672 6882 412
412 454 409
409 4585 1214
1214 109 69
69 2811 660
660 3867 1166
1166 803 1111
1111 4494 1732
1732 480 1300
1300 2897 860
860 1363 1868
1868 886 2354
2354 685 564
564 27 688
688 3909 690
690 248 1991
1991 5112 1871
1871 662 1710
1710 6134 1284
1284 261 146
146 5785 267
267 3354 2348
2348 4222 154
154 712 2286
2286 5477 2735
2735 1862 630
630 4286 2467
2467 737 1228
1228 2378 2508
2508 2491 738
738 4166 1237
1237 381 117
117 3334 2888
2888 5389 640
640 1608 1661
1661 3981 228
228 3495 394
394 271 97
97 6530 2265
2265 5984 2492
2492 5601 540
540 6626 808
808 3562 1426
1426 3931 2298
2298 1085 2574
2574 1707 1535
1535 4237 606
606 379 1858
1858 5214 26
26 111 2726
2726 1983 643
643 4041 2393
2393 6604 1211
1211 4093 629
629 2588 1766
1766 3724 106
106 2342 2565
2565 1754 502
502 3638 905
905 7031 55
55 6227 2007
2007 2259 258
100
2591 672 1962
1962 5849 1131
1131 2769 105
105 5787 2567
2567 5666 2602
2602 6458 2826
2826 2800 1848
1848 500 2683
2683 4803 1196
1196 6745 829
829 45 2783
2783 6328 1912
1912 1553 853
853 1108 2542
2542 2463 1332
1332 5835 2509
2509 3386 2568
2568 5213 2964
2964 4187 1021
1021 4709 1078
1078 2265 1382
1382 574 479
479 5246 1652
1652 926 187
187 2972 2155
2155 6262 1171
1171 1855 2944
2944 917 2839
2839 1657 372
372 710 733
733 4551 1825
1825 400 845
845 6492 1755
1755 1966 387
387 3840 2859
2859 1981 2562
2562 1407 2310
2310 3588 1689
1689 676 898
898 1087 1140
1140 2971 1126
1126 909 1123
1123 3949 2502
2502 463 904
904 3148 2436
2436 4744 2427
2427 4422 447
447 3442 2376
2376 3735 2041
2041 1739 2247
2247 2435 1982
1982 434 1470
1470 314 971
971 5263 1610
1610 3910 494
494 5828 1505
1505 6276 2122
2122 5457 2404
2404 3991 1177
1177 2760 2699
2699 2169 1173
1173 1885 1783
1783 4681 1071
1071 6002 1950
1950 1121 594
594 2410 498
498 4716 1578
1578 11 2441
2441 5794 2805
2805 1105 2130
2130 891 52
52 5458 2550
2550 2512 1779
1779 6426 800
800 3025 2667
2667 3144 2611
2611 1275 2014
2014 3059 1465
1465 3653 2530
2530 4304 2615
2615 2274 1564
1564 5755 2819
2819 1722 2701
2701 1602 1845
1845 6850 2584
2584 204 129
129 2895 2930
2930 466 448
448 432 2528
2528 4464 490
490 4197 2800
2800 5223 1355
1355 97 1427
1427 446 1380
1380 736 2691
2691 5971 225
225 4725 251
251 202 610
610 531 899
899 2816 258
100
2591 1064 1443
1443 2436 2653
2653 1952 694
694 920 1036
1036 3512 562
562 970 2438
2438 875 1500
1500 842 637
637 2792 2555
2555 2348 1974
1974 6089 74
74 3077 2257
2257 4253 1202
1202 1825 1921
1921 3232 1588
1588 1284 166
166 3615 2255
2255 3632 720
720 793 921
921 1682 1940
1940 3873 2120
2120 944 2388
2388 389 2118
2118 1442 515
515 2175 2158
2158 2036 334
334 38 2690
2690 3913 876
876 4708 449
449 5479 2598
2598 1486 932
932 4335 652
652 2909 2434
2434 6402 2408
2408 895 354
354 3682 401
401 2023 1646
1646 4521 302
302 6799 1983
1983 4291 1145
1145 1227 2846
2846 824 1876
1876 6559 380
380 5453 872
872 6742 2048
2048 139 120
120 533 1602
1602 391 385
385 1103 858
858 308 1172
1172 4749 2106
2106 4753 911
911 1626 2770
2770 6762 1506
1506 2370 1742
1742 1719 700
700 4251 1608
1608 1570 2634
2634 2468 2887
2887 1713 1024
1024 1428 665
665 55 946
946 2358 2202
2202 4878 2939
2939 670 928
928 7 2270
2270 1153 1245
1245 4829 769
769 5388 2957
2957 784 245
245 1234 1900
1900 2993 410
410 1011 14
14 1237 2065
2065 2517 1547
1547 1225 2687
2687 1562 774
774 2262 1137
1137 5089 2340
2340 5499 2732
2732 6923 595
595 3292 1729
1729 762 2835
2835 232 8
8 4650 1309
1309 1252 825
825 337 348
348 1530 2879
2879 287 275
275 1629 2603
2603 4387 795
795 2892 1391
1391 3 1432
1432 1726 108
108 1233 1925
1925 223 2211
2211 2632 1074
1074 4332 2479
2479 782 2431
2431 4310 258
100
2591 1206 78
78 3250 405
405 941 6
6 1171 221
221 1510 934
934 63 1383
1383 5897 1648
1648 1154 797
797 1865 1944
1944 1399 994
994 742 437
437 2429 917
917 2675 1826
1826 3633 1090
1090 1860 224
224 3899 1883
1883 6248 172
172 6886 582
582 4254 2066
2066 597 194
194 3018 95
95 3150 936
936 3430 2139
2139 2651 855
855 4226 501
501 376 1469
1469 424 1437
1437 227 2901
2901 652 831
831 5024 2554
2554 1958 2486
2486 6534 2073
2073 6848 794
794 450 547
547 2641 935
935 313 1056
1056 1581 1463
1463 2477 1631
1631 151 895
895 1603 1110
1110 807 1287
1287 160 1067
1067 1161 1155
1155 6079 2718
2718 6167 1068
1068 6480 1275
1275 2387 86
86 635 1388
1388 2257 505
505 641 701
701 3530 2536
2536 6547 1645
1645 6207 759
759 3113 1205
1205 5948 1133
1133 5250 1641
1641 605 563
563 3619 1005
1005 2170 1885
1885 2250 942
942 2850 1053
1053 1766 760
760 1097 1968
1968 2628 1102
1102 6082 622
622 3630 2424
2424 3057 576
576 68 2095
2095 2155 2077
2077 15 1028
1028 6143 1210
1210 6477 2529
2529 567 2532
2532 4288 1933
1933 467 766
766 4781 1569
1569 2319 1562
1562 5538 226
226 57 781
781 2907 2880
2880 564 2934
2934 5472 1786
1786 1594 122
122 2019 2124
2124 3831 1504
1504 4780 113
113 4698 783
783 2683 2945
2945 5191 2224
2224 6743 686
686 2627 2899
2899 444 940
940 1046 2080
2080 816 522
522 2424 2005
2005 3649 1495
1495 1100 1560
1560 3320 2138
2138 3084 777
777 1025 258
100
2591 1208 2226
2226 4456 439
439 510 2771
2771 5400 1936
1936 2043 2784
2784 5886 1401
1401 894 1840
1840 3338 90
90 626 392
392 1056 1399
1399 5993 1965
1965 5947 1566
1566 773 2742
2742 4236 1517
1517 2553 999
999 259 2791
2791 3185 1697
1697 278 590
590 3881 215
215 5866 1552
1552 723 1049
1049 3085 2861
2861 1191 574
574 3359 2233
2233 5599 718
718 5888 407
407 4895 361
361 561 1730
1730 4404 2616
2616 5729 1574
1574 1042 751
751 207 2850
2850 3036 1396
1396 6141 2116
2116 1949 1803
1803 781 2311
2311 1993 1559
1559 3177 2775
2775 2418 583
583 954 2548
2548 4732 2190
2190 2664 2885
2885 303 1628
1628 508 493
493 121 625
625 956 1240
1240 4855 1179
1179 1830 2463
2463 3112 131
131 2106 1096
1096 1099 2263
2263 3012 542
542 1870 663
663 2905 868
868 4697 2011
2011 1790 980
980 4754 2016
2016 5061 192
192 6162 2017
2017 3016 1702
1702 4513 2608
2608 1753 1691
1691 2028 2812
2812 3446 519
519 359 1319
1319 2764 2873
2873 2275 2151
2151 4268 2253
2253 1593 2874
2874 140 288
288 668 803
803 1170 191
191 2328 1329
1329 548 2316
2316 2525 1343
1343 228 1752
1752 4169 772
772 2496 1688
1688 1495 707
707 2448 2577
2577 632 746
746 903 2482
2482 3387 2495
2495 5429 1735
1735 4457 1017
1017 150 621
621 1224 2570
2570 1274 496
496 3571 2644
2644 164 495
495 719 1434
1434 2356 161
161 3404 1203
1203 1661 1761
1761 6549 2798
2798 258 2112
2112 2917 497
497 285 1878
1878 2563 1295
1295 4960 258
100
2591 1328 628
628 3911 2336
2336 2940 2472
2472 2806 1250
1250 304 2001
2001 854 2303
2303 549 2445
2445 2625 544
544 1212 880
880 6463 2755
2755 6151 2442
2442 6133 253
253 5879 416
416 1715 685
685 3857 2050
2050 1422 1997
1997 4928 1161
1161 3866 741
741 2594 2480
2480 6380 464
464 239 2897
2897 2172 289
289 2093 726
726 6863 826
826 5504 788
788 2180 1520
1520 1077 573
573 6614 1105
1105 1254 1073
1073 2149 347
347 375 632
632 3468 832
832 6854 1225
1225 5253 2443
2443 4020 373
373 729 2447
2447 2519 995
995 5004 757
757 3064 1798
1798 3886 292
292 1923 2720
2720 2276 231
231 1676 553
553 5896 358
358 5480 2792
2792 2893 325
325 1492 2418
2418 4900 2129
2129 959 1238
1238 1798 2970
2970 6226 992
992 439 2537
2537 3953 1957
1957 6842 1953
1953 418 1176
1176 2810 2593
2593 3054 304
304 1147 1616
1616 1377 2596
2596 300 2733
2733 3534 2274
2274 3660 1952
1952 4000 1429
1429 88 1867
1867 2462 2533
2533 6260 54
54 1828 1109
1109 1703 2179
2179 4699 27
27 2523 453
453 3279 2802
2802 4322 2036
2036 831 704
704 5471 687
687 6821 96
96 5758 474
474 4377 523
523 2808 278
278 1406 1711
1711 2153 91
91 6898 1087
1087 2035 2276
2276 1675 1265
1265 913 1143
1143 5812 2375
2375 522 3
3 2094 2851
2851 7024 1515
1515 5869 1884
1884 2226 639
639 4174 2047
2047 1965 2018
2018 5949 1630
1630 5900 483
483 1433 2319
2319 3742 2045
2045 2321 2110
2110 4074 747
747 1445 1978
1978 1938 258
100
2591 1690 1363
1363 2127 2279
2279 6731 1533
1533 884 1539
1539 4082 18
18 4406 121
121 634 135
135 267 966
966 4721 130
130 3313 532
532 6085 1801
1801 1757 1892
1892 7039 1342
1342 175 1626
1626 4531 2473
2473 1288 2178
2178 6552 668
668 2706 1014
1014 2983 2650
2650 3578 1728
1728 5616 2386
2386 1810 2524
2524 155 1794
1794 6871 2609
2609 3938 1530
1530 237 403
403 3488 2440
2440 638 2525
2525 2063 53
53 674 2271
2271 1410 914
914 1516 2860
2860 5986 2010
2010 4835 667
667 5397 1092
1092 2105 2378
2378 6645 1439
1439 512 390
390 3213 1744
1744 6052 1220
1220 3558 1308
1308 2323 1188
1188 1358 2962
2962 3229 1221
1221 2844 1805
1805 4546 2620
2620 3678 2154
2154 4168 1532
1532 6168 2314
2314 6605 2032
2032 4384 2651
2651 3829 2647
2647 3533 2663
2663 706 1666
1666 5682 2657
2657 1977 2942
2942 1688 2085
2085 4666 1108
1108 868 1525
1525 3843 158
158 3187 189
189 2178 11
11 2604 273
273 1311 2561
2561 1742 815
815 3212 1357
1357 5655 1496
1496 966 2729
2729 488 1194
1194 6140 153
153 4565 81
81 3990 1292
1292 2318 2030
2030 1287 29
29 805 1361
1361 4418 2959
2959 1194 402
402 4530 2952
2952 2026 1077
1077 3775 1294
1294 3191 44
44 2089 2855
2855 456 1906
1906 3352 1417
1417 3284 1039
1039 845 950
950 4588 1026
1026 443 1337
1337 1447 83
83 1369 263
263 5998 906
906 714 73
73 1709 891
891 543 2307
2307 90 969
969 1010 170
170 422 988
988 3940 1619
1619 841 2776
2776 1957 258
100
2591 2253 243
243 167 2237
2237 5836 136
136 4391 1765
1765 4701 1975
1975 3380 1514
1514 247 698
698 2246 49
49 1474 1922
1922 1061 2037
2037 3663 2868
2868 1984 2306
2306 1609 2387
2387 1043 1146
1146 518 2847
2847 832 572
572 3703 1302
1302 3060 2351
2351 4455 125
125 2999 2773
2773 6387 2696
2696 2205 2364
2364 441 1107
1107 4417 1400
1400 5991 1613
1613 4841 713
713 1409 714
714 6736 124
124 3356 1098
1098 648 1242
1242 42 2280
2280 3307 1655
1655 2157 103
103 594 2089
2089 4340 2374
2374 6681 1335
1335 1498 340
340 640 2015
2015 1290 1009
1009 4285 22
22 4434 1072
1072 606 1029
1029 3590 900
900 996 46
46 5163 2898
2898 5909 2083
2083 4851 174
174 4036 2829
2829 3845 1491
1491 2322 1701
1701 721 374
374 6202 434
434 78 2199
2199 3893 1197
1197 2567 974
974 6148 833
833 54 1231
1231 5322 908
908 4048 916
916 5850 2150
2150 5651 2913
2913 311 1042
1042 3973 63
63 1057 1580
1580 5244 2553
2553 1773 2864
2864 6834 2710
2710 4799 944
944 2872 249
249 6123 193
193 6098 2722
2722 6150 23
23 185 2128
2128 405 2189
2189 2989 2242
2242 4756 1232
1232 2460 1387
1387 4235 2931
2931 5215 1674
1674 2759 2883
2883 870 155
155 6313 2117
2117 2780 1186
1186 5398 1344
1344 4916 556
556 2049 344
344 1160 749
749 1780 58
58 84 2778
2778 6933 2136
2136 5251 646
646 5356 1365
1365 3381 811
811 939 2452
2452 6954 1051
1051 2540 208
208 2908 1178
1178 2938 1119
1119 6548 2506
2506 616 258
100
2591 2347 2619
2619 1876 388
388 6194 919
919 4428 2741
2741 3402 445
445 4998 765
765 1372 71
71 3988 682
682 1845 2673
2673 1883 2102
2102 445 2337
2337 3365 2659
2659 5157 1132
1132 3355 933
933 984 822
822 5080 1485
1485 2812 2877
2877 3154 1810
1810 6242 1820
1820 2235 2918
2918 4330 1033
1033 6579 351
351 2315 1151
1151 846 885
885 30 958
958 6546 2807
2807 5463 1080
1080 945 2867
2867 2690 397
397 1343 1656
1656 3130 972
972 707 897
897 1925 441
441 2849 308
308 2968 1544
1544 4870 939
939 371 1414
1414 4846 1267
1267 324 20
20 2329 420
420 4483 1346
1346 4641 1771
1771 5095 593
593 4152 1984
1984 6256 2660
2660 4225 1976
1976 471 2886
2886 1371 159
159 774 1603
1603 4042 436
436 637 1063
1063 530 454
454 4802 2823
2823 3755 1324
1324 2593 987
987 5083 541
541 3589 1055
1055 2201 1301
1301 1473 1769
1769 5064 37
37 838 2972
2972 5475 2458
2458 542 82
82 994 841
841 1053 2876
2876 678 533
533 1959 1524
1524 3366 2217
2217 6455 2780
2780 410 1607
1607 2799 550
550 1129 2358
2358 408 2628
2628 5209 299
299 274 1534
1534 4651 2950
2950 4606 175
175 4360 1904
1904 120 1609
1609 2636 1851
1851 2009 873
873 281 1720
1720 1979 2779
2779 6043 1881
1881 4315 79
79 4240 614
614 802 1913
1913 47 1120
1120 1002 812
812 1908 870
870 1488 2133
2133 5201 744
744 415 2641
2641 74 431
431 2794 2241
2241 2873 65
65 791 1321
1321 4296 923
923 4674 2713
2713 1299 258
100
2591 2503 1963
1963 764 1736
1736 4419 2552
2552 1242 1404
1404 2717 2372
2372 2295 2478
2478 3610 1722
1722 914 2188
2188 5012 147
147 6155 1763
1763 5098 1673
1673 3604 1438
1438 4047 1590
1590 830 1790
1790 4356 2021
2021 186 1409
1409 3186 2543
2543 2263 1870
1870 3033 140
140 401 2592
2592 3160 1901
1901 5718 1773
1773 863 72
72 478 1206
1206 1566 1082
1082 107 1829
1829 2668 756
756 4388 2921
2921 2231 1567
1567 1448 1872
1872 2969 967
967 4729 1372
1372 4383 634
634 1162 1806
1806 5668 222
222 33 2852
2852 4608 1809
1809 1004 1522
1522 6070 2464
2464 1868 2484
2484 4926 2617
2617 3249 443
443 5159 592
592 2646 2196
2196 4876 771
771 2125 850
850 1643 2546
2546 2450 2629
2629 1 1899
1899 600 1604
1604 1117 359
359 5515 2499
2499 393 1919
1919 2883 1795
1795 2770 2871
2871 4591 1992
1992 5432 1249
1249 2864 1280
1280 3217 297
297 2254 764
764 3452 959
959 3926 2811
2811 3116 2772
2772 5566 70
70 41 791
791 6190 641
641 2682 2661
2661 1302 379
379 5843 1377
1377 660 239
239 5776 2703
2703 1760 2559
2559 5286 626
626 6097 968
968 2466 2656
2656 4560 2331
2331 2190 742
742 1857 1060
1060 3822 2093
2093 2848 2012
2012 4760 2622
2622 3531 60
60 2116 2326
2326 4186 2515
2515 4789 188
188 1664 2599
2599 2534 2097
2097 342 1045
1045 2405 2890
2890 75 636
636 2317 1853
1853 2361 144
144 1060 2721
2721 6075 2476
2476 933 337
337 1650 38
38 1841 1657
1657 289 1168
1168 2059 1032
1032 468 258
100
2591 2736 176
176 100 884
884 1542 1038
1038 2103 1358
1358 2071 2144
2144 3003 1175
1175 5026 2686
2686 3419 399
399 2547 1389
1389 4704 2000
2000 2245 2872
2872 769 128
128 4745 2330
2330 589 2746
2746 1915 710
710 2162 356
356 3803 2229
2229 873 1549
1549 1738 732
732 2381 368
368 6470 2216
2216 1640 588
588 3824 1124
1124 66 169
169 2126 2693
2693 4661 138
138 879 612
612 4590 1398
1398 5226 1313
1313 3184 2648
2648 2151 1223
1223 2712 2491
2491 4276 1718
1718 1980 1832
1832 4460 2278
2278 2401 1996
1996 2420 1213
1213 6087 321
321 839 2695
2695 5642 1660
1660 4734 1634
1634 1775 2477
2477 1681 430
430 3623 1497
1497 210 2432
2432 6582 2342
2342 1365 1430
1430 4272 2496
2496 1278 328
328 1420 1538
1538 4362 1415
1415 3793 1842
1842 3732 1550
1550 1666 2813
2813 3092 465
465 4271 508
508 5044 2103
2103 5043 2719
2719 5890 1471
1471 622 276
276 5107 896
896 4267 819
819 3369 1315
1315 1458 1326
1326 953 197
197 726 201
201 6368 699
699 2088 1747
1747 2762 2926
2926 3698 2002
2002 999 1330
1330 64 1226
1226 5158 2933
2933 2498 1293
1293 5930 2716
2716 6319 1483
1483 908 1264
1264 1188 1969
1969 1789 2040
2040 4035 51
51 1289 265
265 3448 1782
1782 3344 367
367 6936 183
183 2870 586
586 5696 856
856 2958 709
709 4853 2031
2031 5068 1027
1027 6761 264
264 3807 865
865 4873 529
529 1782 2254
2254 5965 654
654 4986 1233
1233 4914 2671
2671 826 1165
1165 2888 2395
2395 5938 1834
1834 821 258
100
2591 2742 2446
2446 1900 2258
2258 5171 1452
1452 2738 1260
1260 3559 1199
1199 4308 568
568 1255 2033
2033 5524 1083
1083 4280 1163
1163 4386 1632
1632 172 1979
1979 1015 19
19 6251 2140
2140 3821 2889
2889 3609 1638
1638 792 333
333 1376 247
247 6244 250
250 4441 1865
1865 46 1423
1423 6078 238
238 3553 1393
1393 5780 1019
1019 519 1356
1356 2640 2796
2796 125 2215
2215 2258 520
520 188 1866
1866 3878 1591
1591 5461 1453
1453 1873 2510
2510 3076 88
88 4805 1323
1323 2623 1088
1088 2749 1739
1739 1163 257
257 1305 1304
1304 1545 1516
1516 309 684
684 3138 1861
1861 1389 2293
2293 98 1162
1162 1331 1592
1592 1644 1571
1571 607 150
150 2752 863
863 4748 254
254 1956 2571
2571 3898 1456
1456 2271 1877
1877 5411 2668
2668 1012 1759
1759 3581 763
763 3467 2381
2381 4979 2601
2601 6704 1253
1253 1769 997
997 690 947
947 691 1597
1597 814 673
673 3061 2300
2300 1622 1282
1282 1063 2587
2587 399 647
647 265 927
927 1052 1785
1785 3042 2057
2057 1386 2169
2169 6416 2281
2281 1344 985
985 4718 2960
2960 3537 2747
2747 319 2893
2893 6118 736
736 3718 2563
2563 3019 2857
2857 4219 2329
2329 2705 645
645 3668 510
510 5927 111
111 961 1334
1334 4278 343
343 1461 618
618 4140 2750
2750 3789 2882
2882 1347 1259
1259 1550 2801
2801 666 1022
1022 1584 1916
1916 5603 2632
2632 1882 1422
1422 2617 2357
2357 2139 2406
2406 124 148
148 701 1288
1288 2305 332
332 618 1897
1897 3175 752
752 2715 76
76 329 258
100
2591 2775 579
579 1390 2205
2205 7030 1757
1757 4155 2288
2288 2731 642
642 317 217
217 614 196
196 2159 119
119 2037 1704
1704 777 2250
2250 5660 712
712 3123 600
600 3104 181
181 5808 2705
2705 2648 1934
1934 6312 211
211 1465 200
200 4664 2350
2350 2449 1486
1486 3099 706
706 406 1930
1930 29 2163
2163 1285 866
866 2040 2922
2922 3120 1708
1708 374 2684
2684 2243 2308
2308 3930 708
708 862 16
16 2252 609
609 4691 1831
1831 2115 1148
1148 6931 676
676 3129 2966
2966 6714 2498
2498 3296 1018
1018 3945 2507
2507 3388 789
789 4372 2865
2865 3809 1381
1381 2813 1817
1817 2469 1252
1252 1586 1586
1586 2287 2182
2182 1405 261
261 1151 1911
1911 658 62
62 4341 2527
2527 6045 2787
2787 283 2420
2420 3069 2198
2198 5860 1234
1234 3457 1353
1353 6345 2417
2417 3975 1468
1468 3088 689
689 1167 171
171 1017 894
894 1639 2414
2414 1364 549
549 2756 2517
2517 2308 1629
1629 610 2304
2304 1471 2769
2769 2657 1200
1200 5765 804
804 503 330
330 2272 2292
2292 2685 2290
2290 4294 1519
1519 3082 432
432 2956 1917
1917 2082 1320
1320 896 1054
1054 2716 2833
2833 2114 2186
2186 3540 2569
2569 195 2230
2230 348 2925
2925 5953 2474
2474 3494 697
697 715 1662
1662 1538 1480
1480 1913 173
173 5318 802
802 3038 45
45 2200 167
167 4326 2026
2026 1786 1156
1156 765 2761
2761 3787 1813
1813 6823 274
274 3083 1003
1003 92 400
400 2354 2955
2955 1157 2062
2062 4045 1174
1174 5505 1654
1654 2549 47
47 3473 258
100
2591 3234 1621
1621 5701 1723
1723 4031 1352
1352 2374 530
530 973 2272
2272 4775 1856
1856 4092 427
427 290 2317
2317 722 59
59 1631 2156
2156 1276 462
462 2312 1144
1144 562 1667
1667 975 1745
1745 2006 2631
2631 1456 2961
2961 1600 717
717 5265 977
977 1466 2
2 2055 1366
1366 1179 1457
1457 269 1625
1625 1176 1959
1959 754 978
978 2 2946
2946 1370 293
293 3009 2287
2287 417 371
371 1561 482
482 1250 2235
2235 1079 2520
2520 2306 1896
1896 1300 235
235 6864 996
996 1704 2708
2708 1848 1593
1593 2467 2366
2366 69 425
425 2232 1893
1893 902 1189
1189 4161 2195
2195 2832 627
627 5518 1340
1340 4645 806
806 6968 2410
2410 5021 1364
1364 4250 725
725 1203 847
847 3546 1932
1932 2642 1367
1367 2135 1973
1973 6518 1719
1719 5693 2173
2173 1804 2896
2896 528 1734
1734 3396 1297
1297 4478 177
177 2635 2697
2697 2267 683
683 346 2356
2356 20 2457
2457 753 1907
1907 949 2706
2706 1165 1777
1777 4071 1011
1011 3754 2676
2676 771 236
236 4532 1750
1750 2980 2013
2013 1779 2371
2371 2576 1724
1724 5305 1001
1001 1800 989
989 3708 342
342 2732 1385
1385 3992 1187
1187 3777 2760
2760 5115 1653
1653 1654 2927
2927 3594 1303
1303 5336 2627
2627 3897 1394
1394 3449 2058
2058 4486 973
973 1756 1479
1479 6685 93
93 2181 1799
1799 551 1849
1849 1195 670
670 1591 679
679 6300 2831
2831 3176 2204
2204 2933 1636
1636 3828 623
623 5673 1678
1678 5025 799
799 778 1816
1816 1905 957
957 3727 820
820 1680 258
100
2591 3399 2131
2131 1415 1499
1499 1102 1493
1493 6334 291
291 3516 2853
2853 2869 931
931 6007 2087
2087 3023 1094
1094 3643 785
785 5365 577
577 4385 1733
1733 1673 546
546 2603 649
649 1066 2161
2161 3260 1412
1412 5750 419
419 5585 7
7 6163 1198
1198 6987 1442
1442 3942 2803
2803 2804 527
527 628 100
100 1911 1419
1419 573 2730
2730 5611 2483
2483 414 2275
2275 3275 677
677 4424 1339
1339 1133 2711
2711 2975 2920
2920 2414 1217
1217 2346 2607
2607 3500 1289
1289 5535 1584
1584 411 1716
1716 815 255
255 1645 2645
2645 4399 1615
1615 1058 2630
2630 1273 1477
1477 1435 162
162 2408 1537
1537 4485 2717
2717 1034 2023
2023 2722 2284
2284 6741 2252
2252 4395 753
753 7004 2105
2105 6196 1075
1075 2987 1737
1737 696 1869
1869 211 134
134 89 1888
1888 6560 2666
2666 1457 1268
1268 485 396
396 2791 1764
1764 4933 377
377 3192 1248
1248 447 2618
2618 5647 2809
2809 3149 2573
2573 430 2379
2379 1240 1837
1837 3321 658
658 1696 457
457 2029 2948
2948 5892 2969
2969 885 1887
1887 1812 227
227 2817 1407
1407 6061 294
294 3978 1847
1847 123 1776
1776 464 2299
2299 4637 2621
2621 3962 1043
1043 1549 41
41 4442 1121
1121 2531 2448
2448 5189 1993
1993 3995 755
755 5304 1030
1030 1356 1190
1190 2439 1064
1064 5723 2485
2485 3734 830
830 5274 204
204 2686 2470
2470 2860 1579
1579 995 1852
1852 340 341
341 3943 2444
2444 6950 252
252 2160 1384
1384 433 1596
1596 4165 1093
1093 828 555
555 1362 1731
1731 242 258
100
2591 4067 2513
2513 4931 2679
2679 6653 324
324 2224 240
240 5067 1788
1788 2112 149
149 586 506
506 3804 1874
1874 177 930
930 5165 2943
2943 1349 2694
2694 6197 941
941 3027 2353
2353 4323 2789
2789 6346 960
960 2202 722
722 4295 2740
2740 6116 486
486 3686 1902
1902 1101 918
918 2988 2239
2239 3717 1085
1085 1934 724
724 4944 1216
1216 835 1269
1269 3168 835
835 2022 202
202 2307 761
761 6428 298
298 2152 2906
2906 2330 2838
2838 5963 964
964 3416 2840
2840 5401 2677
2677 558 2635
2635 5811 2580
2580 2652 536
536 6479 2759
2759 3743 511
511 6999 2504
2504 6928 2053
2053 1076 116
116 752 2094
2094 330 1754
1754 2761 998
998 6816 1373
1373 1480 2344
2344 2068 1425
1425 502 1004
1004 3409 567
567 6333 598
598 1091 2516
2516 252 545
545 4833 1860
1860 874 1099
1099 3716 2512
2512 2066 39
39 1384 827
827 318 1000
1000 3299 2019
2019 3510 1808
1808 2034 2256
2256 4890 2610
2610 1743 2655
2655 3026 2222
2222 6831 2936
2936 1000 1791
1791 1072 2213
2213 5119 2958
2958 6759 2572
2572 495 922
922 310 838
838 6094 2585
2585 6541 152
152 4743 1416
1416 3696 1
1 4160 748
748 5203 1598
1598 6810 1057
1057 1319 2060
2060 3720 2183
2183 1674 1812
1812 2595 1204
1204 1441 2806
2806 5355 1041
1041 1537 406
406 5529 1971
1971 5571 2149
2149 5550 295
295 2574 369
369 6943 2401
2401 2679 1180
1180 5806 2815
2815 6767 1016
1016 3760 575
575 2504 949
949 3758 1149
1149 1725 1236
1236 3050 1882
1882 1261 258
100
2591 4105 360
360 2113 1793
1793 3031 842
842 3994 1375
1375 1222 2531
2531 2852 2115
2115 1819 1424
1424 4824 1134
1134 4314 2751
2751 748 2605
2605 3200 384
384 2100 2267
2267 2025 729
729 6084 2025
2025 3723 1446
1446 5805 1554
1554 1592 383
383 110 926
926 2874 1476
1476 2991 1551
1551 5448 2146
2146 4204 1095
1095 6997 1855
1855 3579 601
601 4317 1838
1838 3062 13
13 199 205
205 861 2514
2514 4146 2545
2545 226 596
596 1670 1802
1802 2493 451
451 3766 2849
2849 2309 2590
2590 1181 1695
1695 3423 823
823 4506 951
951 5125 1448
1448 2696 674
674 2978 393
393 481 2788
2788 6564 786
786 1470 1106
1106 5583 1410
1410 2639 2352
2352 2039 2321
2321 4266 408
408 4557 810
810 3923 2968
2968 5417 603
603 40 929
929 5506 1994
1994 1548 907
907 5239 525
525 3556 476
476 1166 1778
1778 1463 1406
1406 4711 1020
1020 3316 1929
1929 419 1577
1577 1669 2606
2606 174 300
300 1159 2107
2107 2543 1699
1699 4061 1898
1898 1200 1987
1987 156 2391
2391 24 672
672 6378 112
112 3136 1909
1909 5822 139
139 58 398
398 3303 702
702 3851 2712
2712 2228 2763
2763 1552 56
56 4997 339
339 3877 1972
1972 2787 953
953 6086 1618
1618 4722 883
883 6496 2754
2754 1205 2664
2664 4206 648
648 5053 1807
1807 5027 893
893 5982 1159
1159 6301 773
773 272 1046
1046 5605 104
104 2077 2821
2821 4728 2240
2240 4648 1160
1160 2255 395
395 1177 1828
1828 653 1271
1271 3015 2194
2194 256 1097
1097 644 2519
2519 126 258
100
2591 5268 2295
2295 474 32
32 473 127
127 6316 2067
2067 5423 329
329 368 2221
2221 6764 1998
1998 396 862
862 4596 912
912 2430 2471
2471 2552 1117
1117 2363 517
517 2592 1758
1758 2193 2382
2382 1612 473
473 2536 1488
1488 1065 283
283 1262 1229
1229 1884 241
241 2118 2799
2799 1357 2637
2637 4685 1350
1350 2140 327
327 4715 2111
2111 5716 195
195 3405 2282
2282 5319 890
890 3437 2658
2658 1771 2841
2841 695 2368
2368 437 165
165 4137 775
775 5234 182
182 772 754
754 1197 2900
2900 2208 2649
2649 2835 518
518 224 1114
1114 5845 1136
1136 6545 426
426 36 2207
2207 3087 675
675 72 1663
1663 915 2132
2132 2954 500
500 3199 2566
2566 734 2692
2692 4889 635
635 3256 1374
1374 686 2225
2225 2407 2416
2416 1026 87
87 798 1841
1841 3280 2091
2091 4435 589
589 3925 1990
1990 221 961
961 1444 526
526 203 102
102 206 2108
2108 5976 2539
2539 1340 976
976 4170 1721
1721 4159 879
879 3576 664
664 4094 487
487 5138 521
521 2060 1369
1369 2902 2551
2551 4127 92
92 2724 143
143 105 1981
1981 2196 616
616 2038 2343
2343 94 1411
1411 1939 1222
1222 5330 417
417 6577 126
126 3631 1964
1964 651 2904
2904 2298 2248
2248 1074 216
216 1699 2450
2450 4338 256
256 3172 306
306 4772 1230
1230 4971 1575
1575 6825 1692
1692 3707 2162
2162 5950 1296
1296 1432 2817
2817 887 382
382 2803 2092
2092 183 1879
1879 4345 1694
1694 1833 1746
1746 6706 1023
1023 4147 1651
1651 1258 524
524 1035 258
