10
300
2743 692 1342
1342 1828 640
640 90 1097
1097 192 1615
1615 2983 2814
2814 638 2817
2817 4035 2288
2288 2570 1381
1381 2277 2223
2223 494 1489
1489 924 1127
1127 4747 719
719 2117 2271
2271 4314 2294
2294 4516 1243
1243 396 733
733 5644 155
155 156 2516
2516 480 1341
1341 3129 103
103 5137 2660
2660 3411 1603
1603 3796 702
702 2815 2854
2854 4074 1926
1926 261 1017
1017 4337 1295
1295 4080 1180
1180 3655 1173
1173 3639 1000
1000 2356 1929
1929 4342 2695
2695 410 1135
1135 833 97
97 5519 1885
1885 3385 1202
1202 2049 2184
2184 1597 2536
2536 3346 385
385 4038 264
264 486 1713
1713 2867 988
988 637 1073
1073 5592 1627
1627 4259 2571
2571 1097 2584
2584 2617 1394
1394 3386 2205
2205 3981 737
737 3643 472
472 2267 2017
2017 2762 2780
2780 3727 2892
2892 597 1091
1091 3021 623
623 3138 571
571 2729 1942
1942 4996 36
36 4633 1223
1223 2975 1087
1087 1117 2469
2469 2050 1661
1661 647 1311
1311 5699 848
848 4894 793
793 2571 1609
1609 4511 1650
1650 4787 2818
2818 214 520
520 4610 107
107 5046 2215
2215 2131 2050
2050 5636 2130
2130 1631 288
288 915 58
58 5338 1070
1070 3445 1104
1104 5027 787
787 127 1732
1732 2349 1547
1547 357 2030
2030 5551 1807
1807 2146 2408
2408 5462 1167
1167 1093 400
400 4592 402
402 4691 1986
1986 670 1158
1158 3762 1201
1201 2805 2389
2389 1383 2588
2588 979 942
942 3279 1975
1975 2875 1374
1374 2193 955
955 5686 2894
2894 3809 2494
2494 5698 1979
1979 3508 2522
2522 502 483
483 3685 2019
2019 3249 151
151 3589 613
613 3308 2053
2053 2216 2910
2910 4803 2382
2382 411 2822
2822 1029 2142
2142 1085 511
511 3578 2186
2186 5230 1812
1812 2645 241
241 3187 2858
2858 2793 2021
2021 5028 2821
2821 5647 2402
2402 891 1864
1864 3821 265
265 2466 1149
1149 2090 451
451 2962 2535
2535 5147 2846
2846 3010 2425
2425 3999 429
429 1678 176
176 5207 645
645 514 1310
1310 5329 1583
1583 1386 807
807 3103 1724
1724 289 1226
1226 1679 867
867 3793 392
392 1263 1090
1090 5010 931
931 4206 1192
1192 5605 1265
1265 3866 1772
1772 284 1300
1300 4954 2681
2681 3189 1352
1352 5184 142
142 3137 1290
1290 2960 1541
1541 4075 1367
1367 1760 2462
2462 1989 2085
2085 3424 776
776 5300 185
185 884 435
435 2669 1430
1430 2389 1557
1557 5181 1125
1125 5210 413
413 3113 1855
1855 399 1791
1791 2404 1006
1006 2478 1988
1988 3250 974
974 2905 2090
2090 325 2720
2720 4738 1924
1924 586 1905
1905 3128 768
768 3535 465
465 2754 441
441 393 299
299 2041 889
889 1072 246
246 3528 249
249 3717 1757
1757 5659 2947
2947 643 1053
1053 5180 2373
2373 5276 238
238 929 590
590 4105 2075
2075 3193 1095
1095 4582 1035
1035 1271 1021
1021 763 956
956 103 2662
2662 4647 2089
2089 2482 2812
2812 2934 2650
2650 3035 292
292 1522 671
671 4150 2731
2731 1725 516
516 2768 1520
1520 2949 343
343 4533 2169
2169 4614 1881
1881 5549 2744
2744 1342 700
700 2162 190
190 1041 2932
2932 469 382
382 1180 49
49 3430 1292
1292 5640 2844
2844 3429 1019
1019 2895 906
906 1297 2954
2954 4407 2760
2760 2635 2267
2267 4055 1371
1371 901 95
95 2812 126
126 3083 1451
1451 5089 1497
1497 4775 2891
2891 710 2435
2435 2106 688
688 2257 1722
1722 319 1234
1234 3777 482
482 2688 2446
2446 424 1917
1917 4568 594
594 3216 720
720 4247 473
473 3653 362
362 1928 2423
2423 1397 2036
2036 796 2974
2974 2776 90
90 3085 635
635 694 2534
2534 3135 1572
1572 1573 532
532 1382 915
915 930 750
750 229 1971
1971 479 404
404 3963 1261
1261 2715 695
695 2838 2209
2209 2908 55
55 4431 2256
2256 5688 253
253 1051 2100
2100 5337 1940
1940 617 1495
1495 4381 2280
2280 2699 744
744 4382 2848
2848 3984 600
600 197 1076
1076 4122 1961
1961 691 1574
1574 2954 1763
1763 4841 2068
2068 4873 340
340 2067 2150
2150 2787 462
462 5471 2164
2164 4257 529
529 5616 227
227 1316 1320
1320 3651 1293
1293 4629 865
865 2088 1161
1161 5404 1147
1147 4198 2895
2895 2432 2738
2738 3090 2429
2429 4467 922
922 5065 2181
2181 4306 1780
1780 3484 667
667 4862 2497
2497 4831 2957
2957 698 1391
1391 5120 2773
2773 4279 1301
1301 3377 479
479 1031 1576
1576 5285 621
621 2377 1952
1952 5671 1321
1321 1937 2826
2826 1095 911
911 4119 1706
1706 3027 804
804 5196 2938
2938 4359 326
326 1053 2022
2022 3055 2344
2344 1115 468
468 3955 1834
1834 3060 1414
1414 1200 2243
2243 3458 233
233 3988 1018
1018 744 2329
2329 2206 2917
2917 2385 2353
2353 1689 1483
1483 1458 1468
300
2743 1204 2543
2543 4325 1099
1099 1416 991
991 5320 2065
2065 585 1438
1438 4437 809
809 3358 2434
2434 4100 2507
2507 1586 69
69 4549 2794
2794 1131 2881
2881 4724 2454
2454 1201 2578
2578 5083 452
452 905 262
262 498 1256
1256 4264 1867
1867 1392 2216
2216 2127 2732
2732 2171 2383
2383 4669 714
714 2914 217
217 2024 7
7 4205 904
904 2927 2991
2991 2025 2704
2704 5299 705
705 2426 2220
2220 3601 1448
1448 2263 2547
2547 1931 2003
2003 4785 1134
1134 1611 2733
2733 3691 502
502 1719 1435
1435 3945 1983
1983 3860 317
317 3276 1218
1218 797 2377
2377 922 2363
2363 2666 849
849 2921 1033
1033 2423 500
500 943 662
662 2076 2355
2355 1247 1416
1416 5634 709
709 3967 1517
1517 3671 1119
1119 4224 1703
1703 1272 1660
1660 1754 2348
2348 3069 1372
1372 4375 269
269 5365 639
639 2351 1840
1840 1367 148
148 2200 1400
1400 898 2580
2580 878 1236
1236 1462 805
805 1250 683
683 3315 2778
2778 3183 856
856 5317 2279
2279 1600 2978
2978 1253 901
901 1763 1429
1429 5284 873
873 1346 4
4 3277 897
897 1837 1080
1080 953 1920
1920 1327 177
177 4126 1751
1751 5523 2433
2433 5335 810
810 4278 1948
1948 5091 2904
2904 428 2713
2713 2172 1493
1493 4271 2652
2652 4847 1653
1653 2852 754
754 4331 477
477 4818 1309
1309 2312 2888
2888 3831 2752
2752 5574 2498
2498 4062 718
718 3805 145
145 5601 2023
2023 239 2809
2809 4007 2197
2197 1358 2604
2604 1845 1287
1287 3351 173
173 5631 1573
1573 448 902
902 841 2799
2799 732 786
786 2018 1720
1720 3687 2259
2259 1962 443
443 566 2967
2967 4262 2484
2484 933 2835
2835 993 1797
1797 361 674
674 3763 2204
2204 4052 2831
2831 3619 291
291 3481 2496
2496 2879 192
192 3194 1154
1154 5122 842
842 3953 2492
2492 211 1248
1248 631 409
409 3498 2362
2362 398 568
568 4802 1882
1882 3997 1475
1475 1598 1068
1068 4461 978
978 4423 1718
1718 4495 2083
2083 5008 1316
1316 3247 1130
1130 2567 1843
1843 2675 268
268 267 2686
2686 4239 1810
1810 4230 1277
1277 4566 2482
2482 4952 531
531 256 801
801 5021 2163
2163 3117 1960
1960 1777 2370
2370 4207 2059
2059 4323 1492
1492 3825 1360
1360 4962 914
914 1545 2715
2715 2872 1964
1964 1889 324
324 2299 950
950 5632 172
172 4503 2855
2855 5392 800
800 2676 2635
2635 4113 1189
1189 4762 2701
2701 251 445
445 1913 2466
2466 234 182
182 5550 1539
1539 791 2146
2146 3695 175
175 2042 2190
2190 800 1741
1741 4351 1257
1257 2105 239
239 1654 1432
1432 5427 2519
2519 4854 673
673 4596 302
302 2668 360
360 5211 1957
1957 329 1622
1622 2972 1966
1966 5369 1413
1413 951 160
160 5700 2724
2724 3080 72
72 2043 2632
2632 5430 405
405 2596 874
874 3873 1849
1849 734 806
806 3479 2987
2987 3935 2056
2056 3004 186
186 3748 1892
1892 3106 1912
1912 3812 760
760 5494 540
540 716 2239
2239 354 2235
2235 3710 1819
1819 3772 263
263 818 1853
1853 2854 1077
1077 4244 535
535 3023 393
393 584 796
796 3469 791
791 1281 943
943 1905 1954
1954 140 2249
2249 3502 2420
2420 2309 1444
1444 5078 33
33 2352 1375
1375 2233 1549
1549 3830 1938
1938 2845 2572
2572 394 1390
1390 596 840
840 2706 1723
1723 1110 2481
2481 164 2105
2105 2971 1015
1015 3230 687
687 4484 1537
1537 4141 2842
2842 2563 1645
1645 3789 1008
1008 2701 2015
2015 1047 1041
1041 4580 783
783 1570 2634
2634 3562 62
62 1641 981
981 204 50
50 2411 310
310 3223 1443
1443 3495 696
696 5030 1937
1937 3795 2845
2845 1789 1841
1841 1751 2416
2416 3455 2088
2088 3450 1204
1204 1177 724
724 2271 2811
2811 840 1692
1692 4436 1453
1453 3720 2391
2391 3836 1078
1078 1897 2112
2112 4706 731
731 760 1980
1980 2022 1467
1467 3880 1586
1586 2111 244
244 2382 433
433 3191 1530
1530 4767 133
133 3840 2210
2210 600 295
295 5544 2921
2921 3432 2436
2436 2757 2078
2078 5529 2565
2565 4145 1060
1060 2150 2047
2047 3567 1145
1145 2138 2196
2196 2946 1866
1866 4942 2786
2786 4079 2721
2721 846 672
672 2700 1749
1749 2848 1181
1181 3744 1364
1364 1924 681
681 1354 305
305 1149 2556
2556 1178 2973
2973 1695 1022
1022 3029 279
279 595 425
425 5102 2574
2574 4555 215
215 1565 1220
1220 2302 2551
2551 1331 2212
2212 1460 1669
1669 1322 1417
1417 1713 918
918 4882 2049
2049 3313 2949
2949 3310 1441
1441 5105 1094
1094 5139 275
275 5208 2303
2303 5426 2853
2853 2801 2173
2173 2493 819
819 3260 2544
2544 335 752
752 1701 300
300 5623 1502
1502 2996 1631
1631 1805 125
125 4920 1893
1893 886 725
725 2092 1468
300
2743 1466 1808
1808 13 562
562 1332 474
474 4011 814
814 5103 1151
1151 5539 751
751 4649 1755
1755 4749 1839
1839 976 344
344 1791 1273
1273 4459 2645
2645 2947 2397
2397 5572 1750
1750 3947 276
276 2897 110
110 965 1279
1279 203 1221
1221 1599 2742
2742 1349 1899
1899 896 99
99 621 1395
1395 1498 1923
1923 4758 2958
2958 4048 2512
2512 807 1326
1326 1445 784
784 4910 457
457 3348 1224
1224 3256 1602
1602 5658 647
647 2844 489
489 5383 1668
1668 212 1708
1708 3531 1029
1029 4764 833
833 1558 2541
2541 4559 2883
2883 4190 2500
2500 4430 2739
2739 5437 2782
2782 1614 2719
2719 4601 1042
1042 1086 824
824 1105 895
895 4140 447
447 3207 2440
2440 5694 1552
1552 3815 2381
2381 2556 223
223 5101 2689
2689 4063 170
170 2301 2620
2620 375 45
45 4027 1727
1727 1942 444
444 221 940
940 4696 1968
1968 3970 2827
2827 4067 2503
2503 339 779
779 4031 308
308 4456 2304
2304 5119 470
470 3511 1081
1081 1900 2194
2194 3624 1861
1861 254 1461
1461 2190 2985
2985 909 42
42 2322 2697
2697 5456 1089
1089 5006 2959
2959 980 1358
1358 928 2024
2024 4931 715
715 3539 284
284 5190 860
860 1443 2254
2254 4926 366
366 3630 35
35 908 2683
2683 3220 1047
1047 5001 18
18 2030 637
637 3895 1227
1227 5439 248
248 5567 2629
2629 3665 1910
1910 195 2295
2295 543 1083
1083 3198 706
706 3614 2871
2871 5493 1213
1213 2296 2885
2885 2998 1590
1590 1444 1778
1778 1511 2690
2690 1651 658
658 2174 1491
1491 5564 2955
2955 5104 660
660 857 1562
1562 3572 630
630 503 1681
1681 5429 528
528 366 2664
2664 3125 1559
1559 726 2343
2343 888 1664
1664 1748 858
858 1298 2341
2341 2797 887
887 1196 229
229 525 2489
2489 2013 1821
1821 2256 1037
1037 2649 2422
2422 188 2828
2828 1254 713
713 5178 1365
1365 5051 1993
1993 23 32
32 1282 2020
2020 3033 2284
2284 2006 2884
2884 885 379
379 4981 2313
2313 542 221
221 1337 1143
1143 779 2585
2585 3044 270
270 678 2614
2614 1153 8
8 3530 1363
1363 557 214
214 5080 973
973 1308 2162
2162 14 2406
2406 2480 2615
2615 5163 767
767 2647 2502
2502 5261 1514
1514 2566 1820
1820 4273 67
67 1539 570
570 3986 2557
2557 3389 2722
2722 3435 194
194 4447 481
481 1833 2703
2703 3532 2114
2114 3174 2251
2251 1323 1420
1420 2484 2057
2057 3177 2262
2262 5336 1827
1827 1364 970
970 3218 178
178 5039 1904
1904 505 2495
2495 4180 908
908 5381 994
994 624 2779
2779 2340 2414
2414 588 313
313 1540 2399
2399 152 722
722 3150 1854
1854 2637 2306
2306 4716 2430
2430 2952 2051
2051 383 603
603 3501 1582
1582 487 1614
1614 2075 2793
2793 4698 1330
1330 724 1188
1188 1019 2548
2548 4086 2255
2255 2932 2148
2148 4132 1379
1379 2847 89
89 3001 567
567 2713 2426
2426 592 2473
2473 4498 2927
2927 4069 59
59 3907 1783
1783 733 926
926 1519 252
252 4236 2553
2553 2264 464
464 4919 2323
2323 445 1936
1936 2808 1900
1900 2288 746
746 528 94
94 4648 2158
2158 1267 2977
2977 3648 676
676 309 307
307 1078 2257
2257 4783 1715
1715 4867 315
315 2033 723
723 5635 106
106 3271 197
197 91 755
755 3514 2488
2488 4249 463
463 3350 1776
1776 1121 2890
2890 2307 40
40 4391 552
552 1209 1801
1801 3307 2315
2315 5023 1760
1760 493 2926
2926 5227 412
412 5465 277
277 571 66
66 2107 2487
2487 2818 762
762 3265 2735
2735 2115 359
359 2130 2337
2337 850 2851
2851 4561 2244
2244 3132 1695
1695 1191 1388
1388 1161 1439
1439 560 765
765 5291 358
358 4809 2552
2552 1690 46
46 2443 2798
2798 611 999
999 1034 100
100 1094 2040
2040 959 431
431 2857 2264
2264 49 1061
1061 3804 418
418 332 386
386 1685 297
297 416 44
44 2221 440
440 2317 818
818 334 2071
2071 2657 2275
2275 4432 2833
2833 3839 634
634 810 2111
2111 4880 2345
2345 3554 941
941 1949 685
685 4030 104
104 185 2602
2602 3114 1140
1140 1311 2347
2347 1172 2062
2062 1529 1389
1389 2155 2992
2992 3928 2946
2946 912 168
168 4564 1376
1376 1784 112
112 1336 1956
1956 2442 1369
1369 5627 1851
1851 2268 986
986 3822 2307
2307 4853 397
397 2862 1071
1071 550 2361
2361 3750 2889
2889 2819 1616
1616 1822 450
450 1922 893
893 4697 1139
1139 907 2740
2740 4109 2185
2185 4666 2903
2903 1783 231
231 1675 2443
2443 5134 756
756 3594 1336
1336 1847 2327
2327 2063 492
492 707 53
53 2974 1133
1133 793 1972
1972 5161 794
794 3658 373
373 4856 854
854 377 657
657 3919 387
387 2964 2458
2458 3923 2471
2471 2747 1468
300
2743 1480 1651
1651 2636 2517
2517 3797 2682
2682 801 741
741 2282 1129
1129 5486 2281
2281 2979 228
228 814 2366
2366 1666 2268
2268 5170 1947
1947 2469 1362
1362 2915 401
401 2019 1868
1868 1936 1746
1746 5256 1463
1463 4805 1405
1405 174 2514
2514 2197 1570
1570 1626 518
518 64 2505
2505 2615 350
350 1591 1737
1737 5591 2375
2375 5697 2356
2356 355 287
287 4922 2310
2310 1082 1328
1328 4721 1024
1024 5391 2965
2965 1605 91
91 3395 1774
1774 1109 222
222 3066 2176
2176 3586 587
587 4836 2788
2788 684 1779
1779 5603 595
595 5556 2905
2905 4502 1446
1446 1231 2069
2069 1980 628
628 5127 1458
1458 2873 2699
2699 999 127
127 1075 2961
2961 1982 369
369 3806 1859
1859 4581 2915
2915 4668 2104
2104 1671 430
430 36 1994
1994 3146 294
294 5454 1742
1742 5480 356
356 4450 2940
2940 2811 460
460 5585 2836
2836 3414 207
207 2470 2923
2923 811 735
735 5258 2924
2924 536 506
506 1534 1431
1431 3794 2360
2360 370 1474
1474 1893 339
339 1477 135
135 527 2900
2900 2781 1384
1384 1699 2055
2055 1879 1291
1291 2568 41
41 1013 772
772 1640 827
827 466 1995
1995 5535 1170
1170 1580 559
559 723 1470
1470 4226 947
947 3520 1529
1529 5459 954
954 1556 1509
1509 3130 1550
1550 1548 1187
1187 3031 1260
1260 5204 826
826 2703 2033
2033 4355 1804
1804 2436 19
19 3007 1433
1433 1994 1105
1105 1356 1533
1533 3158 2491
2491 137 1639
1639 3869 1601
1601 1566 1894
1894 4192 2709
2709 676 524
524 1194 1266
1266 404 1817
1817 5452 792
792 4871 650
650 3581 1636
1636 5240 327
327 82 2644
2644 265 1084
1084 1527 602
602 3170 2240
2240 1815 2692
2692 1186 353
353 177 2183
2183 3890 2795
2795 630 71
71 3667 1010
1010 1899 389
389 2136 987
987 4254 2802
2802 4714 1832
1832 1691 23
23 4095 2700
2700 4615 2207
2207 4571 2038
2038 3644 2016
2016 3382 2575
2575 2633 2282
2282 372 48
48 5238 2636
2636 2427 2427
2427 2226 2401
2401 2457 2138
2138 1501 414
414 4199 1385
1385 3592 1992
1992 3384 2916
2916 1333 2640
2640 1278 1816
1816 4468 1177
1177 623 2956
2956 5594 1406
1406 2654 743
743 5511 1153
1153 2912 541
541 5438 1600
1600 1553 2031
2031 2955 1826
1826 1235 2277
2277 3600 913
913 2859 2694
2694 5701 605
605 5038 1074
1074 369 1699
1699 1957 1878
1878 1504 1685
1685 1948 1114
1114 3771 1544
1544 652 1193
1193 5000 2736
2736 2833 2860
2860 2929 1482
1482 2691 2611
2611 293 2221
2221 4167 2717
2717 6 2586
2586 825 137
137 2759 543
543 2293 328
328 5221 2639
2639 5548 81
81 4089 318
318 1960 2263
2263 5116 2768
2768 1379 1101
1101 1446 469
469 3798 2250
2250 4529 1743
1743 4237 1005
1005 4 1963
1963 3661 2269
2269 1405 2101
2101 3039 1156
1156 3885 381
381 2724 1457
1457 3714 1875
1875 4099 154
154 3609 2545
2545 1967 2476
2476 1434 2581
2581 2589 821
821 93 2950
2950 3059 1131
1131 2687 2179
2179 4238 1891
1891 3428 1490
1490 4076 1251
1251 2157 1953
1953 55 2098
2098 1559 2646
2646 4543 1796
1796 2893 424
424 4401 39
39 3646 165
165 3086 1716
1716 2091 775
775 4700 2878
2878 5150 2839
2839 1636 1522
1522 4852 1092
1092 3422 866
866 4726 1628
1628 4290 1314
1314 2820 108
108 2108 237
237 3368 312
312 1472 1700
1700 2500 748
748 1986 2226
2226 2968 598
598 1848 1632
1632 438 1233
1233 2682 2231
2231 1208 2598
2598 569 2567
2567 2438 839
839 2732 459
459 2533 742
742 425 2064
2064 4932 1863
1863 5154 1408
1408 5131 1356
1356 2326 643
643 4233 1775
1775 4088 2234
2234 5092 2316
2316 4229 2823
2823 1389 2380
2380 1506 2129
2129 4930 1002
1002 3996 1811
1811 3036 1039
1039 2925 545
545 740 2764
2764 1313 2785
2785 1312 619
619 153 2076
2076 4547 980
980 578 1258
1258 2941 2623
2623 2290 1043
1043 1103 234
234 1158 1534
1534 2623 2791
2791 2530 1836
1836 1454 820
820 1288 1411
1411 5053 2523
2523 1871 1781
1781 3215 1044
1044 5642 2510
2510 1894 2144
2144 4066 1512
1512 5058 124
124 4640 1246
1246 1012 1532
1532 5520 2217
2217 1693 2499
2499 442 1055
1055 433 337
337 1898 2677
2677 3656 1462
1462 422 183
183 1818 1280
1280 5044 666
666 4979 2649
2649 2422 608
608 1195 1506
1506 1575 1824
1824 3755 836
836 4364 624
624 836 2441
2441 74 301
301 2767 2583
2583 2381 2729
2729 920 2372
2372 4373 2838
2838 43 1169
1169 4990 1962
1962 3958 1306
1306 546 1013
1013 110 1476
1476 2841 2412
2412 4104 2013
2013 5308 2766
2766 2124 1525
1525 419 1731
1731 4358 1663
1663 2679 2448
2448 4123 1172
1172 4473 422
422 1572 1138
1138 1340 1468
300
2743 1528 1592
1592 2416 1102
1102 728 2175
2175 4859 636
636 4798 1455
1455 3217 1171
1171 78 817
817 532 811
811 4743 1705
1705 5370 52
52 3019 669
669 219 1496
1496 4151 2474
2474 5166 1764
1764 1768 885
885 1059 2767
2767 4824 2008
2008 7 2608
2608 1233 1511
1511 913 1146
1146 15 1034
1034 449 1629
1629 4936 1460
1460 3751 80
80 582 14
14 5388 2449
2449 851 1050
1050 35 208
208 2558 15
15 2620 2233
2233 4411 1162
1162 3843 592
592 2659 2388
2388 4646 1761
1761 4728 123
123 4328 593
593 113 789
789 4253 2109
2109 3602 2034
2034 1780 894
894 3669 1607
1607 977 2592
2592 1579 2808
2808 923 1659
1659 2750 584
584 1650 868
868 2242 16
16 3847 2595
2595 5687 631
631 31 1883
1883 3162 187
187 4324 2084
2084 2010 609
609 2428 2748
2748 1806 1503
1503 689 1908
1908 1752 2136
2136 4333 2419
2419 50 869
869 2894 1642
1642 955 2651
2651 4427 403
403 5162 1793
1793 804 63
63 3992 2876
2876 3693 795
795 3722 365
365 2574 884
884 3253 2079
2079 2722 2332
2332 4771 1554
1554 4166 1907
1907 241 2278
2278 1769 2037
2037 3105 2326
2326 3610 1531
1531 464 1852
1852 5682 2648
2648 167 226
226 533 1282
1282 2579 2509
2509 3638 1624
1624 3692 855
855 4428 2437
2437 4708 863
863 1116 2333
2333 4569 1536
1536 4742 1754
1754 9 2596
2596 1497 273
273 5347 2807
2807 3459 966
966 4978 2125
2125 3109 2751
2751 2220 2392
2392 423 782
782 4845 995
995 5507 1564
1564 4621 475
475 2807 2563
2563 76 1023
1023 3827 883
883 4376 2309
2309 3258 156
156 4896 2272
2272 2121 2887
2887 273 2120
2120 2444 2919
2919 5243 1991
1991 99 1062
1062 4982 1901
1901 3569 1871
1871 2446 2157
2157 1901 496
496 3974 1575
1575 4241 530
530 4914 1067
1067 3858 2765
2765 3865 2661
2661 5488 38
38 5681 1332
1332 1564 1876
1876 5259 212
212 2632 98
98 3014 2529
2529 3994 1103
1103 272 2317
2317 3672 2432
2432 2071 1707
1707 481 2485
2485 1163 1618
1618 657 2106
2106 4165 2990
2990 2890 536
536 4627 1967
1967 1290 549
549 3526 2562
2562 3053 1383
1383 2783 1548
1548 2431 27
27 216 1058
1058 5689 2349
2349 5641 2287
2287 1479 2532
2532 5575 1186
1186 2392 2810
2810 1369 159
159 2058 1126
1126 3006 1124
1124 1092 2902
2902 737 1845
1845 3915 467
467 2374 2468
2468 42 331
331 4530 1560
1560 2248 167
167 5171 2875
2875 1550 1020
1020 3115 1898
1898 5677 1182
1182 3334 1915
1915 2900 1771
1771 4268 920
920 1361 1686
1686 4835 2968
2968 3304 166
166 1107 321
321 3775 28
28 554 196
196 58 2074
2074 2334 1678
1678 1533 2591
2591 2007 951
951 1537 1308
1308 5287 2011
2011 2685 115
115 5324 1566
1566 4694 607
607 806 2081
2081 4419 442
442 178 2560
2560 2670 438
438 1345 2931
2931 1155 77
77 2539 2087
2087 4663 1634
1634 2580 651
651 910 2564
2564 695 2007
2007 4274 60
60 5359 2092
2092 2434 2490
2490 2943 2907
2907 4434 565
565 1737 2568
2568 5415 946
946 4289 831
831 4435 2493
2493 3144 2475
2475 918 2856
2856 3323 857
857 5130 2035
2035 3682 1697
1697 2743 2376
2376 5379 2550
2550 1360 892
892 2023 1334
1334 4528 514
514 2755 2331
2331 1083 1200
1200 4491 2666
2666 3917 1318
1318 1714 790
790 3417 2241
2241 5487 2483
2483 5484 2866
2866 3074 1798
1798 5428 1998
1998 3521 2273
2273 1362 648
648 1066 507
507 3209 2659
2659 2824 426
426 4667 1959
1959 5172 1434
1434 4678 701
701 5538 2672
2672 4672 256
256 2435 17
17 4779 2394
2394 3715 2178
2178 3756 641
641 4494 1546
1546 5436 670
670 4504 1141
1141 5 2431
2431 4768 699
699 1329 1977
1977 2538 2096
2096 3168 656
656 4047 898
898 2789 2756
2756 5424 1521
1521 4673 837
837 3676 610
610 3390 1477
1477 3585 11
11 2855 2357
2357 4966 2912
2912 3851 900
900 4685 20
20 1148 2576
2576 2909 1211
1211 574 844
844 3433 272
272 1132 1551
1551 1961 620
620 746 542
542 226 1805
1805 3094 1274
1274 2243 1939
1939 5353 421
421 392 778
778 242 2948
2948 8 2641
2641 2031 958
958 1827 1368
1368 4665 692
692 561 2283
2283 5602 1710
1710 1563 1484
1484 5176 677
677 2472 1608
1608 2473 982
982 2038 1976
1976 2655 2052
2052 2086 919
919 4825 2285
2285 5342 1877
1877 247 2396
2396 4146 2621
2621 2441 2123
2123 2463 1286
1286 4526 368
368 1702 1829
1829 3816 1082
1082 2771 2504
2504 5304 1370
1370 125 1545
1545 4961 588
588 4552 1675
1675 835 690
690 1741 2119
2119 2219 615
615 1988 375
375 2354 2642
2642 3745 1610
1610 4077 2969
2969 3543 2404
2404 581 1468
300
2743 2066 2472
2472 1569 1858
1858 3616 1982
1982 1686 116
116 3046 2937
2937 4815 2708
2708 477 1157
1157 1886 877
877 3380 1240
1240 4525 1714
1714 607 2952
2952 3449 1709
1709 5475 1026
1026 2253 2631
2631 2516 2530
2530 341 189
189 3728 2819
2819 1120 862
862 3681 109
109 2834 1054
1054 4050 1472
1472 1927 2761
2761 4938 1338
1338 1063 2824
2824 872 280
280 3898 2579
2579 2718 1238
1238 3882 2470
2470 2672 1264
1264 4658 2115
2115 2891 1691
1691 5440 319
319 1649 1373
1373 4362 219
219 2734 1949
1949 2358 1788
1788 4266 9
9 2753 195
195 27 1640
1640 4813 1396
1396 719 211
211 2534 599
599 1916 1045
1045 3524 374
374 4203 2945
2945 5292 21
21 2327 1346
1346 3012 969
969 5280 1630
1630 2665 1011
1011 1388 1835
1835 3048 1787
1787 233 1304
1304 4133 2378
2378 2514 2805
2805 1842 2128
2128 2584 314
314 738 2386
2386 10 242
242 2308 1268
1268 106 150
150 2218 1424
1424 5095 128
128 3891 1325
1325 439 1644
1644 961 2012
2012 4655 1815
1815 4335 2643
2643 1629 144
144 964 1874
1874 2830 1038
1038 151 504
504 750 2232
2232 1432 434
434 4789 1719
1719 3591 835
835 5325 2804
2804 5118 323
323 1574 1789
1789 3264 1355
1355 1587 1349
1349 1696 1693
1693 1670 2861
2861 4755 2754
2754 5401 2674
2674 4000 689
689 729 1323
1323 4488 278
278 5527 2171
2171 3383 2864
2864 12 2797
2797 3317 2457
2457 3761 2590
2590 5652 1027
1027 3452 939
939 3431 2637
2637 764 1247
1247 2128 1299
1299 208 1672
1672 2109 1464
1464 308 583
583 3940 596
596 21 1886
1886 3281 730
730 5278 2010
2010 632 1163
1163 3987 2297
2297 5419 2325
2325 1182 1288
1288 1547 2847
2847 4366 1056
1056 2585 1031
1031 1561 377
377 3746 2211
2211 4753 1032
1032 1070 24
24 1492 1648
1648 4991 2270
2270 4537 2001
2001 4054 2989
2989 4472 757
757 28 1671
1671 4106 2670
2670 795 303
303 4611 1066
1066 4687 525
525 2553 2160
2160 2828 139
139 1814 1510
1510 2284 2638
2638 4026 2873
2873 4196 2886
2886 183 2528
2528 1043 1118
1118 2158 2691
2691 2904 2398
2398 414 691
691 970 1208
1208 2603 1108
1108 2294 1272
1272 4534 1585
1585 4326 2421
2421 347 1350
1350 263 2044
2044 3943 618
618 1615 886
886 4883 2850
2850 2717 653
653 130 47
47 1202 1115
1115 4340 2102
2102 3933 1611
1611 3356 769
769 932 505
505 2477 2460
2460 2085 1978
1978 412 927
927 4892 407
407 3950 2820
2820 1058 846
846 3541 2334
2334 1450 2093
2093 4754 1909
1909 2189 2002
2002 3392 933
933 4235 1873
1873 3493 761
761 4251 1818
1818 1606 2042
2042 3864 1935
1935 4760 118
118 3500 965
965 2367 2403
2403 2573 1254
1254 283 2230
2230 1243 1515
1515 5228 2628
2628 2303 1096
1096 4782 2032
2032 4429 1399
1399 890 2734
2734 622 2390
2390 5412 759
759 1002 1488
1488 223 859
859 4562 12
12 3647 153
153 2191 162
162 3040 2365
2365 3588 184
184 209 661
661 1478 2657
2657 1923 2671
2671 3175 990
990 2211 2213
2213 5167 534
534 1414 2367
2367 2726 2922
2922 3968 232
232 879 612
612 5398 740
740 5152 649
649 3179 1773
1773 3126 1759
1759 2396 925
925 5019 1674
1674 4152 589
589 4945 480
480 165 2698
2698 3487 122
122 2397 2554
2554 246 180
180 1420 1160
1160 568 2039
2039 4759 1785
1785 2237 2410
2410 3421 1635
1635 3255 521
521 4051 1397
1397 3896 218
218 3269 487
487 228 1297
1297 483 2702
2702 593 2872
2872 2479 614
614 3319 2930
2930 1851 84
84 1071 2014
2014 956 349
349 2298 1178
1178 4343 1052
1052 4090 2625
2625 2950 1830
1830 863 1666
1666 5202 2841
2841 4390 1471
1471 2985 1730
1730 2918 728
728 3127 2867
2867 2663 576
576 5367 2141
2141 2903 698
698 4263 2152
2152 3537 2045
2045 2843 712
712 2238 2622
2622 3305 74
74 5625 2174
2174 1317 517
517 3152 2942
2942 634 102
102 777 2368
2368 2393 616
616 60 2792
2792 1669 1702
1702 1775 54
54 4632 1239
1239 1857 1196
1196 485 566
566 3292 1880
1880 3808 1683
1683 3199 2134
2134 2235 320
320 3015 2298
2298 4554 395
395 3618 617
617 3278 2018
2018 2373 1613
1613 1474 2518
2518 4015 503
503 1372 1744
1744 1510 604
604 5100 968
968 18 682
682 3861 247
247 4520 708
708 2917 1237
1237 3670 815
815 4901 1944
1944 5189 2555
2555 5455 200
200 199 2041
2041 2784 2155
2155 1262 2339
2339 2948 1906
1906 4514 117
117 3504 1800
1800 48 758
758 3730 1409
1409 2455 834
834 5088 1426
1426 3760 1225
1225 1037 2897
2897 2739 550
550 1602 1996
1996 866 2301
2301 3604 1195
1195 147 202
202 3579 311
311 1953 1468
300
2743 2627 2132
2132 4445 1647
1647 1042 2633
2633 5066 2296
2296 2527 1412
1412 847 2741
2741 1826 1241
1241 4388 870
870 2532 1725
1725 4227 998
998 1038 2073
2073 2465 466
466 2496 2140
2140 4398 1679
1679 3093 410
410 114 2893
2893 4603 1813
1813 822 1777
1777 1856 1682
1682 4889 1
1 1512 2082
2082 1384 309
309 381 1951
1951 322 937
937 5334 2291
2291 2652 1380
1380 2725 838
838 3696 1555
1555 762 707
707 1668 1578
1578 5387 1449
1449 3739 206
206 2621 2124
2124 2449 2465
2465 5453 1762
1762 4652 734
734 276 2393
2393 4921 936
936 3515 2816
2816 495 1255
1255 5177 1526
1526 2555 1584
1584 4715 1229
1229 3248 717
717 3729 2524
2524 3959 1253
1253 492 290
290 3698 1989
1989 1156 2705
2705 1489 2790
2790 1609 2757
2757 5445 388
388 1518 1317
1317 681 351
351 4058 2108
2108 3555 2156
2156 2707 697
697 3617 2815
2815 386 1846
1846 1266 1766
1766 1496 169
169 5512 193
193 3008 2405
2405 1459 876
876 1764 745
745 3369 2725
2725 2045 2755
2755 1410 293
293 3118 34
34 2999 686
686 2447 1353
1353 2287 1969
1969 5264 140
140 5314 891
891 4793 1736
1736 4992 2726
2726 3241 147
147 1956 694
694 61 130
130 128 2099
2099 962 2395
2395 2535 632
632 5143 370
370 124 2451
2451 154 1625
1625 789 2320
2320 5570 905
905 5477 2480
2480 2215 1848
1848 1433 2463
2463 149 2675
2675 5543 1694
1694 3082 1654
1654 864 1269
1269 462 749
749 2103 1903
1903 1652 2444
2444 5533 1206
1206 3067 1606
1606 902 448
448 4651 923
923 109 1499
1499 5212 2627
2627 1723 416
416 5271 220
220 353 2941
2941 2502 1823
1823 2209 2167
2167 4046 2478
2478 3367 1046
1046 2198 825
825 1060 1359
1359 931 334
334 4690 230
230 1169 1059
1059 2630 684
684 3925 585
585 2727 132
132 3332 330
330 5615 2982
2982 5568 727
727 612 747
747 4309 888
888 1531 2459
2459 3409 1123
1123 2977 1152
1152 669 2461
2461 4650 1485
1485 1373 2238
2238 2827 2464
2464 1865 298
298 5593 721
721 1168 2029
2029 1996 371
371 4819 149
149 3379 181
181 2315 1228
1228 5596 29
29 4368 1410
1410 3773 967
967 1239 2753
2753 4832 629
629 463 2247
2247 3022 2913
2913 4487 37
37 4695 1242
1242 162 2963
2963 2020 890
890 312 544
544 2600 1148
1148 2365 1168
1168 73 2970
2970 1853 798
798 5168 2784
2784 397 251
251 957 1655
1655 946 224
224 4439 458
458 1365 2771
2771 3854 841
841 5478 1466
1466 701 1113
1113 2217 2832
2832 119 1888
1888 4464 2975
2975 4641 2387
2387 4939 2260
2260 3088 773
773 1873 1219
1219 1705 2154
2154 1659 1403
1403 3190 286
286 461 2566
2566 400 1850
1850 2777 575
575 963 306
306 5354 1970
1970 1998 1329
1329 4781 2354
2354 5613 1620
1620 2959 1726
1726 1032 665
665 5657 1508
1508 1622 1132
1132 799 2187
2187 120 1599
1599 4583 26
26 4741 216
216 5505 2248
2248 3210 1487
1487 1280 1916
1916 5579 573
573 4788 1244
1244 3164 1284
1284 687 2986
2986 5355 523
523 4346 577
577 5294 1558
1558 59 1324
1324 4540 799
799 3149 1098
1098 1750 1799
1799 5673 1569
1569 4600 198
198 720 333
333 642 1598
1598 310 880
880 555 2647
2647 2168 899
899 767 1782
1782 1287 417
417 5265 579
579 3224 1847
1847 207 1704
1704 1476 2428
2428 4465 882
882 5009 526
526 4891 2539
2539 1807 255
255 1681 274
274 2409 455
455 1911 2935
2935 4907 322
322 3507 780
780 1104 258
258 2488 61
61 5060 420
420 4833 347
347 2055 10
10 3998 1079
1079 2069 329
329 3312 2667
2667 5395 1418
1418 1727 289
289 848 2308
2308 213 2188
2188 2180 43
43 858 1711
1711 3544 944
944 2800 2882
2882 368 1786
1786 1881 2944
2944 639 355
355 3404 2107
2107 3226 75
75 3877 1621
1621 1190 1735
1735 3097 1769
1769 583 872
872 5108 2385
2385 3759 2290
2290 3904 348
348 5272 2537
2537 2213 1030
1030 1618 1319
1319 5319 1112
1112 4613 1315
1315 2072 1194
1194 5348 739
739 2616 2228
2228 5246 1758
1758 4933 770
770 4898 146
146 166 1184
1184 5566 449
449 3921 2302
2302 1621 1869
1869 2519 1212
1212 563 830
830 5361 1677
1677 2192 121
121 3886 1765
1765 2461 2095
2095 4483 851
851 243 2289
2289 2328 1480
1480 446 2318
2318 1744 2025
2025 1738 260
260 1885 1974
1974 3704 2587
2587 3906 2594
2594 290 25
25 4733 257
257 5675 2746
2746 3195 1436
1436 3723 1313
1313 4188 204
204 2164 646
646 1745 78
78 3375 704
704 5518 1205
1205 570 494
494 1770 561
561 5013 2113
2113 4625 1895
1895 360 2126
2126 2858 2610
2610 5639 2775
2775 1880 1468
300
2743 2769 1919
1919 2341 2202
2202 1102 771
771 4414 1958
1958 5260 1197
1197 2604 1214
1214 5366 419
419 5509 2061
2061 4228 1698
1698 5007 2351
2351 5499 1086
1086 5540 1398
1398 2177 803
803 5521 31
31 4091 1245
1245 3444 1676
1676 517 1454
1454 2735 1001
1001 3663 2170
2170 4850 2384
2384 4424 1918
1918 1198 668
668 662 2777
2777 2245 1890
1890 5531 2122
2122 1925 2116
2116 3076 2964
2964 5223 2928
2928 3813 2026
2026 518 225
225 3650 341
341 4481 2086
2086 4807 1267
1267 4531 1392
1392 4986 2911
2911 5517 1795
1795 5179 1183
1183 180 992
992 4389 383
383 1099 2258
2258 1252 1535
1535 1293 2745
2745 1667 2225
2225 2074 2137
2137 4033 2880
2880 4574 152
152 2936 2673
2673 5182 131
131 788 461
461 1366 1802
1802 3780 2787
2787 5479 533
533 4968 261
261 4315 2418
2418 522 1934
1934 4826 1589
1589 1811 1343
1343 472 1833
1833 2849 501
501 2223 2180
2180 4452 2696
2696 4012 1259
1259 5371 1955
1955 3324 2934
2934 3161 1911
1911 5691 1943
1943 3879 5
5 954 2899
2899 5554 2245
2245 3636 1262
1262 2295 2630
2630 139 1378
1378 1825 143
143 5649 1897
1897 2716 2165
2165 3829 266
266 2054 2508
2508 983 57
57 4485 380
380 2561 88
88 3914 209
209 5235 1289
1289 3623 519
519 3322 948
948 5442 30
30 4834 1150
1150 447 652
652 4129 1419
1419 4175 1025
1025 2738 2896
2896 1418 1322
1322 5262 1518
1518 507 509
509 2036 1595
1595 656 1437
1437 4018 2286
2286 1656 644
644 5004 2800
2800 3802 93
93 5254 2192
2192 1502 2195
2195 220 2774
2774 337 2166
2166 3946 1696
1696 4186 357
357 63 1673
1673 4828 675
675 2597 729
729 2017 512
512 1301 1312
1312 3841 659
659 1903 1862
1862 280 2409
2409 2079 1294
1294 3911 1028
1028 3819 983
983 2167 1913
1913 2380 2236
2236 4093 1230
1230 4493 1337
1337 1305 1117
1117 4773 2151
2151 1146 2601
2601 2285 2149
2149 68 655
655 4918 2653
2653 1688 415
415 911 2830
2830 1087 2796
2796 552 2442
2442 3742 2445
2445 271 736
736 2690 2723
2723 306 2352
2352 1523 1275
1275 3930 2972
2972 4500 622
622 285 1354
1354 299 478
478 1219 2121
2121 870 553
553 206 823
823 515 1984
1984 627 2837
2837 1300 1946
1946 5577 2028
2028 2015 2960
2960 2592 812
812 5244 912
912 4812 2687
2687 1234 1423
1423 539 1729
1729 4193 1689
1689 834 556
556 1520 678
678 5123 924
924 5663 1712
1712 547 732
732 5148 2613
2613 1091 1088
1088 4838 1997
1997 2283 2189
2189 1026 1641
1641 5468 1770
1770 4912 1690
1690 4757 316
316 5553 832
832 5316 2603
2603 4848 1164
1164 4722 928
928 842 580
580 321 2479
2479 2360 1748
1748 2986 626
626 47 283
283 2766 243
243 255 1137
1137 4319 1623
1623 580 101
101 869 716
716 2798 538
538 604 984
984 1909 2936
2936 783 2599
2599 2910 845
845 111 2953
2953 3606 1568
1568 2261 2619
2619 5450 864
864 1939 141
141 379 1427
1427 3913 1612
1612 2095 664
664 2161 1215
1215 4763 1075
1075 4256 2340
2340 4101 427
427 3902 2549
2549 3660 2914
2914 1122 1271
1271 1665 1442
1442 868 1752
1752 1632 2322
2322 286 1914
1914 275 1065
1065 5275 1902
1902 52 1803
1803 1642 437
437 1976 551
551 2077 1604
1604 2877 2678
2678 4664 1501
1501 2920 1459
1459 2388 679
679 5057 852
852 3078 1283
1283 4210 2477
2477 4539 1016
1016 3652 2806
2806 1249 693
693 3708 203
203 79 1806
1806 2778 977
977 2966 1303
1303 772 2139
2139 3436 1740
1740 4821 1587
1587 5200 802
802 3275 2265
2265 4171 996
996 2460 76
76 3231 1649
1649 5350 558
558 4608 2546
2546 855 2328
2328 2937 1809
1809 4521 456
456 176 680
680 5195 2369
2369 5648 1516
1516 4799 1768
1768 1402 1965
1965 5368 2467
2467 981 2330
2330 5109 2521
2521 914 1190
1190 654 486
486 1743 930
930 4475 423
423 4808 2305
2305 89 1305
1305 1404 1734
1734 4299 1792
1792 4510 1831
1831 3016 2759
2759 2792 1048
1048 802 1665
1665 1452 1543
1543 260 1217
1217 3263 210
210 757 428
428 3098 2292
2292 3584 236
236 1515 1619
1619 352 2533
2533 2335 2865
2865 5489 271
271 363 510
510 4377 1528
1528 3889 976
976 3668 2933
2933 2525 642
642 942 1447
1447 4143 2371
2371 2814 1828
1828 1007 1335
1335 3568 1440
1440 3574 1469
1469 529 2417
2417 645 2439
2439 3344 2561
2561 551 1422
1422 1590 285
285 3666 1085
1085 5279 1922
1922 4246 92
92 5590 2358
2358 2642 1638
1638 4372 1285
1285 1718 1844
1844 3184 68
68 3460 2135
2135 1646 2359
2359 4822 1500
1500 1973 1519
1519 3782 2118
2118 1045 627
627 3850 378
378 1077 952
952 1377 1468
300
2743 3222 1717
1717 1408 2685
2685 41 2400
2400 302 774
774 2474 2374
2374 4064 1473
1473 2806 979
979 2733 2005
2005 5414 1401
1401 2599 932
932 1562 1933
1933 4083 638
638 5110 1064
1064 3548 335
335 320 1452
1452 5281 597
597 4917 2312
2312 5656 1263
1263 5194 96
96 1409 822
822 1008 625
625 3457 2984
2984 2151 1296
1296 3593 2147
2147 3208 390
390 2588 1593
1593 1717 2758
2758 4679 1281
1281 3362 1637
1637 4998 1478
1478 4148 134
134 4532 1860
1860 1407 797
797 3845 2716
2716 4751 1571
1571 3551 2707
2707 5070 495
495 1315 929
929 4137 962
962 3752 1142
1142 5064 1753
1753 5661 2868
2868 3032 1393
1393 665 1232
1232 5373 1377
1377 2609 1825
1825 4005 522
522 1644 1556
1556 150 1670
1670 1896 432
432 1113 2718
2718 4851 555
555 4609 2336
2336 4602 1387
1387 2440 1252
1252 200 446
446 4295 975
975 4114 1930
1930 1064 83
83 1030 2253
2253 2541 578
578 4512 2172
2172 3232 1012
1012 3649 1987
1987 3597 2242
2242 4973 179
179 5541 1361
1361 1144 560
560 4579 2540
2540 3466 1199
1199 1965 2143
2143 3300 949
949 1299 1739
1739 815 105
105 100 235
235 805 1121
1121 839 163
163 1302 1222
1222 1577 2350
2350 1207 2654
2654 2681 710
710 478 934
934 346 2438
2438 2988 1014
1014 173 2455
2455 2951 1563
1563 4208 1345
1345 646 2314
2314 1181 997
997 784 296
296 2930 985
985 3261 191
191 3 6
6 5600 436
436 3295 2597
2597 24 2762
2762 3345 1331
1331 3102 1597
1597 2148 394
394 4745 1298
1298 3862 2407
2407 3400 1051
1051 996 2852
2852 897 2538
2538 5372 2680
2680 4215 1494
1494 3309 2749
2749 5692 1159
1159 5446 960
960 4776 138
138 2547 1481
1481 3443 2145
2145 1464 281
281 3757 2080
2080 5653 1658
1658 4881 2769
2769 1620 777
777 4674 2159
2159 2554 1235
1235 748 2803
2803 880 2450
2450 3721 2153
2153 5377 871
871 2265 2925
2925 476 2043
2043 1560 364
364 1461 1680
1680 2520 2456
2456 5305 120
120 5514 1633
1633 4565 2929
2929 4302 1887
1887 3343 352
352 2880 346
346 2207 2346
2346 4578 1174
1174 5485 2728
2728 1264 1407
1407 4855 1106
1106 4037 703
703 1304 711
711 5396 1122
1122 635 1504
1504 4887 1072
1072 3527 2859
2859 364 921
921 4906 878
878 1127 861
861 5515 499
499 435 1445
1445 2319 85
85 1703 1542
1542 5393 2000
2000 1159 367
367 4731 2324
2324 4861 174
174 939 2274
2274 3399 345
345 440 1657
1657 1292 1203
1203 1277 586
586 3952 2943
2943 504 1594
1594 1350 654
654 5250 2110
2110 5005 1687
1687 1835 2616
2616 1616 2939
2939 1945 1733
1733 3694 1527
1527 2860 1486
1486 2320 1553
1553 3957 2133
2133 2518 557
557 1006 1931
1931 4182 2801
2801 4638 111
111 5164 2593
2593 3018 491
491 1423 2770
2770 3573 408
408 5302 945
945 1787 82
82 1628 2870
2870 5268 1656
1656 5115 79
79 1542 537
537 4846 2501
2501 348 86
86 1785 2046
2046 938 753
753 2274 917
917 960 1889
1889 3817 2200
2200 4823 582
582 1411 1386
1386 3560 1036
1036 187 2321
2321 5668 1507
1507 2817 282
282 743 2199
2199 2205 1209
1209 5129 2600
2600 1567 332
332 4097 2486
2486 511 2127
2127 1296 964
964 4159 881
881 2425 2573
2573 1935 267
267 4433 1567
1567 859 2951
2951 4345 2684
2684 1157 2668
2668 5664 2511
2511 1023 2727
2727 3336 497
497 5443 2198
2198 1990 785
785 4548 493
493 1551 158
158 1645 2520
2520 1824 2582
2582 1179 1990
1990 5029 843
843 2856 961
961 3353 498
498 4750 959
959 4616 2338
2338 5696 828
828 5022 304
304 2412 2094
2094 3965 2542
2542 2437 199
199 2402 1069
1069 2279 611
611 2292 2379
2379 2329 2203
2203 5117 2208
2208 4327 2193
2193 4020 488
488 1176 2781
2781 4865 1344
1344 1947 1652
1652 1803 1339
1339 4863 399
399 3352 245
245 1672 1307
1307 5402 1790
1790 2515 1428
1428 3124 1738
1738 1876 2737
2737 3296 1896
1896 4953 2559
2559 4794 2918
2918 291 1513
1513 5552 2658
2658 4189 2624
2624 1088 989
989 5333 2706
2706 3325 1973
1973 3454 476
476 474 1928
1928 2660 2789
2789 1680 2161
2161 1908 539
539 1154 2656
2656 4671 114
114 5599 1302
1302 2978 1175
1175 1438 65
65 3942 1415
1415 2203 1136
1136 2415 453
453 4293 354
354 3901 2103
2103 2790 2117
2117 4605 2589
2589 894 1565
1565 2336 1107
1107 2664 935
935 454 1425
1425 298 963
963 1224 1109
1109 409 1040
1040 5589 2424
2424 3951 2452
2452 1406 2679
2679 4636 2311
2311 672 1756
1756 3686 2526
2526 1004 1985
1985 4501 829
829 3104 2531
2531 5126 1701
1701 4442 1351
1351 39 1382
1382 1846 601
601 2640 1950
1950 1991 1468
300
2743 4214 971
971 2060 454
454 693 1721
1721 3888 119
119 1236 1165
1165 2376 129
129 4801 2319
2319 2052 2577
2577 2923 1402
1402 5138 1249
1249 626 372
372 4984 2229
2229 506 547
547 1040 2813
2813 146 2920
2920 2526 527
527 2601 2980
2980 5588 2879
2879 2249 2527
2527 1054 1921
1921 4352 325
325 3462 572
572 3166 2218
2218 3227 164
164 4837 2606
2606 2497 2413
2413 2961 398
398 4967 2091
2091 1708 2605
2605 4341 2612
2612 4885 2009
2009 3859 2676
2676 4704 788
788 3516 1626
1626 4096 240
240 2614 764
764 3273 1198
1198 2871 2971
2971 2751 250
250 3314 574
574 1035 910
910 2272 485
485 5114 2843
2843 2133 554
554 3749 2863
2863 2142 338
338 2403 1662
1662 4072 1207
1207 2424 2710
2710 3475 2054
2054 2337 1591
1591 3017 205
205 5483 2981
2981 2537 591
591 278 564
564 3243 1747
1747 830 1333
1333 227 663
663 4985 1688
1688 509 1278
1278 2896 171
171 4169 2206
2206 4707 1057
1057 389 2874
2874 4792 1884
1884 3050 738
738 1074 2293
2293 4444 213
213 5458 342
342 1707 2299
2299 1376 70
70 1809 1523
1523 949 2027
2027 46 1155
1155 1270 1814
1814 1955 51
51 1241 2219
2219 168 1366
1366 5209 2066
2066 5252 993
993 2656 1822
1822 3108 938
938 157 2201
2201 2046 2750
2750 3151 1865
1865 3286 1646
1646 917 2006
2006 1205 2182
2182 5608 1856
1856 1721 136
136 1244 816
816 2965 2525
2525 3784 336
336 5054 1524
1524 5036 2570
2570 408 1179
1179 25 1728
1728 3547 1465
1465 4702 22
22 1143 1063
1063 3849 1577
1577 3355 1596
1596 1106 1784
1784 4703 2224
2224 5496 2411
2411 3848 2214
2214 155 1093
1093 1607 2335
2335 3635 808
808 1676 1003
1003 437 2655
2655 3620 254
254 5159 471
471 5474 2962
2962 5617 2097
2097 5185 1505
1505 2199 1231
1231 3211 484
484 1724 957
957 5312 1579
1579 5685 396
396 4386 1870
1870 3856 406
406 30 2776
2776 2001 384
384 4156 1357
1357 673 1945
1945 388 2979
2979 3778 903
903 714 1605
1605 2629 1667
1667 3064 813
813 820 972
972 1421 1838
1838 484 2513
2513 1089 569
569 4956 548
548 3683 2669
2669 1610 2626
2626 1325 2072
2072 4349 633
633 3185 1794
1794 3909 2772
2772 172 2825
2825 1829 2663
2663 4618 13
13 315 766
766 690 1100
1100 1175 1932
1932 2239 2988
2988 2536 2252
2252 5237 508
508 5234 2840
2840 3779 2506
2506 5267 2688
2688 2005 1879
1879 170 606
606 5024 2060
2060 594 1210
1210 2582 1498
1498 358 2168
2168 4321 1250
1250 967 376
376 2786 875
875 1839 1684
1684 1729 157
157 2208 1009
1009 4888 2276
2276 3330 87
87 2144 2908
2908 4705 1120
1120 4291 909
909 2129 2966
2966 340 3
3 2931 2067
2067 5672 1540
1540 5328 1340
1340 4301 879
879 1832 1276
1276 5628 515
515 4317 1404
1404 548 2747
2747 2595 1270
1270 5702 1348
1348 407 2364
2364 3282 1767
1767 5214 2222
2222 3786 2063
2063 1338 1981
1981 4657 2447
2447 609 2607
2607 3832 2906
2906 4701 2909
2909 19 1456
1456 4034 1004
1004 387 1166
1166 2756 2898
2898 1661 563
563 2840 850
850 659 2004
2004 4950 847
847 564 2693
2693 2331 907
907 3244 1216
1216 5630 2246
2246 5399 2849
2849 3268 726
726 244 2558
2558 4322 201
201 2035 2976
2976 4858 2227
2227 4656 2618
2618 4022 1128
1128 1413 73
73 4449 2665
2665 318 2415
2415 3229 1925
1925 4001 1561
1561 1874 64
64 5578 2712
2712 4876 1347
1347 4463 490
490 1269 391
391 1969 2857
2857 2222 2869
2869 971 2569
2569 2677 1116
1116 136 2070
2070 3267 2901
2901 1395 1941
1941 2311 188
188 616 1872
1872 420 1007
1007 2765 56
56 3363 2177
2177 5562 2
2 1456 2609
2609 5576 1144
1144 3788 2058
2058 2452 411
411 1958 2342
2342 3924 2711
2711 1265 2617
2617 4267 1857
1857 1852 781
781 2002 1176
1176 2935 1479
1479 1687 1999
1999 3893 2300
2300 3878 1191
1191 2454 2453
2453 269 1049
1049 1326 2877
2877 5463 361
361 1424 953
953 3912 2862
2862 3081 2048
2048 1475 2266
2266 215 113
113 20 1643
1643 4385 853
853 5569 1327
1327 5451 1450
1450 2605 259
259 4124 2763
2763 1237 1837
1837 3156 2261
2261 3407 763
763 2194 2834
2834 2795 1110
1110 5637 896
896 5606 1745
1745 4232 916
916 3707 581
581 620 546
546 72 2783
2783 1863 1580
1580 521 2191
2191 5339 2237
2237 3143 439
439 2542 2983
2983 3320 2714
2714 2236 2077
2077 1353 2131
2131 5037 1588
1588 4288 1185
1185 1619 1581
1581 5346 2829
2829 4053 1617
1617 5249 2515
2515 2705 161
161 1033 1927
1927 5410 1538
1538 1162 1111
1111 4136 2730
2730 2825 363
363 5357 513
513 1226 1842
1842 2355 1421
1421 903 1468
