110
A[1] = -2138893413
A[2] = -2083065479
A[3] = -2083065478
A[4] = -2027705970
A[5] = -2027705969
A[6] = -1935105116
A[7] = -1906596409
A[8] = -1848937222
A[9] = -1848937220
A[10] = -1820300122
A[11] = -1820300121
A[12] = -1820300120
A[13] = -1745638219
A[14] = -1734523086
A[15] = -1734523085
A[16] = -1687258712
A[17] = -1664430159
A[18] = -1664430158
A[19] = -1598358534
A[20] = -1527661127
A[21] = -1346865921
A[22] = -1285859812
A[23] = -1282776486
A[24] = -1227702295
A[25] = -1225465543
A[26] = -1196860019
A[27] = -926284857
A[28] = -892285802
A[29] = -845058859
A[30] = -845058856
A[31] = -776546633
A[32] = -749808132
A[33] = -749808129
A[34] = -749808127
A[35] = -698269254
A[36] = -685385538
A[37] = -670302086
A[38] = -599397966
A[39] = -599397965
A[40] = -599397964
A[41] = -599397963
A[42] = -555771162
A[43] = -480863192
A[44] = -456502753
A[45] = -450815299
A[46] = -448579787
A[47] = -362251482
A[48] = -358918866
A[49] = -303708066
A[50] = -268206410
A[51] = -239047909
A[52] = -239047906
A[53] = -200238760
A[54] = -151901774
A[55] = -119718656
A[56] = 364379
A[57] = 69562764
A[58] = 102856760
A[59] = 235519676
A[60] = 273156287
A[61] = 429254384
A[62] = 432838748
A[63] = 485759789
A[64] = 575328801
A[65] = 614084587
A[66] = 727652104
A[67] = 754461446
A[68] = 807125671
A[69] = 859681091
A[70] = 882442354
A[71] = 968900654
A[72] = 968900655
A[73] = 994726333
A[74] = 1002208923
A[75] = 1035575002
A[76] = 1083108882
A[77] = 1212989924
A[78] = 1231105895
A[79] = 1240605305
A[80] = 1317568182
A[81] = 1317568185
A[82] = 1335539308
A[83] = 1423650484
A[84] = 1456860124
A[85] = 1456860126
A[86] = 1582630954
A[87] = 1649898095
A[88] = 1690927022
A[89] = 1704677312
A[90] = 1706079135
A[91] = 1706079136
A[92] = 1706079138
A[93] = 1706079139
A[94] = 1729873311
A[95] = 1729873313
A[96] = 1729873315
A[97] = 1729873316
A[98] = 1729873318
A[99] = 1734545662
A[100] = 1742008653
A[101] = 1801210649
A[102] = 1831594275
A[103] = 1831594277
A[104] = 1831594278
A[105] = 1891265546
A[106] = 1891265549
A[107] = 1895644254
A[108] = 1922529294
A[109] = 1958186963
A[110] = 1969192404
