105
A[1] = -2134494546
A[2] = -2134494544
A[3] = -2106111202
A[4] = -2104012132
A[5] = -1878175216
A[6] = -1780758689
A[7] = -1751738415
A[8] = -1712483876
A[9] = -1696225385
A[10] = -1643444625
A[11] = -1643444624
A[12] = -1635754529
A[13] = -1533433158
A[14] = -1499895495
A[15] = -1499895494
A[17] = -1468926608
A[18] = -1404129492
A[19] = -1395187724
A[20] = -1393995169
A[21] = -1391704874
A[22] = -1232238042
A[23] = -1209239114
A[24] = -1065978097
A[25] = -1062979911
A[26] = -1048210867
A[27] = -1038000885
A[28] = -1001479037
A[29] = -985980829
A[30] = -964039980
A[31] = -884867838
A[32] = -708552008
A[33] = -651398204
A[34] = -562380323
A[35] = -560208460
A[36] = -560208457
A[37] = -524031211
A[38] = -521990602
A[40] = -391350609
A[41] = -378711727
A[42] = -351028206
A[43] = -317565709
A[44] = -263635349
A[45] = -263635346
A[46] = -263635344
A[47] = -165156721
A[48] = -134615262
A[49] = -134615260
A[50] = -134615259
A[51] = -77043762
A[52] = -38254291
A[53] = -38254289
A[54] = -23712531
A[55] = -23712530
A[56] = -23712529
A[57] = -23712528
A[58] = 63445298
A[59] = 82871972
A[60] = 122218082
A[61] = 123314433
A[62] = 235830792
A[63] = 249521614
A[64] = 333535492
A[65] = 337965026
A[66] = 463127305
A[67] = 463986985
A[68] = 472109910
A[69] = 561111336
A[70] = 561111337
A[71] = 561111339
A[72] = 577820851
A[73] = 589177070
A[74] = 593553420
A[75] = 595827658
A[76] = 739075646
A[77] = 746094784
A[78] = 791584912
A[79] = 826834332
A[80] = 826834333
A[81] = 854202056
A[82] = 935617456
A[83] = 962628872
A[84] = 973060400
A[85] = 1003081086
A[86] = 1006678873
A[87] = 1006678874
A[88] = 1006678875
A[89] = 1045178438
A[90] = 1160984130
A[91] = 1174649848
A[92] = 1209848829
A[93] = 1209848831
A[94] = 1280071575
A[95] = 1323393862
A[96] = 1331836526
A[97] = 1564786176
A[98] = 1592277858
A[99] = 1681512913
A[100] = 1681512916
A[101] = 1717976149
A[102] = 1765393632
A[103] = 1765393633
A[104] = 1955648339
A[105] = 1955648341
A[106] = 2063003618
A[107] = 2122870690
