96
A[1] = -2130676057
A[2] = -2086626054
A[3] = -2054143723
A[4] = -2052413382
A[5] = -2043891254
A[6] = -1914443276
A[7] = -1870363146
A[8] = -1830628625
A[9] = -1747231534
A[10] = -1747231531
A[11] = -1698152479
A[12] = -1677269616
A[13] = -1612142066
A[14] = -1483490915
A[15] = -1483490914
A[16] = -1483490912
A[17] = -1316390960
A[18] = -1223985787
A[19] = -1215354097
A[20] = -1159280469
A[21] = -1106097902
A[22] = -1106097899
A[23] = -1093911466
A[24] = -1093911464
A[25] = -1093911463
A[26] = -1076632936
A[27] = -1076632935
A[28] = -1040909784
A[29] = -953425185
A[31] = -953425182
A[32] = -919129607
A[33] = -906795038
A[35] = -656263838
A[36] = -472260823
A[37] = -456519058
A[38] = -443527028
A[39] = -443527027
A[40] = -384775729
A[41] = -210524966
A[42] = -210524964
A[43] = -210524961
A[44] = -115222530
A[46] = 135690724
A[47] = 161938343
A[48] = 215970982
A[49] = 237024752
A[50] = 244321593
A[51] = 244321594
A[52] = 244321596
A[54] = 244321598
A[56] = 261875925
A[57] = 336652573
A[58] = 339579104
A[59] = 378135619
A[60] = 436791432
A[61] = 436791435
A[63] = 462844330
A[64] = 481882239
A[65] = 483920290
A[66] = 496870280
A[67] = 496870282
A[68] = 496870283
A[69] = 496870284
A[70] = 496870285
A[71] = 503087599
A[72] = 609586078
A[73] = 609586079
A[74] = 649124503
A[75] = 734332671
A[76] = 876093822
A[77] = 878332955
A[78] = 918941659
A[79] = 918941662
A[80] = 918941665
A[81] = 918941668
A[82] = 947452561
A[83] = 947452564
A[84] = 1119298115
A[86] = 1179129593
A[87] = 1210858526
A[88] = 1310741646
A[89] = 1352930930
A[90] = 1412874798
A[91] = 1480860760
A[92] = 1480860761
A[93] = 1512710741
A[95] = 1570061376
A[96] = 1570061378
A[98] = 1625128783
A[99] = 1625128786
A[100] = 1654381867
A[101] = 1715913862
A[102] = 1805066913
A[103] = 1805066914
A[104] = 1870629340
A[105] = 1870629341
