81
A[1] = -2124468389
A[2] = -2124468387
A[4] = -2037899783
A[6] = -1920509341
A[7] = -1920509340
A[8] = -1854917084
A[9] = -1805135568
A[10] = -1802151274
A[11] = -1787711719
A[12] = -1756556278
A[13] = -1756556276
A[15] = -1725904829
A[16] = -1674997983
A[17] = -1604839799
A[18] = -1536031026
A[19] = -1506169360
A[20] = -1451180122
A[21] = -1395912819
A[22] = -1279224343
A[23] = -1056969010
A[24] = -1012006816
A[26] = -858300258
A[27] = -854429184
A[28] = -854429181
A[29] = -809034490
A[30] = -796527597
A[31] = -796527594
A[32] = -771592329
A[33] = -768623050
A[34] = -753980872
A[35] = -752993227
A[36] = -752954370
A[37] = -720203257
A[38] = -720203254
A[39] = -707933996
A[41] = -448475472
A[42] = -285020445
A[43] = -280068536
A[44] = -79835575
A[46] = -42398250
A[47] = -41268505
A[48] = -13712364
A[49] = -13712361
A[50] = -7660617
A[51] = -7660616
A[52] = 114582657
A[53] = 237766980
A[54] = 263310349
A[55] = 279249870
A[56] = 279249871
A[57] = 279249872
A[58] = 279249873
A[60] = 357096444
A[61] = 379049542
A[64] = 586160937
A[65] = 600408120
A[66] = 705571828
A[67] = 708285478
A[69] = 749645789
A[70] = 827226095
A[72] = 905020780
A[73] = 912214249
A[74] = 929531736
A[76] = 1199422956
A[77] = 1279071001
A[80] = 1347308564
A[81] = 1356147730
A[86] = 1493911522
A[87] = 1493911524
A[88] = 1498129040
A[89] = 1512731766
A[91] = 1612537542
A[93] = 1624048643
A[94] = 1658656125
A[95] = 1781803789
A[96] = 1830422292
A[99] = 1937303918
A[100] = 1938147255
A[101] = 1938147256
A[103] = 2011036491
A[104] = 2044534307
