46
A[1] = -2132899146
A[5] = -2042791189
A[6] = -1986341008
A[7] = -1970383300
A[8] = -1970383297
A[11] = -1873842465
A[13] = -1755281036
A[15] = -1755281034
A[17] = -1556540003
A[19] = -1556540001
A[20] = -1546642850
A[22] = -1434786525
A[25] = -1364742694
A[26] = -1244996705
A[28] = -1102396008
A[29] = -1102396007
A[32] = -1102396006
A[34] = -1094919846
A[39] = -1094919845
A[40] = -853698998
A[42] = -850454389
A[48] = -712053861
A[49] = -712053860
A[50] = -529316142
A[52] = -518404749
A[54] = -233902598
A[56] = -140986808
A[59] = -45038385
A[60] = -29446776
A[62] = 79333013
A[64] = 121027856
A[65] = 121027859
A[66] = 214103680
A[69] = 355353742
A[70] = 604736005
A[71] = 604736008
A[74] = 823054318
A[76] = 825538920
A[80] = 935514248
A[84] = 1114421758
A[91] = 1226036911
A[93] = 1226036912
A[96] = 1310034465
A[100] = 1664355630
A[102] = 1773526815
A[104] = 1795530229
