132
A[61] = -2117272058
A[130] = -2107145811
A[160] = -2082539502
A[200] = -2047631338
A[273] = -1984614183
A[288] = -1977953184
A[304] = -1914449393
A[342] = -1867142513
A[358] = -1852191171
A[405] = -1782159111
A[421] = -1768489076
A[430] = -1718372354
A[438] = -1710402599
A[565] = -1677173766
A[575] = -1530245685
A[624] = -1522831361
A[629] = -1461196683
A[661] = -1440142132
A[685] = -1418884614
A[771] = -1413114977
A[795] = -1407320365
A[854] = -1399381195
A[895] = -1339180662
A[903] = -1276744657
A[1002] = -1276713391
A[1007] = -1195296988
A[1015] = -1173888196
A[1027] = -1113129715
A[1074] = -1080560271
A[1089] = -991478149
A[1094] = -965232241
A[1142] = -950587281
A[1175] = -949545810
A[1181] = -941357715
A[1190] = -830315803
A[1211] = -802813861
A[1215] = -763199267
A[1251] = -729561921
A[1265] = -719575222
A[1419] = -712639467
A[1428] = -689546950
A[1442] = -671922022
A[1445] = -640444847
A[1532] = -637820876
A[1544] = -549507859
A[1556] = -490270051
A[1569] = -355929736
A[1605] = -346105842
A[1622] = -304646913
A[1631] = -247587167
A[1679] = -109920359
A[1684] = -83425635
A[1698] = -25483674
A[1699] = 98744394
A[1703] = 130450394
A[1747] = 135057492
A[1752] = 251396647
A[1765] = 267650598
A[1788] = 323196376
A[1794] = 391347814
A[1850] = 396479021
A[1859] = 407616722
A[1895] = 421154129
A[2032] = 423129860
A[2084] = 476591282
A[2092] = 577038125
A[2118] = 602526328
A[2132] = 658889914
A[2155] = 676086622
A[2171] = 695158239
A[2245] = 696213688
A[2319] = 699777126
A[2340] = 718376128
A[2371] = 732061281
A[2372] = 738105745
A[2403] = 748353811
A[2453] = 748353815
A[2594] = 777999482
A[2655] = 807790414
A[2662] = 828546124
A[2753] = 855500111
A[2768] = 895295602
A[2819] = 909425592
A[2872] = 940288960
A[2963] = 957176085
A[2984] = 988770555
A[3016] = 997927136
A[3090] = 1038552804
A[3138] = 1061993187
A[3159] = 1085207560
A[3172] = 1090724206
A[3181] = 1098732667
A[3200] = 1118437204
A[3231] = 1125344030
A[3258] = 1128077779
A[3259] = 1228830329
A[3263] = 1260459303
A[3282] = 1262434114
A[3316] = 1333450926
A[3321] = 1352641927
A[3334] = 1386183848
A[3341] = 1386234178
A[3356] = 1408755972
A[3441] = 1415649303
A[3459] = 1425064424
A[3536] = 1446059943
A[3585] = 1455634430
A[3661] = 1495461021
A[3697] = 1513910728
A[3699] = 1515651098
A[3948] = 1531608908
A[3988] = 1574120193
A[3997] = 1585878872
A[4068] = 1618186617
A[4069] = 1670511169
A[4105] = 1702171120
A[4154] = 1718952323
A[4159] = 1721443274
A[4195] = 1724181336
A[4322] = 1742896195
A[4492] = 1762325533
A[4521] = 1770083907
A[4568] = 1770083911
A[4658] = 1781081331
A[4686] = 1789834503
A[4696] = 1800300552
A[4756] = 1858898500
A[4827] = 1886378364
A[4846] = 1928685986
A[4882] = 1939286250
A[4930] = 1943116110
A[4931] = 2094678392
