133
A[11] = -2116931638
A[160] = -2101122306
A[172] = -2094231343
A[223] = -2082791561
A[334] = -2026971425
A[401] = -2021177779
A[531] = -1982587754
A[534] = -1972687298
A[577] = -1924190868
A[592] = -1857038620
A[612] = -1846769566
A[614] = -1844884228
A[620] = -1834167902
A[633] = -1741252964
A[662] = -1735620709
A[696] = -1722287268
A[754] = -1715293367
A[758] = -1707320650
A[806] = -1663527960
A[943] = -1631145551
A[1013] = -1574153736
A[1040] = -1503798677
A[1053] = -1443956267
A[1054] = -1351714104
A[1067] = -1297577340
A[1074] = -1250166576
A[1128] = -1223932592
A[1150] = -1219040653
A[1174] = -1216173862
A[1213] = -1211189395
A[1229] = -1135411634
A[1232] = -1105423135
A[1250] = -1089747068
A[1265] = -1063925184
A[1358] = -1031369352
A[1384] = -1006751293
A[1500] = -991774346
A[1636] = -962512046
A[1642] = -935922499
A[1643] = -861550612
A[1665] = -847565662
A[1684] = -828843362
A[1714] = -791109151
A[1794] = -791109150
A[1810] = -763126241
A[1821] = -702922487
A[1873] = -599655123
A[1914] = -584871822
A[1953] = -581143622
A[1962] = -495271379
A[1968] = -483766422
A[2041] = -476047863
A[2088] = -465958148
A[2107] = -408396254
A[2170] = -367850169
A[2206] = -319569239
A[2236] = -314326682
A[2243] = -236314512
A[2254] = -212665728
A[2301] = -125570371
A[2313] = -106396222
A[2317] = -103672195
A[2324] = 47823768
A[2325] = 101126345
A[2338] = 124987325
A[2352] = 128154614
A[2365] = 129062097
A[2381] = 216115534
A[2442] = 221412668
A[2640] = 233061459
A[2661] = 248147739
A[2676] = 328938251
A[2690] = 342321209
A[2700] = 435227084
A[2709] = 440026756
A[2729] = 453585076
A[2772] = 470404907
A[2779] = 520490257
A[2925] = 541987744
A[2947] = 543423962
A[2993] = 592613043
A[2997] = 645499426
A[3011] = 647837567
A[3043] = 723172375
A[3068] = 725011249
A[3156] = 758331711
A[3167] = 762547047
A[3176] = 762774008
A[3228] = 906956871
A[3231] = 909300031
A[3254] = 957241358
A[3395] = 976862836
A[3397] = 987148680
A[3463] = 995111887
A[3542] = 1006568976
A[3607] = 1014801468
A[3638] = 1018435930
A[3644] = 1062666815
A[3671] = 1077456895
A[3847] = 1088530305
A[3852] = 1135670629
A[3871] = 1138195004
A[3873] = 1143083791
A[3911] = 1228663763
A[3912] = 1266519633
A[3930] = 1267843111
A[3939] = 1297459667
A[4007] = 1320332396
A[4035] = 1321654607
A[4089] = 1330236758
A[4238] = 1336866472
A[4240] = 1349252384
A[4286] = 1354485076
A[4390] = 1386094564
A[4417] = 1440394662
A[4494] = 1481219928
A[4503] = 1485731305
A[4538] = 1544598327
A[4601] = 1558925911
A[4672] = 1563970344
A[4694] = 1605327639
A[4732] = 1664151870
A[4744] = 1701092731
A[4756] = 1707533119
A[4758] = 1717396186
A[4821] = 1720089903
A[4852] = 1722987205
A[4863] = 1778002425
A[4886] = 1837805144
A[4896] = 1868945615
A[4899] = 2016191681
A[4928] = 2048025865
A[4934] = 2062015360
