134
A[64] = -2137701698
A[124] = -2116638293
A[190] = -2077899439
A[308] = -2076846539
A[461] = -2047295050
A[482] = -2026424625
A[657] = -2023832105
A[675] = -2022403554
A[687] = -1974455549
A[706] = -1968594151
A[711] = -1964280988
A[767] = -1941455181
A[899] = -1921985296
A[929] = -1894445070
A[984] = -1894445067
A[1007] = -1872866797
A[1127] = -1872321435
A[1207] = -1850429912
A[1276] = -1847216783
A[1298] = -1815787476
A[1303] = -1801002639
A[1347] = -1735378661
A[1412] = -1697987973
A[1413] = -1632692889
A[1425] = -1600331869
A[1513] = -1583294217
A[1549] = -1537691469
A[1613] = -1522175522
A[1616] = -1494763637
A[1682] = -1478861277
A[1686] = -1468672668
A[1700] = -1455005832
A[1711] = -1372047903
A[1743] = -1348121740
A[1748] = -1345180839
A[1797] = -1248443148
A[1817] = -1234391585
A[1828] = -1231079648
A[1849] = -1177687662
A[1863] = -1088125756
A[1888] = -1072786321
A[2063] = -1057285048
A[2068] = -1053732542
A[2155] = -1023276325
A[2158] = -996817137
A[2193] = -990784003
A[2199] = -953528025
A[2239] = -943725619
A[2288] = -859963224
A[2292] = -854097461
A[2295] = -829658502
A[2353] = -813086636
A[2392] = -777808815
A[2441] = -765319943
A[2468] = -765117130
A[2558] = -718270576
A[2574] = -672347775
A[2583] = -668492428
A[2592] = -665643459
A[2649] = -552500643
A[2661] = -516245307
A[2668] = -512953561
A[2742] = -511128741
A[2786] = -489789878
A[2812] = -426573979
A[2823] = -392894548
A[2844] = -379898959
A[2854] = -358009784
A[2891] = -220429029
A[2926] = -149627985
A[2968] = -134085084
A[2975] = -116445392
A[2976] = -74983394
A[2985] = -65202930
A[2989] = 2455583
A[3018] = 42325942
A[3036] = 64270814
A[3037] = 123796411
A[3123] = 147097763
A[3131] = 176732819
A[3148] = 189686643
A[3158] = 222669052
A[3180] = 241542280
A[3246] = 242376173
A[3293] = 281604945
A[3315] = 347123354
A[3346] = 379428676
A[3431] = 385163215
A[3533] = 414519635
A[3615] = 437221672
A[3624] = 443346071
A[3685] = 443820567
A[3695] = 492917060
A[3791] = 500523572
A[3845] = 571738094
A[3875] = 577267886
A[3882] = 605301597
A[3889] = 661176133
A[3964] = 665659968
A[4055] = 671797733
A[4057] = 737273525
A[4107] = 739196241
A[4139] = 744109283
A[4145] = 761365950
A[4151] = 852352138
A[4153] = 957840718
A[4163] = 1054701309
A[4191] = 1124676167
A[4206] = 1126960023
A[4220] = 1160784948
A[4269] = 1163994870
A[4345] = 1189494009
A[4404] = 1199275890
A[4412] = 1228969988
A[4444] = 1234421897
A[4493] = 1325559675
A[4506] = 1338091649
A[4544] = 1352179880
A[4575] = 1453937224
A[4688] = 1460166093
A[4727] = 1487767874
A[4734] = 1531775135
A[4738] = 1560385265
A[4748] = 1566054263
A[4753] = 1591683245
A[4804] = 1672759455
A[4820] = 1733478468
A[4835] = 1759187323
A[4852] = 1831810996
A[4874] = 1950103713
A[4894] = 1989354404
A[4906] = 2023790989
A[4921] = 2047447450
A[4927] = 2133475629
