136
A[16] = -2104309493
A[18] = -2075398410
A[112] = -2046443551
A[128] = -1982343070
A[143] = -1907793574
A[168] = -1884380431
A[174] = -1837721733
A[181] = -1822934306
A[194] = -1756073378
A[200] = -1687589880
A[214] = -1658119962
A[370] = -1633856535
A[389] = -1614636023
A[410] = -1606052946
A[414] = -1572279574
A[460] = -1566534909
A[485] = -1439625694
A[496] = -1398190844
A[503] = -1396140092
A[578] = -1378804566
A[620] = -1374229446
A[667] = -1301647814
A[719] = -1271575070
A[742] = -1250700024
A[767] = -1237034607
A[809] = -1219768392
A[834] = -1219768388
A[856] = -1193455445
A[893] = -1134763456
A[901] = -1106127190
A[932] = -1008070745
A[983] = -1006544275
A[1008] = -927525054
A[1017] = -895440689
A[1042] = -872608641
A[1112] = -851975987
A[1126] = -849129297
A[1144] = -766740632
A[1150] = -735793336
A[1161] = -660183048
A[1169] = -634873508
A[1174] = -626193548
A[1185] = -586874351
A[1195] = -560276163
A[1281] = -466536721
A[1339] = -463108761
A[1389] = -455398329
A[1408] = -445068629
A[1487] = -395931979
A[1657] = -395806398
A[1737] = -381027840
A[1778] = -365655801
A[1833] = -358424680
A[1865] = -306066192
A[1896] = -294098569
A[1947] = -290495470
A[2011] = -246278474
A[2131] = -232457489
A[2145] = -203633503
A[2187] = -184476047
A[2217] = -179514079
A[2242] = -120491980
A[2252] = -115681012
A[2360] = -91561886
A[2406] = -67219910
A[2414] = -59562835
A[2485] = -59562832
A[2523] = -59562831
A[2654] = -30405158
A[2694] = -27629983
A[2702] = 24764999
A[2735] = 35080350
A[2841] = 38181779
A[2934] = 67865524
A[2966] = 97795359
A[2969] = 119934571
A[2990] = 163233425
A[3027] = 175548183
A[3031] = 177067910
A[3040] = 177409720
A[3094] = 205680596
A[3191] = 218895664
A[3198] = 256923352
A[3270] = 286063012
A[3276] = 305051458
A[3307] = 385759247
A[3340] = 419654353
A[3341] = 430769163
A[3345] = 461702699
A[3414] = 513041469
A[3446] = 546255337
A[3498] = 592825424
A[3520] = 614782899
A[3524] = 646654987
A[3605] = 655489270
A[3634] = 674123280
A[3729] = 677519690
A[3772] = 682203416
A[3797] = 724186464
A[3885] = 761963155
A[3889] = 770274033
A[3965] = 793107057
A[4090] = 798235143
A[4140] = 837542878
A[4176] = 840736160
A[4192] = 877894849
A[4195] = 906277913
A[4217] = 935946469
A[4223] = 949798958
A[4228] = 1039599968
A[4324] = 1067999300
A[4342] = 1094951074
A[4356] = 1267570063
A[4371] = 1283376497
A[4403] = 1310203135
A[4435] = 1343875231
A[4478] = 1345500278
A[4502] = 1401810595
A[4523] = 1436917772
A[4545] = 1487894534
A[4561] = 1489470383
A[4574] = 1505542510
A[4598] = 1511472413
A[4646] = 1511786699
A[4658] = 1524105214
A[4768] = 1570280171
A[4815] = 1612555104
A[4816] = 1615069561
A[4823] = 1618645609
A[4856] = 1625616318
A[4921] = 1691107384
A[4924] = 1798926881
A[4947] = 1872132641
A[4951] = 1922530720
A[4954] = 1989312585
A[4967] = 2113717699
