130
A[104] = -2118021584
A[142] = -2090330974
A[155] = -2068123138
A[172] = -2000326326
A[245] = -1983940088
A[256] = -1879998877
A[285] = -1832068645
A[342] = -1760008501
A[447] = -1744043787
A[475] = -1734183407
A[502] = -1650616806
A[504] = -1626599554
A[514] = -1622992909
A[553] = -1609619633
A[581] = -1591150981
A[607] = -1591150979
A[608] = -1520161613
A[706] = -1505653221
A[723] = -1403564095
A[724] = -1355404436
A[733] = -1311644949
A[744] = -1250339566
A[772] = -1223068715
A[774] = -1208750645
A[927] = -1208750642
A[1001] = -1161681402
A[1021] = -1145910335
A[1056] = -1126091508
A[1069] = -1007463497
A[1137] = -974183984
A[1153] = -968925695
A[1162] = -963656502
A[1222] = -911738807
A[1287] = -905722775
A[1337] = -887901551
A[1350] = -830426156
A[1377] = -822573586
A[1380] = -810159797
A[1400] = -742534218
A[1413] = -696668709
A[1415] = -645428108
A[1482] = -628541234
A[1501] = -608515686
A[1524] = -582758106
A[1558] = -545389145
A[1666] = -461182561
A[1669] = -460979988
A[1745] = -426791050
A[1762] = -358014028
A[1816] = -334325378
A[1819] = -323915485
A[1828] = -289648411
A[1830] = -267818528
A[1848] = -221642676
A[1884] = -212955010
A[1898] = -150283903
A[1906] = 70131440
A[1941] = 97791694
A[1944] = 156575466
A[1950] = 201029102
A[1959] = 288129967
A[1987] = 288129970
A[2016] = 386586979
A[2093] = 399260746
A[2097] = 468104167
A[2137] = 522196427
A[2208] = 530576678
A[2353] = 549480769
A[2357] = 564540958
A[2412] = 567695311
A[2500] = 609749393
A[2570] = 609967761
A[2596] = 620916151
A[2621] = 623440576
A[2702] = 629141176
A[2753] = 644747755
A[2848] = 672707291
A[2875] = 681197751
A[2885] = 687197590
A[2988] = 696521340
A[3000] = 711525168
A[3119] = 711664917
A[3121] = 713081502
A[3141] = 730636278
A[3268] = 746050036
A[3351] = 769362710
A[3397] = 782731743
A[3401] = 827936104
A[3464] = 827936107
A[3487] = 849851607
A[3501] = 974592703
A[3542] = 1018732002
A[3558] = 1096160829
A[3574] = 1144801968
A[3602] = 1165355756
A[3653] = 1181041186
A[3715] = 1185282370
A[3728] = 1200084443
A[3861] = 1200084444
A[3986] = 1217491763
A[4004] = 1248460154
A[4090] = 1258243414
A[4130] = 1268515913
A[4148] = 1323941515
A[4154] = 1342875113
A[4156] = 1371304612
A[4215] = 1387281910
A[4303] = 1404159732
A[4377] = 1404159734
A[4423] = 1442563342
A[4425] = 1471637455
A[4448] = 1488765097
A[4473] = 1509605954
A[4490] = 1534192320
A[4495] = 1590158176
A[4571] = 1610266783
A[4597] = 1626446092
A[4646] = 1667858574
A[4663] = 1698599423
A[4669] = 1795120452
A[4683] = 1853651355
A[4706] = 1876795122
A[4717] = 1921751956
A[4723] = 1925150701
A[4862] = 1927457315
A[4876] = 1957211458
A[4914] = 1981921713
A[4949] = 2059637746
A[4958] = 2132342014
A[4979] = 2139066600
