87
A[8] = -2108181965
A[25] = -2054705368
A[29] = -2054705366
A[96] = -1982580505
A[173] = -1936022490
A[180] = -1850646680
A[233] = -1794709907
A[382] = -1719849270
A[392] = -1567874388
A[411] = -1428394568
A[420] = -1428394567
A[456] = -1365575311
A[604] = -1357027370
A[618] = -1307250056
A[622] = -1298693295
A[697] = -1221352639
A[783] = -1157860274
A[858] = -1153868321
A[902] = -1029496217
A[926] = -925058509
A[927] = -877998263
A[973] = -876476866
A[1061] = -876476865
A[1080] = -876476864
A[1176] = -876476863
A[1208] = -840724298
A[1307] = -758048666
A[1421] = -758048663
A[1599] = -758048662
A[1663] = -758048660
A[1664] = -749249861
A[1703] = -541333310
A[1970] = -516509947
A[2014] = -497686167
A[2019] = -425623943
A[2088] = -341119607
A[2110] = -243031091
A[2164] = -243031088
A[2233] = -228955586
A[2267] = -228955583
A[2280] = -228955580
A[2433] = -197379495
A[2474] = -196101592
A[2488] = -192560032
A[2592] = -181638181
A[2618] = -111421081
A[2690] = -111421079
A[2760] = 58472229
A[2766] = 139455479
A[2860] = 224200454
A[2907] = 298592994
A[3042] = 298592996
A[3044] = 298592998
A[3048] = 317489235
A[3098] = 377820436
A[3137] = 377820439
A[3208] = 510786995
A[3224] = 571579446
A[3255] = 576578287
A[3346] = 576578288
A[3429] = 576578291
A[3458] = 705782001
A[3495] = 711038232
A[3615] = 711038233
A[3650] = 711038234
A[3751] = 736120355
A[3816] = 760469730
A[3832] = 840714604
A[3855] = 891535224
A[3900] = 914387976
A[3948] = 944354944
A[3995] = 955186704
A[4019] = 1038974493
A[4097] = 1053581623
A[4119] = 1118245829
A[4170] = 1187206840
A[4246] = 1207804302
A[4422] = 1266879878
A[4504] = 1334376617
A[4586] = 1517921838
A[4634] = 1525408892
A[4665] = 1539304935
A[4747] = 1583727447
A[4864] = 1592507734
A[4867] = 1735413398
A[4923] = 1822442111
A[4988] = 1920278409
