4720
A[1] = -2145727321
A[2] = -2145105886
A[3] = -2145105885
A[4] = -2144332369
A[5] = -2144332367
A[6] = -2143835271
A[7] = -2143662973
A[8] = -2143276735
A[9] = -2142548229
A[11] = -2141575506
A[12] = -2138457864
A[13] = -2137548276
A[14] = -2137548273
A[15] = -2133679316
A[16] = -2132989387
A[17] = -2132028590
A[18] = -2131675595
A[19] = -2131675593
A[20] = -2131295087
A[21] = -2131295086
A[22] = -2131295084
A[23] = -2131278355
A[24] = -2130250257
A[25] = -2128602265
A[26] = -2128022244
A[27] = -2127929387
A[28] = -2126902395
A[29] = -2125488946
A[30] = -2125403850
A[31] = -2124586902
A[32] = -2124586900
A[33] = -2124586899
A[34] = -2122486914
A[35] = -2122439158
A[36] = -2121504755
A[37] = -2119545006
A[38] = -2118273258
A[39] = -2117135998
A[40] = -2116221221
A[41] = -2116066730
A[42] = -2116066728
A[43] = -2115736811
A[44] = -2115338496
A[46] = -2114969047
A[47] = -2114969046
A[48] = -2114969044
A[49] = -2114366702
A[50] = -2111073532
A[51] = -2109864102
A[52] = -2109245424
A[53] = -2109162122
A[54] = -2108774574
A[55] = -2107184141
A[56] = -2107046575
A[57] = -2105260574
A[58] = -2105074346
A[59] = -2102668060
A[60] = -2100004457
A[61] = -2100004454
A[62] = -2099379835
A[63] = -2099177808
A[64] = -2099024132
A[65] = -2098179268
A[66] = -2096869286
A[67] = -2095221154
A[68] = -2095221153
A[69] = -2094851747
A[71] = -2092041687
A[72] = -2091484655
A[73] = -2087899713
A[74] = -2087899710
A[75] = -2087899709
A[76] = -2086491440
A[77] = -2080831238
A[78] = -2078874811
A[79] = -2076608354
A[80] = -2075486447
A[81] = -2075486446
A[82] = -2064239756
A[83] = -2064239755
A[84] = -2063515708
A[85] = -2062454484
A[86] = -2059645509
A[87] = -2059645506
A[88] = -2059645504
A[89] = -2059642438
A[90] = -2059560299
A[91] = -2058535326
A[92] = -2058519631
A[93] = -2058519629
A[94] = -2058519628
A[95] = -2055675810
A[96] = -2055370507
A[97] = -2054430894
A[99] = -2054306418
A[100] = -2052922097
A[101] = -2052824933
A[102] = -2050636511
A[103] = -2050498121
A[104] = -2049835114
A[105] = -2048099665
A[106] = -2047353265
A[107] = -2047353264
A[108] = -2043795913
A[109] = -2043795910
A[110] = -2043672666
A[111] = -2043530143
A[112] = -2043302737
A[113] = -2042833050
A[114] = -2040362979
A[115] = -2039821070
A[116] = -2037896974
A[117] = -2035126146
A[118] = -2035126145
A[119] = -2034714472
A[120] = -2033443756
A[121] = -2033378932
A[122] = -2033009954
A[123] = -2030243261
A[125] = -2029717723
A[126] = -2029578354
A[127] = -2028676850
A[128] = -2027866814
A[129] = -2026245590
A[130] = -2025689176
A[131] = -2025689173
A[132] = -2024857438
A[133] = -2023800267
A[134] = -2021457151
A[135] = -2020501963
A[136] = -2019274532
A[137] = -2014123976
A[138] = -2007744391
A[139] = -2004490192
A[140] = -2003662829
A[141] = -2003110279
A[142] = -2002191152
A[143] = -2001867725
A[144] = -2001144988
A[145] = -1997736315
A[146] = -1997491912
A[147] = -1996389331
A[148] = -1996211885
A[151] = -1994475417
A[152] = -1994475416
A[153] = -1993555759
A[154] = -1993111166
A[155] = -1993111164
A[156] = -1993111162
A[157] = -1991293620
A[158] = -1991149468
A[159] = -1990782406
A[160] = -1989166452
A[161] = -1988758235
A[162] = -1987682381
A[163] = -1985531000
A[164] = -1984476900
A[165] = -1984252259
A[166] = -1984252258
A[167] = -1984252256
A[169] = -1983255391
A[170] = -1980106095
A[171] = -1980106092
A[172] = -1976373380
A[173] = -1975595943
A[174] = -1975595940
A[175] = -1975512561
A[176] = -1975250445
A[177] = -1972630833
A[178] = -1969579788
A[179] = -1969517718
A[180] = -1969517716
A[182] = -1967949310
A[183] = -1967718749
A[184] = -1967265739
A[185] = -1966073642
A[186] = -1964635290
A[187] = -1964491140
A[188] = -1964381172
A[189] = -1964381171
A[190] = -1962188914
A[191] = -1961910808
A[192] = -1959221105
A[194] = -1958623425
A[196] = -1955954500
A[197] = -1954715180
A[198] = -1954715178
A[199] = -1954034403
A[200] = -1953277778
A[201] = -1952772518
A[202] = -1952772515
A[203] = -1952290285
A[204] = -1951065926
A[205] = -1950596205
A[206] = -1950120053
A[207] = -1950092204
A[208] = -1946866289
A[209] = -1944556325
A[210] = -1944446678
A[211] = -1943139088
A[212] = -1943139087
A[213] = -1943139086
A[215] = -1942543666
A[216] = -1942543665
A[217] = -1942543664
A[218] = -1942543663
A[219] = -1942543662
A[220] = -1942543661
A[221] = -1942543658
A[222] = -1941794149
A[223] = -1941794148
A[224] = -1941794146
A[225] = -1939988425
A[226] = -1939209150
A[228] = -1936697027
A[229] = -1935891815
A[230] = -1935735384
A[231] = -1935687837
A[232] = -1935687834
A[233] = -1935086336
A[234] = -1935062806
A[235] = -1934872711
A[236] = -1933111446
A[237] = -1932351379
A[238] = -1931280454
A[239] = -1931235810
A[240] = -1929925846
A[241] = -1929925845
A[242] = -1926541709
A[243] = -1924998800
A[244] = -1924970580
A[245] = -1924970579
A[246] = -1924970577
A[247] = -1923822841
A[248] = -1922808488
A[249] = -1922330823
A[250] = -1922048363
A[251] = -1921510399
A[252] = -1917917469
A[254] = -1917796122
A[255] = -1915347531
A[256] = -1915071908
A[257] = -1915071907
A[258] = -1912901638
A[259] = -1912901636
A[260] = -1912234114
A[261] = -1912234112
A[262] = -1912069493
A[263] = -1911320936
A[264] = -1910716128
A[265] = -1910716125
A[266] = -1909585706
A[267] = -1909167977
A[268] = -1907015927
A[269] = -1906889522
A[270] = -1906871891
A[271] = -1906555704
A[272] = -1904824477
A[273] = -1902610880
A[274] = -1900730316
A[275] = -1900319496
A[276] = -1896958949
A[277] = -1896958946
A[278] = -1896800627
A[279] = -1896800626
A[280] = -1896800625
A[281] = -1896489058
A[282] = -1896489055
A[283] = -1894168502
A[284] = -1894168501
A[285] = -1888728360
A[286] = -1888728358
A[287] = -1886052621
A[288] = -1883966792
A[289] = -1883966790
A[290] = -1883966789
A[291] = -1882638363
A[292] = -1879787329
A[293] = -1879590645
A[294] = -1879590642
A[295] = -1879541275
A[296] = -1879541273
A[297] = -1879541272
A[298] = -1879541271
A[299] = -1879541270
A[300] = -1877095014
A[301] = -1875071093
A[303] = -1871002368
A[304] = -1871002365
A[305] = -1869966183
A[306] = -1867989352
A[307] = -1867411153
A[308] = -1867411152
A[309] = -1867252336
A[310] = -1862000072
A[311] = -1861595776
A[312] = -1861595774
A[314] = -1861595771
A[315] = -1861402570
A[316] = -1861227977
A[317] = -1860128491
A[318] = -1856124729
A[319] = -1854463538
A[320] = -1853603873
A[321] = -1853603872
A[323] = -1850933689
A[324] = -1850933688
A[325] = -1850543019
A[327] = -1848067940
A[328] = -1847586269
A[329] = -1845703148
A[330] = -1843635266
A[331] = -1842795170
A[333] = -1840347027
A[334] = -1840347025
A[335] = -1840347024
A[336] = -1840347023
A[337] = -1840347022
A[338] = -1840347020
A[339] = -1840053222
A[340] = -1840053219
A[341] = -1840053216
A[342] = -1840020125
A[343] = -1836498889
A[344] = -1833905073
A[345] = -1833403923
A[346] = -1832172428
A[347] = -1827973349
A[348] = -1827973348
A[349] = -1827973347
A[350] = -1827973346
A[351] = -1824889327
A[352] = -1820534360
A[353] = -1819981096
A[354] = -1819960293
A[355] = -1819960290
A[356] = -1819960287
A[357] = -1818393375
A[358] = -1818238808
A[359] = -1818148094
A[360] = -1818148091
A[361] = -1817706862
A[362] = -1816934365
A[363] = -1816630586
A[364] = -1813375551
A[365] = -1810899911
A[366] = -1807646787
A[367] = -1807461204
A[368] = -1806724153
A[369] = -1806009639
A[370] = -1806009638
A[371] = -1805598017
A[372] = -1805598016
A[374] = -1803351235
A[375] = -1802951554
A[376] = -1801480302
A[377] = -1801480300
A[378] = -1800722100
A[379] = -1800502899
A[380] = -1800502896
A[381] = -1799931814
A[382] = -1793926242
A[383] = -1790952337
A[384] = -1790742889
A[385] = -1790681853
A[386] = -1790681852
A[387] = -1790681851
A[388] = -1790681850
A[389] = -1790681848
A[390] = -1787298232
A[391] = -1785873830
A[392] = -1785824252
A[393] = -1785716897
A[394] = -1783680983
A[395] = -1783680982
A[397] = -1783557270
A[398] = -1777219272
A[399] = -1775278515
A[400] = -1771227168
A[401] = -1769854003
A[402] = -1769854001
A[403] = -1769853999
A[404] = -1768345811
A[405] = -1768345810
A[406] = -1768267838
A[407] = -1768015440
A[408] = -1766925740
A[409] = -1766834512
A[410] = -1766834509
A[411] = -1766430173
A[412] = -1763202428
A[413] = -1763202426
A[414] = -1761986688
A[415] = -1761986687
A[416] = -1760693170
A[417] = -1760588685
A[418] = -1757375030
A[419] = -1757101774
A[420] = -1756872581
A[422] = -1756677470
A[423] = -1754011910
A[424] = -1751868357
A[425] = -1751785766
A[426] = -1751134509
A[427] = -1751089295
A[428] = -1751089293
A[429] = -1751089292
A[430] = -1751089290
A[431] = -1750554096
A[432] = -1750554095
A[433] = -1747636793
A[434] = -1746159078
A[435] = -1745324469
A[436] = -1743289161
A[437] = -1742331337
A[438] = -1740429904
A[439] = -1740053971
A[440] = -1740053970
A[441] = -1740053968
A[442] = -1739699043
A[443] = -1739699042
A[444] = -1739206658
A[445] = -1738894852
A[446] = -1738894849
A[447] = -1738894847
A[448] = -1738537609
A[449] = -1738537606
A[450] = -1737212172
A[451] = -1734934745
A[452] = -1734844851
A[453] = -1734844848
A[454] = -1731023456
A[455] = -1731023453
A[456] = -1727603541
A[457] = -1726707057
A[458] = -1726451363
A[459] = -1725419304
A[460] = -1725419302
A[461] = -1725419301
A[462] = -1720244871
A[463] = -1719330827
A[464] = -1717163067
A[465] = -1717163064
A[466] = -1716302640
A[467] = -1715011010
A[468] = -1715011008
A[469] = -1712309458
A[470] = -1711681476
A[471] = -1710960378
A[472] = -1709421206
A[473] = -1709181475
A[474] = -1709181473
A[475] = -1707759802
A[476] = -1703299240
A[478] = -1700730586
A[479] = -1700542513
A[480] = -1699109963
A[481] = -1698399374
A[482] = -1698176163
A[483] = -1696410440
A[484] = -1696410439
A[485] = -1695993988
A[486] = -1695659162
A[487] = -1693528036
A[488] = -1692276388
A[489] = -1691176226
A[491] = -1690141736
A[492] = -1689691259
A[493] = -1688757019
A[494] = -1685224222
A[495] = -1685224221
A[496] = -1685224219
A[497] = -1685224216
A[498] = -1685224213
A[499] = -1685197478
A[500] = -1683515880
A[501] = -1682344713
A[502] = -1678200938
A[503] = -1676781515
A[504] = -1676781514
A[505] = -1676781512
A[506] = -1676781511
A[507] = -1675662150
A[508] = -1674053483
A[509] = -1673981551
A[511] = -1673981548
A[512] = -1673981546
A[513] = -1671157786
A[514] = -1670163669
A[515] = -1669200120
A[516] = -1668932289
A[517] = -1667520726
A[518] = -1666240017
A[519] = -1666240015
A[520] = -1665799356
A[521] = -1665799353
A[522] = -1664566588
A[523] = -1663362020
A[524] = -1661654242
A[525] = -1660862106
A[526] = -1659346889
A[527] = -1657993315
A[528] = -1657448053
A[529] = -1657323184
A[530] = -1656872407
A[531] = -1652644015
A[532] = -1652644014
A[533] = -1652597866
A[534] = -1652597863
A[535] = -1652308917
A[536] = -1651915296
A[537] = -1651827867
A[538] = -1650732974
A[539] = -1650708741
A[540] = -1649061695
A[541] = -1649061692
A[542] = -1647206972
A[543] = -1645137608
A[544] = -1644141297
A[545] = -1644141295
A[546] = -1642753065
A[547] = -1642371558
A[548] = -1642371557
A[549] = -1641502160
A[550] = -1641356061
A[551] = -1641229046
A[552] = -1640591288
A[553] = -1637128976
A[554] = -1636064271
A[555] = -1634701576
A[556] = -1634642976
A[557] = -1633748472
A[558] = -1633720486
A[559] = -1632965155
A[560] = -1630865369
A[561] = -1629700826
A[562] = -1629685271
A[563] = -1629167706
A[564] = -1625908248
A[565] = -1625908245
A[568] = -1618438968
A[569] = -1617340556
A[570] = -1616579459
A[571] = -1615836496
A[572] = -1615702909
A[573] = -1615702907
A[574] = -1615702906
A[575] = -1614984921
A[576] = -1614795083
A[577] = -1614795081
A[578] = -1614590799
A[579] = -1614590796
A[580] = -1613838009
A[581] = -1612521910
A[582] = -1612521907
A[583] = -1612439684
A[585] = -1611366426
A[586] = -1611366424
A[587] = -1611366423
A[588] = -1611366422
A[589] = -1611224874
A[590] = -1609502263
A[591] = -1608833605
A[592] = -1608112120
A[593] = -1607465446
A[595] = -1607170746
A[596] = -1605086621
A[597] = -1602475983
A[598] = -1602084590
A[599] = -1601961728
A[600] = -1601961726
A[601] = -1601961725
A[603] = -1601322381
A[604] = -1599712936
A[605] = -1599712934
A[606] = -1599613899
A[607] = -1599613896
A[608] = -1597973419
A[609] = -1595583460
A[610] = -1595010613
A[611] = -1593813365
A[612] = -1590175060
A[614] = -1589060210
A[615] = -1587756371
A[616] = -1586013760
A[617] = -1585545018
A[618] = -1585545017
A[619] = -1584418763
A[620] = -1584418761
A[621] = -1583232000
A[622] = -1582358627
A[623] = -1582264094
A[624] = -1582129724
A[625] = -1581129734
A[626] = -1581074164
A[627] = -1581074162
A[628] = -1580345346
A[629] = -1579612037
A[630] = -1578005870
A[631] = -1578005869
A[632] = -1577995771
A[634] = -1577995765
A[635] = -1577421203
A[637] = -1576731239
A[638] = -1576731237
A[639] = -1574286073
A[640] = -1574018748
A[641] = -1573711605
A[642] = -1573357948
A[643] = -1571448040
A[644] = -1571448038
A[645] = -1571317185
A[646] = -1570244214
A[647] = -1569877853
A[648] = -1569877852
A[649] = -1569708504
A[650] = -1568360858
A[651] = -1567971442
A[653] = -1567558549
A[654] = -1565041686
A[655] = -1564679835
A[656] = -1562541236
A[657] = -1561905097
A[658] = -1561609486
A[660] = -1560297269
A[661] = -1559671736
A[662] = -1559671734
A[663] = -1558009290
A[664] = -1558000681
A[665] = -1557424726
A[666] = -1556476163
A[667] = -1556476162
A[668] = -1556476161
A[669] = -1556476160
A[670] = -1556476158
A[671] = -1553189287
A[672] = -1550467574
A[673] = -1549606891
A[674] = -1549606890
A[675] = -1549079364
A[676] = -1548554564
A[677] = -1548554562
A[678] = -1548159667
A[679] = -1548159665
A[680] = -1547067626
A[681] = -1546464867
A[682] = -1546357015
A[683] = -1543931964
A[684] = -1543931963
A[685] = -1543556133
A[686] = -1543556131
A[687] = -1543355433
A[688] = -1541432852
A[689] = -1541140255
A[690] = -1540927604
A[691] = -1538279021
A[693] = -1532577076
A[694] = -1532577073
A[695] = -1532577072
A[696] = -1532324552
A[697] = -1532324551
A[698] = -1532324550
A[699] = -1529476445
A[700] = -1527898805
A[701] = -1527010117
A[702] = -1526902293
A[703] = -1525597752
A[704] = -1524388463
A[705] = -1521911398
A[706] = -1521510619
A[707] = -1516703835
A[708] = -1515262365
A[709] = -1515262362
A[710] = -1514732337
A[711] = -1514732335
A[712] = -1512983634
A[713] = -1512011722
A[714] = -1512011720
A[715] = -1511484408
A[716] = -1511484407
A[717] = -1511484405
A[718] = -1509789352
A[719] = -1508539057
A[720] = -1508539054
A[721] = -1508002810
A[722] = -1508002808
A[723] = -1508002806
A[724] = -1507009304
A[725] = -1507009303
A[726] = -1507009301
A[727] = -1507009299
A[728] = -1506734977
A[730] = -1505748298
A[731] = -1504647747
A[732] = -1504647744
A[733] = -1503635256
A[734] = -1503471054
A[735] = -1503384506
A[736] = -1501799317
A[737] = -1501799315
A[738] = -1501799314
A[739] = -1497501382
A[740] = -1495122931
A[741] = -1495122929
A[742] = -1494679125
A[743] = -1491830583
A[744] = -1490969884
A[745] = -1490015840
A[747] = -1489265633
A[748] = -1489265630
A[749] = -1487708879
A[750] = -1486996763
A[751] = -1486952185
A[752] = -1486282038
A[753] = -1486282035
A[754] = -1486282034
A[755] = -1485860320
A[757] = -1485165591
A[758] = -1483953857
A[759] = -1483150236
A[760] = -1483150233
A[761] = -1482289578
A[762] = -1482256894
A[763] = -1481864670
A[764] = -1479328228
A[766] = -1474890475
A[767] = -1473678664
A[768] = -1472169556
A[769] = -1471951115
A[770] = -1471951114
A[771] = -1469295172
A[772] = -1465200523
A[773] = -1462810470
A[774] = -1460931170
A[775] = -1459039535
A[776] = -1456922694
A[777] = -1455007738
A[778] = -1454338962
A[779] = -1454337154
A[780] = -1453746061
A[781] = -1453345112
A[783] = -1452768467
A[784] = -1452768464
A[785] = -1452768462
A[786] = -1452309961
A[787] = -1452309958
A[788] = -1452309957
A[789] = -1452309955
A[790] = -1452309954
A[791] = -1451156886
A[792] = -1451120615
A[793] = -1450838656
A[794] = -1450838654
A[795] = -1450838653
A[796] = -1450330907
A[797] = -1449589015
A[798] = -1449026442
A[799] = -1448901109
A[800] = -1448901108
A[801] = -1448901107
A[802] = -1447724773
A[803] = -1446576037
A[804] = -1446551874
A[805] = -1446124988
A[806] = -1446018632
A[807] = -1440021165
A[808] = -1439761692
A[809] = -1439761691
A[810] = -1439761689
A[811] = -1439333642
A[812] = -1436915447
A[813] = -1436564109
A[814] = -1435981409
A[815] = -1435981407
A[816] = -1434616183
A[817] = -1433144778
A[818] = -1433120485
A[819] = -1432901477
A[820] = -1432240400
A[821] = -1430713436
A[822] = -1430191750
A[823] = -1427352160
A[824] = -1424799496
A[825] = -1424672968
A[826] = -1424672965
A[827] = -1422834772
A[828] = -1422398611
A[829] = -1421531787
A[831] = -1421495401
A[832] = -1420687263
A[833] = -1419061500
A[834] = -1417864913
A[835] = -1417864910
A[836] = -1417706237
A[837] = -1415209477
A[838] = -1415209476
A[839] = -1415209474
A[840] = -1414705811
A[841] = -1414705809
A[842] = -1414705807
A[843] = -1413122662
A[845] = -1412491581
A[846] = -1412326918
A[847] = -1411271393
A[848] = -1411052592
A[849] = -1406258428
A[850] = -1404884134
A[852] = -1401850499
A[853] = -1400229166
A[854] = -1399412418
A[855] = -1399072297
A[857] = -1398256893
A[858] = -1397674840
A[859] = -1397346855
A[860] = -1397292278
A[861] = -1397038679
A[862] = -1397038677
A[863] = -1397038676
A[864] = -1392969020
A[865] = -1392029265
A[867] = -1391636084
A[868] = -1391603444
A[869] = -1391603442
A[870] = -1389755379
A[871] = -1389755377
A[872] = -1388568907
A[873] = -1388568906
A[874] = -1388090205
A[875] = -1387822425
A[876] = -1386076619
A[878] = -1384679609
A[879] = -1383085661
A[880] = -1381673993
A[881] = -1376800822
A[882] = -1372749210
A[883] = -1372159663
A[884] = -1372159660
A[885] = -1372091184
A[886] = -1360858611
A[887] = -1360858608
A[888] = -1359913154
A[889] = -1359813251
A[890] = -1359747342
A[891] = -1358768325
A[893] = -1357210602
A[894] = -1356553938
A[895] = -1351369176
A[896] = -1351239410
A[897] = -1349110612
A[898] = -1346963742
A[899] = -1346933569
A[900] = -1346503545
A[901] = -1345737087
A[903] = -1344766831
A[904] = -1344766830
A[906] = -1344530694
A[907] = -1344530692
A[908] = -1344249728
A[909] = -1342561533
A[910] = -1342561532
A[911] = -1342561531
A[912] = -1342233367
A[913] = -1342233364
A[914] = -1342233363
A[915] = -1339907157
A[916] = -1339732330
A[917] = -1337237977
A[918] = -1335773184
A[919] = -1334252415
A[920] = -1333688347
A[921] = -1328562909
A[922] = -1327922003
A[923] = -1327918349
A[924] = -1327918348
A[925] = -1327918347
A[926] = -1326221836
A[927] = -1325842519
A[928] = -1322495956
A[929] = -1320926856
A[930] = -1320481813
A[932] = -1320117614
A[933] = -1319519611
A[934] = -1319519609
A[935] = -1318755926
A[936] = -1318755923
A[937] = -1316507806
A[938] = -1314910625
A[939] = -1312350219
A[940] = -1311320285
A[941] = -1310273899
A[942] = -1309078125
A[943] = -1308878305
A[944] = -1308878304
A[945] = -1308222035
A[946] = -1308071154
A[947] = -1308071152
A[948] = -1308071151
A[949] = -1308071149
A[950] = -1307504645
A[951] = -1305082625
A[952] = -1305082623
A[953] = -1305082622
A[954] = -1304643579
A[955] = -1304643578
A[956] = -1304065113
A[958] = -1303074700
A[959] = -1303074698
A[960] = -1297760591
A[961] = -1297373342
A[962] = -1296630538
A[963] = -1296630537
A[964] = -1296062817
A[965] = -1293297934
A[966] = -1293297933
A[967] = -1291077206
A[968] = -1289414371
A[969] = -1289380281
A[970] = -1287392217
A[971] = -1287277457
A[972] = -1287277456
A[973] = -1287140097
A[974] = -1285322438
A[976] = -1285300143
A[977] = -1283393817
A[978] = -1283393816
A[979] = -1282525423
A[980] = -1280980342
A[981] = -1280911463
A[982] = -1280190488
A[983] = -1279564846
A[984] = -1277595257
A[985] = -1276554191
A[986] = -1275398086
A[987] = -1275398083
A[988] = -1275398082
A[989] = -1275398080
A[990] = -1274435557
A[991] = -1272968621
A[992] = -1271526592
A[993] = -1269262297
A[994] = -1269262295
A[995] = -1267181831
A[996] = -1267081169
A[997] = -1266361772
A[998] = -1265976916
A[999] = -1265704821
A[1000] = -1264467819
A[1001] = -1264343123
A[1002] = -1263148291
A[1003] = -1262144643
A[1004] = -1261882783
A[1005] = -1259661463
A[1006] = -1259322030
A[1007] = -1259196130
A[1008] = -1258667989
A[1009] = -1257360232
A[1010] = -1256439896
A[1011] = -1255762097
A[1012] = -1253171037
A[1013] = -1250999379
A[1014] = -1248666686
A[1015] = -1248303353
A[1016] = -1246458967
A[1017] = -1246056731
A[1018] = -1245108423
A[1019] = -1243168448
A[1020] = -1243168445
A[1021] = -1242664634
A[1022] = -1238049647
A[1023] = -1238049645
A[1024] = -1237939397
A[1025] = -1236066081
A[1026] = -1234003064
A[1027] = -1234003062
A[1028] = -1234003061
A[1029] = -1231862173
A[1030] = -1231801719
A[1031] = -1231474225
A[1032] = -1230893633
A[1033] = -1230893630
A[1034] = -1229702508
A[1035] = -1229646884
A[1036] = -1229646882
A[1037] = -1226861361
A[1038] = -1225750946
A[1039] = -1225199193
A[1040] = -1225199192
A[1041] = -1224802884
A[1042] = -1223029280
A[1043] = -1223029279
A[1044] = -1223029278
A[1045] = -1221049121
A[1047] = -1219610437
A[1048] = -1219507515
A[1049] = -1219408811
A[1050] = -1216742120
A[1051] = -1215706597
A[1052] = -1215022594
A[1053] = -1214416680
A[1054] = -1214384008
A[1055] = -1214097700
A[1056] = -1213607916
A[1057] = -1212879161
A[1058] = -1212247103
A[1059] = -1211179761
A[1060] = -1209898510
A[1062] = -1207328336
A[1063] = -1207328334
A[1064] = -1207328333
A[1065] = -1207328330
A[1066] = -1206687152
A[1067] = -1206676138
A[1068] = -1204473786
A[1069] = -1203286908
A[1070] = -1202088982
A[1071] = -1202011959
A[1072] = -1201788472
A[1073] = -1201186078
A[1074] = -1200778342
A[1075] = -1198916880
A[1076] = -1198864019
A[1077] = -1197148773
A[1078] = -1196497381
A[1079] = -1196497379
A[1080] = -1195770450
A[1081] = -1194444770
A[1082] = -1188809053
A[1083] = -1185121335
A[1084] = -1184115331
A[1086] = -1181842290
A[1087] = -1180301419
A[1088] = -1180301418
A[1090] = -1179275988
A[1092] = -1176876541
A[1093] = -1174268463
A[1094] = -1170001232
A[1095] = -1170001229
A[1096] = -1170001226
A[1097] = -1170001223
A[1098] = -1168946935
A[1099] = -1168068268
A[1100] = -1165778106
A[1101] = -1165778105
A[1102] = -1164570782
A[1103] = -1163931163
A[1104] = -1162319506
A[1105] = -1160709554
A[1106] = -1159001665
A[1107] = -1157596609
A[1108] = -1157434479
A[1109] = -1155105519
A[1110] = -1154978276
A[1111] = -1154978273
A[1112] = -1151714333
A[1113] = -1149835154
A[1115] = -1149628082
A[1116] = -1147008808
A[1117] = -1142299828
A[1118] = -1141621018
A[1119] = -1141593131
A[1120] = -1141593128
A[1121] = -1140878681
A[1122] = -1140787282
A[1123] = -1139859900
A[1124] = -1137606912
A[1125] = -1137606910
A[1126] = -1136720357
A[1128] = -1134040780
A[1129] = -1133442199
A[1130] = -1133323519
A[1131] = -1133067611
A[1132] = -1130467472
A[1133] = -1129783484
A[1134] = -1128546100
A[1135] = -1127831847
A[1136] = -1126761270
A[1137] = -1126761269
A[1139] = -1126308926
A[1140] = -1125823441
A[1141] = -1125823438
A[1142] = -1124278107
A[1143] = -1122589219
A[1144] = -1122589217
A[1145] = -1120315353
A[1147] = -1119696585
A[1148] = -1119696583
A[1149] = -1119696582
A[1151] = -1119696580
A[1152] = -1119696578
A[1153] = -1119325619
A[1154] = -1119152808
A[1155] = -1118945371
A[1156] = -1117917839
A[1157] = -1117106334
A[1158] = -1117106331
A[1159] = -1116062702
A[1160] = -1114716816
A[1162] = -1111554739
A[1163] = -1108825513
A[1164] = -1107497706
A[1165] = -1106972806
A[1166] = -1106478932
A[1167] = -1106478929
A[1168] = -1106378724
A[1169] = -1105549653
A[1170] = -1105549652
A[1171] = -1105549651
A[1172] = -1105549650
A[1174] = -1105480588
A[1175] = -1105480586
A[1176] = -1105480585
A[1177] = -1105480584
A[1178] = -1101401349
A[1179] = -1100353648
A[1180] = -1099850845
A[1181] = -1098865133
A[1182] = -1098008165
A[1183] = -1097356167
A[1184] = -1097150130
A[1185] = -1096772151
A[1187] = -1094041966
A[1188] = -1093577821
A[1189] = -1089759608
A[1190] = -1089630841
A[1191] = -1088334985
A[1192] = -1087224507
A[1193] = -1087224505
A[1194] = -1086583302
A[1195] = -1084778642
A[1196] = -1084538976
A[1197] = -1084209251
A[1198] = -1082939274
A[1199] = -1082180604
A[1200] = -1080911235
A[1201] = -1080638518
A[1203] = -1079986105
A[1204] = -1078887082
A[1205] = -1078738969
A[1206] = -1078621137
A[1207] = -1075874604
A[1208] = -1075860979
A[1209] = -1075860978
A[1210] = -1075860976
A[1211] = -1072940755
A[1212] = -1072236042
A[1213] = -1072173362
A[1214] = -1072148140
A[1215] = -1072148138
A[1216] = -1072148137
A[1217] = -1071922499
A[1218] = -1071258506
A[1219] = -1070906383
A[1220] = -1070514173
A[1221] = -1068839153
A[1222] = -1068342677
A[1223] = -1067041705
A[1224] = -1066012596
A[1225] = -1064143587
A[1226] = -1063027701
A[1227] = -1062179148
A[1228] = -1057205301
A[1229] = -1054252331
A[1230] = -1053618223
A[1231] = -1053618222
A[1232] = -1050254615
A[1233] = -1049903828
A[1234] = -1049483167
A[1235] = -1048767776
A[1236] = -1048419521
A[1237] = -1048419520
A[1238] = -1048419518
A[1239] = -1047397526
A[1240] = -1045811750
A[1241] = -1042328964
A[1242] = -1041247253
A[1243] = -1037741513
A[1244] = -1037142144
A[1246] = -1035691233
A[1247] = -1035691230
A[1248] = -1035242379
A[1249] = -1035242377
A[1250] = -1035068738
A[1251] = -1034854479
A[1252] = -1034854476
A[1254] = -1034854475
A[1255] = -1033102693
A[1256] = -1033102692
A[1257] = -1033102691
A[1258] = -1033102690
A[1259] = -1033102688
A[1260] = -1033102687
A[1261] = -1033102686
A[1263] = -1033102684
A[1264] = -1032916026
A[1265] = -1028679128
A[1266] = -1027435112
A[1267] = -1026638837
A[1268] = -1026638834
A[1269] = -1026023407
A[1270] = -1026023404
A[1271] = -1025858752
A[1272] = -1025501494
A[1273] = -1024342542
A[1274] = -1024306007
A[1275] = -1024306004
A[1276] = -1024082025
A[1277] = -1024082022
A[1278] = -1021936190
A[1279] = -1019757948
A[1280] = -1019626789
A[1282] = -1017493549
A[1283] = -1015154464
A[1284] = -1011997704
A[1285] = -1011997703
A[1286] = -1006977954
A[1287] = -1006977951
A[1288] = -1006977950
A[1289] = -1006977949
A[1290] = -1006977948
A[1291] = -1006816774
A[1292] = -1006598679
A[1293] = -1003541533
A[1294] = -1001535633
A[1295] = -999842680
A[1296] = -999842679
A[1297] = -999253510
A[1298] = -998287304
A[1299] = -995836322
A[1300] = -995836320
A[1301] = -995836319
A[1302] = -995836318
A[1303] = -995836315
A[1304] = -995836313
A[1305] = -995612419
A[1306] = -995594638
A[1307] = -995594637
A[1308] = -995594635
A[1309] = -992873688
A[1310] = -991915607
A[1311] = -990482653
A[1312] = -988666307
A[1313] = -986991001
A[1314] = -986261641
A[1315] = -986261640
A[1316] = -981579161
A[1317] = -981483467
A[1318] = -981483466
A[1319] = -981328522
A[1320] = -980912462
A[1321] = -980573763
A[1322] = -980307266
A[1323] = -980182241
A[1324] = -979930576
A[1325] = -979930574
A[1326] = -979930573
A[1327] = -979930572
A[1328] = -979930571
A[1329] = -978745913
A[1330] = -976905076
A[1331] = -976895990
A[1332] = -973983900
A[1333] = -971535749
A[1334] = -969521814
A[1335] = -966443469
A[1336] = -965312865
A[1337] = -962415345
A[1338] = -960224154
A[1339] = -960072263
A[1340] = -960072262
A[1341] = -960016697
A[1342] = -959402499
A[1344] = -955740221
A[1345] = -955740218
A[1346] = -954872380
A[1347] = -953685810
A[1348] = -951658389
A[1349] = -951658388
A[1350] = -951658386
A[1351] = -951658385
A[1352] = -951658383
A[1353] = -948283497
A[1354] = -947265664
A[1355] = -946363505
A[1356] = -943754104
A[1357] = -942326730
A[1358] = -942047009
A[1359] = -937089943
A[1360] = -936513139
A[1361] = -935754664
A[1363] = -932981402
A[1364] = -932981400
A[1365] = -931455867
A[1366] = -930416361
A[1367] = -930416360
A[1368] = -929901365
A[1369] = -928963384
A[1370] = -927684498
A[1371] = -926435400
A[1372] = -926435399
A[1373] = -925864974
A[1374] = -925864971
A[1375] = -925581198
A[1378] = -919340218
A[1379] = -917767370
A[1380] = -917583921
A[1381] = -914833219
A[1382] = -914833216
A[1383] = -913926447
A[1384] = -913174510
A[1385] = -912497722
A[1386] = -910321256
A[1387] = -905860096
A[1388] = -902942101
A[1389] = -902942098
A[1390] = -902748630
A[1391] = -899756053
A[1392] = -898504411
A[1393] = -897406451
A[1394] = -897406449
A[1396] = -892967492
A[1398] = -892439681
A[1399] = -891645845
A[1400] = -891645844
A[1401] = -891645843
A[1402] = -891645841
A[1403] = -890147708
A[1404] = -890147707
A[1405] = -890147706
A[1407] = -889839106
A[1408] = -889780172
A[1409] = -889780169
A[1410] = -889780167
A[1411] = -889780166
A[1412] = -888714976
A[1413] = -888714973
A[1414] = -887682823
A[1415] = -887637833
A[1416] = -887547321
A[1417] = -884647461
A[1418] = -884618562
A[1419] = -883528912
A[1420] = -882678077
A[1421] = -882678076
A[1422] = -882152128
A[1423] = -882152126
A[1424] = -882152125
A[1425] = -881196334
A[1426] = -880820867
A[1427] = -880363222
A[1428] = -877807567
A[1429] = -876895195
A[1430] = -876750657
A[1431] = -873429462
A[1432] = -872853117
A[1433] = -871450037
A[1435] = -869385611
A[1436] = -869385610
A[1437] = -869385609
A[1438] = -869385608
A[1439] = -869243074
A[1440] = -868421405
A[1441] = -868421403
A[1442] = -867955347
A[1443] = -867762569
A[1444] = -867232749
A[1445] = -865182985
A[1446] = -864528284
A[1447] = -863043619
A[1448] = -855618725
A[1449] = -855618723
A[1450] = -855142000
A[1451] = -855141999
A[1452] = -853480685
A[1453] = -851855196
A[1454] = -851855193
A[1455] = -849765536
A[1456] = -847309498
A[1457] = -847309495
A[1458] = -847062389
A[1460] = -847062387
A[1461] = -843095391
A[1462] = -842347041
A[1463] = -839007639
A[1464] = -833450175
A[1465] = -832885269
A[1466] = -832885268
A[1467] = -832042315
A[1468] = -831542661
A[1469] = -829879878
A[1470] = -829096079
A[1471] = -825626665
A[1472] = -825123492
A[1473] = -821393520
A[1474] = -820182929
A[1475] = -820182926
A[1476] = -817790336
A[1477] = -815853070
A[1478] = -815794519
A[1480] = -812525321
A[1481] = -810957088
A[1482] = -810849863
A[1484] = -809300127
A[1485] = -808815261
A[1486] = -808815260
A[1487] = -808815258
A[1488] = -808815256
A[1489] = -807478246
A[1490] = -807124820
A[1491] = -805705373
A[1492] = -797732123
A[1493] = -797195100
A[1494] = -796068007
A[1495] = -796068005
A[1496] = -795956298
A[1497] = -792783053
A[1498] = -790893689
A[1499] = -790823017
A[1500] = -788398822
A[1501] = -788398821
A[1502] = -786904545
A[1503] = -786410089
A[1504] = -785252484
A[1505] = -783232007
A[1506] = -783109715
A[1507] = -782554303
A[1508] = -781122957
A[1509] = -780114157
A[1510] = -779829991
A[1511] = -778735464
A[1512] = -778735462
A[1513] = -778501188
A[1514] = -776463167
A[1515] = -776463166
A[1516] = -775937722
A[1517] = -771755766
A[1519] = -771755765
A[1520] = -769881398
A[1521] = -767009165
A[1522] = -765662995
A[1523] = -765662994
A[1524] = -765662993
A[1525] = -764706370
A[1526] = -764706368
A[1527] = -764706366
A[1528] = -764662566
A[1529] = -764656781
A[1530] = -764656778
A[1532] = -759406198
A[1533] = -758354374
A[1534] = -758145630
A[1535] = -758102594
A[1536] = -757728887
A[1537] = -755629901
A[1538] = -755184883
A[1539] = -755184880
A[1540] = -754782382
A[1542] = -753515263
A[1543] = -753500513
A[1544] = -752277441
A[1546] = -752277438
A[1547] = -751672994
A[1548] = -750400555
A[1549] = -750400553
A[1550] = -750242156
A[1551] = -750242153
A[1552] = -749189811
A[1553] = -749053617
A[1554] = -749053616
A[1555] = -749053615
A[1556] = -749053613
A[1557] = -749053611
A[1558] = -748222935
A[1559] = -747669245
A[1560] = -747467132
A[1561] = -746704285
A[1562] = -746704282
A[1563] = -746250416
A[1564] = -744625206
A[1565] = -744241060
A[1566] = -744212145
A[1567] = -743099578
A[1568] = -742627039
A[1569] = -742627036
A[1570] = -742379775
A[1571] = -742379773
A[1572] = -741611255
A[1573] = -740836128
A[1574] = -740836127
A[1575] = -740468947
A[1576] = -740468946
A[1577] = -738516314
A[1578] = -738433653
A[1579] = -738174490
A[1580] = -738174488
A[1581] = -737342510
A[1582] = -737342509
A[1583] = -736459375
A[1585] = -735205555
A[1586] = -734099574
A[1587] = -733310360
A[1588] = -733310359
A[1589] = -733310358
A[1590] = -733286909
A[1591] = -733286908
A[1592] = -733286907
A[1593] = -732177322
A[1594] = -732060462
A[1595] = -727409801
A[1596] = -727021772
A[1597] = -727021771
A[1599] = -726659953
A[1600] = -726544676
A[1601] = -726034717
A[1602] = -725765881
A[1603] = -725681259
A[1604] = -722516350
A[1605] = -722431075
A[1606] = -720915292
A[1607] = -719532102
A[1608] = -719132593
A[1609] = -719132591
A[1610] = -719046916
A[1611] = -718725572
A[1612] = -717605544
A[1613] = -717242965
A[1614] = -717242962
A[1615] = -714579783
A[1616] = -714295362
A[1617] = -713492015
A[1618] = -708542218
A[1619] = -708542216
A[1620] = -706130883
A[1621] = -705286839
A[1623] = -702923239
A[1624] = -702923236
A[1625] = -702647445
A[1626] = -702647443
A[1628] = -702135501
A[1629] = -702135500
A[1630] = -702135499
A[1631] = -698639876
A[1632] = -695072292
A[1633] = -692768459
A[1634] = -692768457
A[1635] = -692768456
A[1636] = -692763693
A[1637] = -692620456
A[1638] = -690366976
A[1639] = -689562287
A[1640] = -688091080
A[1641] = -687930083
A[1642] = -687773764
A[1643] = -687773761
A[1644] = -687752276
A[1645] = -687752273
A[1646] = -687254798
A[1647] = -687087791
A[1648] = -686884968
A[1649] = -685894172
A[1650] = -685772257
A[1651] = -685250405
A[1652] = -685138099
A[1653] = -685138096
A[1654] = -685138095
A[1655] = -685111720
A[1656] = -682116627
A[1657] = -680945000
A[1658] = -679539086
A[1659] = -676312483
A[1660] = -674488871
A[1661] = -673118114
A[1662] = -673017532
A[1663] = -672196554
A[1664] = -669983318
A[1665] = -669983317
A[1666] = -669983315
A[1667] = -669706619
A[1668] = -668374658
A[1669] = -668374655
A[1670] = -668124941
A[1671] = -667876624
A[1672] = -667876621
A[1673] = -665007242
A[1674] = -661487852
A[1675] = -661363503
A[1676] = -660712399
A[1677] = -659943324
A[1678] = -657016042
A[1679] = -657016040
A[1680] = -657016039
A[1681] = -656711813
A[1683] = -654158456
A[1684] = -654025920
A[1685] = -652937469
A[1686] = -652242845
A[1687] = -652104691
A[1688] = -652104690
A[1689] = -652104689
A[1690] = -652104688
A[1691] = -650996046
A[1692] = -650794708
A[1693] = -648115606
A[1694] = -648115603
A[1695] = -648115602
A[1696] = -648115600
A[1697] = -648115598
A[1698] = -648045083
A[1699] = -647847862
A[1700] = -647395333
A[1701] = -646811969
A[1702] = -646811968
A[1703] = -646645416
A[1704] = -643705522
A[1705] = -642476524
A[1706] = -641325014
A[1708] = -641032071
A[1709] = -636523478
A[1710] = -635565571
A[1711] = -635565568
A[1712] = -635565565
A[1713] = -635565563
A[1714] = -634846722
A[1715] = -634846719
A[1716] = -634199257
A[1717] = -633738862
A[1718] = -633657781
A[1719] = -633657780
A[1720] = -633657779
A[1721] = -632085881
A[1722] = -630282499
A[1723] = -628248448
A[1724] = -627996188
A[1725] = -627827245
A[1726] = -627187998
A[1727] = -626414452
A[1728] = -625267706
A[1729] = -623882639
A[1730] = -622852503
A[1731] = -622425220
A[1732] = -622350980
A[1733] = -621503953
A[1734] = -618687342
A[1735] = -618687339
A[1736] = -617834964
A[1737] = -617834963
A[1738] = -617834962
A[1739] = -617834961
A[1740] = -617834960
A[1741] = -617756437
A[1742] = -617279921
A[1743] = -616926291
A[1744] = -616926289
A[1745] = -615320697
A[1746] = -614762144
A[1747] = -613541729
A[1748] = -613313219
A[1749] = -613313218
A[1750] = -613313216
A[1751] = -612990463
A[1752] = -609774710
A[1753] = -608560835
A[1754] = -608528196
A[1755] = -608479724
A[1756] = -608479722
A[1757] = -606016859
A[1758] = -606016858
A[1759] = -606016857
A[1760] = -605836659
A[1761] = -603102219
A[1762] = -603102216
A[1764] = -601942694
A[1765] = -599330731
A[1766] = -599311783
A[1767] = -597793818
A[1768] = -597793815
A[1769] = -597002116
A[1770] = -597002115
A[1771] = -597002114
A[1772] = -597002113
A[1773] = -595259288
A[1774] = -595259287
A[1775] = -594861214
A[1776] = -594354782
A[1778] = -592566548
A[1779] = -592246535
A[1780] = -589772608
A[1782] = -589568742
A[1783] = -585680400
A[1784] = -585618674
A[1785] = -585561312
A[1786] = -582846406
A[1787] = -577715327
A[1788] = -577715326
A[1789] = -575496634
A[1790] = -574949150
A[1791] = -574949149
A[1792] = -573029659
A[1793] = -573029656
A[1794] = -570756211
A[1795] = -570671568
A[1796] = -569454185
A[1797] = -568845407
A[1798] = -567259884
A[1799] = -566594240
A[1800] = -566010284
A[1801] = -563664947
A[1802] = -561777141
A[1803] = -561612710
A[1804] = -561466325
A[1805] = -557941037
A[1806] = -555183787
A[1807] = -554325304
A[1808] = -551997001
A[1809] = -550777254
A[1811] = -550388548
A[1812] = -548526340
A[1813] = -545599182
A[1814] = -545599179
A[1815] = -543397378
A[1816] = -542150099
A[1817] = -541915102
A[1818] = -540530859
A[1819] = -537941385
A[1820] = -535551954
A[1821] = -535345067
A[1822] = -534228221
A[1823] = -533284440
A[1824] = -532584084
A[1825] = -531908349
A[1826] = -530159942
A[1827] = -530159941
A[1828] = -530159939
A[1829] = -527393989
A[1830] = -526064860
A[1831] = -526064859
A[1832] = -526064857
A[1833] = -525987919
A[1834] = -523310028
A[1835] = -522926770
A[1836] = -520321926
A[1837] = -520321925
A[1838] = -514509397
A[1839] = -514033297
A[1840] = -513947669
A[1841] = -513881154
A[1842] = -513409240
A[1843] = -511310441
A[1844] = -509191634
A[1845] = -508758691
A[1846] = -507972324
A[1848] = -504701671
A[1849] = -504380987
A[1850] = -503859114
A[1851] = -503859111
A[1852] = -503859108
A[1853] = -503458567
A[1854] = -503458565
A[1855] = -502844987
A[1856] = -502529968
A[1857] = -500883174
A[1858] = -498577775
A[1859] = -498577774
A[1860] = -498577773
A[1861] = -498577771
A[1862] = -498046426
A[1863] = -495314542
A[1864] = -492773446
A[1865] = -492176870
A[1868] = -488570032
A[1869] = -488276661
A[1870] = -487670572
A[1871] = -484423294
A[1872] = -482560300
A[1873] = -480374834
A[1874] = -479818896
A[1875] = -479818894
A[1876] = -479687552
A[1877] = -476624779
A[1878] = -476624778
A[1879] = -473726256
A[1880] = -473147624
A[1881] = -472937573
A[1882] = -472937572
A[1883] = -471621474
A[1884] = -471621473
A[1885] = -471621472
A[1886] = -471621471
A[1887] = -471621470
A[1889] = -471523351
A[1890] = -471037908
A[1891] = -471037905
A[1892] = -469843405
A[1893] = -469843404
A[1895] = -469843403
A[1896] = -469843402
A[1897] = -467038770
A[1898] = -466165159
A[1899] = -465751629
A[1900] = -465751628
A[1902] = -465751627
A[1903] = -465751626
A[1904] = -464913998
A[1905] = -464462948
A[1906] = -464462946
A[1907] = -464462945
A[1908] = -464462944
A[1909] = -464150510
A[1910] = -463962193
A[1911] = -463857307
A[1912] = -462038192
A[1913] = -461354080
A[1914] = -461064329
A[1915] = -460906404
A[1916] = -459940698
A[1918] = -459292485
A[1919] = -456645535
A[1920] = -455770157
A[1921] = -455226402
A[1922] = -454811953
A[1923] = -453007197
A[1924] = -453007196
A[1925] = -452709291
A[1927] = -450032487
A[1928] = -449454221
A[1929] = -448839880
A[1930] = -446652628
A[1931] = -446153316
A[1932] = -443147183
A[1933] = -442878912
A[1934] = -441852764
A[1935] = -440834538
A[1936] = -439290289
A[1937] = -438086006
A[1938] = -438086004
A[1939] = -436033042
A[1940] = -434489680
A[1941] = -433213655
A[1942] = -432062025
A[1943] = -431008968
A[1944] = -430556777
A[1945] = -430136975
A[1946] = -429855416
A[1947] = -429855415
A[1948] = -429855413
A[1949] = -429855412
A[1950] = -429855411
A[1951] = -429855409
A[1952] = -429855408
A[1953] = -428206898
A[1954] = -427646553
A[1957] = -424341393
A[1958] = -424341391
A[1959] = -424341389
A[1960] = -424341386
A[1961] = -423653137
A[1962] = -422201921
A[1963] = -422201919
A[1964] = -422201918
A[1965] = -420531142
A[1966] = -419839951
A[1967] = -418133620
A[1969] = -417925350
A[1970] = -416497226
A[1971] = -416497225
A[1972] = -416497224
A[1973] = -416497223
A[1974] = -415749172
A[1975] = -413843925
A[1976] = -411696991
A[1977] = -411550108
A[1978] = -410685338
A[1979] = -409894567
A[1980] = -408134705
A[1981] = -408134703
A[1982] = -408134702
A[1983] = -407410490
A[1984] = -406559876
A[1985] = -406559875
A[1986] = -406559874
A[1987] = -405787186
A[1989] = -404487851
A[1990] = -403836454
A[1991] = -402400080
A[1992] = -400895316
A[1993] = -400793817
A[1995] = -396456210
A[1996] = -396098720
A[1997] = -395348114
A[1998] = -395348112
A[1999] = -394782118
A[2000] = -394417470
A[2001] = -394417469
A[2002] = -391763936
A[2003] = -391210403
A[2004] = -391210401
A[2005] = -390258764
A[2006] = -390258763
A[2007] = -389426705
A[2008] = -389426704
A[2009] = -389075225
A[2010] = -389075224
A[2011] = -387484156
A[2012] = -385761047
A[2013] = -383793658
A[2014] = -382198801
A[2015] = -378735454
A[2016] = -376851844
A[2017] = -374613182
A[2018] = -372448330
A[2019] = -372448329
A[2020] = -371747939
A[2021] = -369555969
A[2022] = -369555968
A[2023] = -369033221
A[2024] = -368811103
A[2025] = -367029561
A[2026] = -367029560
A[2027] = -366164660
A[2028] = -364647311
A[2029] = -362275416
A[2030] = -362275415
A[2031] = -361565587
A[2032] = -359105547
A[2033] = -359069555
A[2034] = -359069552
A[2035] = -358325394
A[2036] = -357432927
A[2037] = -356850988
A[2038] = -356728542
A[2039] = -355854344
A[2040] = -354756904
A[2041] = -354756903
A[2042] = -354756901
A[2043] = -351837037
A[2044] = -351353521
A[2045] = -351089166
A[2047] = -350824029
A[2048] = -348636346
A[2049] = -347712473
A[2050] = -347444304
A[2051] = -346877053
A[2052] = -346877051
A[2053] = -346877049
A[2054] = -346838492
A[2055] = -346838490
A[2056] = -343638125
A[2057] = -343338387
A[2058] = -343338385
A[2059] = -343338384
A[2060] = -343338383
A[2061] = -342903662
A[2062] = -340949698
A[2063] = -340949696
A[2064] = -340949695
A[2065] = -340562243
A[2066] = -340562240
A[2067] = -340249920
A[2068] = -339276052
A[2069] = -337727610
A[2070] = -337727609
A[2071] = -337727608
A[2072] = -335899846
A[2073] = -335306098
A[2074] = -335003303
A[2075] = -332222863
A[2076] = -332150966
A[2077] = -331070655
A[2078] = -331070653
A[2080] = -331070650
A[2081] = -331070649
A[2082] = -331070647
A[2084] = -329637330
A[2085] = -327460913
A[2087] = -325826836
A[2089] = -321513729
A[2090] = -321513728
A[2091] = -318978429
A[2092] = -318834319
A[2093] = -318368970
A[2094] = -318368967
A[2095] = -317845516
A[2096] = -315736128
A[2097] = -315145247
A[2098] = -314186669
A[2099] = -313050752
A[2100] = -311776034
A[2101] = -311042874
A[2102] = -310580662
A[2103] = -309589380
A[2104] = -309589378
A[2105] = -308086050
A[2106] = -306291291
A[2107] = -304637932
A[2108] = -303386797
A[2109] = -302289833
A[2110] = -302164375
A[2111] = -302164374
A[2113] = -300230024
A[2114] = -300230023
A[2115] = -299660768
A[2116] = -296896127
A[2117] = -296040830
A[2118] = -294535222
A[2119] = -294445427
A[2120] = -293642481
A[2121] = -292778075
A[2122] = -292540856
A[2124] = -291477025
A[2125] = -290137997
A[2126] = -289115067
A[2127] = -287587044
A[2128] = -285434797
A[2129] = -285150092
A[2130] = -284876398
A[2131] = -284876397
A[2132] = -284876395
A[2133] = -284876394
A[2134] = -282385394
A[2135] = -282385391
A[2136] = -279041757
A[2137] = -279041756
A[2138] = -279041755
A[2139] = -277576418
A[2140] = -275874697
A[2141] = -275673718
A[2142] = -274824885
A[2143] = -270596253
A[2145] = -270596252
A[2146] = -269995538
A[2147] = -269995535
A[2148] = -269995532
A[2150] = -267981144
A[2152] = -266529394
A[2153] = -266139453
A[2154] = -266128391
A[2155] = -265689962
A[2157] = -264543384
A[2158] = -263361289
A[2160] = -262101176
A[2161] = -260215812
A[2162] = -258980807
A[2163] = -258332424
A[2164] = -258253263
A[2165] = -258123734
A[2166] = -256842335
A[2167] = -256794130
A[2168] = -256794128
A[2169] = -256794127
A[2170] = -256596488
A[2172] = -254759609
A[2173] = -252040672
A[2174] = -252040669
A[2175] = -251673986
A[2176] = -251673983
A[2177] = -251673981
A[2178] = -250735947
A[2179] = -249798319
A[2180] = -249205325
A[2181] = -248496355
A[2182] = -248496352
A[2183] = -247891727
A[2184] = -247891725
A[2185] = -247531772
A[2186] = -247463300
A[2187] = -247463298
A[2190] = -242992684
A[2191] = -242547752
A[2192] = -242529940
A[2193] = -242448224
A[2194] = -239380657
A[2195] = -237246072
A[2196] = -237246071
A[2197] = -237246070
A[2198] = -236827136
A[2199] = -235919370
A[2200] = -235257786
A[2202] = -234856561
A[2203] = -232054009
A[2204] = -231507795
A[2205] = -231439630
A[2206] = -230681786
A[2207] = -227792487
A[2208] = -227720193
A[2209] = -227720191
A[2210] = -225946144
A[2211] = -225946143
A[2212] = -225671327
A[2213] = -224908496
A[2214] = -223323165
A[2215] = -222162841
A[2216] = -221945430
A[2217] = -221945427
A[2218] = -221377162
A[2219] = -221377160
A[2220] = -220752099
A[2221] = -219494195
A[2222] = -218761785
A[2223] = -218761783
A[2224] = -218174099
A[2225] = -216955805
A[2226] = -216049877
A[2227] = -216049875
A[2228] = -215666266
A[2229] = -214013578
A[2230] = -211393603
A[2231] = -209461444
A[2232] = -209399817
A[2233] = -209399816
A[2234] = -208931146
A[2235] = -208432548
A[2236] = -207898788
A[2237] = -207689530
A[2238] = -207125278
A[2239] = -205715069
A[2240] = -205411899
A[2241] = -205349249
A[2242] = -205297801
A[2243] = -205297798
A[2244] = -204657140
A[2245] = -204657138
A[2246] = -204154750
A[2247] = -203858771
A[2248] = -203502427
A[2249] = -203139055
A[2250] = -202083627
A[2251] = -201840065
A[2252] = -201588561
A[2253] = -201537386
A[2254] = -201537384
A[2255] = -201537383
A[2256] = -201537381
A[2257] = -200793042
A[2258] = -200793041
A[2259] = -200793040
A[2260] = -200793039
A[2261] = -200793037
A[2262] = -200793036
A[2263] = -200793035
A[2264] = -200233704
A[2265] = -199868095
A[2266] = -199868094
A[2267] = -199868092
A[2268] = -199868091
A[2269] = -199868089
A[2270] = -198438562
A[2271] = -196484504
A[2272] = -196484502
A[2273] = -196267070
A[2274] = -196267067
A[2275] = -196209496
A[2276] = -195333581
A[2277] = -194533637
A[2279] = -193134676
A[2280] = -193134673
A[2281] = -193134672
A[2282] = -193134671
A[2283] = -191491464
A[2284] = -191491461
A[2285] = -191491459
A[2286] = -191231558
A[2287] = -190886329
A[2288] = -189247973
A[2289] = -188082277
A[2290] = -188082276
A[2291] = -188082273
A[2292] = -186089261
A[2293] = -186089259
A[2294] = -183952713
A[2295] = -182152354
A[2296] = -181969172
A[2297] = -180851460
A[2298] = -176604715
A[2299] = -176604712
A[2300] = -176604711
A[2301] = -176417664
A[2302] = -175644538
A[2303] = -175324038
A[2304] = -175324037
A[2305] = -169876492
A[2306] = -169876489
A[2307] = -169065435
A[2308] = -167570178
A[2309] = -166892559
A[2310] = -166892556
A[2311] = -166816347
A[2312] = -166816346
A[2313] = -166816343
A[2314] = -166816340
A[2315] = -166816338
A[2316] = -166816335
A[2317] = -165770121
A[2318] = -164749269
A[2319] = -164154355
A[2320] = -163580304
A[2321] = -162070445
A[2322] = -159988241
A[2323] = -159477062
A[2324] = -159477059
A[2325] = -159477056
A[2326] = -159420172
A[2327] = -159420169
A[2328] = -157550323
A[2329] = -156293902
A[2330] = -155603077
A[2331] = -153724774
A[2332] = -151572875
A[2333] = -151572874
A[2334] = -147160989
A[2335] = -147160988
A[2336] = -147160987
A[2337] = -147064638
A[2339] = -147064636
A[2341] = -146664412
A[2342] = -144060276
A[2343] = -144060274
A[2344] = -144049563
A[2345] = -138996384
A[2346] = -138399364
A[2347] = -138399363
A[2348] = -138399362
A[2349] = -138399360
A[2350] = -135870136
A[2351] = -135275871
A[2352] = -135216811
A[2353] = -135216808
A[2355] = -134784997
A[2356] = -134784995
A[2357] = -134343527
A[2358] = -134343525
A[2359] = -132793623
A[2360] = -129939222
A[2361] = -129338326
A[2362] = -124053144
A[2363] = -123212969
A[2364] = -123212968
A[2365] = -122370690
A[2366] = -122370687
A[2368] = -119672686
A[2369] = -119672684
A[2370] = -119672683
A[2371] = -116145920
A[2372] = -116145919
A[2373] = -116077183
A[2374] = -115769430
A[2375] = -115769429
A[2376] = -115672504
A[2377] = -115025955
A[2378] = -115025953
A[2379] = -114676903
A[2380] = -113865208
A[2381] = -113489459
A[2382] = -112862170
A[2383] = -112137063
A[2384] = -109630536
A[2385] = -106516705
A[2386] = -106516702
A[2388] = -106516699
A[2389] = -101877092
A[2390] = -97650783
A[2391] = -97062499
A[2392] = -96663145
A[2393] = -95730653
A[2394] = -95557450
A[2395] = -93728101
A[2396] = -93397480
A[2397] = -93011865
A[2398] = -92818936
A[2399] = -89889959
A[2400] = -89461404
A[2401] = -89024435
A[2402] = -87895157
A[2403] = -86238594
A[2404] = -86175748
A[2405] = -85890699
A[2406] = -85260624
A[2407] = -85260622
A[2408] = -83018580
A[2409] = -83018577
A[2410] = -83018576
A[2411] = -81980539
A[2412] = -81676086
A[2413] = -81581803
A[2414] = -80137910
A[2415] = -80137907
A[2416] = -80137905
A[2417] = -80137904
A[2418] = -80137903
A[2419] = -80137902
A[2420] = -80106844
A[2421] = -79511852
A[2422] = -79511851
A[2423] = -79511849
A[2424] = -78361364
A[2425] = -77716201
A[2426] = -77716200
A[2427] = -77716199
A[2428] = -76074379
A[2429] = -76074376
A[2430] = -75541506
A[2431] = -71940603
A[2432] = -71940602
A[2433] = -71940601
A[2434] = -71940600
A[2435] = -69600715
A[2436] = -68403318
A[2437] = -67953166
A[2438] = -67953164
A[2440] = -66135069
A[2441] = -65285632
A[2442] = -65127560
A[2443] = -64175200
A[2444] = -64175198
A[2445] = -64175195
A[2446] = -62912229
A[2447] = -62912228
A[2448] = -59087741
A[2449] = -56892330
A[2450] = -56065946
A[2451] = -51578733
A[2452] = -50811305
A[2453] = -49800550
A[2454] = -49800549
A[2455] = -47862341
A[2456] = -47862338
A[2457] = -46663573
A[2458] = -46154719
A[2459] = -46154717
A[2460] = -46154716
A[2461] = -45806965
A[2462] = -45535537
A[2463] = -44793874
A[2464] = -41480217
A[2465] = -40252038
A[2466] = -40252036
A[2467] = -40252035
A[2468] = -40252034
A[2469] = -40252033
A[2470] = -40252031
A[2471] = -40252028
A[2472] = -39470182
A[2473] = -37748763
A[2474] = -37748760
A[2475] = -36272875
A[2477] = -34745284
A[2478] = -33638550
A[2479] = -31886041
A[2480] = -31773730
A[2481] = -31339606
A[2482] = -29348440
A[2483] = -28050691
A[2484] = -27938604
A[2485] = -27764822
A[2486] = -27726817
A[2487] = -27650157
A[2489] = -24573808
A[2491] = -20409475
A[2492] = -18863995
A[2493] = -18863994
A[2495] = -18863992
A[2496] = -18662268
A[2497] = -18662267
A[2498] = -18662266
A[2499] = -18662263
A[2500] = -18577789
A[2501] = -18336853
A[2502] = -17220364
A[2503] = -17220361
A[2505] = -14791342
A[2506] = -14575930
A[2507] = -13783590
A[2508] = -13783587
A[2509] = -13783586
A[2510] = -11162083
A[2511] = -9586347
A[2512] = -9586344
A[2513] = -6269053
A[2514] = -6269050
A[2515] = -5703540
A[2516] = -4801836
A[2517] = -4801835
A[2518] = -2043536
A[2519] = -1365690
A[2521] = -1292888
A[2522] = -836407
A[2523] = 441368
A[2524] = 3947160
A[2525] = 3947161
A[2527] = 4355399
A[2528] = 5373698
A[2529] = 7027500
A[2530] = 7027502
A[2531] = 7109636
A[2532] = 7513607
A[2533] = 13590162
A[2534] = 14606710
A[2535] = 15521938
A[2536] = 15521940
A[2537] = 15521941
A[2538] = 16264942
A[2539] = 16723582
A[2540] = 17330820
A[2541] = 17820807
A[2543] = 17820809
A[2545] = 17820812
A[2546] = 18592182
A[2547] = 18710750
A[2548] = 19195445
A[2549] = 19195447
A[2550] = 19195448
A[2552] = 19195450
A[2553] = 19195452
A[2554] = 19195455
A[2555] = 20357722
A[2556] = 20851767
A[2557] = 21978741
A[2559] = 23406043
A[2560] = 23989376
A[2561] = 26878338
A[2562] = 30656957
A[2563] = 31109919
A[2564] = 31433479
A[2565] = 32350004
A[2566] = 36691576
A[2567] = 36958010
A[2568] = 38201301
A[2569] = 38288321
A[2570] = 38807556
A[2571] = 39047730
A[2572] = 39834736
A[2573] = 39867636
A[2574] = 41481889
A[2575] = 41663854
A[2576] = 43101637
A[2577] = 43145244
A[2578] = 43161419
A[2579] = 43737334
A[2580] = 43737335
A[2581] = 45181778
A[2582] = 46326472
A[2583] = 51799133
A[2585] = 51799134
A[2586] = 52945762
A[2587] = 52945764
A[2588] = 54558309
A[2589] = 54558312
A[2590] = 54796021
A[2591] = 54796023
A[2592] = 54796024
A[2593] = 54992061
A[2594] = 58782563
A[2595] = 58918188
A[2596] = 59314315
A[2597] = 61936727
A[2598] = 62036368
A[2599] = 62205040
A[2600] = 62714887
A[2601] = 64106660
A[2602] = 64499106
A[2603] = 66231504
A[2604] = 66569778
A[2605] = 73023854
A[2606] = 73449692
A[2607] = 80003178
A[2608] = 80733798
A[2609] = 81132943
A[2610] = 83540181
A[2611] = 84086035
A[2612] = 85352370
A[2613] = 85352372
A[2614] = 86741565
A[2615] = 88629172
A[2616] = 89962831
A[2617] = 93945794
A[2618] = 93945796
A[2619] = 94760913
A[2620] = 97033065
A[2621] = 97361532
A[2622] = 97361534
A[2623] = 99119312
A[2624] = 99365651
A[2625] = 99365652
A[2626] = 99829308
A[2627] = 100985221
A[2628] = 101399153
A[2629] = 101399154
A[2630] = 104222983
A[2631] = 104457414
A[2632] = 104630489
A[2633] = 104688437
A[2634] = 105407183
A[2635] = 106619906
A[2636] = 106619909
A[2638] = 108359128
A[2639] = 109241486
A[2641] = 109241488
A[2642] = 109241489
A[2643] = 113107570
A[2644] = 113353984
A[2645] = 114260141
A[2646] = 116487838
A[2647] = 116487839
A[2648] = 117913152
A[2649] = 117916357
A[2651] = 119475338
A[2652] = 121329767
A[2653] = 122123447
A[2654] = 122472740
A[2655] = 122597337
A[2656] = 123161150
A[2657] = 123679556
A[2658] = 124266388
A[2659] = 124266390
A[2660] = 124266391
A[2661] = 124301458
A[2662] = 124301461
A[2663] = 124301464
A[2664] = 125536872
A[2665] = 126585800
A[2666] = 128337874
A[2667] = 128337876
A[2668] = 130623828
A[2669] = 131559578
A[2670] = 131559580
A[2671] = 133519620
A[2672] = 133928167
A[2673] = 133928169
A[2674] = 133928171
A[2675] = 137256661
A[2676] = 137256662
A[2677] = 140455055
A[2678] = 141858670
A[2679] = 142016775
A[2680] = 143929411
A[2681] = 143929412
A[2682] = 144750512
A[2683] = 144755639
A[2684] = 147940318
A[2685] = 147940321
A[2686] = 147940322
A[2687] = 148531668
A[2688] = 148631758
A[2689] = 150221858
A[2690] = 150644014
A[2691] = 152208273
A[2692] = 152208274
A[2693] = 153250374
A[2694] = 155988632
A[2695] = 156080605
A[2696] = 156193584
A[2697] = 156193585
A[2698] = 156193586
A[2700] = 160482056
A[2701] = 160482057
A[2702] = 160482058
A[2703] = 160943550
A[2704] = 162468099
A[2705] = 165559792
A[2706] = 166522198
A[2707] = 166758434
A[2708] = 166758436
A[2709] = 167820501
A[2710] = 167823134
A[2711] = 168907082
A[2712] = 168907084
A[2713] = 170256677
A[2714] = 171369849
A[2715] = 172038295
A[2716] = 172038296
A[2717] = 173947019
A[2718] = 174843619
A[2720] = 174843623
A[2721] = 174843625
A[2722] = 175036735
A[2723] = 177700649
A[2724] = 177700650
A[2725] = 177700652
A[2726] = 178330984
A[2727] = 178330987
A[2728] = 178829552
A[2729] = 179707877
A[2730] = 179850548
A[2731] = 179876512
A[2732] = 180326255
A[2733] = 180395339
A[2734] = 180395341
A[2735] = 181138809
A[2736] = 181569213
A[2737] = 181729764
A[2738] = 181729765
A[2739] = 185378093
A[2740] = 186930463
A[2741] = 188279392
A[2743] = 191454086
A[2744] = 194781342
A[2746] = 195778498
A[2747] = 196885172
A[2748] = 200460513
A[2749] = 205163418
A[2750] = 205552074
A[2751] = 207161017
A[2752] = 207161018
A[2753] = 207161019
A[2754] = 207161020
A[2755] = 207161021
A[2756] = 207161022
A[2757] = 207161023
A[2758] = 208792195
A[2759] = 209680971
A[2760] = 210077961
A[2761] = 210776864
A[2762] = 210776866
A[2763] = 210889391
A[2764] = 213074664
A[2765] = 213074667
A[2766] = 214188053
A[2767] = 214836843
A[2768] = 218023676
A[2769] = 218023677
A[2770] = 218023678
A[2771] = 219749292
A[2773] = 220614786
A[2774] = 221857212
A[2775] = 221857214
A[2777] = 223610296
A[2779] = 225911114
A[2780] = 230900403
A[2781] = 230900406
A[2782] = 230900409
A[2783] = 230900410
A[2784] = 232408006
A[2785] = 233292063
A[2786] = 234058864
A[2787] = 234058865
A[2788] = 236072511
A[2789] = 236794551
A[2790] = 238559365
A[2791] = 238559367
A[2792] = 239936173
A[2793] = 241965976
A[2794] = 242835400
A[2795] = 245043209
A[2796] = 245043210
A[2797] = 245201195
A[2798] = 245530913
A[2799] = 246509651
A[2800] = 246509652
A[2801] = 246509653
A[2802] = 247562139
A[2803] = 249528206
A[2804] = 249528208
A[2805] = 249528209
A[2806] = 249528210
A[2807] = 253184222
A[2808] = 253816454
A[2809] = 254620491
A[2810] = 254620492
A[2811] = 254956642
A[2812] = 256630886
A[2813] = 259500768
A[2814] = 261516809
A[2815] = 266644675
A[2816] = 267354131
A[2817] = 267551026
A[2818] = 267793125
A[2819] = 268105514
A[2820] = 268120647
A[2821] = 270788331
A[2822] = 271950768
A[2823] = 273097726
A[2824] = 275223743
A[2825] = 275223746
A[2826] = 275398773
A[2827] = 275571241
A[2828] = 275664321
A[2829] = 275867050
A[2830] = 276354900
A[2831] = 277792867
A[2832] = 277830422
A[2833] = 280011724
A[2834] = 280082528
A[2835] = 280082529
A[2837] = 280248456
A[2838] = 280715503
A[2839] = 280858506
A[2840] = 282196568
A[2841] = 284355034
A[2842] = 285232350
A[2843] = 285315784
A[2844] = 286578894
A[2845] = 286578895
A[2846] = 286578897
A[2847] = 288206073
A[2848] = 288206074
A[2849] = 288231488
A[2850] = 289000395
A[2851] = 291547574
A[2852] = 293851209
A[2853] = 295922511
A[2854] = 296027170
A[2855] = 300478739
A[2856] = 300862608
A[2857] = 305257007
A[2858] = 308684288
A[2859] = 312972894
A[2860] = 313972366
A[2861] = 313972367
A[2862] = 314595853
A[2863] = 317690170
A[2864] = 317704739
A[2865] = 318210180
A[2866] = 318288617
A[2867] = 324538921
A[2868] = 324538923
A[2869] = 325777009
A[2870] = 326561783
A[2871] = 327661316
A[2872] = 327705372
A[2873] = 328375345
A[2874] = 329418742
A[2875] = 329872410
A[2876] = 329908837
A[2877] = 333027005
A[2878] = 337596338
A[2880] = 338738180
A[2881] = 338942621
A[2882] = 340515376
A[2883] = 340588227
A[2884] = 341888588
A[2885] = 342096120
A[2886] = 345281263
A[2889] = 348330834
A[2890] = 351531713
A[2891] = 351662930
A[2892] = 352224848
A[2893] = 352224851
A[2894] = 352224854
A[2895] = 352447705
A[2896] = 352952619
A[2897] = 354693211
A[2898] = 355266654
A[2899] = 355765229
A[2900] = 356001326
A[2901] = 356001329
A[2902] = 356791291
A[2903] = 356791294
A[2904] = 356791296
A[2905] = 356791297
A[2906] = 356791298
A[2908] = 357166388
A[2909] = 357632223
A[2910] = 357632225
A[2911] = 357632228
A[2912] = 358158215
A[2913] = 359386812
A[2914] = 359386814
A[2915] = 360474864
A[2916] = 360474866
A[2917] = 362774454
A[2918] = 363622563
A[2919] = 363799040
A[2921] = 364701175
A[2922] = 365045968
A[2923] = 366964668
A[2924] = 366964670
A[2925] = 368009265
A[2926] = 370118756
A[2927] = 370118757
A[2928] = 370118758
A[2929] = 370118760
A[2930] = 370118761
A[2931] = 370118762
A[2932] = 370118764
A[2933] = 370118765
A[2934] = 370118766
A[2935] = 371577756
A[2936] = 371577758
A[2937] = 371577759
A[2938] = 375534831
A[2939] = 376984724
A[2940] = 376984726
A[2941] = 376984728
A[2942] = 377121888
A[2943] = 377775649
A[2944] = 377999739
A[2945] = 384398727
A[2946] = 384933607
A[2947] = 384933610
A[2948] = 385100751
A[2949] = 385100752
A[2950] = 385100753
A[2951] = 385100754
A[2952] = 385100755
A[2953] = 386518383
A[2954] = 386518384
A[2955] = 386518386
A[2956] = 386518387
A[2957] = 388002398
A[2958] = 388846541
A[2959] = 388846544
A[2960] = 388846545
A[2961] = 388853212
A[2962] = 389131101
A[2963] = 390240833
A[2964] = 390240835
A[2965] = 392470069
A[2966] = 392470071
A[2967] = 392470072
A[2968] = 392470075
A[2969] = 392848131
A[2970] = 392848133
A[2971] = 393924303
A[2972] = 395228210
A[2973] = 395228211
A[2974] = 395309745
A[2975] = 401117479
A[2976] = 401586530
A[2977] = 402383144
A[2978] = 402909207
A[2979] = 402909210
A[2981] = 402909212
A[2982] = 402909215
A[2983] = 402957458
A[2984] = 405833028
A[2985] = 408135436
A[2986] = 409935192
A[2987] = 409935193
A[2988] = 410955987
A[2989] = 416127212
A[2990] = 418677511
A[2991] = 419730945
A[2992] = 419730947
A[2993] = 419730948
A[2994] = 419730950
A[2996] = 420481513
A[2997] = 420481514
A[2998] = 420481516
A[2999] = 421927559
A[3000] = 422661733
A[3001] = 422895950
A[3002] = 424431499
A[3003] = 425291262
A[3004] = 425291263
A[3005] = 425291264
A[3006] = 425689954
A[3007] = 425829303
A[3008] = 426055465
A[3009] = 426055466
A[3010] = 427369946
A[3011] = 427369949
A[3012] = 427692536
A[3013] = 428210858
A[3014] = 428230452
A[3015] = 428230453
A[3016] = 428963683
A[3017] = 429516689
A[3018] = 429731734
A[3019] = 430972307
A[3020] = 430972309
A[3021] = 430972312
A[3022] = 432197009
A[3023] = 432197010
A[3024] = 433932631
A[3025] = 434297193
A[3026] = 435846022
A[3027] = 436733517
A[3028] = 438265780
A[3029] = 439302188
A[3030] = 439302189
A[3031] = 439990079
A[3032] = 440481605
A[3033] = 440824772
A[3034] = 440824773
A[3035] = 441253609
A[3036] = 441483286
A[3037] = 441927779
A[3038] = 441927781
A[3039] = 441927783
A[3040] = 442810785
A[3041] = 442810787
A[3042] = 442810789
A[3043] = 442810790
A[3044] = 442930515
A[3045] = 443877458
A[3047] = 447846478
A[3048] = 447846479
A[3049] = 447846480
A[3050] = 447846482
A[3051] = 448351574
A[3052] = 449872787
A[3053] = 450459065
A[3054] = 450572040
A[3055] = 452352494
A[3057] = 453389477
A[3058] = 453643303
A[3059] = 455389271
A[3060] = 455539414
A[3061] = 455623481
A[3062] = 458216070
A[3063] = 458216072
A[3064] = 458216073
A[3065] = 458216074
A[3066] = 459435144
A[3067] = 459803613
A[3068] = 459852150
A[3069] = 463105796
A[3071] = 463816156
A[3072] = 464480016
A[3073] = 464720642
A[3074] = 466067397
A[3075] = 466721795
A[3076] = 466721797
A[3077] = 468345799
A[3078] = 468763260
A[3079] = 468763261
A[3080] = 471533821
A[3081] = 471533823
A[3082] = 474390816
A[3083] = 474982695
A[3084] = 475251124
A[3086] = 476430541
A[3087] = 476680353
A[3088] = 477224774
A[3089] = 480659351
A[3090] = 481932185
A[3091] = 482270116
A[3092] = 482270119
A[3093] = 482564655
A[3094] = 483786355
A[3095] = 483903689
A[3096] = 485981141
A[3097] = 488365977
A[3098] = 488365980
A[3099] = 488833580
A[3100] = 488833582
A[3102] = 490208735
A[3103] = 491983735
A[3104] = 493371345
A[3105] = 493942323
A[3106] = 493942326
A[3107] = 494399934
A[3108] = 494399936
A[3109] = 494563302
A[3110] = 504618098
A[3111] = 504764124
A[3112] = 505120095
A[3113] = 510847122
A[3114] = 512303200
A[3115] = 512392730
A[3116] = 514671517
A[3117] = 514849261
A[3118] = 517774989
A[3119] = 517774990
A[3120] = 518910442
A[3121] = 519608379
A[3123] = 519960661
A[3124] = 520723661
A[3125] = 521080935
A[3126] = 522088586
A[3127] = 523757713
A[3128] = 523757716
A[3130] = 525672313
A[3131] = 526474604
A[3132] = 527025663
A[3133] = 527025664
A[3134] = 527025666
A[3135] = 528218004
A[3136] = 528218005
A[3137] = 529599662
A[3138] = 530072190
A[3139] = 532139266
A[3140] = 532181455
A[3141] = 532181458
A[3142] = 532273133
A[3143] = 532841699
A[3144] = 535191858
A[3145] = 535441548
A[3146] = 535810266
A[3147] = 535966769
A[3148] = 536214393
A[3149] = 536425318
A[3150] = 536425320
A[3151] = 536638517
A[3152] = 537760166
A[3153] = 537982261
A[3154] = 538654768
A[3155] = 539439452
A[3156] = 539439453
A[3157] = 539760661
A[3158] = 540680577
A[3159] = 540680579
A[3160] = 540680580
A[3161] = 541609418
A[3162] = 542506333
A[3163] = 543171335
A[3165] = 548007784
A[3166] = 548306131
A[3167] = 548865866
A[3168] = 549070537
A[3169] = 549943888
A[3170] = 550663123
A[3171] = 551750351
A[3172] = 552800760
A[3173] = 553770069
A[3174] = 558651834
A[3175] = 558835724
A[3176] = 558835725
A[3177] = 558835726
A[3178] = 558835727
A[3179] = 564255563
A[3180] = 564429894
A[3181] = 564429897
A[3182] = 564429898
A[3183] = 564952067
A[3184] = 566737084
A[3185] = 568321778
A[3186] = 568725741
A[3187] = 568767880
A[3188] = 568767881
A[3189] = 571447333
A[3190] = 572384461
A[3191] = 572384463
A[3192] = 572384464
A[3193] = 572384465
A[3194] = 573304476
A[3195] = 579805080
A[3196] = 579805081
A[3197] = 579805083
A[3198] = 579805084
A[3199] = 580186369
A[3200] = 580186371
A[3201] = 581789681
A[3202] = 583423445
A[3203] = 586583339
A[3204] = 587622807
A[3205] = 592966058
A[3206] = 595615957
A[3207] = 595654360
A[3208] = 595654361
A[3209] = 595654362
A[3210] = 595654363
A[3212] = 598934829
A[3213] = 600977202
A[3214] = 601248885
A[3215] = 602536076
A[3216] = 602536078
A[3217] = 603245811
A[3218] = 603323039
A[3219] = 605914968
A[3220] = 612678361
A[3221] = 613195257
A[3222] = 613232094
A[3223] = 613593838
A[3224] = 614825621
A[3225] = 614825623
A[3226] = 614920874
A[3227] = 615762460
A[3228] = 616674245
A[3230] = 617373216
A[3231] = 618956968
A[3232] = 618956969
A[3233] = 621031085
A[3234] = 621454023
A[3235] = 623430919
A[3236] = 624985611
A[3237] = 628972038
A[3238] = 628972039
A[3239] = 630283927
A[3240] = 631610272
A[3241] = 632902377
A[3242] = 632972173
A[3243] = 633851438
A[3244] = 636541119
A[3245] = 638278365
A[3246] = 638473772
A[3247] = 638863923
A[3248] = 641850964
A[3249] = 641850965
A[3250] = 641850967
A[3251] = 642192778
A[3252] = 642192781
A[3253] = 645533029
A[3254] = 646047708
A[3255] = 646047709
A[3256] = 646677318
A[3257] = 647202012
A[3258] = 647304214
A[3259] = 647359846
A[3260] = 647599196
A[3261] = 648474558
A[3262] = 648474560
A[3264] = 649906021
A[3265] = 650870031
A[3266] = 651220992
A[3267] = 651506877
A[3268] = 651506879
A[3269] = 651506880
A[3270] = 651506881
A[3271] = 651506882
A[3272] = 651506884
A[3273] = 651884924
A[3274] = 651944286
A[3275] = 652018962
A[3276] = 652399910
A[3277] = 658479119
A[3278] = 658609090
A[3279] = 661363842
A[3280] = 663225972
A[3281] = 663434947
A[3282] = 664180220
A[3283] = 664180222
A[3284] = 665068058
A[3285] = 667074648
A[3286] = 667804821
A[3287] = 672675301
A[3288] = 672840649
A[3289] = 673077748
A[3290] = 673260754
A[3291] = 673260755
A[3292] = 673260757
A[3293] = 673260760
A[3294] = 677164472
A[3295] = 679457737
A[3296] = 681033896
A[3297] = 681033899
A[3298] = 681842822
A[3299] = 683069391
A[3300] = 683069394
A[3301] = 684457199
A[3302] = 684457200
A[3303] = 684794080
A[3304] = 687068125
A[3305] = 687526085
A[3306] = 694255393
A[3307] = 694625032
A[3308] = 696885121
A[3309] = 696995715
A[3310] = 702534688
A[3311] = 703391664
A[3312] = 703391665
A[3313] = 704004323
A[3315] = 704696163
A[3316] = 705634958
A[3317] = 705859872
A[3318] = 705859873
A[3319] = 705859874
A[3320] = 707094650
A[3321] = 707173781
A[3322] = 707293494
A[3323] = 707324933
A[3324] = 709306055
A[3325] = 710386146
A[3326] = 712140403
A[3327] = 712140404
A[3328] = 712140405
A[3329] = 712873483
A[3330] = 712873486
A[3331] = 712873487
A[3332] = 714101191
A[3333] = 714551408
A[3334] = 716208020
A[3335] = 716725651
A[3336] = 720148345
A[3337] = 720148347
A[3338] = 721501284
A[3339] = 722258934
A[3340] = 722605735
A[3341] = 726394177
A[3343] = 728491794
A[3344] = 732710121
A[3345] = 733278321
A[3346] = 733594321
A[3347] = 735591412
A[3348] = 735724321
A[3349] = 736285983
A[3350] = 739072573
A[3351] = 741395774
A[3352] = 741728912
A[3353] = 743741586
A[3354] = 745409621
A[3356] = 752669322
A[3357] = 754780796
A[3358] = 755621529
A[3359] = 760062188
A[3360] = 760585018
A[3361] = 760585020
A[3362] = 760585022
A[3363] = 761897896
A[3364] = 762757494
A[3365] = 762775302
A[3366] = 763144964
A[3367] = 763144966
A[3368] = 765279619
A[3370] = 768254111
A[3371] = 769326439
A[3372] = 770271889
A[3373] = 770298704
A[3374] = 770298706
A[3375] = 771800476
A[3376] = 772020973
A[3377] = 772957426
A[3378] = 772957428
A[3379] = 778628378
A[3380] = 778628380
A[3382] = 778628382
A[3383] = 781810643
A[3384] = 781887541
A[3385] = 782343386
A[3386] = 782409609
A[3387] = 782723515
A[3388] = 785076780
A[3389] = 787253367
A[3390] = 787400800
A[3391] = 791659752
A[3392] = 791659755
A[3393] = 793101155
A[3394] = 795096975
A[3395] = 795096976
A[3396] = 795096979
A[3397] = 795802278
A[3399] = 796899978
A[3400] = 796899979
A[3401] = 796899982
A[3403] = 796899984
A[3404] = 797955244
A[3405] = 801455113
A[3406] = 807103803
A[3407] = 807720517
A[3408] = 808038201
A[3409] = 809434054
A[3410] = 809434057
A[3411] = 810357590
A[3413] = 810875138
A[3414] = 811177511
A[3415] = 811177514
A[3416] = 812726231
A[3417] = 813346132
A[3418] = 813346135
A[3419] = 813369242
A[3420] = 814900724
A[3422] = 815595542
A[3423] = 815709370
A[3424] = 820143399
A[3425] = 822979103
A[3426] = 827191505
A[3427] = 827623817
A[3428] = 827623819
A[3429] = 827623820
A[3430] = 828966928
A[3431] = 829178801
A[3432] = 831698136
A[3433] = 831830538
A[3434] = 831830539
A[3435] = 831830542
A[3436] = 831830543
A[3437] = 831848745
A[3438] = 833790471
A[3439] = 835227316
A[3440] = 835227317
A[3441] = 835318302
A[3442] = 835318303
A[3443] = 836773039
A[3444] = 841764068
A[3445] = 843630405
A[3446] = 843630406
A[3447] = 843630407
A[3448] = 843638271
A[3449] = 844120874
A[3450] = 844120877
A[3451] = 844936284
A[3452] = 847250449
A[3453] = 852022620
A[3454] = 852744588
A[3455] = 853115946
A[3456] = 855455186
A[3458] = 855455188
A[3459] = 855455189
A[3460] = 855455190
A[3461] = 855645370
A[3462] = 855918778
A[3463] = 856691809
A[3464] = 856691811
A[3465] = 859249194
A[3466] = 859308676
A[3467] = 861470872
A[3468] = 862484834
A[3469] = 862556099
A[3470] = 862745539
A[3471] = 862745540
A[3472] = 865117251
A[3473] = 865117252
A[3474] = 867007658
A[3475] = 867007660
A[3476] = 867373449
A[3477] = 868295825
A[3478] = 868295828
A[3479] = 868622806
A[3480] = 870780250
A[3481] = 870780252
A[3482] = 870780253
A[3483] = 871423478
A[3484] = 873344327
A[3485] = 873465545
A[3486] = 873465546
A[3487] = 874097162
A[3488] = 874097165
A[3489] = 874097168
A[3490] = 876550471
A[3491] = 876550472
A[3492] = 876550474
A[3493] = 876550476
A[3494] = 878151851
A[3495] = 882001949
A[3496] = 882208052
A[3497] = 885186440
A[3498] = 886334646
A[3499] = 886669985
A[3500] = 887984012
A[3501] = 888951302
A[3502] = 890367081
A[3503] = 890367082
A[3504] = 890367084
A[3505] = 890416604
A[3506] = 891360607
A[3507] = 895394110
A[3508] = 895606683
A[3509] = 895628767
A[3510] = 897010162
A[3511] = 897343245
A[3512] = 897343246
A[3513] = 897343247
A[3514] = 897851233
A[3515] = 899192221
A[3516] = 900643373
A[3517] = 903313403
A[3518] = 903549802
A[3519] = 905835080
A[3521] = 906530887
A[3522] = 907726810
A[3523] = 909774993
A[3524] = 909838819
A[3525] = 909838820
A[3527] = 911603456
A[3528] = 911608156
A[3529] = 911815512
A[3530] = 911815514
A[3531] = 911815515
A[3532] = 913084878
A[3533] = 913376964
A[3534] = 913454464
A[3535] = 914248802
A[3536] = 914677446
A[3537] = 914677448
A[3538] = 917538478
A[3539] = 918580371
A[3540] = 920933372
A[3541] = 923521963
A[3542] = 923525918
A[3543] = 925567557
A[3544] = 926268877
A[3545] = 926835078
A[3546] = 927041503
A[3547] = 927493504
A[3548] = 927493505
A[3550] = 930715158
A[3552] = 930931023
A[3553] = 931996750
A[3554] = 932786327
A[3555] = 932786328
A[3556] = 932786329
A[3557] = 932786330
A[3559] = 932786332
A[3560] = 932960490
A[3561] = 934087928
A[3562] = 936148465
A[3563] = 936148467
A[3564] = 936250499
A[3565] = 936452892
A[3566] = 939012984
A[3567] = 942016913
A[3568] = 945686431
A[3569] = 945686434
A[3570] = 946197839
A[3571] = 947690362
A[3572] = 947709635
A[3573] = 950317194
A[3574] = 950317195
A[3575] = 950615358
A[3576] = 952175319
A[3577] = 955520319
A[3578] = 956499562
A[3579] = 956953393
A[3580] = 959266018
A[3581] = 959726615
A[3582] = 960238750
A[3583] = 960244043
A[3584] = 960594832
A[3585] = 960914519
A[3586] = 966360067
A[3587] = 967539559
A[3588] = 969502260
A[3589] = 969680283
A[3590] = 969840423
A[3591] = 969840426
A[3592] = 970706001
A[3593] = 971007896
A[3594] = 971261663
A[3595] = 971863675
A[3596] = 973556895
A[3597] = 974246149
A[3598] = 974907448
A[3599] = 976216764
A[3601] = 979313510
A[3602] = 979504631
A[3603] = 979579913
A[3604] = 982857542
A[3605] = 985608479
A[3606] = 985611913
A[3607] = 985666751
A[3608] = 985666753
A[3609] = 986461603
A[3610] = 987780628
A[3611] = 987880848
A[3612] = 988424180
A[3613] = 988424181
A[3614] = 988424182
A[3615] = 988424183
A[3616] = 988598930
A[3618] = 990077118
A[3619] = 991738332
A[3620] = 992015262
A[3621] = 992093325
A[3622] = 993535788
A[3623] = 993535789
A[3624] = 993535790
A[3625] = 993535793
A[3626] = 994492346
A[3627] = 994959875
A[3628] = 995097761
A[3629] = 995097763
A[3630] = 995401473
A[3631] = 995793533
A[3632] = 999459976
A[3633] = 1002963197
A[3634] = 1003040605
A[3635] = 1003040606
A[3636] = 1003040608
A[3637] = 1003238298
A[3638] = 1004142475
A[3639] = 1004358016
A[3640] = 1005222580
A[3641] = 1006367008
A[3642] = 1007834029
A[3644] = 1008093967
A[3645] = 1008213815
A[3646] = 1009000279
A[3647] = 1009286847
A[3648] = 1010190325
A[3649] = 1011473358
A[3650] = 1011697335
A[3652] = 1014600544
A[3653] = 1015625936
A[3654] = 1016552020
A[3655] = 1016552022
A[3656] = 1020903628
A[3657] = 1022656963
A[3658] = 1022731382
A[3659] = 1024206149
A[3660] = 1026601659
A[3661] = 1026601660
A[3662] = 1026601662
A[3663] = 1027028619
A[3664] = 1027028620
A[3665] = 1027028623
A[3666] = 1027369865
A[3667] = 1027456988
A[3668] = 1029155751
A[3669] = 1029875322
A[3670] = 1030714082
A[3671] = 1032151492
A[3672] = 1032338359
A[3673] = 1032338360
A[3674] = 1033009641
A[3675] = 1038394856
A[3676] = 1038394858
A[3677] = 1038745266
A[3678] = 1038745269
A[3679] = 1041929323
A[3680] = 1041929324
A[3681] = 1042685984
A[3682] = 1042685986
A[3683] = 1044639240
A[3684] = 1045080811
A[3685] = 1045080813
A[3686] = 1046921740
A[3687] = 1046921742
A[3688] = 1048755659
A[3689] = 1048755660
A[3690] = 1048755662
A[3691] = 1048755663
A[3692] = 1052061922
A[3693] = 1054561942
A[3694] = 1054906336
A[3695] = 1054914771
A[3696] = 1055616169
A[3697] = 1056105469
A[3699] = 1056760107
A[3700] = 1057104283
A[3701] = 1060525511
A[3702] = 1060525513
A[3703] = 1065122120
A[3704] = 1065297329
A[3705] = 1071389840
A[3706] = 1071389841
A[3707] = 1071395332
A[3708] = 1071395334
A[3709] = 1073081982
A[3710] = 1075482207
A[3711] = 1078044771
A[3712] = 1079190066
A[3713] = 1081763589
A[3714] = 1081981717
A[3715] = 1082329065
A[3716] = 1087298849
A[3717] = 1087298850
A[3718] = 1088487923
A[3719] = 1089214144
A[3720] = 1090759520
A[3721] = 1092964663
A[3722] = 1093017429
A[3723] = 1094294095
A[3724] = 1095207026
A[3725] = 1097546048
A[3726] = 1098414345
A[3727] = 1098723689
A[3728] = 1098723692
A[3729] = 1098762240
A[3730] = 1098762242
A[3731] = 1100088451
A[3732] = 1100765833
A[3733] = 1101108199
A[3734] = 1103338206
A[3735] = 1103646493
A[3736] = 1103671430
A[3737] = 1103673426
A[3738] = 1104253556
A[3739] = 1107275082
A[3740] = 1110972146
A[3741] = 1111151608
A[3742] = 1112945425
A[3743] = 1113398615
A[3744] = 1114205931
A[3745] = 1114205934
A[3746] = 1114205935
A[3747] = 1114364868
A[3748] = 1116741961
A[3749] = 1119382839
A[3750] = 1119512771
A[3751] = 1119512773
A[3752] = 1120177418
A[3754] = 1123823460
A[3755] = 1124641201
A[3756] = 1126102135
A[3758] = 1126308137
A[3759] = 1127153469
A[3760] = 1127153472
A[3761] = 1127153475
A[3762] = 1127409465
A[3763] = 1129326259
A[3764] = 1130271334
A[3765] = 1130271337
A[3766] = 1130771162
A[3767] = 1130849410
A[3768] = 1131439402
A[3769] = 1132031556
A[3770] = 1132031557
A[3771] = 1133769869
A[3772] = 1133769872
A[3773] = 1136982881
A[3774] = 1137712140
A[3775] = 1137712141
A[3776] = 1138262104
A[3777] = 1138262106
A[3778] = 1138981367
A[3779] = 1141103405
A[3780] = 1141841268
A[3781] = 1143044968
A[3782] = 1143189218
A[3783] = 1143189219
A[3784] = 1143476661
A[3785] = 1144579599
A[3786] = 1144579600
A[3787] = 1144579601
A[3788] = 1144579603
A[3789] = 1144579604
A[3790] = 1144910173
A[3791] = 1144910174
A[3792] = 1144910175
A[3793] = 1144910177
A[3794] = 1144910178
A[3795] = 1146059708
A[3796] = 1146631189
A[3797] = 1147565399
A[3798] = 1148616500
A[3799] = 1148838042
A[3801] = 1148989529
A[3802] = 1150044747
A[3803] = 1150098759
A[3804] = 1150098761
A[3805] = 1150098762
A[3806] = 1156944398
A[3807] = 1157742861
A[3808] = 1160775956
A[3809] = 1161187478
A[3810] = 1161547325
A[3811] = 1162689909
A[3812] = 1164480828
A[3813] = 1164987808
A[3814] = 1167028222
A[3815] = 1167132173
A[3817] = 1167132176
A[3818] = 1167257701
A[3819] = 1168324718
A[3820] = 1169387873
A[3821] = 1170598685
A[3823] = 1173958322
A[3824] = 1173961036
A[3826] = 1177200211
A[3827] = 1177200213
A[3828] = 1178937513
A[3829] = 1178937515
A[3830] = 1179662775
A[3831] = 1179662776
A[3832] = 1179662777
A[3833] = 1179662778
A[3834] = 1180060569
A[3835] = 1181498967
A[3836] = 1189697006
A[3837] = 1190251059
A[3838] = 1190251060
A[3839] = 1190915413
A[3840] = 1190997784
A[3841] = 1192153220
A[3842] = 1193602404
A[3843] = 1195296815
A[3844] = 1195559010
A[3845] = 1196830995
A[3847] = 1196830998
A[3848] = 1196831001
A[3849] = 1196831004
A[3850] = 1196831006
A[3851] = 1201242979
A[3852] = 1201242982
A[3853] = 1201298917
A[3854] = 1201547705
A[3855] = 1201547708
A[3856] = 1201547710
A[3857] = 1202793298
A[3858] = 1206052298
A[3859] = 1207962614
A[3860] = 1207962615
A[3861] = 1208006018
A[3862] = 1209182904
A[3863] = 1210483987
A[3864] = 1210612062
A[3865] = 1211987253
A[3867] = 1211987254
A[3868] = 1211987255
A[3869] = 1211987257
A[3870] = 1211987258
A[3871] = 1216575955
A[3872] = 1219036843
A[3873] = 1222206340
A[3874] = 1222206342
A[3875] = 1222206343
A[3876] = 1222206345
A[3877] = 1225580236
A[3878] = 1226642642
A[3879] = 1227044318
A[3880] = 1230623207
A[3881] = 1230903723
A[3882] = 1230903724
A[3883] = 1230903726
A[3884] = 1230903727
A[3885] = 1230903729
A[3886] = 1230903732
A[3889] = 1235368630
A[3890] = 1235368633
A[3891] = 1235414541
A[3892] = 1236380854
A[3893] = 1237322227
A[3895] = 1238845182
A[3896] = 1239096571
A[3897] = 1242744378
A[3898] = 1243278763
A[3899] = 1243338694
A[3900] = 1243338697
A[3901] = 1243661633
A[3903] = 1244199196
A[3904] = 1245611569
A[3905] = 1247376291
A[3906] = 1247556653
A[3907] = 1248338863
A[3908] = 1248804773
A[3909] = 1248817737
A[3910] = 1248817738
A[3911] = 1249549783
A[3912] = 1251020191
A[3913] = 1251020192
A[3914] = 1256919728
A[3915] = 1257273368
A[3916] = 1257676431
A[3917] = 1258164524
A[3918] = 1258164525
A[3919] = 1260189528
A[3920] = 1260794520
A[3921] = 1260950962
A[3922] = 1262484053
A[3923] = 1263096308
A[3924] = 1265437915
A[3925] = 1268123934
A[3927] = 1269506092
A[3928] = 1269554576
A[3929] = 1269769882
A[3930] = 1270064488
A[3931] = 1270064490
A[3932] = 1270064491
A[3933] = 1270843425
A[3934] = 1271601711
A[3936] = 1271601713
A[3937] = 1272044582
A[3938] = 1272044583
A[3939] = 1272044585
A[3941] = 1272332187
A[3942] = 1274223540
A[3943] = 1274272288
A[3944] = 1274805916
A[3945] = 1274827602
A[3946] = 1275353136
A[3947] = 1275896005
A[3948] = 1280188630
A[3950] = 1280188632
A[3951] = 1283757228
A[3952] = 1284722188
A[3954] = 1286144767
A[3955] = 1290463855
A[3956] = 1290463857
A[3957] = 1290756898
A[3958] = 1290756900
A[3959] = 1290756901
A[3960] = 1291660432
A[3961] = 1292052768
A[3962] = 1292052770
A[3963] = 1292052771
A[3964] = 1293924382
A[3965] = 1293924383
A[3966] = 1294688510
A[3967] = 1295299545
A[3968] = 1296187282
A[3969] = 1296416966
A[3970] = 1296449814
A[3971] = 1297134837
A[3972] = 1297428548
A[3973] = 1302873233
A[3974] = 1303013866
A[3975] = 1303113542
A[3976] = 1303585635
A[3977] = 1305499447
A[3978] = 1305499450
A[3979] = 1306129491
A[3980] = 1307604175
A[3982] = 1309647689
A[3983] = 1309647691
A[3984] = 1310319900
A[3985] = 1311875176
A[3986] = 1312060067
A[3988] = 1312933538
A[3990] = 1312933540
A[3991] = 1313414024
A[3992] = 1313416828
A[3993] = 1314205179
A[3994] = 1315605897
A[3995] = 1316528774
A[3996] = 1317729339
A[3997] = 1318652441
A[3998] = 1321491015
A[3999] = 1321491016
A[4000] = 1321491017
A[4001] = 1321491018
A[4002] = 1322528934
A[4003] = 1323904217
A[4004] = 1323904219
A[4005] = 1330004149
A[4006] = 1335253169
A[4007] = 1335322297
A[4008] = 1335322298
A[4009] = 1335763406
A[4010] = 1336668809
A[4011] = 1336668811
A[4012] = 1336694039
A[4013] = 1336819187
A[4014] = 1336819188
A[4015] = 1338343429
A[4016] = 1339649817
A[4017] = 1340030758
A[4018] = 1340030761
A[4019] = 1340936996
A[4020] = 1342213464
A[4021] = 1342464297
A[4022] = 1342464300
A[4023] = 1342464301
A[4024] = 1342464303
A[4025] = 1342844908
A[4026] = 1342844910
A[4027] = 1343445692
A[4028] = 1343445694
A[4029] = 1344490997
A[4030] = 1345193772
A[4031] = 1345796561
A[4032] = 1346969168
A[4033] = 1347427731
A[4036] = 1350551874
A[4037] = 1350551875
A[4038] = 1351814018
A[4039] = 1351840712
A[4040] = 1351840713
A[4041] = 1352097860
A[4042] = 1352097863
A[4043] = 1352598659
A[4044] = 1354479168
A[4045] = 1354479169
A[4046] = 1354479171
A[4047] = 1355677448
A[4048] = 1355677450
A[4050] = 1357491041
A[4051] = 1361065951
A[4052] = 1361900017
A[4053] = 1363257223
A[4055] = 1363257226
A[4056] = 1363371147
A[4057] = 1363867327
A[4058] = 1367156951
A[4059] = 1367406223
A[4060] = 1367406224
A[4061] = 1368950725
A[4062] = 1369189432
A[4063] = 1369189434
A[4064] = 1369189436
A[4065] = 1369429284
A[4066] = 1369630790
A[4067] = 1371438995
A[4068] = 1372208532
A[4069] = 1372453594
A[4070] = 1372453596
A[4071] = 1377246889
A[4072] = 1378310676
A[4073] = 1379568824
A[4075] = 1379743967
A[4076] = 1379743969
A[4077] = 1379743970
A[4078] = 1379743971
A[4079] = 1380409164
A[4080] = 1381605480
A[4081] = 1384273355
A[4082] = 1384273358
A[4084] = 1386181405
A[4086] = 1386834956
A[4087] = 1388084450
A[4088] = 1390069320
A[4089] = 1390719652
A[4090] = 1390719654
A[4091] = 1391279133
A[4092] = 1391897997
A[4095] = 1393516098
A[4096] = 1394788341
A[4097] = 1394788344
A[4098] = 1394788347
A[4099] = 1394788350
A[4100] = 1398010639
A[4101] = 1398653936
A[4102] = 1401214474
A[4103] = 1402308422
A[4104] = 1402406494
A[4105] = 1402560063
A[4106] = 1404758780
A[4107] = 1405202578
A[4108] = 1407292409
A[4109] = 1407292411
A[4110] = 1407677904
A[4111] = 1407677907
A[4112] = 1408399762
A[4113] = 1409185761
A[4114] = 1410029450
A[4115] = 1411141641
A[4116] = 1413649609
A[4117] = 1416529834
A[4118] = 1416529835
A[4119] = 1416529837
A[4120] = 1419159880
A[4121] = 1420714886
A[4122] = 1420714889
A[4123] = 1423346808
A[4124] = 1423912992
A[4125] = 1424644563
A[4126] = 1424644565
A[4127] = 1426956401
A[4128] = 1426956402
A[4129] = 1429125416
A[4130] = 1430826557
A[4131] = 1430918479
A[4132] = 1432453630
A[4133] = 1432454731
A[4134] = 1432907701
A[4135] = 1434397433
A[4136] = 1434445508
A[4137] = 1435483648
A[4138] = 1435483649
A[4139] = 1438035219
A[4140] = 1438035222
A[4141] = 1439339275
A[4142] = 1439675137
A[4143] = 1443049484
A[4144] = 1445416462
A[4145] = 1447071240
A[4146] = 1448229844
A[4147] = 1450450832
A[4148] = 1451057729
A[4149] = 1451822495
A[4150] = 1453545079
A[4152] = 1457885564
A[4153] = 1458882769
A[4154] = 1459537856
A[4155] = 1460259168
A[4156] = 1460259170
A[4157] = 1460323914
A[4158] = 1460880894
A[4159] = 1461657497
A[4160] = 1461657498
A[4161] = 1463786654
A[4162] = 1465012180
A[4163] = 1465400278
A[4164] = 1467092163
A[4165] = 1467131608
A[4166] = 1470927225
A[4167] = 1471476930
A[4168] = 1472085725
A[4169] = 1476068979
A[4170] = 1476415139
A[4171] = 1476415141
A[4172] = 1477322107
A[4173] = 1478253448
A[4174] = 1479237250
A[4175] = 1481348200
A[4176] = 1482425976
A[4177] = 1483374939
A[4178] = 1484056067
A[4181] = 1485937239
A[4182] = 1486337538
A[4183] = 1491366846
A[4184] = 1491371613
A[4185] = 1492584039
A[4188] = 1496055893
A[4189] = 1496313915
A[4190] = 1496453179
A[4193] = 1498434888
A[4194] = 1498434890
A[4195] = 1498882622
A[4196] = 1502684735
A[4197] = 1503499078
A[4198] = 1503873458
A[4199] = 1505679113
A[4200] = 1505679114
A[4201] = 1507404662
A[4202] = 1507404665
A[4203] = 1509075424
A[4204] = 1509320271
A[4205] = 1510400817
A[4206] = 1511932651
A[4207] = 1512218604
A[4208] = 1512676268
A[4209] = 1512676270
A[4210] = 1512724606
A[4211] = 1512724607
A[4212] = 1513709370
A[4213] = 1513709371
A[4214] = 1513709373
A[4215] = 1514060438
A[4216] = 1514531018
A[4217] = 1516522624
A[4218] = 1517311539
A[4219] = 1517311541
A[4221] = 1518838557
A[4222] = 1519091905
A[4223] = 1521185552
A[4224] = 1522360085
A[4225] = 1522904642
A[4226] = 1523338102
A[4227] = 1523405304
A[4228] = 1525794239
A[4229] = 1526346928
A[4230] = 1526772445
A[4231] = 1526776561
A[4232] = 1526776563
A[4233] = 1529329635
A[4234] = 1530384281
A[4235] = 1531027566
A[4236] = 1531027569
A[4237] = 1532744385
A[4238] = 1536194673
A[4239] = 1537429639
A[4240] = 1539892203
A[4241] = 1539892205
A[4242] = 1541159259
A[4243] = 1543223176
A[4244] = 1543223179
A[4245] = 1544462205
A[4246] = 1545536261
A[4247] = 1545536262
A[4248] = 1545937491
A[4249] = 1545944691
A[4250] = 1546310636
A[4251] = 1549115460
A[4252] = 1550792906
A[4253] = 1551130859
A[4254] = 1553648586
A[4255] = 1555650607
A[4256] = 1555857727
A[4257] = 1556047813
A[4258] = 1557190828
A[4259] = 1557583594
A[4260] = 1557617732
A[4261] = 1558246662
A[4262] = 1558246664
A[4264] = 1559590000
A[4265] = 1559590002
A[4266] = 1559590003
A[4267] = 1559590006
A[4268] = 1559590008
A[4269] = 1561395530
A[4270] = 1561395532
A[4271] = 1561814526
A[4272] = 1562918833
A[4273] = 1563914366
A[4274] = 1564750334
A[4275] = 1565888438
A[4276] = 1565888439
A[4277] = 1566178597
A[4278] = 1566827496
A[4279] = 1568327744
A[4280] = 1570349114
A[4281] = 1570707679
A[4283] = 1571362281
A[4284] = 1571417275
A[4286] = 1572146559
A[4287] = 1572165139
A[4288] = 1572165142
A[4289] = 1573843000
A[4290] = 1574104792
A[4291] = 1576017687
A[4292] = 1578669230
A[4293] = 1579463616
A[4294] = 1582041428
A[4295] = 1582152915
A[4296] = 1582152916
A[4297] = 1582708496
A[4298] = 1585745732
A[4299] = 1586064155
A[4300] = 1587264643
A[4301] = 1587578580
A[4302] = 1587989990
A[4303] = 1588310542
A[4304] = 1588310543
A[4305] = 1591766470
A[4307] = 1593165489
A[4309] = 1594389738
A[4310] = 1594496246
A[4311] = 1595439449
A[4312] = 1595664091
A[4313] = 1595664092
A[4314] = 1595664093
A[4315] = 1595664094
A[4316] = 1595664095
A[4317] = 1596907619
A[4318] = 1597173784
A[4320] = 1598522114
A[4321] = 1599543855
A[4323] = 1601758604
A[4324] = 1606022398
A[4325] = 1606518165
A[4326] = 1607422091
A[4327] = 1607422093
A[4328] = 1607422094
A[4329] = 1607422095
A[4330] = 1607422096
A[4331] = 1607940668
A[4332] = 1607940669
A[4333] = 1608826501
A[4334] = 1609583414
A[4335] = 1610106703
A[4336] = 1612789421
A[4337] = 1613474355
A[4338] = 1613474357
A[4340] = 1615599392
A[4341] = 1616151120
A[4343] = 1617409697
A[4344] = 1618854325
A[4345] = 1618854326
A[4346] = 1619266604
A[4347] = 1620338071
A[4348] = 1621582582
A[4349] = 1623154313
A[4350] = 1623154314
A[4351] = 1624069071
A[4352] = 1625265110
A[4355] = 1626968336
A[4356] = 1628569431
A[4357] = 1628930116
A[4358] = 1631116412
A[4359] = 1631441243
A[4360] = 1632533286
A[4361] = 1633401577
A[4362] = 1634543609
A[4365] = 1636368204
A[4366] = 1637288252
A[4367] = 1640395147
A[4369] = 1641627525
A[4370] = 1642890525
A[4371] = 1643696678
A[4372] = 1643750154
A[4373] = 1643750155
A[4374] = 1648656190
A[4375] = 1649031827
A[4376] = 1651726730
A[4377] = 1651726731
A[4378] = 1651726733
A[4379] = 1651726734
A[4380] = 1651726736
A[4381] = 1651726737
A[4382] = 1653582156
A[4383] = 1654634803
A[4384] = 1656278937
A[4385] = 1656743580
A[4386] = 1656743581
A[4387] = 1656743582
A[4388] = 1656743584
A[4389] = 1658032882
A[4390] = 1658032884
A[4391] = 1658656333
A[4392] = 1660906031
A[4393] = 1661545452
A[4394] = 1662717791
A[4395] = 1664189901
A[4396] = 1665097521
A[4397] = 1665864891
A[4398] = 1666611923
A[4399] = 1666705280
A[4400] = 1669353035
A[4401] = 1671421734
A[4402] = 1671421737
A[4403] = 1671673449
A[4404] = 1672621213
A[4405] = 1672988451
A[4406] = 1673133093
A[4407] = 1675622475
A[4408] = 1676206033
A[4409] = 1676971287
A[4410] = 1677874190
A[4411] = 1677874192
A[4412] = 1678495577
A[4413] = 1678874859
A[4414] = 1681616996
A[4415] = 1688190156
A[4416] = 1689535252
A[4417] = 1689535254
A[4419] = 1690283454
A[4420] = 1691190356
A[4421] = 1691190358
A[4422] = 1691190361
A[4423] = 1691190363
A[4424] = 1692051874
A[4426] = 1693083003
A[4429] = 1694446921
A[4430] = 1694892266
A[4431] = 1697033694
A[4432] = 1697328581
A[4433] = 1699040225
A[4434] = 1699040228
A[4435] = 1699844780
A[4436] = 1699844781
A[4437] = 1701188978
A[4438] = 1701699006
A[4439] = 1701699009
A[4440] = 1702350124
A[4441] = 1702350125
A[4442] = 1703193102
A[4443] = 1703193105
A[4444] = 1708931396
A[4445] = 1709724762
A[4446] = 1710464353
A[4447] = 1713119316
A[4448] = 1713119317
A[4449] = 1713119319
A[4450] = 1713119320
A[4452] = 1715423813
A[4453] = 1716117620
A[4454] = 1716748477
A[4455] = 1717965843
A[4456] = 1718552971
A[4457] = 1718653065
A[4458] = 1718653067
A[4459] = 1722928932
A[4460] = 1722928933
A[4461] = 1725989911
A[4462] = 1726001485
A[4463] = 1726019688
A[4464] = 1728538482
A[4465] = 1728538484
A[4466] = 1728624060
A[4467] = 1729278475
A[4468] = 1730445012
A[4469] = 1732035556
A[4470] = 1732295685
A[4471] = 1735360045
A[4472] = 1738413981
A[4473] = 1739362303
A[4474] = 1739422520
A[4475] = 1739422522
A[4476] = 1739422523
A[4477] = 1739422525
A[4478] = 1739422526
A[4479] = 1741663239
A[4480] = 1742572845
A[4481] = 1742572847
A[4482] = 1743150952
A[4483] = 1744967484
A[4484] = 1745391222
A[4486] = 1745675063
A[4487] = 1745799531
A[4488] = 1745979564
A[4489] = 1746893052
A[4490] = 1747181423
A[4491] = 1747710132
A[4492] = 1748819043
A[4493] = 1749583163
A[4494] = 1749939373
A[4495] = 1750322874
A[4496] = 1750578518
A[4497] = 1750578520
A[4498] = 1750578521
A[4499] = 1752152443
A[4500] = 1752152444
A[4501] = 1752403910
A[4502] = 1752403912
A[4503] = 1757405365
A[4504] = 1758498740
A[4505] = 1758673561
A[4506] = 1759024892
A[4507] = 1759594935
A[4509] = 1759594938
A[4512] = 1759770756
A[4513] = 1760671315
A[4515] = 1762919799
A[4516] = 1764461543
A[4517] = 1764762355
A[4518] = 1764844189
A[4519] = 1765641435
A[4520] = 1765902569
A[4521] = 1768828441
A[4522] = 1770604864
A[4523] = 1771540429
A[4524] = 1771781346
A[4525] = 1771781347
A[4526] = 1771781349
A[4527] = 1771781350
A[4528] = 1772818014
A[4529] = 1773005974
A[4530] = 1773005975
A[4531] = 1774481251
A[4532] = 1775861305
A[4533] = 1775861306
A[4534] = 1778437128
A[4535] = 1778437130
A[4536] = 1779712550
A[4537] = 1779855784
A[4538] = 1781846890
A[4539] = 1784751967
A[4540] = 1784776342
A[4541] = 1784938763
A[4542] = 1785390136
A[4543] = 1787118985
A[4544] = 1787118987
A[4545] = 1787118988
A[4547] = 1787118991
A[4548] = 1787645880
A[4549] = 1787645883
A[4550] = 1789160594
A[4551] = 1789255832
A[4552] = 1789369030
A[4553] = 1790620430
A[4554] = 1791430586
A[4555] = 1793181908
A[4557] = 1793464936
A[4558] = 1794463137
A[4559] = 1795474068
A[4560] = 1795474069
A[4561] = 1795474071
A[4562] = 1795474073
A[4563] = 1795474075
A[4564] = 1795769328
A[4565] = 1795769329
A[4566] = 1797626422
A[4567] = 1797831716
A[4568] = 1798485206
A[4569] = 1798485207
A[4570] = 1799701145
A[4571] = 1800003085
A[4572] = 1800834044
A[4573] = 1800888865
A[4574] = 1801668503
A[4575] = 1802351822
A[4576] = 1803140170
A[4577] = 1803140171
A[4578] = 1803140174
A[4579] = 1805201616
A[4580] = 1805436419
A[4581] = 1806614017
A[4582] = 1810079026
A[4583] = 1810556880
A[4584] = 1811100492
A[4585] = 1812152845
A[4586] = 1812616504
A[4587] = 1813164885
A[4588] = 1813164887
A[4589] = 1813745824
A[4590] = 1813745827
A[4591] = 1816911699
A[4592] = 1817899315
A[4593] = 1818955997
A[4594] = 1820062128
A[4595] = 1820169485
A[4596] = 1820169487
A[4597] = 1820169489
A[4598] = 1820169490
A[4599] = 1820958788
A[4601] = 1820958791
A[4604] = 1827370954
A[4605] = 1827370957
A[4606] = 1830488085
A[4607] = 1835320202
A[4608] = 1835553278
A[4609] = 1835553280
A[4610] = 1835566901
A[4611] = 1836879051
A[4612] = 1836879053
A[4613] = 1836879054
A[4614] = 1836879056
A[4615] = 1836879058
A[4616] = 1836879059
A[4617] = 1838288225
A[4618] = 1840003337
A[4619] = 1842223202
A[4620] = 1842666992
A[4621] = 1842666994
A[4622] = 1843108002
A[4623] = 1847485296
A[4624] = 1847733769
A[4625] = 1849237193
A[4626] = 1849237196
A[4627] = 1853668722
A[4628] = 1854313320
A[4629] = 1855057501
A[4630] = 1856019033
A[4631] = 1856019035
A[4632] = 1857763848
A[4633] = 1857763849
A[4634] = 1857961116
A[4636] = 1859095088
A[4637] = 1860009439
A[4638] = 1860085196
A[4639] = 1860085198
A[4640] = 1860359600
A[4641] = 1862167837
A[4642] = 1863918448
A[4643] = 1863918449
A[4644] = 1864346297
A[4645] = 1865185129
A[4646] = 1865975622
A[4647] = 1869003660
A[4648] = 1869542354
A[4649] = 1872701499
A[4650] = 1874713976
A[4651] = 1876328305
A[4652] = 1877362888
A[4653] = 1877449942
A[4654] = 1878106624
A[4655] = 1879268241
A[4656] = 1880745060
A[4657] = 1880745061
A[4658] = 1880752278
A[4659] = 1881686771
A[4660] = 1881686774
A[4661] = 1882089044
A[4662] = 1882091977
A[4663] = 1883873122
A[4664] = 1885236740
A[4665] = 1885236742
A[4666] = 1885677366
A[4667] = 1886863404
A[4668] = 1888446813
A[4669] = 1889117120
A[4670] = 1889117121
A[4671] = 1890771994
A[4672] = 1890771995
A[4673] = 1891779934
A[4674] = 1894352730
A[4675] = 1895223910
A[4676] = 1895223911
A[4677] = 1896116398
A[4678] = 1897276670
A[4679] = 1898978540
A[4680] = 1899562488
A[4681] = 1899562489
A[4682] = 1900476246
A[4683] = 1903090710
A[4684] = 1903090712
A[4685] = 1903523010
A[4686] = 1905846652
A[4687] = 1906647776
A[4688] = 1907683894
A[4689] = 1907752136
A[4690] = 1912002770
A[4691] = 1912382490
A[4692] = 1912382492
A[4693] = 1912382493
A[4694] = 1912382495
A[4695] = 1912382498
A[4696] = 1912655909
A[4697] = 1912655910
A[4698] = 1912655911
A[4699] = 1912655912
A[4700] = 1912655914
A[4701] = 1912655915
A[4702] = 1912655917
A[4703] = 1912655918
A[4704] = 1912655919
A[4706] = 1912714744
A[4707] = 1912714746
A[4708] = 1912714747
A[4709] = 1912714748
A[4710] = 1914123414
A[4711] = 1914835522
A[4712] = 1914835525
A[4713] = 1915392734
A[4714] = 1917470857
A[4715] = 1918275070
A[4716] = 1918275071
A[4717] = 1918275073
A[4718] = 1921212980
A[4719] = 1922018918
A[4720] = 1923009558
A[4721] = 1924122269
A[4722] = 1924122271
A[4723] = 1925514431
A[4724] = 1925514433
A[4725] = 1925662841
A[4726] = 1928757739
A[4727] = 1929333943
A[4728] = 1929333944
A[4729] = 1929333945
A[4730] = 1929333946
A[4731] = 1930627922
A[4732] = 1932401607
A[4733] = 1932401608
A[4734] = 1933283153
A[4735] = 1935330845
A[4737] = 1935330850
A[4738] = 1936750276
A[4739] = 1937307501
A[4740] = 1937517882
A[4741] = 1937517885
A[4742] = 1939010488
A[4743] = 1939297991
A[4744] = 1939581699
A[4745] = 1944115746
A[4746] = 1944507250
A[4747] = 1945045717
A[4748] = 1945045719
A[4749] = 1945321593
A[4750] = 1947124356
A[4751] = 1949157808
A[4752] = 1949574332
A[4753] = 1951778680
A[4754] = 1952618077
A[4756] = 1959050680
A[4757] = 1959553024
A[4758] = 1961765384
A[4759] = 1961912051
A[4761] = 1962155276
A[4762] = 1963809268
A[4763] = 1964601798
A[4764] = 1966982647
A[4765] = 1967492447
A[4766] = 1967504591
A[4767] = 1968700183
A[4768] = 1971713505
A[4769] = 1972282415
A[4772] = 1973520699
A[4773] = 1975553786
A[4774] = 1975553788
A[4775] = 1975553791
A[4776] = 1977184047
A[4777] = 1977560469
A[4778] = 1978082985
A[4779] = 1978499793
A[4780] = 1978949133
A[4781] = 1981050085
A[4782] = 1984754674
A[4783] = 1984754677
A[4784] = 1986076670
A[4785] = 1986076671
A[4786] = 1987091472
A[4787] = 1987192514
A[4788] = 1987247347
A[4789] = 1989327395
A[4790] = 1989647517
A[4791] = 1990337120
A[4792] = 1992197926
A[4793] = 1992607429
A[4794] = 1993690218
A[4795] = 1994065246
A[4796] = 1994065247
A[4798] = 1997372671
A[4799] = 1999398378
A[4800] = 1999398381
A[4801] = 1999398384
A[4802] = 1999398387
A[4803] = 2000802163
A[4804] = 2000845760
A[4805] = 2002122096
A[4806] = 2003733992
A[4807] = 2004874967
A[4808] = 2004874968
A[4809] = 2004874971
A[4810] = 2005118509
A[4811] = 2005823013
A[4812] = 2005983928
A[4813] = 2006474437
A[4814] = 2006477096
A[4815] = 2008698041
A[4816] = 2008746404
A[4817] = 2010840073
A[4818] = 2011821084
A[4819] = 2013383044
A[4820] = 2013654095
A[4821] = 2014510832
A[4822] = 2015023363
A[4823] = 2016247412
A[4824] = 2016454730
A[4825] = 2016454733
A[4826] = 2016454735
A[4827] = 2017534323
A[4828] = 2017769568
A[4829] = 2017997753
A[4830] = 2018525648
A[4831] = 2018966268
A[4832] = 2020429312
A[4833] = 2021932887
A[4835] = 2025224718
A[4836] = 2025267029
A[4837] = 2025793365
A[4838] = 2030230834
A[4839] = 2030632448
A[4840] = 2031257721
A[4841] = 2031257723
A[4842] = 2032212542
A[4843] = 2032927269
A[4844] = 2032927272
A[4845] = 2034049040
A[4846] = 2034049041
A[4847] = 2034049042
A[4848] = 2034049043
A[4849] = 2034049044
A[4850] = 2034049045
A[4851] = 2041961369
A[4852] = 2041961370
A[4853] = 2043660105
A[4854] = 2043944793
A[4855] = 2044399609
A[4856] = 2044399610
A[4857] = 2045339662
A[4858] = 2047436748
A[4859] = 2049834993
A[4860] = 2050693529
A[4861] = 2051194433
A[4862] = 2052528371
A[4863] = 2052564834
A[4864] = 2053500723
A[4865] = 2054652515
A[4866] = 2054652516
A[4867] = 2055055571
A[4868] = 2055326665
A[4869] = 2056366662
A[4870] = 2056427711
A[4871] = 2058142583
A[4872] = 2060458537
A[4873] = 2060458540
A[4874] = 2063811641
A[4875] = 2064676634
A[4876] = 2064735167
A[4877] = 2068532856
A[4878] = 2069613994
A[4879] = 2070560884
A[4880] = 2071071930
A[4881] = 2071601860
A[4882] = 2071601861
A[4883] = 2071601863
A[4884] = 2071601864
A[4885] = 2075323652
A[4886] = 2075323653
A[4887] = 2077131132
A[4888] = 2081131221
A[4889] = 2081259152
A[4890] = 2081259155
A[4891] = 2081259156
A[4892] = 2081259158
A[4893] = 2081259159
A[4895] = 2082164161
A[4896] = 2082217848
A[4897] = 2082644103
A[4898] = 2082662834
A[4899] = 2083244426
A[4901] = 2086210631
A[4902] = 2086354945
A[4903] = 2086706938
A[4904] = 2086706939
A[4905] = 2086794362
A[4906] = 2088237848
A[4907] = 2089019077
A[4908] = 2089563624
A[4909] = 2091476864
A[4910] = 2091476866
A[4911] = 2092980486
A[4912] = 2093084844
A[4913] = 2093084847
A[4914] = 2093232283
A[4915] = 2096578454
A[4916] = 2097623511
A[4917] = 2099530364
A[4918] = 2100086496
A[4919] = 2100629021
A[4920] = 2104209932
A[4921] = 2104209933
A[4923] = 2105393649
A[4924] = 2105393652
A[4925] = 2105446598
A[4926] = 2106267610
A[4927] = 2106267613
A[4928] = 2106709151
A[4930] = 2108792859
A[4931] = 2108792861
A[4932] = 2108792863
A[4934] = 2111786362
A[4935] = 2111786363
A[4936] = 2112274519
A[4937] = 2113352501
A[4938] = 2113385617
A[4939] = 2114532233
A[4940] = 2115984031
A[4941] = 2117343474
A[4942] = 2117343476
A[4943] = 2118256624
A[4944] = 2118393788
A[4945] = 2120152029
A[4946] = 2120302940
A[4947] = 2120583872
A[4948] = 2120583875
A[4949] = 2120747733
A[4950] = 2120747736
A[4951] = 2121990434
A[4952] = 2121990437
A[4953] = 2123543545
A[4954] = 2123729773
A[4955] = 2123812042
A[4957] = 2124328319
A[4958] = 2124328320
A[4959] = 2124328321
A[4960] = 2124328322
A[4961] = 2124328323
A[4962] = 2124328325
A[4963] = 2124945164
A[4964] = 2125045174
A[4965] = 2126792376
A[4966] = 2126792378
A[4967] = 2128762512
A[4968] = 2128762514
A[4969] = 2128762517
A[4970] = 2128779902
A[4971] = 2129599435
A[4972] = 2129599437
A[4973] = 2129706090
A[4974] = 2130441974
A[4975] = 2131110236
A[4976] = 2131224980
A[4977] = 2132577992
A[4978] = 2132577994
A[4979] = 2135522038
A[4980] = 2135836320
A[4981] = 2137224410
A[4982] = 2137224411
A[4984] = 2137389410
A[4985] = 2137389413
A[4986] = 2138844094
A[4987] = 2139509143
A[4988] = 2142896852
A[4989] = 2143010314
A[4990] = 2144329170
A[4991] = 2144498958
A[4992] = 2144498961
A[4993] = 2144498963
A[4994] = 2146904171
A[4995] = 2146904174
