25
A[135] = -1799276242
A[313] = -1441461578
A[325] = -1007810773
A[401] = -632612095
A[509] = -601938493
A[560] = -315700506
A[627] = -120768478
A[670] = 214305256
A[1097] = 234011290
A[1245] = 266440785
A[1252] = 464097989
A[1772] = 505807938
A[1878] = 510053077
A[1879] = 607846823
A[1931] = 1053082492
A[2160] = 1060118360
A[2211] = 1212143977
A[2230] = 1573342784
A[2632] = 1601100234
A[2845] = 1659114966
A[3196] = 1703255934
A[3230] = 1781986052
A[3639] = 1837054857
A[4148] = 1848211883
A[4776] = 1999808391
