3220
A[1] = -2145166378
A[2] = -2143735957
A[3] = -2143148291
A[5] = -2143148288
A[7] = -2143148287
A[10] = -2140711146
A[11] = -2140013274
A[13] = -2137762892
A[15] = -2136834531
A[16] = -2136834530
A[19] = -2133802810
A[20] = -2132422085
A[21] = -2129751955
A[23] = -2128750982
A[24] = -2127674330
A[25] = -2127641730
A[26] = -2125775942
A[28] = -2123446509
A[29] = -2121972951
A[30] = -2118836787
A[32] = -2113483768
A[33] = -2113440625
A[34] = -2109346326
A[35] = -2107749752
A[37] = -2103690157
A[39] = -2101484676
A[40] = -2100789589
A[41] = -2100789588
A[42] = -2100789586
A[44] = -2100789583
A[46] = -2100481157
A[47] = -2100235579
A[48] = -2098839899
A[49] = -2098829294
A[50] = -2098673627
A[51] = -2097332940
A[53] = -2093951240
A[55] = -2088673061
A[56] = -2088673059
A[57] = -2088673057
A[58] = -2088673056
A[60] = -2086377942
A[62] = -2085190910
A[63] = -2085190909
A[67] = -2083784008
A[68] = -2082620901
A[69] = -2080809177
A[70] = -2080809174
A[73] = -2080809171
A[74] = -2076817852
A[75] = -2076640460
A[76] = -2076640457
A[77] = -2075909565
A[78] = -2074412219
A[79] = -2074373286
A[82] = -2070142414
A[84] = -2068188777
A[85] = -2068188774
A[87] = -2067455704
A[88] = -2066158670
A[91] = -2063509604
A[92] = -2063509601
A[93] = -2062591323
A[96] = -2061195071
A[97] = -2061162165
A[99] = -2058421039
A[101] = -2058375244
A[102] = -2057889677
A[106] = -2056449487
A[108] = -2055644969
A[109] = -2054491140
A[110] = -2054491137
A[112] = -2054138372
A[113] = -2054138371
A[114] = -2053572249
A[115] = -2052775861
A[117] = -2047789893
A[119] = -2047029141
A[120] = -2047029140
A[121] = -2045556221
A[122] = -2042888909
A[124] = -2041164300
A[126] = -2034673490
A[129] = -2032067039
A[130] = -2030213799
A[131] = -2030068178
A[132] = -2030068176
A[134] = -2028565509
A[137] = -2025135153
A[140] = -2023824397
A[141] = -2022934121
A[142] = -2022928425
A[143] = -2022514667
A[145] = -2018805151
A[147] = -2017382820
A[150] = -2017030419
A[151] = -2015660286
A[152] = -2015660284
A[153] = -2011641943
A[158] = -2002410525
A[159] = -2002410524
A[160] = -2002410522
A[161] = -1999975081
A[162] = -1996435430
A[163] = -1994648223
A[164] = -1993793765
A[165] = -1993014219
A[167] = -1992164983
A[168] = -1990865365
A[169] = -1990865362
A[170] = -1990865360
A[172] = -1981545808
A[173] = -1981545806
A[174] = -1979226557
A[175] = -1979114246
A[176] = -1979114244
A[177] = -1979114241
A[179] = -1975809259
A[180] = -1975809258
A[181] = -1975809255
A[183] = -1974933575
A[185] = -1970932025
A[186] = -1970208918
A[188] = -1969727831
A[189] = -1969175800
A[190] = -1968986718
A[193] = -1966182994
A[195] = -1963488480
A[197] = -1960677021
A[198] = -1960677020
A[199] = -1960495954
A[200] = -1960495951
A[201] = -1959846230
A[203] = -1957062504
A[204] = -1957062503
A[205] = -1955228169
A[206] = -1954315167
A[207] = -1954315165
A[208] = -1954315163
A[209] = -1951044882
A[210] = -1951044880
A[211] = -1951044879
A[212] = -1950362061
A[213] = -1950362060
A[214] = -1950029157
A[215] = -1948700889
A[216] = -1948417711
A[220] = -1947064902
A[221] = -1946605237
A[222] = -1943223716
A[226] = -1940307740
A[228] = -1936641472
A[232] = -1933752516
A[233] = -1931287100
A[235] = -1929295650
A[236] = -1929193261
A[237] = -1928652707
A[238] = -1928586929
A[241] = -1927812417
A[242] = -1927502111
A[243] = -1927378203
A[244] = -1927378201
A[245] = -1927008845
A[247] = -1925031626
A[248] = -1923294746
A[249] = -1920491189
A[250] = -1919766688
A[252] = -1919524912
A[253] = -1916210997
A[254] = -1915995124
A[255] = -1915804780
A[256] = -1915804779
A[259] = -1915236655
A[260] = -1913949047
A[261] = -1913949046
A[262] = -1912290698
A[265] = -1908452636
A[266] = -1905839828
A[267] = -1905817931
A[268] = -1905122647
A[270] = -1904535158
A[271] = -1903885157
A[272] = -1901120570
A[275] = -1899897612
A[276] = -1899710704
A[277] = -1899460016
A[278] = -1898262301
A[279] = -1897788724
A[282] = -1893229544
A[283] = -1892492720
A[284] = -1891750848
A[285] = -1890322942
A[287] = -1889878746
A[289] = -1887694369
A[290] = -1887229921
A[292] = -1886151617
A[293] = -1886132093
A[294] = -1884505706
A[296] = -1880830242
A[298] = -1878577192
A[300] = -1877814061
A[304] = -1876060836
A[305] = -1875657373
A[306] = -1875144647
A[307] = -1874258717
A[308] = -1873486231
A[310] = -1869387291
A[311] = -1868867531
A[314] = -1868655684
A[315] = -1867696937
A[316] = -1866216599
A[317] = -1866153189
A[318] = -1864542978
A[319] = -1864508026
A[320] = -1863394399
A[321] = -1862516555
A[322] = -1859975933
A[323] = -1859243626
A[324] = -1857744824
A[325] = -1856695913
A[326] = -1856695911
A[327] = -1856695910
A[328] = -1856695909
A[329] = -1856330487
A[331] = -1850518259
A[332] = -1850115171
A[333] = -1849060941
A[334] = -1849041177
A[337] = -1842008669
A[339] = -1838737313
A[341] = -1837774607
A[342] = -1836103261
A[343] = -1835656575
A[349] = -1828830103
A[350] = -1827743434
A[351] = -1826838509
A[352] = -1825537550
A[354] = -1822192788
A[355] = -1819159767
A[357] = -1817636210
A[358] = -1817356684
A[359] = -1817176842
A[361] = -1816230959
A[362] = -1809001272
A[365] = -1808360630
A[366] = -1808085603
A[367] = -1807525913
A[368] = -1807100059
A[370] = -1806211624
A[372] = -1805109166
A[373] = -1804085306
A[374] = -1803682501
A[375] = -1802730801
A[378] = -1801616606
A[379] = -1801197129
A[381] = -1800500806
A[382] = -1800331731
A[383] = -1798125209
A[385] = -1796415600
A[387] = -1794925106
A[388] = -1792871335
A[389] = -1792815976
A[390] = -1791806737
A[391] = -1788873673
A[392] = -1788873671
A[394] = -1788158663
A[395] = -1787498078
A[396] = -1785604750
A[397] = -1785604748
A[398] = -1785604747
A[399] = -1785604744
A[400] = -1785275474
A[401] = -1785070888
A[402] = -1784958625
A[404] = -1781150613
A[405] = -1779347913
A[406] = -1775958938
A[407] = -1775958936
A[408] = -1774973748
A[409] = -1774417623
A[410] = -1772758353
A[411] = -1772714026
A[412] = -1771412475
A[414] = -1769851661
A[417] = -1769634968
A[418] = -1767926184
A[419] = -1767315218
A[420] = -1766587300
A[421] = -1758155023
A[422] = -1755975789
A[424] = -1755975786
A[426] = -1754950392
A[430] = -1752376895
A[431] = -1747933026
A[433] = -1747933024
A[435] = -1746753174
A[437] = -1746324618
A[438] = -1744891998
A[439] = -1743734368
A[440] = -1742263273
A[442] = -1740368289
A[446] = -1737309201
A[449] = -1734019141
A[450] = -1733705549
A[452] = -1729740046
A[453] = -1729527239
A[454] = -1729454858
A[456] = -1727927156
A[457] = -1720717436
A[458] = -1720717434
A[460] = -1719515739
A[465] = -1718221541
A[467] = -1717421947
A[470] = -1717354105
A[471] = -1716758046
A[472] = -1715485707
A[473] = -1714755127
A[474] = -1713462278
A[475] = -1712868490
A[476] = -1712631218
A[477] = -1712163253
A[478] = -1708133311
A[479] = -1707867435
A[480] = -1705135885
A[482] = -1703781014
A[483] = -1702760088
A[484] = -1702760087
A[485] = -1702760085
A[486] = -1702321647
A[488] = -1702201425
A[489] = -1702201423
A[491] = -1700292673
A[492] = -1696998493
A[493] = -1695847048
A[494] = -1694308696
A[495] = -1692678810
A[497] = -1689584029
A[498] = -1688763377
A[499] = -1687775667
A[500] = -1687775665
A[501] = -1687244780
A[502] = -1685810719
A[503] = -1685810718
A[504] = -1685810717
A[505] = -1679954014
A[506] = -1679726281
A[508] = -1678518024
A[509] = -1678278224
A[511] = -1675243282
A[512] = -1675243280
A[514] = -1673290666
A[517] = -1672628337
A[520] = -1672522268
A[521] = -1669853639
A[523] = -1667994961
A[524] = -1667787857
A[527] = -1667787854
A[529] = -1666077137
A[530] = -1666077135
A[531] = -1663834772
A[534] = -1656874516
A[536] = -1655654843
A[538] = -1654213799
A[543] = -1650373048
A[544] = -1649188368
A[545] = -1649188366
A[546] = -1647653322
A[548] = -1645584765
A[550] = -1638062683
A[554] = -1634907093
A[555] = -1633875149
A[556] = -1632376158
A[557] = -1632376157
A[558] = -1632376156
A[559] = -1632376155
A[560] = -1631835050
A[562] = -1629379166
A[563] = -1629291026
A[564] = -1627228089
A[565] = -1626015531
A[566] = -1625428313
A[567] = -1624516941
A[568] = -1624032133
A[569] = -1623688968
A[570] = -1623688967
A[571] = -1620121882
A[572] = -1619058360
A[575] = -1619058357
A[577] = -1614611113
A[578] = -1614509828
A[579] = -1614509825
A[580] = -1614126557
A[581] = -1613734782
A[582] = -1611687606
A[583] = -1611424350
A[584] = -1611424348
A[585] = -1607887778
A[586] = -1607781966
A[587] = -1606572487
A[588] = -1605003818
A[589] = -1599780636
A[590] = -1599565069
A[591] = -1599565068
A[593] = -1596263151
A[596] = -1596137154
A[598] = -1595187548
A[599] = -1595078745
A[600] = -1594754881
A[601] = -1594712441
A[602] = -1592849365
A[603] = -1592849364
A[605] = -1591788282
A[606] = -1588469360
A[607] = -1586757729
A[608] = -1585215171
A[611] = -1584837786
A[612] = -1584695098
A[614] = -1580804361
A[616] = -1578192223
A[617] = -1577282796
A[618] = -1575474945
A[620] = -1574870411
A[621] = -1573080671
A[622] = -1573080670
A[624] = -1572644113
A[625] = -1572632765
A[626] = -1570948502
A[629] = -1567747607
A[630] = -1567747606
A[632] = -1564615297
A[634] = -1560546801
A[635] = -1557846103
A[636] = -1557674772
A[638] = -1557489857
A[639] = -1557489855
A[642] = -1557489068
A[643] = -1557489067
A[645] = -1554071562
A[646] = -1553854522
A[648] = -1550820870
A[650] = -1550436161
A[651] = -1549782777
A[653] = -1542404338
A[655] = -1541439347
A[656] = -1540932080
A[657] = -1540932079
A[661] = -1538613236
A[663] = -1537967200
A[664] = -1537519041
A[666] = -1535981393
A[669] = -1534002638
A[671] = -1532076018
A[672] = -1530251912
A[673] = -1529291245
A[674] = -1529175745
A[676] = -1526404108
A[677] = -1525175112
A[678] = -1523303364
A[680] = -1521015185
A[681] = -1521015182
A[684] = -1511691273
A[685] = -1510265547
A[686] = -1510265546
A[687] = -1507841792
A[689] = -1505642348
A[690] = -1502530740
A[691] = -1502530737
A[692] = -1502300156
A[693] = -1502300155
A[694] = -1501376164
A[695] = -1501183324
A[696] = -1498587384
A[698] = -1498064902
A[700] = -1494045959
A[702] = -1490169270
A[703] = -1489253789
A[704] = -1489176829
A[707] = -1488548565
A[708] = -1488181470
A[709] = -1487399442
A[711] = -1486157906
A[712] = -1484826593
A[715] = -1479750672
A[716] = -1479750671
A[717] = -1477282430
A[718] = -1474908494
A[721] = -1473246822
A[722] = -1471020223
A[725] = -1466135401
A[726] = -1466135400
A[727] = -1464897114
A[731] = -1462116930
A[732] = -1461542550
A[733] = -1460671232
A[734] = -1458959795
A[735] = -1458782600
A[736] = -1458570992
A[737] = -1458570989
A[738] = -1458424472
A[740] = -1457633410
A[743] = -1456501577
A[744] = -1456501576
A[746] = -1456454847
A[747] = -1456015333
A[749] = -1454574130
A[751] = -1454574128
A[754] = -1451460535
A[758] = -1448967476
A[764] = -1438826690
A[765] = -1438087162
A[766] = -1437920996
A[768] = -1435473223
A[769] = -1435473221
A[773] = -1432239727
A[774] = -1432231431
A[775] = -1432231429
A[777] = -1428276821
A[778] = -1424669569
A[779] = -1424669567
A[780] = -1424669566
A[785] = -1422139191
A[787] = -1420957068
A[789] = -1420445988
A[790] = -1419851206
A[791] = -1418597158
A[795] = -1418296774
A[797] = -1417802120
A[798] = -1417802118
A[799] = -1417802117
A[801] = -1412183334
A[803] = -1409144233
A[807] = -1404071032
A[809] = -1403243977
A[810] = -1403243975
A[811] = -1403088092
A[813] = -1397380835
A[817] = -1388730370
A[819] = -1386152883
A[820] = -1385990965
A[821] = -1384366969
A[823] = -1384239526
A[825] = -1381510572
A[826] = -1381510569
A[827] = -1380926789
A[828] = -1380274491
A[829] = -1377556566
A[832] = -1376655752
A[834] = -1376655749
A[836] = -1376655746
A[837] = -1372402535
A[838] = -1371593671
A[839] = -1370298844
A[840] = -1370298842
A[844] = -1367479378
A[845] = -1363793242
A[847] = -1360363443
A[849] = -1360363440
A[850] = -1357362524
A[852] = -1352146691
A[855] = -1350443368
A[856] = -1348640213
A[857] = -1348280732
A[859] = -1346960122
A[860] = -1346691028
A[861] = -1346659616
A[862] = -1345213399
A[863] = -1339634120
A[864] = -1339634118
A[865] = -1338686984
A[866] = -1338682237
A[867] = -1338682234
A[868] = -1337884872
A[869] = -1337527165
A[872] = -1332401484
A[873] = -1330599040
A[875] = -1330596627
A[877] = -1329857753
A[878] = -1327224189
A[880] = -1326284588
A[881] = -1326284586
A[883] = -1324080740
A[886] = -1323702737
A[887] = -1323483881
A[888] = -1321747976
A[889] = -1320606422
A[890] = -1319716480
A[894] = -1315865546
A[895] = -1314451074
A[896] = -1313329285
A[898] = -1307733844
A[899] = -1307218653
A[900] = -1303371352
A[902] = -1301658459
A[904] = -1298686520
A[905] = -1298413232
A[908] = -1298100209
A[909] = -1298100208
A[913] = -1296053908
A[914] = -1295301397
A[917] = -1293095605
A[918] = -1292578848
A[919] = -1290736868
A[920] = -1289932860
A[921] = -1289858499
A[923] = -1285513249
A[925] = -1283376904
A[929] = -1280450893
A[930] = -1280450891
A[932] = -1279853584
A[933] = -1279304970
A[935] = -1278687244
A[937] = -1278687241
A[940] = -1275991178
A[942] = -1274831982
A[944] = -1269626377
A[946] = -1269626373
A[947] = -1269626372
A[948] = -1269003396
A[950] = -1269003392
A[951] = -1269003391
A[954] = -1263377482
A[955] = -1263377479
A[958] = -1259265855
A[959] = -1257775590
A[960] = -1257775588
A[962] = -1257775586
A[963] = -1255322479
A[964] = -1254696349
A[965] = -1252325236
A[966] = -1252317169
A[969] = -1247840523
A[970] = -1246257322
A[976] = -1244043452
A[979] = -1242743141
A[982] = -1241226336
A[983] = -1241026865
A[984] = -1240764674
A[985] = -1240764673
A[987] = -1233334987
A[989] = -1233334984
A[990] = -1230472559
A[991] = -1227122389
A[993] = -1226993116
A[996] = -1220442358
A[997] = -1220118327
A[998] = -1219659305
A[999] = -1219659302
A[1001] = -1216074072
A[1004] = -1215191299
A[1006] = -1214763379
A[1007] = -1214763378
A[1008] = -1214763375
A[1009] = -1214123124
A[1010] = -1214123121
A[1012] = -1209271711
A[1013] = -1208951010
A[1014] = -1208570316
A[1016] = -1207666881
A[1019] = -1203301040
A[1021] = -1202954802
A[1022] = -1201959315
A[1023] = -1199422237
A[1024] = -1191808304
A[1025] = -1191518861
A[1026] = -1186828278
A[1030] = -1183040561
A[1032] = -1178209199
A[1034] = -1177308962
A[1036] = -1175312150
A[1038] = -1172804814
A[1039] = -1172804811
A[1040] = -1171780303
A[1041] = -1171780300
A[1042] = -1170339451
A[1043] = -1169544864
A[1045] = -1168647033
A[1046] = -1166252288
A[1047] = -1166252286
A[1049] = -1164522717
A[1051] = -1164335649
A[1054] = -1162563837
A[1055] = -1161124380
A[1056] = -1159332750
A[1057] = -1159332749
A[1058] = -1159332747
A[1059] = -1159191442
A[1060] = -1157262419
A[1061] = -1157262418
A[1062] = -1157157286
A[1063] = -1157095163
A[1064] = -1157040138
A[1065] = -1154593516
A[1066] = -1152660141
A[1067] = -1152482725
A[1069] = -1152482722
A[1070] = -1152250649
A[1074] = -1151473999
A[1076] = -1149137589
A[1077] = -1145857132
A[1079] = -1144249919
A[1082] = -1141035910
A[1083] = -1139510065
A[1088] = -1138628281
A[1090] = -1136205983
A[1093] = -1136205981
A[1094] = -1136205978
A[1096] = -1135965868
A[1097] = -1135671777
A[1098] = -1132971938
A[1099] = -1132142064
A[1100] = -1127876351
A[1101] = -1127175310
A[1103] = -1125674341
A[1106] = -1116763111
A[1109] = -1116191067
A[1112] = -1113667491
A[1114] = -1113667488
A[1116] = -1112873381
A[1117] = -1112295169
A[1118] = -1112124010
A[1120] = -1109693389
A[1121] = -1109008523
A[1123] = -1105722857
A[1124] = -1105615463
A[1125] = -1105325360
A[1127] = -1104947862
A[1128] = -1103788402
A[1129] = -1103788399
A[1130] = -1103600598
A[1131] = -1102709917
A[1132] = -1102709916
A[1133] = -1102040733
A[1136] = -1098919075
A[1139] = -1098117828
A[1140] = -1097774363
A[1141] = -1096996527
A[1144] = -1094813592
A[1145] = -1094813591
A[1148] = -1090443335
A[1149] = -1090443334
A[1151] = -1084271684
A[1154] = -1078694381
A[1155] = -1078306769
A[1156] = -1078306768
A[1157] = -1078282934
A[1158] = -1077730451
A[1159] = -1077730450
A[1160] = -1075224906
A[1161] = -1075204305
A[1162] = -1075204304
A[1163] = -1073495525
A[1164] = -1072795542
A[1165] = -1072795541
A[1166] = -1070623397
A[1167] = -1069231580
A[1168] = -1069231579
A[1169] = -1066744897
A[1170] = -1066489056
A[1172] = -1063614307
A[1173] = -1062980302
A[1174] = -1062980299
A[1176] = -1061542065
A[1178] = -1060139969
A[1179] = -1059326908
A[1182] = -1057215137
A[1184] = -1057215132
A[1185] = -1056746777
A[1188] = -1054412349
A[1191] = -1053281472
A[1193] = -1052801724
A[1194] = -1052450657
A[1195] = -1052362948
A[1197] = -1051804322
A[1198] = -1051140618
A[1199] = -1049605251
A[1200] = -1049398753
A[1201] = -1047284534
A[1202] = -1042499863
A[1204] = -1040699060
A[1205] = -1039624544
A[1206] = -1039048131
A[1207] = -1038011025
A[1208] = -1035932467
A[1210] = -1034796693
A[1213] = -1033475817
A[1215] = -1031110143
A[1217] = -1025820345
A[1218] = -1025820344
A[1219] = -1025820342
A[1220] = -1025800224
A[1223] = -1022862470
A[1224] = -1022319442
A[1225] = -1022154929
A[1227] = -1017928637
A[1230] = -1016600894
A[1231] = -1014782747
A[1232] = -1014731791
A[1233] = -1014731789
A[1235] = -1014504707
A[1237] = -1013015647
A[1238] = -1011337998
A[1239] = -1008604548
A[1240] = -1008604546
A[1242] = -1008604543
A[1243] = -1008153812
A[1244] = -1008008455
A[1245] = -1007354279
A[1246] = -1007273324
A[1247] = -1006711950
A[1248] = -1006539741
A[1250] = -1005320130
A[1252] = -1003190824
A[1253] = -1002523796
A[1254] = -1002523793
A[1256] = -998488831
A[1257] = -998488830
A[1259] = -998488827
A[1260] = -997326200
A[1262] = -997326198
A[1263] = -996424963
A[1266] = -992934090
A[1267] = -991758095
A[1268] = -991758093
A[1270] = -991758091
A[1271] = -990856621
A[1274] = -990856618
A[1275] = -990856617
A[1276] = -990856614
A[1278] = -989093514
A[1279] = -988459666
A[1281] = -985075134
A[1283] = -984942829
A[1285] = -983600551
A[1287] = -982354148
A[1289] = -982112723
A[1290] = -980083179
A[1291] = -980081926
A[1292] = -979286752
A[1293] = -979040010
A[1294] = -978003330
A[1296] = -973261014
A[1297] = -973261012
A[1298] = -972960429
A[1299] = -972831383
A[1300] = -972067785
A[1301] = -971234971
A[1302] = -970554617
A[1303] = -969343246
A[1304] = -966061242
A[1305] = -966028563
A[1309] = -962461589
A[1310] = -961384513
A[1311] = -960896047
A[1313] = -958611669
A[1315] = -958073697
A[1317] = -958073695
A[1318] = -957770934
A[1319] = -955503701
A[1321] = -955119558
A[1322] = -951844678
A[1324] = -951239385
A[1326] = -950559069
A[1327] = -950117788
A[1328] = -948883966
A[1329] = -946295292
A[1332] = -942150113
A[1333] = -941045316
A[1334] = -940648956
A[1335] = -940648954
A[1336] = -939646807
A[1337] = -939095732
A[1338] = -938435462
A[1340] = -938435458
A[1344] = -936866205
A[1346] = -936357652
A[1348] = -935215620
A[1349] = -934812689
A[1350] = -934812686
A[1351] = -934512013
A[1352] = -934279409
A[1355] = -934084184
A[1357] = -931940742
A[1358] = -930999952
A[1360] = -929497691
A[1361] = -929497689
A[1362] = -928875076
A[1363] = -928875074
A[1364] = -923951506
A[1368] = -917257135
A[1369] = -917257134
A[1370] = -917200942
A[1372] = -917144749
A[1373] = -916214352
A[1374] = -916214349
A[1375] = -914094513
A[1376] = -914094511
A[1377] = -913153335
A[1378] = -908681373
A[1379] = -908681370
A[1382] = -904327074
A[1383] = -901427133
A[1384] = -901004546
A[1386] = -897438339
A[1387] = -896737921
A[1388] = -896737920
A[1389] = -896737919
A[1392] = -896425024
A[1395] = -894448361
A[1397] = -889266092
A[1398] = -889266089
A[1400] = -888340093
A[1401] = -888340092
A[1402] = -888340091
A[1406] = -882982049
A[1407] = -882752925
A[1408] = -881793390
A[1409] = -880710985
A[1410] = -880626291
A[1411] = -878365631
A[1412] = -877199131
A[1413] = -877199130
A[1414] = -877199129
A[1415] = -877199127
A[1416] = -877199126
A[1418] = -876011518
A[1419] = -876011516
A[1423] = -872300293
A[1424] = -871872436
A[1425] = -871623768
A[1428] = -868798652
A[1429] = -868625607
A[1431] = -867195742
A[1433] = -863577646
A[1434] = -863577645
A[1435] = -862374147
A[1440] = -859722829
A[1441] = -859722827
A[1442] = -857176084
A[1443] = -856387562
A[1445] = -856373763
A[1446] = -855530498
A[1448] = -853348217
A[1450] = -852051739
A[1452] = -851887248
A[1454] = -851887245
A[1455] = -851887244
A[1456] = -851674059
A[1457] = -849728120
A[1458] = -849431187
A[1459] = -849368221
A[1460] = -846913817
A[1463] = -846913814
A[1464] = -846913813
A[1466] = -844170454
A[1467] = -844170451
A[1468] = -844170450
A[1470] = -844170448
A[1471] = -842486489
A[1473] = -841784331
A[1474] = -841562634
A[1475] = -839075369
A[1476] = -838904269
A[1478] = -838889737
A[1479] = -838631328
A[1480] = -837280553
A[1481] = -833357527
A[1484] = -830563339
A[1485] = -829483182
A[1487] = -829095157
A[1488] = -829095155
A[1489] = -829095152
A[1490] = -828000604
A[1492] = -824698645
A[1496] = -821371795
A[1497] = -820833098
A[1499] = -820132125
A[1500] = -819393954
A[1501] = -818688162
A[1502] = -818628589
A[1503] = -816269474
A[1504] = -815863749
A[1506] = -814174534
A[1507] = -813034943
A[1510] = -810189219
A[1512] = -809319321
A[1513] = -808682528
A[1515] = -807687152
A[1516] = -807160014
A[1518] = -805212415
A[1519] = -805027870
A[1521] = -802139262
A[1522] = -801894133
A[1524] = -798000333
A[1525] = -794276291
A[1528] = -793061213
A[1530] = -787241281
A[1531] = -786768625
A[1532] = -786768624
A[1533] = -786382591
A[1536] = -783358867
A[1537] = -783358865
A[1540] = -780989861
A[1541] = -780389683
A[1542] = -779752864
A[1543] = -777357779
A[1544] = -776007768
A[1545] = -775942078
A[1547] = -775239979
A[1551] = -771403559
A[1553] = -770765956
A[1554] = -770765954
A[1555] = -768838818
A[1557] = -768240800
A[1558] = -768240799
A[1559] = -767535939
A[1560] = -766774064
A[1561] = -766644127
A[1563] = -764563282
A[1564] = -764563281
A[1566] = -763963250
A[1567] = -763963248
A[1568] = -763963247
A[1570] = -763514517
A[1571] = -760584226
A[1575] = -749846355
A[1577] = -749846352
A[1579] = -748989955
A[1580] = -747786864
A[1581] = -747786861
A[1582] = -747288162
A[1583] = -747107002
A[1585] = -747019237
A[1586] = -747019234
A[1588] = -745468587
A[1590] = -745468582
A[1593] = -739813800
A[1595] = -736500817
A[1596] = -733190045
A[1597] = -732021011
A[1598] = -731739755
A[1599] = -727502612
A[1600] = -727440072
A[1602] = -726863583
A[1603] = -725028324
A[1604] = -724688123
A[1605] = -722755599
A[1606] = -720637958
A[1608] = -718339732
A[1609] = -717223146
A[1610] = -716760704
A[1611] = -716459393
A[1612] = -715645233
A[1613] = -709473504
A[1614] = -707409006
A[1615] = -705799238
A[1617] = -705799235
A[1618] = -702384465
A[1619] = -699134603
A[1621] = -695740931
A[1622] = -693115605
A[1623] = -693115604
A[1624] = -693115603
A[1625] = -692293927
A[1626] = -691817668
A[1627] = -691817666
A[1629] = -690477807
A[1630] = -690477804
A[1631] = -690281032
A[1632] = -689621971
A[1633] = -688606675
A[1634] = -688606673
A[1635] = -687668159
A[1637] = -685981736
A[1639] = -684957894
A[1640] = -682621534
A[1641] = -681978065
A[1642] = -681371769
A[1645] = -680037130
A[1646] = -679357031
A[1647] = -678694018
A[1649] = -674711343
A[1650] = -674690910
A[1652] = -674283954
A[1653] = -674105031
A[1654] = -674105030
A[1655] = -673775268
A[1656] = -671724530
A[1657] = -671514704
A[1658] = -671444918
A[1659] = -671434709
A[1661] = -668093735
A[1663] = -666292639
A[1664] = -663395907
A[1666] = -663395902
A[1668] = -663395901
A[1669] = -662799826
A[1670] = -662799824
A[1671] = -662713698
A[1672] = -662713696
A[1673] = -661762213
A[1674] = -659547160
A[1675] = -658605551
A[1676] = -658605548
A[1677] = -658335077
A[1681] = -655712179
A[1682] = -655712178
A[1684] = -653648756
A[1688] = -653648750
A[1689] = -653648749
A[1690] = -653648747
A[1691] = -653648746
A[1693] = -652854685
A[1694] = -652854684
A[1695] = -652854683
A[1697] = -651647800
A[1698] = -651647798
A[1700] = -650544602
A[1701] = -648145008
A[1703] = -648145005
A[1705] = -646740419
A[1707] = -646309068
A[1708] = -645952447
A[1709] = -645835108
A[1710] = -645835107
A[1714] = -642281036
A[1716] = -640908513
A[1717] = -640908512
A[1718] = -640847969
A[1720] = -640063955
A[1722] = -638278755
A[1724] = -636177579
A[1725] = -635259481
A[1726] = -633811594
A[1727] = -632131050
A[1728] = -632131048
A[1729] = -632131047
A[1730] = -631102693
A[1731] = -631102691
A[1732] = -630754742
A[1734] = -628823804
A[1735] = -626702383
A[1736] = -626176322
A[1737] = -623919095
A[1738] = -622848508
A[1739] = -622548251
A[1742] = -622548246
A[1743] = -622080941
A[1744] = -621614949
A[1746] = -619135392
A[1747] = -617796396
A[1750] = -609312111
A[1751] = -609277351
A[1753] = -608579548
A[1754] = -607652484
A[1757] = -604353401
A[1760] = -601199587
A[1761] = -600657464
A[1762] = -596959520
A[1763] = -596959518
A[1764] = -593638340
A[1765] = -592956085
A[1767] = -592778417
A[1768] = -590724683
A[1769] = -590235609
A[1770] = -589991709
A[1771] = -589185053
A[1772] = -589185051
A[1773] = -588947539
A[1774] = -584482890
A[1775] = -582878563
A[1776] = -582878562
A[1777] = -581317888
A[1778] = -581317887
A[1779] = -581221841
A[1781] = -581101030
A[1782] = -580926415
A[1785] = -580363510
A[1787] = -577516183
A[1788] = -577417194
A[1789] = -576364573
A[1790] = -575414925
A[1791] = -575414924
A[1793] = -572570985
A[1794] = -571891578
A[1796] = -569783657
A[1797] = -569466582
A[1799] = -567514439
A[1800] = -565305322
A[1801] = -565305319
A[1802] = -564492349
A[1803] = -563923722
A[1806] = -560159315
A[1807] = -560159314
A[1808] = -556333670
A[1810] = -555992780
A[1811] = -552620184
A[1812] = -551452049
A[1813] = -546532567
A[1815] = -542870508
A[1817] = -541956058
A[1818] = -537797323
A[1819] = -537267911
A[1820] = -535926623
A[1823] = -535334252
A[1824] = -532282827
A[1825] = -531432898
A[1826] = -530531354
A[1828] = -530531351
A[1829] = -525917187
A[1830] = -525886089
A[1831] = -523825930
A[1833] = -521737716
A[1834] = -520297297
A[1835] = -518458094
A[1836] = -517404928
A[1837] = -515384712
A[1838] = -515384709
A[1840] = -515384703
A[1841] = -514023615
A[1842] = -514023614
A[1844] = -510158856
A[1848] = -509240210
A[1849] = -509240209
A[1850] = -509240208
A[1851] = -509240207
A[1852] = -508563401
A[1853] = -507214378
A[1855] = -507214377
A[1856] = -507214374
A[1857] = -507214373
A[1859] = -507214371
A[1862] = -505071912
A[1863] = -502617281
A[1864] = -502617280
A[1865] = -502617278
A[1866] = -502143446
A[1867] = -498723545
A[1868] = -498723542
A[1869] = -497451370
A[1871] = -497099376
A[1872] = -494803640
A[1873] = -494506100
A[1875] = -494447272
A[1878] = -492051762
A[1880] = -490489512
A[1882] = -488653836
A[1885] = -487162483
A[1888] = -481790771
A[1889] = -478042020
A[1891] = -477933482
A[1893] = -474031450
A[1895] = -472942517
A[1896] = -471036828
A[1897] = -470951416
A[1898] = -469778760
A[1903] = -464463748
A[1904] = -464463747
A[1905] = -463232321
A[1906] = -463209589
A[1909] = -461047225
A[1911] = -459944860
A[1914] = -457837339
A[1916] = -454295842
A[1917] = -453222004
A[1918] = -451081867
A[1919] = -449951861
A[1922] = -448697792
A[1923] = -447832582
A[1924] = -447832581
A[1926] = -445030936
A[1928] = -444052403
A[1929] = -443718770
A[1932] = -440361849
A[1933] = -440361848
A[1934] = -440361846
A[1937] = -438220895
A[1938] = -436896550
A[1939] = -435095479
A[1940] = -433976999
A[1941] = -433976998
A[1942] = -433541346
A[1943] = -433414350
A[1944] = -433414347
A[1945] = -431411060
A[1946] = -431411059
A[1947] = -431411058
A[1948] = -431411056
A[1953] = -428677364
A[1956] = -422601650
A[1957] = -421798230
A[1959] = -421044713
A[1960] = -420920232
A[1961] = -420909693
A[1962] = -420514583
A[1963] = -419818216
A[1965] = -418048815
A[1966] = -417374891
A[1967] = -417006431
A[1970] = -417006429
A[1972] = -414398067
A[1973] = -414169826
A[1974] = -411616845
A[1976] = -410093272
A[1978] = -408632312
A[1980] = -406030910
A[1982] = -405706284
A[1983] = -405609183
A[1984] = -403198374
A[1987] = -403015799
A[1990] = -400821578
A[1992] = -400032348
A[1994] = -398065720
A[1995] = -398065719
A[1997] = -396370739
A[1998] = -395899895
A[1999] = -395899894
A[2003] = -393247040
A[2004] = -392495403
A[2006] = -390514713
A[2007] = -389570161
A[2011] = -388612882
A[2018] = -379148763
A[2019] = -376836271
A[2020] = -376308000
A[2021] = -376035737
A[2022] = -374979787
A[2023] = -374666414
A[2026] = -374524532
A[2027] = -374432396
A[2028] = -372204197
A[2029] = -371720196
A[2031] = -370424896
A[2032] = -370175258
A[2034] = -368470956
A[2035] = -367672933
A[2037] = -364260110
A[2039] = -363309736
A[2040] = -362875702
A[2042] = -361533763
A[2043] = -361533760
A[2045] = -361533758
A[2046] = -358766417
A[2047] = -358494129
A[2048] = -358494127
A[2049] = -356667361
A[2050] = -356445867
A[2051] = -352908243
A[2053] = -352908241
A[2055] = -350982621
A[2057] = -349962881
A[2059] = -349097531
A[2060] = -349097530
A[2061] = -347216165
A[2062] = -347216163
A[2065] = -346564510
A[2067] = -346564507
A[2068] = -346564506
A[2069] = -346319006
A[2070] = -345994018
A[2072] = -345994015
A[2073] = -344144135
A[2075] = -343008187
A[2076] = -342190289
A[2078] = -340606728
A[2082] = -335640917
A[2083] = -333460314
A[2085] = -328364502
A[2087] = -328364497
A[2089] = -326499404
A[2091] = -324545916
A[2092] = -323733449
A[2093] = -322682377
A[2099] = -311088234
A[2100] = -309778793
A[2101] = -307096859
A[2103] = -306275648
A[2104] = -306275646
A[2105] = -305226378
A[2108] = -302448746
A[2109] = -300060282
A[2110] = -299562601
A[2111] = -299291561
A[2112] = -297205642
A[2113] = -297074413
A[2115] = -295202608
A[2116] = -293418124
A[2118] = -291717367
A[2119] = -290658083
A[2120] = -290510149
A[2121] = -290510146
A[2122] = -290356419
A[2123] = -289960596
A[2125] = -289281895
A[2126] = -289205989
A[2130] = -285076222
A[2131] = -285076220
A[2132] = -283552892
A[2133] = -283318595
A[2136] = -282428417
A[2137] = -282428414
A[2138] = -281170764
A[2139] = -278562164
A[2141] = -277872223
A[2143] = -276581662
A[2145] = -274685677
A[2146] = -274548411
A[2147] = -272654234
A[2148] = -272533070
A[2149] = -272259175
A[2150] = -270933780
A[2151] = -269376639
A[2152] = -269371030
A[2153] = -268655646
A[2155] = -268655644
A[2157] = -267345823
A[2159] = -266963650
A[2162] = -265691655
A[2163] = -264140010
A[2164] = -263814673
A[2165] = -263553211
A[2167] = -263261989
A[2170] = -261023047
A[2171] = -259036477
A[2172] = -259036475
A[2175] = -259036470
A[2176] = -259036469
A[2179] = -257000291
A[2180] = -257000289
A[2183] = -254488419
A[2184] = -253529829
A[2185] = -252670572
A[2186] = -252670571
A[2188] = -249821473
A[2190] = -249564787
A[2191] = -247323677
A[2192] = -245433523
A[2194] = -239472836
A[2196] = -237770913
A[2197] = -234241714
A[2198] = -232324595
A[2199] = -232188611
A[2200] = -226840178
A[2202] = -226395744
A[2205] = -221922231
A[2207] = -216393406
A[2208] = -216393403
A[2209] = -215070895
A[2210] = -212553266
A[2211] = -212303842
A[2213] = -212303839
A[2218] = -204865992
A[2220] = -204865989
A[2222] = -204865987
A[2223] = -204865986
A[2224] = -204163693
A[2225] = -203527322
A[2226] = -201141438
A[2227] = -201141435
A[2229] = -199859283
A[2230] = -199465370
A[2234] = -195182180
A[2237] = -192683809
A[2238] = -192683808
A[2240] = -191023474
A[2242] = -189347028
A[2243] = -189347025
A[2244] = -189347022
A[2245] = -189345675
A[2246] = -187259608
A[2247] = -186022684
A[2248] = -185722613
A[2250] = -184549121
A[2251] = -182771972
A[2252] = -182771970
A[2253] = -182771969
A[2254] = -182771968
A[2255] = -182236105
A[2256] = -181969991
A[2257] = -181969990
A[2258] = -179958001
A[2259] = -178195127
A[2260] = -177622961
A[2261] = -176105723
A[2263] = -172990966
A[2265] = -171763202
A[2267] = -171232307
A[2268] = -170733817
A[2269] = -170733814
A[2270] = -166486611
A[2271] = -166486610
A[2272] = -166486609
A[2273] = -166056281
A[2274] = -164702094
A[2275] = -163422442
A[2276] = -163153059
A[2278] = -160027454
A[2279] = -160027453
A[2280] = -158676060
A[2281] = -158676059
A[2284] = -154606573
A[2288] = -152193317
A[2290] = -152024880
A[2292] = -151859964
A[2293] = -151424888
A[2296] = -146539220
A[2297] = -144943870
A[2301] = -143608744
A[2304] = -142704082
A[2306] = -141211757
A[2307] = -140467388
A[2308] = -140467385
A[2310] = -139813713
A[2313] = -139197931
A[2314] = -139164342
A[2315] = -139164341
A[2316] = -137562374
A[2318] = -136859579
A[2319] = -135938077
A[2320] = -132967367
A[2322] = -130259432
A[2323] = -129777971
A[2325] = -129657096
A[2326] = -128582853
A[2327] = -128110860
A[2329] = -128110859
A[2330] = -128110858
A[2332] = -127641477
A[2333] = -127156228
A[2334] = -127092893
A[2336] = -120415970
A[2337] = -120415967
A[2339] = -119863694
A[2340] = -119689387
A[2344] = -116100961
A[2345] = -115187418
A[2348] = -112644420
A[2350] = -111560247
A[2352] = -111472333
A[2353] = -108711369
A[2354] = -108711368
A[2356] = -108297885
A[2358] = -108081644
A[2359] = -107726760
A[2360] = -107508339
A[2364] = -106504242
A[2366] = -104120981
A[2368] = -101342987
A[2370] = -95080349
A[2371] = -94417861
A[2372] = -94417860
A[2373] = -94417858
A[2374] = -92086289
A[2375] = -92086287
A[2376] = -91847721
A[2377] = -91506312
A[2378] = -91506309
A[2379] = -91506307
A[2380] = -90575869
A[2388] = -87120526
A[2389] = -85355753
A[2390] = -85313040
A[2392] = -83775585
A[2393] = -82806502
A[2394] = -82806500
A[2396] = -81099511
A[2397] = -81099510
A[2398] = -76295864
A[2402] = -71007851
A[2403] = -69817099
A[2404] = -69066275
A[2405] = -68981836
A[2406] = -67068964
A[2407] = -66995363
A[2408] = -64135995
A[2411] = -61050699
A[2412] = -60562286
A[2414] = -57285740
A[2415] = -57285738
A[2416] = -56544049
A[2417] = -56544048
A[2418] = -55514964
A[2420] = -55514962
A[2421] = -55473949
A[2422] = -53827569
A[2423] = -52967882
A[2424] = -52751762
A[2425] = -52456498
A[2426] = -52456495
A[2427] = -52265565
A[2428] = -50336991
A[2429] = -49774907
A[2430] = -49241097
A[2431] = -48790928
A[2432] = -48790927
A[2435] = -45747941
A[2437] = -42561444
A[2438] = -42561443
A[2439] = -42561441
A[2440] = -40230988
A[2441] = -40230986
A[2442] = -36806123
A[2444] = -36806120
A[2446] = -36021132
A[2447] = -35510753
A[2448] = -35229460
A[2449] = -30615287
A[2450] = -23991805
A[2451] = -23291569
A[2452] = -23020903
A[2453] = -22679884
A[2454] = -22654614
A[2455] = -20406984
A[2456] = -20393857
A[2457] = -20327969
A[2458] = -20327966
A[2461] = -17431890
A[2463] = -13083697
A[2465] = -12728684
A[2467] = -11624286
A[2469] = -10894725
A[2471] = -10088881
A[2472] = -8539858
A[2474] = -8043067
A[2476] = -6166358
A[2477] = -5549156
A[2480] = -3462642
A[2483] = -1675895
A[2484] = -1578755
A[2487] = 2694872
A[2489] = 7561305
A[2490] = 10042233
A[2495] = 17164704
A[2496] = 17164706
A[2497] = 20362092
A[2498] = 22907625
A[2500] = 24132859
A[2501] = 24774493
A[2502] = 25798763
A[2503] = 25798764
A[2504] = 25798767
A[2505] = 26249794
A[2506] = 26249797
A[2507] = 26249798
A[2508] = 26504552
A[2509] = 27034618
A[2510] = 27034621
A[2512] = 27392923
A[2513] = 29705736
A[2515] = 31475213
A[2517] = 31727143
A[2518] = 33069090
A[2520] = 35724271
A[2521] = 35863984
A[2522] = 36154032
A[2524] = 39435166
A[2525] = 39751936
A[2526] = 40098624
A[2527] = 40098627
A[2528] = 42390963
A[2532] = 46821370
A[2533] = 46821372
A[2534] = 47487068
A[2535] = 48207228
A[2536] = 55440392
A[2538] = 55928287
A[2539] = 55928288
A[2540] = 55928290
A[2542] = 57225522
A[2543] = 57524648
A[2544] = 57524650
A[2545] = 57524651
A[2547] = 61188039
A[2549] = 61740677
A[2550] = 64880307
A[2551] = 65045776
A[2552] = 65045779
A[2554] = 68147341
A[2555] = 70084535
A[2556] = 70084538
A[2559] = 71663422
A[2561] = 73790637
A[2563] = 76843383
A[2566] = 79164758
A[2567] = 79320131
A[2568] = 79320134
A[2569] = 80019997
A[2571] = 80422132
A[2572] = 80422135
A[2573] = 81658659
A[2577] = 88925066
A[2579] = 92919225
A[2580] = 94004844
A[2582] = 97974013
A[2583] = 98379337
A[2585] = 101165324
A[2586] = 103830382
A[2590] = 110123825
A[2591] = 110867886
A[2593] = 110867889
A[2594] = 115067798
A[2595] = 115067801
A[2597] = 116138631
A[2598] = 117112477
A[2599] = 117112480
A[2600] = 120012443
A[2604] = 125286949
A[2606] = 127383016
A[2607] = 129067677
A[2608] = 129067679
A[2609] = 129702101
A[2611] = 133062150
A[2612] = 135302083
A[2613] = 135404085
A[2614] = 135972494
A[2618] = 137783605
A[2619] = 138266351
A[2620] = 138271204
A[2621] = 138567432
A[2623] = 139336286
A[2625] = 139675210
A[2627] = 141350973
A[2629] = 142075158
A[2631] = 146015930
A[2632] = 146780272
A[2635] = 148685622
A[2637] = 148751776
A[2638] = 151172759
A[2639] = 151721227
A[2640] = 151796504
A[2641] = 152967778
A[2643] = 157671998
A[2644] = 157920912
A[2646] = 158635008
A[2647] = 158635010
A[2648] = 158635013
A[2649] = 159072290
A[2650] = 159947303
A[2652] = 160338674
A[2653] = 161466723
A[2655] = 164346105
A[2656] = 167943576
A[2657] = 170299262
A[2659] = 170688768
A[2660] = 170688769
A[2661] = 170802285
A[2662] = 172573831
A[2663] = 173485579
A[2665] = 174451368
A[2666] = 175759992
A[2668] = 177239181
A[2669] = 177239183
A[2670] = 177239184
A[2671] = 177331946
A[2674] = 177954327
A[2675] = 179848746
A[2677] = 180795425
A[2680] = 182378679
A[2681] = 183626426
A[2683] = 187501614
A[2684] = 188255711
A[2685] = 188341693
A[2686] = 188900027
A[2688] = 192143589
A[2690] = 192143591
A[2691] = 196208182
A[2692] = 196208184
A[2693] = 197467099
A[2695] = 201417906
A[2696] = 201562714
A[2697] = 203102880
A[2698] = 204999646
A[2699] = 210092904
A[2702] = 211176340
A[2703] = 217921543
A[2704] = 218479038
A[2706] = 218728150
A[2707] = 218728152
A[2708] = 218728153
A[2711] = 220752258
A[2712] = 220752260
A[2713] = 220752261
A[2715] = 223086269
A[2717] = 223466273
A[2718] = 225059328
A[2719] = 227376213
A[2720] = 227376215
A[2721] = 227376218
A[2724] = 227376221
A[2725] = 227376222
A[2727] = 230302339
A[2728] = 230311293
A[2729] = 230805507
A[2730] = 233362314
A[2731] = 233362315
A[2733] = 233387052
A[2734] = 233387054
A[2735] = 234632287
A[2736] = 236037155
A[2737] = 237492505
A[2739] = 238773863
A[2740] = 239334618
A[2743] = 243093559
A[2745] = 244889762
A[2746] = 246447530
A[2749] = 252527704
A[2752] = 255358728
A[2755] = 262555201
A[2757] = 263687157
A[2758] = 266405211
A[2759] = 267987063
A[2760] = 268447012
A[2764] = 268512792
A[2767] = 274417828
A[2770] = 277323802
A[2771] = 279214671
A[2772] = 279221974
A[2774] = 279462694
A[2779] = 283433696
A[2780] = 283433697
A[2782] = 286728389
A[2784] = 287023647
A[2786] = 287943960
A[2787] = 288238590
A[2788] = 289821784
A[2789] = 289821785
A[2790] = 289821787
A[2791] = 290928337
A[2795] = 291307616
A[2796] = 291811809
A[2798] = 291856629
A[2800] = 291856631
A[2801] = 291856632
A[2802] = 291856634
A[2805] = 292820009
A[2807] = 293019497
A[2808] = 293019498
A[2809] = 294076176
A[2811] = 298678648
A[2812] = 298678650
A[2813] = 300242170
A[2814] = 300242172
A[2816] = 301974867
A[2817] = 302408138
A[2818] = 302408139
A[2819] = 302408141
A[2820] = 303837344
A[2822] = 305402580
A[2824] = 307117793
A[2826] = 308861456
A[2828] = 309302501
A[2829] = 309862018
A[2830] = 310880264
A[2833] = 316011429
A[2835] = 318117105
A[2836] = 318117106
A[2837] = 322371000
A[2842] = 324813138
A[2843] = 324993441
A[2844] = 325894385
A[2845] = 326402367
A[2846] = 332596358
A[2847] = 332722464
A[2848] = 333478350
A[2849] = 333828679
A[2850] = 337048744
A[2851] = 337048746
A[2853] = 337520494
A[2855] = 338037456
A[2859] = 342043010
A[2860] = 343001339
A[2861] = 344261707
A[2863] = 347541912
A[2864] = 351801485
A[2865] = 352793238
A[2866] = 352957883
A[2867] = 353339149
A[2868] = 355219117
A[2869] = 356421002
A[2870] = 357944412
A[2873] = 360554147
A[2876] = 360554149
A[2877] = 360554150
A[2878] = 363683754
A[2879] = 365014255
A[2880] = 365031234
A[2883] = 370203934
A[2886] = 371623190
A[2887] = 372525192
A[2888] = 373164587
A[2889] = 374507549
A[2891] = 374507554
A[2894] = 384664301
A[2898] = 384876436
A[2900] = 385728301
A[2902] = 385728304
A[2903] = 386829697
A[2904] = 386875876
A[2908] = 388098489
A[2911] = 392170501
A[2912] = 392170503
A[2913] = 392170504
A[2914] = 392170506
A[2915] = 392170507
A[2917] = 392340111
A[2919] = 393739773
A[2920] = 395797481
A[2922] = 397205504
A[2924] = 398401035
A[2925] = 398401037
A[2927] = 403161057
A[2928] = 403456745
A[2929] = 405101127
A[2930] = 405101130
A[2931] = 405438190
A[2933] = 406805211
A[2934] = 408569793
A[2935] = 411392976
A[2936] = 411987887
A[2937] = 412411794
A[2938] = 413483458
A[2939] = 413548144
A[2940] = 416110774
A[2943] = 418554412
A[2944] = 420482784
A[2945] = 420482787
A[2948] = 422571929
A[2949] = 422690581
A[2950] = 424745480
A[2952] = 424745483
A[2953] = 425148464
A[2954] = 425965776
A[2956] = 427485099
A[2958] = 428250611
A[2962] = 433511761
A[2965] = 437949109
A[2966] = 438000154
A[2967] = 438155457
A[2968] = 438678333
A[2969] = 439303312
A[2970] = 439303315
A[2971] = 440846989
A[2972] = 440846990
A[2973] = 440846991
A[2975] = 442182892
A[2977] = 442557910
A[2978] = 443379043
A[2979] = 443461097
A[2981] = 443916967
A[2982] = 444313366
A[2983] = 445588557
A[2985] = 445776611
A[2988] = 446524624
A[2989] = 448302623
A[2991] = 449538321
A[2993] = 451502255
A[2995] = 452457911
A[2996] = 452457914
A[2997] = 452942812
A[2998] = 452942815
A[2999] = 452942817
A[3000] = 454748102
A[3001] = 454748104
A[3002] = 458159609
A[3006] = 467565123
A[3007] = 472218468
A[3008] = 473091764
A[3011] = 474507900
A[3012] = 475434899
A[3014] = 477091949
A[3015] = 479475324
A[3016] = 479475326
A[3017] = 480630551
A[3018] = 482341924
A[3019] = 483146779
A[3022] = 486571910
A[3023] = 489033449
A[3025] = 493480856
A[3026] = 494146112
A[3027] = 494146115
A[3028] = 494146116
A[3029] = 494146118
A[3030] = 494146119
A[3031] = 494146122
A[3032] = 495715861
A[3035] = 496316995
A[3036] = 496316996
A[3037] = 496316998
A[3038] = 496317000
A[3039] = 496339757
A[3043] = 500446001
A[3044] = 501376547
A[3045] = 502428047
A[3047] = 506610584
A[3048] = 506746886
A[3049] = 507044908
A[3050] = 507044910
A[3051] = 507951523
A[3053] = 508862612
A[3055] = 511054157
A[3058] = 511781557
A[3059] = 511802913
A[3060] = 511970477
A[3062] = 513684961
A[3063] = 513684962
A[3065] = 514732439
A[3068] = 517236327
A[3070] = 517804330
A[3071] = 517804332
A[3072] = 518153576
A[3073] = 518153577
A[3074] = 518153578
A[3076] = 519432683
A[3077] = 519993446
A[3078] = 519993448
A[3080] = 520921974
A[3081] = 521447473
A[3083] = 521896721
A[3087] = 522217143
A[3089] = 527765762
A[3091] = 528129437
A[3092] = 528919871
A[3093] = 529547033
A[3097] = 532741064
A[3098] = 535358462
A[3100] = 535464819
A[3104] = 537653409
A[3105] = 539296109
A[3106] = 539997814
A[3107] = 544062884
A[3108] = 544062887
A[3109] = 544612551
A[3111] = 544803608
A[3114] = 547238523
A[3115] = 549187030
A[3116] = 550597280
A[3117] = 553205849
A[3119] = 554020768
A[3120] = 555208342
A[3122] = 559101859
A[3123] = 559101860
A[3124] = 561728861
A[3125] = 564693869
A[3127] = 564693870
A[3128] = 564771933
A[3130] = 565617117
A[3133] = 566046109
A[3134] = 566046112
A[3136] = 566941216
A[3137] = 567485737
A[3138] = 567485739
A[3139] = 567485741
A[3140] = 570101681
A[3143] = 572233382
A[3145] = 572233386
A[3146] = 573387689
A[3148] = 576256495
A[3149] = 577022473
A[3150] = 579228649
A[3152] = 579301303
A[3154] = 579678747
A[3155] = 581141941
A[3156] = 588593857
A[3157] = 589776316
A[3159] = 591394640
A[3160] = 591612042
A[3161] = 592311204
A[3163] = 594995561
A[3164] = 595598515
A[3165] = 595635136
A[3167] = 598381590
A[3168] = 598523806
A[3171] = 600259566
A[3172] = 600352487
A[3173] = 602141095
A[3175] = 604607408
A[3177] = 606782451
A[3178] = 606782453
A[3182] = 610951372
A[3183] = 610951374
A[3184] = 612314107
A[3185] = 612579560
A[3188] = 616175878
A[3189] = 616175879
A[3190] = 616175882
A[3191] = 616486261
A[3193] = 617118344
A[3194] = 618397076
A[3195] = 619275306
A[3196] = 619793348
A[3199] = 619793351
A[3201] = 621436678
A[3202] = 621811762
A[3203] = 622292868
A[3207] = 623135343
A[3208] = 624223825
A[3209] = 624770140
A[3212] = 632452662
A[3216] = 634927514
A[3217] = 636822031
A[3220] = 636843867
A[3222] = 644295462
A[3225] = 645247264
A[3226] = 646887215
A[3227] = 649279007
A[3231] = 654272015
A[3233] = 655391650
A[3234] = 657431222
A[3236] = 659981797
A[3238] = 662884624
A[3239] = 663819799
A[3240] = 663819801
A[3241] = 663819802
A[3243] = 663819805
A[3244] = 665412376
A[3246] = 666487040
A[3249] = 672428323
A[3250] = 673511104
A[3252] = 673837035
A[3253] = 674826932
A[3254] = 674826934
A[3257] = 675726182
A[3258] = 677333201
A[3259] = 677885065
A[3261] = 678356400
A[3263] = 680962362
A[3264] = 681027657
A[3266] = 682999596
A[3267] = 682999598
A[3268] = 686533028
A[3269] = 687003567
A[3270] = 687103134
A[3272] = 687410277
A[3275] = 687410281
A[3276] = 687410283
A[3277] = 688530654
A[3279] = 688743290
A[3280] = 693007671
A[3281] = 693007672
A[3282] = 693967079
A[3286] = 696750906
A[3290] = 699770028
A[3291] = 699770029
A[3297] = 705016511
A[3300] = 707629767
A[3301] = 708769057
A[3303] = 715594403
A[3304] = 715594405
A[3306] = 715594407
A[3308] = 715594408
A[3309] = 716065872
A[3311] = 722766086
A[3312] = 722775031
A[3314] = 723852537
A[3316] = 725843445
A[3319] = 733914450
A[3322] = 741356701
A[3324] = 741482204
A[3325] = 741758564
A[3326] = 742603601
A[3327] = 742710366
A[3330] = 743527868
A[3331] = 745607537
A[3333] = 745607540
A[3334] = 745607541
A[3335] = 745607542
A[3337] = 748098918
A[3339] = 750323567
A[3340] = 750778872
A[3341] = 750802691
A[3342] = 751463800
A[3343] = 751463801
A[3345] = 751463804
A[3346] = 751734337
A[3347] = 751734338
A[3348] = 751734339
A[3349] = 752397519
A[3350] = 756100809
A[3351] = 757835687
A[3353] = 758692412
A[3354] = 758692415
A[3355] = 760042998
A[3357] = 760884531
A[3359] = 760884533
A[3361] = 760884535
A[3362] = 760884536
A[3364] = 761391053
A[3365] = 764160739
A[3367] = 767804100
A[3368] = 768181478
A[3370] = 770267587
A[3371] = 771528366
A[3372] = 774760294
A[3373] = 775161118
A[3374] = 778604247
A[3377] = 778604253
A[3379] = 778604256
A[3380] = 778604257
A[3382] = 779497930
A[3383] = 783751195
A[3384] = 784455156
A[3386] = 786109613
A[3387] = 786230219
A[3391] = 789016753
A[3392] = 791503155
A[3393] = 791766191
A[3395] = 792359572
A[3397] = 795842984
A[3398] = 795896569
A[3404] = 803571795
A[3407] = 803571799
A[3409] = 806730478
A[3410] = 808149792
A[3411] = 808149793
A[3415] = 814986220
A[3417] = 816088538
A[3418] = 816088539
A[3420] = 816088541
A[3423] = 816088543
A[3424] = 816574259
A[3425] = 816815055
A[3426] = 819099289
A[3428] = 820139111
A[3430] = 821291447
A[3431] = 822601147
A[3432] = 822746819
A[3434] = 822819840
A[3436] = 823791043
A[3437] = 824600210
A[3439] = 825623540
A[3440] = 825623541
A[3441] = 825767824
A[3444] = 829384934
A[3445] = 837177058
A[3447] = 837177059
A[3448] = 837177060
A[3450] = 838002892
A[3451] = 841410117
A[3452] = 842385338
A[3453] = 842385339
A[3455] = 845879049
A[3456] = 847052731
A[3458] = 847052733
A[3459] = 847052734
A[3461] = 847052735
A[3462] = 847498220
A[3464] = 852598645
A[3465] = 853033752
A[3466] = 853595790
A[3467] = 854960084
A[3469] = 856349487
A[3471] = 857057113
A[3472] = 857651498
A[3474] = 858573375
A[3476] = 860947129
A[3477] = 863402206
A[3478] = 863402209
A[3479] = 864164996
A[3480] = 871233186
A[3483] = 872965796
A[3485] = 874990208
A[3487] = 876014919
A[3488] = 876014920
A[3489] = 876014922
A[3490] = 876014923
A[3492] = 877109186
A[3493] = 880046254
A[3494] = 880695107
A[3498] = 881903548
A[3499] = 884932280
A[3500] = 885498427
A[3501] = 885755983
A[3504] = 888275099
A[3508] = 888604195
A[3509] = 888701291
A[3511] = 889223541
A[3512] = 889527693
A[3513] = 889527694
A[3514] = 889974871
A[3516] = 890666510
A[3517] = 892305891
A[3521] = 897889976
A[3522] = 897889978
A[3523] = 900329563
A[3526] = 907307571
A[3528] = 907320366
A[3530] = 907346130
A[3531] = 907915105
A[3532] = 907936006
A[3534] = 913369645
A[3537] = 914043771
A[3538] = 914043773
A[3541] = 916826326
A[3542] = 918686509
A[3543] = 918823348
A[3547] = 919725154
A[3548] = 919883269
A[3551] = 920917746
A[3552] = 922199527
A[3553] = 923041191
A[3554] = 924238447
A[3556] = 925085756
A[3557] = 925094567
A[3561] = 929562761
A[3562] = 930380580
A[3563] = 931821988
A[3566] = 933267298
A[3568] = 934252973
A[3570] = 934375706
A[3571] = 935158223
A[3573] = 935581276
A[3574] = 938093181
A[3575] = 938726228
A[3578] = 938854337
A[3581] = 942350055
A[3582] = 943696373
A[3583] = 943781071
A[3586] = 947764105
A[3587] = 947764107
A[3589] = 948723482
A[3590] = 949086594
A[3591] = 949086597
A[3593] = 949303710
A[3594] = 950606183
A[3595] = 953740284
A[3596] = 953740287
A[3598] = 955066678
A[3599] = 959487137
A[3600] = 960073446
A[3601] = 960073447
A[3602] = 960073448
A[3603] = 960571598
A[3604] = 962961943
A[3605] = 964496771
A[3607] = 965214574
A[3608] = 965214576
A[3609] = 965974041
A[3611] = 967445746
A[3612] = 967445749
A[3615] = 972484131
A[3616] = 975465521
A[3617] = 976029385
A[3618] = 977878850
A[3621] = 981222586
A[3622] = 981222588
A[3625] = 981447121
A[3626] = 983869124
A[3628] = 984058622
A[3629] = 989354170
A[3630] = 993820480
A[3631] = 993820483
A[3633] = 994752698
A[3634] = 995602744
A[3637] = 997022964
A[3641] = 997038358
A[3642] = 997494898
A[3643] = 997828593
A[3645] = 999513390
A[3646] = 1000675244
A[3648] = 1003030905
A[3649] = 1003682324
A[3650] = 1003925141
A[3651] = 1006870119
A[3652] = 1006872555
A[3653] = 1007477449
A[3654] = 1008219050
A[3655] = 1008219052
A[3656] = 1008418807
A[3657] = 1008735193
A[3658] = 1008735196
A[3660] = 1010519461
A[3663] = 1010519467
A[3664] = 1010519469
A[3666] = 1010519471
A[3671] = 1012943503
A[3672] = 1012943504
A[3673] = 1012943505
A[3674] = 1012943506
A[3675] = 1012943508
A[3679] = 1016659087
A[3681] = 1017659400
A[3682] = 1017659402
A[3684] = 1020662652
A[3686] = 1020662655
A[3687] = 1021023728
A[3688] = 1022080136
A[3689] = 1024428103
A[3691] = 1027334502
A[3692] = 1027454606
A[3694] = 1033208334
A[3696] = 1033208340
A[3697] = 1033850322
A[3698] = 1034512177
A[3699] = 1036366762
A[3702] = 1041283842
A[3705] = 1041928066
A[3707] = 1042603393
A[3712] = 1049244134
A[3714] = 1051147316
A[3715] = 1051298904
A[3716] = 1051298906
A[3717] = 1052097879
A[3719] = 1053169650
A[3721] = 1053380056
A[3722] = 1055273500
A[3723] = 1056413679
A[3724] = 1056628305
A[3726] = 1057900779
A[3727] = 1060490568
A[3728] = 1060693867
A[3729] = 1060693868
A[3730] = 1060928698
A[3733] = 1063251254
A[3734] = 1063251255
A[3736] = 1068690876
A[3737] = 1069841754
A[3738] = 1076212803
A[3741] = 1079920701
A[3742] = 1081276522
A[3743] = 1081918893
A[3744] = 1081918895
A[3747] = 1083275309
A[3751] = 1089122467
A[3752] = 1089879833
A[3754] = 1091644784
A[3756] = 1092762943
A[3757] = 1093025184
A[3758] = 1093025186
A[3759] = 1093515266
A[3763] = 1095757112
A[3765] = 1095757567
A[3766] = 1097162157
A[3767] = 1097778502
A[3768] = 1097778504
A[3769] = 1097778507
A[3771] = 1098343390
A[3772] = 1098444441
A[3773] = 1098746166
A[3774] = 1099427136
A[3775] = 1100652971
A[3777] = 1101403442
A[3781] = 1102807917
A[3783] = 1102951844
A[3784] = 1102951846
A[3787] = 1102951850
A[3789] = 1104066025
A[3790] = 1105484642
A[3791] = 1106588430
A[3792] = 1106588431
A[3796] = 1106588435
A[3797] = 1106588436
A[3799] = 1106588438
A[3801] = 1106588440
A[3802] = 1108292747
A[3803] = 1109126355
A[3804] = 1109126358
A[3805] = 1109503260
A[3806] = 1109503262
A[3809] = 1111623806
A[3810] = 1111869284
A[3811] = 1113101674
A[3812] = 1113199542
A[3813] = 1113199543
A[3814] = 1113199545
A[3816] = 1113526454
A[3817] = 1117020835
A[3818] = 1117182322
A[3819] = 1118161715
A[3822] = 1118742270
A[3823] = 1121258464
A[3824] = 1121969075
A[3827] = 1124638060
A[3828] = 1127044391
A[3829] = 1127044393
A[3830] = 1127044394
A[3831] = 1128590934
A[3832] = 1129315167
A[3833] = 1131493765
A[3834] = 1132117644
A[3835] = 1133791318
A[3836] = 1133871781
A[3837] = 1134071537
A[3840] = 1137192345
A[3841] = 1137192348
A[3842] = 1139764392
A[3843] = 1139764394
A[3844] = 1141903110
A[3847] = 1143304951
A[3851] = 1145495323
A[3854] = 1148520938
A[3858] = 1153035890
A[3860] = 1153805938
A[3861] = 1154990414
A[3864] = 1156520720
A[3865] = 1156520723
A[3866] = 1156589271
A[3867] = 1156589272
A[3869] = 1160310094
A[3870] = 1160310097
A[3871] = 1163347033
A[3872] = 1165995600
A[3873] = 1165995602
A[3875] = 1166482006
A[3876] = 1166552444
A[3877] = 1167904420
A[3878] = 1170092701
A[3879] = 1171299198
A[3881] = 1177179877
A[3882] = 1177323677
A[3884] = 1178310436
A[3885] = 1180511059
A[3887] = 1182349308
A[3889] = 1188255951
A[3892] = 1188809436
A[3893] = 1189186287
A[3896] = 1192039486
A[3897] = 1192459987
A[3899] = 1192459992
A[3900] = 1192459993
A[3902] = 1192459995
A[3903] = 1192838190
A[3906] = 1194216062
A[3907] = 1194216064
A[3908] = 1194216065
A[3912] = 1197697929
A[3913] = 1199613283
A[3915] = 1200280047
A[3916] = 1200554941
A[3917] = 1201109666
A[3918] = 1201109668
A[3919] = 1202591216
A[3920] = 1202591218
A[3921] = 1203465103
A[3922] = 1204670998
A[3923] = 1209519801
A[3924] = 1209519802
A[3926] = 1209551804
A[3927] = 1209672614
A[3928] = 1210140737
A[3929] = 1211151675
A[3930] = 1211811479
A[3931] = 1211811482
A[3932] = 1212224391
A[3933] = 1213249566
A[3935] = 1216107111
A[3936] = 1217536906
A[3937] = 1217733049
A[3938] = 1217733050
A[3939] = 1218006812
A[3940] = 1218644609
A[3942] = 1219553969
A[3943] = 1220385119
A[3944] = 1221368112
A[3945] = 1221368114
A[3949] = 1225608234
A[3950] = 1225608237
A[3951] = 1226990260
A[3952] = 1233383602
A[3953] = 1234320471
A[3954] = 1235426056
A[3955] = 1235426058
A[3956] = 1236157055
A[3958] = 1236925622
A[3960] = 1237291261
A[3964] = 1239742219
A[3965] = 1242004867
A[3967] = 1242788207
A[3968] = 1243157399
A[3970] = 1243157402
A[3971] = 1244138755
A[3972] = 1244528897
A[3973] = 1244547932
A[3975] = 1244547934
A[3979] = 1249567447
A[3982] = 1257039227
A[3983] = 1257221220
A[3984] = 1257772610
A[3985] = 1257772611
A[3987] = 1258705610
A[3988] = 1259649439
A[3989] = 1260314247
A[3990] = 1261347890
A[3991] = 1263931613
A[3993] = 1264312699
A[3994] = 1265251291
A[3995] = 1265251293
A[3996] = 1265251294
A[3997] = 1266948751
A[3999] = 1267553674
A[4000] = 1268644867
A[4002] = 1268644870
A[4003] = 1270517967
A[4004] = 1270914521
A[4005] = 1271324127
A[4006] = 1276461982
A[4008] = 1278732608
A[4009] = 1282176334
A[4011] = 1282176335
A[4012] = 1282176337
A[4013] = 1283993934
A[4014] = 1284890374
A[4020] = 1285046851
A[4021] = 1285046853
A[4022] = 1285046855
A[4024] = 1286489817
A[4026] = 1289522160
A[4027] = 1289946181
A[4029] = 1291886458
A[4032] = 1296007011
A[4033] = 1299426983
A[4034] = 1299426986
A[4035] = 1299426987
A[4036] = 1300557667
A[4037] = 1300936430
A[4038] = 1300936431
A[4039] = 1302010705
A[4041] = 1304056727
A[4042] = 1306117743
A[4044] = 1308397583
A[4046] = 1308397585
A[4048] = 1309423522
A[4049] = 1309423523
A[4050] = 1310116988
A[4052] = 1312586107
A[4053] = 1312586109
A[4054] = 1312586110
A[4056] = 1313595052
A[4060] = 1317609886
A[4061] = 1317609888
A[4062] = 1317609889
A[4063] = 1317609890
A[4064] = 1317887884
A[4065] = 1318013129
A[4067] = 1318013132
A[4068] = 1318013133
A[4069] = 1319026627
A[4070] = 1319832081
A[4073] = 1319832084
A[4074] = 1322609043
A[4075] = 1322708012
A[4076] = 1324088957
A[4078] = 1326256975
A[4079] = 1327087402
A[4080] = 1327087403
A[4082] = 1330021887
A[4083] = 1331865267
A[4085] = 1332348470
A[4087] = 1332602978
A[4089] = 1332602982
A[4090] = 1333015382
A[4091] = 1333015383
A[4093] = 1333015384
A[4095] = 1336366504
A[4096] = 1338866333
A[4097] = 1340064826
A[4098] = 1340672186
A[4099] = 1342327821
A[4100] = 1342836680
A[4101] = 1344825372
A[4102] = 1345770137
A[4104] = 1346816718
A[4107] = 1346816723
A[4108] = 1347433460
A[4109] = 1350862542
A[4110] = 1353219105
A[4111] = 1353827777
A[4112] = 1355119789
A[4114] = 1355275370
A[4115] = 1356186859
A[4116] = 1358502953
A[4117] = 1359239368
A[4120] = 1360037637
A[4121] = 1360037638
A[4122] = 1361332647
A[4126] = 1363685289
A[4127] = 1363685291
A[4128] = 1363685292
A[4130] = 1364185828
A[4132] = 1366064107
A[4133] = 1370161384
A[4135] = 1373652949
A[4136] = 1375885879
A[4137] = 1377094077
A[4138] = 1380187534
A[4139] = 1380187535
A[4140] = 1380358115
A[4145] = 1386777494
A[4148] = 1387155523
A[4150] = 1387314240
A[4151] = 1389181819
A[4153] = 1389181822
A[4155] = 1392653998
A[4156] = 1392922144
A[4157] = 1393206894
A[4158] = 1394027087
A[4159] = 1394310492
A[4160] = 1394995659
A[4162] = 1394995663
A[4163] = 1395042236
A[4164] = 1396800304
A[4166] = 1397276240
A[4167] = 1397276241
A[4168] = 1397663561
A[4171] = 1397663564
A[4173] = 1398238253
A[4175] = 1398565108
A[4179] = 1401110697
A[4180] = 1401594630
A[4181] = 1403785726
A[4182] = 1403889487
A[4183] = 1404830563
A[4185] = 1410182093
A[4186] = 1411827735
A[4188] = 1413099630
A[4192] = 1415757075
A[4193] = 1415757077
A[4194] = 1416108104
A[4195] = 1416561019
A[4196] = 1416947441
A[4199] = 1418669321
A[4200] = 1418669322
A[4202] = 1418669325
A[4203] = 1419713500
A[4204] = 1419744509
A[4206] = 1421158732
A[4207] = 1422303266
A[4210] = 1422345285
A[4213] = 1423852034
A[4214] = 1423942017
A[4216] = 1427995089
A[4220] = 1431079935
A[4222] = 1431791056
A[4223] = 1432592758
A[4224] = 1432592759
A[4225] = 1432658779
A[4226] = 1433871712
A[4227] = 1434942145
A[4228] = 1435204999
A[4229] = 1435205002
A[4231] = 1438569505
A[4232] = 1438569508
A[4233] = 1439573833
A[4234] = 1440650011
A[4235] = 1441100096
A[4237] = 1442160356
A[4238] = 1442160357
A[4239] = 1442160358
A[4241] = 1445129381
A[4242] = 1446334776
A[4243] = 1446334777
A[4244] = 1446739701
A[4246] = 1450005325
A[4248] = 1453164806
A[4249] = 1453164809
A[4252] = 1457788953
A[4254] = 1459483815
A[4255] = 1461218591
A[4256] = 1461430094
A[4257] = 1462602529
A[4258] = 1462602531
A[4259] = 1463335506
A[4261] = 1467602428
A[4262] = 1469148512
A[4263] = 1469208687
A[4264] = 1469208688
A[4265] = 1469941762
A[4268] = 1475807248
A[4272] = 1477587892
A[4273] = 1477708385
A[4274] = 1478614892
A[4275] = 1481456017
A[4277] = 1482934871
A[4278] = 1483301571
A[4280] = 1485213777
A[4281] = 1485771466
A[4282] = 1486267250
A[4285] = 1487532860
A[4286] = 1487955690
A[4289] = 1490893163
A[4291] = 1491490327
A[4292] = 1493310087
A[4296] = 1498586471
A[4297] = 1500376519
A[4298] = 1500377923
A[4299] = 1503868051
A[4300] = 1504115227
A[4301] = 1508938591
A[4302] = 1510167420
A[4303] = 1511222948
A[4306] = 1512250467
A[4307] = 1515262780
A[4308] = 1515956000
A[4312] = 1519730316
A[4314] = 1521165318
A[4315] = 1521263893
A[4318] = 1523868411
A[4320] = 1526359739
A[4321] = 1527037024
A[4323] = 1528384093
A[4324] = 1529691654
A[4325] = 1529691657
A[4326] = 1530682562
A[4328] = 1534586097
A[4331] = 1536333590
A[4334] = 1540550153
A[4335] = 1540550154
A[4337] = 1541314769
A[4338] = 1541314771
A[4341] = 1548226228
A[4342] = 1548903291
A[4343] = 1551233552
A[4344] = 1553739678
A[4346] = 1556206884
A[4347] = 1556206887
A[4349] = 1556751364
A[4350] = 1557270909
A[4352] = 1557270912
A[4353] = 1557270914
A[4354] = 1557453950
A[4356] = 1557453954
A[4357] = 1558518203
A[4359] = 1560417601
A[4360] = 1561426501
A[4361] = 1561426502
A[4363] = 1568709601
A[4365] = 1569191598
A[4367] = 1569642448
A[4369] = 1570021967
A[4370] = 1570360315
A[4373] = 1573881471
A[4375] = 1579223358
A[4377] = 1580374425
A[4380] = 1580711920
A[4381] = 1580711921
A[4382] = 1583916393
A[4384] = 1584787116
A[4387] = 1585886458
A[4388] = 1586156939
A[4389] = 1586196390
A[4391] = 1586596857
A[4392] = 1586596859
A[4393] = 1587201872
A[4394] = 1587201875
A[4395] = 1589525852
A[4396] = 1589525853
A[4398] = 1589670918
A[4399] = 1590647921
A[4400] = 1591837987
A[4402] = 1591850450
A[4407] = 1596147956
A[4408] = 1597821016
A[4409] = 1598154964
A[4412] = 1601265028
A[4413] = 1601618784
A[4416] = 1604466653
A[4419] = 1608301394
A[4422] = 1609661607
A[4424] = 1609661609
A[4425] = 1610402007
A[4426] = 1610402009
A[4427] = 1610817367
A[4430] = 1612678596
A[4432] = 1614456325
A[4434] = 1615327013
A[4435] = 1616245793
A[4436] = 1617698269
A[4440] = 1618141434
A[4441] = 1618141435
A[4442] = 1618141436
A[4443] = 1618141437
A[4444] = 1618141438
A[4445] = 1618141439
A[4446] = 1618141440
A[4448] = 1618141442
A[4449] = 1619216702
A[4451] = 1623914772
A[4452] = 1623914774
A[4457] = 1626627721
A[4458] = 1628236490
A[4459] = 1630132485
A[4461] = 1632796840
A[4463] = 1634172740
A[4468] = 1639072977
A[4471] = 1643091525
A[4473] = 1648688087
A[4476] = 1650251994
A[4483] = 1659844370
A[4484] = 1660103961
A[4486] = 1661827914
A[4489] = 1663213453
A[4490] = 1664556420
A[4491] = 1666086488
A[4493] = 1666086489
A[4494] = 1666086490
A[4495] = 1666086493
A[4497] = 1669128741
A[4498] = 1669277141
A[4499] = 1671153596
A[4500] = 1671350407
A[4501] = 1671577020
A[4503] = 1673285702
A[4504] = 1673647461
A[4506] = 1673647463
A[4510] = 1674416855
A[4512] = 1675452336
A[4513] = 1675452337
A[4514] = 1676709954
A[4515] = 1677272015
A[4516] = 1677272018
A[4517] = 1677474498
A[4519] = 1679322023
A[4521] = 1679322026
A[4523] = 1681168219
A[4524] = 1681785072
A[4525] = 1681785276
A[4526] = 1681785277
A[4527] = 1682284823
A[4530] = 1683569277
A[4531] = 1684825721
A[4532] = 1685889066
A[4535] = 1696571135
A[4536] = 1696951464
A[4537] = 1697802921
A[4539] = 1698295670
A[4540] = 1698570248
A[4541] = 1699353894
A[4542] = 1699659210
A[4543] = 1699989203
A[4544] = 1700977258
A[4545] = 1701646758
A[4546] = 1701711117
A[4548] = 1703473766
A[4549] = 1707088247
A[4550] = 1707766551
A[4551] = 1708828967
A[4552] = 1713066107
A[4553] = 1713381863
A[4554] = 1713656898
A[4556] = 1714362297
A[4558] = 1716918436
A[4560] = 1718536364
A[4561] = 1718684984
A[4564] = 1719687138
A[4565] = 1720934538
A[4566] = 1720934541
A[4568] = 1721981386
A[4569] = 1725587124
A[4570] = 1728775709
A[4571] = 1730882121
A[4572] = 1731051505
A[4575] = 1734556901
A[4576] = 1735530727
A[4577] = 1737547341
A[4578] = 1738045328
A[4579] = 1738181510
A[4581] = 1742416649
A[4586] = 1746161947
A[4587] = 1746762119
A[4588] = 1746816636
A[4593] = 1750840681
A[4594] = 1752249943
A[4596] = 1758323925
A[4597] = 1759006657
A[4598] = 1759135874
A[4599] = 1760594673
A[4600] = 1760899869
A[4603] = 1763506996
A[4608] = 1767010272
A[4609] = 1767072506
A[4610] = 1768875627
A[4612] = 1772524430
A[4613] = 1773182578
A[4614] = 1773316372
A[4615] = 1773844242
A[4616] = 1775418689
A[4617] = 1776584443
A[4618] = 1776584445
A[4620] = 1781661039
A[4622] = 1784316356
A[4624] = 1784971330
A[4628] = 1787586132
A[4629] = 1787586134
A[4631] = 1791504862
A[4632] = 1791861860
A[4633] = 1792382403
A[4634] = 1793189194
A[4635] = 1794442351
A[4636] = 1799423169
A[4638] = 1801783589
A[4642] = 1805108111
A[4643] = 1808347456
A[4644] = 1808608099
A[4646] = 1808717346
A[4647] = 1808721072
A[4648] = 1813974029
A[4649] = 1814334108
A[4652] = 1816353855
A[4653] = 1816353856
A[4654] = 1816353857
A[4655] = 1817899017
A[4656] = 1818062975
A[4657] = 1818062978
A[4660] = 1822848644
A[4661] = 1823407864
A[4663] = 1825868179
A[4664] = 1825868180
A[4665] = 1825868181
A[4666] = 1825868183
A[4672] = 1829267124
A[4674] = 1831460465
A[4676] = 1832055354
A[4678] = 1832455275
A[4679] = 1832542601
A[4680] = 1832542602
A[4681] = 1832542605
A[4682] = 1832673630
A[4683] = 1833200900
A[4686] = 1836310384
A[4687] = 1836310387
A[4688] = 1838744286
A[4691] = 1842402350
A[4692] = 1842402351
A[4694] = 1844546071
A[4695] = 1851369480
A[4696] = 1853679311
A[4697] = 1853679312
A[4698] = 1853679313
A[4701] = 1857178686
A[4702] = 1860095944
A[4703] = 1860095947
A[4704] = 1862064181
A[4706] = 1863891740
A[4710] = 1867624626
A[4711] = 1868492939
A[4712] = 1871282101
A[4714] = 1876256151
A[4715] = 1877381617
A[4717] = 1880397531
A[4718] = 1880397532
A[4720] = 1880816730
A[4723] = 1885228190
A[4725] = 1885996401
A[4727] = 1885996407
A[4728] = 1888147095
A[4729] = 1888147096
A[4730] = 1888416697
A[4732] = 1888957907
A[4733] = 1888957909
A[4734] = 1888957910
A[4735] = 1891736533
A[4737] = 1892806042
A[4741] = 1895871541
A[4742] = 1898310568
A[4743] = 1898310570
A[4744] = 1899382254
A[4745] = 1899506390
A[4747] = 1903122714
A[4748] = 1903122715
A[4749] = 1903122717
A[4751] = 1903631512
A[4752] = 1903631514
A[4753] = 1903631515
A[4754] = 1906414031
A[4755] = 1906414034
A[4756] = 1906414036
A[4757] = 1906628389
A[4758] = 1906628392
A[4760] = 1907846015
A[4762] = 1908462232
A[4763] = 1911245496
A[4764] = 1914854760
A[4765] = 1915736528
A[4766] = 1915881887
A[4767] = 1917815672
A[4768] = 1918347349
A[4769] = 1922743500
A[4770] = 1924037200
A[4771] = 1927035518
A[4773] = 1927233439
A[4778] = 1927233443
A[4779] = 1927233444
A[4780] = 1929739861
A[4781] = 1929739864
A[4782] = 1931077970
A[4783] = 1931077973
A[4784] = 1931418520
A[4785] = 1932050377
A[4786] = 1934791546
A[4787] = 1935046429
A[4789] = 1935132031
A[4790] = 1936009829
A[4791] = 1939379108
A[4792] = 1943096921
A[4794] = 1943640538
A[4795] = 1944788988
A[4796] = 1945121279
A[4797] = 1945121282
A[4799] = 1946680817
A[4801] = 1947798393
A[4802] = 1949141344
A[4803] = 1952009587
A[4804] = 1952750576
A[4805] = 1954646734
A[4807] = 1955312538
A[4808] = 1955844994
A[4809] = 1956953527
A[4810] = 1957631408
A[4813] = 1961770821
A[4814] = 1963695520
A[4815] = 1963695521
A[4818] = 1965418681
A[4819] = 1966401112
A[4820] = 1966401113
A[4821] = 1966855904
A[4822] = 1973367010
A[4823] = 1973367011
A[4825] = 1973367014
A[4826] = 1975275853
A[4827] = 1975580111
A[4828] = 1975794691
A[4829] = 1978512021
A[4830] = 1980667169
A[4831] = 1981089538
A[4833] = 1981593799
A[4835] = 1982259225
A[4837] = 1982824110
A[4838] = 1983200173
A[4839] = 1989382883
A[4841] = 1989382885
A[4844] = 1990881268
A[4847] = 1997288545
A[4848] = 1998224123
A[4849] = 1998913644
A[4850] = 1999712999
A[4852] = 2000708701
A[4853] = 2001849217
A[4854] = 2001849218
A[4856] = 2005943940
A[4858] = 2006917608
A[4859] = 2010984547
A[4860] = 2013029212
A[4862] = 2015139511
A[4863] = 2015139512
A[4864] = 2016049135
A[4865] = 2018030149
A[4866] = 2018030150
A[4868] = 2020449926
A[4869] = 2021044481
A[4870] = 2021044482
A[4873] = 2021150948
A[4874] = 2022946696
A[4878] = 2027731533
A[4879] = 2027731536
A[4880] = 2028579517
A[4881] = 2028733788
A[4885] = 2030992185
A[4886] = 2030992188
A[4887] = 2030992190
A[4888] = 2030992193
A[4889] = 2031047713
A[4892] = 2037703207
A[4894] = 2039898569
A[4896] = 2044035263
A[4902] = 2049554942
A[4903] = 2049596070
A[4905] = 2051371219
A[4906] = 2051573097
A[4907] = 2051573100
A[4908] = 2052637075
A[4909] = 2052842803
A[4911] = 2053826936
A[4914] = 2055961636
A[4915] = 2061082332
A[4917] = 2062681646
A[4918] = 2063811420
A[4920] = 2065060249
A[4922] = 2067493414
A[4923] = 2068094389
A[4925] = 2069381147
A[4927] = 2069381151
A[4931] = 2070304627
A[4932] = 2071233284
A[4933] = 2072540471
A[4934] = 2072540474
A[4935] = 2073904989
A[4936] = 2076060894
A[4942] = 2079582702
A[4943] = 2080777996
A[4944] = 2085570989
A[4946] = 2093471160
A[4947] = 2093596711
A[4948] = 2094444163
A[4949] = 2096459842
A[4951] = 2098547172
A[4952] = 2099570444
A[4953] = 2100155427
A[4954] = 2100614387
A[4955] = 2100614389
A[4956] = 2103644020
A[4957] = 2103644022
A[4958] = 2105415773
A[4959] = 2109244104
A[4960] = 2109613845
A[4961] = 2110028739
A[4962] = 2110328494
A[4963] = 2115849476
A[4965] = 2118072377
A[4967] = 2119463350
A[4969] = 2122395260
A[4971] = 2125646011
A[4974] = 2126832791
A[4975] = 2127511803
A[4976] = 2129657402
A[4977] = 2130101656
A[4981] = 2136587526
A[4984] = 2139648278
A[4985] = 2139648281
A[4987] = 2140979078
A[4988] = 2143666584
A[4989] = 2143666585
A[4991] = 2143666587
