81
A[28] = -1955354141
A[97] = -1902067676
A[119] = -1880822724
A[253] = -1876397399
A[266] = -1844532775
A[299] = -1822521842
A[322] = -1651520020
A[401] = -1628486272
A[453] = -1606285840
A[477] = -1583276463
A[550] = -1582058764
A[795] = -1557315753
A[920] = -1518887506
A[941] = -1477732864
A[960] = -1332898681
A[1032] = -1306056994
A[1082] = -1295180014
A[1117] = -1267573731
A[1120] = -1164132763
A[1178] = -1163509640
A[1271] = -1130327647
A[1344] = -1129767009
A[1373] = -1116034980
A[1382] = -1099384273
A[1450] = -1055658939
A[1581] = -966666639
A[1603] = -916617890
A[1701] = -797831574
A[1726] = -778515989
A[1727] = -766982736
A[1795] = -587581607
A[1799] = -559181749
A[1859] = -517486919
A[1886] = -387862220
A[1891] = -238868368
A[1936] = -56270719
A[2046] = -9491864
A[2081] = 4818934
A[2103] = 57397960
A[2163] = 59737220
A[2176] = 70033224
A[2237] = 83672784
A[2265] = 84329471
A[2266] = 118351885
A[2278] = 168911512
A[2296] = 268479970
A[2370] = 310025062
A[2420] = 392610592
A[2441] = 408248731
A[2687] = 424348298
A[2934] = 431764707
A[2996] = 507444324
A[3058] = 553448065
A[3154] = 580991221
A[3310] = 591675807
A[3322] = 607435571
A[3441] = 690493377
A[3515] = 711900444
A[3648] = 768761377
A[3664] = 901192351
A[3700] = 908930430
A[3726] = 929687873
A[3728] = 1008980159
A[3784] = 1015373876
A[3919] = 1135165923
A[3965] = 1191251574
A[3995] = 1265427746
A[4040] = 1312938723
A[4050] = 1398243791
A[4150] = 1501916010
A[4163] = 1616110271
A[4272] = 1645276205
A[4278] = 1709140606
A[4284] = 1749832346
A[4324] = 1800056669
A[4354] = 1869918633
A[4495] = 1900691811
A[4504] = 2067739427
A[4513] = 2071279639
A[4590] = 2135532220
A[4747] = 2141047790
