614
A[201] = -2139172586
A[866] = -2119830064
A[1030] = -2116814072
A[1492] = -2105980213
A[1506] = -2088338378
A[1600] = -2086611707
A[1894] = -2084836121
A[2335] = -2076407064
A[2347] = -2074234406
A[2438] = -2073771999
A[2680] = -2057665672
A[2933] = -2048140074
A[2962] = -2043277067
A[3277] = -2040228278
A[3296] = -2029985628
A[3418] = -2004355853
A[3741] = -2001834459
A[4076] = -1995537150
A[4251] = -1988875514
A[4494] = -1982212786
A[4563] = -1967709555
A[4667] = -1966109752
A[4784] = -1957633100
A[4829] = -1917208765
A[4853] = -1914015383
A[4874] = -1876033930
A[4894] = -1873716458
A[4989] = -1863698576
A[5215] = -1860494640
A[5229] = -1855430773
A[5451] = -1849198464
A[5623] = -1843529666
A[5810] = -1838298621
A[5846] = -1821446036
A[5916] = -1814811117
A[6090] = -1808684767
A[6108] = -1779191893
A[6486] = -1778557766
A[6618] = -1771262886
A[6722] = -1767208376
A[6769] = -1766452966
A[6905] = -1761146377
A[7099] = -1760762872
A[7267] = -1760437400
A[7352] = -1757526561
A[7362] = -1746526583
A[7401] = -1746462741
A[7474] = -1740626000
A[7510] = -1734876067
A[7584] = -1713061066
A[7769] = -1701681696
A[7826] = -1700714388
A[7835] = -1696903882
A[7970] = -1690936608
A[8287] = -1679177802
A[9162] = -1676816146
A[9316] = -1672802296
A[9395] = -1669474509
A[9604] = -1658829382
A[10179] = -1656812186
A[10364] = -1650644081
A[10419] = -1647761607
A[10485] = -1642635578
A[10688] = -1641050846
A[10846] = -1636752515
A[10951] = -1632749420
A[11393] = -1629576133
A[11712] = -1629472975
A[11777] = -1622921955
A[11789] = -1615808875
A[11926] = -1604996080
A[12033] = -1595284135
A[12125] = -1573981722
A[12204] = -1571171557
A[12380] = -1552108448
A[12512] = -1542421492
A[12682] = -1534718945
A[12700] = -1528025662
A[12844] = -1523099117
A[13083] = -1517563538
A[13164] = -1515969035
A[13244] = -1509235285
A[13349] = -1505060307
A[13779] = -1501117784
A[13868] = -1500848952
A[14043] = -1495644232
A[14164] = -1479016369
A[14239] = -1478043559
A[14265] = -1475742461
A[14367] = -1466337127
A[14673] = -1462242389
A[14832] = -1452614035
A[15044] = -1446388169
A[15131] = -1444780581
A[15415] = -1440089430
A[15990] = -1432095732
A[16502] = -1428887705
A[16543] = -1414430554
A[16735] = -1412184353
A[17200] = -1402344262
A[17261] = -1401811048
A[17306] = -1382717681
A[17510] = -1376490443
A[17591] = -1371942663
A[17829] = -1369195215
A[18226] = -1369195214
A[18259] = -1363852081
A[18375] = -1362425802
A[18438] = -1359928049
A[18587] = -1354148623
A[18590] = -1346255297
A[18656] = -1331064517
A[18674] = -1317269688
A[18678] = -1306415863
A[18738] = -1305213781
A[18978] = -1302673736
A[19310] = -1296116257
A[19770] = -1292591514
A[19859] = -1292242394
A[19994] = -1273721646
A[20001] = -1269591467
A[20023] = -1267413072
A[20024] = -1248511816
A[20038] = -1226394946
A[20351] = -1220856369
A[20538] = -1210680811
A[20649] = -1188941603
A[20703] = -1167503534
A[20848] = -1165130529
A[20911] = -1147589758
A[21116] = -1138655771
A[21655] = -1135215526
A[21725] = -1127839634
A[21730] = -1124929537
A[22059] = -1124250764
A[22205] = -1121665298
A[22233] = -1121593086
A[22303] = -1107338753
A[22433] = -1096333768
A[22448] = -1090412793
A[22679] = -1074992419
A[22709] = -1071737869
A[22863] = -1045670840
A[22939] = -1021578358
A[22987] = -1019154576
A[22991] = -1003764898
A[23046] = -984480176
A[23170] = -980297314
A[23230] = -980293429
A[23285] = -961333971
A[23301] = -952179962
A[23363] = -944446330
A[23530] = -941726094
A[23598] = -935745698
A[23622] = -924336401
A[23761] = -922008838
A[23840] = -917774816
A[23909] = -911499687
A[24119] = -910115237
A[24232] = -902747833
A[24700] = -900542714
A[24734] = -890613624
A[24749] = -857852940
A[25022] = -856387253
A[25190] = -855620272
A[25519] = -853275791
A[25683] = -852429903
A[25691] = -840024467
A[25714] = -833432151
A[25753] = -826598081
A[25766] = -818433831
A[25844] = -817533887
A[25938] = -791915457
A[26333] = -770771396
A[26372] = -770515350
A[26373] = -766187956
A[26434] = -745762182
A[26604] = -734789785
A[26649] = -712740247
A[26657] = -710777829
A[26777] = -684580560
A[26825] = -671059172
A[26924] = -668043236
A[26994] = -667304365
A[27442] = -656490089
A[27479] = -645661546
A[27751] = -642083162
A[28110] = -641043720
A[28129] = -615085329
A[28175] = -614107943
A[28432] = -611888341
A[28562] = -608462323
A[28630] = -600745106
A[28701] = -597044094
A[28772] = -591146157
A[28787] = -564702945
A[28877] = -559861054
A[28961] = -548979281
A[29007] = -541298151
A[29019] = -532233000
A[29523] = -529007690
A[29755] = -525060427
A[29854] = -518327499
A[29929] = -507530130
A[29956] = -480604076
A[29967] = -475066002
A[30137] = -474349004
A[30449] = -472927566
A[30583] = -470098399
A[30636] = -448222002
A[30751] = -435527866
A[30849] = -429323113
A[31400] = -421776797
A[31419] = -416036070
A[31481] = -399032734
A[31567] = -396731113
A[31633] = -396349231
A[31689] = -385599728
A[31827] = -383001684
A[31964] = -380251368
A[32227] = -372608140
A[32788] = -366241952
A[32912] = -364108069
A[32918] = -358020054
A[32976] = -350174981
A[33133] = -345062871
A[33345] = -341547720
A[33423] = -327020032
A[34004] = -320042667
A[34065] = -309263470
A[34075] = -304484804
A[34118] = -280218563
A[34685] = -276779154
A[34970] = -274795364
A[34981] = -266305145
A[35145] = -262985464
A[35553] = -258402361
A[35706] = -257252231
A[35772] = -256174592
A[35909] = -254811156
A[36009] = -235946048
A[36250] = -234086050
A[36420] = -220052233
A[36736] = -218321586
A[36787] = -214397361
A[37169] = -210713866
A[37262] = -204813722
A[37529] = -204791002
A[37850] = -199400164
A[37926] = -198776982
A[38081] = -183670336
A[38154] = -179131859
A[38433] = -178641682
A[38449] = -172149063
A[39007] = -170220824
A[39720] = -166011787
A[39775] = -165816730
A[39862] = -159282524
A[40000] = -145254553
A[40089] = -135016552
A[40283] = -130823800
A[40587] = -127405315
A[40943] = -118025644
A[41051] = -114833741
A[41530] = -114816969
A[41689] = -105576934
A[42059] = -105097174
A[42526] = -104682632
A[42942] = -100132343
A[42960] = -94817718
A[43166] = -93422787
A[43199] = -90916814
A[43452] = -88986866
A[43497] = -86824485
A[43848] = -84245396
A[44034] = -82001219
A[44574] = -80283972
A[44636] = -77314157
A[44822] = -71634819
A[45000] = -67058819
A[45087] = -66192637
A[45463] = -60972014
A[45624] = -59448999
A[45837] = -54269065
A[45937] = -49845581
A[45962] = -47917319
A[46082] = -42158690
A[46290] = -41333719
A[46382] = -16290416
A[46604] = -10426993
A[46620] = -6052758
A[46856] = 10621944
A[46866] = 11929096
A[46974] = 20978091
A[47238] = 21497971
A[47432] = 29567592
A[47458] = 30933898
A[47494] = 36076058
A[47566] = 56366249
A[47649] = 56693548
A[47672] = 62936277
A[47818] = 79014302
A[47870] = 92949306
A[48090] = 95976741
A[48178] = 102828262
A[48256] = 104041788
A[48378] = 111298954
A[48405] = 115386658
A[48602] = 135905585
A[48904] = 137662489
A[48949] = 146426101
A[49015] = 159919416
A[49035] = 182026096
A[49614] = 190571135
A[49639] = 202416507
A[49646] = 203381810
A[49720] = 225863047
A[49795] = 227526485
A[50161] = 239090169
A[50434] = 252196029
A[50463] = 253933946
A[50495] = 262036748
A[50700] = 275755947
A[50838] = 290310109
A[50895] = 297907316
A[50920] = 320790310
A[51129] = 331291656
A[51226] = 337883252
A[51228] = 340932583
A[51263] = 361430509
A[51278] = 368108206
A[51313] = 404398763
A[51320] = 425871650
A[51328] = 426443440
A[51372] = 438567635
A[51432] = 457594031
A[51465] = 457598537
A[51514] = 468915838
A[51851] = 472091430
A[52004] = 493631954
A[52005] = 505789841
A[52303] = 506026831
A[52362] = 529042622
A[52477] = 535131292
A[52689] = 536292779
A[52847] = 537425712
A[52884] = 538607855
A[52913] = 539210233
A[52952] = 542312958
A[53163] = 542848875
A[53205] = 543712880
A[53372] = 551272929
A[53522] = 555517305
A[53558] = 560304359
A[53699] = 560764697
A[53713] = 575895797
A[53732] = 583341521
A[54076] = 594589183
A[54184] = 597063742
A[54198] = 633882818
A[54291] = 648598118
A[54483] = 653549204
A[54497] = 673502650
A[54510] = 704543093
A[54571] = 708848031
A[54589] = 720855257
A[54653] = 722176961
A[54659] = 729682581
A[54906] = 730463885
A[55053] = 731025596
A[55075] = 731611784
A[55173] = 733593259
A[55462] = 733719687
A[55556] = 736286087
A[56818] = 738088204
A[56972] = 739505331
A[57156] = 741181234
A[57202] = 743828379
A[57309] = 746954393
A[57788] = 748515419
A[57789] = 757672837
A[57827] = 758104020
A[57896] = 765003980
A[57897] = 774077949
A[57931] = 780019661
A[58125] = 786992781
A[58168] = 797100128
A[58539] = 804094780
A[58572] = 810819955
A[58686] = 821786638
A[58754] = 828487107
A[58944] = 845645660
A[58980] = 848092175
A[59048] = 855787065
A[59124] = 855808530
A[59285] = 859797278
A[59695] = 862856963
A[59878] = 868135624
A[60086] = 880072766
A[60395] = 880876713
A[60442] = 887345198
A[60521] = 911409313
A[60629] = 931879695
A[60673] = 934877862
A[61138] = 953388645
A[61256] = 953580342
A[61345] = 958792460
A[61472] = 972046894
A[61480] = 974581922
A[61592] = 980407941
A[62013] = 982173235
A[62034] = 985037653
A[62482] = 992238777
A[62582] = 996970447
A[63115] = 999477853
A[63125] = 1011236292
A[63263] = 1014359420
A[63344] = 1016205334
A[63387] = 1021480341
A[63560] = 1023928008
A[63564] = 1037348310
A[63781] = 1037481525
A[63785] = 1043590454
A[64294] = 1044511941
A[64373] = 1050886192
A[65054] = 1052249694
A[65117] = 1056431194
A[65347] = 1066507954
A[65597] = 1071015932
A[65602] = 1072036635
A[65798] = 1076741776
A[65960] = 1084075234
A[66106] = 1084394581
A[66237] = 1085530644
A[66882] = 1087695443
A[67080] = 1094760317
A[67105] = 1095081671
A[67231] = 1102710109
A[67589] = 1107355057
A[68071] = 1111880820
A[68436] = 1113445411
A[68495] = 1114524138
A[68946] = 1117334253
A[68985] = 1119722261
A[69068] = 1124502979
A[69178] = 1134156722
A[69187] = 1135027115
A[69272] = 1162921437
A[69475] = 1163104469
A[69704] = 1173908776
A[69761] = 1174739609
A[69780] = 1188546504
A[69861] = 1199619287
A[70368] = 1201032235
A[70407] = 1208916881
A[70599] = 1212255369
A[70671] = 1215764328
A[71047] = 1220268133
A[71522] = 1226672752
A[71625] = 1229443001
A[71731] = 1231369288
A[71995] = 1234645569
A[73253] = 1235303195
A[73919] = 1235578973
A[74169] = 1239504305
A[74396] = 1246353443
A[74584] = 1247165983
A[74873] = 1249934271
A[75010] = 1262164304
A[75047] = 1264155498
A[75216] = 1265471781
A[75298] = 1274765737
A[75498] = 1276416447
A[75686] = 1277477591
A[76153] = 1279152766
A[76303] = 1279530156
A[76425] = 1296823021
A[76430] = 1297366350
A[76736] = 1302791370
A[76991] = 1314930954
A[77118] = 1318060903
A[77127] = 1334054011
A[77209] = 1334547558
A[77618] = 1335581538
A[77729] = 1347757473
A[77940] = 1352125489
A[77993] = 1362988218
A[78348] = 1371029670
A[78430] = 1376039852
A[78544] = 1383219448
A[78622] = 1397334221
A[78685] = 1401159254
A[78696] = 1415915830
A[78950] = 1427869456
A[78994] = 1432054813
A[79396] = 1433993208
A[79491] = 1434460355
A[79733] = 1434460361
A[79800] = 1437579285
A[79875] = 1443818918
A[79938] = 1449129534
A[79962] = 1470445647
A[80135] = 1471218143
A[80165] = 1491395406
A[80626] = 1492640811
A[80660] = 1494736486
A[80983] = 1497951619
A[81195] = 1499494298
A[81271] = 1508214845
A[81350] = 1520587326
A[81797] = 1520587327
A[81812] = 1535644122
A[81856] = 1537273581
A[82025] = 1540945296
A[82031] = 1544997937
A[82032] = 1550437449
A[82633] = 1551714638
A[82814] = 1555940971
A[83172] = 1557301856
A[83376] = 1564879083
A[83458] = 1577020259
A[83470] = 1577682254
A[83496] = 1593024903
A[83865] = 1596694156
A[84013] = 1598425788
A[84047] = 1602454895
A[84234] = 1602890034
A[84560] = 1619720271
A[84592] = 1635856920
A[84635] = 1647576291
A[84648] = 1648565766
A[84705] = 1654966866
A[84743] = 1666509275
A[84770] = 1686618990
A[85063] = 1686929689
A[85195] = 1701244776
A[85285] = 1701396480
A[85433] = 1705078418
A[85443] = 1716275149
A[85614] = 1716733709
A[85669] = 1718090557
A[85928] = 1727261773
A[86076] = 1735270405
A[86746] = 1738039562
A[87000] = 1739141323
A[87253] = 1740313469
A[87588] = 1741438149
A[87816] = 1742414105
A[87833] = 1746560451
A[88305] = 1746808874
A[88353] = 1750937304
A[88414] = 1751315690
A[88525] = 1754802014
A[88702] = 1762742425
A[88792] = 1773130705
A[88885] = 1788437232
A[89059] = 1794309915
A[89441] = 1796414650
A[89684] = 1796840930
A[90080] = 1806960102
A[90263] = 1808353861
A[90493] = 1813439761
A[90541] = 1846499134
A[90592] = 1857106026
A[90621] = 1879834688
A[90667] = 1880709493
A[90794] = 1889796806
A[90844] = 1893582241
A[90846] = 1893982619
A[90994] = 1895405654
A[91105] = 1904060091
A[91647] = 1906233871
A[91717] = 1908375129
A[91742] = 1911682860
A[91797] = 1916657278
A[91897] = 1916884488
A[92177] = 1926279853
A[92280] = 1936963529
A[92716] = 1940956695
A[92900] = 1943429897
A[93060] = 1946362485
A[93425] = 1948059521
A[93432] = 1948102054
A[93545] = 1955394447
A[93674] = 1956461963
A[93723] = 1958617261
A[93869] = 1962130667
A[93969] = 1976697981
A[94446] = 1983518830
A[94509] = 1998270618
A[94771] = 1999553982
A[94774] = 1999842053
A[94917] = 2024299521
A[95196] = 2026254360
A[95207] = 2029712173
A[95214] = 2033720262
A[95267] = 2049746968
A[95485] = 2052181021
A[95729] = 2086925673
A[95731] = 2087466757
A[95959] = 2090127406
A[96007] = 2093908316
A[96036] = 2093926670
A[96374] = 2101041931
A[96730] = 2101147920
A[97465] = 2101345441
A[97607] = 2101827485
A[98300] = 2103184595
A[98658] = 2105256329
A[99258] = 2108267257
A[99398] = 2117262184
A[99435] = 2123634040
A[99612] = 2129792585
A[99677] = 2142779187
