518
A[20] = -2138117957
A[107] = -2128487831
A[281] = -2127628925
A[441] = -2127628924
A[1161] = -2127628923
A[1972] = -2126090773
A[2038] = -2113038744
A[2155] = -2112867154
A[2650] = -2110104675
A[2733] = -2102883752
A[2868] = -2089937166
A[3075] = -2088108273
A[3397] = -2088108272
A[4478] = -2086346585
A[4647] = -2073323347
A[4729] = -2063192725
A[5020] = -2062993556
A[5395] = -2058812916
A[5435] = -2040296705
A[5559] = -2034149299
A[5574] = -2029835593
A[5626] = -2020510161
A[5856] = -2015526347
A[5857] = -2001315777
A[6036] = -1975416707
A[6240] = -1959523655
A[6282] = -1943991854
A[6383] = -1908197651
A[6402] = -1897775753
A[6495] = -1897775751
A[6568] = -1887931506
A[7334] = -1887849808
A[7452] = -1887849805
A[7505] = -1884646997
A[7546] = -1879201045
A[7554] = -1874708742
A[7579] = -1867265887
A[7601] = -1861811416
A[7838] = -1852599747
A[7910] = -1815754780
A[8063] = -1806762261
A[8343] = -1776860179
A[8642] = -1769780745
A[8675] = -1767879681
A[8922] = -1767879679
A[9062] = -1767879676
A[9089] = -1767879673
A[9160] = -1760235348
A[9609] = -1754021801
A[9714] = -1747011475
A[10227] = -1746304145
A[10384] = -1745316719
A[10628] = -1737163721
A[10981] = -1727462671
A[11566] = -1727462670
A[11729] = -1727462668
A[12928] = -1726402828
A[13035] = -1725040281
A[13303] = -1722585566
A[13513] = -1720518104
A[13600] = -1701044450
A[14039] = -1689354018
A[14249] = -1682839649
A[14300] = -1682839646
A[14502] = -1682839644
A[14532] = -1682176682
A[14632] = -1651987779
A[14664] = -1651818816
A[15208] = -1643259282
A[15262] = -1641979763
A[15524] = -1633209565
A[15888] = -1617809531
A[16129] = -1609968629
A[16241] = -1607456358
A[16350] = -1607456356
A[16453] = -1593040550
A[16542] = -1591079894
A[16618] = -1555418999
A[16670] = -1535559552
A[16980] = -1529800374
A[16989] = -1518617537
A[17097] = -1515561771
A[17913] = -1504561421
A[17930] = -1503406850
A[18151] = -1492521691
A[18213] = -1492521687
A[18300] = -1485631928
A[18658] = -1476726319
A[18753] = -1431320521
A[19006] = -1422643337
A[19117] = -1410056993
A[19173] = -1408713655
A[19303] = -1406544179
A[19484] = -1379349205
A[19630] = -1379349202
A[20816] = -1373645533
A[20838] = -1355683702
A[20922] = -1354145039
A[21139] = -1351620685
A[21326] = -1348419108
A[21799] = -1315286621
A[22186] = -1315286619
A[22256] = -1314155339
A[22405] = -1308387082
A[22613] = -1304631602
A[22985] = -1301480985
A[23329] = -1299648469
A[23405] = -1299648468
A[23534] = -1296542992
A[23689] = -1283475957
A[23966] = -1283475954
A[24051] = -1275831898
A[24187] = -1251987598
A[24283] = -1251987596
A[24540] = -1251261459
A[24554] = -1236137872
A[24661] = -1236137869
A[24748] = -1228536292
A[24901] = -1223725521
A[25034] = -1206109744
A[25129] = -1204217189
A[25323] = -1203504690
A[25364] = -1196911261
A[25431] = -1175237593
A[25465] = -1153377548
A[25498] = -1137703642
A[26038] = -1125162774
A[26338] = -1125162771
A[26601] = -1121239231
A[26718] = -1113497721
A[27006] = -1113497719
A[27233] = -1101538321
A[27378] = -1076002931
A[27460] = -1058984610
A[27468] = -1038048618
A[27576] = -1035620288
A[27673] = -1035620286
A[27706] = -1034902789
A[28038] = -1031717922
A[28237] = -1024240348
A[28512] = -1002452739
A[28689] = -997902173
A[28860] = -994091406
A[29253] = -993734231
A[29270] = -973996169
A[29419] = -972583274
A[29436] = -947632316
A[30045] = -946542815
A[30245] = -946542813
A[30520] = -942121427
A[30837] = -910881391
A[31287] = -896729476
A[31989] = -896729475
A[32191] = -876166081
A[32723] = -850877572
A[32731] = -846312946
A[33018] = -845029010
A[33117] = -841371975
A[33310] = -841371974
A[33354] = -825918091
A[33363] = -823913712
A[33613] = -823913710
A[33634] = -806830855
A[34413] = -806717034
A[34539] = -806717031
A[34797] = -806717030
A[34842] = -782676872
A[34877] = -760565702
A[34939] = -759743445
A[35117] = -757468904
A[35398] = -748460465
A[35996] = -748321579
A[36385] = -745962275
A[36668] = -735277025
A[36909] = -735277022
A[36974] = -735277019
A[37398] = -732664657
A[37439] = -727030949
A[37575] = -716042085
A[37953] = -708355020
A[37980] = -701075739
A[37986] = -682559834
A[38024] = -682559832
A[38050] = -671397439
A[38475] = -667720633
A[38507] = -657155493
A[38696] = -654107261
A[38745] = -649791698
A[39022] = -648252903
A[39103] = -648252902
A[39467] = -633653425
A[39634] = -616202233
A[39641] = -599498189
A[39711] = -596848270
A[39713] = -583232762
A[39777] = -580529018
A[39785] = -556392588
A[39791] = -546794330
A[39806] = -543948051
A[39833] = -543543329
A[40041] = -539111734
A[40238] = -537067999
A[40316] = -535527265
A[40689] = -535527264
A[40977] = -535527263
A[41047] = -493584273
A[41085] = -472856424
A[41411] = -452993320
A[41567] = -452993316
A[41946] = -452360009
A[41947] = -444807208
A[41970] = -443723907
A[42006] = -438640899
A[42130] = -434542744
A[42258] = -422658679
A[42418] = -422658676
A[42504] = -396013341
A[42520] = -384397547
A[42550] = -374430686
A[42562] = -360733188
A[42727] = -355760830
A[42768] = -352295070
A[42861] = -337907941
A[42917] = -317021529
A[42920] = -317021528
A[43227] = -316786207
A[43416] = -291696895
A[43465] = -290277732
A[43481] = -284746252
A[43546] = -282211124
A[43547] = -267355777
A[43643] = -258616352
A[43702] = -245804685
A[43908] = -241613386
A[44004] = -226084162
A[44155] = -219957067
A[44347] = -197670518
A[44391] = -193811291
A[44538] = -181460682
A[44769] = -181460680
A[45223] = -179257555
A[45427] = -165296147
A[45475] = -159176971
A[45637] = -158278868
A[45682] = -157163357
A[46066] = -157163356
A[46275] = -154291342
A[46362] = -143560473
A[46696] = -112690605
A[46804] = -107339058
A[47042] = -92821839
A[47368] = -89937383
A[47404] = -89937382
A[47592] = -89008161
A[47602] = -27690087
A[47735] = -15482395
A[47771] = -14164420
A[47972] = -13363714
A[48021] = 4589698
A[48069] = 8498604
A[48214] = 14076933
A[48280] = 14076935
A[48488] = 15240405
A[48597] = 17886228
A[48772] = 34860512
A[48809] = 42291891
A[49113] = 65637726
A[49194] = 86046073
A[49333] = 91761112
A[49426] = 92494914
A[49555] = 100704133
A[49599] = 101271205
A[49627] = 101271207
A[49638] = 114748047
A[49639] = 118730675
A[49724] = 118730676
A[50338] = 139875011
A[50513] = 145304939
A[50661] = 145806735
A[50770] = 159165677
A[50922] = 160003290
A[51086] = 166317495
A[51462] = 170009284
A[51717] = 236167475
A[51750] = 236167476
A[51950] = 247065468
A[51970] = 255029430
A[52260] = 281142136
A[52296] = 288169832
A[52297] = 291665801
A[52497] = 354915413
A[52869] = 356977159
A[52906] = 356977160
A[53333] = 357083514
A[53590] = 361438041
A[53895] = 393251005
A[53942] = 395811182
A[54117] = 400909862
A[54260] = 402317967
A[54301] = 407707518
A[54463] = 411396882
A[54647] = 416786798
A[54705] = 422620473
A[54924] = 448177254
A[55091] = 448407903
A[55329] = 448407906
A[55567] = 456981148
A[55667] = 456981150
A[56303] = 456981151
A[56598] = 471582244
A[56649] = 474292751
A[57672] = 474292754
A[57869] = 474292756
A[57886] = 474945887
A[58433] = 490710174
A[58753] = 495023499
A[59064] = 496469304
A[59174] = 499640486
A[59465] = 500100994
A[60190] = 523080586
A[60716] = 523080588
A[60885] = 523080591
A[60956] = 524142644
A[61366] = 525072073
A[61864] = 526063077
A[62189] = 563508507
A[62220] = 563508508
A[62473] = 563508510
A[63273] = 580667139
A[63275] = 581803608
A[63697] = 581803610
A[63850] = 581803611
A[64036] = 587728527
A[64114] = 629663334
A[64306] = 637498047
A[64677] = 640147919
A[64776] = 656130705
A[64784] = 659545465
A[65198] = 661844788
A[65278] = 666738453
A[65394] = 688147971
A[65626] = 704217377
A[65735] = 706874437
A[66176] = 708565530
A[66265] = 719034970
A[66426] = 724460285
A[66765] = 724460288
A[66976] = 724460291
A[67143] = 732383403
A[67152] = 732383407
A[67241] = 733920106
A[67331] = 733920109
A[67442] = 736068813
A[67754] = 737340129
A[67781] = 737340131
A[68254] = 737340132
A[68825] = 737340135
A[68850] = 779975020
A[68996] = 781805202
A[69537] = 782854728
A[69703] = 784822861
A[69724] = 796711505
A[70038] = 804700973
A[70075] = 806037802
A[70187] = 815513400
A[70481] = 821288789
A[70577] = 821288790
A[70699] = 821288792
A[70701] = 824272225
A[71172] = 830678514
A[71173] = 840911828
A[71295] = 844139694
A[71419] = 896815798
A[71433] = 898479098
A[71812] = 911158205
A[72234] = 922969687
A[72269] = 935530342
A[72330] = 938864971
A[72647] = 974888881
A[72663] = 974981514
A[72771] = 977080161
A[72824] = 1022705036
A[72993] = 1022951986
A[73201] = 1035970971
A[73309] = 1047026714
A[73501] = 1047258263
A[73528] = 1047258265
A[73773] = 1048859268
A[73781] = 1056616687
A[73841] = 1069938447
A[73882] = 1076495928
A[74197] = 1085247675
A[74243] = 1087359376
A[74328] = 1095064722
A[74485] = 1105646198
A[74598] = 1114393617
A[74708] = 1116316983
A[74729] = 1128742848
A[75362] = 1135128664
A[75386] = 1141008391
A[75520] = 1149486967
A[75679] = 1175409958
A[75740] = 1181520157
A[76298] = 1201703599
A[76443] = 1221993817
A[76461] = 1231749977
A[76630] = 1245483479
A[76701] = 1249412102
A[76975] = 1258216113
A[77449] = 1258814452
A[77599] = 1260096539
A[77660] = 1283549830
A[78099] = 1289316122
A[78557] = 1293227917
A[78588] = 1293569843
A[78858] = 1298650911
A[79011] = 1298650912
A[79137] = 1298650913
A[79319] = 1304772116
A[79352] = 1314138525
A[79368] = 1328176426
A[79602] = 1331099959
A[80010] = 1331399317
A[80068] = 1335926998
A[80371] = 1336309673
A[80398] = 1350134725
A[80461] = 1351841887
A[80609] = 1355947311
A[81182] = 1358885287
A[81283] = 1374543246
A[81314] = 1383393838
A[81371] = 1383393839
A[81541] = 1391612851
A[81564] = 1391612853
A[81644] = 1401917003
A[81779] = 1409243046
A[82315] = 1412830226
A[82487] = 1419494638
A[83118] = 1421285694
A[83127] = 1426297046
A[83168] = 1427926301
A[83471] = 1432931914
A[83557] = 1437309135
A[83636] = 1459432216
A[83701] = 1502636471
A[83749] = 1519781955
A[84018] = 1535531564
A[84210] = 1536814053
A[84352] = 1570650189
A[84516] = 1577647398
A[84543] = 1577647399
A[84984] = 1596221303
A[85350] = 1596221304
A[86027] = 1596221305
A[86084] = 1598590559
A[86119] = 1600680416
A[86474] = 1612604395
A[87199] = 1617690870
A[87248] = 1617933693
A[87280] = 1625532510
A[87289] = 1636452777
A[88062] = 1638580951
A[88154] = 1638580952
A[88276] = 1642759135
A[88708] = 1652689033
A[89316] = 1654746217
A[89571] = 1657039122
A[89808] = 1659923592
A[89928] = 1662531496
A[90146] = 1665022199
A[90578] = 1682453991
A[90628] = 1697358928
A[90679] = 1702775572
A[90784] = 1703273947
A[90874] = 1704892034
A[90895] = 1715913291
A[91227] = 1717257613
A[91837] = 1724836974
A[91947] = 1725606122
A[92469] = 1725911222
A[92507] = 1739234230
A[92545] = 1764549305
A[92638] = 1764549306
A[92763] = 1789016233
A[92866] = 1804809762
A[93109] = 1813710354
A[93318] = 1831710207
A[93403] = 1862907700
A[93579] = 1876042967
A[93713] = 1894787584
A[93780] = 1894787586
A[94061] = 1894787587
A[94105] = 1902011966
A[94351] = 1941749622
A[94412] = 1946379571
A[94522] = 1946379574
A[94523] = 1951587892
A[94561] = 1951587895
A[95201] = 1954361557
A[95857] = 1971000403
A[96057] = 1971852157
A[96104] = 1989053923
A[96209] = 1989053926
A[96667] = 2035800155
A[97012] = 2035800156
A[97265] = 2039830397
A[97480] = 2051032797
A[97870] = 2051032800
A[97905] = 2067966194
A[97975] = 2073294017
A[98292] = 2086566460
A[98361] = 2093631600
A[98638] = 2096034387
A[99152] = 2112329738
A[99396] = 2128049334
A[99676] = 2128049337
A[99870] = 2135085697
A[99988] = 2141507364
