258
A[9] = -2121766795
A[1047] = -2085885745
A[2105] = -2056551693
A[2307] = -2048173806
A[2503] = -2005895236
A[2569] = -1980871125
A[2681] = -1968022906
A[2750] = -1965238012
A[2781] = -1962309057
A[4244] = -1960843647
A[4340] = -1936834276
A[4369] = -1926137314
A[4454] = -1921900483
A[5202] = -1916482385
A[5302] = -1889022208
A[5668] = -1881850113
A[5688] = -1835382745
A[5959] = -1767310015
A[6579] = -1742520688
A[6681] = -1741596861
A[6734] = -1732657634
A[7005] = -1702033526
A[7266] = -1619342613
A[7435] = -1597461040
A[7441] = -1595751677
A[7725] = -1549587843
A[8137] = -1524727634
A[8791] = -1515230030
A[9478] = -1513947349
A[9488] = -1500970242
A[9654] = -1479711090
A[9665] = -1463070990
A[10210] = -1456085279
A[10815] = -1449532482
A[10851] = -1418624870
A[11158] = -1414834174
A[12434] = -1410831552
A[12633] = -1408594464
A[12957] = -1388366721
A[13146] = -1344065696
A[13218] = -1328180937
A[13596] = -1311321063
A[13652] = -1264372537
A[13666] = -1243093789
A[14076] = -1171142994
A[14474] = -1155227028
A[14882] = -1113692058
A[15352] = -1074607975
A[15440] = -1072763386
A[15843] = -1066888092
A[15998] = -1040593675
A[16002] = -1039300897
A[16457] = -1033340370
A[17403] = -1029967080
A[17450] = -1022958186
A[17643] = -1006699165
A[17844] = -988695166
A[18519] = -975680909
A[19692] = -958489298
A[19923] = -904448794
A[20099] = -895025213
A[20507] = -889136464
A[21057] = -885265148
A[21979] = -878291741
A[22097] = -868585034
A[22210] = -830587258
A[22260] = -791329746
A[23015] = -779860972
A[23663] = -778644121
A[24206] = -757494289
A[24210] = -747487059
A[25245] = -746485983
A[25546] = -735434669
A[25735] = -690078644
A[25769] = -675036403
A[26150] = -669679101
A[26271] = -650748588
A[26332] = -633793447
A[26382] = -574908169
A[27042] = -566691249
A[27240] = -558145824
A[27811] = -524841951
A[27937] = -507912427
A[28149] = -470533881
A[28281] = -440044350
A[28460] = -438522509
A[28584] = -421730223
A[29003] = -419870780
A[29422] = -394631901
A[31203] = -382405251
A[31870] = -372772827
A[32162] = -363226142
A[32381] = -361929601
A[32892] = -290632304
A[32979] = -265139037
A[33250] = -261532629
A[33293] = -247340621
A[33427] = -244014094
A[33665] = -211669294
A[34524] = -179421359
A[34619] = -178843371
A[34864] = -166707803
A[35291] = -114427472
A[35488] = -102455132
A[35905] = -87548779
A[35930] = -73912581
A[36213] = -43291532
A[36298] = -17275376
A[36973] = -7395593
A[37295] = -3074920
A[37415] = 19798964
A[37738] = 23960664
A[37792] = 57743245
A[37936] = 63697664
A[37978] = 141734698
A[38218] = 150042970
A[38233] = 181991789
A[38419] = 195478474
A[39095] = 230290722
A[39136] = 240917373
A[39701] = 240985210
A[39814] = 254716374
A[39963] = 283565040
A[40390] = 312606334
A[40572] = 334801059
A[40779] = 350192075
A[41001] = 384083395
A[41783] = 392918039
A[42076] = 400786730
A[42440] = 441390997
A[42624] = 442087712
A[43108] = 480807085
A[43207] = 508226692
A[43361] = 536496092
A[44055] = 538998734
A[44142] = 543983079
A[44532] = 545119015
A[44889] = 563171240
A[45023] = 563612061
A[45142] = 594415848
A[45272] = 599100361
A[45358] = 640279108
A[45362] = 663060337
A[45367] = 704220704
A[45589] = 718079365
A[45733] = 729912298
A[45815] = 740184158
A[45894] = 753838175
A[46711] = 767468032
A[47082] = 781835065
A[47414] = 816877767
A[47937] = 873810742
A[48003] = 885442536
A[48239] = 918804171
A[48449] = 919605496
A[48512] = 922389583
A[48659] = 936861124
A[48805] = 937142689
A[49198] = 971800382
A[49453] = 976243245
A[51362] = 978335086
A[52890] = 978743928
A[53249] = 979038839
A[53592] = 984631857
A[53682] = 987778769
A[53929] = 997984247
A[54041] = 999836350
A[54473] = 1026116125
A[56729] = 1028852468
A[57262] = 1035203850
A[57352] = 1050607244
A[58320] = 1063010734
A[58708] = 1082580779
A[59298] = 1085919971
A[59315] = 1114931680
A[59870] = 1130974937
A[60221] = 1138871005
A[60522] = 1162752141
A[60984] = 1166393647
A[61507] = 1200596244
A[61659] = 1232216372
A[61735] = 1249525376
A[61875] = 1288106454
A[62240] = 1306312020
A[62746] = 1313676996
A[62997] = 1315927268
A[63220] = 1329513851
A[63514] = 1344648557
A[63849] = 1354564332
A[64334] = 1377276097
A[65005] = 1378703477
A[65405] = 1381375229
A[65723] = 1383258071
A[65929] = 1392744287
A[66899] = 1395307641
A[66913] = 1395516846
A[67019] = 1403327404
A[67365] = 1429629123
A[67438] = 1458608235
A[68099] = 1458811739
A[68280] = 1483158923
A[68993] = 1492843701
A[69084] = 1495322837
A[69799] = 1502260802
A[70053] = 1515427665
A[70143] = 1547628229
A[70779] = 1564577046
A[71099] = 1569413256
A[71217] = 1574701673
A[71289] = 1626083331
A[71714] = 1635782693
A[72052] = 1653473441
A[73174] = 1654121834
A[73446] = 1657044643
A[74205] = 1659589655
A[74934] = 1696512118
A[75001] = 1697163186
A[75261] = 1709470023
A[76149] = 1712171484
A[76388] = 1717054608
A[76579] = 1726050941
A[77332] = 1726561672
A[78070] = 1730976964
A[79218] = 1732967800
A[79407] = 1737759985
A[79805] = 1737954846
A[79988] = 1741549015
A[80647] = 1749613618
A[81868] = 1752109533
A[82031] = 1790218231
A[82852] = 1801154530
A[82888] = 1814003106
A[83225] = 1818744987
A[84901] = 1818841136
A[86009] = 1820677631
A[87230] = 1831384236
A[87278] = 1831523899
A[87812] = 1837391578
A[89244] = 1873646148
A[89271] = 1886100486
A[89705] = 1895202700
A[90135] = 1898609074
A[91731] = 1929494280
A[92599] = 1931067246
A[92878] = 1933653482
A[93788] = 1945108095
A[93821] = 1968592847
A[94086] = 1987738486
A[94493] = 1988236308
A[94899] = 2019717894
A[95794] = 2030278379
A[95949] = 2034620242
A[96251] = 2039550234
A[96736] = 2060549200
A[96805] = 2094284606
A[97320] = 2113354483
A[97642] = 2118952016
A[99445] = 2147230419
