398
3
6 10 43
43 18 44
44 2544 42
2
6 36 45
45 31 42
2
6 42 27
27 2119 42
2
6 91 1
1 441 42
3
6 187 38
38 37 18
18 228 42
2
6 189 19
19 645 42
2
6 191 45
45 1845 42
3
6 197 15
15 23 8
8 660 42
3
6 200 25
25 33 7
7 1162 42
3
6 211 15
15 312 39
39 1890 42
3
6 329 13
13 70 32
32 1065 42
3
6 332 25
25 92 50
50 531 42
2
6 343 48
48 196 42
2
6 345 18
18 1086 42
3
6 349 23
23 4 34
34 482 42
3
6 377 5
5 30 31
31 104 42
3
6 414 5
5 182 44
44 3842 42
3
6 424 46
46 47 45
45 3171 42
3
6 432 15
15 314 41
41 614 42
3
6 495 15
15 374 20
20 886 42
3
6 539 22
22 44 18
18 1262 42
2
6 544 30
30 1526 42
2
6 545 45
45 3786 42
1
6 550 42
3
6 552 28
28 477 31
31 121 42
2
6 558 12
12 715 42
3
6 610 46
46 54 44
44 3904 42
3
6 612 43
43 72 48
48 1269 42
2
6 620 20
20 1828 42
2
6 664 41
41 718 42
3
6 738 17
17 106 34
34 977 42
3
6 766 47
47 3 30
30 2336 42
3
6 775 14
14 9 19
19 1069 42
3
6 788 16
16 166 9
9 2100 42
3
6 790 17
17 141 44
44 5721 42
2
6 798 32
32 1207 42
2
6 844 39
39 2040 42
3
6 870 24
24 771 18
18 2125 42
3
6 946 13
13 98 49
49 928 42
2
6 976 18
18 2392 42
2
6 981 17
17 851 42
3
6 1008 43
43 116 30
30 2523 42
2
6 1051 23
23 547 42
2
6 1074 14
14 542 42
2
6 1078 18
18 2647 42
2
6 1082 33
33 35 42
3
6 1084 22
22 232 40
40 960 42
3
6 1199 33
33 56 39
39 3240 42
2
6 1200 44
44 5727 42
3
6 1214 35
35 154 18
18 2712 42
2
6 1267 2
2 1313 42
3
6 1295 13
13 164 44
44 6693 42
3
6 1308 37
37 16 32
32 2661 42
2
6 1321 12
12 1802 42
2
6 1354 27
27 2145 42
2
6 1406 19
19 1825 42
2
6 1444 5
5 373 42
3
6 1459 47
47 20 7
7 1388 42
2
6 1473 28
28 6139 42
3
6 1497 37
37 203 3
3 13 42
2
6 1530 27
27 2576 42
3
6 1540 26
26 210 34
34 2568 42
2
6 1554 19
19 2577 42
2
6 1580 33
33 58 42
2
6 1589 22
22 2744 42
2
6 1630 18
18 4406 42
2
6 1641 32
32 3315 42
2
6 1654 16
16 257 42
2
6 1666 24
24 1172 42
2
6 1667 24
24 1275 42
3
6 1676 13
13 275 31
31 3180 42
3
6 1685 38
38 288 39
39 6515 42
2
6 1745 30
30 3697 42
2
6 1755 17
17 3555 42
2
6 1762 3
3 2508 42
2
6 1773 14
14 1216 42
2
6 1812 48
48 2307 42
2
6 1821 1
1 849 42
2
6 1852 49
49 1454 42
3
6 1860 4
4 213 40
40 1043 42
2
6 1914 14
14 3119 42
2
6 1917 27
27 3021 42
2
6 1948 25
25 159 42
2
6 1982 19
19 2674 42
2
6 2000 2
2 4057 42
2
6 2036 10
10 46 42
2
6 2061 20
20 3486 42
2
6 2091 26
26 4591 42
2
6 2106 24
24 2774 42
2
6 2107 8
8 4143 42
2
6 2122 10
10 1919 42
3
6 2137 15
15 388 9
9 3658 42
2
6 2140 26
26 5102 42
2
6 2149 41
41 2626 42
2
6 2170 19
19 3088 42
2
6 2195 25
25 873 42
3
6 2202 21
21 25 45
45 4420 42
2
6 2210 40
40 1350 42
2
6 2260 48
48 2630 42
3
6 2270 38
38 425 40
40 1423 42
2
6 2316 26
26 6140 42
3
6 2367 29
29 53 27
27 3767 42
3
6 2411 37
37 227 7
7 2320 42
2
6 2415 10
10 3548 42
2
6 2476 19
19 6653 42
3
6 2483 33
33 129 34
34 3450 42
2
6 2522 3
3 2887 42
2
6 2543 26
26 8601 42
2
6 2553 1
1 2159 42
3
6 2590 38
38 521 39
39 7182 42
2
6 2606 17
17 4280 42
2
6 2631 28
28 7058 42
3
6 2641 29
29 55 32
32 3587 42
3
6 2666 21
21 45 34
34 3580 42
1
6 2715 42
2
6 2737 32
32 5077 42
2
6 2775 4
4 1095 42
2
6 2792 24
24 2853 42
3
6 2797 43
43 170 45
45 5094 42
2
6 2817 2
2 4521 42
3
6 2848 16
16 304 44
44 7160 42
2
6 2902 32
32 5405 42
3
6 2932 46
46 553 30
30 4136 42
2
6 2961 37
37 478 42
2
6 2967 33
33 565 42
2
6 2977 25
25 4380 42
2
6 3048 2
2 4536 42
1
6 3052 42
2
6 3075 7
7 4003 42
2
6 3129 14
14 3159 42
1
6 3133 42
2
6 3154 27
27 4578 42
2
6 3168 18
18 5166 42
2
6 3187 48
48 3645 42
2
6 3281 9
9 3925 42
2
6 3316 9
9 4038 42
2
6 3334 37
37 1292 42
3
6 3338 36
36 244 18
18 6556 42
3
6 3391 29
29 1015 34
34 4179 42
2
6 3427 22
22 3265 42
2
6 3429 14
14 3584 42
2
6 3436 1
1 2271 42
3
6 3458 11
11 76 32
32 6181 42
3
6 3483 47
47 81 18
18 7008 42
2
6 3498 13
13 1937 42
3
6 3508 38
38 570 50
50 925 42
2
6 3541 50
50 1083 42
2
6 3543 21
21 368 42
3
6 3550 36
36 1297 9
9 5502 42
2
6 3594 14
14 4230 42
2
6 3633 14
14 5610 42
2
6 3688 5
5 1542 42
2
6 3695 37
37 4473 42
2
6 3711 3
3 4023 42
2
6 3723 9
9 5737 42
2
6 3725 21
21 2377 42
2
6 3729 20
20 3490 42
2
6 3760 21
21 4002 42
2
6 3774 24
24 2954 42
2
6 3829 23
23 1025 42
2
6 3867 47
47 214 42
2
6 3875 31
31 4015 42
2
6 3905 27
27 5076 42
2
6 3909 45
45 5590 42
3
6 3911 5
5 1598 7
7 5291 42
3
6 3999 11
11 229 41
41 2935 42
2
6 4065 32
32 7488 42
2
6 4067 32
32 8257 42
2
6 4078 10
10 4520 42
2
6 4103 23
23 1525 42
2
6 4111 14
14 6487 42
2
6 4162 3
3 5144 42
2
6 4170 18
18 8040 42
3
6 4191 47
47 222 10
10 4596 42
2
6 4251 34
34 4203 42
3
6 4272 29
29 1379 7
7 5707 42
2
6 4340 13
13 4611 42
2
6 4351 17
17 7204 42
2
6 4366 7
7 5779 42
2
6 4373 31
31 4541 42
2
6 4390 44
44 7645 42
2
6 4392 30
30 4325 42
2
6 4401 8
8 4267 42
2
6 4436 24
24 4212 42
2
6 4468 49
49 2434 42
2
6 4555 34
34 4510 42
2
6 4590 23
23 1528 42
2
6 4605 13
13 4620 42
2
6 4619 39
39 7221 42
1
6 4653 42
2
6 4679 36
36 1664 42
2
6 4692 37
37 4780 42
2
6 4723 20
20 3661 42
2
6 4751 27
27 5370 42
3
6 4757 46
46 768 50
50 3463 42
2
6 4759 16
16 3242 42
2
6 4776 27
27 6143 42
2
6 4782 24
24 5877 42
2
6 4805 38
38 1076 42
2
6 4841 23
23 2224 42
2
6 4844 15
15 401 42
2
6 4851 37
37 6506 42
2
6 4870 24
24 6783 42
2
6 4905 35
35 3373 42
2
6 4975 48
48 6222 42
2
6 4982 11
11 573 42
2
6 4986 21
21 5020 42
2
6 4992 31
31 4661 42
2
6 4995 41
41 3206 42
2
6 5007 25
25 7102 42
2
6 5012 24
24 6897 42
2
6 5050 21
21 6499 42
2
6 5058 33
33 3647 42
2
6 5106 20
20 5517 42
2
6 5121 20
20 6369 42
2
6 5146 13
13 6925 42
2
6 5217 15
15 1543 42
2
6 5255 21
21 6846 42
2
6 5264 32
32 8656 42
2
6 5276 38
38 1498 42
2
6 5299 34
34 6129 42
2
6 5308 19
19 7722 42
3
6 5333 43
43 195 50
50 3668 42
2
6 5336 23
23 2637 42
2
6 5362 25
25 8751 42
2
6 5368 38
38 1952 42
2
6 5419 9
9 5901 42
2
6 5435 32
32 9840 42
3
6 5491 46
46 1359 34
34 6216 42
2
6 5498 14
14 7857 42
2
6 5510 21
21 7612 42
2
6 5523 30
30 4857 42
2
6 5577 24
24 6914 42
2
6 5658 36
36 2755 42
2
6 5670 25
25 9040 42
2
6 5724 11
11 2435 42
2
6 5787 40
40 3516 42
2
6 5793 15
15 3175 42
2
6 5798 33
33 7387 42
2
6 5840 38
38 3432 42
2
6 5900 16
16 4377 42
2
6 5957 15
15 4593 42
2
6 5959 20
20 7028 42
2
6 6020 17
17 7353 42
2
6 6046 35
35 4207 42
2
6 6138 5
5 3153 42
2
6 6163 17
17 7811 42
2
6 6225 12
12 2500 42
2
6 6255 49
49 4195 42
2
6 6261 28
28 7588 42
2
6 6262 16
16 5457 42
2
6 6274 18
18 8091 42
2
6 6286 48
48 6861 42
2
6 6320 30
30 6080 42
2
6 6330 14
14 9400 42
2
6 6377 8
8 6853 42
2
6 6394 3
3 5471 42
2
6 6410 33
33 8942 42
2
6 6464 49
49 4600 42
2
6 6474 21
21 9591 42
2
6 6521 5
5 3958 42
2
6 6552 36
36 3959 42
2
6 6616 20
20 7130 42
2
6 6624 35
35 5180 42
2
6 6695 27
27 7238 42
2
6 6719 12
12 3328 42
2
6 6728 50
50 3948 42
2
6 6737 47
47 356 42
3
6 6751 43
43 259 1
1 4341 42
2
6 6825 37
37 7740 42
2
6 6850 44
44 8736 42
2
6 6851 47
47 369 42
2
6 6856 4
4 2340 42
2
6 6942 40
40 4452 42
2
6 6994 23
23 2984 42
2
6 7062 7
7 7210 42
2
6 7064 46
46 1572 42
2
6 7141 21
21 9673 42
2
6 7145 49
49 5342 42
2
6 7147 27
27 7844 42
2
6 7149 10
10 6052 42
2
6 7239 9
9 5911 42
2
6 7269 14
14 9669 42
3
6 7274 43
43 336 34
34 8616 42
2
6 7277 11
11 3517 42
2
6 7287 29
29 3600 42
2
6 7296 30
30 6169 42
2
6 7307 16
16 5709 42
2
6 7354 48
48 7074 42
2
6 7392 13
13 8230 42
2
6 7412 11
11 4481 42
2
6 7430 49
49 8215 42
2
6 7472 2
2 5267 42
2
6 7477 16
16 6311 42
2
6 7555 14
14 9853 42
2
6 7606 5
5 8025 42
2
6 7671 15
15 6768 42
2
6 7677 12
12 4639 42
2
6 7679 3
3 7406 42
2
6 7702 44
44 8743 42
2
6 7713 49
49 9319 42
2
6 7777 3
3 9441 42
2
6 7794 29
29 3660 42
2
6 7802 18
18 9493 42
2
6 7840 40
40 4645 42
2
6 7891 33
33 9644 42
2
6 7897 50
50 6937 42
2
6 7902 9
9 6134 42
2
6 7950 38
38 3929 42
3
6 7951 47
47 1142 39
39 7275 42
2
6 7968 22
22 4021 42
3
6 8012 47
47 1921 34
34 8936 42
2
6 8014 47
47 3380 42
2
6 8022 17
17 7826 42
2
6 8028 29
29 4262 42
2
6 8065 2
2 6597 42
2
6 8073 29
29 6244 42
2
6 8090 37
37 9079 42
2
6 8109 48
48 8192 42
2
6 8121 12
12 5744 42
2
6 8141 50
50 8491 42
2
6 8200 38
38 4152 42
2
6 8221 21
21 9734 42
2
6 8222 19
19 8193 42
2
6 8228 45
45 6338 42
2
6 8236 12
12 7216 42
2
6 8246 46
46 3191 42
2
6 8258 17
17 8456 42
2
6 8262 29
29 6775 42
2
6 8290 15
15 9742 42
2
6 8328 40
40 5296 42
2
6 8349 22
22 4148 42
2
6 8355 31
31 4959 42
2
6 8380 20
20 8523 42
2
6 8439 26
26 9116 42
2
6 8457 30
30 6918 42
2
6 8479 39
39 8280 42
2
6 8537 34
34 8945 42
2
6 8545 4
4 6131 42
2
6 8549 22
22 7218 42
2
6 8559 40
40 7394 42
2
6 8583 1
1 6357 42
2
6 8613 5
5 9676 42
2
6 8661 48
48 8546 42
2
6 8707 36
36 4174 42
2
6 8784 20
20 8994 42
2
6 8810 35
35 5496 42
2
6 8835 11
11 5187 42
2
6 8839 24
24 7643 42
2
6 8867 36
36 4241 42
2
6 8873 41
41 7941 42
2
6 8879 45
45 6642 42
2
6 8902 4
4 6877 42
2
6 8914 20
20 9689 42
2
6 8920 7
7 9109 42
2
6 8927 28
28 7846 42
2
6 8943 33
33 9687 42
2
6 8969 38
38 4367 42
2
6 8988 39
39 9357 42
2
6 9009 38
38 5439 42
2
6 9031 12
12 9245 42
2
6 9069 12
12 9678 42
2
6 9092 35
35 9718 42
1
6 9114 42
2
6 9122 31
31 5818 42
2
6 9160 19
19 8269 42
2
6 9164 36
36 4925 42
2
6 9174 26
26 9328 42
2
6 9197 11
11 8948 42
2
6 9216 43
43 9179 42
2
6 9220 22
22 8984 42
2
6 9244 50
50 8539 42
2
6 9323 30
30 8606 42
2
6 9378 47
47 3772 42
2
6 9407 13
13 8842 42
2
6 9448 46
46 4693 42
2
6 9452 8
8 7666 42
2
6 9506 35
35 9902 42
2
6 9512 36
36 6867 42
2
6 9519 31
31 8826 42
2
6 9538 36
36 7858 42
2
6 9564 27
27 9979 42
2
6 9595 28
28 9234 42
2
6 9666 26
26 9484 42
2
6 9688 40
40 9311 42
2
6 9694 10
10 9745 42
2
6 9704 45
45 6686 42
2
6 9709 47
47 7745 42
2
6 9765 2
2 8570 42
2
6 9832 46
46 8162 42
2
6 9909 24
24 9605 42
2
6 9944 7
7 9490 42
2
6 9948 50
50 9383 42
2
6 9954 50
50 9993 42
2
6 9959 29
29 7446 42
2
6 9976 29
29 9903 42
2
6 9977 5
5 9683 42
1
6 9997 42
