208
3
33 20 3
3 26 47
47 1081 32
3
33 66 6
6 9 35
35 9246 32
2
33 110 50
50 2605 32
3
33 119 10
10 1068 9
9 78 32
3
33 252 44
44 77 7
7 1497 32
2
33 254 7
7 3441 32
3
33 258 38
38 5 27
27 1349 32
3
33 307 43
43 96 19
19 2306 32
3
33 323 20
20 36 14
14 865 32
3
33 330 29
29 57 8
8 537 32
2
33 346 1
1 589 32
3
33 357 3
3 143 14
14 1592 32
3
33 395 21
21 2334 9
9 1302 32
3
33 425 26
26 122 7
7 4325 32
3
33 449 13
13 191 30
30 2815 32
2
33 459 16
16 4 32
2
33 503 41
41 5363 32
2
33 508 34
34 2610 32
2
33 542 19
19 3954 32
2
33 567 18
18 2028 32
2
33 591 34
34 2768 32
3
33 606 20
20 199 30
30 3759 32
3
33 641 6
6 31 18
18 5471 32
2
33 671 11
11 962 32
3
33 689 20
20 1602 45
45 1510 32
2
33 720 23
23 698 32
3
33 729 40
40 90 48
48 522 32
2
33 737 16
16 980 32
3
33 898 24
24 177 8
8 733 32
2
33 926 47
47 1620 32
3
33 954 29
29 453 9
9 2270 32
2
33 1052 21
21 3295 32
3
33 1074 38
38 383 22
22 2770 32
2
33 1193 30
30 4775 32
2
33 1213 41
41 6028 32
2
33 1218 34
34 5334 32
3
33 1229 31
31 59 14
14 3675 32
2
33 1242 15
15 3019 32
2
33 1260 3
3 842 32
2
33 1265 12
12 1437 32
3
33 1304 6
6 240 48
48 2831 32
2
33 1306 20
20 7320 32
2
33 1314 47
47 4526 32
2
33 1346 24
24 1166 32
2
33 1439 22
22 4227 32
2
33 1443 2
2 2346 32
3
33 1526 42
42 93 27
27 1370 32
3
33 1562 4
4 281 14
14 3822 32
2
33 1573 50
50 4337 32
2
33 1601 31
31 2907 32
2
33 1701 17
17 165 32
3
33 1757 46
46 160 17
17 434 32
3
33 1886 28
28 225 48
48 3810 32
2
33 1930 15
15 6661 32
1
33 1990 32
2
33 1999 5
5 785 32
3
33 2105 6
6 499 48
48 5420 32
3
33 2163 40
40 106 16
16 3557 32
2
33 2240 1
1 1160 32
2
33 2325 34
34 6591 32
3
33 2460 49
49 15 27
27 3623 32
3
33 2493 46
46 235 12
12 2434 32
3
33 2500 42
42 402 5
5 2675 32
3
33 2570 42
42 960 45
45 2125 32
2
33 2617 24
24 7015 32
3
33 2648 3
3 2972 23
23 1748 32
3
33 2697 46
46 306 9
9 2713 32
2
33 2731 10
10 4229 32
3
33 2767 26
26 178 23
23 2808 32
2
33 2820 25
25 1138 32
2
33 2843 7
7 7080 32
3
33 2866 42
42 1162 23
23 3181 32
2
33 2874 29
29 716 32
2
33 2877 1
1 1199 32
1
33 2949 32
3
33 2995 40
40 412 9
9 4454 32
2
33 3087 43
43 139 32
2
33 3155 10
10 5037 32
1
33 3247 32
2
33 3262 41
41 6588 32
2
33 3356 12
12 2847 32
2
33 3360 12
12 4572 32
2
33 3400 17
17 1979 32
3
33 3450 26
26 319 45
45 2784 32
3
33 3481 49
49 206 8
8 1315 32
2
33 3514 11
11 2292 32
2
33 3533 31
31 8618 32
2
33 3543 45
45 2933 32
2
33 3553 10
10 5866 32
3
33 3599 37
37 494 9
9 4853 32
3
33 3638 26
26 544 17
17 2417 32
2
33 3714 13
13 2332 32
2
33 3797 22
22 6053 32
2
33 3859 14
14 4777 32
2
33 3928 8
8 1572 32
2
33 3965 39
39 2620 32
2
33 3985 24
24 8208 32
3
33 4283 44
44 379 8
8 5152 32
2
33 4316 39
39 2837 32
3
33 4345 28
28 497 9
9 4950 32
2
33 4381 39
39 8286 32
3
33 4383 44
44 509 8
8 5520 32
2
33 4402 34
34 9783 32
2
33 4406 11
11 2549 32
3
33 4412 38
38 730 19
19 4309 32
2
33 4426 26
26 3132 32
2
33 4448 3
3 4045 32
2
33 4488 29
29 1436 32
2
33 4511 38
38 1833 32
2
33 4521 7
7 7433 32
2
33 4529 12
12 6489 32
2
33 4614 26
26 5819 32
2
33 4682 2
2 2481 32
2
33 4711 19
19 4499 32
3
33 4781 44
44 694 39
39 9742 32
3
33 4842 44
44 876 25
25 2505 32
2
33 4915 5
5 3883 32
3
33 4986 43
43 398 19
19 4646 32
2
33 5048 50
50 5950 32
2
33 5188 21
21 6050 32
2
33 5210 48
48 6893 32
2
33 5307 1
1 8192 32
2
33 5365 4
4 813 32
2
33 5402 17
17 3240 32
2
33 5491 40
40 3190 32
3
33 5510 49
49 242 17
17 4706 32
3
33 5525 43
43 404 9
9 7076 32
3
33 5537 36
36 41 30
30 4966 32
2
33 5559 40
40 4342 32
3
33 5596 43
43 702 9
9 8432 32
3
33 5607 36
36 69 17
17 5826 32
2
33 5643 14
14 4817 32
2
33 5660 3
3 7043 32
2
33 5750 44
44 1152 32
2
33 5788 44
44 5013 32
2
33 5903 41
41 9583 32
2
33 5930 2
2 6155 32
2
33 5959 38
38 5168 32
2
33 5974 13
13 4568 32
2
33 6038 42
42 1371 32
2
33 6187 47
47 7460 32
2
33 6244 5
5 4818 32
2
33 6357 43
43 7470 32
2
33 6409 37
37 9019 32
2
33 6556 4
4 3483 32
3
33 6561 42
42 1882 45
45 4015 32
2
33 6609 4
4 5435 32
2
33 6611 11
11 3210 32
2
33 6772 26
26 6008 32
2
33 6820 48
48 7273 32
2
33 6823 19
19 7805 32
3
33 7000 49
49 1498 23
23 3726 32
2
33 7023 40
40 8880 32
3
33 7047 36
36 237 23
23 9865 32
2
33 7103 22
22 6706 32
2
33 7126 27
27 4177 32
2
33 7142 6
6 6222 32
2
33 7153 15
15 8234 32
2
33 7498 28
28 916 32
3
33 7513 28
28 955 45
45 7093 32
3
33 7539 46
46 679 5
5 5125 32
2
33 7562 40
40 9836 32
2
33 7583 26
26 8912 32
3
33 7605 28
28 1594 30
30 7774 32
2
33 7632 26
26 9381 32
2
33 7730 7
7 8729 32
2
33 7744 50
50 8990 32
2
33 7798 2
2 6653 32
2
33 7912 8
8 6691 32
2
33 8046 11
11 5068 32
3
33 8083 36
36 521 9
9 8454 32
2
33 8086 36
36 5493 32
2
33 8135 11
11 5166 32
2
33 8153 14
14 5565 32
2
33 8273 11
11 5255 32
2
33 8285 42
42 6907 32
2
33 8383 13
13 5498 32
2
33 8459 17
17 6774 32
2
33 8477 7
7 9435 32
2
33 8507 13
13 6571 32
2
33 8519 16
16 5299 32
2
33 8711 10
10 8759 32
2
33 8742 28
28 6813 32
2
33 8802 20
20 8133 32
2
33 8853 50
50 9763 32
2
33 9008 28
28 8051 32
2
33 9011 25
25 8871 32
2
33 9021 3
3 7977 32
2
33 9038 1
1 8210 32
2
33 9059 29
29 9155 32
2
33 9067 36
36 7167 32
2
33 9107 27
27 8608 32
2
33 9140 47
47 9264 32
2
33 9179 19
19 9060 32
2
33 9213 15
15 8314 32
2
33 9228 49
49 5484 32
2
33 9235 28
28 8442 32
2
33 9279 5
5 9025 32
1
33 9321 32
2
33 9328 43
43 9641 32
2
33 9489 21
21 9471 32
2
33 9507 10
10 9319 32
2
33 9520 11
11 9093 32
2
33 9531 22
22 6716 32
2
33 9592 2
2 7975 32
2
33 9651 35
35 9510 32
2
33 9752 16
16 8329 32
2
33 9987 15
15 9100 32
