15
3
120 82 132
132 444 194
194 262 163
6
120 130 190
190 113 83
83 171 51
51 357 174
174 789 21
21 658 163
3
120 244 39
39 441 24
24 318 163
5
120 254 200
200 215 20
20 418 83
83 616 80
80 182 163
4
120 299 149
149 647 36
36 627 119
119 116 163
3
120 309 198
198 931 74
74 169 163
3
120 369 91
91 977 102
102 871 163
3
120 413 156
156 599 93
93 131 163
3
120 519 87
87 651 164
164 529 163
4
120 547 179
179 50 43
43 155 73
73 187 163
5
120 614 45
45 96 62
62 153 178
178 47 165
165 389 163
3
120 656 71
71 381 93
93 908 163
4
120 725 184
184 928 108
108 464 146
146 803 163
5
120 948 187
187 289 64
64 518 97
97 154 14
14 585 163
3
120 976 65
65 375 186
186 40 163
