3002
1
1459 2 831
1
1459 3 831
1
1459 7 831
1
1459 9 831
1
1459 11 831
1
1459 14 831
1
1459 15 831
1
1459 17 831
1
1459 22 831
1
1459 25 831
1
1459 27 831
1
1459 28 831
1
1459 30 831
1
1459 32 831
1
1459 33 831
1
1459 43 831
1
1459 47 831
1
1459 49 831
1
1459 56 831
1
1459 58 831
1
1459 59 831
1
1459 61 831
1
1459 63 831
1
1459 64 831
1
1459 66 831
1
1459 75 831
1
1459 83 831
1
1459 88 831
1
1459 91 831
1
1459 94 831
1
1459 99 831
1
1459 101 831
1
1459 104 831
1
1459 111 831
1
1459 113 831
1
1459 114 831
1
1459 115 831
1
1459 125 831
1
1459 130 831
1
1459 132 831
1
1459 138 831
1
1459 139 831
1
1459 140 831
1
1459 144 831
1
1459 147 831
1
1459 150 831
1
1459 153 831
1
1459 155 831
1
1459 166 831
1
1459 167 831
1
1459 168 831
1
1459 170 831
1
1459 171 831
1
1459 172 831
1
1459 173 831
1
1459 180 831
1
1459 188 831
1
1459 189 831
1
1459 193 831
1
1459 203 831
1
1459 205 831
1
1459 206 831
1
1459 207 831
1
1459 209 831
1
1459 214 831
1
1459 215 831
1
1459 217 831
1
1459 219 831
1
1459 222 831
1
1459 226 831
1
1459 233 831
1
1459 236 831
1
1459 239 831
1
1459 241 831
1
1459 242 831
1
1459 249 831
1
1459 251 831
1
1459 252 831
1
1459 253 831
1
1459 257 831
1
1459 258 831
1
1459 259 831
1
1459 262 831
1
1459 266 831
1
1459 275 831
1
1459 277 831
1
1459 280 831
1
1459 287 831
1
1459 290 831
1
1459 300 831
1
1459 301 831
1
1459 304 831
1
1459 306 831
1
1459 309 831
1
1459 313 831
1
1459 314 831
1
1459 323 831
1
1459 326 831
1
1459 329 831
1
1459 331 831
1
1459 332 831
1
1459 336 831
1
1459 337 831
1
1459 340 831
1
1459 341 831
1
1459 343 831
1
1459 344 831
1
1459 345 831
1
1459 352 831
1
1459 360 831
1
1459 361 831
1
1459 367 831
1
1459 368 831
1
1459 369 831
1
1459 375 831
1
1459 382 831
1
1459 383 831
1
1459 384 831
1
1459 386 831
1
1459 389 831
1
1459 391 831
1
1459 392 831
1
1459 394 831
1
1459 395 831
1
1459 399 831
1
1459 402 831
1
1459 405 831
1
1459 416 831
1
1459 421 831
1
1459 425 831
1
1459 431 831
1
1459 436 831
1
1459 437 831
1
1459 443 831
1
1459 446 831
1
1459 448 831
1
1459 449 831
1
1459 453 831
1
1459 455 831
1
1459 463 831
1
1459 464 831
1
1459 465 831
1
1459 466 831
1
1459 469 831
1
1459 471 831
1
1459 473 831
1
1459 474 831
1
1459 475 831
1
1459 476 831
1
1459 479 831
1
1459 480 831
1
1459 482 831
1
1459 491 831
1
1459 493 831
1
1459 497 831
1
1459 498 831
1
1459 499 831
1
1459 500 831
1
1459 503 831
1
1459 504 831
1
1459 506 831
1
1459 508 831
1
1459 509 831
1
1459 517 831
1
1459 524 831
1
1459 528 831
1
1459 532 831
1
1459 534 831
1
1459 536 831
1
1459 549 831
1
1459 550 831
1
1459 554 831
1
1459 555 831
1
1459 559 831
1
1459 561 831
1
1459 562 831
1
1459 568 831
1
1459 576 831
1
1459 577 831
1
1459 582 831
1
1459 583 831
1
1459 584 831
1
1459 585 831
1
1459 590 831
1
1459 591 831
1
1459 592 831
1
1459 601 831
1
1459 614 831
1
1459 627 831
1
1459 632 831
1
1459 636 831
1
1459 639 831
1
1459 646 831
1
1459 647 831
1
1459 649 831
1
1459 650 831
1
1459 656 831
1
1459 661 831
1
1459 662 831
1
1459 667 831
1
1459 669 831
1
1459 671 831
1
1459 672 831
1
1459 677 831
1
1459 679 831
1
1459 682 831
1
1459 686 831
1
1459 687 831
1
1459 689 831
1
1459 693 831
1
1459 695 831
1
1459 696 831
1
1459 697 831
1
1459 698 831
1
1459 700 831
1
1459 706 831
1
1459 708 831
1
1459 718 831
1
1459 721 831
1
1459 727 831
1
1459 729 831
1
1459 735 831
1
1459 739 831
1
1459 740 831
1
1459 744 831
1
1459 749 831
1
1459 754 831
1
1459 756 831
1
1459 761 831
1
1459 762 831
1
1459 769 831
1
1459 772 831
1
1459 777 831
1
1459 778 831
1
1459 779 831
1
1459 780 831
1
1459 781 831
1
1459 782 831
1
1459 783 831
1
1459 794 831
1
1459 795 831
1
1459 799 831
1
1459 802 831
1
1459 803 831
1
1459 813 831
1
1459 816 831
1
1459 817 831
1
1459 820 831
1
1459 833 831
1
1459 839 831
1
1459 846 831
1
1459 850 831
1
1459 863 831
1
1459 868 831
1
1459 871 831
1
1459 874 831
1
1459 876 831
1
1459 877 831
1
1459 879 831
1
1459 884 831
1
1459 885 831
1
1459 887 831
1
1459 891 831
1
1459 893 831
1
1459 894 831
1
1459 898 831
1
1459 902 831
1
1459 904 831
1
1459 907 831
1
1459 908 831
1
1459 911 831
1
1459 912 831
1
1459 913 831
1
1459 915 831
1
1459 917 831
1
1459 924 831
1
1459 926 831
1
1459 928 831
1
1459 930 831
1
1459 939 831
1
1459 941 831
1
1459 942 831
1
1459 944 831
1
1459 950 831
1
1459 964 831
1
1459 967 831
1
1459 968 831
1
1459 969 831
1
1459 975 831
1
1459 983 831
1
1459 984 831
1
1459 985 831
1
1459 988 831
1
1459 992 831
1
1459 994 831
1
1459 996 831
1
1459 998 831
1
1459 1001 831
1
1459 1003 831
1
1459 1013 831
1
1459 1015 831
1
1459 1019 831
1
1459 1025 831
1
1459 1028 831
1
1459 1036 831
1
1459 1040 831
1
1459 1041 831
1
1459 1042 831
1
1459 1047 831
1
1459 1050 831
1
1459 1054 831
1
1459 1059 831
1
1459 1060 831
1
1459 1061 831
1
1459 1063 831
1
1459 1064 831
1
1459 1065 831
1
1459 1066 831
1
1459 1076 831
1
1459 1077 831
1
1459 1082 831
1
1459 1083 831
1
1459 1086 831
1
1459 1092 831
1
1459 1093 831
1
1459 1094 831
1
1459 1108 831
1
1459 1110 831
1
1459 1113 831
1
1459 1116 831
1
1459 1117 831
1
1459 1123 831
1
1459 1124 831
1
1459 1129 831
1
1459 1130 831
1
1459 1134 831
1
1459 1135 831
1
1459 1136 831
1
1459 1137 831
1
1459 1141 831
1
1459 1143 831
1
1459 1149 831
1
1459 1153 831
1
1459 1155 831
1
1459 1157 831
1
1459 1165 831
1
1459 1166 831
1
1459 1170 831
1
1459 1174 831
1
1459 1189 831
1
1459 1190 831
1
1459 1191 831
1
1459 1193 831
1
1459 1194 831
1
1459 1195 831
1
1459 1197 831
1
1459 1200 831
1
1459 1202 831
1
1459 1204 831
1
1459 1206 831
1
1459 1208 831
1
1459 1210 831
1
1459 1212 831
1
1459 1218 831
1
1459 1220 831
1
1459 1230 831
7
1459 1231 1424
1424 2598 2152
2152 3904 2458
2458 1169 104
104 6216 1095
1095 4034 812
812 3231 831
1
1459 1233 831
1
1459 1234 831
1
1459 1235 831
1
1459 1237 831
1
1459 1239 831
1
1459 1241 831
1
1459 1243 831
1
1459 1255 831
1
1459 1256 831
1
1459 1261 831
1
1459 1266 831
1
1459 1270 831
1
1459 1278 831
1
1459 1280 831
1
1459 1292 831
1
1459 1294 831
1
1459 1296 831
1
1459 1298 831
1
1459 1302 831
1
1459 1303 831
1
1459 1304 831
1
1459 1306 831
1
1459 1307 831
1
1459 1308 831
1
1459 1309 831
1
1459 1313 831
1
1459 1316 831
1
1459 1323 831
1
1459 1325 831
1
1459 1329 831
1
1459 1333 831
1
1459 1339 831
1
1459 1340 831
1
1459 1348 831
1
1459 1351 831
1
1459 1352 831
1
1459 1353 831
1
1459 1359 831
1
1459 1362 831
1
1459 1364 831
1
1459 1366 831
1
1459 1373 831
1
1459 1375 831
1
1459 1376 831
1
1459 1391 831
1
1459 1392 831
1
1459 1393 831
1
1459 1394 831
1
1459 1396 831
1
1459 1403 831
1
1459 1405 831
1
1459 1409 831
1
1459 1416 831
1
1459 1419 831
1
1459 1424 831
1
1459 1425 831
1
1459 1427 831
1
1459 1436 831
1
1459 1437 831
1
1459 1439 831
1
1459 1441 831
1
1459 1442 831
1
1459 1444 831
1
1459 1451 831
1
1459 1461 831
1
1459 1469 831
1
1459 1476 831
1
1459 1477 831
1
1459 1479 831
1
1459 1484 831
1
1459 1491 831
1
1459 1496 831
1
1459 1498 831
1
1459 1501 831
1
1459 1505 831
1
1459 1506 831
1
1459 1511 831
1
1459 1515 831
1
1459 1525 831
1
1459 1526 831
1
1459 1530 831
1
1459 1531 831
1
1459 1533 831
1
1459 1538 831
1
1459 1544 831
1
1459 1545 831
1
1459 1549 831
1
1459 1550 831
1
1459 1551 831
1
1459 1565 831
1
1459 1568 831
1
1459 1569 831
1
1459 1574 831
1
1459 1586 831
1
1459 1594 831
1
1459 1595 831
1
1459 1596 831
1
1459 1601 831
1
1459 1603 831
1
1459 1605 831
1
1459 1608 831
1
1459 1612 831
1
1459 1614 831
1
1459 1624 831
1
1459 1628 831
1
1459 1634 831
1
1459 1637 831
1
1459 1638 831
1
1459 1645 831
1
1459 1648 831
1
1459 1651 831
1
1459 1654 831
1
1459 1656 831
1
1459 1658 831
1
1459 1664 831
1
1459 1665 831
1
1459 1668 831
1
1459 1672 831
1
1459 1673 831
1
1459 1674 831
1
1459 1685 831
1
1459 1686 831
1
1459 1691 831
1
1459 1692 831
1
1459 1694 831
1
1459 1695 831
1
1459 1699 831
1
1459 1700 831
1
1459 1704 831
1
1459 1706 831
1
1459 1707 831
1
1459 1708 831
1
1459 1710 831
1
1459 1718 831
1
1459 1723 831
1
1459 1729 831
1
1459 1734 831
1
1459 1736 831
1
1459 1738 831
1
1459 1745 831
1
1459 1752 831
1
1459 1753 831
1
1459 1758 831
1
1459 1766 831
1
1459 1773 831
1
1459 1774 831
1
1459 1775 831
1
1459 1780 831
1
1459 1796 831
1
1459 1800 831
1
1459 1801 831
1
1459 1802 831
1
1459 1803 831
1
1459 1805 831
1
1459 1807 831
1
1459 1812 831
1
1459 1814 831
1
1459 1820 831
1
1459 1821 831
1
1459 1827 831
1
1459 1830 831
1
1459 1831 831
1
1459 1836 831
1
1459 1837 831
1
1459 1843 831
1
1459 1846 831
1
1459 1852 831
1
1459 1856 831
1
1459 1857 831
1
1459 1861 831
1
1459 1863 831
1
1459 1865 831
1
1459 1869 831
1
1459 1870 831
1
1459 1871 831
1
1459 1873 831
1
1459 1874 831
1
1459 1875 831
1
1459 1876 831
1
1459 1877 831
1
1459 1894 831
1
1459 1895 831
1
1459 1896 831
1
1459 1898 831
1
1459 1903 831
1
1459 1904 831
1
1459 1905 831
1
1459 1908 831
1
1459 1911 831
1
1459 1913 831
1
1459 1914 831
1
1459 1915 831
1
1459 1917 831
1
1459 1928 831
1
1459 1932 831
1
1459 1935 831
1
1459 1936 831
1
1459 1951 831
1
1459 1963 831
1
1459 1967 831
1
1459 1970 831
1
1459 1975 831
1
1459 1976 831
1
1459 1989 831
1
1459 1993 831
1
1459 2001 831
1
1459 2006 831
1
1459 2008 831
1
1459 2010 831
1
1459 2016 831
1
1459 2019 831
1
1459 2020 831
1
1459 2021 831
1
1459 2022 831
1
1459 2024 831
1
1459 2025 831
1
1459 2028 831
1
1459 2032 831
1
1459 2037 831
1
1459 2039 831
1
1459 2050 831
1
1459 2056 831
1
1459 2061 831
1
1459 2071 831
1
1459 2072 831
1
1459 2079 831
1
1459 2080 831
1
1459 2086 831
1
1459 2097 831
1
1459 2098 831
1
1459 2099 831
1
1459 2100 831
1
1459 2106 831
1
1459 2108 831
1
1459 2113 831
1
1459 2120 831
1
1459 2123 831
1
1459 2132 831
1
1459 2140 831
1
1459 2141 831
1
1459 2146 831
1
1459 2153 831
1
1459 2154 831
1
1459 2158 831
1
1459 2163 831
1
1459 2165 831
1
1459 2166 831
1
1459 2168 831
1
1459 2170 831
1
1459 2171 831
1
1459 2174 831
1
1459 2176 831
1
1459 2184 831
1
1459 2185 831
1
1459 2186 831
1
1459 2190 831
1
1459 2191 831
1
1459 2196 831
1
1459 2197 831
1
1459 2198 831
1
1459 2200 831
1
1459 2207 831
1
1459 2209 831
1
1459 2210 831
1
1459 2213 831
1
1459 2214 831
1
1459 2215 831
1
1459 2217 831
1
1459 2221 831
1
1459 2223 831
1
1459 2224 831
1
1459 2227 831
1
1459 2233 831
1
1459 2234 831
1
1459 2235 831
1
1459 2241 831
1
1459 2243 831
1
1459 2244 831
1
1459 2247 831
1
1459 2248 831
1
1459 2250 831
1
1459 2254 831
1
1459 2256 831
1
1459 2258 831
1
1459 2261 831
1
1459 2268 831
1
1459 2274 831
1
1459 2275 831
1
1459 2279 831
1
1459 2289 831
1
1459 2294 831
1
1459 2297 831
1
1459 2299 831
1
1459 2300 831
1
1459 2304 831
1
1459 2310 831
1
1459 2323 831
1
1459 2325 831
1
1459 2337 831
1
1459 2340 831
1
1459 2346 831
1
1459 2347 831
1
1459 2357 831
1
1459 2359 831
1
1459 2361 831
1
1459 2364 831
1
1459 2365 831
1
1459 2368 831
1
1459 2370 831
1
1459 2371 831
1
1459 2372 831
1
1459 2373 831
1
1459 2376 831
1
1459 2387 831
1
1459 2390 831
1
1459 2393 831
1
1459 2397 831
1
1459 2400 831
1
1459 2401 831
1
1459 2403 831
1
1459 2404 831
1
1459 2412 831
1
1459 2417 831
1
1459 2418 831
1
1459 2419 831
1
1459 2422 831
1
1459 2424 831
1
1459 2426 831
1
1459 2441 831
1
1459 2442 831
1
1459 2448 831
1
1459 2449 831
1
1459 2451 831
1
1459 2458 831
1
1459 2459 831
1
1459 2460 831
1
1459 2461 831
1
1459 2462 831
1
1459 2466 831
1
1459 2467 831
1
1459 2468 831
1
1459 2470 831
1
1459 2471 831
1
1459 2473 831
1
1459 2475 831
1
1459 2477 831
1
1459 2481 831
1
1459 2482 831
1
1459 2483 831
1
1459 2488 831
1
1459 2493 831
1
1459 2497 831
1
1459 2502 831
1
1459 2505 831
1
1459 2509 831
1
1459 2511 831
1
1459 2514 831
1
1459 2515 831
1
1459 2516 831
1
1459 2520 831
1
1459 2521 831
1
1459 2522 831
1
1459 2524 831
1
1459 2529 831
1
1459 2530 831
1
1459 2532 831
1
1459 2535 831
1
1459 2538 831
1
1459 2540 831
1
1459 2544 831
1
1459 2549 831
1
1459 2566 831
1
1459 2568 831
1
1459 2570 831
1
1459 2575 831
1
1459 2577 831
1
1459 2581 831
1
1459 2586 831
1
1459 2587 831
1
1459 2590 831
1
1459 2595 831
1
1459 2599 831
1
1459 2600 831
1
1459 2614 831
1
1459 2618 831
1
1459 2621 831
1
1459 2629 831
1
1459 2633 831
1
1459 2635 831
1
1459 2639 831
1
1459 2641 831
1
1459 2642 831
1
1459 2646 831
1
1459 2648 831
1
1459 2650 831
1
1459 2651 831
1
1459 2659 831
1
1459 2660 831
1
1459 2661 831
1
1459 2662 831
1
1459 2665 831
1
1459 2666 831
1
1459 2672 831
1
1459 2673 831
1
1459 2682 831
1
1459 2686 831
1
1459 2692 831
1
1459 2697 831
1
1459 2698 831
1
1459 2699 831
1
1459 2700 831
1
1459 2707 831
1
1459 2709 831
1
1459 2710 831
1
1459 2713 831
1
1459 2716 831
1
1459 2721 831
1
1459 2728 831
1
1459 2732 831
1
1459 2734 831
1
1459 2735 831
1
1459 2738 831
1
1459 2741 831
1
1459 2745 831
1
1459 2752 831
1
1459 2753 831
1
1459 2758 831
1
1459 2764 831
1
1459 2766 831
1
1459 2767 831
1
1459 2772 831
1
1459 2774 831
1
1459 2778 831
1
1459 2784 831
1
1459 2786 831
1
1459 2787 831
1
1459 2791 831
1
1459 2792 831
1
1459 2793 831
1
1459 2798 831
1
1459 2799 831
1
1459 2800 831
1
1459 2801 831
1
1459 2803 831
1
1459 2806 831
1
1459 2813 831
1
1459 2816 831
1
1459 2819 831
1
1459 2822 831
1
1459 2825 831
1
1459 2826 831
1
1459 2830 831
1
1459 2834 831
1
1459 2836 831
1
1459 2839 831
1
1459 2841 831
1
1459 2842 831
1
1459 2843 831
1
1459 2847 831
1
1459 2849 831
1
1459 2850 831
1
1459 2853 831
1
1459 2854 831
1
1459 2855 831
1
1459 2859 831
1
1459 2864 831
1
1459 2868 831
1
1459 2869 831
1
1459 2873 831
1
1459 2875 831
1
1459 2878 831
1
1459 2879 831
1
1459 2880 831
1
1459 2881 831
1
1459 2885 831
1
1459 2887 831
1
1459 2893 831
1
1459 2897 831
1
1459 2898 831
1
1459 2899 831
1
1459 2903 831
1
1459 2907 831
1
1459 2909 831
1
1459 2914 831
1
1459 2923 831
1
1459 2926 831
1
1459 2929 831
1
1459 2930 831
1
1459 2939 831
1
1459 2940 831
1
1459 2942 831
1
1459 2944 831
1
1459 2950 831
1
1459 2952 831
1
1459 2953 831
1
1459 2954 831
1
1459 2955 831
1
1459 2960 831
1
1459 2964 831
1
1459 2966 831
1
1459 2977 831
1
1459 2978 831
1
1459 2980 831
1
1459 2981 831
1
1459 2982 831
1
1459 2989 831
1
1459 2991 831
1
1459 2992 831
1
1459 2995 831
1
1459 2996 831
1
1459 3001 831
1
1459 3006 831
1
1459 3012 831
1
1459 3023 831
1
1459 3027 831
1
1459 3029 831
1
1459 3030 831
1
1459 3035 831
1
1459 3036 831
1
1459 3046 831
1
1459 3047 831
1
1459 3049 831
1
1459 3050 831
1
1459 3052 831
1
1459 3055 831
1
1459 3057 831
1
1459 3058 831
1
1459 3059 831
1
1459 3066 831
1
1459 3069 831
1
1459 3071 831
1
1459 3072 831
1
1459 3074 831
1
1459 3075 831
1
1459 3080 831
1
1459 3084 831
1
1459 3089 831
1
1459 3092 831
1
1459 3096 831
1
1459 3107 831
1
1459 3118 831
1
1459 3119 831
1
1459 3126 831
1
1459 3127 831
1
1459 3132 831
1
1459 3134 831
1
1459 3141 831
1
1459 3142 831
1
1459 3143 831
1
1459 3147 831
1
1459 3149 831
1
1459 3154 831
1
1459 3155 831
1
1459 3158 831
1
1459 3159 831
1
1459 3160 831
1
1459 3164 831
1
1459 3165 831
1
1459 3167 831
1
1459 3169 831
1
1459 3170 831
1
1459 3172 831
1
1459 3175 831
1
1459 3176 831
1
1459 3178 831
1
1459 3185 831
1
1459 3188 831
1
1459 3196 831
1
1459 3200 831
1
1459 3205 831
1
1459 3206 831
1
1459 3207 831
1
1459 3219 831
1
1459 3221 831
1
1459 3222 831
1
1459 3224 831
1
1459 3228 831
1
1459 3232 831
1
1459 3238 831
1
1459 3248 831
1
1459 3250 831
1
1459 3251 831
1
1459 3254 831
1
1459 3256 831
1
1459 3259 831
1
1459 3263 831
1
1459 3267 831
1
1459 3270 831
1
1459 3275 831
1
1459 3279 831
1
1459 3282 831
1
1459 3285 831
1
1459 3287 831
1
1459 3292 831
1
1459 3293 831
1
1459 3294 831
1
1459 3295 831
1
1459 3296 831
1
1459 3297 831
1
1459 3300 831
1
1459 3311 831
1
1459 3312 831
1
1459 3315 831
1
1459 3316 831
1
1459 3322 831
1
1459 3325 831
1
1459 3330 831
1
1459 3331 831
1
1459 3336 831
1
1459 3342 831
1
1459 3344 831
1
1459 3345 831
1
1459 3347 831
1
1459 3355 831
1
1459 3359 831
1
1459 3360 831
1
1459 3362 831
1
1459 3363 831
1
1459 3367 831
1
1459 3369 831
1
1459 3374 831
1
1459 3375 831
1
1459 3380 831
1
1459 3384 831
1
1459 3386 831
1
1459 3389 831
1
1459 3390 831
1
1459 3391 831
1
1459 3397 831
1
1459 3399 831
1
1459 3401 831
1
1459 3404 831
1
1459 3405 831
1
1459 3406 831
1
1459 3416 831
1
1459 3421 831
1
1459 3422 831
1
1459 3425 831
1
1459 3429 831
1
1459 3430 831
1
1459 3433 831
1
1459 3435 831
1
1459 3444 831
1
1459 3453 831
1
1459 3456 831
1
1459 3457 831
1
1459 3460 831
1
1459 3461 831
1
1459 3462 831
1
1459 3464 831
1
1459 3468 831
1
1459 3470 831
1
1459 3476 831
1
1459 3480 831
1
1459 3486 831
1
1459 3488 831
1
1459 3489 831
1
1459 3493 831
1
1459 3494 831
1
1459 3495 831
1
1459 3503 831
1
1459 3504 831
1
1459 3506 831
1
1459 3509 831
1
1459 3510 831
1
1459 3511 831
1
1459 3520 831
1
1459 3523 831
1
1459 3529 831
1
1459 3532 831
1
1459 3537 831
1
1459 3538 831
1
1459 3540 831
1
1459 3541 831
1
1459 3555 831
1
1459 3556 831
1
1459 3559 831
1
1459 3567 831
1
1459 3570 831
1
1459 3571 831
1
1459 3572 831
1
1459 3573 831
1
1459 3576 831
1
1459 3577 831
1
1459 3582 831
1
1459 3583 831
1
1459 3588 831
1
1459 3593 831
1
1459 3598 831
1
1459 3600 831
1
1459 3604 831
1
1459 3612 831
1
1459 3618 831
1
1459 3620 831
1
1459 3621 831
1
1459 3629 831
1
1459 3632 831
1
1459 3637 831
1
1459 3644 831
1
1459 3645 831
1
1459 3651 831
1
1459 3653 831
1
1459 3658 831
1
1459 3664 831
1
1459 3670 831
1
1459 3675 831
1
1459 3676 831
1
1459 3678 831
1
1459 3686 831
1
1459 3688 831
1
1459 3689 831
1
1459 3693 831
1
1459 3697 831
1
1459 3698 831
1
1459 3699 831
1
1459 3702 831
1
1459 3704 831
1
1459 3708 831
1
1459 3713 831
1
1459 3714 831
1
1459 3715 831
1
1459 3718 831
1
1459 3719 831
1
1459 3721 831
1
1459 3723 831
1
1459 3724 831
1
1459 3734 831
1
1459 3740 831
1
1459 3745 831
1
1459 3747 831
1
1459 3748 831
1
1459 3749 831
1
1459 3750 831
1
1459 3751 831
1
1459 3754 831
1
1459 3759 831
1
1459 3764 831
1
1459 3766 831
1
1459 3771 831
1
1459 3773 831
1
1459 3778 831
1
1459 3782 831
1
1459 3785 831
1
1459 3786 831
1
1459 3789 831
1
1459 3790 831
1
1459 3791 831
1
1459 3795 831
1
1459 3797 831
1
1459 3802 831
1
1459 3805 831
1
1459 3808 831
1
1459 3810 831
1
1459 3811 831
1
1459 3819 831
1
1459 3820 831
1
1459 3823 831
1
1459 3830 831
1
1459 3831 831
1
1459 3833 831
1
1459 3834 831
1
1459 3839 831
1
1459 3845 831
1
1459 3848 831
1
1459 3852 831
1
1459 3854 831
1
1459 3855 831
1
1459 3858 831
1
1459 3868 831
1
1459 3869 831
1
1459 3876 831
1
1459 3881 831
1
1459 3891 831
1
1459 3893 831
1
1459 3896 831
1
1459 3900 831
1
1459 3901 831
1
1459 3905 831
1
1459 3907 831
1
1459 3909 831
1
1459 3910 831
1
1459 3911 831
1
1459 3912 831
1
1459 3914 831
1
1459 3915 831
1
1459 3916 831
1
1459 3917 831
1
1459 3922 831
1
1459 3929 831
1
1459 3933 831
1
1459 3936 831
1
1459 3937 831
1
1459 3939 831
1
1459 3941 831
1
1459 3952 831
1
1459 3961 831
1
1459 3962 831
1
1459 3973 831
1
1459 3980 831
1
1459 3982 831
1
1459 3983 831
1
1459 3984 831
1
1459 3985 831
1
1459 3987 831
1
1459 3996 831
1
1459 4000 831
1
1459 4001 831
1
1459 4003 831
1
1459 4007 831
1
1459 4009 831
1
1459 4014 831
1
1459 4019 831
1
1459 4020 831
1
1459 4021 831
1
1459 4023 831
1
1459 4033 831
1
1459 4035 831
1
1459 4046 831
1
1459 4053 831
1
1459 4054 831
1
1459 4058 831
1
1459 4059 831
1
1459 4060 831
1
1459 4061 831
1
1459 4064 831
1
1459 4066 831
1
1459 4067 831
1
1459 4070 831
1
1459 4071 831
1
1459 4075 831
1
1459 4077 831
1
1459 4078 831
1
1459 4083 831
1
1459 4088 831
1
1459 4098 831
1
1459 4099 831
1
1459 4105 831
1
1459 4108 831
1
1459 4111 831
1
1459 4113 831
1
1459 4118 831
1
1459 4120 831
1
1459 4121 831
1
1459 4129 831
1
1459 4130 831
1
1459 4131 831
1
1459 4136 831
1
1459 4137 831
1
1459 4138 831
1
1459 4139 831
1
1459 4144 831
1
1459 4145 831
1
1459 4147 831
1
1459 4148 831
1
1459 4151 831
1
1459 4152 831
1
1459 4166 831
1
1459 4168 831
1
1459 4169 831
1
1459 4170 831
1
1459 4177 831
1
1459 4180 831
1
1459 4183 831
1
1459 4187 831
1
1459 4189 831
1
1459 4192 831
1
1459 4193 831
1
1459 4197 831
1
1459 4198 831
1
1459 4200 831
1
1459 4211 831
1
1459 4213 831
1
1459 4215 831
1
1459 4216 831
1
1459 4217 831
1
1459 4220 831
1
1459 4226 831
1
1459 4229 831
1
1459 4235 831
1
1459 4236 831
1
1459 4238 831
1
1459 4239 831
1
1459 4240 831
1
1459 4241 831
1
1459 4243 831
1
1459 4245 831
1
1459 4257 831
1
1459 4259 831
1
1459 4262 831
1
1459 4263 831
1
1459 4268 831
1
1459 4271 831
1
1459 4272 831
1
1459 4274 831
1
1459 4275 831
1
1459 4280 831
1
1459 4288 831
1
1459 4289 831
1
1459 4290 831
1
1459 4297 831
1
1459 4310 831
1
1459 4318 831
1
1459 4321 831
1
1459 4324 831
1
1459 4332 831
1
1459 4334 831
1
1459 4335 831
1
1459 4336 831
1
1459 4337 831
1
1459 4338 831
1
1459 4341 831
1
1459 4342 831
1
1459 4344 831
1
1459 4346 831
1
1459 4349 831
1
1459 4350 831
1
1459 4354 831
1
1459 4357 831
1
1459 4358 831
1
1459 4361 831
1
1459 4363 831
1
1459 4370 831
1
1459 4371 831
1
1459 4374 831
1
1459 4376 831
1
1459 4377 831
1
1459 4380 831
1
1459 4382 831
1
1459 4391 831
1
1459 4397 831
1
1459 4403 831
1
1459 4405 831
1
1459 4406 831
1
1459 4407 831
1
1459 4409 831
1
1459 4411 831
1
1459 4413 831
1
1459 4414 831
1
1459 4416 831
1
1459 4419 831
1
1459 4420 831
1
1459 4433 831
1
1459 4437 831
1
1459 4451 831
1
1459 4452 831
1
1459 4453 831
1
1459 4458 831
1
1459 4460 831
1
1459 4463 831
1
1459 4469 831
1
1459 4471 831
1
1459 4473 831
1
1459 4474 831
1
1459 4478 831
1
1459 4484 831
1
1459 4485 831
1
1459 4503 831
1
1459 4510 831
1
1459 4515 831
1
1459 4517 831
1
1459 4518 831
1
1459 4519 831
1
1459 4521 831
1
1459 4526 831
1
1459 4528 831
1
1459 4532 831
1
1459 4536 831
1
1459 4537 831
1
1459 4542 831
1
1459 4544 831
1
1459 4547 831
1
1459 4552 831
1
1459 4558 831
1
1459 4561 831
1
1459 4563 831
1
1459 4565 831
1
1459 4574 831
1
1459 4583 831
1
1459 4586 831
1
1459 4587 831
1
1459 4591 831
1
1459 4592 831
1
1459 4595 831
1
1459 4597 831
1
1459 4611 831
1
1459 4613 831
1
1459 4614 831
1
1459 4619 831
1
1459 4620 831
1
1459 4623 831
1
1459 4625 831
1
1459 4629 831
1
1459 4630 831
1
1459 4637 831
1
1459 4641 831
1
1459 4646 831
1
1459 4649 831
1
1459 4654 831
1
1459 4658 831
1
1459 4668 831
1
1459 4671 831
1
1459 4673 831
1
1459 4674 831
1
1459 4675 831
1
1459 4677 831
1
1459 4678 831
1
1459 4685 831
1
1459 4690 831
1
1459 4693 831
1
1459 4695 831
1
1459 4697 831
1
1459 4704 831
1
1459 4706 831
1
1459 4712 831
1
1459 4722 831
1
1459 4723 831
1
1459 4724 831
1
1459 4731 831
1
1459 4737 831
1
1459 4738 831
1
1459 4739 831
1
1459 4740 831
1
1459 4741 831
1
1459 4743 831
1
1459 4747 831
1
1459 4748 831
1
1459 4749 831
1
1459 4750 831
1
1459 4751 831
1
1459 4753 831
1
1459 4755 831
1
1459 4758 831
1
1459 4763 831
1
1459 4766 831
1
1459 4767 831
1
1459 4770 831
1
1459 4771 831
1
1459 4772 831
1
1459 4775 831
1
1459 4776 831
1
1459 4782 831
1
1459 4783 831
1
1459 4785 831
1
1459 4795 831
1
1459 4796 831
1
1459 4797 831
1
1459 4798 831
1
1459 4800 831
1
1459 4805 831
1
1459 4806 831
1
1459 4807 831
1
1459 4808 831
1
1459 4809 831
1
1459 4818 831
1
1459 4819 831
1
1459 4820 831
1
1459 4821 831
1
1459 4826 831
1
1459 4828 831
1
1459 4829 831
1
1459 4836 831
1
1459 4842 831
1
1459 4845 831
1
1459 4847 831
1
1459 4848 831
1
1459 4849 831
1
1459 4855 831
1
1459 4856 831
1
1459 4860 831
1
1459 4863 831
1
1459 4864 831
1
1459 4869 831
1
1459 4870 831
1
1459 4874 831
1
1459 4879 831
1
1459 4881 831
1
1459 4886 831
1
1459 4888 831
1
1459 4897 831
1
1459 4899 831
1
1459 4900 831
1
1459 4905 831
1
1459 4907 831
1
1459 4912 831
1
1459 4917 831
1
1459 4920 831
1
1459 4923 831
1
1459 4926 831
1
1459 4928 831
1
1459 4935 831
1
1459 4938 831
1
1459 4939 831
1
1459 4942 831
1
1459 4944 831
1
1459 4946 831
1
1459 4948 831
1
1459 4952 831
1
1459 4959 831
1
1459 4965 831
1
1459 4968 831
1
1459 4976 831
1
1459 4982 831
1
1459 4984 831
1
1459 4987 831
1
1459 4989 831
1
1459 4995 831
1
1459 4998 831
1
1459 4999 831
1
1459 5001 831
1
1459 5007 831
1
1459 5011 831
1
1459 5014 831
1
1459 5019 831
1
1459 5027 831
1
1459 5029 831
1
1459 5033 831
1
1459 5034 831
1
1459 5042 831
1
1459 5044 831
1
1459 5046 831
1
1459 5049 831
1
1459 5050 831
1
1459 5057 831
1
1459 5060 831
1
1459 5062 831
1
1459 5063 831
1
1459 5069 831
1
1459 5070 831
1
1459 5075 831
1
1459 5077 831
1
1459 5078 831
1
1459 5079 831
1
1459 5086 831
1
1459 5087 831
1
1459 5088 831
1
1459 5093 831
1
1459 5097 831
1
1459 5099 831
1
1459 5101 831
1
1459 5104 831
1
1459 5108 831
1
1459 5113 831
1
1459 5115 831
1
1459 5117 831
1
1459 5119 831
1
1459 5122 831
1
1459 5127 831
1
1459 5130 831
1
1459 5131 831
1
1459 5135 831
1
1459 5141 831
1
1459 5142 831
1
1459 5145 831
1
1459 5150 831
1
1459 5152 831
1
1459 5155 831
1
1459 5157 831
1
1459 5158 831
1
1459 5163 831
1
1459 5170 831
1
1459 5171 831
1
1459 5172 831
1
1459 5173 831
1
1459 5177 831
1
1459 5181 831
1
1459 5182 831
1
1459 5185 831
1
1459 5186 831
1
1459 5187 831
1
1459 5188 831
1
1459 5192 831
1
1459 5201 831
1
1459 5203 831
1
1459 5211 831
1
1459 5214 831
1
1459 5218 831
1
1459 5234 831
1
1459 5239 831
1
1459 5243 831
1
1459 5252 831
1
1459 5254 831
1
1459 5255 831
1
1459 5259 831
1
1459 5260 831
1
1459 5261 831
1
1459 5262 831
1
1459 5268 831
1
1459 5269 831
1
1459 5272 831
1
1459 5277 831
1
1459 5278 831
1
1459 5281 831
1
1459 5283 831
1
1459 5286 831
1
1459 5288 831
1
1459 5290 831
1
1459 5294 831
1
1459 5296 831
1
1459 5298 831
1
1459 5310 831
1
1459 5314 831
1
1459 5315 831
1
1459 5317 831
1
1459 5321 831
1
1459 5322 831
1
1459 5335 831
1
1459 5338 831
1
1459 5339 831
1
1459 5340 831
1
1459 5343 831
1
1459 5345 831
1
1459 5352 831
1
1459 5354 831
1
1459 5357 831
1
1459 5361 831
1
1459 5364 831
1
1459 5366 831
1
1459 5367 831
1
1459 5368 831
1
1459 5370 831
1
1459 5372 831
1
1459 5378 831
1
1459 5381 831
1
1459 5385 831
1
1459 5390 831
1
1459 5392 831
1
1459 5393 831
1
1459 5395 831
1
1459 5401 831
1
1459 5404 831
1
1459 5409 831
1
1459 5410 831
1
1459 5411 831
1
1459 5416 831
1
1459 5420 831
1
1459 5427 831
1
1459 5433 831
1
1459 5434 831
1
1459 5440 831
1
1459 5442 831
1
1459 5443 831
1
1459 5447 831
1
1459 5448 831
1
1459 5453 831
1
1459 5454 831
1
1459 5458 831
1
1459 5465 831
1
1459 5466 831
1
1459 5468 831
1
1459 5474 831
1
1459 5477 831
1
1459 5481 831
1
1459 5488 831
1
1459 5495 831
1
1459 5500 831
1
1459 5501 831
1
1459 5502 831
1
1459 5503 831
1
1459 5506 831
1
1459 5508 831
1
1459 5509 831
1
1459 5513 831
1
1459 5514 831
1
1459 5515 831
1
1459 5525 831
1
1459 5526 831
1
1459 5529 831
1
1459 5530 831
1
1459 5532 831
1
1459 5534 831
1
1459 5536 831
1
1459 5537 831
1
1459 5541 831
1
1459 5547 831
1
1459 5557 831
1
1459 5560 831
1
1459 5565 831
1
1459 5579 831
1
1459 5585 831
1
1459 5587 831
1
1459 5595 831
1
1459 5596 831
1
1459 5600 831
1
1459 5608 831
1
1459 5613 831
1
1459 5615 831
1
1459 5616 831
1
1459 5623 831
1
1459 5624 831
1
1459 5627 831
1
1459 5629 831
1
1459 5630 831
1
1459 5631 831
1
1459 5634 831
1
1459 5636 831
1
1459 5643 831
1
1459 5646 831
1
1459 5649 831
1
1459 5650 831
1
1459 5651 831
1
1459 5652 831
1
1459 5655 831
1
1459 5656 831
1
1459 5663 831
1
1459 5667 831
1
1459 5674 831
1
1459 5679 831
1
1459 5681 831
1
1459 5685 831
1
1459 5687 831
1
1459 5692 831
1
1459 5693 831
1
1459 5695 831
1
1459 5700 831
1
1459 5702 831
1
1459 5704 831
1
1459 5715 831
1
1459 5716 831
1
1459 5718 831
1
1459 5720 831
1
1459 5725 831
1
1459 5728 831
1
1459 5729 831
1
1459 5730 831
1
1459 5731 831
1
1459 5733 831
1
1459 5734 831
1
1459 5735 831
1
1459 5739 831
1
1459 5750 831
1
1459 5754 831
1
1459 5755 831
1
1459 5757 831
1
1459 5759 831
1
1459 5761 831
1
1459 5768 831
1
1459 5771 831
1
1459 5774 831
1
1459 5782 831
1
1459 5783 831
1
1459 5785 831
1
1459 5792 831
1
1459 5795 831
1
1459 5803 831
1
1459 5807 831
1
1459 5811 831
1
1459 5815 831
1
1459 5816 831
1
1459 5817 831
1
1459 5818 831
1
1459 5822 831
1
1459 5827 831
1
1459 5828 831
1
1459 5830 831
1
1459 5833 831
1
1459 5834 831
1
1459 5837 831
1
1459 5838 831
1
1459 5846 831
1
1459 5851 831
1
1459 5855 831
1
1459 5857 831
1
1459 5858 831
1
1459 5861 831
1
1459 5865 831
1
1459 5868 831
1
1459 5874 831
1
1459 5875 831
1
1459 5879 831
1
1459 5881 831
1
1459 5883 831
1
1459 5891 831
1
1459 5893 831
1
1459 5894 831
1
1459 5897 831
1
1459 5900 831
1
1459 5902 831
1
1459 5904 831
1
1459 5906 831
1
1459 5907 831
1
1459 5908 831
1
1459 5910 831
1
1459 5913 831
1
1459 5918 831
1
1459 5919 831
1
1459 5920 831
1
1459 5925 831
1
1459 5926 831
1
1459 5928 831
1
1459 5929 831
1
1459 5934 831
1
1459 5937 831
1
1459 5938 831
1
1459 5944 831
1
1459 5947 831
1
1459 5952 831
1
1459 5953 831
1
1459 5956 831
1
1459 5958 831
1
1459 5965 831
1
1459 5966 831
1
1459 5968 831
1
1459 5969 831
1
1459 5975 831
1
1459 5989 831
1
1459 5992 831
1
1459 5993 831
1
1459 5997 831
1
1459 5998 831
1
1459 6000 831
1
1459 6010 831
1
1459 6013 831
1
1459 6018 831
1
1459 6021 831
1
1459 6026 831
1
1459 6027 831
1
1459 6032 831
1
1459 6033 831
1
1459 6038 831
1
1459 6042 831
1
1459 6053 831
1
1459 6060 831
1
1459 6061 831
1
1459 6063 831
1
1459 6067 831
1
1459 6068 831
1
1459 6076 831
1
1459 6080 831
1
1459 6081 831
1
1459 6083 831
1
1459 6085 831
1
1459 6087 831
1
1459 6092 831
1
1459 6095 831
1
1459 6099 831
1
1459 6101 831
1
1459 6102 831
1
1459 6105 831
1
1459 6108 831
1
1459 6117 831
1
1459 6119 831
1
1459 6120 831
1
1459 6124 831
1
1459 6130 831
1
1459 6131 831
1
1459 6135 831
1
1459 6139 831
1
1459 6140 831
1
1459 6141 831
1
1459 6143 831
1
1459 6144 831
1
1459 6150 831
1
1459 6151 831
1
1459 6152 831
1
1459 6153 831
1
1459 6158 831
1
1459 6161 831
1
1459 6166 831
1
1459 6173 831
1
1459 6176 831
1
1459 6178 831
1
1459 6180 831
1
1459 6182 831
1
1459 6183 831
1
1459 6184 831
1
1459 6186 831
1
1459 6190 831
1
1459 6193 831
1
1459 6194 831
1
1459 6195 831
1
1459 6196 831
1
1459 6198 831
1
1459 6199 831
1
1459 6200 831
1
1459 6202 831
1
1459 6204 831
1
1459 6206 831
1
1459 6211 831
1
1459 6213 831
1
1459 6220 831
1
1459 6224 831
1
1459 6229 831
1
1459 6230 831
1
1459 6234 831
1
1459 6239 831
1
1459 6242 831
1
1459 6243 831
1
1459 6250 831
1
1459 6253 831
1
1459 6256 831
1
1459 6260 831
1
1459 6263 831
1
1459 6273 831
1
1459 6274 831
1
1459 6275 831
1
1459 6277 831
1
1459 6281 831
1
1459 6282 831
1
1459 6284 831
1
1459 6290 831
1
1459 6291 831
1
1459 6297 831
1
1459 6300 831
1
1459 6302 831
1
1459 6303 831
1
1459 6305 831
1
1459 6307 831
1
1459 6310 831
1
1459 6314 831
1
1459 6323 831
1
1459 6325 831
1
1459 6331 831
1
1459 6333 831
1
1459 6334 831
1
1459 6337 831
1
1459 6338 831
1
1459 6340 831
1
1459 6343 831
1
1459 6344 831
1
1459 6346 831
1
1459 6347 831
1
1459 6348 831
1
1459 6352 831
1
1459 6356 831
1
1459 6363 831
1
1459 6367 831
1
1459 6368 831
1
1459 6371 831
1
1459 6372 831
1
1459 6377 831
1
1459 6379 831
1
1459 6385 831
1
1459 6392 831
1
1459 6398 831
1
1459 6399 831
1
1459 6400 831
1
1459 6402 831
1
1459 6403 831
1
1459 6408 831
1
1459 6410 831
1
1459 6411 831
1
1459 6415 831
1
1459 6416 831
1
1459 6418 831
1
1459 6421 831
1
1459 6423 831
1
1459 6425 831
1
1459 6426 831
1
1459 6429 831
1
1459 6430 831
1
1459 6432 831
1
1459 6438 831
1
1459 6442 831
1
1459 6449 831
1
1459 6452 831
1
1459 6455 831
1
1459 6457 831
1
1459 6465 831
1
1459 6467 831
1
1459 6468 831
1
1459 6469 831
1
1459 6470 831
1
1459 6472 831
1
1459 6473 831
1
1459 6483 831
1
1459 6484 831
1
1459 6496 831
1
1459 6498 831
1
1459 6504 831
1
1459 6505 831
1
1459 6507 831
1
1459 6510 831
1
1459 6512 831
1
1459 6514 831
1
1459 6515 831
1
1459 6517 831
1
1459 6525 831
1
1459 6526 831
1
1459 6531 831
1
1459 6532 831
1
1459 6539 831
1
1459 6549 831
1
1459 6552 831
1
1459 6554 831
1
1459 6556 831
1
1459 6558 831
1
1459 6560 831
1
1459 6563 831
1
1459 6568 831
1
1459 6571 831
1
1459 6572 831
1
1459 6580 831
1
1459 6597 831
1
1459 6598 831
1
1459 6606 831
1
1459 6607 831
1
1459 6611 831
1
1459 6615 831
1
1459 6617 831
1
1459 6621 831
1
1459 6623 831
1
1459 6625 831
1
1459 6627 831
1
1459 6628 831
1
1459 6629 831
1
1459 6630 831
1
1459 6634 831
1
1459 6637 831
5
1459 6639 2946
2946 705 77
77 4141 2894
2894 5569 2527
2527 6821 831
1
1459 6642 831
1
1459 6644 831
1
1459 6645 831
1
1459 6648 831
1
1459 6656 831
1
1459 6657 831
1
1459 6660 831
1
1459 6665 831
1
1459 6667 831
1
1459 6670 831
1
1459 6673 831
1
1459 6675 831
1
1459 6676 831
1
1459 6677 831
1
1459 6679 831
1
1459 6685 831
1
1459 6687 831
1
1459 6689 831
1
1459 6691 831
1
1459 6699 831
1
1459 6701 831
1
1459 6705 831
1
1459 6709 831
1
1459 6717 831
1
1459 6718 831
1
1459 6724 831
1
1459 6728 831
1
1459 6734 831
1
1459 6737 831
1
1459 6738 831
1
1459 6740 831
1
1459 6743 831
1
1459 6748 831
1
1459 6751 831
1
1459 6752 831
1
1459 6755 831
1
1459 6757 831
1
1459 6758 831
1
1459 6762 831
1
1459 6765 831
1
1459 6766 831
1
1459 6772 831
1
1459 6775 831
1
1459 6780 831
1
1459 6788 831
1
1459 6789 831
1
1459 6790 831
1
1459 6793 831
1
1459 6795 831
1
1459 6796 831
1
1459 6800 831
1
1459 6802 831
1
1459 6804 831
1
1459 6806 831
1
1459 6808 831
1
1459 6811 831
1
1459 6813 831
1
1459 6822 831
1
1459 6829 831
1
1459 6833 831
1
1459 6839 831
1
1459 6841 831
1
1459 6850 831
1
1459 6855 831
1
1459 6858 831
1
1459 6859 831
1
1459 6867 831
1
1459 6874 831
1
1459 6875 831
1
1459 6877 831
1
1459 6893 831
1
1459 6898 831
1
1459 6901 831
1
1459 6903 831
1
1459 6906 831
1
1459 6912 831
1
1459 6918 831
1
1459 6919 831
1
1459 6920 831
1
1459 6922 831
1
1459 6924 831
1
1459 6929 831
1
1459 6930 831
1
1459 6935 831
1
1459 6937 831
1
1459 6938 831
1
1459 6942 831
1
1459 6946 831
1
1459 6952 831
1
1459 6953 831
1
1459 6956 831
1
1459 6958 831
1
1459 6964 831
1
1459 6965 831
1
1459 6967 831
1
1459 6968 831
1
1459 6969 831
1
1459 6972 831
1
1459 6981 831
1
1459 6982 831
1
1459 6983 831
1
1459 6984 831
1
1459 6985 831
1
1459 6988 831
1
1459 6989 831
1
1459 6993 831
1
1459 6994 831
1
1459 6998 831
1
1459 6999 831
1
1459 7000 831
1
1459 7001 831
1
1459 7002 831
1
1459 7003 831
1
1459 7011 831
1
1459 7012 831
1
1459 7013 831
1
1459 7016 831
1
1459 7021 831
1
1459 7023 831
1
1459 7027 831
1
1459 7031 831
1
1459 7042 831
1
1459 7043 831
1
1459 7047 831
1
1459 7052 831
1
1459 7056 831
1
1459 7059 831
1
1459 7063 831
1
1459 7066 831
1
1459 7069 831
1
1459 7076 831
1
1459 7077 831
1
1459 7080 831
1
1459 7084 831
1
1459 7087 831
1
1459 7092 831
1
1459 7093 831
1
1459 7094 831
1
1459 7095 831
1
1459 7096 831
1
1459 7102 831
1
1459 7103 831
1
1459 7104 831
1
1459 7109 831
1
1459 7111 831
1
1459 7116 831
1
1459 7128 831
1
1459 7131 831
1
1459 7133 831
1
1459 7136 831
1
1459 7137 831
1
1459 7138 831
1
1459 7139 831
1
1459 7140 831
1
1459 7142 831
1
1459 7145 831
1
1459 7146 831
1
1459 7149 831
1
1459 7151 831
1
1459 7158 831
1
1459 7160 831
1
1459 7161 831
1
1459 7170 831
1
1459 7176 831
1
1459 7178 831
1
1459 7179 831
1
1459 7183 831
1
1459 7184 831
1
1459 7186 831
1
1459 7188 831
1
1459 7191 831
1
1459 7192 831
1
1459 7193 831
1
1459 7200 831
1
1459 7202 831
1
1459 7204 831
1
1459 7207 831
1
1459 7209 831
1
1459 7216 831
1
1459 7219 831
1
1459 7227 831
1
1459 7229 831
1
1459 7233 831
1
1459 7236 831
1
1459 7237 831
1
1459 7239 831
1
1459 7240 831
1
1459 7243 831
1
1459 7247 831
1
1459 7248 831
1
1459 7253 831
1
1459 7255 831
1
1459 7258 831
1
1459 7264 831
1
1459 7265 831
1
1459 7267 831
1
1459 7272 831
1
1459 7273 831
1
1459 7274 831
1
1459 7278 831
1
1459 7284 831
1
1459 7286 831
1
1459 7290 831
1
1459 7291 831
1
1459 7294 831
1
1459 7295 831
1
1459 7304 831
1
1459 7306 831
1
1459 7307 831
1
1459 7309 831
1
1459 7310 831
1
1459 7312 831
1
1459 7313 831
1
1459 7317 831
1
1459 7318 831
1
1459 7320 831
1
1459 7326 831
1
1459 7327 831
1
1459 7329 831
1
1459 7335 831
1
1459 7336 831
1
1459 7337 831
1
1459 7341 831
1
1459 7342 831
1
1459 7343 831
1
1459 7345 831
1
1459 7346 831
1
1459 7347 831
1
1459 7350 831
1
1459 7352 831
1
1459 7353 831
1
1459 7357 831
1
1459 7358 831
1
1459 7359 831
1
1459 7360 831
1
1459 7361 831
1
1459 7362 831
1
1459 7364 831
1
1459 7366 831
1
1459 7367 831
1
1459 7374 831
1
1459 7375 831
1
1459 7384 831
1
1459 7390 831
1
1459 7392 831
1
1459 7397 831
1
1459 7399 831
1
1459 7401 831
1
1459 7403 831
1
1459 7406 831
1
1459 7409 831
1
1459 7415 831
1
1459 7416 831
1
1459 7420 831
1
1459 7422 831
1
1459 7423 831
1
1459 7424 831
1
1459 7425 831
1
1459 7427 831
1
1459 7428 831
1
1459 7431 831
1
1459 7433 831
1
1459 7434 831
1
1459 7436 831
1
1459 7438 831
1
1459 7441 831
1
1459 7442 831
1
1459 7447 831
1
1459 7448 831
1
1459 7452 831
1
1459 7453 831
1
1459 7458 831
1
1459 7464 831
1
1459 7466 831
1
1459 7467 831
1
1459 7468 831
1
1459 7469 831
1
1459 7486 831
1
1459 7487 831
1
1459 7493 831
1
1459 7495 831
1
1459 7499 831
1
1459 7507 831
1
1459 7510 831
1
1459 7514 831
1
1459 7516 831
1
1459 7518 831
1
1459 7520 831
1
1459 7522 831
1
1459 7526 831
1
1459 7527 831
1
1459 7528 831
1
1459 7530 831
1
1459 7533 831
1
1459 7534 831
1
1459 7536 831
1
1459 7546 831
1
1459 7565 831
1
1459 7569 831
1
1459 7572 831
1
1459 7579 831
1
1459 7581 831
1
1459 7583 831
1
1459 7587 831
1
1459 7591 831
1
1459 7593 831
1
1459 7594 831
1
1459 7597 831
1
1459 7598 831
1
1459 7606 831
1
1459 7610 831
1
1459 7611 831
1
1459 7615 831
1
1459 7624 831
1
1459 7626 831
1
1459 7627 831
1
1459 7629 831
1
1459 7631 831
1
1459 7632 831
1
1459 7633 831
1
1459 7642 831
1
1459 7648 831
1
1459 7652 831
1
1459 7653 831
1
1459 7654 831
1
1459 7659 831
1
1459 7662 831
1
1459 7664 831
1
1459 7673 831
1
1459 7675 831
1
1459 7677 831
1
1459 7684 831
1
1459 7697 831
1
1459 7701 831
1
1459 7703 831
1
1459 7704 831
1
1459 7705 831
1
1459 7706 831
1
1459 7707 831
1
1459 7709 831
1
1459 7716 831
1
1459 7721 831
1
1459 7725 831
1
1459 7726 831
1
1459 7728 831
1
1459 7730 831
1
1459 7741 831
1
1459 7744 831
1
1459 7745 831
1
1459 7747 831
1
1459 7750 831
1
1459 7763 831
1
1459 7764 831
1
1459 7768 831
1
1459 7769 831
1
1459 7770 831
1
1459 7774 831
1
1459 7781 831
1
1459 7786 831
1
1459 7787 831
1
1459 7795 831
1
1459 7797 831
1
1459 7798 831
1
1459 7801 831
1
1459 7806 831
1
1459 7808 831
1
1459 7820 831
1
1459 7821 831
1
1459 7822 831
1
1459 7825 831
1
1459 7830 831
1
1459 7832 831
1
1459 7833 831
1
1459 7837 831
1
1459 7844 831
1
1459 7845 831
1
1459 7850 831
1
1459 7856 831
1
1459 7860 831
1
1459 7862 831
1
1459 7863 831
1
1459 7866 831
1
1459 7869 831
1
1459 7889 831
1
1459 7895 831
1
1459 7898 831
1
1459 7899 831
1
1459 7900 831
1
1459 7905 831
1
1459 7906 831
1
1459 7907 831
1
1459 7909 831
1
1459 7912 831
1
1459 7920 831
1
1459 7922 831
1
1459 7928 831
1
1459 7929 831
1
1459 7933 831
1
1459 7946 831
1
1459 7947 831
1
1459 7948 831
1
1459 7949 831
1
1459 7952 831
1
1459 7958 831
1
1459 7966 831
1
1459 7972 831
1
1459 7977 831
1
1459 7978 831
1
1459 7980 831
1
1459 7983 831
1
1459 7984 831
1
1459 7985 831
1
1459 7989 831
1
1459 7992 831
1
1459 8000 831
1
1459 8001 831
1
1459 8004 831
1
1459 8005 831
1
1459 8006 831
1
1459 8013 831
1
1459 8014 831
1
1459 8018 831
1
1459 8023 831
1
1459 8026 831
1
1459 8030 831
1
1459 8033 831
1
1459 8034 831
1
1459 8040 831
1
1459 8048 831
1
1459 8052 831
1
1459 8053 831
1
1459 8059 831
1
1459 8060 831
1
1459 8063 831
1
1459 8065 831
1
1459 8066 831
1
1459 8067 831
1
1459 8071 831
1
1459 8073 831
1
1459 8076 831
1
1459 8077 831
1
1459 8081 831
1
1459 8082 831
1
1459 8084 831
1
1459 8088 831
1
1459 8091 831
1
1459 8092 831
1
1459 8093 831
1
1459 8095 831
1
1459 8104 831
1
1459 8112 831
1
1459 8113 831
1
1459 8116 831
1
1459 8118 831
1
1459 8120 831
1
1459 8123 831
1
1459 8127 831
1
1459 8133 831
1
1459 8137 831
1
1459 8138 831
1
1459 8141 831
1
1459 8145 831
1
1459 8150 831
1
1459 8154 831
1
1459 8158 831
1
1459 8159 831
1
1459 8160 831
1
1459 8164 831
1
1459 8166 831
1
1459 8167 831
1
1459 8168 831
1
1459 8169 831
1
1459 8171 831
1
1459 8177 831
1
1459 8179 831
1
1459 8185 831
1
1459 8192 831
1
1459 8195 831
1
1459 8204 831
1
1459 8206 831
1
1459 8210 831
1
1459 8212 831
1
1459 8214 831
1
1459 8216 831
1
1459 8218 831
1
1459 8219 831
1
1459 8221 831
1
1459 8227 831
1
1459 8234 831
1
1459 8235 831
1
1459 8237 831
1
1459 8238 831
1
1459 8243 831
1
1459 8247 831
1
1459 8248 831
1
1459 8249 831
1
1459 8254 831
1
1459 8256 831
1
1459 8257 831
1
1459 8261 831
1
1459 8263 831
1
1459 8266 831
1
1459 8269 831
1
1459 8271 831
1
1459 8274 831
1
1459 8275 831
1
1459 8276 831
1
1459 8277 831
1
1459 8280 831
1
1459 8283 831
1
1459 8289 831
1
1459 8299 831
1
1459 8300 831
1
1459 8303 831
1
1459 8304 831
1
1459 8305 831
1
1459 8306 831
1
1459 8311 831
1
1459 8317 831
1
1459 8318 831
1
1459 8319 831
1
1459 8326 831
1
1459 8328 831
1
1459 8331 831
1
1459 8332 831
1
1459 8338 831
1
1459 8341 831
1
1459 8344 831
1
1459 8353 831
1
1459 8358 831
1
1459 8359 831
1
1459 8362 831
1
1459 8363 831
1
1459 8365 831
1
1459 8366 831
1
1459 8368 831
1
1459 8372 831
1
1459 8374 831
1
1459 8376 831
1
1459 8379 831
1
1459 8382 831
1
1459 8384 831
1
1459 8385 831
1
1459 8386 831
1
1459 8392 831
1
1459 8394 831
1
1459 8397 831
1
1459 8399 831
1
1459 8403 831
1
1459 8409 831
1
1459 8412 831
1
1459 8415 831
1
1459 8418 831
1
1459 8419 831
1
1459 8422 831
1
1459 8423 831
1
1459 8424 831
1
1459 8425 831
1
1459 8427 831
1
1459 8430 831
1
1459 8434 831
1
1459 8441 831
1
1459 8443 831
1
1459 8447 831
1
1459 8449 831
1
1459 8451 831
1
1459 8452 831
1
1459 8453 831
1
1459 8456 831
1
1459 8458 831
1
1459 8460 831
1
1459 8467 831
1
1459 8470 831
1
1459 8471 831
1
1459 8472 831
1
1459 8474 831
1
1459 8475 831
1
1459 8485 831
1
1459 8486 831
1
1459 8492 831
1
1459 8494 831
1
1459 8497 831
1
1459 8500 831
1
1459 8502 831
1
1459 8506 831
1
1459 8520 831
1
1459 8521 831
1
1459 8526 831
1
1459 8530 831
1
1459 8533 831
1
1459 8542 831
1
1459 8545 831
1
1459 8549 831
1
1459 8555 831
1
1459 8558 831
1
1459 8559 831
1
1459 8561 831
1
1459 8564 831
1
1459 8567 831
1
1459 8568 831
1
1459 8571 831
1
1459 8574 831
1
1459 8578 831
1
1459 8580 831
1
1459 8581 831
1
1459 8582 831
1
1459 8584 831
1
1459 8586 831
1
1459 8587 831
1
1459 8592 831
1
1459 8594 831
1
1459 8600 831
1
1459 8601 831
1
1459 8604 831
1
1459 8605 831
1
1459 8609 831
1
1459 8612 831
1
1459 8617 831
1
1459 8620 831
1
1459 8622 831
1
1459 8632 831
1
1459 8639 831
1
1459 8642 831
1
1459 8643 831
1
1459 8644 831
1
1459 8645 831
1
1459 8647 831
1
1459 8649 831
1
1459 8651 831
1
1459 8654 831
1
1459 8655 831
1
1459 8657 831
1
1459 8665 831
1
1459 8669 831
1
1459 8670 831
1
1459 8675 831
1
1459 8678 831
1
1459 8683 831
1
1459 8686 831
1
1459 8687 831
1
1459 8691 831
1
1459 8693 831
1
1459 8695 831
1
1459 8697 831
1
1459 8701 831
1
1459 8703 831
1
1459 8704 831
1
1459 8707 831
1
1459 8709 831
1
1459 8716 831
1
1459 8720 831
1
1459 8724 831
1
1459 8726 831
1
1459 8731 831
1
1459 8733 831
1
1459 8734 831
1
1459 8735 831
1
1459 8738 831
1
1459 8750 831
1
1459 8753 831
1
1459 8754 831
1
1459 8755 831
1
1459 8756 831
1
1459 8761 831
1
1459 8763 831
1
1459 8768 831
1
1459 8770 831
1
1459 8771 831
1
1459 8777 831
1
1459 8779 831
1
1459 8782 831
1
1459 8783 831
1
1459 8787 831
1
1459 8793 831
1
1459 8799 831
1
1459 8807 831
1
1459 8808 831
1
1459 8809 831
1
1459 8812 831
1
1459 8814 831
1
1459 8816 831
1
1459 8819 831
1
1459 8821 831
1
1459 8822 831
1
1459 8823 831
1
1459 8826 831
1
1459 8836 831
1
1459 8846 831
1
1459 8850 831
1
1459 8854 831
1
1459 8855 831
1
1459 8860 831
1
1459 8864 831
1
1459 8871 831
1
1459 8872 831
1
1459 8873 831
1
1459 8875 831
1
1459 8877 831
1
1459 8879 831
1
1459 8880 831
1
1459 8881 831
1
1459 8884 831
1
1459 8892 831
1
1459 8896 831
1
1459 8906 831
1
1459 8918 831
1
1459 8922 831
1
1459 8923 831
1
1459 8928 831
1
1459 8930 831
1
1459 8932 831
1
1459 8933 831
1
1459 8934 831
1
1459 8940 831
1
1459 8943 831
1
1459 8945 831
1
1459 8949 831
1
1459 8954 831
1
1459 8956 831
1
1459 8965 831
1
1459 8966 831
1
1459 8985 831
1
1459 8990 831
1
1459 8994 831
1
1459 8995 831
1
1459 8998 831
1
1459 9000 831
1
1459 9002 831
1
1459 9005 831
1
1459 9009 831
1
1459 9010 831
1
1459 9012 831
1
1459 9018 831
1
1459 9028 831
1
1459 9029 831
1
1459 9030 831
1
1459 9032 831
1
1459 9034 831
1
1459 9040 831
1
1459 9043 831
1
1459 9046 831
1
1459 9050 831
1
1459 9054 831
1
1459 9063 831
1
1459 9071 831
1
1459 9072 831
1
1459 9077 831
1
1459 9078 831
1
1459 9079 831
1
1459 9081 831
1
1459 9082 831
1
1459 9083 831
1
1459 9088 831
1
1459 9090 831
1
1459 9092 831
1
1459 9095 831
1
1459 9097 831
1
1459 9100 831
1
1459 9101 831
1
1459 9102 831
1
1459 9103 831
1
1459 9104 831
1
1459 9113 831
1
1459 9121 831
1
1459 9123 831
1
1459 9124 831
1
1459 9130 831
1
1459 9131 831
1
1459 9132 831
1
1459 9133 831
1
1459 9134 831
1
1459 9149 831
1
1459 9150 831
1
1459 9153 831
1
1459 9155 831
1
1459 9160 831
1
1459 9164 831
1
1459 9171 831
1
1459 9178 831
1
1459 9182 831
1
1459 9183 831
1
1459 9187 831
1
1459 9188 831
1
1459 9193 831
1
1459 9203 831
1
1459 9204 831
1
1459 9205 831
1
1459 9207 831
1
1459 9209 831
1
1459 9211 831
1
1459 9213 831
1
1459 9220 831
1
1459 9232 831
1
1459 9236 831
1
1459 9237 831
1
1459 9239 831
1
1459 9242 831
1
1459 9245 831
1
1459 9249 831
1
1459 9250 831
1
1459 9255 831
1
1459 9262 831
1
1459 9264 831
1
1459 9266 831
1
1459 9268 831
1
1459 9269 831
1
1459 9270 831
1
1459 9271 831
1
1459 9273 831
1
1459 9276 831
1
1459 9278 831
1
1459 9283 831
1
1459 9284 831
1
1459 9285 831
1
1459 9286 831
1
1459 9290 831
1
1459 9301 831
1
1459 9302 831
1
1459 9307 831
1
1459 9308 831
1
1459 9309 831
1
1459 9311 831
1
1459 9317 831
1
1459 9318 831
1
1459 9323 831
1
1459 9325 831
1
1459 9329 831
1
1459 9332 831
1
1459 9334 831
1
1459 9335 831
1
1459 9340 831
1
1459 9344 831
1
1459 9352 831
1
1459 9354 831
1
1459 9357 831
1
1459 9359 831
1
1459 9360 831
1
1459 9362 831
1
1459 9366 831
1
1459 9369 831
1
1459 9370 831
1
1459 9371 831
1
1459 9372 831
1
1459 9375 831
1
1459 9377 831
1
1459 9380 831
1
1459 9389 831
1
1459 9390 831
1
1459 9391 831
1
1459 9395 831
1
1459 9398 831
1
1459 9402 831
1
1459 9409 831
1
1459 9412 831
1
1459 9415 831
1
1459 9421 831
1
1459 9426 831
1
1459 9428 831
1
1459 9429 831
1
1459 9432 831
1
1459 9436 831
1
1459 9437 831
1
1459 9440 831
1
1459 9441 831
1
1459 9442 831
1
1459 9443 831
1
1459 9448 831
1
1459 9450 831
1
1459 9460 831
1
1459 9461 831
1
1459 9463 831
1
1459 9465 831
1
1459 9466 831
1
1459 9467 831
1
1459 9472 831
1
1459 9478 831
1
1459 9479 831
1
1459 9483 831
1
1459 9494 831
1
1459 9495 831
1
1459 9500 831
1
1459 9504 831
1
1459 9507 831
1
1459 9508 831
1
1459 9510 831
1
1459 9513 831
1
1459 9519 831
1
1459 9520 831
1
1459 9521 831
1
1459 9527 831
1
1459 9536 831
1
1459 9539 831
1
1459 9543 831
1
1459 9544 831
1
1459 9551 831
1
1459 9554 831
1
1459 9556 831
1
1459 9564 831
1
1459 9565 831
1
1459 9570 831
1
1459 9573 831
1
1459 9577 831
1
1459 9581 831
1
1459 9586 831
1
1459 9594 831
1
1459 9598 831
1
1459 9601 831
1
1459 9607 831
1
1459 9608 831
1
1459 9611 831
1
1459 9618 831
1
1459 9620 831
1
1459 9622 831
1
1459 9623 831
1
1459 9624 831
1
1459 9630 831
1
1459 9634 831
1
1459 9635 831
1
1459 9638 831
1
1459 9639 831
1
1459 9643 831
1
1459 9644 831
1
1459 9655 831
1
1459 9658 831
1
1459 9660 831
1
1459 9661 831
1
1459 9662 831
1
1459 9686 831
1
1459 9696 831
1
1459 9701 831
1
1459 9702 831
1
1459 9703 831
1
1459 9705 831
1
1459 9714 831
1
1459 9716 831
1
1459 9720 831
1
1459 9721 831
1
1459 9727 831
1
1459 9731 831
1
1459 9733 831
1
1459 9735 831
1
1459 9736 831
1
1459 9737 831
1
1459 9739 831
1
1459 9744 831
1
1459 9747 831
1
1459 9761 831
1
1459 9762 831
1
1459 9764 831
1
1459 9765 831
1
1459 9771 831
1
1459 9774 831
1
1459 9776 831
1
1459 9778 831
1
1459 9779 831
1
1459 9783 831
1
1459 9784 831
1
1459 9785 831
1
1459 9788 831
1
1459 9794 831
1
1459 9797 831
1
1459 9798 831
1
1459 9804 831
1
1459 9806 831
1
1459 9807 831
1
1459 9811 831
1
1459 9812 831
1
1459 9814 831
1
1459 9815 831
1
1459 9816 831
1
1459 9817 831
1
1459 9818 831
1
1459 9821 831
1
1459 9829 831
1
1459 9830 831
1
1459 9831 831
1
1459 9832 831
1
1459 9833 831
1
1459 9835 831
1
1459 9846 831
1
1459 9849 831
1
1459 9850 831
1
1459 9852 831
1
1459 9857 831
1
1459 9859 831
1
1459 9861 831
1
1459 9868 831
1
1459 9872 831
1
1459 9876 831
1
1459 9879 831
1
1459 9880 831
1
1459 9884 831
1
1459 9885 831
1
1459 9887 831
1
1459 9892 831
1
1459 9896 831
1
1459 9897 831
1
1459 9902 831
1
1459 9909 831
1
1459 9912 831
1
1459 9918 831
1
1459 9924 831
1
1459 9927 831
1
1459 9930 831
1
1459 9933 831
1
1459 9934 831
1
1459 9935 831
1
1459 9936 831
1
1459 9938 831
1
1459 9939 831
1
1459 9943 831
1
1459 9946 831
1
1459 9949 831
1
1459 9959 831
1
1459 9960 831
1
1459 9962 831
1
1459 9963 831
1
1459 9969 831
1
1459 9973 831
1
1459 9974 831
1
1459 9977 831
1
1459 9982 831
1
1459 9983 831
1
1459 9985 831
1
1459 9988 831
1
1459 9995 831
