3003
1
1384 2 1042
1
1384 6 1042
1
1384 8 1042
1
1384 10 1042
1
1384 11 1042
1
1384 12 1042
1
1384 24 1042
1
1384 30 1042
1
1384 36 1042
1
1384 40 1042
1
1384 43 1042
1
1384 46 1042
1
1384 48 1042
1
1384 51 1042
1
1384 56 1042
1
1384 62 1042
1
1384 66 1042
1
1384 70 1042
1
1384 76 1042
1
1384 79 1042
1
1384 80 1042
1
1384 87 1042
1
1384 92 1042
1
1384 96 1042
1
1384 97 1042
1
1384 99 1042
1
1384 100 1042
1
1384 102 1042
1
1384 103 1042
1
1384 104 1042
1
1384 106 1042
1
1384 112 1042
1
1384 114 1042
1
1384 115 1042
1
1384 116 1042
1
1384 117 1042
1
1384 119 1042
1
1384 123 1042
1
1384 124 1042
1
1384 129 1042
1
1384 135 1042
1
1384 138 1042
1
1384 147 1042
1
1384 158 1042
1
1384 163 1042
1
1384 164 1042
1
1384 172 1042
1
1384 185 1042
1
1384 186 1042
1
1384 187 1042
1
1384 197 1042
1
1384 203 1042
1
1384 204 1042
1
1384 207 1042
1
1384 227 1042
1
1384 228 1042
1
1384 232 1042
1
1384 234 1042
1
1384 241 1042
1
1384 242 1042
1
1384 245 1042
1
1384 247 1042
1
1384 248 1042
1
1384 250 1042
1
1384 256 1042
1
1384 257 1042
1
1384 260 1042
1
1384 261 1042
1
1384 267 1042
1
1384 272 1042
1
1384 273 1042
1
1384 282 1042
1
1384 285 1042
1
1384 286 1042
1
1384 289 1042
1
1384 291 1042
1
1384 292 1042
1
1384 296 1042
1
1384 304 1042
1
1384 307 1042
1
1384 308 1042
1
1384 311 1042
1
1384 322 1042
1
1384 328 1042
1
1384 330 1042
1
1384 335 1042
1
1384 352 1042
1
1384 363 1042
1
1384 366 1042
1
1384 367 1042
1
1384 368 1042
1
1384 370 1042
1
1384 377 1042
1
1384 380 1042
1
1384 388 1042
1
1384 391 1042
1
1384 393 1042
1
1384 395 1042
1
1384 397 1042
1
1384 398 1042
1
1384 402 1042
1
1384 404 1042
1
1384 407 1042
1
1384 411 1042
1
1384 412 1042
1
1384 414 1042
1
1384 419 1042
1
1384 421 1042
1
1384 426 1042
1
1384 427 1042
1
1384 432 1042
1
1384 436 1042
1
1384 441 1042
1
1384 442 1042
1
1384 445 1042
1
1384 448 1042
1
1384 451 1042
1
1384 454 1042
1
1384 457 1042
1
1384 469 1042
1
1384 472 1042
1
1384 477 1042
1
1384 479 1042
1
1384 480 1042
1
1384 481 1042
1
1384 486 1042
1
1384 490 1042
1
1384 502 1042
1
1384 503 1042
1
1384 511 1042
1
1384 514 1042
1
1384 521 1042
1
1384 524 1042
1
1384 526 1042
1
1384 527 1042
1
1384 531 1042
1
1384 533 1042
1
1384 534 1042
1
1384 547 1042
1
1384 548 1042
1
1384 552 1042
1
1384 554 1042
1
1384 556 1042
1
1384 557 1042
1
1384 558 1042
1
1384 563 1042
1
1384 566 1042
1
1384 568 1042
1
1384 570 1042
1
1384 572 1042
1
1384 574 1042
1
1384 575 1042
1
1384 582 1042
1
1384 583 1042
1
1384 584 1042
1
1384 587 1042
1
1384 588 1042
1
1384 590 1042
1
1384 591 1042
1
1384 594 1042
1
1384 603 1042
1
1384 605 1042
1
1384 610 1042
1
1384 618 1042
1
1384 620 1042
1
1384 622 1042
1
1384 624 1042
1
1384 626 1042
1
1384 630 1042
1
1384 631 1042
1
1384 635 1042
1
1384 647 1042
1
1384 654 1042
1
1384 657 1042
1
1384 658 1042
1
1384 660 1042
1
1384 661 1042
1
1384 664 1042
1
1384 665 1042
1
1384 667 1042
1
1384 669 1042
1
1384 670 1042
1
1384 691 1042
1
1384 692 1042
1
1384 693 1042
1
1384 697 1042
1
1384 701 1042
1
1384 702 1042
1
1384 704 1042
1
1384 709 1042
1
1384 715 1042
1
1384 728 1042
1
1384 733 1042
6
1384 734 1264
1264 9223 1061
1061 1412 2425
2425 171 2838
2838 8191 2066
2066 4576 1042
1
1384 735 1042
1
1384 737 1042
1
1384 738 1042
1
1384 739 1042
1
1384 741 1042
1
1384 742 1042
1
1384 755 1042
1
1384 758 1042
1
1384 762 1042
1
1384 768 1042
1
1384 774 1042
1
1384 782 1042
1
1384 785 1042
1
1384 786 1042
1
1384 788 1042
1
1384 791 1042
1
1384 793 1042
1
1384 795 1042
1
1384 796 1042
1
1384 797 1042
1
1384 798 1042
1
1384 805 1042
1
1384 807 1042
1
1384 810 1042
1
1384 819 1042
1
1384 822 1042
1
1384 824 1042
1
1384 828 1042
1
1384 832 1042
1
1384 837 1042
1
1384 839 1042
1
1384 841 1042
1
1384 842 1042
1
1384 843 1042
1
1384 845 1042
1
1384 846 1042
1
1384 847 1042
1
1384 851 1042
1
1384 852 1042
1
1384 857 1042
1
1384 865 1042
1
1384 870 1042
1
1384 873 1042
1
1384 876 1042
1
1384 877 1042
1
1384 879 1042
1
1384 885 1042
1
1384 889 1042
1
1384 891 1042
1
1384 896 1042
1
1384 899 1042
1
1384 901 1042
1
1384 906 1042
1
1384 911 1042
1
1384 912 1042
1
1384 914 1042
1
1384 915 1042
1
1384 916 1042
1
1384 918 1042
1
1384 920 1042
1
1384 924 1042
1
1384 929 1042
1
1384 932 1042
1
1384 945 1042
1
1384 947 1042
1
1384 948 1042
1
1384 949 1042
1
1384 950 1042
1
1384 951 1042
1
1384 952 1042
1
1384 953 1042
1
1384 954 1042
1
1384 957 1042
1
1384 964 1042
1
1384 965 1042
1
1384 969 1042
1
1384 970 1042
1
1384 972 1042
1
1384 976 1042
1
1384 978 1042
1
1384 980 1042
1
1384 981 1042
1
1384 983 1042
1
1384 989 1042
1
1384 993 1042
1
1384 994 1042
1
1384 996 1042
1
1384 997 1042
1
1384 998 1042
1
1384 1005 1042
1
1384 1006 1042
1
1384 1011 1042
1
1384 1014 1042
1
1384 1017 1042
1
1384 1021 1042
1
1384 1024 1042
1
1384 1025 1042
1
1384 1028 1042
1
1384 1029 1042
1
1384 1030 1042
1
1384 1037 1042
1
1384 1049 1042
1
1384 1050 1042
1
1384 1051 1042
1
1384 1052 1042
1
1384 1057 1042
1
1384 1059 1042
1
1384 1064 1042
1
1384 1065 1042
1
1384 1067 1042
1
1384 1072 1042
1
1384 1075 1042
1
1384 1079 1042
1
1384 1090 1042
1
1384 1096 1042
1
1384 1098 1042
1
1384 1107 1042
1
1384 1117 1042
1
1384 1122 1042
1
1384 1124 1042
1
1384 1126 1042
1
1384 1128 1042
1
1384 1129 1042
1
1384 1131 1042
1
1384 1134 1042
1
1384 1136 1042
1
1384 1143 1042
1
1384 1145 1042
1
1384 1146 1042
1
1384 1149 1042
1
1384 1156 1042
1
1384 1158 1042
1
1384 1159 1042
1
1384 1163 1042
1
1384 1165 1042
1
1384 1169 1042
1
1384 1173 1042
1
1384 1178 1042
1
1384 1179 1042
1
1384 1181 1042
1
1384 1189 1042
1
1384 1192 1042
1
1384 1195 1042
1
1384 1197 1042
1
1384 1198 1042
1
1384 1200 1042
1
1384 1201 1042
1
1384 1202 1042
1
1384 1206 1042
1
1384 1207 1042
1
1384 1211 1042
1
1384 1212 1042
1
1384 1218 1042
1
1384 1222 1042
1
1384 1228 1042
1
1384 1230 1042
1
1384 1234 1042
1
1384 1238 1042
1
1384 1239 1042
1
1384 1250 1042
1
1384 1252 1042
1
1384 1253 1042
1
1384 1254 1042
1
1384 1255 1042
1
1384 1257 1042
1
1384 1261 1042
1
1384 1262 1042
1
1384 1264 1042
1
1384 1265 1042
1
1384 1269 1042
1
1384 1274 1042
1
1384 1275 1042
1
1384 1277 1042
1
1384 1281 1042
1
1384 1294 1042
1
1384 1296 1042
1
1384 1297 1042
1
1384 1299 1042
1
1384 1303 1042
1
1384 1308 1042
1
1384 1309 1042
1
1384 1310 1042
1
1384 1315 1042
1
1384 1316 1042
1
1384 1324 1042
1
1384 1328 1042
1
1384 1329 1042
1
1384 1342 1042
1
1384 1344 1042
1
1384 1346 1042
1
1384 1352 1042
1
1384 1353 1042
1
1384 1354 1042
1
1384 1357 1042
1
1384 1361 1042
1
1384 1366 1042
1
1384 1370 1042
1
1384 1372 1042
1
1384 1376 1042
1
1384 1377 1042
1
1384 1378 1042
1
1384 1384 1042
1
1384 1386 1042
1
1384 1390 1042
1
1384 1392 1042
1
1384 1396 1042
1
1384 1400 1042
1
1384 1408 1042
1
1384 1409 1042
1
1384 1416 1042
1
1384 1417 1042
1
1384 1419 1042
1
1384 1422 1042
1
1384 1425 1042
1
1384 1426 1042
1
1384 1428 1042
1
1384 1429 1042
1
1384 1437 1042
1
1384 1440 1042
1
1384 1442 1042
1
1384 1443 1042
1
1384 1445 1042
1
1384 1448 1042
1
1384 1449 1042
1
1384 1456 1042
1
1384 1460 1042
1
1384 1461 1042
1
1384 1463 1042
1
1384 1464 1042
1
1384 1468 1042
1
1384 1469 1042
1
1384 1471 1042
1
1384 1472 1042
1
1384 1475 1042
1
1384 1477 1042
1
1384 1478 1042
1
1384 1480 1042
1
1384 1481 1042
1
1384 1483 1042
1
1384 1485 1042
1
1384 1489 1042
1
1384 1493 1042
1
1384 1506 1042
1
1384 1510 1042
1
1384 1513 1042
1
1384 1515 1042
1
1384 1517 1042
1
1384 1518 1042
1
1384 1521 1042
1
1384 1527 1042
1
1384 1529 1042
1
1384 1531 1042
1
1384 1539 1042
1
1384 1547 1042
1
1384 1552 1042
1
1384 1554 1042
1
1384 1558 1042
1
1384 1561 1042
1
1384 1563 1042
1
1384 1572 1042
1
1384 1575 1042
1
1384 1576 1042
1
1384 1577 1042
1
1384 1578 1042
1
1384 1587 1042
1
1384 1592 1042
1
1384 1595 1042
1
1384 1598 1042
1
1384 1600 1042
1
1384 1605 1042
1
1384 1615 1042
1
1384 1616 1042
1
1384 1618 1042
1
1384 1620 1042
1
1384 1623 1042
1
1384 1628 1042
1
1384 1630 1042
1
1384 1634 1042
1
1384 1635 1042
1
1384 1636 1042
1
1384 1645 1042
1
1384 1653 1042
1
1384 1655 1042
1
1384 1660 1042
1
1384 1661 1042
1
1384 1668 1042
1
1384 1671 1042
1
1384 1672 1042
1
1384 1673 1042
1
1384 1679 1042
1
1384 1681 1042
1
1384 1682 1042
1
1384 1683 1042
1
1384 1685 1042
1
1384 1686 1042
1
1384 1702 1042
1
1384 1706 1042
1
1384 1709 1042
1
1384 1714 1042
1
1384 1716 1042
1
1384 1717 1042
1
1384 1719 1042
1
1384 1722 1042
1
1384 1728 1042
1
1384 1730 1042
1
1384 1735 1042
1
1384 1737 1042
1
1384 1742 1042
1
1384 1746 1042
1
1384 1751 1042
1
1384 1752 1042
1
1384 1762 1042
1
1384 1765 1042
1
1384 1767 1042
1
1384 1768 1042
1
1384 1771 1042
1
1384 1773 1042
1
1384 1777 1042
1
1384 1779 1042
1
1384 1780 1042
1
1384 1783 1042
1
1384 1793 1042
1
1384 1794 1042
1
1384 1797 1042
1
1384 1798 1042
1
1384 1805 1042
1
1384 1808 1042
1
1384 1810 1042
1
1384 1812 1042
1
1384 1813 1042
1
1384 1815 1042
1
1384 1831 1042
1
1384 1832 1042
1
1384 1834 1042
1
1384 1835 1042
1
1384 1839 1042
1
1384 1842 1042
1
1384 1843 1042
1
1384 1844 1042
1
1384 1849 1042
1
1384 1851 1042
1
1384 1853 1042
1
1384 1855 1042
1
1384 1856 1042
1
1384 1861 1042
1
1384 1865 1042
1
1384 1867 1042
1
1384 1868 1042
1
1384 1872 1042
1
1384 1875 1042
1
1384 1877 1042
1
1384 1885 1042
1
1384 1887 1042
1
1384 1888 1042
1
1384 1889 1042
1
1384 1895 1042
1
1384 1897 1042
1
1384 1904 1042
1
1384 1905 1042
1
1384 1907 1042
1
1384 1910 1042
1
1384 1915 1042
1
1384 1919 1042
1
1384 1924 1042
1
1384 1925 1042
1
1384 1926 1042
1
1384 1927 1042
1
1384 1928 1042
1
1384 1930 1042
1
1384 1934 1042
1
1384 1938 1042
1
1384 1941 1042
1
1384 1943 1042
1
1384 1947 1042
1
1384 1950 1042
1
1384 1954 1042
1
1384 1957 1042
1
1384 1958 1042
1
1384 1959 1042
1
1384 1960 1042
1
1384 1962 1042
1
1384 1969 1042
1
1384 1981 1042
1
1384 1983 1042
1
1384 1987 1042
1
1384 1989 1042
1
1384 1990 1042
1
1384 1995 1042
1
1384 1997 1042
1
1384 1999 1042
1
1384 2006 1042
1
1384 2008 1042
1
1384 2016 1042
1
1384 2018 1042
1
1384 2021 1042
1
1384 2023 1042
1
1384 2025 1042
1
1384 2027 1042
1
1384 2029 1042
1
1384 2035 1042
1
1384 2041 1042
1
1384 2046 1042
1
1384 2048 1042
1
1384 2052 1042
1
1384 2053 1042
1
1384 2059 1042
1
1384 2075 1042
1
1384 2077 1042
1
1384 2078 1042
1
1384 2080 1042
1
1384 2083 1042
1
1384 2088 1042
1
1384 2092 1042
1
1384 2096 1042
1
1384 2100 1042
1
1384 2103 1042
1
1384 2104 1042
1
1384 2105 1042
1
1384 2109 1042
1
1384 2112 1042
1
1384 2114 1042
1
1384 2116 1042
1
1384 2122 1042
1
1384 2123 1042
1
1384 2125 1042
1
1384 2132 1042
1
1384 2137 1042
1
1384 2141 1042
1
1384 2143 1042
1
1384 2144 1042
1
1384 2146 1042
1
1384 2149 1042
1
1384 2150 1042
1
1384 2151 1042
1
1384 2152 1042
1
1384 2153 1042
1
1384 2154 1042
1
1384 2155 1042
1
1384 2161 1042
1
1384 2164 1042
1
1384 2166 1042
1
1384 2170 1042
1
1384 2172 1042
1
1384 2178 1042
1
1384 2180 1042
1
1384 2186 1042
1
1384 2187 1042
1
1384 2198 1042
1
1384 2200 1042
1
1384 2205 1042
1
1384 2207 1042
1
1384 2208 1042
1
1384 2212 1042
1
1384 2216 1042
1
1384 2218 1042
1
1384 2219 1042
1
1384 2227 1042
1
1384 2229 1042
1
1384 2231 1042
1
1384 2232 1042
1
1384 2236 1042
1
1384 2237 1042
1
1384 2241 1042
1
1384 2244 1042
1
1384 2253 1042
1
1384 2256 1042
1
1384 2261 1042
1
1384 2262 1042
1
1384 2269 1042
1
1384 2274 1042
1
1384 2276 1042
1
1384 2278 1042
1
1384 2283 1042
1
1384 2289 1042
1
1384 2290 1042
1
1384 2292 1042
1
1384 2295 1042
1
1384 2296 1042
1
1384 2297 1042
1
1384 2305 1042
1
1384 2317 1042
1
1384 2319 1042
1
1384 2321 1042
1
1384 2325 1042
1
1384 2326 1042
1
1384 2327 1042
1
1384 2329 1042
1
1384 2333 1042
1
1384 2335 1042
1
1384 2336 1042
1
1384 2337 1042
1
1384 2340 1042
1
1384 2341 1042
1
1384 2343 1042
1
1384 2345 1042
1
1384 2352 1042
1
1384 2356 1042
1
1384 2357 1042
1
1384 2365 1042
1
1384 2369 1042
1
1384 2370 1042
1
1384 2376 1042
1
1384 2379 1042
1
1384 2382 1042
1
1384 2384 1042
1
1384 2388 1042
1
1384 2389 1042
1
1384 2390 1042
1
1384 2393 1042
1
1384 2395 1042
1
1384 2396 1042
1
1384 2398 1042
1
1384 2399 1042
1
1384 2403 1042
1
1384 2409 1042
1
1384 2417 1042
1
1384 2418 1042
1
1384 2419 1042
1
1384 2420 1042
1
1384 2424 1042
1
1384 2428 1042
1
1384 2431 1042
1
1384 2435 1042
1
1384 2436 1042
1
1384 2439 1042
1
1384 2444 1042
1
1384 2445 1042
1
1384 2446 1042
1
1384 2450 1042
1
1384 2451 1042
1
1384 2453 1042
1
1384 2454 1042
1
1384 2456 1042
1
1384 2461 1042
1
1384 2462 1042
1
1384 2463 1042
1
1384 2466 1042
1
1384 2473 1042
1
1384 2474 1042
1
1384 2479 1042
1
1384 2481 1042
1
1384 2484 1042
1
1384 2485 1042
1
1384 2494 1042
1
1384 2495 1042
1
1384 2498 1042
1
1384 2500 1042
1
1384 2501 1042
1
1384 2502 1042
1
1384 2515 1042
1
1384 2517 1042
1
1384 2520 1042
1
1384 2523 1042
1
1384 2525 1042
1
1384 2531 1042
1
1384 2532 1042
1
1384 2540 1042
1
1384 2544 1042
1
1384 2545 1042
1
1384 2558 1042
1
1384 2559 1042
1
1384 2561 1042
1
1384 2562 1042
1
1384 2568 1042
1
1384 2569 1042
1
1384 2571 1042
1
1384 2578 1042
1
1384 2579 1042
1
1384 2580 1042
1
1384 2582 1042
1
1384 2583 1042
1
1384 2585 1042
1
1384 2590 1042
1
1384 2591 1042
1
1384 2592 1042
1
1384 2596 1042
1
1384 2601 1042
1
1384 2607 1042
1
1384 2610 1042
1
1384 2617 1042
1
1384 2619 1042
1
1384 2622 1042
1
1384 2623 1042
1
1384 2627 1042
1
1384 2628 1042
1
1384 2633 1042
1
1384 2635 1042
1
1384 2636 1042
1
1384 2637 1042
1
1384 2638 1042
1
1384 2640 1042
1
1384 2644 1042
1
1384 2647 1042
1
1384 2648 1042
1
1384 2650 1042
1
1384 2652 1042
1
1384 2653 1042
1
1384 2657 1042
1
1384 2661 1042
1
1384 2665 1042
1
1384 2668 1042
1
1384 2672 1042
1
1384 2676 1042
1
1384 2680 1042
1
1384 2682 1042
1
1384 2684 1042
1
1384 2695 1042
1
1384 2696 1042
1
1384 2700 1042
1
1384 2701 1042
1
1384 2702 1042
1
1384 2703 1042
1
1384 2704 1042
1
1384 2706 1042
1
1384 2708 1042
1
1384 2723 1042
1
1384 2724 1042
1
1384 2725 1042
1
1384 2734 1042
1
1384 2735 1042
1
1384 2739 1042
1
1384 2742 1042
1
1384 2748 1042
1
1384 2749 1042
1
1384 2750 1042
1
1384 2756 1042
1
1384 2760 1042
1
1384 2762 1042
1
1384 2767 1042
1
1384 2768 1042
1
1384 2770 1042
1
1384 2773 1042
1
1384 2781 1042
1
1384 2784 1042
1
1384 2789 1042
1
1384 2792 1042
1
1384 2802 1042
1
1384 2803 1042
1
1384 2804 1042
1
1384 2807 1042
1
1384 2808 1042
1
1384 2813 1042
1
1384 2818 1042
1
1384 2833 1042
1
1384 2836 1042
1
1384 2837 1042
1
1384 2839 1042
1
1384 2841 1042
1
1384 2844 1042
1
1384 2853 1042
1
1384 2855 1042
1
1384 2856 1042
1
1384 2857 1042
1
1384 2858 1042
1
1384 2861 1042
1
1384 2863 1042
1
1384 2865 1042
1
1384 2869 1042
1
1384 2872 1042
1
1384 2877 1042
1
1384 2881 1042
1
1384 2884 1042
1
1384 2888 1042
1
1384 2892 1042
1
1384 2894 1042
1
1384 2895 1042
1
1384 2900 1042
1
1384 2901 1042
1
1384 2904 1042
1
1384 2905 1042
1
1384 2906 1042
1
1384 2909 1042
1
1384 2911 1042
1
1384 2916 1042
1
1384 2917 1042
1
1384 2918 1042
1
1384 2920 1042
1
1384 2925 1042
1
1384 2926 1042
1
1384 2928 1042
1
1384 2931 1042
1
1384 2936 1042
1
1384 2946 1042
1
1384 2948 1042
1
1384 2953 1042
1
1384 2958 1042
1
1384 2964 1042
1
1384 2967 1042
1
1384 2968 1042
1
1384 2969 1042
1
1384 2971 1042
1
1384 2978 1042
1
1384 2981 1042
1
1384 2989 1042
1
1384 2990 1042
1
1384 2991 1042
1
1384 2993 1042
1
1384 2994 1042
1
1384 2995 1042
1
1384 3003 1042
1
1384 3007 1042
1
1384 3018 1042
1
1384 3019 1042
1
1384 3027 1042
1
1384 3028 1042
1
1384 3029 1042
1
1384 3033 1042
1
1384 3034 1042
1
1384 3036 1042
1
1384 3041 1042
1
1384 3042 1042
1
1384 3045 1042
1
1384 3046 1042
1
1384 3061 1042
1
1384 3063 1042
1
1384 3064 1042
1
1384 3067 1042
1
1384 3071 1042
1
1384 3081 1042
1
1384 3086 1042
1
1384 3087 1042
1
1384 3088 1042
1
1384 3089 1042
1
1384 3090 1042
1
1384 3094 1042
1
1384 3095 1042
1
1384 3097 1042
1
1384 3100 1042
1
1384 3101 1042
1
1384 3102 1042
1
1384 3103 1042
1
1384 3107 1042
1
1384 3109 1042
1
1384 3110 1042
1
1384 3113 1042
1
1384 3114 1042
1
1384 3117 1042
1
1384 3118 1042
1
1384 3119 1042
1
1384 3125 1042
1
1384 3133 1042
1
1384 3136 1042
1
1384 3141 1042
1
1384 3143 1042
1
1384 3144 1042
1
1384 3149 1042
1
1384 3152 1042
1
1384 3153 1042
1
1384 3155 1042
1
1384 3156 1042
1
1384 3158 1042
1
1384 3159 1042
1
1384 3161 1042
1
1384 3162 1042
1
1384 3163 1042
1
1384 3165 1042
1
1384 3169 1042
1
1384 3178 1042
1
1384 3180 1042
1
1384 3182 1042
1
1384 3183 1042
1
1384 3184 1042
1
1384 3187 1042
1
1384 3188 1042
1
1384 3192 1042
1
1384 3194 1042
1
1384 3195 1042
1
1384 3198 1042
1
1384 3199 1042
1
1384 3205 1042
1
1384 3210 1042
1
1384 3219 1042
1
1384 3221 1042
1
1384 3223 1042
1
1384 3225 1042
1
1384 3227 1042
1
1384 3229 1042
1
1384 3232 1042
1
1384 3233 1042
1
1384 3238 1042
1
1384 3239 1042
1
1384 3243 1042
1
1384 3244 1042
1
1384 3245 1042
1
1384 3247 1042
1
1384 3249 1042
1
1384 3254 1042
1
1384 3255 1042
1
1384 3256 1042
1
1384 3257 1042
1
1384 3261 1042
1
1384 3266 1042
1
1384 3273 1042
1
1384 3274 1042
1
1384 3275 1042
1
1384 3279 1042
1
1384 3281 1042
1
1384 3284 1042
1
1384 3287 1042
1
1384 3288 1042
1
1384 3295 1042
1
1384 3299 1042
1
1384 3300 1042
1
1384 3301 1042
1
1384 3304 1042
1
1384 3306 1042
1
1384 3324 1042
1
1384 3326 1042
1
1384 3332 1042
1
1384 3341 1042
1
1384 3353 1042
1
1384 3362 1042
1
1384 3364 1042
1
1384 3367 1042
1
1384 3369 1042
1
1384 3375 1042
1
1384 3379 1042
1
1384 3382 1042
1
1384 3383 1042
1
1384 3385 1042
1
1384 3388 1042
1
1384 3389 1042
1
1384 3392 1042
1
1384 3396 1042
1
1384 3399 1042
1
1384 3401 1042
1
1384 3402 1042
1
1384 3404 1042
1
1384 3405 1042
1
1384 3407 1042
1
1384 3422 1042
1
1384 3426 1042
1
1384 3429 1042
1
1384 3432 1042
1
1384 3437 1042
1
1384 3442 1042
1
1384 3444 1042
1
1384 3446 1042
1
1384 3452 1042
1
1384 3454 1042
1
1384 3455 1042
14
1384 3456 1849
1849 8136 2544
2544 8533 834
834 2470 986
986 9346 162
162 6503 2679
2679 3420 910
910 7395 1218
1218 7197 436
436 5530 1754
1754 8639 1166
1166 7131 1503
1503 4169 598
598 3361 1042
1
1384 3457 1042
1
1384 3462 1042
1
1384 3463 1042
1
1384 3468 1042
1
1384 3471 1042
1
1384 3472 1042
1
1384 3473 1042
1
1384 3478 1042
1
1384 3479 1042
1
1384 3482 1042
1
1384 3484 1042
1
1384 3488 1042
1
1384 3490 1042
1
1384 3492 1042
1
1384 3499 1042
1
1384 3501 1042
1
1384 3502 1042
1
1384 3503 1042
1
1384 3506 1042
1
1384 3507 1042
1
1384 3508 1042
1
1384 3526 1042
1
1384 3528 1042
1
1384 3529 1042
1
1384 3538 1042
1
1384 3542 1042
1
1384 3547 1042
1
1384 3555 1042
1
1384 3564 1042
1
1384 3565 1042
1
1384 3566 1042
1
1384 3569 1042
1
1384 3577 1042
1
1384 3579 1042
1
1384 3582 1042
1
1384 3583 1042
1
1384 3587 1042
1
1384 3588 1042
1
1384 3589 1042
1
1384 3592 1042
1
1384 3596 1042
1
1384 3597 1042
1
1384 3599 1042
1
1384 3600 1042
1
1384 3607 1042
1
1384 3608 1042
1
1384 3610 1042
1
1384 3613 1042
1
1384 3615 1042
1
1384 3620 1042
1
1384 3622 1042
1
1384 3624 1042
1
1384 3629 1042
1
1384 3630 1042
1
1384 3640 1042
1
1384 3644 1042
1
1384 3645 1042
1
1384 3646 1042
1
1384 3648 1042
1
1384 3652 1042
1
1384 3654 1042
1
1384 3657 1042
1
1384 3659 1042
1
1384 3665 1042
1
1384 3668 1042
1
1384 3669 1042
1
1384 3674 1042
1
1384 3675 1042
1
1384 3683 1042
1
1384 3685 1042
1
1384 3687 1042
1
1384 3688 1042
1
1384 3691 1042
1
1384 3692 1042
1
1384 3694 1042
1
1384 3697 1042
1
1384 3702 1042
1
1384 3703 1042
1
1384 3704 1042
1
1384 3707 1042
1
1384 3709 1042
1
1384 3710 1042
1
1384 3712 1042
1
1384 3713 1042
1
1384 3716 1042
1
1384 3718 1042
1
1384 3729 1042
1
1384 3733 1042
1
1384 3739 1042
1
1384 3740 1042
1
1384 3741 1042
1
1384 3744 1042
1
1384 3746 1042
1
1384 3748 1042
1
1384 3753 1042
1
1384 3754 1042
1
1384 3763 1042
1
1384 3765 1042
1
1384 3767 1042
1
1384 3771 1042
1
1384 3773 1042
1
1384 3775 1042
1
1384 3783 1042
1
1384 3788 1042
1
1384 3793 1042
1
1384 3794 1042
1
1384 3798 1042
1
1384 3800 1042
1
1384 3801 1042
1
1384 3803 1042
1
1384 3806 1042
1
1384 3807 1042
1
1384 3813 1042
1
1384 3819 1042
1
1384 3820 1042
1
1384 3841 1042
1
1384 3842 1042
1
1384 3843 1042
1
1384 3844 1042
1
1384 3849 1042
1
1384 3850 1042
1
1384 3855 1042
1
1384 3871 1042
1
1384 3872 1042
1
1384 3873 1042
1
1384 3876 1042
1
1384 3877 1042
1
1384 3878 1042
1
1384 3879 1042
1
1384 3882 1042
1
1384 3903 1042
1
1384 3908 1042
1
1384 3909 1042
1
1384 3912 1042
1
1384 3915 1042
1
1384 3916 1042
1
1384 3917 1042
1
1384 3920 1042
1
1384 3925 1042
1
1384 3929 1042
1
1384 3930 1042
1
1384 3937 1042
1
1384 3943 1042
1
1384 3945 1042
1
1384 3948 1042
1
1384 3952 1042
1
1384 3954 1042
1
1384 3961 1042
1
1384 3966 1042
1
1384 3970 1042
1
1384 3973 1042
1
1384 3974 1042
1
1384 3977 1042
1
1384 3980 1042
1
1384 3983 1042
1
1384 3984 1042
1
1384 3985 1042
1
1384 3987 1042
1
1384 3988 1042
1
1384 3989 1042
1
1384 3997 1042
1
1384 4000 1042
1
1384 4004 1042
1
1384 4006 1042
1
1384 4013 1042
1
1384 4021 1042
1
1384 4024 1042
1
1384 4026 1042
1
1384 4031 1042
1
1384 4036 1042
1
1384 4037 1042
1
1384 4039 1042
1
1384 4042 1042
1
1384 4044 1042
1
1384 4046 1042
1
1384 4048 1042
1
1384 4049 1042
1
1384 4050 1042
1
1384 4056 1042
1
1384 4061 1042
1
1384 4064 1042
1
1384 4067 1042
1
1384 4071 1042
1
1384 4074 1042
1
1384 4077 1042
1
1384 4078 1042
1
1384 4081 1042
1
1384 4090 1042
1
1384 4093 1042
1
1384 4100 1042
1
1384 4103 1042
1
1384 4116 1042
1
1384 4119 1042
1
1384 4124 1042
1
1384 4127 1042
1
1384 4128 1042
1
1384 4133 1042
1
1384 4135 1042
1
1384 4138 1042
1
1384 4144 1042
1
1384 4153 1042
1
1384 4156 1042
1
1384 4157 1042
9
1384 4164 2565
2565 6108 2598
2598 961 2566
2566 4636 576
576 6127 484
484 9490 2513
2513 9345 1139
1139 1246 1661
1661 268 1042
1
1384 4166 1042
1
1384 4170 1042
1
1384 4172 1042
1
1384 4175 1042
1
1384 4176 1042
1
1384 4185 1042
1
1384 4191 1042
1
1384 4193 1042
1
1384 4198 1042
1
1384 4201 1042
1
1384 4202 1042
1
1384 4203 1042
1
1384 4205 1042
1
1384 4209 1042
1
1384 4213 1042
1
1384 4215 1042
1
1384 4217 1042
1
1384 4219 1042
1
1384 4221 1042
1
1384 4223 1042
1
1384 4226 1042
1
1384 4227 1042
1
1384 4228 1042
1
1384 4229 1042
1
1384 4236 1042
1
1384 4238 1042
1
1384 4239 1042
1
1384 4242 1042
1
1384 4249 1042
1
1384 4252 1042
1
1384 4255 1042
1
1384 4257 1042
1
1384 4264 1042
1
1384 4274 1042
1
1384 4275 1042
1
1384 4280 1042
1
1384 4289 1042
1
1384 4297 1042
1
1384 4300 1042
1
1384 4303 1042
1
1384 4305 1042
1
1384 4312 1042
1
1384 4313 1042
1
1384 4317 1042
1
1384 4321 1042
1
1384 4324 1042
1
1384 4331 1042
1
1384 4335 1042
1
1384 4341 1042
1
1384 4344 1042
1
1384 4346 1042
1
1384 4352 1042
1
1384 4353 1042
1
1384 4356 1042
1
1384 4359 1042
1
1384 4362 1042
1
1384 4368 1042
1
1384 4369 1042
1
1384 4372 1042
1
1384 4376 1042
1
1384 4377 1042
1
1384 4378 1042
1
1384 4384 1042
1
1384 4393 1042
1
1384 4398 1042
1
1384 4400 1042
1
1384 4402 1042
1
1384 4406 1042
1
1384 4407 1042
1
1384 4413 1042
1
1384 4429 1042
1
1384 4430 1042
1
1384 4443 1042
1
1384 4448 1042
1
1384 4450 1042
1
1384 4454 1042
1
1384 4456 1042
1
1384 4459 1042
1
1384 4460 1042
1
1384 4461 1042
1
1384 4467 1042
1
1384 4474 1042
1
1384 4478 1042
1
1384 4482 1042
1
1384 4486 1042
1
1384 4487 1042
1
1384 4488 1042
1
1384 4490 1042
1
1384 4494 1042
1
1384 4504 1042
1
1384 4510 1042
1
1384 4513 1042
1
1384 4515 1042
1
1384 4517 1042
1
1384 4520 1042
1
1384 4526 1042
1
1384 4527 1042
1
1384 4531 1042
1
1384 4544 1042
1
1384 4545 1042
1
1384 4548 1042
1
1384 4552 1042
1
1384 4558 1042
1
1384 4564 1042
1
1384 4572 1042
1
1384 4574 1042
1
1384 4575 1042
1
1384 4579 1042
1
1384 4580 1042
1
1384 4586 1042
1
1384 4587 1042
1
1384 4591 1042
1
1384 4593 1042
1
1384 4596 1042
1
1384 4598 1042
1
1384 4608 1042
1
1384 4618 1042
1
1384 4619 1042
1
1384 4620 1042
1
1384 4621 1042
1
1384 4625 1042
1
1384 4626 1042
1
1384 4629 1042
1
1384 4635 1042
1
1384 4641 1042
1
1384 4648 1042
1
1384 4655 1042
1
1384 4658 1042
1
1384 4662 1042
1
1384 4664 1042
1
1384 4665 1042
1
1384 4667 1042
1
1384 4671 1042
1
1384 4673 1042
1
1384 4678 1042
1
1384 4680 1042
1
1384 4682 1042
1
1384 4683 1042
1
1384 4693 1042
1
1384 4694 1042
1
1384 4698 1042
1
1384 4699 1042
1
1384 4700 1042
1
1384 4706 1042
1
1384 4710 1042
1
1384 4712 1042
1
1384 4714 1042
1
1384 4716 1042
1
1384 4724 1042
1
1384 4726 1042
1
1384 4728 1042
1
1384 4730 1042
1
1384 4731 1042
1
1384 4732 1042
1
1384 4734 1042
1
1384 4739 1042
1
1384 4740 1042
1
1384 4741 1042
1
1384 4747 1042
1
1384 4749 1042
1
1384 4751 1042
1
1384 4765 1042
1
1384 4767 1042
1
1384 4770 1042
1
1384 4771 1042
1
1384 4773 1042
1
1384 4774 1042
1
1384 4778 1042
1
1384 4781 1042
1
1384 4784 1042
1
1384 4791 1042
1
1384 4797 1042
1
1384 4803 1042
1
1384 4804 1042
1
1384 4812 1042
1
1384 4813 1042
1
1384 4815 1042
1
1384 4818 1042
1
1384 4828 1042
1
1384 4829 1042
1
1384 4832 1042
1
1384 4833 1042
1
1384 4841 1042
1
1384 4843 1042
1
1384 4848 1042
1
1384 4856 1042
1
1384 4863 1042
1
1384 4868 1042
1
1384 4870 1042
1
1384 4878 1042
1
1384 4885 1042
1
1384 4889 1042
1
1384 4894 1042
1
1384 4895 1042
1
1384 4896 1042
1
1384 4897 1042
1
1384 4902 1042
1
1384 4905 1042
1
1384 4908 1042
1
1384 4911 1042
1
1384 4913 1042
1
1384 4928 1042
1
1384 4940 1042
1
1384 4943 1042
1
1384 4944 1042
1
1384 4945 1042
1
1384 4946 1042
1
1384 4947 1042
1
1384 4948 1042
1
1384 4951 1042
1
1384 4952 1042
1
1384 4953 1042
1
1384 4956 1042
1
1384 4961 1042
1
1384 4965 1042
1
1384 4967 1042
1
1384 4970 1042
1
1384 4975 1042
1
1384 4986 1042
1
1384 4990 1042
1
1384 4993 1042
1
1384 4994 1042
1
1384 4998 1042
1
1384 5001 1042
1
1384 5003 1042
1
1384 5004 1042
1
1384 5006 1042
1
1384 5007 1042
1
1384 5012 1042
1
1384 5013 1042
1
1384 5015 1042
1
1384 5017 1042
1
1384 5021 1042
1
1384 5022 1042
1
1384 5026 1042
1
1384 5027 1042
1
1384 5028 1042
1
1384 5031 1042
1
1384 5033 1042
1
1384 5037 1042
1
1384 5038 1042
1
1384 5039 1042
1
1384 5043 1042
1
1384 5044 1042
1
1384 5045 1042
1
1384 5047 1042
1
1384 5049 1042
1
1384 5050 1042
1
1384 5051 1042
1
1384 5052 1042
1
1384 5053 1042
1
1384 5057 1042
1
1384 5059 1042
1
1384 5069 1042
1
1384 5070 1042
1
1384 5072 1042
1
1384 5073 1042
1
1384 5074 1042
1
1384 5079 1042
1
1384 5081 1042
1
1384 5083 1042
1
1384 5086 1042
1
1384 5089 1042
1
1384 5091 1042
1
1384 5092 1042
1
1384 5093 1042
1
1384 5097 1042
1
1384 5098 1042
1
1384 5099 1042
1
1384 5102 1042
1
1384 5106 1042
1
1384 5107 1042
1
1384 5110 1042
1
1384 5117 1042
1
1384 5119 1042
1
1384 5127 1042
1
1384 5131 1042
1
1384 5132 1042
1
1384 5134 1042
1
1384 5135 1042
1
1384 5138 1042
1
1384 5139 1042
1
1384 5141 1042
1
1384 5143 1042
1
1384 5145 1042
1
1384 5146 1042
1
1384 5156 1042
1
1384 5160 1042
1
1384 5175 1042
1
1384 5182 1042
1
1384 5191 1042
1
1384 5193 1042
1
1384 5201 1042
1
1384 5210 1042
1
1384 5214 1042
1
1384 5215 1042
1
1384 5216 1042
1
1384 5219 1042
1
1384 5230 1042
1
1384 5231 1042
1
1384 5233 1042
1
1384 5236 1042
1
1384 5239 1042
1
1384 5241 1042
1
1384 5246 1042
1
1384 5251 1042
1
1384 5257 1042
1
1384 5259 1042
1
1384 5261 1042
1
1384 5262 1042
1
1384 5266 1042
1
1384 5270 1042
1
1384 5274 1042
1
1384 5276 1042
1
1384 5277 1042
1
1384 5278 1042
1
1384 5279 1042
1
1384 5283 1042
1
1384 5287 1042
1
1384 5288 1042
1
1384 5289 1042
1
1384 5295 1042
1
1384 5298 1042
1
1384 5303 1042
1
1384 5311 1042
1
1384 5315 1042
1
1384 5319 1042
1
1384 5320 1042
1
1384 5323 1042
1
1384 5325 1042
1
1384 5328 1042
1
1384 5334 1042
1
1384 5335 1042
1
1384 5336 1042
1
1384 5344 1042
1
1384 5350 1042
1
1384 5363 1042
1
1384 5364 1042
1
1384 5365 1042
1
1384 5366 1042
1
1384 5368 1042
1
1384 5371 1042
1
1384 5377 1042
1
1384 5379 1042
1
1384 5383 1042
1
1384 5384 1042
1
1384 5385 1042
1
1384 5387 1042
1
1384 5390 1042
1
1384 5404 1042
1
1384 5406 1042
1
1384 5408 1042
1
1384 5413 1042
1
1384 5416 1042
1
1384 5418 1042
1
1384 5420 1042
1
1384 5425 1042
1
1384 5426 1042
1
1384 5427 1042
1
1384 5429 1042
1
1384 5434 1042
1
1384 5439 1042
1
1384 5442 1042
1
1384 5443 1042
1
1384 5452 1042
1
1384 5453 1042
1
1384 5459 1042
1
1384 5462 1042
1
1384 5483 1042
1
1384 5485 1042
1
1384 5491 1042
1
1384 5494 1042
1
1384 5497 1042
1
1384 5498 1042
1
1384 5500 1042
1
1384 5504 1042
1
1384 5506 1042
1
1384 5510 1042
1
1384 5515 1042
1
1384 5520 1042
1
1384 5524 1042
1
1384 5525 1042
1
1384 5527 1042
1
1384 5531 1042
1
1384 5534 1042
1
1384 5541 1042
1
1384 5542 1042
1
1384 5544 1042
1
1384 5550 1042
1
1384 5556 1042
1
1384 5565 1042
1
1384 5567 1042
1
1384 5568 1042
1
1384 5573 1042
1
1384 5574 1042
1
1384 5576 1042
1
1384 5578 1042
1
1384 5583 1042
1
1384 5584 1042
1
1384 5585 1042
1
1384 5588 1042
1
1384 5589 1042
1
1384 5596 1042
1
1384 5597 1042
1
1384 5600 1042
1
1384 5607 1042
1
1384 5609 1042
1
1384 5614 1042
1
1384 5618 1042
1
1384 5619 1042
1
1384 5622 1042
1
1384 5629 1042
1
1384 5632 1042
1
1384 5634 1042
1
1384 5636 1042
1
1384 5643 1042
1
1384 5647 1042
1
1384 5650 1042
1
1384 5651 1042
1
1384 5652 1042
1
1384 5656 1042
1
1384 5657 1042
1
1384 5662 1042
1
1384 5663 1042
1
1384 5666 1042
1
1384 5668 1042
1
1384 5669 1042
1
1384 5673 1042
1
1384 5676 1042
1
1384 5678 1042
1
1384 5683 1042
1
1384 5690 1042
1
1384 5694 1042
1
1384 5695 1042
1
1384 5700 1042
1
1384 5702 1042
1
1384 5704 1042
1
1384 5708 1042
1
1384 5709 1042
1
1384 5711 1042
1
1384 5714 1042
1
1384 5717 1042
1
1384 5722 1042
1
1384 5731 1042
1
1384 5738 1042
1
1384 5740 1042
1
1384 5743 1042
1
1384 5756 1042
1
1384 5757 1042
1
1384 5761 1042
1
1384 5762 1042
1
1384 5768 1042
1
1384 5772 1042
1
1384 5773 1042
1
1384 5781 1042
1
1384 5783 1042
1
1384 5785 1042
1
1384 5787 1042
1
1384 5792 1042
1
1384 5797 1042
1
1384 5807 1042
1
1384 5808 1042
1
1384 5811 1042
1
1384 5816 1042
1
1384 5819 1042
1
1384 5821 1042
1
1384 5822 1042
1
1384 5823 1042
1
1384 5826 1042
1
1384 5834 1042
1
1384 5840 1042
1
1384 5844 1042
1
1384 5845 1042
1
1384 5846 1042
1
1384 5854 1042
1
1384 5855 1042
1
1384 5856 1042
1
1384 5858 1042
1
1384 5859 1042
1
1384 5860 1042
1
1384 5861 1042
1
1384 5863 1042
1
1384 5864 1042
1
1384 5875 1042
1
1384 5878 1042
1
1384 5879 1042
1
1384 5880 1042
1
1384 5885 1042
1
1384 5887 1042
1
1384 5888 1042
1
1384 5890 1042
1
1384 5891 1042
1
1384 5894 1042
1
1384 5895 1042
1
1384 5896 1042
1
1384 5899 1042
1
1384 5902 1042
1
1384 5903 1042
1
1384 5907 1042
1
1384 5913 1042
1
1384 5923 1042
1
1384 5929 1042
1
1384 5941 1042
1
1384 5944 1042
1
1384 5954 1042
1
1384 5956 1042
1
1384 5957 1042
1
1384 5958 1042
1
1384 5959 1042
1
1384 5964 1042
1
1384 5965 1042
1
1384 5967 1042
1
1384 5969 1042
1
1384 5973 1042
1
1384 5976 1042
1
1384 5979 1042
1
1384 5980 1042
1
1384 5988 1042
1
1384 5989 1042
1
1384 5990 1042
1
1384 5993 1042
1
1384 5994 1042
1
1384 5996 1042
1
1384 5998 1042
1
1384 6008 1042
1
1384 6012 1042
1
1384 6014 1042
1
1384 6016 1042
1
1384 6021 1042
1
1384 6023 1042
1
1384 6024 1042
1
1384 6030 1042
1
1384 6036 1042
1
1384 6041 1042
1
1384 6042 1042
1
1384 6046 1042
1
1384 6048 1042
1
1384 6054 1042
1
1384 6056 1042
1
1384 6057 1042
1
1384 6060 1042
1
1384 6061 1042
1
1384 6063 1042
1
1384 6072 1042
1
1384 6075 1042
1
1384 6078 1042
1
1384 6080 1042
1
1384 6084 1042
1
1384 6087 1042
1
1384 6089 1042
1
1384 6097 1042
1
1384 6098 1042
1
1384 6099 1042
1
1384 6103 1042
1
1384 6112 1042
1
1384 6115 1042
1
1384 6116 1042
1
1384 6117 1042
1
1384 6119 1042
1
1384 6131 1042
1
1384 6132 1042
1
1384 6133 1042
1
1384 6135 1042
1
1384 6136 1042
1
1384 6137 1042
1
1384 6141 1042
1
1384 6149 1042
1
1384 6154 1042
1
1384 6155 1042
1
1384 6161 1042
1
1384 6170 1042
1
1384 6175 1042
1
1384 6177 1042
1
1384 6179 1042
1
1384 6181 1042
1
1384 6182 1042
1
1384 6183 1042
1
1384 6184 1042
1
1384 6186 1042
1
1384 6188 1042
1
1384 6189 1042
1
1384 6191 1042
1
1384 6194 1042
1
1384 6198 1042
1
1384 6200 1042
1
1384 6206 1042
1
1384 6207 1042
1
1384 6211 1042
1
1384 6215 1042
1
1384 6216 1042
1
1384 6224 1042
1
1384 6238 1042
1
1384 6241 1042
1
1384 6244 1042
1
1384 6247 1042
1
1384 6254 1042
1
1384 6257 1042
1
1384 6262 1042
1
1384 6272 1042
1
1384 6273 1042
1
1384 6281 1042
1
1384 6282 1042
1
1384 6284 1042
1
1384 6286 1042
1
1384 6287 1042
1
1384 6288 1042
1
1384 6290 1042
1
1384 6291 1042
1
1384 6292 1042
1
1384 6305 1042
1
1384 6306 1042
1
1384 6311 1042
1
1384 6318 1042
1
1384 6321 1042
1
1384 6326 1042
1
1384 6330 1042
1
1384 6334 1042
1
1384 6339 1042
1
1384 6342 1042
1
1384 6347 1042
1
1384 6348 1042
1
1384 6350 1042
1
1384 6353 1042
1
1384 6357 1042
1
1384 6362 1042
1
1384 6365 1042
1
1384 6372 1042
1
1384 6379 1042
1
1384 6384 1042
1
1384 6386 1042
1
1384 6390 1042
1
1384 6394 1042
1
1384 6396 1042
1
1384 6397 1042
1
1384 6398 1042
1
1384 6399 1042
1
1384 6407 1042
1
1384 6409 1042
1
1384 6411 1042
1
1384 6412 1042
1
1384 6413 1042
1
1384 6418 1042
1
1384 6419 1042
1
1384 6422 1042
1
1384 6430 1042
1
1384 6431 1042
1
1384 6432 1042
1
1384 6434 1042
1
1384 6437 1042
1
1384 6442 1042
1
1384 6447 1042
1
1384 6448 1042
1
1384 6450 1042
1
1384 6454 1042
1
1384 6455 1042
1
1384 6456 1042
1
1384 6462 1042
1
1384 6465 1042
1
1384 6466 1042
1
1384 6470 1042
1
1384 6472 1042
1
1384 6476 1042
1
1384 6482 1042
1
1384 6483 1042
1
1384 6487 1042
1
1384 6493 1042
1
1384 6497 1042
1
1384 6498 1042
1
1384 6501 1042
1
1384 6505 1042
1
1384 6508 1042
1
1384 6510 1042
1
1384 6515 1042
1
1384 6521 1042
1
1384 6522 1042
1
1384 6531 1042
1
1384 6538 1042
1
1384 6542 1042
1
1384 6544 1042
1
1384 6546 1042
1
1384 6547 1042
1
1384 6550 1042
1
1384 6551 1042
1
1384 6552 1042
1
1384 6556 1042
1
1384 6560 1042
1
1384 6567 1042
1
1384 6578 1042
1
1384 6579 1042
1
1384 6584 1042
1
1384 6585 1042
1
1384 6587 1042
1
1384 6589 1042
1
1384 6590 1042
1
1384 6591 1042
1
1384 6600 1042
1
1384 6605 1042
1
1384 6606 1042
1
1384 6613 1042
1
1384 6615 1042
1
1384 6623 1042
1
1384 6626 1042
1
1384 6630 1042
1
1384 6634 1042
1
1384 6635 1042
1
1384 6638 1042
1
1384 6642 1042
1
1384 6643 1042
1
1384 6645 1042
1
1384 6647 1042
1
1384 6655 1042
1
1384 6659 1042
1
1384 6662 1042
1
1384 6663 1042
1
1384 6664 1042
1
1384 6665 1042
1
1384 6670 1042
1
1384 6671 1042
1
1384 6677 1042
1
1384 6682 1042
1
1384 6684 1042
1
1384 6685 1042
1
1384 6695 1042
1
1384 6697 1042
1
1384 6698 1042
1
1384 6702 1042
1
1384 6706 1042
1
1384 6713 1042
1
1384 6716 1042
1
1384 6717 1042
1
1384 6718 1042
1
1384 6721 1042
1
1384 6723 1042
1
1384 6724 1042
1
1384 6725 1042
1
1384 6726 1042
1
1384 6730 1042
1
1384 6736 1042
1
1384 6745 1042
1
1384 6748 1042
1
1384 6749 1042
1
1384 6751 1042
1
1384 6752 1042
1
1384 6753 1042
1
1384 6756 1042
1
1384 6761 1042
1
1384 6763 1042
1
1384 6764 1042
1
1384 6766 1042
1
1384 6767 1042
1
1384 6770 1042
1
1384 6773 1042
1
1384 6774 1042
1
1384 6782 1042
1
1384 6784 1042
1
1384 6785 1042
1
1384 6790 1042
1
1384 6791 1042
1
1384 6798 1042
1
1384 6799 1042
1
1384 6804 1042
1
1384 6808 1042
1
1384 6811 1042
1
1384 6818 1042
1
1384 6819 1042
1
1384 6823 1042
1
1384 6824 1042
1
1384 6826 1042
1
1384 6829 1042
1
1384 6831 1042
1
1384 6835 1042
1
1384 6841 1042
1
1384 6843 1042
1
1384 6844 1042
1
1384 6850 1042
1
1384 6858 1042
1
1384 6859 1042
1
1384 6860 1042
1
1384 6869 1042
1
1384 6870 1042
1
1384 6871 1042
1
1384 6874 1042
1
1384 6875 1042
1
1384 6876 1042
1
1384 6881 1042
1
1384 6882 1042
1
1384 6886 1042
1
1384 6890 1042
1
1384 6892 1042
1
1384 6895 1042
1
1384 6897 1042
1
1384 6898 1042
1
1384 6900 1042
1
1384 6904 1042
1
1384 6905 1042
1
1384 6906 1042
1
1384 6907 1042
1
1384 6916 1042
1
1384 6917 1042
1
1384 6921 1042
1
1384 6922 1042
1
1384 6925 1042
1
1384 6926 1042
1
1384 6931 1042
1
1384 6933 1042
1
1384 6936 1042
1
1384 6939 1042
1
1384 6942 1042
1
1384 6945 1042
1
1384 6947 1042
1
1384 6949 1042
1
1384 6957 1042
1
1384 6961 1042
1
1384 6965 1042
1
1384 6968 1042
1
1384 6971 1042
1
1384 6972 1042
1
1384 6974 1042
1
1384 6987 1042
1
1384 6989 1042
1
1384 6991 1042
1
1384 6996 1042
1
1384 6997 1042
1
1384 6998 1042
1
1384 7002 1042
1
1384 7006 1042
1
1384 7009 1042
1
1384 7012 1042
1
1384 7016 1042
1
1384 7017 1042
1
1384 7020 1042
1
1384 7021 1042
1
1384 7022 1042
1
1384 7030 1042
1
1384 7032 1042
1
1384 7035 1042
1
1384 7037 1042
1
1384 7039 1042
1
1384 7044 1042
1
1384 7050 1042
1
1384 7052 1042
1
1384 7053 1042
1
1384 7058 1042
1
1384 7060 1042
1
1384 7063 1042
1
1384 7068 1042
1
1384 7073 1042
1
1384 7074 1042
1
1384 7079 1042
1
1384 7081 1042
1
1384 7086 1042
1
1384 7088 1042
1
1384 7089 1042
1
1384 7093 1042
1
1384 7094 1042
1
1384 7097 1042
1
1384 7099 1042
1
1384 7107 1042
1
1384 7109 1042
1
1384 7113 1042
1
1384 7114 1042
1
1384 7122 1042
1
1384 7126 1042
1
1384 7127 1042
1
1384 7128 1042
1
1384 7130 1042
1
1384 7132 1042
1
1384 7133 1042
1
1384 7136 1042
1
1384 7137 1042
1
1384 7139 1042
1
1384 7142 1042
1
1384 7146 1042
1
1384 7147 1042
1
1384 7149 1042
1
1384 7155 1042
1
1384 7166 1042
1
1384 7167 1042
1
1384 7171 1042
1
1384 7172 1042
1
1384 7183 1042
1
1384 7184 1042
1
1384 7186 1042
1
1384 7188 1042
1
1384 7194 1042
1
1384 7195 1042
1
1384 7196 1042
1
1384 7198 1042
1
1384 7204 1042
1
1384 7209 1042
1
1384 7212 1042
1
1384 7213 1042
1
1384 7214 1042
1
1384 7219 1042
1
1384 7222 1042
1
1384 7223 1042
1
1384 7228 1042
1
1384 7231 1042
1
1384 7241 1042
1
1384 7243 1042
1
1384 7248 1042
1
1384 7261 1042
1
1384 7262 1042
1
1384 7264 1042
1
1384 7267 1042
1
1384 7272 1042
1
1384 7273 1042
1
1384 7277 1042
1
1384 7279 1042
1
1384 7280 1042
1
1384 7286 1042
1
1384 7287 1042
1
1384 7288 1042
1
1384 7299 1042
1
1384 7304 1042
1
1384 7306 1042
1
1384 7308 1042
1
1384 7315 1042
1
1384 7318 1042
1
1384 7322 1042
1
1384 7323 1042
1
1384 7325 1042
1
1384 7331 1042
1
1384 7335 1042
1
1384 7337 1042
1
1384 7338 1042
1
1384 7347 1042
1
1384 7348 1042
1
1384 7352 1042
1
1384 7358 1042
1
1384 7359 1042
1
1384 7362 1042
1
1384 7363 1042
1
1384 7366 1042
1
1384 7368 1042
1
1384 7373 1042
1
1384 7375 1042
1
1384 7377 1042
1
1384 7383 1042
1
1384 7386 1042
1
1384 7388 1042
1
1384 7392 1042
1
1384 7393 1042
1
1384 7394 1042
1
1384 7397 1042
1
1384 7398 1042
1
1384 7405 1042
1
1384 7407 1042
1
1384 7408 1042
1
1384 7410 1042
1
1384 7412 1042
1
1384 7413 1042
1
1384 7416 1042
1
1384 7426 1042
1
1384 7429 1042
1
1384 7433 1042
1
1384 7436 1042
1
1384 7440 1042
1
1384 7442 1042
1
1384 7448 1042
1
1384 7450 1042
1
1384 7451 1042
1
1384 7453 1042
1
1384 7455 1042
1
1384 7459 1042
1
1384 7468 1042
1
1384 7469 1042
1
1384 7473 1042
1
1384 7476 1042
1
1384 7481 1042
1
1384 7484 1042
1
1384 7494 1042
1
1384 7495 1042
1
1384 7497 1042
1
1384 7498 1042
1
1384 7509 1042
1
1384 7510 1042
1
1384 7511 1042
1
1384 7513 1042
1
1384 7527 1042
1
1384 7530 1042
1
1384 7531 1042
1
1384 7534 1042
1
1384 7535 1042
1
1384 7536 1042
1
1384 7538 1042
1
1384 7544 1042
1
1384 7545 1042
1
1384 7546 1042
1
1384 7548 1042
1
1384 7551 1042
1
1384 7557 1042
1
1384 7563 1042
1
1384 7565 1042
1
1384 7566 1042
1
1384 7568 1042
1
1384 7569 1042
1
1384 7572 1042
1
1384 7575 1042
1
1384 7578 1042
1
1384 7581 1042
1
1384 7584 1042
1
1384 7586 1042
1
1384 7587 1042
1
1384 7590 1042
1
1384 7591 1042
1
1384 7593 1042
1
1384 7594 1042
1
1384 7598 1042
1
1384 7602 1042
1
1384 7607 1042
1
1384 7608 1042
1
1384 7613 1042
1
1384 7614 1042
1
1384 7615 1042
1
1384 7618 1042
1
1384 7624 1042
1
1384 7632 1042
1
1384 7634 1042
1
1384 7637 1042
1
1384 7638 1042
1
1384 7645 1042
1
1384 7646 1042
1
1384 7657 1042
1
1384 7658 1042
1
1384 7659 1042
1
1384 7660 1042
1
1384 7662 1042
1
1384 7663 1042
1
1384 7675 1042
1
1384 7677 1042
1
1384 7680 1042
1
1384 7683 1042
1
1384 7685 1042
1
1384 7688 1042
1
1384 7689 1042
1
1384 7703 1042
1
1384 7706 1042
1
1384 7707 1042
1
1384 7714 1042
1
1384 7722 1042
1
1384 7723 1042
1
1384 7724 1042
1
1384 7726 1042
1
1384 7730 1042
1
1384 7731 1042
1
1384 7736 1042
1
1384 7739 1042
1
1384 7742 1042
1
1384 7745 1042
1
1384 7746 1042
1
1384 7747 1042
1
1384 7748 1042
1
1384 7749 1042
1
1384 7750 1042
1
1384 7757 1042
1
1384 7758 1042
1
1384 7760 1042
1
1384 7762 1042
1
1384 7763 1042
1
1384 7766 1042
1
1384 7767 1042
1
1384 7770 1042
1
1384 7773 1042
1
1384 7779 1042
1
1384 7783 1042
1
1384 7785 1042
1
1384 7786 1042
1
1384 7788 1042
1
1384 7793 1042
1
1384 7797 1042
1
1384 7804 1042
1
1384 7806 1042
1
1384 7808 1042
1
1384 7810 1042
1
1384 7811 1042
1
1384 7812 1042
1
1384 7814 1042
1
1384 7819 1042
1
1384 7823 1042
1
1384 7824 1042
1
1384 7827 1042
1
1384 7829 1042
1
1384 7831 1042
1
1384 7833 1042
1
1384 7834 1042
1
1384 7838 1042
1
1384 7841 1042
1
1384 7844 1042
1
1384 7846 1042
1
1384 7847 1042
1
1384 7849 1042
1
1384 7850 1042
1
1384 7851 1042
1
1384 7852 1042
1
1384 7854 1042
1
1384 7857 1042
1
1384 7864 1042
1
1384 7870 1042
1
1384 7873 1042
1
1384 7875 1042
1
1384 7876 1042
1
1384 7878 1042
1
1384 7879 1042
1
1384 7882 1042
1
1384 7888 1042
1
1384 7890 1042
1
1384 7891 1042
1
1384 7892 1042
1
1384 7901 1042
1
1384 7902 1042
1
1384 7907 1042
1
1384 7908 1042
1
1384 7912 1042
1
1384 7918 1042
1
1384 7919 1042
1
1384 7923 1042
1
1384 7927 1042
1
1384 7930 1042
1
1384 7933 1042
1
1384 7934 1042
1
1384 7935 1042
1
1384 7942 1042
1
1384 7943 1042
1
1384 7946 1042
1
1384 7949 1042
1
1384 7950 1042
1
1384 7953 1042
1
1384 7954 1042
1
1384 7956 1042
1
1384 7961 1042
1
1384 7962 1042
1
1384 7970 1042
1
1384 7976 1042
1
1384 7978 1042
1
1384 7979 1042
1
1384 7980 1042
1
1384 7985 1042
1
1384 7987 1042
1
1384 7989 1042
1
1384 7991 1042
1
1384 7997 1042
1
1384 7998 1042
1
1384 7999 1042
1
1384 8000 1042
1
1384 8011 1042
1
1384 8016 1042
1
1384 8018 1042
1
1384 8019 1042
1
1384 8022 1042
1
1384 8024 1042
1
1384 8026 1042
1
1384 8027 1042
1
1384 8028 1042
1
1384 8030 1042
1
1384 8031 1042
1
1384 8035 1042
1
1384 8042 1042
1
1384 8046 1042
1
1384 8051 1042
1
1384 8054 1042
1
1384 8055 1042
1
1384 8061 1042
1
1384 8063 1042
1
1384 8064 1042
1
1384 8071 1042
1
1384 8072 1042
1
1384 8076 1042
1
1384 8078 1042
1
1384 8086 1042
1
1384 8088 1042
1
1384 8093 1042
1
1384 8094 1042
1
1384 8095 1042
1
1384 8100 1042
1
1384 8101 1042
1
1384 8105 1042
1
1384 8107 1042
1
1384 8113 1042
1
1384 8116 1042
1
1384 8119 1042
1
1384 8128 1042
1
1384 8129 1042
1
1384 8131 1042
1
1384 8134 1042
1
1384 8137 1042
1
1384 8138 1042
1
1384 8142 1042
1
1384 8149 1042
1
1384 8152 1042
1
1384 8153 1042
1
1384 8159 1042
1
1384 8163 1042
1
1384 8164 1042
1
1384 8165 1042
1
1384 8166 1042
1
1384 8173 1042
1
1384 8174 1042
1
1384 8175 1042
1
1384 8176 1042
1
1384 8179 1042
1
1384 8180 1042
1
1384 8181 1042
1
1384 8184 1042
1
1384 8209 1042
1
1384 8212 1042
1
1384 8215 1042
1
1384 8217 1042
1
1384 8220 1042
1
1384 8224 1042
1
1384 8229 1042
1
1384 8230 1042
1
1384 8232 1042
1
1384 8236 1042
1
1384 8238 1042
1
1384 8246 1042
1
1384 8249 1042
1
1384 8253 1042
1
1384 8258 1042
1
1384 8260 1042
1
1384 8261 1042
1
1384 8262 1042
1
1384 8263 1042
1
1384 8265 1042
1
1384 8267 1042
1
1384 8275 1042
1
1384 8283 1042
1
1384 8284 1042
1
1384 8291 1042
1
1384 8299 1042
1
1384 8300 1042
1
1384 8301 1042
1
1384 8304 1042
1
1384 8308 1042
1
1384 8310 1042
1
1384 8311 1042
1
1384 8313 1042
1
1384 8321 1042
1
1384 8324 1042
1
1384 8325 1042
1
1384 8332 1042
1
1384 8333 1042
1
1384 8337 1042
1
1384 8340 1042
1
1384 8342 1042
1
1384 8346 1042
1
1384 8347 1042
1
1384 8348 1042
1
1384 8354 1042
1
1384 8360 1042
1
1384 8368 1042
1
1384 8370 1042
1
1384 8375 1042
1
1384 8376 1042
1
1384 8377 1042
1
1384 8382 1042
1
1384 8384 1042
1
1384 8386 1042
1
1384 8389 1042
1
1384 8390 1042
1
1384 8395 1042
1
1384 8396 1042
1
1384 8398 1042
1
1384 8410 1042
1
1384 8411 1042
1
1384 8412 1042
1
1384 8419 1042
1
1384 8420 1042
1
1384 8422 1042
1
1384 8431 1042
1
1384 8434 1042
1
1384 8436 1042
1
1384 8442 1042
1
1384 8443 1042
1
1384 8447 1042
1
1384 8451 1042
1
1384 8454 1042
1
1384 8462 1042
1
1384 8463 1042
1
1384 8464 1042
1
1384 8466 1042
1
1384 8476 1042
1
1384 8477 1042
1
1384 8479 1042
1
1384 8481 1042
1
1384 8486 1042
1
1384 8487 1042
1
1384 8488 1042
1
1384 8493 1042
1
1384 8500 1042
1
1384 8501 1042
1
1384 8504 1042
1
1384 8507 1042
1
1384 8510 1042
1
1384 8513 1042
1
1384 8515 1042
1
1384 8523 1042
1
1384 8524 1042
1
1384 8526 1042
1
1384 8531 1042
1
1384 8532 1042
1
1384 8534 1042
1
1384 8539 1042
1
1384 8544 1042
1
1384 8554 1042
1
1384 8558 1042
1
1384 8567 1042
1
1384 8571 1042
1
1384 8579 1042
1
1384 8580 1042
1
1384 8585 1042
1
1384 8587 1042
1
1384 8592 1042
1
1384 8597 1042
1
1384 8602 1042
1
1384 8603 1042
1
1384 8608 1042
1
1384 8611 1042
1
1384 8617 1042
1
1384 8618 1042
1
1384 8621 1042
1
1384 8624 1042
1
1384 8625 1042
1
1384 8629 1042
1
1384 8635 1042
1
1384 8642 1042
1
1384 8660 1042
1
1384 8661 1042
1
1384 8663 1042
1
1384 8664 1042
1
1384 8665 1042
1
1384 8667 1042
1
1384 8672 1042
1
1384 8678 1042
1
1384 8679 1042
1
1384 8682 1042
1
1384 8683 1042
1
1384 8694 1042
1
1384 8698 1042
1
1384 8699 1042
1
1384 8701 1042
1
1384 8703 1042
1
1384 8713 1042
1
1384 8718 1042
1
1384 8719 1042
1
1384 8720 1042
1
1384 8723 1042
1
1384 8724 1042
1
1384 8733 1042
1
1384 8734 1042
1
1384 8739 1042
1
1384 8740 1042
1
1384 8741 1042
1
1384 8742 1042
1
1384 8743 1042
1
1384 8746 1042
1
1384 8747 1042
1
1384 8750 1042
1
1384 8751 1042
1
1384 8753 1042
1
1384 8761 1042
1
1384 8762 1042
1
1384 8767 1042
1
1384 8771 1042
1
1384 8772 1042
1
1384 8773 1042
1
1384 8781 1042
1
1384 8785 1042
1
1384 8791 1042
1
1384 8793 1042
1
1384 8800 1042
1
1384 8803 1042
1
1384 8806 1042
1
1384 8817 1042
1
1384 8824 1042
1
1384 8827 1042
1
1384 8829 1042
1
1384 8831 1042
1
1384 8844 1042
1
1384 8846 1042
1
1384 8852 1042
1
1384 8854 1042
1
1384 8863 1042
1
1384 8865 1042
1
1384 8869 1042
1
1384 8871 1042
1
1384 8873 1042
1
1384 8879 1042
1
1384 8884 1042
1
1384 8887 1042
1
1384 8888 1042
1
1384 8890 1042
1
1384 8893 1042
1
1384 8895 1042
1
1384 8896 1042
1
1384 8897 1042
1
1384 8899 1042
1
1384 8905 1042
1
1384 8908 1042
1
1384 8910 1042
1
1384 8913 1042
1
1384 8914 1042
1
1384 8923 1042
1
1384 8926 1042
1
1384 8932 1042
1
1384 8938 1042
1
1384 8951 1042
1
1384 8953 1042
1
1384 8954 1042
1
1384 8955 1042
1
1384 8957 1042
1
1384 8960 1042
1
1384 8962 1042
1
1384 8969 1042
1
1384 8970 1042
1
1384 8974 1042
1
1384 8975 1042
1
1384 8977 1042
1
1384 8978 1042
1
1384 8983 1042
1
1384 8986 1042
1
1384 8987 1042
1
1384 8989 1042
1
1384 8991 1042
1
1384 8994 1042
1
1384 8995 1042
1
1384 8996 1042
1
1384 9001 1042
1
1384 9005 1042
1
1384 9007 1042
1
1384 9009 1042
1
1384 9011 1042
1
1384 9014 1042
1
1384 9018 1042
1
1384 9019 1042
1
1384 9022 1042
1
1384 9023 1042
1
1384 9024 1042
1
1384 9031 1042
1
1384 9033 1042
1
1384 9039 1042
1
1384 9042 1042
1
1384 9043 1042
1
1384 9045 1042
1
1384 9047 1042
1
1384 9048 1042
1
1384 9050 1042
1
1384 9052 1042
1
1384 9056 1042
1
1384 9058 1042
1
1384 9061 1042
1
1384 9065 1042
1
1384 9066 1042
1
1384 9072 1042
1
1384 9080 1042
1
1384 9086 1042
1
1384 9088 1042
1
1384 9091 1042
1
1384 9092 1042
1
1384 9096 1042
1
1384 9103 1042
1
1384 9105 1042
1
1384 9106 1042
1
1384 9107 1042
1
1384 9110 1042
1
1384 9115 1042
1
1384 9117 1042
1
1384 9126 1042
1
1384 9128 1042
1
1384 9130 1042
1
1384 9132 1042
1
1384 9134 1042
1
1384 9135 1042
1
1384 9136 1042
1
1384 9137 1042
1
1384 9139 1042
1
1384 9142 1042
1
1384 9143 1042
1
1384 9150 1042
1
1384 9151 1042
1
1384 9158 1042
1
1384 9171 1042
1
1384 9173 1042
1
1384 9174 1042
1
1384 9176 1042
1
1384 9179 1042
1
1384 9180 1042
1
1384 9181 1042
1
1384 9189 1042
1
1384 9194 1042
1
1384 9195 1042
1
1384 9196 1042
1
1384 9200 1042
1
1384 9201 1042
1
1384 9207 1042
1
1384 9208 1042
1
1384 9213 1042
1
1384 9217 1042
1
1384 9218 1042
1
1384 9225 1042
1
1384 9226 1042
1
1384 9228 1042
1
1384 9229 1042
1
1384 9232 1042
1
1384 9234 1042
1
1384 9237 1042
1
1384 9239 1042
1
1384 9244 1042
1
1384 9249 1042
1
1384 9256 1042
1
1384 9257 1042
1
1384 9258 1042
1
1384 9259 1042
1
1384 9262 1042
1
1384 9263 1042
1
1384 9264 1042
1
1384 9266 1042
1
1384 9267 1042
1
1384 9278 1042
1
1384 9282 1042
1
1384 9283 1042
1
1384 9284 1042
1
1384 9286 1042
1
1384 9296 1042
1
1384 9297 1042
1
1384 9298 1042
1
1384 9313 1042
1
1384 9315 1042
1
1384 9317 1042
1
1384 9322 1042
1
1384 9324 1042
1
1384 9334 1042
1
1384 9335 1042
1
1384 9337 1042
1
1384 9340 1042
1
1384 9341 1042
1
1384 9343 1042
1
1384 9344 1042
1
1384 9347 1042
1
1384 9350 1042
1
1384 9358 1042
1
1384 9362 1042
1
1384 9365 1042
1
1384 9367 1042
1
1384 9370 1042
1
1384 9371 1042
1
1384 9372 1042
1
1384 9378 1042
1
1384 9379 1042
1
1384 9384 1042
1
1384 9387 1042
1
1384 9388 1042
1
1384 9389 1042
1
1384 9396 1042
1
1384 9397 1042
1
1384 9398 1042
1
1384 9401 1042
1
1384 9405 1042
1
1384 9408 1042
1
1384 9409 1042
1
1384 9410 1042
1
1384 9411 1042
1
1384 9412 1042
1
1384 9414 1042
1
1384 9419 1042
1
1384 9424 1042
1
1384 9427 1042
1
1384 9430 1042
1
1384 9431 1042
1
1384 9436 1042
1
1384 9440 1042
1
1384 9441 1042
1
1384 9450 1042
1
1384 9451 1042
1
1384 9454 1042
1
1384 9456 1042
1
1384 9457 1042
1
1384 9461 1042
1
1384 9464 1042
1
1384 9465 1042
1
1384 9466 1042
1
1384 9467 1042
1
1384 9469 1042
1
1384 9471 1042
1
1384 9474 1042
1
1384 9475 1042
1
1384 9478 1042
1
1384 9483 1042
1
1384 9485 1042
1
1384 9489 1042
1
1384 9496 1042
1
1384 9498 1042
1
1384 9500 1042
1
1384 9501 1042
1
1384 9505 1042
1
1384 9511 1042
1
1384 9512 1042
1
1384 9520 1042
1
1384 9522 1042
1
1384 9523 1042
1
1384 9530 1042
1
1384 9531 1042
1
1384 9533 1042
1
1384 9537 1042
1
1384 9541 1042
1
1384 9547 1042
1
1384 9550 1042
1
1384 9553 1042
1
1384 9554 1042
1
1384 9560 1042
1
1384 9561 1042
1
1384 9565 1042
1
1384 9569 1042
1
1384 9571 1042
1
1384 9574 1042
1
1384 9575 1042
1
1384 9577 1042
1
1384 9580 1042
1
1384 9585 1042
1
1384 9586 1042
1
1384 9592 1042
1
1384 9596 1042
1
1384 9597 1042
1
1384 9599 1042
1
1384 9602 1042
1
1384 9614 1042
1
1384 9620 1042
1
1384 9623 1042
1
1384 9627 1042
1
1384 9629 1042
1
1384 9630 1042
1
1384 9631 1042
1
1384 9635 1042
1
1384 9636 1042
1
1384 9640 1042
1
1384 9643 1042
1
1384 9646 1042
1
1384 9650 1042
1
1384 9654 1042
1
1384 9658 1042
1
1384 9661 1042
1
1384 9664 1042
1
1384 9668 1042
1
1384 9669 1042
1
1384 9681 1042
1
1384 9682 1042
1
1384 9683 1042
1
1384 9684 1042
1
1384 9685 1042
1
1384 9688 1042
1
1384 9692 1042
1
1384 9695 1042
1
1384 9696 1042
1
1384 9698 1042
1
1384 9699 1042
1
1384 9700 1042
1
1384 9704 1042
1
1384 9706 1042
1
1384 9707 1042
1
1384 9714 1042
1
1384 9716 1042
1
1384 9719 1042
1
1384 9722 1042
1
1384 9724 1042
1
1384 9725 1042
1
1384 9727 1042
1
1384 9728 1042
1
1384 9739 1042
1
1384 9745 1042
1
1384 9750 1042
1
1384 9751 1042
1
1384 9752 1042
1
1384 9755 1042
1
1384 9756 1042
1
1384 9757 1042
1
1384 9761 1042
1
1384 9763 1042
1
1384 9766 1042
1
1384 9768 1042
1
1384 9769 1042
1
1384 9772 1042
1
1384 9774 1042
1
1384 9777 1042
1
1384 9778 1042
1
1384 9782 1042
1
1384 9783 1042
1
1384 9785 1042
1
1384 9786 1042
1
1384 9787 1042
1
1384 9788 1042
1
1384 9790 1042
1
1384 9791 1042
1
1384 9795 1042
1
1384 9796 1042
1
1384 9797 1042
1
1384 9802 1042
1
1384 9806 1042
1
1384 9807 1042
1
1384 9812 1042
1
1384 9813 1042
1
1384 9821 1042
1
1384 9822 1042
1
1384 9823 1042
1
1384 9827 1042
1
1384 9828 1042
1
1384 9831 1042
1
1384 9838 1042
1
1384 9840 1042
1
1384 9843 1042
1
1384 9845 1042
1
1384 9850 1042
1
1384 9857 1042
1
1384 9859 1042
1
1384 9860 1042
1
1384 9867 1042
1
1384 9871 1042
1
1384 9872 1042
1
1384 9874 1042
1
1384 9877 1042
1
1384 9878 1042
1
1384 9881 1042
1
1384 9883 1042
1
1384 9884 1042
1
1384 9887 1042
1
1384 9891 1042
1
1384 9893 1042
1
1384 9896 1042
1
1384 9897 1042
1
1384 9900 1042
1
1384 9902 1042
1
1384 9906 1042
1
1384 9911 1042
1
1384 9912 1042
1
1384 9915 1042
1
1384 9920 1042
1
1384 9921 1042
1
1384 9926 1042
1
1384 9934 1042
1
1384 9936 1042
1
1384 9937 1042
1
1384 9940 1042
1
1384 9942 1042
1
1384 9944 1042
1
1384 9948 1042
1
1384 9953 1042
1
1384 9956 1042
1
1384 9961 1042
1
1384 9962 1042
1
1384 9964 1042
1
1384 9966 1042
1
1384 9968 1042
1
1384 9971 1042
1
1384 9974 1042
1
1384 9977 1042
1
1384 9982 1042
1
1384 9984 1042
1
1384 9987 1042
1
1384 9988 1042
1
1384 9991 1042
1
1384 9992 1042
1
1384 9996 1042
1
1384 9998 1042
1
1384 9999 1042
