3
718
2409 431 2618
2618 992 2261
2261 1711 417
417 2511 244
244 753 715
715 1718 1416
1416 2484 699
699 1816 620
620 1813 2823
2823 1525 2620
2620 779 2583
2583 434 1911
1911 1151 2454
2454 1661 32
32 1164 367
367 641 1929
1929 1987 1644
1644 2118 2893
2893 780 1046
1046 770 1679
1679 628 1521
1521 640 538
538 114 2996
2996 1747 1103
1103 1095 2287
2287 811 718
718 1690 2471
2471 185 2410
2410 101 1117
1117 1798 271
271 813 647
647 1710 1668
1668 1295 250
250 1598 242
242 1624 350
350 1871 1436
1436 1744 1673
1673 1029 2247
2247 532 2574
2574 2324 2006
2006 758 1841
1841 645 2515
2515 38 1202
1202 2235 1223
1223 295 1173
1173 1495 1912
1912 950 1651
1651 2101 2335
2335 603 305
305 699 116
116 274 1632
1632 978 2382
2382 1548 2838
2838 2247 846
846 1391 1510
1510 833 585
585 46 560
560 382 651
651 1659 670
670 315 1539
1539 1937 2224
2224 1900 802
802 263 2860
2860 2396 1579
1579 68 1711
1711 1182 809
809 2088 2617
2617 2497 2130
2130 917 2401
2401 1899 237
237 351 2017
2017 1835 951
951 1547 2691
2691 1093 1116
1116 1664 2360
2360 1092 988
988 1028 1386
1386 1510 565
565 2379 2527
2527 204 2288
2288 14 414
414 2257 418
418 1025 53
53 149 2153
2153 128 130
130 402 625
625 1147 861
861 767 549
549 466 1779
1779 451 1900
1900 40 2629
2629 1368 153
153 792 1191
1191 658 308
308 619 2479
2479 730 2739
2739 2482 832
832 336 1881
1881 970 2705
2705 1991 2622
2622 153 848
848 743 1931
1931 1970 1251
1251 285 2844
2844 343 2668
2668 680 2324
2324 433 377
377 81 2783
2783 2516 202
202 927 1995
1995 1905 1616
1616 1061 2853
2853 130 1187
1187 1148 1247
1247 1136 656
656 1569 1390
1390 366 673
673 240 1535
1535 1236 1421
1421 698 347
347 1080 2966
2966 301 37
37 491 627
627 2525 175
175 935 1937
1937 2140 1602
1602 1417 962
962 129 654
654 2022 1195
1195 2512 1996
1996 2097 1621
1621 2182 126
126 1606 2870
2870 1643 1702
1702 1867 2842
2842 1283 842
842 2278 2723
2723 822 2799
2799 551 599
599 546 2917
2917 1864 137
137 309 2065
2065 1338 2375
2375 2062 2447
2447 2320 1880
1880 95 476
476 1453 353
353 298 2339
2339 457 693
693 656 631
631 1857 771
771 702 824
824 371 580
580 1340 1185
1185 1853 1349
1349 1204 1104
1104 1782 760
760 348 1488
1488 1397 1650
1650 1090 2719
2719 211 1080
1080 475 2074
2074 188 1553
1553 2201 1883
1883 61 2499
2499 2301 2548
2548 512 2266
2266 195 586
586 1265 1376
1376 2187 822
822 777 1720
1720 2420 2432
2432 664 1258
1258 1310 2417
2417 71 325
325 1743 380
380 2334 2900
2900 1018 576
576 882 12
12 1907 2673
2673 526 2874
2874 1287 989
989 2424 1214
1214 232 784
784 1701 326
326 728 2990
2990 2246 2399
2399 1997 829
829 2087 2685
2685 1353 1830
1830 1315 2628
2628 587 1643
1643 1304 637
637 180 1631
1631 1553 2528
2528 2542 2541
2541 2532 2103
2103 390 2959
2959 2170 774
774 1291 1260
1260 330 1528
1528 1015 1430
1430 411 1458
1458 2479 132
132 2069 591
591 2311 1343
1343 591 1219
1219 1667 2597
2597 2041 1884
1884 1921 1959
1959 2360 2172
2172 408 857
857 60 1060
1060 1872 2798
2798 805 884
884 344 2001
2001 449 2355
2355 1062 1121
1121 1843 827
827 573 60
60 2103 2175
2175 1589 520
520 497 1077
1077 1301 1857
1857 794 2907
2907 2302 1391
1391 1980 746
746 2264 2195
2195 2183 533
533 2442 2704
2704 2220 2374
2374 246 311
311 778 1760
1760 1207 2343
2343 1881 1024
1024 542 738
738 1878 1404
1404 563 1684
1684 1161 1188
1188 2560 2330
2330 2012 1310
1310 1349 1989
1989 648 1426
1426 24 1331
1331 2505 1015
1015 2056 2885
2885 1247 2376
2376 269 131
131 2110 1435
1435 520 1677
1677 2092 933
933 719 1617
1617 1484 415
415 421 2067
2067 1249 992
992 600 1401
1401 483 2405
2405 1107 2206
2206 1940 1012
1012 2000 917
917 1392 384
384 355 2754
2754 621 2639
2639 6 121
121 2326 795
795 1913 2985
2985 1847 2856
2856 1052 1136
1136 1652 548
548 1544 1856
1856 988 1196
1196 1717 661
661 2180 2919
2919 2441 1575
1575 1619 1301
1301 112 1244
1244 339 898
898 307 1675
1675 1058 936
936 1662 1786
1786 430 2218
2218 2417 908
908 425 174
174 102 2179
2179 2064 2820
2820 2433 859
859 1110 1489
1489 2411 825
825 1923 66
66 218 1966
1966 1807 907
907 1032 1890
1890 388 967
967 2196 2464
2464 427 2627
2627 2250 521
521 270 2246
2246 2547 1381
1381 1300 2666
2666 2266 1640
1640 2281 1467
1467 2233 1592
1592 749 56
56 2299 2086
2086 657 816
816 1112 2492
2492 1049 1148
1148 1290 2946
2946 1390 315
315 1892 1400
1400 983 913
913 361 1192
1192 2292 2303
2303 681 2694
2694 819 510
510 2435 427
427 676 1568
1568 1583 2502
2502 876 2657
2657 1653 2817
2817 1938 1804
1804 1576 587
587 2545 1052
1052 1458 327
327 838 1307
1307 2455 28
28 242 382
382 2473 1385
1385 1672 1406
1406 1344 1049
1049 2027 1472
1472 652 2983
2983 768 2308
2308 1996 1334
1334 2035 1062
1062 1021 1320
1320 1064 1770
1770 1372 1544
1544 476 2937
2937 1745 2023
2023 2015 559
559 881 2603
2603 2405 2181
2181 384 1442
1442 1163 385
385 523 897
897 312 8
8 1617 947
947 1693 1909
1909 562 1674
1674 1503 2396
2396 669 957
957 1914 1242
1242 487 2667
2667 268 851
851 1673 2584
2584 247 191
191 612 2138
2138 999 800
800 376 2760
2760 360 425
425 820 2212
2212 1999 471
471 1933 1363
1363 2147 2724
2724 1826 612
612 945 2041
2041 1869 1825
1825 2208 149
149 1696 940
940 865 198
198 43 1645
1645 1347 1664
1664 771 2757
2757 912 1490
1490 757 464
464 98 3
3 222 555
555 1432 2672
2672 1035 974
974 2175 1826
1826 1561 2173
2173 1698 2811
2811 1425 1888
1888 1974 578
578 1601 413
413 392 133
133 1568 148
148 1172 2881
2881 1637 724
724 1535 1263
1263 1875 490
490 442 2495
2495 1116 703
703 1500 2068
2068 2106 2455
2455 1895 94
94 374 488
488 691 669
669 2295 498
498 156 2997
2997 2375 1226
1226 989 1462
1462 1646 2840
2840 2025 1798
1798 745 2415
2415 1787 1283
1283 1288 1659
1659 804 1100
1100 327 1225
1225 2014 2149
2149 496 1799
1799 1373 2402
2402 1191 2568
2568 37 2025
2025 1383 686
686 862 1915
1915 1493 213
213 1271 1292
1292 210 2207
2207 478 609
609 1627 2353
2353 1793 2695
2695 1521 466
466 471 1130
1130 2338 2306
2306 2156 2543
2543 1838 465
465 2410 1977
1977 2043 1515
1515 2387 1094
1094 1602 2559
2559 589 735
735 949 697
697 1158 2687
2687 738 1538
1538 506 590
590 605 2092
2092 342 2443
2443 2543 2933
2933 2297 1092
1092 1176 2440
2440 1407 1964
1964 708 2943
2943 194 2257
2257 593 396
396 1155 1761
1761 2239 1245
1245 1806 1809
1809 2271 1590
1590 196 1076
1076 617 1845
1845 714 1670
1670 2122 2164
2164 514 582
582 986 14
14 1169 487
487 1828 1719
1719 2548 748
748 1954 789
789 1481 1793
1793 2423 804
804 241 337
337 2376 124
124 183 765
765 2021 1459
1459 1594 1168
1168 1019 1106
1106 2283 1317
1317 2059 1955
1955 1230 185
185 209 1577
1577 1160 621
621 1103 2095
2095 1635 196
196 718 462
462 960 463
463 522 695
695 1246 2128
2128 665 872
872 2308 374
374 1671 1020
1020 721 223
223 1716 2821
2821 2453 2170
2170 2134 2837
2837 2263 1118
1118 2142 1453
1453 2293 183
183 168 2994
2994 659 2039
2039 946 2381
2381 941 2546
2546 939 2542
2542 2049 2677
2677 902 2769
2769 2284 1466
1466 234 1125
1125 1248 238
238 508 875
875 197 1383
1383 849 2793
2793 837 1407
1407 1963 274
274 1680 2947
2947 647 2185
2185 608 601
601 1449 445
445 932 2718
2718 2279 2275
2275 904 144
144 861 155
155 94 282
282 289 2106
2106 1645 2516
2516 276 1975
1975 1640 479
479 634 1447
1447 1691 1697
1697 2438 1981
1981 1584 2726
2726 2068 727
727 1075 978
978 626 2449
2449 2136 472
472 893 2194
2194 368 1821
1821 1088 2501
2501 413 2660
2660 2191 1328
1328 1319 1006
1006 1195 2801
2801 1140 535
535 2001 2279
2279 2358 932
932 826 1070
1070 920 1379
1379 1720 1083
1083 79 2370
2370 686 1311
1311 467 48
48 1820 1987
1987 470 976
976 1612 164
164 1715 2888
2888 489 594
594 507 1647
1647 1115 506
506 690 2740
2740 875 1716
1716 1357 329
329 747 2610
2610 1253 1676
1676 2431 104
104 2426 2750
2750 2515 1506
1506 1336 1570
1570 1042 1337
1337 644 2549
2549 2430 2782
2782 305 1281
1281 1767 798
798 415 2161
2161 2017 2397
2397 710 1392
1392 1815 767
767 1250 64
64 1131 998
998 1992 2467
2467 2457 813
813 1538 2063
2063 272 2877
2877 2113 2453
2453 1037 958
958 1184 1479
1479 1196 79
79 2443 2756
2756 244 572
572 238 2851
2851 959 2923
2923 870 1948
1948 1260 2053
2053 389 2944
2944 906 946
946 1799 2839
2839 845 1559
1559 955 313
313 1687 1455
1455 1183 2166
2166 1179 134
134 1228 207
207 1586 973
973 1067 792
792 993 796
796 1333 641
641 1153 1259
1259 92 428
428 1969 2915
2915 1600 1270
1270 44 335
335 1708 1550
1550 1861 113
113 347 339
339 1389 1410
1410 1840 2052
2052 2269 1599
1599 103 754
754 1451 707
707 1642 2102
2102 12 869
869 751 584
584 905 2787
2787 627 2084
2084 202 1110
1110 878 2866
2866 2051 1332
1332 67 956
956 1419 1706
1706 1735 817
817 1516 734
734 1530 2111
2111 1071 2389
2389 2080 805
805 11 546
546 275 970
970 286 2602
2602 2197 2748
2748 1026 1073
1073 1406 1898
1898 304 1797
1797 1984 379
379 1844 267
267 2382 1866
1866 1337 1667
1667 414 801
801 1254 979
979 337 1075
1075 1424 2269
2269 2477 2571
2571 1371 606
606 1578 268
268 847 1308
1308 1551 920
920 2065 1533
1533 1317 1921
1921 729 2901
2901 2209 2043
2043 1846 2654
2654 2222 720
720 1063 1962
1962 1433 2706
2706 1917 2606
2606 2194 1102
1102 864 320
320 1702 128
128 1422 2641
2641 48 2278
2278 2083 1548
1548 215 2125
2125 409 1889
1889 1518 2981
2981 1099 2328
2328 2166 236
236 2472 2734
2734 186 423
423 1387 293
293 4 1656
1656 924 2728
2728 2215 2037
2037 908 1369
1369 2217 2614
2614 1450 1265
1265 812 2182
2182 2380 2615
2615 1047 22
22 550 2846
2846 2478 2011
2011 1757 2530
2530 473 381
381 615 1914
1914 418 1044
1044 251 2771
2771 1752 1234
1234 90 2141
2141 2339 24
24 1251 2256
2256 1848 900
900 2400 1238
1238 2286 243
243 1277 2936
2936 174 996
996 726 914
914 2145 925
925 1468 341
341 2089 2642
2642 985 2843
2843 160 1358
1358 874 1930
1930 518 928
928 1706 307
307 1078 1037
1037 1507 1807
1807 2341 558
558 1823 2808
2808 987 2572
2572 412 1891
1891 543 2730
2730 855 984
984 1994 501
501 1833 304
304 1741 2388
2388 113 1695
1695 2349 261
261 2054 1315
1315 131 2380
2380 1945 409
409 1796 1756
1756 363 2089
661
2409 1024 1314
1314 1862 17
17 1314 111
111 1214 2398
2398 499 100
100 1231 2204
2204 1754 383
383 1599 2160
2160 2077 2646
2646 227 1424
1424 2305 1269
1269 2553 262
262 116 2876
2876 147 1318
1318 548 55
55 33 2348
2348 291 231
231 1591 2733
2733 1410 1653
1653 437 224
224 1122 1210
1210 951 815
815 853 891
891 724 1519
1519 611 1252
1252 509 2696
2696 365 2345
2345 1947 696
696 2416 1288
1288 2132 503
503 856 2100
2100 746 2437
2437 916 1405
1405 444 2792
2792 140 1101
1101 10 714
714 2177 2174
2174 662 1586
1586 895 2504
2504 438 486
486 828 1628
1628 1615 2342
2342 324 1868
1868 2214 354
354 869 766
766 1405 2251
2251 1096 1287
1287 423 2491
2491 1771 1027
1027 2030 938
938 64 2469
2469 1760 1958
1958 65 246
246 1374 475
475 292 568
568 490 2827
2827 216 1082
1082 2356 840
840 2144 1003
1003 1375 1844
1844 1922 723
723 1181 11
11 1245 1934
1934 1416 1142
1142 545 1127
1127 252 1278
1278 416 2005
2005 859 2671
2671 135 485
485 1114 234
234 1976 1480
1480 1331 2995
2995 52 876
876 786 1639
1639 492 1299
1299 221 2461
2461 1359 632
632 556 2678
2678 597 2133
2133 458 2869
2869 1464 2319
2319 1201 2033
2033 2161 1095
1095 1091 2386
2386 1552 210
210 1626 862
862 1885 2980
2980 808 170
170 1188 2365
2365 440 885
885 618 500
500 2046 2434
2434 1330 2302
2302 1785 2190
2190 557 729
729 243 2773
2773 432 745
745 2193 2699
2699 2086 1576
1576 109 1541
1541 2133 2992
2992 1964 847
847 892 256
256 1668 1694
1694 823 1564
1564 1305 204
204 2216 1174
1174 1852 43
43 2039 2220
2220 59 1236
1236 1293 2759
2759 544 749
749 320 152
152 1100 50
50 963 1475
1475 1401 1425
1425 1868 2775
2775 1684 2810
2810 1660 1872
1872 1975 391
391 1678 2611
2611 1729 2188
2188 791 2507
2507 2002 1913
1913 50 667
667 1783 626
626 534 1200
1200 228 999
999 1824 2024
2024 2228 2451
2451 1157 26
26 2285 1346
1346 1669 1877
1877 931 2312
2312 1534 2707
2707 223 1769
1769 2557 2032
2032 1522 2520
2520 1299 2598
2598 1656 948
948 1366 2655
2655 943 88
88 795 2187
2187 1792 2442
2442 1489 122
122 995 188
188 2352 783
783 2290 775
775 2047 762
762 2143 1847
1847 373 2196
2196 1758 2044
2044 217 952
952 790 1876
1876 372 102
102 623 483
483 1286 2322
2322 1045 254
254 1187 1585
1585 1620 1596
1596 1581 2859
2859 2322 143
143 1942 1198
1198 1404 2272
2272 2392 2046
2046 1125 865
865 598 201
201 1328 1723
1723 429 728
728 720 1341
1341 2100 222
222 1784 1432
1432 362 2069
2069 96 2480
2480 283 633
633 1903 161
161 742 717
717 1995 2300
2300 340 289
289 2513 1
1 2413 435
435 1497 1800
1800 1580 1398
1398 448 2873
2873 2445 2320
2320 673 919
919 151 1944
1944 2310 2746
2746 1513 607
607 776 971
971 346 20
20 921 1722
1722 1812 2439
2439 145 2744
2744 1285 2026
2026 1454 1500
1500 403 2071
2071 1697 18
18 2466 1233
1233 2517 2525
2525 558 886
886 2244 2940
2940 2316 2192
2192 15 389
389 2075 1152
1152 2203 997
997 2188 2720
2720 2514 1965
1965 2218 2098
2098 2531 793
793 817 2511
2511 2330 2924
2924 2480 2780
2780 1476 1685
1685 201 2864
2864 162 1340
1340 1609 554
554 288 2588
2588 639 1026
1026 1884 2650
2650 872 1972
1972 62 541
541 279 1001
1001 2256 1359
1359 2063 1861
1861 2270 2176
2176 189 1399
1399 2033 1829
1829 2120 136
136 446 1762
1762 1560 1206
1206 78 2468
2468 2325 1254
1254 2371 1146
1146 1329 959
959 2427 2075
2075 1775 1796
1796 318 115
115 1378 1968
1968 88 2484
2484 47 2299
2299 261 2274
2274 1770 1994
1994 441 1540
1540 1695 2600
2600 1655 1013
1013 2347 78
78 1915 927
927 1748 2830
2830 624 722
722 105 675
675 1916 2834
2834 1819 1600
1600 697 2721
2721 1434 1066
1066 142 577
577 580 1593
1593 2318 2093
2093 1676 818
818 2499 278
278 1270 2573
2573 1394 1657
1657 1083 2589
2589 2551 2681
2681 1734 1810
1810 120 2895
2895 1054 2470
2470 2465 342
342 359 635
635 173 508
508 2309 1780
1780 7 2665
2665 486 2841
2841 1168 2290
2290 32 2253
2253 165 1246
1246 199 1354
1354 1402 2114
2114 1325 613
613 1355 2048
2048 2558 2779
2779 2555 69
69 2404 1451
1451 1139 1867
1867 435 987
987 203 2560
2560 2390 42
42 1740 5
5 1084 2711
2711 1398 1692
1692 2518 1439
1439 531 1646
1646 1263 2505
2505 1727 187
187 163 1377
1377 2160 1297
1297 2275 1614
1614 1050 283
283 1559 360
360 2440 1893
1893 2165 249
249 378 1557
1557 568 2768
2768 1721 1356
1356 2280 761
761 1192 1524
1524 858 1175
1175 161 985
985 2401 2637
2637 1931 755
755 1894 1997
1997 1252 1622
1622 1504 1285
1285 1354 1005
1005 980 477
477 650 1894
1894 192 434
434 616 1119
1119 1069 1744
1744 2162 181
181 1941 2416
2416 909 2333
2333 926 2242
2242 2212 2051
2051 424 1293
1293 1274 931
931 150 2913
2913 1951 496
496 2241 744
744 2369 370
370 930 2151
2151 1908 117
117 265 1917
1917 933 2430
2430 1621 990
990 2245 926
926 1919 260
260 76 644
644 2081 2806
2806 2205 2022
2022 807 120
120 2 1109
1109 1365 1852
1852 1733 608
608 66 2452
2452 1152 2436
2436 1043 2371
2371 1225 349
349 1611 1612
1612 2389 1775
1775 607 2254
2254 732 1728
1728 1381 1141
1141 1437 573
573 2494 1018
1018 193 1609
1609 693 2083
2083 2530 2635
2635 1537 228
228 1965 95
95 2460 142
142 1709 864
864 2314 139
139 2011 2586
2586 2277 373
373 1751 2702
2702 1573 2613
2613 1789 157
157 731 1751
1751 1036 2222
2222 1106 348
348 502 1960
1960 2013 986
986 588 1427
1427 495 129
129 915 2884
2884 2335 2575
2575 772 2486
2486 236 1025
1025 1186 2059
2059 975 2221
2221 2040 2129
2129 1414 2804
2804 503 2770
2770 453 1344
1344 810 2165
2165 1461 2490
2490 1486 1700
1700 694 770
770 2053 2930
2930 484 83
83 1303 178
178 1630 455
455 2395 1768
1768 271 2060
2060 979 2477
2477 1934 1050
1050 353 2975
2975 2151 2567
2567 1533 532
532 740 2922
2922 1041 2096
2096 755 1061
1061 2192 281
281 1781 1757
1757 733 1998
1998 407 2458
2458 911 1530
1530 1989 2462
2462 23 1443
1443 260 2112
2112 1756 772
772 2090 1209
1209 213 1465
1465 1755 2998
2998 2485 2736
2736 1081 2155
2155 2535 1605
1605 1670 507
507 1363 911
911 1351 1672
1672 1961 2070
2070 1216 1833
1833 1859 2971
2971 1958 1473
1473 2067 106
106 2378 2340
2340 100 2932
2932 2409 2587
2587 1388 604
604 5 2716
2716 364 158
158 1408 2311
2311 1467 1598
1598 143 1457
1457 19 439
439 136 303
303 316 2517
2517 1070 2636
2636 527 1029
1029 1312 1752
1752 277 1360
1360 1 1709
1709 397 1713
1713 30 896
896 1803 2576
2576 1572 1649
1649 2095 2612
2612 2200 1124
1124 803 176
176 254 1272
1272 799 677
677 2541 390
390 1749 963
963 443 1038
1038 127 252
252 2403 747
747 2289 1920
1920 1465 295
295 525 2363
2363 537 1304
1304 338 1970
1970 303 1298
1298 317 1183
1183 2189 25
25 2171 1712
1712 889 1431
1431 884 1114
1114 1370 1239
1239 191 2313
2313 1746 2341
2341 485 922
922 784 2346
2346 750 1002
1002 2210 2231
2231 1396 2186
2186 1663 2214
2214 2024 356
356 1769 264
264 701 1357
1357 73 2147
2147 1469 2883
2883 89 1022
1022 1761 949
949 1426 446
446 2386 2880
2880 245 1268
1268 1904 63
63 1005 844
844 28 2413
2413 1977 726
726 420 1878
1878 1639 314
314 1973 2987
2987 1200 1882
1882 1732 2535
2535 2381 1418
1418 788 2836
2836 1339 2955
2955 220 1555
1555 1436 1745
1745 2328 2244
2244 54 2487
2487 2114 786
786 1910 1696
1696 540 1266
1266 513 1961
1961 479 1529
1529 1870 1493
1493 1276 2909
2909 459 2314
2314 533 1264
1264 1211 1642
1642 224 2009
2009 1079 2310
2310 860 664
664 1633 2845
2845 1452 2236
2236 1876 2679
2679 1593 13
13 2254 868
868 1170 1794
1794 501 2350
2350 2350 671
671 1550 2536
2536 2234 2865
2865 1893 1135
1135 375 182
182 2037 2321
2321 675 2892
2892 326 2753
2753 335 1808
1808 564 2445
2445 1105 2229
2229 456 2143
2143 1925 355
355 2168 1224
1224 500 2692
2692 2137 831
831 2112 1204
1204 928 860
860 894 2939
2939 1536 517
517 1385 323
323 481 1701
1701 2044 232
232 2554 688
688 1205 1059
1059 1011 534
534 2372 1371
1371 1483 700
700 137 759
759 688 402
402 629 71
71 1475 29
29 2521 1855
1855 1998 2332
2332 417 1801
1801 1766 2061
2061 2538 1208
1208 77 545
545 323 1588
1588 2231 2113
2113 802 406
406 1415 2167
2167 2007 454
454 1487 732
732 1282 1661
1661 57 1991
1991 74 2868
2868 436 814
814 2155 2077
2077 205 1755
1755 998 2539
2539 1949 2372
2372 1023 167
167 829 2249
2249 1213 376
376 2107 1699
1699 1456 2040
2040 1302 251
251 2491 299
299 1358 1843
1843 1165 1523
1523 2127 49
49 1123 2036
2036 2559 965
965 2169 162
162 1298 450
450 2366 1402
1402 696 628
628 1704 2327
2327 1570 1042
1042 1888 247
247 2236 839
839 1952 2162
2162 2468 1552
1552 1307 96
96 1786 1213
1213 8 1067
1067 2119 296
296 2304 2478
2478 2181 51
51 1457 1078
1078 2226 2604
2604 2204 1237
1237 477 2755
2755 2048 2887
2887 56 1604
1604 582 1345
1345 1206 258
258 1020 564
564 83 894
894 108 1571
1571 2104 1362
1362 961 424
424 356 1058
1058 406 1610
1610 1022 1531
1531 259 140
140 1002 1704
1704 759 1814
1814 1810 1393
1393 1268 2781
2781 398 1715
1715 517 2645
2645 1788 1992
1992 910 1492
1492 2367 399
399 134 2378
2378 765 1309
1309 1435 1641
1641 349 2189
2189 835 1167
1167 769 2896
2896 226 230
230 345 1162
1162 1511 1812
1812 266 2482
2482 2115 1788
1788 606 2134
2134 2084 2116
2116 1193 887
887 1479 1177
1177 1705 269
269 2391 2591
2591 141 2472
2472 554 1373
1373 712 1587
1587 879 1179
1179 2291 1678
1678 1686 1217
1217 994 2731
2731 914 2875
2875 633 1324
1324 614 482
482 1345 1907
1907 1911 650
650 727 1759
1759 1030 855
855 2474 2089
1181
2409 1027 1864
1864 2307 550
550 816 248
248 570 2199
2199 1641 447
447 2265 301
301 2373 2076
2076 1557 2329
2329 2116 1180
1180 1944 1698
1698 1056 193
193 1334 1336
1336 2008 1689
1689 1896 393
393 395 1169
1169 1517 1578
1578 2232 806
806 367 1730
1730 2546 219
219 2463 1927
1927 237 1113
1113 1262 1449
1449 2519 2729
2729 671 2652
2652 2342 995
995 1515 401
401 982 794
794 1240 197
197 1267 2522
2522 2312 2861
2861 584 1186
1186 75 474
474 1625 2957
2957 2020 2079
2079 1220 1746
1746 1239 2703
2703 2174 2034
2034 2439 2217
2217 1636 903
903 2429 2296
2296 1502 1536
1536 1764 2796
2796 1990 2028
2028 1742 1420
1420 1501 1569
1569 2031 2245
2245 1412 1353
1353 379 623
623 2255 288
288 219 1215
1215 1332 489
489 1777 1032
1032 1311 1139
1139 667 1740
1740 670 432
432 923 2260
2260 2071 1159
1159 2327 1276
1276 2447 1422
1422 1817 562
562 1197 2494
2494 1466 2390
2390 1346 912
912 1524 1446
1446 1614 980
980 1790 1666
1666 1728 502
502 2470 2284
2284 258 1411
1411 1730 1985
1985 86 1626
1626 1738 953
953 1324 2953
2953 1834 114
114 1087 1286
1286 82 403
403 20 2
2 2303 1774
1774 1016 378
378 832 54
54 1279 2552
2552 2344 166
166 2223 364
364 1044 1680
1680 1443 1000
1000 45 2008
2008 1809 168
168 1438 1778
1778 890 1240
1240 1927 2999
2999 2237 1414
1414 524 2248
2248 2345 1747
1747 1527 1450
1450 2476 146
146 2078 2203
2203 863 2030
2030 661 1327
1327 1166 893
893 1189 2977
2977 666 1470
1470 1162 109
109 966 1749
1749 1237 154
154 27 368
368 1076 742
742 891 1190
1190 1217 2848
2848 1038 1566
1566 1141 2815
2815 2374 2532
2532 2034 516
516 1804 736
736 1854 2918
2918 922 2561
2561 2315 1508
1508 447 2894
2894 1685 653
653 391 1766
1766 1008 910
910 635 21
21 2221 6
6 2506 1791
1791 1795 2473
2473 1960 93
93 649 2054
2054 2121 811
811 2016 319
319 1763 1811
1811 504 2428
2428 1558 2954
2954 2451 1525
1525 328 1806
1806 1297 1990
1990 1986 702
702 973 2790
2790 319 2763
2763 1296 1625
1625 17 2483
2483 332 2400
2400 1057 286
286 937 58
58 358 2072
2072 1850 1045
1045 1776 398
398 1699 2680
2680 1577 706
706 668 1028
1028 1981 2938
2938 2357 215
215 72 610
610 2343 1629
1629 1323 2537
2537 783 1849
1849 974 776
776 704 1323
1323 1801 2634
2634 1805 2496
2496 1978 2684
2684 821 1827
1827 964 1527
1527 472 1671
1671 703 2338
2338 2402 2268
2268 2397 2904
2904 419 1703
1703 97 77
77 871 2223
2223 934 2295
2295 2394 618
618 2363 537
537 104 1765
1765 302 1429
1429 1723 192
192 2261 1261
1261 1703 1924
1924 296 227
227 1993 1824
1824 866 2897
2897 1014 2122
2122 1532 412
412 1920 2633
2633 867 1112
1112 715 2802
2802 706 1193
1193 631 2361
2361 1651 575
575 1256 652
652 2418 2145
2145 1046 2556
2556 1780 1925
1925 900 512
512 187 821
821 1967 61
61 1459 2016
2016 677 1584
1584 2163 2056
2056 1126 566
566 2495 2292
2292 2028 906
906 2333 1624
1624 1364 2002
2002 857 407
407 1797 2014
2014 725 430
430 2313 2653
2653 2096 1161
1161 2432 2255
2255 796 2735
2735 1275 1662
1662 565 685
685 1017 1817
1817 1719 1267
1267 1712 850
850 1694 275
275 2061 1330
1330 1539 468
468 1836 1131
1131 2509 1274
1274 723 1008
1008 700 1182
1182 942 1021
1021 1266 1275
1275 2529 186
186 2184 2500
2500 585 276
276 2262 2644
2644 1470 2854
2854 2091 598
598 2306 1511
1511 2414 2766
2766 1623 1248
1248 2045 2323
2323 1001 44
44 2362 2741
2741 1327 838
838 773 1221
1221 107 2293
2293 1198 291
291 69 1321
1321 2462 366
366 1427 473
473 830 15
15 1946 945
945 1555 1869
1869 824 764
764 255 1396
1396 2050 1477
1477 1889 2921
2921 253 2078
2078 1750 1147
1147 383 1750
1750 2556 2356
2356 1473 1949
1949 519 2905
2905 1218 1081
1081 1294 194
194 2331 1532
1532 2294 1291
1291 462 2435
2435 1013 1498
1498 850 1823
1823 1212 1732
1732 125 2749
2749 1226 1594
1594 741 1482
1482 1909 1481
1481 480 456
456 1959 1986
1986 1033 883
883 637 1580
1580 577 1031
1031 2042 1630
1630 159 1277
1277 1648 1982
1982 393 2109
2109 1121 1229
1229 488 2819
2819 1983 1834
1834 2057 2239
2239 482 1517
1517 1445 2910
2910 1119 2270
2270 1968 1691
1691 2520 68
68 2434 2786
2786 1178 284
284 445 2607
2607 1505 854
854 2276 2732
2732 176 905
905 1912 82
82 208 1463
1463 940 2280
2280 2552 2626
2626 422 1854
1854 885 2738
2738 1233 513
513 1393 1397
1397 2023 1835
1835 2489 110
110 184 27
27 2082 1918
1918 572 318
318 1145 711
711 1326 163
163 2148 2658
2658 1203 674
674 2099 225
225 646 569
569 734 2767
2767 1638 321
321 1444 135
135 2003 527
527 1926 1953
1953 1117 495
495 968 1886
1886 2500 1375
1375 748 1887
1887 386 2906
2906 1631 1123
1123 936 2545
2545 764 1144
1144 2267 1875
1875 280 1547
1547 2211 2676
2676 3 1954
1954 877 2498
2498 1222 2942
2942 22 1648
1648 1818 930
930 1726 387
387 1658 2882
2882 2202 458
458 897 2630
2630 2536 2148
2148 2009 581
581 1377 1382
1382 1506 1055
1055 2365 757
757 1772 2362
2362 2346 1227
1227 854 1805
1805 756 2835
2835 300 2952
2952 1988 302
302 1004 2230
2230 1689 833
833 1048 2785
2785 1258 266
266 80 2117
2117 1440 2119
2119 250 1789
1789 381 639
639 2026 2902
2902 179 657
657 797 2609
2609 2348 592
592 2534 1033
1033 49 2764
2764 1979 902
902 2524 112
112 357 1865
1865 962 1367
1367 1855 2791
2791 1794 119
119 171 2698
2698 1849 552
552 1886 2813
2813 282 2596
2596 1428 2643
2643 2425 712
712 1137 505
505 91 1201
1201 306 808
808 1543 2110
2110 2361 2347
2347 763 2035
2035 1595 2557
2557 494 1655
1655 39 2727
2727 925 2701
2701 609 570
570 1890 1787
1787 2510 2385
2385 2036 528
528 1223 1820
1820 132 692
692 2004 853
853 1616 1870
1870 2282 2013
2013 709 1615
1615 26 220
220 716 1718
1718 695 1445
1445 148 1976
1976 655 643
643 583 1105
1105 1135 2850
2850 1243 4
4 2195 2594
2594 762 556
556 1292 2441
2441 2422 841
841 1360 2649
2649 1335 2227
2227 1679 929
929 278 2772
2772 1379 2423
2423 2298 1316
1316 1565 429
429 2055 1871
1871 2449 1879
1879 1447 939
939 1622 1574
1574 200 2855
2855 1219 2857
2857 1177 2832
2832 852 1562
1562 190 1708
1708 2383 1366
1366 913 888
888 1877 895
895 42 1932
1932 2153 1714
1714 1556 571
571 599 1408
1408 818 2512
2512 2126 1415
1415 2364 849
849 984 716
716 2537 2616
2616 1654 1908
1908 1238 1874
1874 1431 470
470 692 975
975 118 257
257 1779 1205
1205 630 2163
2163 2469 622
622 787 1335
1335 844 2337
2337 225 2049
2049 2527 2670
2670 2412 70
70 122 2725
2725 2321 2647
2647 977 1721
1721 166 497
497 1403 2592
2592 1700 2427
2427 2296 2066
2066 1281 1983
1983 1866 75
75 1649 1111
1111 1209 2094
2094 1173 2042
2042 1605 2960
2960 1874 346
346 248 200
200 735 1171
1171 175 2737
2737 115 2497
2497 801 2852
2852 1194 2294
2294 575 867
867 965 2513
2513 1118 2929
2929 1341 1262
1262 1519 265
265 1722 2252
2252 1309 708
708 1420 2829
2829 2070 1437
1437 1055 1305
1305 1146 1741
1741 84 2879
2879 1202 1690
1690 264 2304
2304 1592 1053
1053 299 2258
2258 576 2115
2115 377 2099
2099 2130 2019
2019 1143 1681
1681 182 972
972 511 1560
1560 622 2809
2809 1040 646
646 1386 2404
2404 1811 1665
1665 883 1969
1969 152 2648
2648 1692 1091
1091 1399 2142
2142 2437 1352
1352 831 1333
1333 1724 682
682 2102 536
536 2496 1440
1440 164 2599
2599 1966 2982
2982 1856 1795
1795 744 1491
1491 1098 819
819 1528 84
84 493 531
531 967 2563
2563 1929 2352
2352 2483 880
880 1808 127
127 1316 1107
1107 1683 372
372 2111 1417
1417 2428 2570
2570 571 2555
2555 1707 739
739 1523 1486
1486 498 642
642 907 2533
2533 1111 1526
1526 352 65
65 1837 2789
2789 1821 2951
2951 1362 1129
1129 1439 211
211 2128 141
141 560 2812
2812 2172 1235
1235 2388 615
615 314 1241
1241 1077 2000
2000 1880 2544
2544 996 2431
2431 2523 172
172 1284 38
38 1350 523
523 172 1967
1967 638 1365
1365 2287 2661
2661 958 934
934 2459 756
756 1320 2392
2392 18 1056
1056 2274 1364
1364 2058 1939
1939 1955 663
663 1257 1738
1738 133 961
961 1441 648
648 1072 340
340 35 968
968 1006 33
33 1012 40
40 177 2448
2448 1031 916
916 785 2595
2595 29 1654
1654 2332 1785
1785 1546 1608
1608 2259 1724
1724 290 2577
2577 2540 2250
2250 87 1065
1065 713 2137
2137 539 2081
2081 1089 2104
2104 1736 2693
2693 1113 982
982 1210 834
834 2052 2863
2863 1102 1933
1933 325 863
863 1939 655
655 1499 1895
1895 1675 2216
2216 169 529
529 262 1035
1035 1509 583
583 1831 858
858 2481 493
493 682 921
921 566 694
694 370 1071
1071 1376 2237
2237 350 179
179 385 2585
2585 1289 1207
1207 1009 1485
1485 1930 2903
2903 1765 2551
2551 1666 226
226 53 2200
2200 590 904
904 521 1753
1753 1224 2414
2414 2139 1096
1096 711 941
941 737 1790
1790 2141 317
317 2533 782
782 1367 499
499 1610 2931
2931 1496 2849
2849 1242 1545
1545 2406 2978
2978 387 1151
1151 2300 1710
1710 1421 411
411 2167 298
298 333 1901
1901 997 1155
1155 1597 2514
2514 1608 1767
1767 2419 1772
1772 2385 624
624 1590 2262
2262 841 1638
1638 887 2097
2097 85 1494
1494 1839 2457
2457 1156 605
605 207 2714
2714 1902 2914
2914 2138 1783
1783 754 788
788 1003 2928
2928 2498 1623
1623 806 1974
1974 918 877
877 1879 245
245 2109 2424
2424 2337 47
47 1129 270
270 529 1030
1030 2475 2949
2949 1261 2715
2715 689 2805
2805 2131 491
491 2005 1999
1999 1873 530
530 1802 2878
2878 1171 649
649 2273 2085
2085 1545 2349
2349 1074 1734
1734 574 2973
2973 198 1441
1441 602 1516
1516 2258 333
333 1953 151
151 2073 1873
1873 1382 2889
2889 405 2228
2228 110 856
856 2029 640
640 899 1093
1093 1688 1394
1394 1753 218
218 2178 203
203 1858 1464
1464 886 871
871 1442 2325
2325 16 2124
2124 1321 2526
2526 2032 7
7 41 101
101 1860 2621
2621 578 1057
1057 896 751
751 1830 2485
2485 505 2797
2797 439 34
34 1613 1194
1194 2019 2765
2765 167 2233
2233 1471 2925
2925 1120 2963
2963 685 2958
2958 297 72
72 1575 2264
2264 2072 451
451 1629 1454
1454 1060 165
165 1108 2581
2581 1714 2358
2358 1010 701
701 2539 478
478 1762 1764
1764 2288 553
553 2164 332
332 1460 2354
2354 2158 1088
1088 541 741
741 2123 309
309 2467 892
892 1632 1282
1282 341 2379
2379 809 2433
2433 1950 544
544 1588 574
574 1887 2601
2601 1985 442
442 1065 563
563 1628 2459
2459 1142 1742
1742 230 1170
1170 2094 1669
1669 2450 1163
1163 454 2466
2466 2185 1069
1069 401 1595
1595 1175 873
873 2487 1554
1554 452 160
160 1482 1729
1729 1634 1950
1950 739 1583
1583 1778 768
768 1682 484
484 284 2566
2566 1531 2226
2226 1384 2682
2682 1480 1149
1149 474 1581
1581 752 2562
2562 235 780
780 2238 2202
2202 2248 681
681 1607 1542
1542 468 259
259 793 1374
1374 663 1448
1448 2340 2177
2177 1825 2178
2178 1918 2964
2964 953 1945
1945 1477 1717
1717 1932 2481
2481 1418 519
519 2550 1597
1597 1491 619
619 308 2640
2640 1395 1138
1138 1490 2898
2898 1066 1460
1460 2488 2383
2383 1665 2968
2968 1000 1509
1509 604 125
125 774 1885
1885 766 2169
2169 1101 779
779 106 235
235 2253 255
255 1574 1474
1474 2125 2393
2393 2199 733
733 9 2073
2073 1380 39
39 1957 1222
1222 944 2795
2795 2549 2945
2945 848 1370
1370 123 145
145 1541 1483
1483 2206 785
785 2528 524
524 1962 2395
2395 1073 964
964 948 1507
1507 674 2531
2531 1306 2941
2941 404 2965
2965 549 173
173 1241 1072
1072 1498 2899
2899 1657 177
177 55 1838
1838 1800 1736
1736 294 352
352 293 1496
1496 510 1813
1813 1731 358
358 559 2988
2988 1068 2674
2674 535 730
730 898 292
292 1154 955
955 516 97
97 1269 419
419 2508 217
217 1928 1160
1160 981 2198
2198 334 1984
1984 2458 2465
2465 586 2158
2158 800 611
611 2260 1329
1329 1411 351
351 2154 2475
2475 1842 1726
1726 1883 2087
2087 256 1218
1218 775 1176
1176 2038 448
448 736 365
365 380 2826
2826 322 2956
2956 1943 460
460 2157 1683
1683 321 2624
2624 2377 561
561 181 2743
2743 2076 1773
1773 354 395
395 1526 983
983 1604 1023
1023 2018 1846
1846 111 2967
2967 281 449
449 1318 1133
1133 957 1361
1361 595 1280
1280 2066 2301
2301 311 1922
1922 1348 1471
1471 1829 359
359 1130 2509
2509 1791 361
361 369 1819
1819 2544 216
216 1845 1935
1935 651 1859
1859 1713 2986
2986 139 1250
1250 1759 1387
1387 654 1682
1682 1235 1923
1923 2117 2180
2180 1356 1134
1134 1585 1084
1084 2173 2506
2506 1313 2538
2538 2251 1452
1452 1462 1395
1395 1127 645
645 843 810
810 789 2276
2276 2207 942
942 1185 2126
2126 1104 1618
1618 1822 662
662 34 1409
1409 1681 2862
2862 919 481
481 594 1068
1068 455 492
492 2268 960
960 1448 1606
1606 1190 2156
2156 642 2367
2367 1948 1777
1777 36 1085
1085 815 2062
2062 13 416
416 2490 2407
2407 1972 312
312 2446 1637
1637 515 2326
2326 2146 1153
1153 1455 2283
2283 1429 2713
2713 569 2209
2209 1492 2510
2510 1361 2208
2208 2370 2357
2357 1109 310
310 1971 557
557 138 522
522 592 459
459 1897 1860
1860 2198 362
362 683 1456
1456 2336 687
687 2176 2213
2213 1034 9
9 1227 790
790 632 1802
1802 1542 1828
1828 2399 935
935 1278 2717
2717 952 2277
2277 1221 1938
1938 2186 86
86 2421 2146
2146 154 515
515 929 2050
2050 463 336
336 400 803
803 1898 542
542 2098 874
874 2272 2993
2993 846 2273
2273 1085 2489
2489 2249 634
634 705 1388
1388 2230 2018
2018 2384 2722
2722 1564 2144
2144 2224 41
41 1229 240
240 1774 52
52 1512 2064
2064 2129 1973
1973 1677 2307
2307 2493 2080
2080 1814 2197
2197 1174 2055
2055 903 1295
1295 2522 807
807 214 1099
1099 1150 1378
1378 653 279
279 1520 2191
2191 1956 2183
2183 1982 156
156 273 1892
1892 1255 436
436 2464 2012
2012 2152 1079
1079 2353 2712
2712 1935 1737
1737 1097 2366
2366 2329 579
579 1529 676
676 530 1743
1743 1478 2394
2394 1180 666
666 2503 2010
2010 267 725
725 1264 1792
1792 2355 180
180 1134 2168
2168 579 659
659 528 2154
2154 798 2463
2463 1232 2625
2625 124 2139
2139 1472 2271
2271 1563 438
438 901 1158
1158 1322 1220
1220 707 2911
2911 555 171
171 2407 1303
1303 954 2456
2456 2359 2886
2886 687 826
826 2504 16
16 2471 2317
2317 426 118
118 2225 1172
1172 2105 1558
1558 1053 1040
1040 93 1771
1771 329 2794
2794 229 73
73 2454 630
630 157 2411
2411 888 1302
1302 782 2822
2822 2124 1347
1347 144 91
91 1567 1660
1660 249 1184
1184 2448 1043
1043 1463 2045
2045 1133 812
812 2085 878
878 2074 1434
1434 2393 2238
2238 2526 2259
2259 2507 253
253 2179 2107
2107 2319 596
596 1587 1097
1097 1768 2234
2234 1582 1897
1897 956 1853
1853 2060 1342
1342 1199 1942
1942 2351 2157
2157 2243 977
977 1430 433
433 536 422
422 991 1271
1271 836 85
85 1244 2003
2003 1891 899
899 1144 1563
1563 969 1004
1004 1514 2091
2091 58 2438
2438 2502 92
92 610 2912
2912 1369 1591
1591 2461 297
297 1549 280
280 834 1611
1611 814 799
799 1128 397
397 239 836
836 51 2021
2021 1924 2969
2969 1494 2446
2446 1138 1007
1007 460 1484
1484 2415 2286
2286 119 2289
2289 2219 773
773 399 2344
2344 1851 2828
2828 1566 2970
2970 976 2219
2219 233 1947
1947 2444 777
777 761 324
324 873 1573
1573 1352 588
588 781 1572
1572 625 277
277 464 2384
2384 1832 504
504 2408 2659
2659 2492 2890
2890 1132 2047
2047 679 551
551 146 2421
2421 2213 828
828 1674 404
404 2456 1512
1512 1007 330
330 1644 1727
1727 231 2991
2991 1149 704
704 158 1603
1603 212 1372
1372 25 2305
2305 21 444
444 1773 89
89 2135 300
300 1272 338
338 1234 1903
1903 394 76
76 310 2101
2101 2229 2690
2690 257 1831
1831 1737 2232
2232 1082 2523
2523 990 2688
2688 825 1312
1312 206 410
410 1508 2554
2554 947 1313
1313 1400 189
189 2108 2663
2663 2149 467
467 2227 199
199 2436 1816
1816 660 543
543 1409 2184
2184 2486 1384
1384 1308 81
81 1554 752
752 2452 1739
1739 717 881
881 2354 1273
1273 620 2908
2908 1094 753
753 1571 1326
1326 117 2493
2493 1051 1928
1928 1474 923
923 839 763
763 469 1289
1289 1343 108
108 1485 334
334 2079 67
67 410 2582
2582 1647 2108
2108 331 1537
1537 842 1607
1607 1208 388
388 1865 1940
1940 722 2638
2638 1446 2215
2215 1488 1926
1926 2242 2240
2240 170 820
820 643 1284
1284 678 1601
1601 1936 781
781 99 2784
2784 1059 835
835 461 1919
1919 1259 290
290 1215 420
420 1827 2847
2847 1413 1403
1403 567 2579
2579 552 991
991 553 494
494 1039 1122
1122 1739 1613
1613 1901 2235
2235 1882 2675
2675 126 1014
1014 2252 2373
2373 1863 2150
2150 2501 1478
1478 1159 1652
1652 684 1505
1505 178 1126
1126 868 1034
1034 2010 1863
1863 465 2503
2503 596 1108
1108 938 2683
2683 1086 2521
2521 155 1137
1137 313 2656
2656 63 629
629 1342 1087
1087 1596 1941
1941 601 1039
1039 1579 1444
1444 840 2031
2031 2006 1946
1946 2368 969
969 2398 263
263 760 1502
1502 31 1074
1074 450 791
791 538 1957
1957 971 386
386 1841 205
205 1540 1300
1300 1650 1896
1896 561 2211
2211 2093 2762
2762 1423 638
638 1280 2105
2105 70 1249
1249 1725 1803
1803 2159 1098
1098 972 1686
1686 1273 658
658 851 2916
2916 880 1412
1412 2317 1943
1943 2240 316
316 581 593
593 1124 2948
2948 396 2623
2623 613 1348
1348 1562 2891
2891 1603 698
698 827 159
159 2190 769
769 1618 2569
2569 547 408
408 1906 1620
1620 287 1551
1551 672 2816
2816 2323 668
668 1167 241
241 428 787
787 636 357
357 2150 1733
1733 121 2089
