947
6
980 7 2391
2391 5018 2214
2214 1069 930
930 1495 2092
2092 5229 2173
2173 1234 1632
6
980 19 1725
1725 2539 407
407 1368 1154
1154 3412 2879
2879 3920 2189
2189 3815 1632
6
980 28 2747
2747 2380 1517
1517 3244 2269
2269 6163 558
558 2563 2242
2242 1250 1632
6
980 31 224
224 1456 2987
2987 123 1449
1449 711 1069
1069 1488 1131
1131 1558 1632
6
980 47 2961
2961 2911 2490
2490 1391 108
108 5242 705
705 1958 651
651 1592 1632
6
980 48 853
853 646 1881
1881 1507 1964
1964 1225 1892
1892 626 1698
1698 4667 1632
6
980 56 1553
1553 4489 2447
2447 4160 1432
1432 1846 628
628 5555 634
634 2003 1632
6
980 61 2759
2759 5796 101
101 2026 1090
1090 2841 1559
1559 1432 738
738 1376 1632
6
980 62 290
290 438 2100
2100 1111 2565
2565 1094 454
454 2386 1224
1224 1579 1632
6
980 64 712
712 1349 873
873 5002 899
899 4041 140
140 3684 2032
2032 1811 1632
6
980 66 107
107 6060 1329
1329 2351 863
863 1613 2476
2476 1734 617
617 4188 1632
6
980 69 2003
2003 1971 2489
2489 774 861
861 5719 2792
2792 4653 1506
1506 5389 1632
6
980 70 405
405 2775 949
949 2456 2202
2202 1631 279
279 72 1213
1213 553 1632
6
980 79 1124
1124 608 1911
1911 4882 408
408 1334 1948
1948 3012 349
349 1690 1632
6
980 81 2197
2197 1062 1101
1101 1879 1423
1423 1340 794
794 456 1499
1499 5857 1632
6
980 86 816
816 941 1903
1903 306 905
905 4021 417
417 1242 786
786 1583 1632
6
980 94 1713
1713 2294 2394
2394 5065 226
226 1469 1352
1352 251 1524
1524 591 1632
6
980 98 1301
1301 221 2865
2865 3592 57
57 441 303
303 5112 449
449 1267 1632
6
980 100 2741
2741 3315 2120
2120 4734 830
830 6392 280
280 4521 1492
1492 3962 1632
6
980 101 2549
2549 2822 1721
1721 1512 2401
2401 526 2921
2921 4695 113
113 65 1632
6
980 102 2741
2741 4047 1237
1237 943 2769
2769 3854 1941
1941 1465 122
122 3113 1632
6
980 106 2956
2956 899 533
533 1481 1620
1620 3318 2564
2564 602 2491
2491 1542 1632
6
980 110 2167
2167 440 2887
2887 279 2532
2532 76 843
843 433 1153
1153 6436 1632
6
980 111 1690
1690 358 2054
2054 2117 1455
1455 2704 895
895 1412 2703
2703 1699 1632
6
980 115 1076
1076 930 1515
1515 1271 339
339 391 1772
1772 3983 2400
2400 57 1632
6
980 132 2714
2714 883 1279
1279 3694 466
466 1302 2329
2329 1856 2212
2212 1464 1632
6
980 139 2582
2582 3560 1127
1127 3733 1613
1613 2036 2354
2354 2951 1501
1501 1344 1632
6
980 145 947
947 4860 2109
2109 5148 236
236 3589 2613
2613 984 2736
2736 3447 1632
6
980 148 1509
1509 1428 1919
1919 143 2715
2715 651 1456
1456 1964 1490
1490 2239 1632
6
980 156 956
956 625 716
716 4167 638
638 2113 1068
1068 5115 1647
1647 840 1632
6
980 157 1252
1252 2037 685
685 1284 377
377 4018 2578
2578 664 2056
2056 3440 1632
6
980 166 876
876 633 1723
1723 2032 3
3 5736 2812
2812 3598 1734
1734 1309 1632
6
980 167 2908
2908 959 2557
2557 383 351
351 3544 431
431 1850 2386
2386 2565 1632
6
980 169 2252
2252 182 2949
2949 5970 1345
1345 6048 2407
2407 1205 1947
1947 1508 1632
6
980 174 2941
2941 2553 1179
1179 2243 1467
1467 2601 940
940 3095 2103
2103 2039 1632
6
980 179 1928
1928 1761 556
556 2534 1821
1821 2129 429
429 3674 2419
2419 1534 1632
6
980 183 1755
1755 2883 2163
2163 2166 1905
1905 1531 390
390 4036 2178
2178 3847 1632
6
980 185 578
578 87 1250
1250 3831 2282
2282 4104 1397
1397 1198 1701
1701 3568 1632
6
980 188 1775
1775 2633 2084
2084 5514 2547
2547 1522 1310
1310 3886 1539
1539 2367 1632
6
980 196 1888
1888 768 1383
1383 3662 1504
1504 3404 1315
1315 1774 2445
2445 3310 1632
6
980 199 2352
2352 663 1211
1211 2190 963
963 6513 888
888 44 1389
1389 1874 1632
6
980 204 1823
1823 3162 983
983 4856 799
799 3153 2025
2025 6097 2428
2428 2826 1632
6
980 223 846
846 227 2579
2579 1444 992
992 1745 676
676 873 1575
1575 3780 1632
6
980 225 2441
2441 5721 646
646 4648 2866
2866 3258 1522
1522 529 2469
2469 567 1632
6
980 232 1824
1824 2296 1903
1903 4454 2978
2978 2948 417
417 2851 839
839 3925 1632
6
980 235 694
694 436 2624
2624 4652 761
761 970 2237
2237 6547 2026
2026 288 1632
6
980 236 2477
2477 3328 2021
2021 1510 2351
2351 4610 821
821 632 389
389 1546 1632
6
980 249 578
578 5126 1639
1639 32 2282
2282 4267 1158
1158 429 595
595 586 1632
6
980 250 1793
1793 1090 937
937 4198 2082
2082 36 1119
1119 60 2789
2789 1081 1632
6
980 260 1806
1806 3927 2480
2480 350 2473
2473 2080 2323
2323 2228 1265
1265 38 1632
6
980 263 380
380 6296 530
530 1293 1116
1116 4023 2297
2297 4598 630
630 2608 1632
6
980 278 2843
2843 935 2839
2839 740 2762
2762 1419 75
75 35 1695
1695 2786 1632
6
980 280 855
855 203 642
642 2733 2863
2863 4823 2349
2349 4629 354
354 753 1632
6
980 282 1992
1992 832 2223
2223 2335 1873
1873 2893 73
73 3361 659
659 481 1632
6
980 289 515
515 496 763
763 1614 1629
1629 826 337
337 3664 1498
1498 653 1632
6
980 293 2898
2898 5307 1108
1108 1509 345
345 46 1550
1550 3050 348
348 573 1632
6
980 297 1400
1400 2607 823
823 377 1028
1028 870 1170
1170 2171 2897
2897 3154 1632
6
980 298 1715
1715 992 2017
2017 4310 1311
1311 1504 2463
2463 1959 2920
2920 2632 1632
6
980 299 2885
2885 592 2241
2241 1780 1574
1574 1548 1573
1573 2662 1798
1798 678 1632
6
980 324 360
360 4083 1742
1742 2949 2498
2498 4749 50
50 5392 42
42 2681 1632
6
980 326 853
853 5865 503
503 939 2994
2994 3745 912
912 1074 2453
2453 427 1632
6
980 330 1761
1761 2622 2682
2682 6451 1491
1491 2285 207
207 3768 1084
1084 8 1632
6
980 336 1395
1395 3546 574
574 5743 1294
1294 604 504
504 3185 2397
2397 1649 1632
6
980 349 2828
2828 3349 520
520 1764 1905
1905 5911 124
124 3737 195
195 3679 1632
6
980 351 1106
1106 482 2527
2527 4617 1839
1839 731 1459
1459 378 1003
1003 5045 1632
6
980 354 541
541 786 209
209 3876 314
314 3797 880
880 3883 2095
2095 2709 1632
6
980 355 2677
2677 4095 2891
2891 4983 773
773 1910 1075
1075 361 636
636 1859 1632
6
980 362 46
46 4331 110
110 3672 2970
2970 491 877
877 3799 519
519 932 1632
6
980 365 2540
2540 6252 1953
1953 5205 2785
2785 189 1954
1954 1925 2439
2439 3321 1632
6
980 367 1757
1757 6702 1694
1694 714 2793
2793 59 606
606 6667 2134
2134 1059 1632
6
980 368 2739
2739 303 721
721 5175 1609
1609 4044 2126
2126 1951 1037
1037 3275 1632
6
980 382 93
93 1000 2037
2037 5080 1752
1752 589 347
347 2217 2523
2523 3729 1632
6
980 384 2306
2306 3930 18
18 2142 1673
1673 801 1532
1532 2325 1520
1520 4491 1632
6
980 395 1705
1705 2603 1461
1461 3457 2717
2717 5949 1352
1352 1373 990
990 986 1632
6
980 401 1818
1818 593 2016
2016 403 2152
2152 1212 1779
1779 818 403
403 4727 1632
6
980 414 1564
1564 1335 2116
2116 1331 1233
1233 3757 2384
2384 1467 1991
1991 3446 1632
6
980 415 2605
2605 617 818
818 385 1741
1741 920 1000
1000 257 2687
2687 1173 1632
6
980 416 2069
2069 4225 284
284 557 150
150 3489 1394
1394 669 634
634 4426 1632
6
980 418 2928
2928 1158 2147
2147 1216 2753
2753 862 2782
2782 309 2942
2942 872 1632
6
980 431 1664
1664 4376 1114
1114 5355 2635
2635 4222 1275
1275 452 2850
2850 5125 1632
6
980 434 475
475 216 1372
1372 5395 2767
2767 4209 1129
1129 751 2544
2544 1812 1632
6
980 435 1787
1787 5160 2754
2754 1097 2813
2813 897 80
80 4905 674
674 699 1632
6
980 443 968
968 73 2333
2333 1590 446
446 1038 1001
1001 743 508
508 582 1632
6
980 445 1380
1380 1728 2168
2168 5461 2547
2547 3187 2997
2997 576 1827
1827 533 1632
6
980 451 395
395 63 2524
2524 1157 2198
2198 1393 925
925 4348 1396
1396 390 1632
6
980 463 1203
1203 2901 1379
1379 348 2085
2085 1092 294
294 4123 797
797 217 1632
6
980 467 2932
2932 2221 1404
1404 2309 1565
1565 1482 320
320 4007 2526
2526 1470 1632
6
980 476 1642
1642 3881 2902
2902 172 2532
2532 5914 427
427 1678 1756
1756 477 1632
6
980 485 2075
2075 1042 530
530 3889 8
8 4568 585
585 1023 2415
2415 2328 1632
6
980 499 172
172 4694 2871
2871 3703 1669
1669 676 201
201 212 2062
2062 213 1632
6
980 508 1346
1346 1747 2716
2716 1565 2856
2856 616 1654
1654 2648 2275
2275 1997 1632
6
980 509 1079
1079 588 726
726 2454 1603
1603 1085 1633
1633 3171 1117
1117 4990 1632
6
980 510 2437
2437 5401 503
503 5457 1500
1500 5896 182
182 3526 514
514 838 1632
6
980 536 573
573 432 1431
1431 311 189
189 3522 2104
2104 4366 1880
1880 2927 1632
6
980 542 1907
1907 360 1908
1908 1400 1677
1677 657 375
375 1298 2844
2844 1098 1632
6
980 548 1061
1061 91 1706
1706 5187 2073
2073 2216 1786
1786 6038 890
890 4379 1632
6
980 568 2477
2477 3991 1227
1227 6828 342
342 6855 1594
1594 1033 316
316 2199 1632
6
980 572 2261
2261 3995 1810
1810 978 41
41 2533 204
204 5704 2548
2548 320 1632
6
980 580 2299
2299 5561 498
498 3163 883
883 3101 649
649 3590 2930
2930 2006 1632
6
980 583 109
109 898 1853
1853 2310 13
13 1909 2768
2768 587 2379
2379 4907 1632
6
980 590 1944
1944 5400 1777
1777 4897 2195
2195 2079 887
887 3597 2972
2972 5927 1632
6
980 605 2221
2221 244 1589
1589 6557 2068
2068 4145 787
787 1619 179
179 1707 1632
6
980 606 981
981 1218 2394
2394 5469 2711
2711 1847 2955
2955 2143 1524
1524 6151 1632
6
980 607 1935
1935 1468 2449
2449 1398 1689
1689 1028 2184
2184 1819 2514
2514 2186 1632
6
980 610 687
687 4421 1577
1577 1401 2365
2365 556 2262
2262 5396 369
369 4918 1632
6
980 621 1024
1024 259 571
571 3800 1898
1898 1939 221
221 1628 715
715 2544 1632
6
980 631 1268
1268 4158 484
484 2580 112
112 877 854
854 3643 707
707 1554 1632
6
980 634 1063
1063 2819 2248
2248 2005 1900
1900 1940 2656
2656 2246 248
248 1877 1632
6
980 666 660
660 67 2934
2934 6626 1675
1675 120 1657
1657 2272 2688
2688 3295 1632
6
980 670 2413
2413 1020 471
471 478 1090
1090 4268 858
858 595 2550
2550 5936 1632
6
980 672 956
956 5928 2015
2015 790 2707
2707 483 2006
2006 2189 244
244 2952 1632
6
980 673 658
658 1474 1126
1126 4551 1454
1454 2017 2594
2594 2936 1418
1418 5657 1632
6
980 677 2183
2183 585 1856
1856 2481 1225
1225 4413 2126
2126 2973 1005
1005 1616 1632
6
980 680 1191
1191 4634 2187
2187 241 2758
2758 4249 2960
2960 3406 2667
2667 3921 1632
6
980 685 2778
2778 2946 1041
1041 3133 1052
1052 1946 1103
1103 6406 1643
1643 3503 1632
6
980 686 1221
1221 2231 1285
1285 506 2661
2661 1141 2005
2005 5562 1377
1377 1285 1632
6
980 692 17
17 643 219
219 2091 872
872 3212 2719
2719 4632 1200
1200 3138 1632
6
980 693 656
656 2752 1918
1918 1700 615
615 3648 2104
2104 6271 321
321 1473 1632
6
980 700 2783
2783 2378 59
59 2055 2870
2870 374 1385
1385 3294 1780
1780 3372 1632
6
980 701 1123
1123 1779 2146
2146 5127 2387
2387 1150 2780
2780 3857 692
692 1453 1632
6
980 707 1888
1888 2682 998
998 6183 2689
2689 603 2521
2521 49 1219
1219 1669 1632
6
980 709 1190
1190 1405 1918
1918 4070 378
378 6756 1273
1273 521 334
334 4442 1632
6
980 713 2273
2273 1476 1830
1830 3016 640
640 1152 835
835 3606 177
177 2691 1632
6
980 727 1584
1584 4470 1736
1736 4478 2108
2108 819 1320
1320 4451 167
167 660 1632
6
980 730 1113
1113 352 2658
2658 290 2669
2669 679 722
722 1650 2255
2255 836 1632
6
980 739 476
476 242 993
993 3408 1587
1587 2832 90
90 3911 2053
2053 1888 1632
6
980 754 1707
1707 97 2169
2169 1549 2857
2857 5382 2166
2166 1685 1764
1764 629 1632
6
980 762 1276
1276 193 1763
1763 3717 68
68 1799 2047
2047 52 2105
2105 2840 1632
6
980 772 17
17 6220 516
516 155 89
89 4895 686
686 6564 202
202 1927 1632
6
980 773 975
975 256 1250
1250 6605 871
871 1130 2660
2660 1765 892
892 5230 1632
6
980 775 842
842 342 1384
1384 4017 2813
2813 2263 496
496 3350 674
674 4164 1632
6
980 780 1145
1145 1483 2059
2059 460 1980
1980 3750 141
141 3896 2511
2511 3152 1632
6
980 784 541
541 5129 2709
2709 327 2975
2975 3763 880
880 4415 572
572 2312 1632
6
980 807 626
626 6472 2810
2810 497 470
470 2028 1277
1277 6070 1692
1692 2342 1632
6
980 823 825
825 4636 669
669 2153 79
79 1439 2989
2989 1313 37
37 3676 1632
6
980 830 2512
2512 913 2551
2551 78 2802
2802 2717 2590
2590 5938 1780
1780 3582 1632
6
980 860 1543
1543 2229 819
819 696 2729
2729 437 1892
1892 6681 1929
1929 2736 1632
6
980 876 511
511 159 2537
2537 1629 2375
2375 88 2486
2486 6427 1477
1477 1537 1632
6
980 884 2889
2889 4015 1163
1163 5529 2815
2815 313 810
810 363 1688
1688 682 1632
6
980 902 2582
2582 6837 353
353 831 1613
1613 6713 933
933 1007 1501
1501 2146 1632
6
980 905 2901
2901 2799 1409
1409 1739 1
1 3203 1339
1339 2050 1070
1070 1785 1632
6
980 908 670
670 2406 130
130 503 1797
1797 2265 940
940 3919 1374
1374 1421 1632
6
980 915 317
317 1437 413
413 264 2396
2396 5109 1425
1425 380 1453
1453 3251 1632
6
980 926 461
461 1255 450
450 954 871
871 1965 1397
1397 5477 1443
1443 3215 1632
6
980 931 1060
1060 15 1585
1585 744 2256
2256 314 2232
2232 1630 2980
2980 1029 1632
6
980 937 1733
1733 1800 661
661 1282 2873
2873 3870 187
187 1388 1875
1875 2204 1632
6
980 938 979
979 1034 903
903 449 1672
1672 522 1165
1165 1418 2280
2280 989 1632
6
980 949 1686
1686 3722 2124
2124 272 499
499 785 2467
2467 3326 2201
2201 4748 1632
6
980 951 2138
2138 3441 2414
2414 2433 1348
1348 979 911
911 695 1255
1255 551 1632
6
980 958 2678
2678 2870 2289
2289 4130 2207
2207 1259 2446
2446 1003 78
78 3794 1632
6
980 960 1788
1788 237 2015
2015 6456 123
123 3808 1013
1013 425 754
754 1552 1632
6
980 962 2046
2046 3048 2367
2367 4065 144
144 4443 2786
2786 211 506
506 4292 1632
6
980 967 1775
1775 6330 2168
2168 6147 610
610 1610 2997
2997 3821 575
575 3775 1632
6
980 969 2677
2677 6684 1010
1010 3954 752
752 618 2506
2506 404 1605
1605 294 1632
6
980 974 2925
2925 6754 1159
1159 5733 2609
2609 2492 1223
1223 998 1858
1858 2547 1632
6
980 988 1755
1755 3593 2756
2756 1463 1653
1653 3901 124
124 5421 1808
1808 687 1632
6
980 993 771
771 3657 1122
1122 1215 343
343 4042 1420
1420 376 2319
2319 2072 1632
6
980 996 1737
1737 3141 584
584 5306 1814
1814 5262 904
904 3086 301
301 825 1632
6
980 997 1248
1248 1355 1542
1542 3386 672
672 1306 2262
2262 5812 65
65 2122 1632
6
980 1005 1608
1608 5110 2962
2962 1885 499
499 2712 27
27 4210 2201
2201 6264 1632
6
980 1006 2113
2113 4371 2034
2034 1018 1615
1615 1503 2937
2937 164 611
611 538 1632
6
980 1009 2115
2115 983 1766
1766 3660 1344
1344 3760 1591
1591 5026 312
312 2141 1632
6
980 1026 1338
1338 550 1254
1254 2387 1634
1634 1953 318
318 1555 2615
2615 3841 1632
6
980 1027 2457
2457 4092 2146
2146 5184 459
459 3836 2780
2780 4029 2577
2577 3078 1632
6
980 1041 1189
1189 615 941
941 3619 547
547 1253 1151
1151 2341 336
336 1783 1632
6
980 1043 2739
2739 3702 2697
2697 742 2408
2408 2302 1526
1526 3026 2869
2869 413 1632
6
980 1047 1874
1874 3909 2838
2838 178 2152
2152 3928 1683
1683 1684 425
425 406 1632
6
980 1054 1199
1199 4185 319
319 1019 446
446 3931 1183
1183 5860 508
508 1154 1632
6
980 1056 2283
2283 2049 1122
1122 4603 391
391 2070 2695
2695 2645 156
156 2500 1632
6
980 1057 310
310 1808 2089
2089 1049 2923
2923 4353 2332
2332 5316 230
230 284 1632
6
980 1067 728
728 2001 833
833 2955 1859
1859 5789 2757
2757 2307 2444
2444 2760 1632
6
980 1070 86
86 93 2371
2371 5162 2853
2853 3837 2968
2968 1252 730
730 1105 1632
6
980 1080 2122
2122 810 457
457 546 1860
1860 3994 473
473 26 2568
2568 5163 1632
6
980 1088 1018
1018 5700 287
287 6123 701
701 23 2504
2504 3249 2497
2497 42 1632
6
980 1095 897
897 4121 2338
2338 2408 1869
1869 4676 2904
2904 630 702
702 1204 1632
6
980 1099 2640
2640 6198 2603
2603 2303 2378
2378 285 2
2 5398 1450
1450 2258 1632
6
980 1104 878
878 3744 1718
1718 43 1270
1270 161 2278
2278 230 1820
1820 37 1632
6
980 1112 769
769 291 1771
1771 2121 1949
1949 2290 2812
2812 5982 915
915 3393 1632
6
980 1117 143
143 3241 1468
1468 2384 593
593 2164 1075
1075 484 1371
1371 4863 1632
6
980 1119 1619
1619 4440 2596
2596 1292 2632
2632 3377 2984
2984 1457 1213
1213 3484 1632
6
980 1135 2825
2825 4019 1163
1163 5956 2788
2788 2877 2588
2588 1950 2744
2744 329 1632
6
980 1136 1191
1191 6411 710
710 3345 1494
1494 525 1915
1915 2961 12
12 337 1632
6
980 1138 2638
2638 738 1894
1894 4761 1637
1637 1096 1927
1927 5430 740
740 3488 1632
6
980 1139 2228
2228 2629 477
477 1823 176
176 2907 1546
1546 2630 1207
1207 1263 1632
6
980 1147 1104
1104 1529 287
287 6395 1958
1958 1201 1366
1366 4076 663
663 1505 1632
6
980 1148 2808
2808 4027 566
566 2304 2938
2938 1674 142
142 1387 2845
2845 3555 1632
6
980 1159 1367
1367 2472 2567
2567 5047 1011
1011 2821 2597
2597 2185 2062
2062 245 1632
6
980 1162 296
296 1804 891
891 1083 1204
1204 2739 988
988 3123 2402
2402 1598 1632
6
980 1163 2485
2485 725 1828
1828 160 441
441 719 2705
2705 2075 1440
1440 1077 1632
6
980 1165 1631
1631 6391 394
394 1155 2158
2158 4240 852
852 1911 2615
2615 6417 1632
6
980 1167 2811
2811 511 604
604 5770 1399
1399 968 2666
2666 1708 255
255 2611 1632
6
980 1175 1864
1864 1213 477
477 4239 2873
2873 6244 2452
2452 486 1875
1875 6071 1632
6
980 1179 2851
2851 792 762
762 3892 1004
1004 10 1072
1072 927 2691
2691 186 1632
6
980 1197 1847
1847 961 2325
2325 2556 2045
2045 1178 383
383 51 935
935 1743 1632
6
980 1199 546
546 1131 206
206 3320 2967
2967 322 1541
1541 310 2216
2216 2073 1632
6
980 1219 975
975 5601 450
450 1639 1316
1316 6616 841
841 3224 892
892 5886 1632
6
980 1222 328
328 720 837
837 4407 799
799 3584 1094
1094 1458 806
806 1525 1632
6
980 1223 997
997 6046 1850
1850 2676 1359
1359 2157 1032
1032 4254 890
890 5611 1632
6
980 1227 1034
1034 2511 2515
2515 3024 1181
1181 844 411
411 1714 2770
2770 1907 1632
6
980 1228 286
286 4112 1040
1040 1390 1423
1423 6144 2749
2749 3691 54
54 2076 1632
6
980 1232 2197
2197 4204 1040
1040 2797 784
784 4502 795
795 1206 1055
1055 3541 1632
6
980 1233 1395
1395 5133 432
432 2327 954
954 3120 438
438 2866 1452
1452 532 1632
6
980 1241 885
885 295 757
757 1075 2785
2785 2732 2341
2341 333 737
737 1186 1632
6
980 1270 1386
1386 1273 2110
2110 811 2991
2991 4542 2460
2460 1559 2505
2505 849 1632
6
980 1276 271
271 2763 1246
1246 1643 236
236 5816 2226
2226 1012 2426
2426 85 1632
6
980 1278 2572
2572 2586 1021
1021 5038 970
970 2783 537
537 948 2505
2505 5523 1632
6
980 1283 2512
2512 2856 188
188 423 2870
2870 6101 558
558 5594 2827
2827 1174 1632
6
980 1287 2884
2884 1358 2976
2976 2016 724
724 3654 2826
2826 517 1306
1306 1875 1632
6
980 1288 743
743 5198 805
805 4746 2846
2846 5677 1789
1789 871 166
166 1417 1632
6
980 1289 476
476 1183 613
613 1717 1684
1684 2543 2618
2618 649 2053
2053 4365 1632
6
980 1294 1917
1917 6640 2317
2317 6157 1510
1510 2495 1162
1162 662 400
400 6028 1632
6
980 1300 340
340 16 151
151 421 2616
2616 1830 152
152 2284 2591
2591 283 1632
6
980 1301 322
322 1190 2060
2060 2111 2760
2760 317 153
153 3594 549
549 2982 1632
6
980 1308 792
792 6193 125
125 3327 1387
1387 234 104
104 4544 2896
2896 1949 1632
6
980 1311 300
300 6452 335
335 2183 487
487 2867 2025
2025 6615 100
100 4781 1632
6
980 1312 2090
2090 3277 1530
1530 4850 2038
2038 4674 198
198 5078 1406
1406 1071 1632
6
980 1319 586
586 2280 594
594 856 1312
1312 2850 2192
2192 2179 63
63 58 1632
6
980 1321 1644
1644 2831 1955
1955 2333 564
564 746 539
539 1715 964
964 1599 1632
6
980 1325 1824
1824 3229 1114
1114 5670 905
905 5986 1732
1732 1022 839
839 5725 1632
6
980 1327 2862
2862 3658 238
238 987 1637
1637 3158 1578
1578 2778 831
831 4273 1632
6
980 1329 749
749 1295 2281
2281 2684 1629
1629 3376 76
76 2200 753
753 3882 1632
6
980 1336 2225
2225 3160 2291
2291 5246 199
199 4640 163
163 5 136
136 1987 1632
6
980 1342 2630
2630 5771 485
485 5348 2820
2820 4620 718
718 2099 562
562 2355 1632
6
980 1345 2412
2412 1168 2313
2313 2453 1128
1128 3281 2784
2784 3109 61
61 1538 1632
6
980 1352 404
404 4668 1091
1091 2430 2375
2375 1052 382
382 2656 1477
1477 5100 1632
6
980 1362 1907
1907 4855 833
833 5617 1778
1778 1015 733
733 229 2321
2321 4793 1632
6
980 1365 920
920 3124 2922
2922 205 2867
2867 2478 618
618 921 1390
1390 325 1632
6
980 1366 1584
1584 5066 1033
1033 578 1890
1890 798 1118
1118 2083 884
884 2793 1632
6
980 1372 58
58 597 234
234 3259 2530
2530 957 2425
2425 1541 1328
1328 3855 1632
6
980 1374 2380
2380 261 2916
2916 5921 2403
2403 1517 1696
1696 2187 1259
1259 4495 1632
6
980 1379 848
848 4449 2057
2057 489 2245
2245 4794 1050
1050 516 2614
2614 4294 1632
6
980 1382 2177
2177 133 1143
1143 1221 1495
1495 1782 1066
1066 461 102
102 5713 1632
6
980 1383 2381
2381 2595 803
803 2411 1044
1044 1454 1511
1511 2895 308
308 4388 1632
6
980 1394 2167
2167 6148 2916
2916 6538 2996
2996 2781 427
427 2095 1153
1153 6783 1632
6
980 1397 2459
2459 17 1998
1998 3612 158
158 1955 2474
2474 197 549
549 5872 1632
6
980 1403 28
28 4128 1031
1031 5334 1077
1077 1137 795
795 3252 1866
1866 861 1632
6
980 1404 1709
1709 2743 1738
1738 4287 1294
1294 3578 942
942 4537 2957
2957 5253 1632
6
980 1407 15
15 4719 1607
1607 1688 1184
1184 735 826
826 805 386
386 5344 1632
6
980 1408 785
785 4569 2551
2551 4064 379
379 1434 2590
2590 6104 657
657 641 1632
6
980 1410 437
437 655 485
485 6161 946
946 2859 718
718 3622 1135
1135 3032 1632
6
980 1420 1950
1950 2120 2517
2517 716 2416
2416 2703 33
33 4475 859
859 1797 1632
6
980 1422 2228
2228 5496 661
661 3459 299
299 1580 187
187 4980 1416
1416 5283 1632
6
980 1423 1914
1914 2156 1088
1088 5512 91
91 1129 2278
2278 681 814
814 789 1632
6
980 1435 2702
2702 4566 2655
2655 1793 2377
2377 5799 1167
1167 6270 519
519 6759 1632
6
980 1438 25
25 138 1614
1614 1291 1149
1149 3390 1724
1724 1618 2836
2836 2033 1632
6
980 1442 495
495 3915 1850
1850 2839 2448
2448 828 729
729 1968 325
325 1841 1632
6
980 1446 1781
1781 887 1921
1921 3401 879
879 1354 1981
1981 398 452
452 5289 1632
6
980 1466 385
385 2588 2030
2030 2473 2788
2788 3605 430
430 2311 1688
1688 4915 1632
6
980 1490 2138
2138 5647 2374
2374 1430 1348
1348 5847 2581
2581 202 1255
1255 5409 1632
6
980 1492 304
304 645 1982
1982 778 469
469 3228 1826
1826 2009 715
715 6546 1632
6
980 1496 684
684 1124 479
479 5359 313
313 2719 820
820 2457 2973
2973 1577 1632
6
980 1498 543
543 4533 1217
1217 1011 1184
1184 2925 2356
2356 5337 1417
1417 1032 1632
6
980 1499 2587
2587 3198 945
945 1479 435
435 5467 2199
2199 965 865
865 1973 1632
6
980 1502 247
247 1181 668
668 1756 732
732 2053 772
772 4730 1563
1563 4577 1632
6
980 1523 788
788 1230 1666
1666 3276 1590
1590 3369 482
482 3914 1891
1891 3116 1632
6
980 1526 1914
1914 5363 2516
2516 2636 1270
1270 6665 1405
1405 1427 806
806 2748 1632
6
980 1528 92
92 4740 2848
2848 5846 292
292 370 1089
1089 222 55
55 305 1632
6
980 1530 2200
2200 829 2987
2987 3873 2136
2136 4608 1146
1146 208 1065
1065 4476 1632
6
980 1532 148
148 276 2839
2839 4887 1313
1313 6523 2051
2051 4550 1695
1695 4193 1632
6
980 1540 546
546 3126 2059
2059 2388 2967
2967 2422 706
706 5632 2216
2216 2734 1632
6
980 1556 1034
1034 3395 608
608 180 465
465 4831 371
371 369 334
334 5438 1632
6
980 1570 2119
2119 34 2300
2300 1431 283
283 783 214
214 2324 45
45 331 1632
6
980 1572 788
788 1945 1307
1307 357 1849
1849 2746 2906
2906 4025 1858
1858 4175 1632
6
980 1575 779
779 892 529
529 3719 2872
2872 267 1292
1292 1919 77
77 2817 1632
6
980 1576 2805
2805 3112 873
873 5339 281
281 852 812
812 4606 2426
2426 2823 1632
6
980 1582 34
34 1641 1655
1655 2144 2857
2857 6643 2626
2626 1180 2637
2637 2643 1632
6
980 1597 2230
2230 1343 2091
2091 4082 2458
2458 3982 1640
1640 1733 1612
1612 2314 1632
6
980 1603 2020
2020 571 1350
1350 3283 879
879 4562 1209
1209 1330 2959
2959 410 1632
6
980 1609 2638
2638 3634 238
238 2551 643
643 3053 1833
1833 2306 831
831 5887 1632
6
980 1621 225
225 2383 138
138 5836 623
623 50 1001
1001 1749 2593
2593 2261 1632
6
980 1637 4
4 2405 399
399 1562 1956
1956 25 1017
1017 407 2553
2553 3845 1632
6
980 1648 2143
2143 29 2598
2598 1076 441
441 3371 632
632 144 202
202 6231 1632
6
980 1654 2276
2276 277 719
719 2521 1680
1680 2148 2826
2826 1644 1937
1937 3132 1632
6
980 1655 4
4 6232 1102
1102 797 1956
1956 5861 2388
2388 4276 2553
2553 4844 1632
6
980 1665 11
11 4234 1516
1516 1303 105
105 1110 1681
1681 2942 2125
2125 2147 1632
6
980 1667 932
932 1635 2454
2454 3577 377
377 6494 2879
2879 5329 2040
2040 1339 1632
6
980 1672 2424
2424 1337 555
555 53 459
459 4211 1284
1284 2130 2275
2275 6308 1632
6
980 1679 943
943 2931 128
128 5158 2880
2880 3916 1985
1985 3418 2651
2651 3368 1632
6
980 1682 928
928 2194 1635
1635 140 2256
2256 3543 969
969 4207 1968
1968 2292 1632
6
980 1683 1268
1268 6197 1087
1087 4726 112
112 3698 2823
2823 612 1925
1925 733 1632
6
980 1687 855
855 4034 1279
1279 5113 2078
2078 1652 2329
2329 6371 354
354 1586 1632
6
980 1703 2847
2847 1656 2518
2518 1569 2481
2481 5591 2586
2586 5034 2852
2852 4712 1632
6
980 1712 1855
1855 6088 373
373 5269 2498
2498 6696 1162
1162 1369 918
918 3324 1632
6
980 1713 272
272 2317 1505
1505 1290 223
223 914 2909
2909 3099 1901
1901 1738 1632
6
980 1723 1715
1715 3728 747
747 1239 1311
1311 4956 1434
1434 165 2920
2920 3359 1632
6
980 1731 1473
1473 194 1186
1186 1248 2867
2867 6307 742
742 3567 2514
2514 3332 1632
6
980 1737 1458
1458 95 1848
1848 4260 700
700 3043 2894
2894 3297 929
929 3585 1632
6
980 1741 1802
1802 5024 1801
1801 1307 424
424 347 228
228 6445 1549
1549 639 1632
6
980 1752 1210
1210 1350 1817
1817 886 2821
2821 3667 1511
1511 3427 1660
1660 4200 1632
6
980 1766 807
807 1788 2367
2367 6261 2556
2556 2701 1984
1984 2063 421
421 812 1632
6
980 1767 1658
1658 1981 1801
1801 2802 2456
2456 2139 1512
1512 5479 989
989 2031 1632
6
980 1770 1712
1712 4055 2480
2480 2570 872
872 6069 2323
2323 4899 612
612 2398 1632
6
980 1771 1656
1656 420 262
262 2598 1965
1965 480 1943
1943 2192 2433
2433 135 1632
6
980 1773 2907
2907 300 2118
2118 359 2502
2502 1132 2817
2817 3485 1904
1904 3874 1632
6
980 1775 1725
1725 3516 685
685 4508 1154
1154 4469 609
609 4700 2128
2128 4354 1632
6
980 1776 2151
2151 1979 243
243 5033 2863
2863 5455 2774
2774 769 2213
2213 218 1632
6
980 1777 1868
1868 4334 1969
1969 3358 2195
2195 5385 2209
2209 3625 2972
2972 6267 1632
6
980 1781 2698
2698 1899 2106
2106 3813 2038
2038 6518 959
959 4372 1243
1243 661 1632
6
980 1787 135
135 6402 556
556 5491 1731
1731 3738 2336
2336 747 1697
1697 5073 1632
6
980 1790 402
402 2721 891
891 4885 652
652 1237 988
988 4935 1626
1626 3932 1632
6
980 1795 2824
2824 2295 680
680 2624 1965
1965 6796 1782
1782 3213 2673
2673 2081 1632
6
980 1803 1916
1916 3774 1521
1521 4623 1085
1085 1471 1096
1096 2666 55
55 6405 1632
6
980 1806 116
116 2766 1102
1102 3325 1497
1497 446 2388
2388 5325 2852
2852 6701 1632
6
980 1818 2485
2485 1862 516
516 4771 645
645 346 2719
2719 6171 612
612 4782 1632
6
980 1824 341
341 654 2324
2324 2308 507
507 3392 539
539 6003 240
240 697 1632
6
980 1827 2253
2253 5595 1403
1403 5060 2174
2174 6683 1000
1000 5189 2940
2940 104 1632
6
980 1831 1974
1974 388 790
790 2270 2820
2820 6769 2584
2584 4194 2065
2065 3486 1632
6
980 1833 1473
1473 5850 2449
2449 3885 1938
1938 3384 2184
2184 3953 2510
2510 3758 1632
6
980 1837 1221
1221 5563 1596
1596 2772 1900
1900 4150 2964
2964 3291 521
521 3519 1632
6
980 1845 581
581 1323 1411
1411 3900 1940
1940 1581 2442
2442 2402 2966
2966 2207 1632
6
980 1849 81
81 1493 1373
1373 187 2725
2725 2538 154
154 4266 259
259 1668 1632
6
980 1854 2478
2478 5412 2662
2662 2436 2629
2629 2426 1714
1714 4224 2727
2727 4635 1632
6
980 1855 2714
2714 2943 2874
2874 1938 2912
2912 5663 1716
1716 1589 2903
2903 777 1632
6
980 1880 437
437 4880 790
790 3682 867
867 3629 2584
2584 6135 562
562 6584 1632
6
980 1891 1854
1854 519 1635
1635 2600 2670
2670 3090 1681
1681 5081 2357
2357 1506 1632
6
980 1893 1271
1271 756 203
203 90 1245
1245 505 1150
1150 5241 2931
2931 1002 1632
6
980 1917 443
443 131 1039
1039 1758 2266
2266 2245 1169
1169 3208 2031
2031 4973 1632
6
980 1922 1332
1332 118 145
145 171 1754
1754 2849 463
463 809 1417
1417 6733 1632
6
980 1928 1939
1939 524 242
242 1869 525
525 1440 2304
2304 2887 111
111 3192 1632
6
980 1943 1735
1735 4834 484
484 5580 1729
1729 4651 2382
2382 2780 2685
2685 4763 1632
6
980 1947 948
948 1260 409
409 2368 635
635 1256 1601
1601 3357 327
327 925 1632
6
980 1956 545
545 2443 1727
1727 18 1393
1393 767 412
412 192 2061
2061 763 1632
6
980 1957 2622
2622 13 2829
2829 2201 2912
2912 6212 588
588 1385 2212
2212 3473 1632
6
980 1960 1809
1809 14 2668
2668 1567 241
241 3490 787
787 4406 233
233 3478 1632
6
980 1969 1380
1380 2326 396
396 117 610
610 5604 2343
2343 1834 1827
1827 3114 1632
6
980 1975 921
921 4005 2324
2324 2913 83
83 1108 393
393 2126 2965
2965 5635 1632
6
980 1977 528
528 5227 103
103 4057 2158
2158 4321 318
318 6446 306
306 2191 1632
6
980 1978 30
30 2653 209
209 5883 620
620 815 690
690 3796 1012
1012 1202 1632
6
980 1984 2657
2657 181 1861
1861 121 1999
1999 750 1568
1568 5828 678
678 4220 1632
6
980 1989 1106
1106 2842 2558
2558 4618 1839
1839 4666 1290
1290 2508 1003
1003 6864 1632
6
980 1996 985
985 3168 1997
1997 1361 346
346 1024 2154
2154 3755 1762
1762 955 1632
6
980 1998 1338
1338 2741 394
394 2115 1634
1634 2618 1474
1474 1595 306
306 3739 1632
6
980 2013 2220
2220 850 758
758 2677 1545
1545 4960 1155
1155 726 1704
1704 4597 1632
6
980 2045 2733
2733 1426 2945
2945 3477 882
882 3339 72
72 3410 44
44 1142 1632
6
980 2051 1619
1619 5490 949
949 6854 1863
1863 570 1536
1536 2390 2497
2497 5527 1632
6
980 2056 2831
2831 5393 2922
2922 6378 1272
1272 703 258
258 1455 1390
1390 4446 1632
6
980 2059 1266
1266 3290 849
849 2922 1481
1481 5285 1360
1360 674 1197
1197 2276 1632
6
980 2065 1939
1939 6356 139
139 1632 971
971 6083 676
676 2442 2039
2039 2287 1632
6
980 2078 1229
1229 806 922
922 1156 2846
2846 5702 1342
1342 1238 2250
2250 1894 1632
6
980 2084 1081
1081 788 2206
2206 2890 2609
2609 4975 2906
2906 6031 307
307 5471 1632
6
980 2093 2252
2252 814 2331
2331 944 1731
1731 6574 462
462 2591 2419
2419 5474 1632
6
980 2102 2595
2595 4133 746
746 2652 2751
2751 991 653
653 4584 2494
2494 4152 1632
6
980 2108 2522
2522 869 1127
1127 5368 2373
2373 904 2354
2354 4994 273
273 1886 1632
6
980 2109 1321
1321 2690 945
945 6732 1804
1804 5417 1427
1427 387 227
227 24 1632
6
980 2110 315
315 338 2117
2117 6552 2648
2648 1851 1118
1118 3681 2791
2791 1557 1632
6
980 2116 2363
2363 5051 2607
2607 345 2528
2528 4941 1045
1045 1126 1554
1554 1666 1632
6
980 2125 1792
1792 5545 2979
2979 3214 276
276 737 2314
2314 1550 2761
2761 842 1632
6
980 2127 842
842 990 1010
1010 5941 1489
1489 1748 793
793 515 165
165 4917 1632
6
980 2135 2500
2500 4680 97
97 3604 2939
2939 2576 1429
1429 3411 366
366 999 1632
6
980 2138 2881
2881 2935 1552
1552 426 1316
1316 6820 2660
2660 6834 1701
1701 4196 1632
6
980 2149 2383
2383 928 67
67 2 332
332 2100 2092
2092 5485 2555
2555 2027 1632
6
980 2159 2074
2074 636 216
216 4685 1260
1260 3284 2382
2382 3864 707
707 2976 1632
6
980 2160 997
997 6532 2900
2900 6833 1359
1359 3790 729
729 5768 423
423 5346 1632
6
980 2161 310
310 3536 857
857 4367 254
254 1815 2332
2332 5498 2491
2491 2283 1632
6
980 2163 2177
2177 4799 178
178 601 1495
1495 1994 291
291 281 2959
2959 764 1632
6
980 2165 2678
2678 4894 1409
1409 2174 2207
2207 1992 1339
1339 5900 78
78 4930 1632
6
980 2167 2067
2067 190 2093
2093 3960 1228
1228 5971 2509
2509 982 1627
1627 2650 1632
6
980 2176 1864
1864 6676 175
175 4788 176
176 5003 2452
2452 6627 1537
1537 4594 1632
6
980 2180 43
43 176 1579
1579 900 48
48 2086 869
869 455 778
778 1484 1632
6
980 2198 2522
2522 5275 2149
2149 2178 313
313 3848 71
71 2892 2973
2973 6026 1632
6
980 2205 440
440 1820 1049
1049 760 23
23 796 898
898 5303 1704
1704 6087 1632
6
980 2208 801
801 1634 1807
1807 5456 1531
1531 1501 2492
2492 3868 931
931 3442 1632
6
980 2212 627
627 4630 857
857 6835 2923
2923 6375 2564
2564 6072 2752
2752 340 1632
6
980 2218 384
384 1133 2860
2860 5458 1260
1260 3972 1362
1362 2195 1391
1391 2420 1632
6
980 2227 1006
1006 3403 399
399 6085 2986
2986 611 1341
1341 3129 2086
2086 4217 1632
6
980 2238 749
749 6597 1706
1706 5801 1156
1156 3956 1032
1032 4978 325
325 2404 1632
6
980 2248 297
297 5777 2451
2451 3145 2753
2753 4839 2559
2559 1146 2315
2315 2030 1632
6
980 2249 1059
1059 2431 169
169 1897 1130
1130 3945 1337
1337 3020 1030
1030 2393 1632
6
980 2264 2438
2438 3156 1091
1091 3042 1253
1253 3573 382
382 5664 502
502 1187 1632
6
980 2273 2886
2886 4394 2607
2607 4725 1790
1790 1425 933
933 1716 1525
1525 394 1632
6
980 2277 1038
1038 766 2935
2935 4283 847
847 694 739
739 1786 2926
2926 689 1632
6
980 2279 271
271 6600 2109
2109 6004 1599
1599 715 1288
1288 149 1324
1324 5297 1632
6
980 2298 1220
1220 5526 2021
2021 4903 2427
2427 316 821
821 3183 316
316 2477 1632
6
980 2316 160
160 5792 2291
2291 6774 1226
1226 2069 163
163 4677 1401
1401 1601 1632
6
980 2336 677
677 1842 1872
1872 6741 2072
2072 3225 590
590 1087 2334
2334 4762 1632
6
980 2346 952
952 3417 1285
1285 2103 2793
2793 1402 2005
2005 6669 521
521 6814 1632
6
980 2352 1792
1792 6618 501
501 1653 1439
1439 2972 2111
2111 1386 1478
1478 2410 1632
6
980 2356 2204
2204 1053 691
691 3373 761
761 6340 2417
2417 3165 170
170 1100 1632
6
980 2357 914
914 74 2042
2042 909 2628
2628 1236 625
625 5554 250
250 502 1632
6
980 2361 829
829 3865 756
756 2220 2539
2539 1424 513
513 1768 2790
2790 1848 1632
6
980 2366 1693
1693 3323 2206
2206 3356 1147
1147 5636 1407
1407 3683 2353
2353 92 1632
6
980 2370 2144
2144 808 1082
1082 4599 1651
1651 4195 1111
1111 4155 2450
2450 5365 1632
6
980 2377 548
548 1889 693
693 201 2675
2675 4871 1429
1429 4864 1611
1611 3207 1632
6
980 2400 2771
2771 620 2064
2064 708 2993
2993 2779 1318
1318 4115 1120
1120 2581 1632
6
980 2401 2708
2708 6680 1033
1033 5583 1322
1322 2256 2927
2927 3378 673
673 2810 1632
6
980 2415 1176
1176 4098 2447
2447 4401 21
21 6465 1158
1158 1993 1443
1443 5028 1632
6
980 2416 213
213 787 2945
2945 5226 2270
2270 3687 311
311 3895 2646
2646 4384 1632
6
980 2437 1229
1229 3805 1194
1194 5873 1299
1299 4176 1789
1789 1533 2554
2554 1039 1632
6
980 2439 402
402 6023 39
39 691 1204
1204 4868 2830
2830 99 355
355 3278 1632
6
980 2446 1287
1287 1017 2203
2203 3331 2723
2723 5710 2049
2049 1566 1201
1201 488 1632
6
980 2449 447
447 3184 2877
2877 4392 2443
2443 3614 2410
2410 4004 1973
1973 3553 1632
6
980 2451 2020
2020 3058 178
178 6638 1457
1457 4169 291
291 5364 1331
1331 4867 1632
6
980 2459 1818
1818 3468 1667
1667 1721 2643
2643 447 2750
2750 4434 403
403 6426 1632
6
980 2460 767
767 1961 265
265 2213 967
967 253 398
398 6648 759
759 2458 1632
6
980 2461 298
298 3104 2325
2325 4022 1062
1062 3695 1392
1392 2286 1296
1296 3131 1632
6
980 2464 2928
2928 5384 2451
2451 5568 408
408 5864 2559
2559 2518 2942
2942 5843 1632
6
980 2466 927
927 1010 205
205 1896 2974
2974 3402 1169
1169 4637 667
667 4703 1632
6
980 2468 2326
2326 3433 2309
2309 5320 1462
1462 705 1356
1356 41 1115
1115 3009 1632
6
980 2484 2657
2657 1089 261
261 5759 1999
1999 6422 1784
1784 1719 1430
1430 3787 1632
6
980 2488 2254
2254 3814 1771
1771 4143 1303
1303 1380 480
480 1727 915
915 5895 1632
6
980 2489 2740
2740 1594 2060
2060 3705 2809
2809 866 1841
1841 5723 1645
1645 168 1632
6
980 2494 1896
1896 3342 1913
1913 479 962
962 1257 204
204 5817 1008
1008 791 1632
6
980 2496 1249
1249 1249 1298
1298 3627 2663
2663 3979 1275
1275 2445 362
362 5402 1632
6
980 2498 2864
2864 3040 1267
1267 2579 965
965 1651 1360
1360 963 2649
2649 644 1632
6
980 2503 40
40 5238 2479
2479 4819 293
293 2057 2130
2130 4238 2770
2770 2959 1632
6
980 2506 1553
1553 5428 2181
2181 2761 150
150 6373 628
628 5573 2295
2295 379 1632
6
980 2513 2776
2776 2211 698
698 923 2520
2520 4808 1398
1398 671 1247
1247 683 1632
6
980 2514 1503
1503 1448 350
350 307 2007
2007 1983 434
434 543 538
538 321 1632
6
980 2520 1016
1016 1189 2692
2692 411 1042
1042 1640 1710
1710 220 2550
2550 6609 1632
6
980 2522 357
357 1814 2312
2312 894 57
57 5375 2794
2794 1091 2431
2431 781 1632
6
980 2526 1986
1986 1518 1465
1465 888 1574
1574 3575 2462
2462 891 1798
1798 5114 1632
6
980 2527 1831
1831 5182 1422
1422 381 1572
1572 173 1770
1770 3471 2710
2710 598 1632
6
980 2535 2076
2076 1578 2175
2175 4576 1009
1009 668 367
367 1497 532
532 12 1632
6
980 2541 2925
2925 6763 1307
1307 4906 1590
1590 5778 2837
2837 816 2470
2470 4643 1632
6
980 2546 1823
1823 4319 335
335 3961 863
863 6106 2179
2179 5190 2428
2428 3004 1632
6
980 2548 769
769 5585 1796
1796 782 1303
1303 5358 1836
1836 3866 2980
2980 4373 1632
6
980 2554 991
991 1320 2619
2619 2558 845
845 4926 2849
2849 3118 2533
2533 1061 1632
6
980 2557 767
767 5985 388
388 5987 1957
1957 3193 451
451 2369 759
759 2774 1632
6
980 2559 670
670 6039 2058
2058 1560 276
276 4218 2950
2950 4670 1478
1478 3897 1632
6
980 2560 848
848 6181 19
19 5265 2639
2639 5813 1638
1638 3102 2614
2614 6382 1632
6
980 2566 2236
2236 3030 2575
2575 2112 486
486 3025 2899
2899 134 2259
2259 77 1632
6
980 2568 2335
2335 495 840
840 3947 208
208 2480 1305
1305 5884 2148
2148 868 1632
6
980 2574 656
656 5451 1168
1168 2450 189
189 4327 418
418 1625 1264
1264 5377 1632
6
980 2593 1323
1323 579 2187
2187 2894 256
256 2981 2647
2647 2928 2667
2667 4548 1632
6
980 2596 304
304 2689 748
748 1705 372
372 1280 1826
1826 6836 2966
2966 3777 1632
6
980 2617 647
647 1612 1641
1641 659 2798
2798 1118 2914
2914 3311 1703
1703 853 1632
6
980 2621 1016
1016 6300 365
365 1346 2672
2672 5449 1976
1976 2010 1621
1621 141 1632
6
980 2635 2457
2457 5587 555
555 6829 278
278 2860 1654
1654 3348 2772
2772 688 1632
6
980 2638 2142
2142 1305 765
765 2323 2729
2729 5624 1805
1805 2345 600
600 417 1632
6
980 2639 2740
2740 3918 1424
1424 5244 2760
2760 6321 1485
1485 540 1353
1353 474 1632
6
980 2640 1321
1321 6652 2976
2976 5547 435
435 5800 1074
1074 308 1022
1022 318 1632
6
980 2658 1349
1349 2184 1853
1853 4477 1602
1602 1564 2768
2768 5868 2501
2501 2707 1632
6
980 2661 2424
2424 4359 285
285 5200 278
278 4563 1284
1284 5407 2577
2577 6555 1632
6
980 2667 1610
1610 3172 849
849 3232 2693
2693 3143 1843
1843 147 2876
2876 3884 1632
6
980 2672 2776
2776 6678 552
552 895 641
641 1805 1064
1064 1677 1247
1247 1591 1632
6
980 2674 677
677 3677 2411
2411 1231 560
560 3 2878
2878 3724 2334
2334 6015 1632
6
980 2675 1110
1110 2289 2861
2861 2594 1128
1128 6064 2347
2347 2680 862
862 122 1632
6
980 2692 1809
1809 5056 2952
2952 950 2172
2172 3898 2153
2153 1414 517
517 2008 1632
6
980 2693 220
220 2698 2163
2163 3823 1653
1653 6569 2487
2487 613 1808
1808 1511 1632
6
980 2699 1837
1837 1921 1952
1952 5879 1240
1240 3070 1054
1054 177 253
253 5164 1632
6
980 2702 2895
2895 408 2286
2286 296 2114
2114 1214 2009
2009 339 1652
1652 3194 1632
6
980 2710 2293
2293 1315 1753
1753 4751 2434
2434 3993 2929
2929 2424 740
740 3673 1632
6
980 2730 456
456 4206 1983
1983 2391 1852
1852 5338 705
705 3727 115
115 464 1632
6
980 2735 147
147 1102 2246
2246 2232 53
53 1445 376
376 1895 2730
2730 2447 1632
6
980 2742 976
976 270 1748
1748 854 1193
1193 4246 654
654 2029 2178
2178 6758 1632
6
980 2744 1847
1847 5143 358
358 1740 2045
2045 2403 1476
1476 124 2612
2612 1151 1632
6
980 2750 2260
2260 5781 1598
1598 5313 860
860 1962 977
977 9 1812
1812 1553 1632
6
980 2768 697
697 2137 2022
2022 2764 282
282 2562 181
181 545 2450
2450 5877 1632
6
980 2773 709
709 1807 584
584 5797 2536
2536 1224 1743
1743 2021 113
113 1251 1632
6
980 2776 2737
2737 4000 522
522 1878 2985
2985 2177 2231
2231 2054 2435
2435 3137 1632
6
980 2777 2176
2176 912 1766
1766 5239 2855
2855 392 2475
2475 5067 1499
1499 6748 1632
6
980 2787 2483
2483 457 1369
1369 843 1171
1171 1170 1105
1105 2818 88
88 397 1632
6
980 2795 2538
2538 2236 765
765 4580 1870
1870 1045 1805
1805 3899 1929
1929 5423 1632
6
980 2806 1544
1544 3502 2101
2101 599 1895
1895 732 1137
1137 2048 2592
2592 642 1632
6
980 2808 1975
1975 4738 1521
1521 6416 750
750 2417 1502
1502 2767 908
908 1900 1632
6
980 2809 82
82 4498 2244
2244 5798 1765
1765 4046 714
714 2582 1198
1198 5335 1632
6
980 2811 1835
1835 3028 323
323 2471 1765
1765 5575 939
939 371 369
369 6654 1632
6
980 2824 2369
2369 3097 2249
2249 2919 1215
1215 1021 1139
1139 3115 194
194 2035 1632
6
980 2829 1761
1761 4255 655
655 2011 717
717 6119 207
207 4552 1989
1989 3533 1632
6
980 2834 1845
1845 1516 2692
2692 6413 131
131 1140 1710
1710 5103 2222
2222 498 1632
6
980 2836 340
340 3707 1412
1412 238 2616
2616 3893 2087
2087 2042 2591
2591 4813 1632
6
980 2838 2576
2576 584 2489
2489 5069 2141
2141 2814 237
237 4534 2029
2029 3877 1632
6
980 2846 2389
2389 6800 2035
2035 3146 1500
1500 5999 755
755 2313 2453
2453 5784 1632
6
980 2861 1523
1523 5697 2603
2603 3938 2071
2071 2269 2
2 6361 924
924 1281 1632
6
980 2874 1333
1333 246 211
211 3693 624
624 1689 119
119 722 1207
1207 6188 1632
6
980 2875 1926
1926 1698 126
126 3082 2403
2403 2320 781
781 835 1756
1756 3495 1632
6
980 2888 2257
2257 3438 98
98 5276 2133
2133 1988 288
288 71 614
614 2382 1632
6
980 2900 2622
2622 3668 2874
2874 3735 466
466 5341 588
588 1826 2903
2903 882 1632
6
980 2906 548
548 5600 488
488 1451 2679
2679 2871 120
120 4102 2499
2499 1472 1632
6
980 2915 720
720 402 2420
2420 5166 326
326 4909 1534
1534 2397 2554
2554 1447 1632
6
980 2916 723
723 4411 2598
2598 5920 1488
1488 6229 2705
2705 4223 1099
1099 2196 1632
6
980 2921 1717
1717 3049 1300
1300 462 1092
1092 1636 431
431 6486 1747
1747 945 1632
6
980 2929 2763
2763 6490 936
936 994 1857
1857 4142 74
74 4230 1354
1354 258 1632
6
980 2940 2625
2625 4718 1579
1579 4579 2121
2121 11 1142
1142 3142 2129
2129 6 1632
6
980 2947 1210
1210 2669 2654
2654 1843 1212
1212 824 972
972 494 1624
1624 1377 1632
6
980 2953 2165
2165 129 2091
2091 4435 2019
2019 4682 1451
1451 1545 2731
2731 2644 1632
6
980 2958 1058
1058 2569 2406
2406 4507 1446
1446 1318 1657
1657 2898 1759
1759 1072 1632
6
980 2962 1931
1931 4585 2064
2064 3535 2542
2542 906 473
473 6343 1447
1447 922 1632
6
980 2963 1664
1664 6805 2224
2224 5538 2635
2635 5869 1732
1732 2984 2850
2850 6699 1632
6
980 2967 1831
1831 6120 886
886 4108 1572
1572 287 631
631 4593 2105
2105 4876 1632
6
980 2978 1630
1630 1203 783
783 1725 2833
2833 108 1278
1278 1044 1336
1336 4429 1632
6
980 2980 1148
1148 5450 944
944 2254 370
370 5593 2842
2842 4818 1528
1528 3431 1632
6
980 2983 2219
2219 68 1314
1314 27 2690
2690 577 2545
2545 1574 526
526 6651 1632
6
980 2993 2074
2074 5720 2860
2860 6461 1962
1962 3822 1319
1319 650 1391
1391 5480 1632
6
980 3011 47
47 3973 433
433 2043 1587
1587 5818 1769
1769 4 619
619 2683 1632
6
980 3014 1232
1232 5859 762
762 4318 830
830 6571 180
180 82 1492
1492 6439 1632
6
980 3021 1287
1287 3343 1463
1463 1364 2723
2723 6614 1073
1073 2252 1309
1309 623 1632
6
980 3033 688
688 1671 1667
1667 5030 1846
1846 2686 1779
1779 5097 2240
2240 594 1632
6
980 3034 155
155 2158 2033
2033 757 1308
1308 2414 2700
2700 1051 26
26 3273 1632
6
980 3038 94
94 3007 2117
2117 6688 1036
1036 1116 1600
1600 1769 134
134 2790 1632
6
980 3045 524
524 3788 1722
1722 3472 1651
1651 4199 2194
2194 3521 2390
2390 2485 1632
6
980 3056 2067
2067 2937 1666
1666 3363 2182
2182 6195 1241
1241 652 2470
2470 6397 1632
6
980 3059 1218
1218 1692 2169
2169 4227 1711
1711 4525 2346
2346 2140 44
44 6263 1632
6
980 3061 1992
1992 2847 218
218 1324 1225
1225 5867 1172
1172 3460 1005
1005 2628 1632
6
980 3066 2218
2218 530 2718
2718 3174 2279
2279 2250 2161
2161 5017 1486
1486 759 1632
6
980 3072 232
232 83 1426
1426 33 700
700 4337 2563
2563 1115 1885
1885 3216 1632
6
980 3076 1582
1582 2438 1343
1343 5214 731
731 3400 1256
1256 648 2081
2081 428 1632
6
980 3079 576
576 6045 1083
1083 3186 1382
1382 4089 2946
2946 539 2673
2673 3803 1632
6
980 3091 2306
2306 6036 1415
1415 6610 1673
1673 5213 2726
2726 1363 1768
1768 1188 1632
6
980 3098 766
766 5838 1919
1919 1008 547
547 5452 512
512 6429 1595
1595 3267 1632
6
980 3103 687
687 5117 557
557 728 587
587 2716 1078
1078 640 2436
2436 215 1632
6
980 3107 2190
2190 6107 2516
2516 6021 91
91 1153 563
563 2694 428
428 328 1632
6
980 3108 2858
2858 1696 84
84 879 2528
2528 6210 51
51 1478 1554
1554 5898 1632
6
980 3117 2098
2098 142 2322
2322 4369 2833
2833 3551 2063
2063 3139 1336
1336 5616 1632
6
980 3121 607
607 3856 2600
2600 4702 896
896 301 973
973 2858 1625
1625 5219 1632
6
980 3128 694
694 5820 1126
1126 6080 127
127 1980 870
870 706 1418
1418 6639 1632
6
980 3130 2652
2652 2536 2919
2919 3430 1130
1130 6576 1139
1139 4116 1569
1569 2567 1632
6
980 3136 341
341 6633 1955
1955 2792 507
507 5183 1051
1051 1702 2965
2965 6690 1632
6
980 3140 94
94 3265 2834
2834 2609 2066
2066 373 1840
1840 3481 134
134 4467 1632
6
980 3167 1686
1686 5308 2962
2962 4090 2139
2139 84 27
27 6062 1773
1773 2762 1632
6
980 3169 2205
2205 335 2658
2658 2247 2002
2002 3242 2264
2264 2018 797
797 1371 1632
6
980 3178 1592
1592 2090 646
646 6164 1879
1879 1924 2318
2318 353 2469
2469 3997 1632
6
980 3179 2077
2077 2332 277
277 2119 2990
2990 569 2683
2683 4547 2461
2461 3257 1632
6
980 3188 25
25 1693 2838
2838 4252 2882
2882 3248 1724
1724 6691 425
425 2428 1632
6
980 3190 162
162 1381 1351
1351 6125 1963
1963 2371 2130
2130 4382 2730
2730 4857 1632
6
980 3197 591
591 5043 1533
1533 4412 1238
1238 841 2666
2666 3204 212
212 1433 1632
6
980 3206 2393
2393 3023 571
571 5331 2268
2268 4431 2340
2340 4146 889
889 2990 1632
6
980 3218 464
464 4910 98
98 5639 919
919 684 1282
1282 3230 2193
2193 4028 1632
6
980 3220 650
650 4317 757
757 1524 1934
1934 4074 2794
2794 4944 2439
2439 5482 1632
6
980 3221 2881
2881 4205 249
249 1935 137
137 4592 1708
1708 6052 1136
1136 718 1632
6
980 3233 442
442 5734 534
534 5977 491
491 2373 1286
1286 1704 2977
2977 2727 1632
6
980 3234 559
559 2977 2696
2696 3052 2234
2234 885 146
146 1691 129
129 1235 1632
6
980 3237 2265
2265 2945 2913
2913 1171 1116
1116 5675 1007
1007 3948 1419
1419 2642 1632
6
980 3238 2595
2595 5599 2284
2284 3316 114
114 1460 2796
2796 2540 1674
1674 2251 1632
6
980 3247 2369
2369 5564 2919
2919 3998 1215
1215 5049 699
699 561 1375
1375 444 1632
6
980 3250 1019
1019 5429 1442
1442 1942 191
191 4948 2562
2562 863 2571
2571 946 1632
6
980 3255 1124
1124 4565 32
32 4649 2724
2724 6175 1562
1562 170 349
349 3054 1632
6
980 3256 2759
2759 5991 1906
1906 5541 215
215 2844 2969
2969 439 738
738 3913 1632
6
980 3261 28
28 4797 1547
1547 1796 1077
1077 3039 1966
1966 5288 2112
2112 2362 1632
6
980 3263 1960
1960 1750 1412
1412 3013 2055
2055 5087 235
235 1265 1027
1027 206 1632
6
980 3266 689
689 3260 1583
1583 3628 1571
1571 2646 843
843 2592 1196
1196 243 1632
6
980 3268 1986
1986 6768 2241
2241 3180 1877
1877 1192 699
699 4893 1569
1569 2918 1632
6
980 3270 2263
2263 3448 791
791 936 2883
2883 5324 1340
1340 821 2088
2088 600 1632
6
980 3271 2779
2779 3974 856
856 1902 995
995 2155 1066
1066 2490 1331
1331 5268 1632
6
980 3286 405
405 5120 2376
2376 265 644
644 1 2504
2504 5176 663
663 1817 1632
6
980 3299 1548
1548 1868 1848
1848 6089 1134
1134 2519 2894
2894 3504 931
931 5169 1632
6
980 3302 274
274 5964 2655
2655 3969 1206
1206 1209 951
951 4927 2535
2535 2745 1632
6
980 3306 2185
2185 195 756
756 5696 725
725 3181 1562
1562 820 2790
2790 4578 1632
6
980 3308 1161
1161 5875 1347
1347 6764 2305
2305 2291 2529
2529 2173 500
500 103 1632
6
980 3313 302
302 552 2877
2877 4558 268
268 1659 1459
1459 2770 1973
1973 4097 1632
6
980 3314 2000
2000 6634 711
711 1485 2991
2991 6136 2804
2804 4436 1989
1989 5301 1632
6
980 3336 453
453 274 2296
2296 4122 192
192 857 1976
1976 2714 1912
1912 2107 1632
6
980 3352 2225
2225 3647 85
85 1941 2802
2802 6826 2471
2471 4037 1401
1401 5590 1632
6
980 3409 197
197 5501 533
533 4492 2339
2339 3157 1618
1618 736 2752
2752 5904 1632
6
980 3429 2360
2360 191 448
448 2052 2364
2364 3827 245
245 153 246
246 2419 1632
6
980 3436 559
559 5589 1967
1967 128 1281
1281 839 536
536 804 2816
2816 1489 1632
6
980 3449 1248
1248 5391 1577
1577 1646 587
587 3287 2028
2028 4981 458
458 2441 1632
6
980 3454 16
16 2584 2033
2033 3740 2525
2525 1149 505
505 4001 2704
2704 1760 1632
6
980 3455 1349
1349 2933 396
396 2240 1602
1602 3678 2343
2343 2878 2379
2379 6843 1632
6
980 3456 968
968 2007 319
319 4891 708
708 6629 1183
1183 6010 1269
1269 4486 1632
6
980 3463 387
387 4343 1289
1289 4513 1062
1062 4612 383
383 2615 1296
1296 3554 1632
6
980 3469 2352
2352 2354 2239
2239 833 2755
2755 3201 2734
2734 1211 1471
1471 1176 1632
6
980 3474 2441
2441 6283 2385
2385 4156 2866
2866 6279 2318
2318 5751 1100
1100 45 1632
6
980 3483 1540
1540 5035 856
856 4428 2664
2664 2151 1987
1987 4561 102
102 5754 1632
6
980 3487 800
800 1624 2322
2322 4625 1622
1622 4840 367
367 3709 1136
1136 3380 1632
6
980 3497 1663
1663 956 1479
1479 3968 2085
2085 2697 1760
1760 40 2777
2777 3871 1632
6
980 3505 1977
1977 228 2376
2376 3200 1863
1863 5420 279
279 6824 777
777 3338 1632
6
980 3509 1368
1368 1974 1745
1745 2910 1258
1258 1791 418
418 5360 321
321 2637 1632
6
980 3513 2983
2983 1395 669
669 3986 370
370 6432 2989
2989 4711 760
760 1963 1632
6
980 3517 2698
2698 4329 2094
2094 2938 643
643 5259 1578
1578 5342 1995
1995 2242 1632
6
980 3525 200
200 721 210
210 4124 2050
2050 3227 1751
1751 2623 2233
2233 4093 1632
6
980 3529 1509
1509 4011 941
941 6368 1469
1469 5669 665
665 1662 1889
1889 3134 1632
6
980 3530 2884
2884 1661 719
719 6746 724
724 4979 1074
1074 2000 1306
1306 5988 1632
6
980 3549 2320
2320 2788 2775
2775 107 2108
2108 4902 2927
2927 4308 167
167 3500 1632
6
980 3550 1588
1588 2960 2107
2107 3235 1335
1335 2476 589
589 3480 359
359 2784 1632
6
980 3557 2135
2135 1144 557
557 3092 1924
1924 2715 251
251 1633 2436
2436 6073 1632
6
980 3559 1659
1659 152 1138
1138 2444 270
270 2101 1292
1292 5209 2132
2132 209 1632
6
980 3561 2720
2720 113 577
577 2465 2041
2041 3100 713
713 2807 173
173 1903 1632
6
980 3562 490
490 2970 2490
2490 2992 822
822 1480 2018
2018 934 2488
2488 2209 1632
6
980 3563 99
99 867 608
608 5946 49
49 512 371
371 4172 1842
1842 233 1632
6
980 3564 1946
1946 114 1952
1952 5952 2043
2043 1086 95
95 799 253
253 6506 1632
6
980 3570 2165
2165 1751 1961
1961 1923 2458
2458 5131 2395
2395 2363 467
467 6061 1632
6
980 3572 1523
1523 6367 1902
1902 635 2071
2071 4360 2806
2806 4583 1740
1740 448 1632
6
980 3591 885
885 6622 1953
1953 6214 494
494 995 2341
2341 1014 2259
2259 3670 1632
6
980 3603 1507
1507 5709 2621
2621 2331 1672
1672 6352 257
257 4374 2355
2355 2968 1632
6
980 3607 160
160 6332 2251
2251 207 1226
1226 4008 154
154 4433 136
136 2577 1632
6
980 3609 2933
2933 1486 1832
1832 971 1882
1882 2986 565
565 702 309
309 5254 1632
6
980 3615 46
46 6512 239
239 559 2970
2970 3093 35
35 1384 1242
1242 5509 1632
6
980 3620 1705
1705 3307 974
974 4111 226
226 1784 2955
2955 2857 616
616 1995 1632
6
980 3623 1276
1276 2412 1422
1422 4611 68
68 4932 631
631 4934 2764
2764 1123 1632
6
980 3632 2885
2885 5312 2249
2249 3037 1877
1877 3711 2462
2462 5870 1375
1375 2040 1632
6
980 3635 785
785 6479 85
85 2884 199
199 5068 2471
2471 5447 657
657 2843 1632
6
980 3639 1538
1538 1356 2738
2738 3621 208
208 4530 2310
2310 5763 2227
2227 2271 1632
6
980 3649 897
897 6781 2995
2995 2260 1869
1869 6515 368
368 1905 2777
2777 4132 1632
6
980 3653 1093
1093 1004 1237
1237 2104 1813
1813 5990 1819
1819 848 1015
1015 667 1632
6
980 3655 298
298 6467 1289
1289 5542 1149
1149 4833 1392
1392 3105 2836
2836 3085 1632
6
980 3659 804
804 2679 1267
1267 3353 1234
1234 5679 1794
1794 54 2235
2235 4798 1632
6
980 3671 1690
1690 5530 1408
1408 2020 1004
1004 5909 180
180 1226 2691
2691 6725 1632
6
980 3701 1263
1263 1107 1876
1876 3280 494
494 2381 2899
2899 5907 1884
1884 3907 1632
6
980 3712 1923
1923 745 671
671 1664 1178
1178 690 1319
1319 3492 1002
1002 366 1632
6
980 3730 2737
2737 4286 338
338 2392 2985
2985 3354 984
984 2114 2430
2430 4506 1632
6
980 3747 878
878 3903 837
837 5854 782
782 3890 1094
1094 6823 100
100 6727 1632
6
980 3761 118
118 3798 1726
1726 847 1295
1295 2914 984
984 4010 2435
2435 5543 1632
6
980 3766 1157
1157 3618 1039
1039 2523 1011
1011 4012 2429
2429 146 1483
1483 2267 1632
6
980 3767 1132
1132 2606 267
267 1732 1560
1560 5165 633
633 2275 246
246 4016 1632
6
980 3769 31
31 4458 2097
2097 924 1958
1958 4236 1593
1593 3850 1744
1744 3195 1632
6
980 3781 1236
1236 3820 907
907 3246 2722
2722 3891 2823
2823 1036 902
902 2627 1632
6
980 3789 2316
2316 2203 2524
2524 5745 954
954 4481 1597
1597 2655 190
190 1772 1632
6
980 3791 2681
2681 2136 2037
2037 6040 2767
2767 4554 347
347 3005 741
741 5153 1632
6
980 3793 776
776 1326 745
745 523 1561
1561 2917 537
537 2421 2947
2947 5584 1632
6
980 3795 161
161 5340 448
448 5108 1188
1188 2610 827
827 2214 2036
2036 422 1632
6
980 3802 2283
2283 5199 2620
2620 5295 391
391 6598 2924
2924 1073 156
156 6355 1632
6
980 3804 2257
2257 5540 1098
1098 5708 798
798 1477 1282
1282 5397 614
614 2573 1632
6
980 3812 2953
2953 240 1682
1682 5000 1494
1494 5177 2647
2647 3685 1920
1920 315 1632
6
980 3819 34
34 3444 1192
1192 6404 1206
1206 2524 1167
1167 6749 2535
2535 4180 1632
6
980 3824 2418
2418 2235 2781
2781 1675 117
117 3571 1529
1529 1626 1703
1703 6579 1632
6
980 3828 2254
2254 5760 1435
1435 3726 3
3 6495 2634
2634 3637 106
106 6287 1632
6
980 3829 1236
1236 6433 1087
1087 4925 2722
2722 4953 1152
1152 940 2930
2930 6105 1632
6
980 3830 1107
1107 4088 2579
2579 5730 971
971 6440 1676
1676 4716 834
834 1436 1632
6
980 3851 81
81 5094 2251
2251 4305 2725
2725 4456 2641
2641 3018 2280
2280 5013 1632
6
980 3859 96
96 6306 1410
1410 3826 950
950 1976 2398
2398 2634 2013
2013 1926 1632
6
980 3860 1996
1996 4035 2057
2057 3106 1399
1399 2058 1050
1050 2061 212
212 6124 1632
6
980 3887 682
682 2794 1726
1726 1801 1462
1462 6075 149
149 2816 2430
2430 4661 1632
6
980 3902 1368
1368 4545 1431
1431 933 1258
1258 6497 2918
2918 2751 1889
1889 3424 1632
6
980 3905 2210
2210 3008 1493
1493 1035 2525
2525 1821 2700
2700 6847 2704
2704 3515 1632
6
980 3906 2540
2540 6297 1876
1876 6464 486
486 3394 735
735 5822 1884
1884 6784 1632
6
980 3912 804
804 5826 1932
1932 2670 965
965 1798 2271
2271 1585 2649
2649 1858 1632
6
980 3917 943
943 4099 1433
1433 6299 164
164 248 2743
2743 4402 2061
2061 6020 1632
6
980 3940 2219
2219 1840 1205
1205 1310 2690
2690 2759 1274
1274 252 2583
2583 323 1632
6
980 3944 96
96 6730 2631
2631 2497 603
603 3044 185
185 80 42
42 5944 1632
6
980 3951 2623
2623 2957 637
637 150 550
550 1606 73
73 4107 802
802 2756 1632
6
980 3957 1301
1301 2728 2312
2312 2067 5
5 112 2327
2327 947 449
449 2542 1632
6
980 3976 1854
1854 1217 472
472 4159 2670
2670 6859 969
969 5111 2125
2125 6155 1632
6
980 3978 1125
1125 2979 746
746 6384 2308
2308 5009 653
653 5207 1674
1674 5556 1632
6
980 3984 1608
1608 5959 2716
2716 5889 2139
2139 1929 1719
1719 1642 2772
2772 2097 1632
6
980 4002 2311
2311 675 605
605 3692 1414
1414 3254 2507
2507 2602 894
894 2455 1632
6
980 4048 2123
2123 3309 1722
1722 6057 460
460 262 2392
2392 6079 2687
2687 2255 1632
6
980 4051 1063
1063 6278 2766
2766 6348 361
361 752 33
33 4560 678
678 5622 1632
6
980 4052 1663
1663 3065 2995
2995 5284 828
828 1604 1760
1760 4747 2348
2348 1016 1632
6
980 4062 1737
1737 5202 2034
2034 2663 1814
1814 6587 2937
2937 2620 1185
1185 162 1632
6
980 4072 263
263 4178 67
67 3835 1067
1067 3094 1047
1047 1113 1358
1358 2024 1632
6
980 4075 2135
2135 5180 1971
1971 541 1924
1924 4949 1078
1078 4340 458
458 4862 1632
6
980 4079 2287
2287 2848 542
542 2281 2905
2905 475 734
734 2282 913
913 822 1632
6
980 4100 38
38 1392 1942
1942 356 1785
1785 2757 324
324 977 1691
1691 3811 1632
6
980 4101 838
838 755 2406
2406 6484 1580
1580 942 56
56 724 186
186 2769 1632
6
980 4105 2186
2186 1268 2124
2124 389 2188
2188 3367 228
228 6808 1783
1783 1210 1632
6
980 4109 2733
2733 3379 1402
1402 4998 2141
2141 4780 311
311 6295 489
489 127 1632
6
980 4117 2747
2747 3022 1723
1723 2711 7
7 6043 1370
1370 126 106
106 6841 1632
6
980 4118 364
364 341 2012
2012 2088 1689
1689 6044 664
664 2098 2510
2510 3943 1632
6
980 4138 1774
1774 878 817
817 5150 2070
2070 6482 2047
2047 5052 666
666 2413 1632
6
980 4141 2854
2854 563 365
365 6012 1042
1042 3633 2455
2455 3080 1912
1912 6347 1632
6
980 4147 1811
1811 2350 234
234 5287 22
22 1025 2425
2425 2162 1762
1762 4852 1632
6
980 4151 2260
2260 6096 323
323 3127 2686
2686 1972 977
977 1711 630
630 5333 1632
6
980 4154 2500
2500 6094 693
693 6504 2679
2679 4163 2137
2137 3426 366
366 1055 1632
6
980 4161 475
475 4914 1555
1555 3147 2043
2043 1297 1054
1054 4806 2803
2803 453 1632
6
980 4182 1325
1325 3202 2534
2534 3970 215
215 6128 1146
1146 3965 1438
1438 3173 1632
6
980 4186 704
704 3807 183
183 1853 982
982 2654 518
518 2651 133
133 1065 1632
6
980 4191 1592
1592 4137 1867
1867 6065 2172
2172 4405 1174
1174 1229 517
517 4892 1632
6
980 4192 789
789 647 836
836 4859 2939
2939 3842 2580
2580 2599 1611
1611 4621 1632
6
980 4203 2625
2625 6204 193
193 5454 48
48 2379 1142
1142 6860 778
778 1520 1632
6
980 4215 1023
1023 1985 1403
1403 6534 2992
2992 458 2217
2217 917 2940
2940 3096 1632
6
980 4216 2933
2933 4723 1514
1514 5071 1882
1882 5327 1365
1365 4801 132
132 910 1632
6
980 4229 2572
2572 5631 745
745 5973 157
157 4812 174
174 656 2947
2947 6243 1632
6
980 4242 1960
1960 3552 2971
2971 6102 2628
2628 3952 235
235 5343 250
250 2531 1632
6
980 4243 1020
1020 1134 175
175 5142 624
624 4736 1546
1546 6113 1537
1537 5084 1632
6
980 4262 2963
2963 5357 2239
2239 3374 222
222 334 888
888 3748 1324
1324 5468 1632
6
980 4269 2076
2076 2997 249
249 3689 1518
1518 2046 841
841 3539 1671
1671 859 1632
6
980 4280 1720
1720 2705 2944
2944 1185 1261
1261 3060 1746
1746 2015 2748
2748 855 1632
6
980 4282 2858
2858 4423 509
509 1196 2868
2868 4535 1993
1993 776 2735
2735 1573 1632
6
980 4290 1548
1548 6519 1426
1426 3445 2368
2368 3175 2546
2546 1657 1885
1885 5572 1632
6
980 4296 1182
1182 5969 1376
1376 1829 2633
2633 1825 1769
1769 1193 1959
1959 1860 1632
6
980 4298 1977
1977 2782 229
229 2224 701
701 3458 1366
1366 6866 2409
2409 504 1632
6
980 4300 1266
1266 6211 1334
1334 1882 2701
2701 1658 900
900 275 1029
1029 2899 1632
6
980 4303 1458
1458 2399 1728
1728 1967 1134
1134 5318 2492
2492 6670 621
621 2360 1632
6
980 4306 528
528 6635 2721
2721 802 1472
1472 3520 2734
2734 2462 583
583 304 1632
6
980 4311 689
689 3317 2902
2902 3003 1571
1571 3772 1056
1056 2409 675
675 2865 1632
6
980 4314 1058
1058 2924 2934
2934 6721 1446
1446 2297 2164
2164 6653 186
186 4468 1632
6
980 4315 1445
1445 1615 2697
2697 5839 2472
2472 845 1180
1180 3869 1037
1037 5484 1632
6
980 4338 392
392 1109 758
758 4336 2822
2822 1286 2529
2529 6772 1539
1539 3191 1632
6
980 4342 1218
1218 6127 1655
1655 5739 87
87 1871 2626
2626 6573 330
330 520 1632
6
980 4362 2337
2337 817 1475
1475 710 264
264 6554 2044
2044 1461 1239
1239 1322 1632
6
980 4368 1685
1685 2233 2110
2110 975 970
970 6570 2460
2460 4245 2561
2561 273 1632
6
980 4375 2907
2907 344 2888
2888 1778 1628
1628 1838 664
664 6491 2328
2328 4066 1632
6
980 4385 213
213 3714 478
478 6421 1711
1711 5372 2166
2166 5903 2637
2637 2975 1632
6
980 4390 461
461 1863 1552
1552 1001 1518
1518 3453 1815
1815 1200 1750
1750 5766 1632
6
980 4400 1024
1024 1709 2361
2361 1710 2268
2268 4536 2893
2893 21 986
986 748 1632
6
980 4410 1581
1581 5652 60
60 4572 550
550 6649 900
900 5204 659
659 4784 1632
6
980 4417 601
601 6469 2765
2765 1261 1504
1504 3616 2521
2521 1722 1326
1326 1143 1632
6
980 4438 926
926 4750 936
936 5520 455
455 412 74
74 6858 2816
2816 3792 1632
6
980 4439 2680
2680 981 1140
1140 3547 2362
2362 4061 329
329 1013 2676
2676 698 1632
6
980 4441 909
909 3300 2285
2285 1551 796
796 2974 917
917 1908 811
811 1535 1632
6
980 4444 2273
2273 5181 2982
2982 3587 596
596 1763 363
363 5505 2583
2583 1046 1632
6
980 4453 497
497 2724 2684
2684 400 1870
1870 4345 1933
1933 5712 1557
1557 4330 1632
6
980 4463 468
468 4032 680
680 4484 1293
1293 442 1943
1943 5705 355
355 6029 1632
6
980 4473 1670
1670 865 1887
1887 409 635
635 3303 683
683 6017 1071
1071 163 1632
6
980 4482 1460
1460 4043 2247
2247 302 531
531 5004 1794
1794 2376 2890
2890 1245 1632
6
980 4485 290
290 4619 1280
1280 4639 1865
1865 6335 1841
1841 6206 1224
1224 6366 1632
6
980 4493 1883
1883 2904 2765
2765 3499 2513
2513 6735 1315
1315 6403 1219
1219 2330 1632
6
980 4494 1507
1507 6493 1373
1373 6842 1413
1413 3506 2641
2641 5063 259
259 4936 1632
6
980 4499 2405
2405 4168 2107
2107 5917 493
493 4201 589
589 3538 64
64 837 1632
6
980 4504 1886
1886 3834 1205
1205 1884 1014
1014 6544 496
496 5119 526
526 6851 1632
6
980 4505 1038
1038 6839 2150
2150 704 930
930 3289 1519
1519 4378 252
252 918 1632
6
980 4509 2932
2932 5147 901
901 1441 2992
2992 5145 320
320 4297 582
582 1269 1632
6
980 4511 2186
2186 2696 2027
2027 6103 424
424 2134 414
414 4886 1549
1549 3161 1632
6
980 4512 957
957 2023 2147
2147 2182 410
410 219 2782
2782 3569 2606
2606 2525 1632
6
980 4514 598
598 3608 9
9 3001 1979
1979 2372 1434
1434 803 1291
1291 609 1632
6
980 4516 1862
1862 151 1596
1596 4307 2661
2661 1194 2964
2964 4660 168
168 3741 1632
6
980 4526 1844
1844 1415 2642
2642 4450 2787
2787 386 1648
1648 4692 2227
2227 3443 1632
6
980 4528 1799
1799 2995 987
987 5021 397
397 2532 869
869 2504 570
570 224 1632
6
980 4538 147
147 2197 2432
2432 2004 1171
1171 4689 835
835 4483 88
88 4615 1632
6
980 4546 1203
1203 4912 2706
2706 637 2002
2002 6364 722
722 2094 2589
2589 3493 1632
6
980 4586 1868
1868 6641 1777
1777 6246 2301
2301 3732 887
887 6505 1453
1453 6632 1632
6
980 4600 66
66 2170 183
183 4575 2023
2023 2604 1751
1751 4992 1829
1829 2210 1632
6
980 4604 1109
1109 5144 2566
2566 537 652
652 5707 1026
1026 1063 1626
1626 4404 1632
6
980 4627 1123
1123 6221 1464
1464 2555 2387
2387 2278 1551
1551 2085 1624
1624 5608 1632
6
980 4628 328
328 4119 983
983 5539 487
487 6372 2179
2179 6782 617
617 4461 1632
6
980 4655 2464
2464 1872 97
97 6011 2675
2675 5168 2137
2137 5387 2499
2499 5690 1632
6
980 4659 591
591 6785 1041
1041 5565 893
893 2706 1803
1803 6840 359
359 5623 1632
6
980 4663 1811
1811 6093 2296
2296 4898 22
22 3514 2482
2482 2343 1328
1328 6487 1632
6
980 4664 2077
2077 5059 2645
2645 907 470
470 3532 633
633 4807 568
568 1663 1632
6
980 4665 2326
2326 4189 2101
2101 4951 1378
1378 5179 1356
1356 2044 2592
2592 1611 1632
6
980 4672 2610
2610 286 457
457 3696 641
641 3843 1398
1398 5910 1444
1444 1347 1632
6
980 4675 1503
1503 4233 2180
2180 4357 1951
1951 5618 20
20 3669 953
953 2064 1632
6
980 4679 1707
1707 4087 478
478 6675 882
882 5671 2346
2346 4030 1764
1764 4732 1632
6
980 4690 952
952 3706 1694
1694 4986 768
768 813 196
196 450 2134
2134 5044 1632
6
980 4698 2779
2779 5022 2083
2083 1736 2664
2664 4177 1978
1978 1789 780
780 581 1632
6
980 4701 2185
2185 1561 32
32 5274 725
725 6797 513
513 4770 1520
1520 5141 1632
6
980 4721 2801
2801 210 605
605 6393 1381
1381 794 2507
2507 3715 2728
2728 1873 1632
6
980 4733 2413
2413 1396 101
101 4358 1649
1649 2695 1559
1559 6435 2732
2732 3975 1632
6
980 4739 30
30 6215 1300
1300 575 620
620 3182 1791
1791 4416 1012
1012 4795 1632
6
980 4753 1837
1837 3601 1555
1555 6483 875
875 2659 95
95 5693 2544
2544 6126 1632
6
980 4768 515
515 1527 1998
1998 4657 2604
2604 5741 2474
2474 1686 753
753 5361 1632
6
980 4776 315
315 5833 622
622 3987 1890
1890 2966 481
481 916 884
884 5862 1632
6
980 4783 1630
1630 4069 569
569 125 1048
1048 5740 1899
1899 2516 1035
1035 1757 1632
6
980 4804 1788
1788 4921 1057
1057 375 946
946 5614 1013
1013 1031 1135
1135 3981 1632
6
980 4805 1023
1023 3494 901
901 2827 1565
1565 1701 874
874 2571 582
582 1730 1632
6
980 4814 774
774 564 2665
2665 2319 2423
2423 22 1985
1985 5264 1251
1251 4769 1632
6
980 4820 1157
1157 4383 2171
2171 2833 2266
2266 5775 2429
2429 4460 2031
2031 5912 1632
6
980 4822 934
934 1304 445
445 2293 850
850 1647 1141
1141 424 1991
1991 4524 1632
6
980 4828 1893
1893 3312 2286
2286 6291 2279
2279 2418 2009
2009 1030 2511
2511 5807 1632
6
980 4829 440
440 2219 243
243 5465 23
23 6449 2774
2774 2801 269
269 3462 1632
6
980 4830 200
200 2881 1530
1530 5074 824
824 1617 1202
1202 3301 1829
1829 5993 1632
6
980 4835 1428
1428 5272 726
726 2713 1025
1025 3581 1897
1897 2253 1177
1177 1333 1632
6
980 4837 231
231 2322 409
409 2469 2234
2234 4397 683
683 6273 129
129 3810 1632
6
980 4841 909
909 5528 1097
1097 1936 866
866 3704 917
917 2725 2789
2789 6076 1632
6
980 4843 1460
1460 5827 436
436 2687 1234
1234 6747 2271
2271 6441 2890
2890 4301 1632
6
980 4847 2391
2391 6423 2150
2150 2988 1623
1623 566 739
739 5919 252
252 6453 1632
6
980 4848 1132
1132 3398 2810
2810 5519 1560
1560 6793 245
245 5937 2036
2036 2815 1632
6
980 4849 297
297 6114 1911
1911 6240 2724
2724 6191 1948
1948 4571 2315
2315 6830 1632
6
980 4851 2243
2243 3680 2952
2952 5558 241
241 5234 2153
2153 2022 233
233 6602 1632
6
980 4854 2142
2142 1622 2684
2684 4328 2951
2951 3027 1897
1897 4774 1557
1557 5855 1632
6
980 4870 2345
2345 2499 1738
1738 5298 2196
2196 4320 504
504 3545 2957
2957 5837 1632
6
980 4872 2230
2230 3839 1357
1357 1866 2019
2019 6091 2395
2395 6507 2731
2731 6703 1632
6
980 4875 82
82 5871 1542
1542 6369 2365
2365 2475 2028
2028 6644 65
65 3451 1632
6
980 4879 2155
2155 3862 2058
2058 3122 439
439 2509 2004
2004 1627 1767
1767 175 1632
6
980 4896 36
36 5014 1327
1327 874 1677
1677 2060 733
733 5123 579
579 4190 1632
6
980 4916 1749
1749 2941 1479
1479 4389 828
828 3759 368
368 5433 702
702 4253 1632
6
980 4922 1988
1988 4056 2948
2948 2038 2423
2423 136 1662
1662 1832 2651
2651 6560 1632
6
980 4924 1806
1806 5062 2014
2014 6184 2473
2473 5737 2267
2267 1735 352
352 1536 1632
6
980 4929 93
93 6498 1487
1487 226 144
144 5432 1984
1984 5522 506
506 4838 1632
6
980 4931 2299
2299 5947 1160
1160 3262 1556
1556 5459 1152
1152 4247 902
902 5093 1632
6
980 4940 1323
1323 2830 2756
2756 3989 2758
2758 4256 2487
2487 717 561
561 1378 1632
6
980 4945 86
86 1547 205
205 5533 2853
2853 5317 2602
2602 4987 730
730 2259 1632
6
980 4952 1355
1355 1462 1921
1921 4501 1617
1617 500 1981
1981 4309 1612
1612 4339 1632
6
980 4955 774
774 6286 128
128 6734 164
164 4742 2288
2288 531 1251
1251 4913 1632
6
980 4958 2412
2412 2614 751
751 5011 2048
2048 5041 2327
2327 2168 61
61 2864 1632
6
980 4961 2046
2046 4556 1487
1487 4285 1752
1752 2347 2786
2786 492 741
741 5354 1632
6
980 4962 801
801 3205 1728
1728 6535 1531
1531 5915 2156
2156 419 621
621 4518 1632
6
980 5010 364
364 2996 2888
2888 2394 2502
2502 3413 554
554 2092 1904
1904 5411 1632
6
980 5040 2531
2531 3579 2617
2617 4790 2344
2344 3279 1636
1636 4026 2366
2366 1913 1632
6
980 5046 1540
1540 5090 1143
1143 4968 995
995 2872 1987
1987 5419 780
780 1275 1632
6
980 5050 599
599 1172 1971
1971 3980 1421
1421 4691 6
6 2365 2303
2303 565 1632
6
980 5079 573
573 1930 1168
1168 6496 615
615 6293 2330
2330 2619 1880
1880 2969 1632
6
980 5088 720
720 3971 1194
1194 6508 326
326 5535 1407
1407 5788 1302
1302 889 1632
6
980 5128 948
948 6290 1887
1887 734 1972
1972 1338 329
329 6289 327
327 4687 1632
6
980 5130 2464
2464 6176 836
836 4977 2943
2943 1944 2546
2546 3950 1700
1700 890 1632
6
980 5132 543
543 6337 1607
1607 2529 2574
2574 5966 826
826 6222 523
523 1844 1632
6
980 5136 143
143 3482 2891
2891 5613 1489
1489 4325 2506
2506 2062 165
165 6265 1632
6
980 5138 2910
2910 2241 1410
1410 6480 2001
2001 332 1341
1341 3809 14
14 4226 1632
6
980 5146 927
927 4991 2171
2171 6757 2974
2974 4464 2602
2602 5925 667
667 6110 1632
6
980 5154 385
385 5464 1404
1404 4616 1388
1388 3362 2588
2588 2882 916
916 20 1632
6
980 5157 2807
2807 364 2149
2149 5473 2373
2373 5260 820
820 2905 273
273 4743 1632
6
980 5159 957
957 6277 1678
1678 3617 2339
2339 4874 159
159 4068 1661
1661 3087 1632
6
980 5161 2363
2363 5762 353
353 4341 1790
1790 6704 1045
1045 3051 1525
1525 2082 1632
6
980 5170 1222
1222 292 2338
2338 6100 41
41 4938 2904
2904 3461 1008
1008 5053 1632
6
980 5185 1230
1230 1406 1433
1433 6334 1393
1393 5350 2743
2743 6438 994
994 1103 1632
6
980 5196 647
647 6476 2781
2781 2660 2274
2274 1852 1529
1529 1937 1947
1947 4387 1632
6
980 5210 1931
1931 6630 406
406 560 2993
2993 6612 1746
1746 5386 1120
1120 3243 1632
6
980 5215 266
266 507 1517
1517 6310 7
7 6548 2634
2634 4816 1734
1734 1809 1632
6
980 5222 2720
2720 544 426
426 1906 1455
1455 5653 2570
2570 1914 2703
2703 3385 1632
6
980 5223 1799
1799 4920 193
193 6068 397
397 2896 938
938 6771 570
570 5156 1632
6
980 5231 789
789 3762 1566
1566 4654 2368
2368 4988 2563
2563 4054 929
929 3853 1632
6
980 5232 2680
2680 6182 2361
2361 6063 2362
2362 4472 2893
2893 2612 2676
2676 1706 1632
6
980 5233 1333
1333 4529 2935
2935 6058 1623
1623 5731 1519
1519 4877 2555
2555 5188 1632
6
980 5235 1018
1018 6812 2097
2097 4474 1785
1785 6390 1593
1593 6770 2409
2409 4422 1632
6
980 5245 1484
1484 4999 1211
1211 3422 222
222 2268 2742
2742 3600 583
583 3031 1632
6
980 5250 1970
1970 1638 1641
1641 5072 2274
2274 6659 2914
2914 6695 2917
2917 3720 1632
6
980 5258 2437
2437 6342 2035
2035 4380 2010
2010 5302 958
958 3071 2024
2024 1314 1632
6
980 5271 2380
2380 1266 126
126 3428 681
681 3879 1696
1696 5418 419
419 137 1632
6
980 5279 576
576 6301 2508
2508 6822 864
864 5445 2946
2946 4381 2191
2191 1695 1632
6
980 5291 266
266 6346 59
59 2389 2269
2269 6818 1370
1370 2708 2827
2827 3754 1632
6
980 5299 2465
2465 1645 1095
1095 1519 1272
1272 2340 618
618 3996 2272
2272 39 1632
6
980 5304 602
602 3211 2517
2517 976 361
361 5761 2294
2294 2299 248
248 5277 1632
6
980 5311 420
420 1145 2054
2054 3507 1297
1297 528 2570
2570 6726 2892
2892 1794 1632
6
980 5326 1975
1975 5070 2848
2848 6383 1085
1085 4038 1089
1089 5296 2713
2713 3512 1632
6
980 5349 99
99 1660 1448
1448 622 465
465 6218 1273
1273 5083 770
770 1191 1632
6
980 5373 43
43 3924 1516
1516 4570 2121
2121 5371 184
184 1901 2357
2357 3084 1632
6
980 5403 16
16 3752 1493
1493 2427 2639
2639 6503 505
505 5655 775
775 4976 1632
6
980 5413 1936
1936 4582 1442
1442 5116 1208
1208 5510 1922
1922 1681 2238
2238 2944 1632
6
980 5416 996
996 158 1604
1604 3245 2023
2023 3405 518
518 3784 2233
2233 5273 1632
6
980 5425 2483
2483 5267 1830
1830 6562 596
596 3346 1166
1166 3731 177
177 5151 1632
6
980 5431 2611
2611 3351 637
637 1999 2701
2701 5408 1871
1871 1521 2876
2876 5806 1632
6
980 5439 1656
1656 3776 1083
1083 3420 864
864 6396 1591
1591 6867 2191
2191 1991 1632
6
980 5462 813
813 130 29
29 3231 2421
2421 765 2496
2496 2909 1506
1506 6092 1632
6
980 5486 2003
2003 5174 1402
1402 5824 2270
2270 4127 72
72 3686 2646
2646 5193 1632
6
980 5488 40
40 6525 2515
2515 6592 49
49 4884 510
510 4865 1513
1513 2813 1632
6
980 5494 1252
1252 6387 2454
2454 6844 2632
2632 4503 2578
2578 4601 2040
2040 4257 1632
6
980 5497 36
36 6671 1908
1908 4278 1778
1778 3650 2757
2757 4964 579
579 4543 1632
6
980 5502 1588
1588 4144 1133
1133 562 1335
1335 6047 196
196 3176 64
64 6419 1632
6
980 5511 1774
1774 2510 1763
1763 6030 2070
2070 6601 1086
1086 1608 2255
2255 1316 1632
6
980 5517 286
286 4540 1031
1031 6623 784
784 5152 2749
2749 6621 1866
1866 1568 1632
6
980 5518 1355
1355 4349 1961
1961 4304 1617
1617 2474 1640
1640 5685 467
467 6531 1632
6
980 5531 813
813 4696 1702
1702 3756 1381
1381 4232 2496
2496 3718 894
894 6179 1632
6
980 5532 920
920 6773 1095
1095 2425 1825
1825 5037 2806
2806 4767 1450
1450 3645 1632
6
980 5536 497
497 6216 1909
1909 6379 1025
1025 5659 1633
1633 5293 1177
1177 6129 1632
6
980 5537 1535
1535 6013 2644
2644 55 2277
2277 2678 2958
2958 3713 808
808 4077 1632
6
980 5553 2956
2956 5625 1678
1678 5410 410
410 1724 159
159 6700 2606
2606 4270 1632
6
980 5559 1346
1346 6454 285
285 6831 2856
2856 2854 1719
1719 3415 1773
1773 4789 1632
6
980 5567 155
155 5774 2404
2404 2068 1308
1308 6646 6
6 4555 26
26 5727 1632
6
980 5577 581
581 2738 748
748 1931 469
469 6624 221
221 2074 889
889 6588 1632
6
980 5578 2381
2381 4395 1817
1817 4135 1044
1044 6139 2018
2018 1513 308
308 4587 1632
6
980 5586 648
648 875 2246
2246 3511 1963
1963 5834 376
376 4633 2157
2157 3527 1632
6
980 5592 2405
2405 5794 527
527 1954 893
893 3524 1043
1043 5216 2659
2659 3125 1632
6
980 5597 453
453 1587 2422
2422 864 2672
2672 6316 2455
2455 6162 2222
2222 4179 1632
6
980 5605 1006
1006 6801 1570
1570 2605 2001
2001 1449 381
381 1160 2159
2159 1169 1632
6
980 5615 47
47 4139 993
993 4901 1527
1527 5048 90
90 6728 1959
1959 6262 1632
6
980 5621 1436
1436 2493 613
613 2700 1527
1527 6152 2618
2618 4946 923
923 1916 1632
6
980 5628 846
846 4836 139
139 6442 1231
1231 1620 2304
2304 2989 834
834 5251 1632
6
980 5633 1844
1844 5780 2738
2738 4361 2835
2835 1164 1648
1648 6501 2612
2612 2885 1632
6
980 5637 2440
2440 490 1160
1160 3786 883
883 4646 734
734 4624 2636
2636 1932 1632
6
980 5642 1386
1386 6354 711
711 4684 1491
1491 4728 2804
2804 5107 2561
2561 4386 1632
6
980 5643 2800
2800 665 239
239 3425 2131
2131 1066 35
35 3688 70
70 1207 1632
6
980 5644 592
592 6056 1097
1097 1982 796
796 6668 1119
1119 2616 1257
1257 2998 1632
6
980 5654 2773
2773 5923 125
125 5042 1687
1687 2803 713
713 3840 2896
2896 4131 1632
6
980 5667 1436
1436 4853 9
9 6213 1684
1684 6792 2797
2797 6500 1291
1291 2432 1632
6
980 5678 1046
1046 770 903
903 628 2868
2868 6682 257
257 6543 492
492 2671 1632
6
980 5694 868
868 5405 2484
2484 3663 1009
1009 2244 1708
1708 6719 1750
1750 5981 1632
6
980 5698 148
148 5007 1441
1441 3340 2302
2302 3723 75
75 5550 2915
2915 1370 1632
6
980 5699 52
52 1839 1515
1515 4067 1508
1508 3452 1772
1772 6235 2746
2746 2105 1632
6
980 5706 2954
2954 2908 551
551 1375 638
638 6662 1990
1990 471 1647
1647 3269 1632
6
980 5732 1564
1564 4631 2011
2011 2019 850
850 2641 772
772 5290 960
960 985 1632
6
980 5735 1749
1749 4221 1379
1379 2939 535
535 2172 2264
2264 3285 2589
2589 6344 1632
6
980 5738 1059
1059 2920 2775
2775 2087 1878
1878 3992 1337
1337 4114 194
194 2626 1632
6
980 5742 232
232 2835 1566
1566 6755 2943
2943 5579 2580
2580 4184 1700
1700 1813 1632
6
980 5765 2800
2800 3063 791
791 4710 2131
2131 6158 1616
1616 4347 2650
2650 1602 1632
6
980 5769 2610
2610 6767 2102
2102 2747 1860
1860 5476 1064
1064 2685 1447
1447 1867 1632
6
980 5772 2176
2176 6617 1101
1101 4765 2855
2855 1048 794
794 4103 54
54 3068 1632
6
980 5783 991
991 6268 2468
2468 2222 401
401 6400 639
639 4996 597
597 2589 1632
6
980 5787 2983
2983 5804 944
944 3298 2671
2671 795 2079
2079 3196 2869
2869 4773 1632
6
980 5790 1720
1720 5008 374
374 6794 961
961 4683 2493
2493 1246 227
227 741 1632
6
980 5793 58
58 3958 695
695 3630 346
346 4607 1286
1286 4263 1363
1363 1673 1632
6
980 5814 2200
2200 6018 2534
2534 4890 2136
2136 4755 1069
1069 3624 1438
1438 6401 1632
6
980 5825 996
996 1792 210
210 5027 824
824 4574 959
959 5036 1304
1304 30 1632
6
980 5831 2783
2783 4084 188
188 4591 379
379 6008 1385
1385 5823 2242
2242 3119 1632
6
980 5835 1974
1974 1244 540
540 5786 2198
2198 6816 1597
1597 5394 1396
1396 6281 1632
6
980 5841 231
231 5975 2696
2696 6260 1281
1281 6042 146
146 4208 1053
1053 6037 1632
6
980 5844 1883
1883 6577 2370
2370 2479 982
982 6821 544
544 1359 2445
2445 3364 1632
6
980 5848 914
914 3770 2971
2971 6424 2055
2055 5785 152
152 5278 1027
1027 5356 1632
6
980 5851 1670
1670 2364 1140
1140 4212 1972
1972 2552 1601
1601 4731 1071
1071 1459 1632
6
980 5852 2495
2495 5323 2642
2642 5314 2835
2835 5891 2310
2310 6591 955
955 466 1632
6
980 5856 2963
2963 6578 2721
2721 3651 2755
2755 4699 2742
2742 3626 1389
1389 5351 1632
6
980 5890 2886
2886 5943 84
84 4418 2859
2859 4125 51
51 3778 2735
2735 3155 1632
6
980 5892 1235
1235 4003 2042
2042 5687 1245
1245 3055 625
625 5809 2931
2931 2448 1632
6
980 5933 52
52 2985 1496
1496 3833 750
750 6786 1096
1096 5203 908
908 4235 1632
6
980 5948 2052
2052 2128 218
218 5674 1816
1816 4557 1172
1172 6269 910
910 3387 1632
6
980 5968 712
712 5054 2342
2342 2066 1650
1650 4564 2601
2601 1670 2032
2032 6572 1632
6
980 5974 1271
1271 2789 1832
1832 1623 1175
1175 2873 1150
1150 5581 309
309 6478 1632
6
980 5976 2440
2440 1588 907
907 6798 1556
1556 6256 649
649 5508 913
913 5281 1632
6
980 5994 2801
2801 4039 529
529 5322 1414
1414 5192 416
416 793 2132
2132 5380 1632
6
980 6001 2811
2811 5629 1533
1533 4815 1052
1052 2657 1043
1043 5353 1643
1643 4153 1632
6
980 6005 296
296 5195 2566
2566 6381 2277
2277 3613 1026
1026 2869 808
808 5201 1632
6
980 6009 921
921 4515 2988
2988 723 356
356 2590 393
393 3019 1144
1144 3110 1632
6
980 6027 109
109 5934 2543
2543 3432 13
13 2597 973
973 4671 2501
2501 6803 1632
6
980 6035 1926
1926 4466 978
978 2131 681
681 6853 2601
2601 2718 419
419 5902 1632
6
980 6041 344
344 5773 1475
1475 2934 2229
2229 343 2044
2044 1810 428
428 4136 1632
6
980 6067 62
62 1452 483
483 881 260
260 1726 2918
2918 6687 1264
1264 5588 1632
6
980 6098 1214
1214 3000 498
498 5270 2905
2905 5557 1216
1216 1332 2636
2636 3588 1632
6
980 6099 2623
2623 5863 1334
1334 5901 2693
2693 5703 1871
1871 5569 1029
1029 5243 1632
6
980 6108 1910
1910 1605 2203
2203 4883 1112
1112 1078 2049
2049 3710 1262
1262 96 1632
6
980 6117 851
851 2041 1894
1894 4888 2359
2359 1166 1927
1927 6186 1995
1995 3937 1632
6
980 6122 2851
2851 2169 1408
1408 3641 1297
1297 5680 1072
1072 2550 2892
2892 5524 1632
6
980 6130 2538
2538 5001 819
819 6550 1964
1964 5178 912
912 6132 1698
1698 6359 1632
6
980 6131 906
906 761 2468
2468 3464 2975
2975 6140 639
639 5091 2095
2095 6388 1632
6
980 6141 2910
2910 4704 1570
1570 3725 2986
2986 6585 1017
1017 4824 14
14 4322 1632
6
980 6145 1189
1189 3990 483
483 5689 1469
1469 6745 1151
1151 5906 1595
1595 6459 1632
6
980 6160 2069
2069 6522 2181
2181 5300 1432
1432 4810 2608
2608 1341 595
595 6351 1632
6
980 6172 2605
2605 2572 2503
2503 2583 460
460 3510 2194
2194 4919 305
305 399 1632
6
980 6173 302
302 3935 2558
2558 5347 268
268 4045 2410
2410 4462 1994
1994 469 1632
6
980 6194 599
599 4344 2404
2404 3988 1421
1421 5099 251
251 1694 2303
2303 2868 1632
6
980 6201 1739
1739 6233 2631
2631 4071 950
950 6628 381
381 5155 2086
2086 4681 1632
6
980 6202 2335
2335 555 668
668 2230 289
289 2002 1305
1305 6807 955
955 846 1632
6
980 6203 197
197 6358 2089
2089 5098 1620
1620 6082 1618
1618 3967 1661
1661 4715 1632
6
980 6217 2345
2345 2587 2371
2371 6116 2196
2196 6692 2968
2968 5967 2397
2397 3381 1632
6
980 6237 1606
1606 3806 1314
1314 2225 1930
1930 4299 1274
1274 1500 1164
1164 4967 1632
6
980 6238 1222
1222 2820 1810
1810 3149 962
962 2956 1665
1665 2407 2548
2548 1443 1632
6
980 6245 2531
2531 5427 1699
1699 454 2344
2344 3476 1173
1173 3779 2366
2366 5648 1632
6
980 6254 1644
1644 2954 551
551 3399 564
564 2206 1990
1990 6583 964
964 1718 1632
6
980 6259 116
116 6250 2518
2518 2467 1497
1497 3391 2586
2586 5546 736
736 758 1632
6
980 6266 2981
2981 198 2600
2600 5137 2302
2302 6055 2096
2096 1720 2915
2915 6019 1632
6
980 6272 1060
1060 779 1796
1796 893 1361
1361 6086 2232
2232 4214 1968
1968 4013 1632
6
980 6292 2799
2799 3223 2944
2944 4993 961
961 5444 1427
1427 2737 865
865 4645 1632
6
980 6314 495
495 5620 2653
2653 5029 2448
2448 3818 1420
1420 3475 423
423 5610 1632
6
980 6315 2611
2611 5767 60
60 5980 1873
1873 6545 1776
1776 6474 802
802 6154 1632
6
980 6328 684
684 2154 1465
1465 1122 567
567 1857 1573
1573 2754 1480
1480 638 1632
6
980 6386 11
11 5791 472
472 4346 105
105 5101 184
184 4364 2129
2129 3565 1632
6
980 6398 1113
1113 4602 2706
2706 5916 535
535 6138 294
294 6685 2348
2348 3656 1632
6
980 6408 62
62 6227 1745
1745 6007 260
260 2812 665
665 2329 336
336 3264 1632
6
980 6430 1104
1104 3936 229
229 6736 644
644 574 1536
1536 3985 777
777 4567 1632
6
980 6448 1076
1076 4982 2527
2527 6257 339
339 6425 1290
1290 3333 2746
2746 2223 1632
6
980 6450 107
107 6192 1547
1547 5534 2699
2699 549 2476
2476 2152 2112
2112 3423 1632
6
980 6460 2465
2465 2348 1902
1902 6312 1825
1825 5570 258
258 3537 1740
1740 3646 1632
6
980 6468 709
709 3319 1721
1721 2305 2536
2536 3416 904
904 6362 1185
1185 1195 1632
6
980 6475 1249
1249 4531 2224
2224 6619 2663
2663 6521 333
333 2932 362
362 6738 1632
6
980 6477 2981
2981 6282 1441
1441 4756 2762
2762 3470 2051
2051 4641 63
63 3421 1632
6
980 6489 851
851 4447 2127
2127 5715 2434
2434 4510 2466
2466 2891 2080
2080 1762 1632
6
980 6516 1470
1470 4399 2432
2432 6033 53
53 3838 1105
1105 4391 2157
2157 4737 1632
6
980 6520 2113
2113 4409 522
522 5118 1615
1615 6333 2231
2231 3111 611
611 4448 1632
6
980 6528 1642
1642 4644 2887
2887 6329 2996
2996 5399 781
781 858 1259
1259 6409 1632
6
980 6530 809
809 2804 242
242 1904 1231
1231 6492 1676
1676 5286 1575
1575 4985 1632
6
980 6553 2360
2360 3047 1583
1583 6431 1188
1188 5811 1056
1056 6311 1196
1196 2994 1632
6
980 6556 357
357 3764 751
751 5437 5
5 5370 303
303 5930 2431
2431 4589 1632
6
980 6559 2854
2854 911 2422
2422 3388 192
192 5810 2482
2482 4678 1621
1621 4393 1632
6
980 6565 926
926 5945 1967
1967 200 1857
1857 5672 536
536 3586 1053
1053 6249 1632
6
980 6589 2799
2799 6077 406
406 3949 1261
1261 4445 2493
2493 3904 2748
2748 966 1632
6
980 6594 809
809 4785 2290
2290 6363 1895
1895 5922 1586
1586 4259 111
111 3666 1632
6
980 6596 1923
1923 4724 1699
1699 1050 1178
1178 3272 1636
1636 4787 1002
1002 5682 1632
6
980 6613 2090
2090 4173 2106
2106 5717 1758
1758 89 1833
1833 5240 1406
1406 5515 1632
6
980 6620 322
322 2625 1280
1280 4972 2809
2809 2926 1485
1485 6742 1645
1645 6153 1632
6
980 6642 2311
2311 6428 1702
1702 6542 2421
2421 3558 2792
2792 5493 2029
2029 5500 1632
6
980 6645 876
876 4324 1435
1435 4588 1949
1949 5025 480
480 5782 1364
1364 3875 1632
6
980 6656 825
825 6294 1668
1668 2537 79
79 3414 2211
2211 619 760
760 6825 1632
6
980 6661 2807
2807 4969 479
479 6199 567
567 3595 71
71 6205 1480
1480 3697 1632
6
980 6664 2843
2843 2396 594
594 5082 1313
1313 6674 2192
2192 4281 696
696 4073 1632
6
980 6698 1928
1928 6418 2331
2331 2353 1345
1345 6743 2336
2336 2880 69
69 1264 1632
6
980 6710 317
317 5206 1330
1330 834 2301
2301 4291 1425
1425 4403 2088
2088 851 1632
6
980 6716 1214
1214 5686 542
542 5328 1851
1851 1416 1784
1784 6766 1187
1187 2124 1632
6
980 6718 2908
2908 4081 151
151 2889 351
351 5381 2087
2087 6689 2386
2386 4717 1632
6
980 6750 771
771 5441 2653
2653 5882 343
343 4480 2924
2924 5173 2319
2319 6804 1632
6
980 6751 1400
1400 3389 2662
2662 6000 345
345 5506 2170
2170 4396 348
348 2649 1632
6
980 6778 2889
2889 4722 2030
2030 6350 1388
1388 3636 874
874 2668 916
916 6524 1632
6
980 6790 2052
2052 6470 1856
1856 5237 1609
1609 6053 1180
1180 4264 444
444 514 1632
6
980 6802 1781
1781 6109 1350
1350 3611 1457
1457 4658 1209
1209 6341 452
452 6365 1632
6
980 6832 2459
2459 2077 1424
1424 5332 2604
2604 5940 153
153 5225 1353
1353 1816 1632
6
980 6848 1946
1946 4826 1668
1668 3334 1240
1240 6650 2211
2211 4050 2803
2803 5525 1632
6
980 6849 1802
1802 5218 2027
2027 6331 2188
2188 4758 2467
2467 3644 1783
1783 1328 1632
6
980 6861 1893
1893 5609 295
295 1539 2114
2114 2047 141
141 4126 2358
2358 372 1632
6
980 6865 1109
1109 5651 2644
2644 6714 593
593 2202 2958
2958 4669 1371
1371 4933 1632
