354
6
419 2 468
468 560 42
42 1462 664
664 1335 692
692 1703 1013
1013 1902 2629
6
419 11 2877
2877 2891 11
11 2651 2381
2381 5344 2731
2731 236 1592
1592 1482 2629
6
419 17 2128
2128 2443 1713
1713 1948 820
820 3078 333
333 438 706
706 2755 2629
6
419 20 1479
1479 3748 1932
1932 1083 2442
2442 2116 30
30 6182 1845
1845 37 2629
6
419 32 1954
1954 3610 2782
2782 81 1080
1080 1380 1880
1880 4941 1796
1796 2672 2629
6
419 33 566
566 3740 671
671 4391 1176
1176 5280 2678
2678 4218 1549
1549 948 2629
6
419 36 2353
2353 1549 1748
1748 3528 2644
2644 2595 2572
2572 2377 1020
1020 1044 2629
6
419 40 2419
2419 2114 1561
1561 4782 2220
2220 469 1202
1202 1377 2891
2891 2097 2629
6
419 50 2043
2043 320 1677
1677 2675 459
459 2302 1924
1924 3927 701
701 508 2629
6
419 51 1942
1942 5831 1575
1575 1324 1729
1729 4329 2209
2209 552 1454
1454 2661 2629
6
419 58 2300
2300 2172 1334
1334 6550 342
342 4665 822
822 4834 2952
2952 2007 2629
6
419 63 2078
2078 1097 2655
2655 6132 2161
2161 2559 643
643 6583 1145
1145 1259 2629
6
419 69 299
299 4572 1803
1803 1530 128
128 4367 637
637 1278 2283
2283 2261 2629
6
419 70 169
169 1566 2690
2690 3492 2141
2141 561 2841
2841 5018 1735
1735 361 2629
6
419 74 1046
1046 2961 508
508 5093 2331
2331 4607 1604
1604 215 799
799 1045 2629
6
419 88 649
649 2102 2535
2535 3767 902
902 5385 31
31 3586 2255
2255 673 2629
6
419 91 2333
2333 999 741
741 772 77
77 3221 1983
1983 6063 915
915 4792 2629
6
419 94 708
708 2405 867
867 4173 773
773 4681 1938
1938 2635 293
293 39 2629
6
419 113 2165
2165 170 60
60 5055 1824
1824 2858 680
680 3531 2097
2097 1298 2629
6
419 118 2833
2833 6565 1861
1861 6128 2444
2444 3211 273
273 6116 2884
2884 2954 2629
6
419 122 881
881 3677 1602
1602 1110 1933
1933 422 1806
1806 5192 2520
2520 2481 2629
6
419 128 2902
2902 1520 123
123 2589 628
628 6757 1214
1214 2708 1522
1522 939 2629
6
419 135 1699
1699 3161 1200
1200 4629 64
64 4204 2834
2834 268 219
219 1626 2629
6
419 140 1017
1017 265 853
853 5982 1789
1789 997 1571
1571 2189 575
575 110 2629
6
419 146 2854
2854 3572 732
732 483 1769
1769 2839 100
100 5527 575
575 153 2629
8
419 151 271
271 1918 1840
1840 5654 1763
1763 6781 1003
1003 6253 621
621 6180 2026
2026 1807 2335
2335 1241 2629
6
419 171 791
791 468 469
469 1362 1779
1779 3874 2679
2679 3230 2016
2016 2630 2629
6
419 172 657
657 3022 715
715 3738 1121
1121 1599 1039
1039 649 517
517 2288 2629
6
419 178 515
515 3673 235
235 1872 2989
2989 1124 1506
1506 216 1533
1533 205 2629
6
419 184 2112
2112 2237 1309
1309 401 1099
1099 4871 2524
2524 1048 1967
1967 2117 2629
6
419 190 2719
2719 2484 2253
2253 3185 1301
1301 2526 1091
1091 1228 2671
2671 667 2629
6
419 208 2531
2531 3436 576
576 1583 2311
2311 4461 2532
2532 1649 633
633 2449 2629
6
419 213 2418
2418 2468 2851
2851 2305 781
781 348 203
203 6518 325
325 572 2629
6
419 219 1290
1290 3511 532
532 1751 1206
1206 1326 1752
1752 2749 1478
1478 1845 2629
6
419 220 1191
1191 187 358
358 1017 1463
1463 5659 1616
1616 4496 706
706 3250 2629
6
419 222 1378
1378 2740 787
787 2849 1790
1790 3438 505
505 926 1761
1761 757 2629
6
419 223 1362
1362 2520 2185
2185 5492 1933
1933 5354 415
415 5809 2520
2520 4700 2629
6
419 233 2666
2666 1068 1615
1615 263 1111
1111 1926 1031
1031 3838 2512
2512 2704 2629
6
419 241 2375
2375 3419 787
787 4852 604
604 1630 505
505 5381 516
516 645 2629
6
419 247 2783
2783 49 432
432 6 675
675 627 598
598 2655 276
276 3124 2629
6
419 250 2434
2434 6275 2861
2861 5096 2155
2155 5215 498
498 951 2669
2669 3110 2629
6
419 253 1715
1715 1571 2362
2362 987 1990
1990 4366 2269
2269 6374 1531
1531 2913 2629
6
419 254 2403
2403 5603 2465
2465 2153 2206
2206 2620 550
550 3791 2166
2166 3394 2629
6
419 261 2328
2328 274 914
914 1777 49
49 2146 2479
2479 3711 2848
2848 4398 2629
8
419 280 2948
2948 1062 2249
2249 3120 1131
1131 6706 104
104 498 578
578 2326 599
599 316 2727
2727 269 2629
6
419 296 1014
1014 835 1535
1535 3336 1787
1787 3331 1402
1402 945 302
302 62 2629
6
419 300 2590
2590 6699 2990
2990 4137 2765
2765 4000 2574
2574 593 1464
1464 3809 2629
6
419 304 171
171 4085 2280
2280 1084 1662
1662 6645 852
852 6201 887
887 604 2629
6
419 308 1249
1249 5656 1063
1063 6181 1436
1436 3076 2014
2014 5447 1746
1746 2738 2629
6
419 311 2499
2499 780 1125
1125 5455 19
19 1578 1392
1392 2132 2751
2751 1385 2629
6
419 312 947
947 642 551
551 356 2708
2708 341 200
200 2265 2865
2865 1479 2629
6
419 317 2039
2039 86 1142
1142 3905 1955
1955 979 541
541 5973 1081
1081 1859 2629
6
419 323 1461
1461 1189 2690
2690 4508 1261
1261 2513 700
700 1154 1735
1735 3661 2629
6
419 337 1084
1084 67 681
681 1321 2526
2526 447 609
609 9 370
370 551 2629
6
419 342 2080
2080 5249 844
844 3025 908
908 1544 443
443 793 2839
2839 1725 2629
6
419 345 1682
1682 662 2983
2983 78 1328
1328 4998 1939
1939 1694 1470
1470 1581 2629
6
419 347 588
588 743 2041
2041 4153 1242
1242 1550 1866
1866 6597 2661
2661 3884 2629
6
419 352 775
775 6697 864
864 1494 2357
2357 2204 2624
2624 974 1175
1175 2550 2629
6
419 355 1512
1512 453 392
392 2692 165
165 6405 1913
1913 5693 86
86 1757 2629
6
419 357 2146
2146 2110 1821
1821 3205 2297
2297 2094 2752
2752 4663 2971
2971 325 2629
6
419 359 2062
2062 3928 2129
2129 680 1908
1908 2866 2187
2187 43 2853
2853 2205 2629
6
419 368 893
893 92 210
210 5330 2358
2358 1597 12
12 545 751
751 870 2629
6
419 378 795
795 3675 1059
1059 2219 2785
2785 1354 619
619 5100 1816
1816 2269 2629
6
419 387 1800
1800 5553 1851
1851 3831 404
404 301 2647
2647 197 2563
2563 548 2629
6
419 388 832
832 6086 2343
2343 4180 2799
2799 1986 414
414 333 253
253 174 2629
6
419 395 1130
1130 2917 2588
2588 5260 1270
1270 1659 2096
2096 2492 1940
1940 3293 2629
6
419 402 960
960 4049 2664
2664 2186 816
816 4260 875
875 580 1878
1878 3200 2629
6
419 406 738
738 2085 2809
2809 573 2188
2188 1938 458
458 1254 2867
2867 123 2629
6
419 407 2892
2892 2683 1096
1096 678 846
846 1093 2648
2648 3338 2229
2229 2885 2629
6
419 409 1336
1336 6119 306
306 513 2034
2034 5277 2404
2404 4722 2929
2929 4645 2629
6
419 416 1969
1969 6384 2863
2863 6532 2168
2168 4265 2559
2559 6676 2763
2763 641 2629
6
419 417 2948
2948 4520 1275
1275 682 944
944 6440 176
176 5380 1074
1074 609 2629
6
419 420 2793
2793 4060 2893
2893 3487 2428
2428 2446 1399
1399 1144 2669
2669 3566 2629
6
419 429 971
971 4404 1723
1723 6527 2562
2562 3470 1956
1956 2734 2774
2774 2618 2629
8
419 430 2543
2543 1834 1050
1050 3570 1192
1192 4991 1765
1765 4802 1139
1139 3090 2532
2532 3556 557
557 14 2629
6
419 435 1724
1724 1058 1509
1509 6339 158
158 2389 2092
2092 2566 616
616 1595 2629
6
419 436 960
960 4848 476
476 3098 1424
1424 4373 1595
1595 4480 2493
2493 329 2629
6
419 448 2518
2518 3079 823
823 1681 2115
2115 3034 1666
1666 1879 972
972 185 2629
6
419 451 2136
2136 5212 776
776 1880 1160
1160 5523 720
720 12 2901
2901 3112 2629
6
419 461 1687
1687 1529 131
131 849 2473
2473 703 1645
1645 2387 257
257 3195 2629
6
419 464 2176
2176 260 1574
1574 6765 815
815 1159 2068
2068 266 726
726 4023 2629
6
419 487 1272
1272 2439 1382
1382 4849 1611
1611 1611 2858
2858 134 1739
1739 3546 2629
6
419 503 886
886 4527 1132
1132 3812 578
578 3040 1127
1127 872 2201
2201 3725 2629
6
419 507 685
685 418 2362
2362 6100 1850
1850 4837 646
646 1296 413
413 169 2629
6
419 511 2046
2046 2191 2709
2709 6327 407
407 3149 2940
2940 5121 704
704 827 2629
6
419 527 1162
1162 2736 920
920 764 563
563 5991 2622
2622 6692 1852
1852 3249 2629
6
419 531 1061
1061 6134 825
825 4281 2760
2760 5745 380
380 1933 1420
1420 3406 2629
6
419 538 361
361 3089 2276
2276 2770 138
138 366 824
824 2629 2530
2530 686 2629
6
419 541 2281
2281 3580 2635
2635 106 2898
2898 2886 1628
1628 3231 1161
1161 35 2629
6
419 544 1135
1135 4028 2953
2953 855 1539
1539 6744 1280
1280 3590 2459
2459 1793 2629
6
419 547 1741
1741 768 2982
2982 5602 980
980 2875 1693
1693 1367 740
740 4465 2629
6
419 553 1589
1589 1307 573
573 4138 2698
2698 2783 619
619 5871 1284
1284 1783 2629
6
419 558 615
615 2648 1113
1113 1379 854
854 480 756
756 4522 1906
1906 142 2629
6
419 566 2278
2278 3242 1329
1329 4178 2641
2641 2955 181
181 2402 2137
2137 120 2629
6
419 579 398
398 3606 1542
1542 1407 2160
2160 626 2993
2993 1107 913
913 5461 2629
6
419 582 890
890 15 778
778 6016 331
331 5165 2778
2778 1634 2954
2954 2207 2629
8
419 607 792
792 6650 2951
2951 6608 1558
1558 149 2767
2767 3944 2939
2939 2643 1947
1947 1615 99
99 3384 2629
6
419 629 173
173 4961 689
689 1433 2978
2978 1369 984
984 2848 2604
2604 53 2629
6
419 647 1411
1411 1622 717
717 1712 2295
2295 4332 1371
1371 1125 2121
2121 3044 2629
6
419 654 1136
1136 2940 246
246 4098 2156
2156 2568 1370
1370 90 2601
2601 3163 2629
6
419 656 2542
2542 386 172
172 4788 2907
2907 4183 2075
2075 193 522
522 1421 2629
6
419 663 1407
1407 1301 431
431 968 2254
2254 5777 1216
1216 1455 2621
2621 2076 2629
6
419 669 1032
1032 5035 470
470 4892 977
977 3954 2534
2534 5954 817
817 484 2629
6
419 672 2741
2741 5711 531
531 3814 1026
1026 1680 168
168 204 2604
2604 1539 2629
6
419 674 884
884 2380 1417
1417 330 155
155 2964 722
722 4699 733
733 1937 2629
6
419 683 2499
2499 3278 568
568 6709 1908
1908 4721 1327
1327 5066 2448
2448 1389 2629
6
419 695 1365
1365 3270 2422
2422 2351 2758
2758 3562 2189
2189 3655 2901
2901 3948 2629
6
419 701 96
96 1357 2967
2967 1458 687
687 1310 2837
2837 4228 1737
1737 2029 2629
6
419 708 1667
1667 3450 2683
2683 6393 816
816 4881 1678
1678 3080 520
520 371 2629
6
419 709 983
983 1714 164
164 2159 2081
2081 1931 1993
1993 5858 526
526 2244 2629
6
419 711 2734
2734 3497 104
104 4887 1128
1128 5316 1127
1127 5364 2394
2394 182 2629
6
419 741 581
581 954 1134
1134 2130 2192
2192 5191 1067
1067 946 2632
2632 2845 2629
6
419 748 693
693 5266 504
504 6306 687
687 3067 1021
1021 1849 231
231 305 2629
6
419 751 1671
1671 5134 1460
1460 6468 2899
2899 696 2718
2718 6269 1867
1867 2962 2629
6
419 754 1597
1597 5206 2545
2545 2325 2742
2742 3199 589
589 112 1422
1422 2818 2629
6
419 773 2057
2057 2868 1812
1812 4054 1373
1373 3739 1578
1578 1573 2117
2117 2019 2629
6
419 776 2519
2519 4870 1266
1266 1968 3
3 1780 1554
1554 2188 2327
2327 3401 2629
6
419 778 888
888 2378 2072
2072 2177 2409
2409 4351 851
851 2861 184
184 1908 2629
6
419 788 321
321 4912 845
845 6160 1826
1826 6330 2158
2158 295 777
777 821 2629
6
419 800 1029
1029 4599 1910
1910 1877 2567
2567 3295 600
600 175 1653
1653 358 2629
6
419 815 2028
2028 6024 2173
2173 3106 1649
1649 1438 1317
1317 6389 1935
1935 1162 2629
6
419 818 1805
1805 3896 38
38 5276 2426
2426 4816 354
354 2663 512
512 569 2629
6
419 823 1220
1220 2835 994
994 139 212
212 4814 1236
1236 3038 1075
1075 879 2629
6
419 830 1452
1452 923 1618
1618 6588 623
623 5014 1406
1406 540 1291
1291 4655 2629
6
419 839 2903
2903 1002 1910
1910 2893 1508
1508 4708 600
600 3559 901
901 3101 2629
6
419 840 2058
2058 949 959
959 943 1273
1273 400 216
216 209 2405
2405 466 2629
6
419 846 1877
1877 475 1024
1024 166 2702
2702 1215 1232
1232 2253 2751
2751 3117 2629
6
419 847 1256
1256 2063 2453
2453 93 1600
1600 2036 2004
2004 3747 2122
2122 1340 2629
6
419 853 791
791 5147 2164
2164 1867 1779
1779 4338 1543
1543 1551 997
997 2398 2629
8
419 875 2055
2055 96 1982
1982 3285 873
873 575 712
712 2148 1320
1320 5065 1647
1647 2569 2894
2894 972 2629
6
419 877 290
290 4493 1893
1893 5595 1659
1659 2139 525
525 3515 1442
1442 59 2629
6
419 880 2685
2685 2068 2163
2163 3009 2733
2733 542 2860
2860 1612 1909
1909 1121 2629
8
419 885 2338
2338 413 2870
2870 563 1129
1129 3241 669
669 4702 1836
1836 4551 25
25 4360 2010
2010 1218 2629
6
419 887 2301
2301 2948 682
682 6068 2819
2819 5078 885
885 732 2557
2557 3063 2629
6
419 893 1123
1123 1010 441
441 1477 2006
2006 1776 1444
1444 5678 2677
2677 2718 2629
6
419 895 683
683 4902 225
225 5162 1251
1251 4877 1071
1071 3636 124
124 5306 2629
6
419 899 991
991 4692 2721
2721 2563 1357
1357 5322 1717
1717 4037 312
312 471 2629
6
419 905 256
256 42 54
54 2436 1697
1697 4600 2776
2776 3328 749
749 2050 2629
6
419 927 196
196 65 2967
2967 1487 1520
1520 4381 1233
1233 3801 1981
1981 1036 2629
6
419 930 979
979 3742 627
627 3115 2766
2766 1216 2773
2773 2599 2713
2713 2338 2629
6
419 933 938
938 2516 1492
1492 4640 529
529 95 1654
1654 3980 883
883 290 2629
8
419 934 1794
1794 3827 2114
2114 4017 773
773 5124 71
71 1349 2665
2665 192 674
674 822 293
293 1014 2629
6
419 940 2606
2606 5866 1596
1596 2514 2828
2828 632 1881
1881 4760 1196
1196 2213 2629
6
419 950 606
606 1999 2586
2586 3803 639
639 1875 1155
1155 3550 2066
2066 64 2629
6
419 956 2981
2981 556 2953
2953 1028 2427
2427 1741 1280
1280 5404 1356
1356 3774 2629
6
419 976 291
291 133 44
44 746 2188
2188 5335 2330
2330 2126 339
339 396 2629
6
419 984 1064
1064 4518 2836
2836 564 503
503 1488 2718
2718 6458 584
584 1052 2629
6
419 991 710
710 2044 2826
2826 518 2420
2420 613 770
770 1038 2122
2122 4611 2629
6
419 992 1587
1587 4973 874
874 1677 2399
2399 5080 45
45 655 966
966 196 2629
6
419 1018 1171
1171 380 2724
2724 4755 580
580 5027 835
835 4045 1897
1897 792 2629
6
419 1023 1092
1092 3670 818
818 4661 2482
2482 369 2290
2290 3683 2013
2013 2006 2629
6
419 1026 1044
1044 4766 1585
1585 765 969
969 2314 1709
1709 2312 1503
1503 802 2629
6
419 1035 391
391 5214 1386
1386 2949 1427
1427 4175 1637
1637 6239 684
684 1943 2629
6
419 1051 2248
2248 18 1677
1677 4900 1157
1157 2503 2712
2712 1474 701
701 2673 2629
6
419 1057 2284
2284 2197 2449
2449 4970 2641
2641 5220 1103
1103 3013 2512
2512 4280 2629
6
419 1074 2628
2628 1893 1974
1974 6279 2427
2427 5717 1619
1619 5158 2459
2459 2535 2629
6
419 1077 961
961 1930 736
736 977 2553
2553 1723 2700
2700 690 2130
2130 1895 2629
6
419 1085 2994
2994 4800 288
288 5519 368
368 829 530
530 2282 1018
1018 1768 2629
6
419 1096 2450
2450 4972 719
719 3142 990
990 5510 78
78 6585 2264
2264 2977 2629
8
419 1098 2615
2615 421 2570
2570 1446 724
724 2062 2619
2619 486 2946
2946 5174 2715
2715 799 2415
2415 2496 2629
6
419 1103 1394
1394 5861 545
545 1300 2282
2282 1089 1652
1652 1718 190
190 31 2629
6
419 1123 1159
1159 6301 148
148 1428 546
546 5736 1182
1182 3116 2372
2372 391 2629
6
419 1143 1609
1609 5 2143
2143 2664 2589
2589 3258 1468
1468 1212 2530
2530 1686 2629
6
419 1146 366
366 141 2344
2344 871 724
724 2498 907
907 231 2415
2415 5533 2629
6
419 1149 2035
2035 6130 156
156 784 1058
1058 1829 1041
1041 297 509
509 1410 2629
6
419 1165 610
610 2838 2645
2645 5255 618
618 1 1384
1384 1054 2845
2845 1270 2629
6
419 1169 151
151 1837 2343
2343 5772 1287
1287 1565 2483
2483 2676 32
32 3192 2629
6
419 1170 2749
2749 5311 2926
2926 5081 1697
1697 6104 7
7 2870 878
878 1217 2629
6
419 1181 1057
1057 993 28
28 5261 500
500 102 1297
1297 125 2582
2582 1173 2629
6
419 1187 1829
1829 285 1453
1453 3392 122
122 4307 1108
1108 3171 2651
2651 186 2629
6
419 1211 1890
1890 3993 1377
1377 3522 1301
1301 4975 1363
1363 5411 2651
2651 1996 2629
6
419 1213 2475
2475 867 1894
1894 496 138
138 4012 734
734 3836 2109
2109 251 2629
6
419 1221 2119
2119 4890 741
741 2223 474
474 1542 2524
2524 3253 362
362 888 2629
6
419 1224 1246
1246 4222 2926
2926 6122 248
248 6003 1448
1448 3594 749
749 3649 2629
8
419 1235 1609
1609 947 430
430 6419 803
803 3062 2315
2315 2652 2589
2589 3697 1383
1383 3626 1577
1577 1309 2629
6
419 1286 713
713 4628 2417
2417 321 2869
2869 252 597
597 1064 1286
1286 5156 2629
6
419 1287 973
973 13 483
483 5802 1222
1222 1894 2577
2577 4636 1632
1632 767 2629
6
419 1291 152
152 3315 1149
1149 5090 117
117 462 2092
2092 2624 966
966 978 2629
8
419 1293 2397
2397 967 2344
2344 4889 2170
2170 121 365
365 2303 1703
1703 4903 2985
2985 3502 2656
2656 227 2629
6
419 1295 1587
1587 6604 1203
1203 3065 2691
2691 3418 45
45 3840 436
436 1166 2629
6
419 1303 2236
2236 1567 2737
2737 4784 464
464 2785 1413
1413 5357 2107
2107 2320 2629
6
419 1312 2918
2918 2619 2460
2460 3576 988
988 5768 2536
2536 5208 1438
1438 2476 2629
6
419 1315 191
191 6402 2906
2906 3454 2305
2305 3678 530
530 6617 1438
1438 2824 2629
6
419 1338 1929
1929 2760 1474
1474 138 1295
1295 45 772
772 806 2102
2102 519 2629
6
419 1339 1220
1220 6047 1804
1804 2178 187
187 4035 95
95 3924 830
830 595 2629
6
419 1341 1921
1921 1864 1694
1694 2924 2464
2464 1145 1071
1071 4405 193
193 4038 2629
6
419 1343 2823
2823 4111 2131
2131 6373 1955
1955 6359 1340
1340 3216 1081
1081 3213 2629
6
419 1347 1952
1952 399 2991
2991 2032 195
195 1827 769
769 2034 817
817 1281 2629
6
419 1348 1072
1072 6302 2277
2277 3463 559
559 5615 2728
2728 687 427
427 4432 2629
6
419 1408 1505
1505 557 1467
1467 5269 128
128 6376 5
5 2452 2925
2925 336 2629
6
419 1412 2783
2783 1139 2100
2100 346 2868
2868 1112 1067
1067 3012 1487
1487 244 2629
6
419 1419 481
481 6519 364
364 2437 260
260 1178 2599
2599 1836 1193
1193 1431 2629
6
419 1440 152
152 6084 1350
1350 5247 2348
2348 6007 2092
2092 3387 300
300 214 2629
6
419 1447 676
676 1809 482
482 896 2339
2339 2570 1846
1846 625 704
704 4278 2629
6
419 1453 2314
2314 2983 1582
1582 1416 2090
2090 3756 294
294 970 1720
1720 99 2629
8
419 1457 2909
2909 536 1633
1633 5410 850
850 393 949
949 2478 403
403 6012 2574
2574 1314 748
748 3269 2629
6
419 1475 2790
2790 3829 2737
2737 5686 460
460 5216 1300
1300 1396 830
830 2614 2629
6
419 1480 1950
1950 1736 1871
1871 163 334
334 248 904
904 68 1736
1736 470 2629
6
419 1483 916
916 5762 1898
1898 6773 1104
1104 1541 2260
2260 3865 72
72 2572 2629
6
419 1486 1335
1335 832 1379
1379 2364 2798
2798 842 2355
2355 2225 677
677 1981 2629
6
419 1495 1124
1124 1473 696
696 1091 847
847 218 1319
1319 1308 842
842 373 2629
6
419 1506 1255
1255 5003 586
586 6254 328
328 5668 2094
2094 4711 1875
1875 4157 2629
6
419 1508 2959
2959 5486 1984
1984 4813 1390
1390 4996 1896
1896 904 985
985 1992 2629
6
419 1514 2154
2154 1099 395
395 180 2377
2377 5468 2000
2000 4829 667
667 2175 2629
6
419 1525 1603
1603 5725 2521
2521 860 384
384 2259 308
308 2609 513
513 411 2629
10
419 1547 855
855 2506 553
553 4099 2610
2610 2777 1101
1101 1890 2331
2331 6258 659
659 3991 968
968 4074 2801
2801 1164 592
592 2343 2629
6
419 1560 1832
1832 2495 51
51 5279 1521
1521 5181 2824
2824 5477 2835
2835 2100 2629
6
419 1574 1505
1505 3183 532
532 5637 121
121 3259 1190
1190 1375 338
338 1962 2629
8
419 1602 2309
2309 5202 1466
1466 2309 1311
1311 5063 18
18 1470 2220
2220 988 2091
2091 2487 1532
1532 1635 2629
6
419 1619 547
547 5213 934
934 6596 334
334 6235 2775
2775 6437 2321
2321 739 2629
6
419 1640 1025
1025 5128 1329
1329 4448 453
453 6439 181
181 6364 612
612 272 2629
6
419 1641 2909
2909 2850 172
172 4878 644
644 3113 2679
2679 4769 997
997 5028 2629
6
419 1653 1646
1646 5504 2285
2285 1896 2467
2467 327 1799
1799 441 1013
1013 3005 2629
6
419 1654 452
452 2500 1439
1439 6175 1690
1690 264 2578
2578 79 943
943 4109 2629
6
419 1663 1117
1117 6195 1493
1493 3574 2547
2547 509 149
149 414 751
751 4544 2629
6
419 1672 2615
2615 6612 1768
1768 810 1517
1517 4883 2860
2860 4392 66
66 1847 2629
6
419 1716 480
480 6429 14
14 71 2407
2407 801 2693
2693 3813 1531
1531 5201 2629
6
419 1735 2616
2616 147 1989
1989 3780 2966
2966 3473 2728
2728 1906 509
509 1671 2629
6
419 1745 1366
1366 3330 209
209 379 2423
2423 5031 1756
1756 5978 1988
1988 903 2629
6
419 1748 652
652 1538 849
849 4026 714
714 277 2342
2342 5521 1691
1691 211 2629
6
419 1752 196
196 1015 1712
1712 2274 1520
1520 4806 1138
1138 459 1981
1981 5814 2629
6
419 1764 1440
1440 303 569
569 415 2170
2170 1913 1215
1215 1990 558
558 1325 2629
6
419 1765 1213
1213 1546 1409
1409 4706 2133
2133 1436 1927
1927 1949 2925
2925 3971 2629
6
419 1790 2670
2670 4796 76
76 2781 1730
1730 6170 2069
2069 168 1020
1020 2836 2629
6
419 1797 1366
1366 4156 587
587 1129 1302
1302 4627 2659
2659 5169 2106
2106 4100 2629
6
419 1819 1005
1005 4095 1380
1380 3925 125
125 6023 1352
1352 4625 2961
2961 3434 2629
6
419 1821 2215
2215 4406 1639
1639 2529 1789
1789 4576 1972
1972 848 2089
2089 3462 2629
6
419 1828 2421
2421 4772 48
48 1299 1056
1056 5935 536
536 3087 1852
1852 5627 2629
6
419 1840 2113
2113 2919 2723
2723 5115 1777
1777 3898 1011
1011 6614 183
183 906 2629
6
419 1846 412
412 5702 926
926 4303 2650
2650 4858 1095
1095 412 61
61 808 2629
10
419 1866 1247
1247 3644 2782
2782 6748 2473
2473 4439 1279
1279 2192 2217
2217 1008 2279
2279 2275 2340
2340 6214 1776
1776 4344 903
903 3866 2629
6
419 1878 1061
1061 6360 741
741 5604 1586
1586 2058 2037
2037 109 915
915 4833 2629
6
419 1889 153
153 819 1575
1575 1696 714
714 3592 747
747 1318 1691
1691 2910 2629
6
419 1903 1429
1429 6067 945
945 3763 2803
2803 1643 1432
1432 549 2886
2886 1883 2629
6
419 1935 807
807 5394 736
736 1131 336
336 525 718
718 3513 1074
1074 623 2629
6
419 1940 2565
2565 2463 576
576 2746 1714
1714 73 891
891 660 557
557 2772 2629
6
419 1944 269
269 2382 170
170 458 1009
1009 5974 2612
2612 2264 369
369 506 2629
6
419 1945 2603
2603 4521 2525
2525 606 779
779 6406 1749
1749 1533 731
731 1598 2629
6
419 1956 1430
1430 4726 1097
1097 3187 814
814 2228 2996
2996 2240 1963
1963 1974 2629
6
419 1982 2392
2392 3719 2555
2555 3773 2646
2646 1163 1674
1674 587 2701
2701 790 2629
6
419 1991 2001
2001 6736 897
897 2344 2605
2605 537 2390
2390 2091 53
53 432 2629
6
419 1998 688
688 2016 188
188 363 1516
1516 4609 2103
2103 2340 2496
2496 1071 2629
6
419 2021 2159
2159 2196 2354
2354 1796 2798
2798 1627 1541
1541 1258 1081
1081 5019 2629
6
419 2030 2105
2105 1459 2274
2274 2242 1043
1043 2480 2889
2889 181 190
190 167 2629
6
419 2041 549
549 4635 1277
1277 858 1540
1540 4596 1554
1554 4318 2190
2190 4270 2629
6
419 2045 84
84 2260 1742
1742 3349 697
697 1504 1726
1726 4451 1313
1313 1439 2629
6
419 2070 2950
2950 4362 818
818 5480 1174
1174 5088 1163
1163 2560 1167
1167 212 2629
6
419 2078 1102
1102 574 1181
1181 2741 2540
2540 4 243
243 225 2843
2843 2554 2629
6
419 2081 608
608 4003 1926
1926 783 2402
2402 2540 1799
1799 1053 2611
2611 584 2629
6
419 2090 2397
2397 3111 2619
2619 3757 918
918 5808 2715
2715 4442 1465
1465 3761 2629
6
419 2098 2202
2202 1695 1901
1901 3800 2217
2217 6168 1645
1645 4208 903
903 4680 2629
6
419 2103 2772
2772 3485 617
617 2916 1757
1757 256 999
999 1652 789
789 1094 2629
6
419 2108 655
655 2122 2724
2724 6698 2696
2696 83 1750
1750 1115 1897
1897 1104 2629
6
419 2109 2328
2328 6474 1635
1635 4192 1419
1419 3033 2479
2479 3846 1968
1968 3754 2629
6
419 2135 218
218 4937 745
745 4357 119
119 48 2969
2969 2610 2671
2671 2163 2629
6
419 2140 2537
2537 5747 26
26 1904 2840
2840 1772 1085
1085 3240 339
339 2289 2629
6
419 2144 192
192 4382 34
34 449 2186
2186 2477 2472
2472 1263 2121
2121 4397 2629
6
419 2149 1140
1140 2605 1856
1856 4296 292
292 1921 2508
2508 4765 2849
2849 4523 2629
6
419 2155 332
332 2809 2883
2883 2330 400
400 723 1076
1076 522 1887
1887 2012 2629
6
419 2160 2303
2303 717 307
307 3949 2975
2975 1830 1212
1212 4325 2591
2591 1151 2629
6
419 2165 890
890 4965 1818
1818 4288 429
429 289 1626
1626 4063 777
777 4924 2629
6
419 2181 524
524 1313 209
209 2020 2298
2298 3318 1756
1756 6625 94
94 797 2629
6
419 2198 1565
1565 6009 2504
2504 2462 2431
2431 742 109
109 5794 1928
1928 114 2629
6
419 2232 472
472 3365 2088
2088 2541 2796
2796 3412 1998
1998 229 2321
2321 1810 2629
6
419 2247 487
487 3324 359
359 702 1551
1551 2671 120
120 1269 1144
1144 2920 2629
6
419 2257 2300
2300 5588 613
613 3273 1560
1560 3608 822
822 5488 1669
1669 952 2629
6
419 2262 132
132 3024 1109
1109 1183 861
861 4444 868
868 2881 2922
2922 1342 2629
6
419 2296 2904
2904 1556 1742
1742 4090 1623
1623 828 2859
2859 878 202
202 3634 2629
6
419 2333 1355
1355 3902 1966
1966 6369 1986
1986 5932 2676
2676 16 518
518 3234 2629
6
419 2358 2963
2963 4133 281
281 4720 1389
1389 2147 1666
1666 2430 52
52 89 2629
6
419 2379 2079
2079 1248 34
34 4371 1055
1055 851 1778
1778 66 1522
1522 3792 2629
6
419 2390 163
163 3286 363
363 1365 1226
1226 1952 2060
2060 5667 162
162 1011 2629
6
419 2403 1185
1185 4752 1501
1501 2937 2663
2663 1460 285
285 892 167
167 2335 2629
6
419 2417 2741
2741 6144 689
689 1801 2581
2581 10 1689
1689 1965 2954
2954 4082 2629
6
419 2421 340
340 2776 2990
2990 4993 850
850 2819 1999
1999 2680 247
247 1609 2629
6
419 2441 2755
2755 2017 1814
1814 1587 2238
2238 2401 695
695 2598 103
103 150 2629
6
419 2455 1567
1567 5590 1708
1708 4940 664
664 1409 2425
2425 3262 278
278 3538 2629
6
419 2485 2497
2497 795 2242
2242 6057 1055
1055 5428 1293
1293 3614 2822
2822 3374 2629
6
419 2555 1361
1361 2004 2125
2125 2200 1683
1683 1395 417
417 3999 2884
2884 3133 2629
6
419 2561 581
581 2669 2291
2291 3659 2850
2850 1511 423
423 2989 1487
1487 4408 2629
6
419 2564 2949
2949 6611 970
970 3402 794
794 2392 1807
1807 3298 202
202 4342 2629
6
419 2581 346
346 5847 450
450 5177 1207
1207 4939 2956
2956 6154 2697
2697 3233 2629
6
419 2587 2746
2746 5811 1040
1040 2517 2617
2617 4555 1570
1570 3912 2995
2995 707 2629
6
419 2596 593
593 5379 450
450 5578 438
438 2833 1494
1494 4245 2697
2697 5409 2629
6
419 2637 2500
2500 4753 2101
2101 6473 1757
1757 6371 1437
1437 725 789
789 2293 2629
6
419 2646 2716
2716 1855 1514
1514 5715 1187
1187 5804 967
967 1147 1248
1248 1452 2629
8
419 2657 2539
2539 1378 2762
2762 5580 668
668 5209 1359
1359 442 41
41 5945 521
521 3918 2388
2388 868 2629
6
419 2684 2301
2301 5821 182
182 4675 2644
2644 4910 2069
2069 4189 2871
2871 221 2629
6
419 2694 487
487 6274 2027
2027 1186 1551
1551 6549 2183
2183 4383 219
219 1784 2629
6
419 2723 135
135 2743 914
914 5503 1230
1230 2222 2648
2648 4317 2848
2848 5159 2629
6
419 2727 58
58 5951 569
569 1561 622
622 5875 1289
1289 524 2656
2656 2412 2629
6
419 2763 63
63 5017 1862
1862 2279 805
805 6365 2802
2802 1625 2266
2266 1454 2629
6
419 2794 2043
2043 3784 421
421 4118 1322
1322 5735 2364
2364 5540 39
39 919 2629
6
419 2810 2565
2565 6684 673
673 5840 2490
2490 5318 666
666 5443 2992
2992 1747 2629
6
419 2834 2497
2497 2359 2857
2857 6480 1801
1801 5567 371
371 1456 1675
1675 3303 2629
6
419 2837 2275
2275 6288 2258
2258 1726 2218
2218 6115 930
930 1794 61
61 2665 2629
6
419 2854 501
501 5803 1727
1727 5757 2869
2869 4310 221
221 2543 2933
2933 787 2629
6
419 2860 194
194 5182 2521
2521 944 292
292 4694 539
539 47 488
488 2342 2629
6
419 2905 1740
1740 3862 837
837 1070 1855
1855 611 1997
1997 3310 554
554 844 2629
6
419 2918 2047
2047 1277 689
689 5071 1026
1026 5563 984
984 3366 2618
2618 5086 2629
6
419 2956 320
320 4393 1447
1447 688 1681
1681 1138 2829
2829 4261 1167
1167 2597 2629
6
419 2969 391
391 6462 1469
1469 973 1427
1427 5349 2934
2934 1806 2429
2429 3362 2629
6
419 2980 1625
1625 4394 454
454 5566 1337
1337 1363 2307
2307 126 2936
2936 2238 2629
6
419 2986 1692
1692 2173 605
605 640 2369
2369 3010 2237
2237 4818 943
943 5487 2629
6
419 3015 244
244 1978 1177
1177 6011 854
854 2846 989
989 3363 510
510 1518 2629
6
419 3032 144
144 2739 283
283 2586 793
793 3826 1141
1141 2742 654
654 2307 2629
6
419 3162 962
962 1081 761
761 5304 2649
2649 375 2596
2596 2310 497
497 1046 2629
6
419 3169 1580
1580 1534 2291
2291 3693 2270
2270 4575 1348
1348 4424 2632
2632 3963 2629
6
419 3204 252
252 4071 2945
2945 313 1316
1316 3599 1141
1141 3783 1885
1885 354 2629
6
419 3208 774
774 2410 607
607 2862 368
368 6755 2958
2958 650 2009
2009 916 2629
6
419 3316 962
962 1697 8
8 1118 2336
2336 1833 1610
1610 1610 863
863 2350 2629
6
419 3348 2950
2950 6227 611
611 3284 1174
1174 6005 2290
2290 4230 2710
2710 1294 2629
6
419 3368 1126
1126 1915 1490
1490 6528 2267
2267 2043 2561
2561 2512 2552
2552 4643 2629
6
419 3409 177
177 1644 519
519 75 1583
1583 744 1001
1001 4128 2056
2056 1239 2629
6
419 3422 1960
1960 1620 2861
2861 5709 1583
1583 1515 21
21 6641 1180
1180 533 2629
6
419 3424 1415
1415 2483 2505
2505 1227 1260
1260 4958 1957
1957 2363 1725
1725 1869 2629
6
419 3440 372
372 1767 2816
2816 4656 2273
2273 914 2795
2795 1268 2705
2705 925 2629
6
419 3441 2791
2791 232 1707
1707 3988 1601
1601 5239 1406
1406 2005 943
943 5851 2629
6
419 3477 1809
1809 5067 750
750 2047 499
499 4380 645
645 24 2054
2054 2174 2629
6
419 3527 1499
1499 4147 2007
2007 6404 2779
2779 1232 113
113 394 1772
1772 1592 2629
6
419 3645 774
774 4957 2184
2184 1868 1404
1404 612 1731
1731 854 2111
2111 25 2629
6
419 3676 2174
2174 2235 2883
2883 4067 2076
2076 2632 2361
2361 1346 704
704 6066 2629
6
419 3823 326
326 1678 1016
1016 5356 1758
1758 1267 752
752 4368 1349
1349 1858 2629
6
419 3833 1701
1701 6387 1184
1184 4105 2847
2847 2053 74
74 3271 2234
2234 2133 2629
8
419 3835 2539
2539 4768 170
170 4120 1510
1510 4154 1979
1979 5109 668
668 6070 2612
2612 5920 1839
1839 685 2629
6
419 3915 2215
2215 6763 1663
1663 1675 1789
1789 5857 1610
1610 3042 133
133 425 2629
6
419 4059 2411
2411 966 1037
1037 986 1496
1496 4020 1039
1039 4163 2780
2780 3198 2629
6
419 4127 2873
2873 1063 2184
2184 2129 543
543 1997 1731
1731 6281 1150
1150 403 2629
6
419 4152 501
501 6266 1542
1542 3099 2383
2383 5609 2993
2993 2898 1286
1286 5164 2629
6
419 4158 2154
2154 1957 2417
2417 2357 1605
1605 3920 951
951 601 625
625 334 2629
6
419 4201 1090
1090 54 1330
1330 3228 477
477 4136 1227
1227 4217 2812
2812 2033 2629
6
419 4205 1358
1358 6555 2987
2987 2404 2457
2457 1240 1939
1939 1727 1849
1849 718 2629
6
419 4207 1753
1753 5157 819
819 6511 954
954 5778 2430
2430 4559 473
473 257 2629
6
419 4257 596
596 398 1636
1636 6599 2267
2267 4407 1764
1764 5110 1899
1899 3547 2629
6
419 4306 2392
2392 5412 1555
1555 2873 1758
1758 1364 1186
1186 104 1660
1660 23 2629
6
419 4485 2616
2616 5651 1195
1195 4505 1788
1788 6370 2124
2124 1928 427
427 6158 2629
6
419 4502 2057
2057 3953 879
879 4530 500
500 5200 1578
1578 4198 2714
2714 1953 2629
6
419 4567 2281
2281 5207 1823
1823 3021 1292
1292 3381 139
139 1540 2894
2894 1667 2629
6
419 4618 884
884 2633 112
112 2621 1834
1834 523 2437
2437 2600 856
856 4349 2629
6
419 4642 1646
1646 5524 2108
2108 6315 2402
2402 5151 1912
1912 5852 1326
1326 4844 2629
6
419 4707 2018
2018 592 8
8 1754 425
425 5161 2832
2832 2754 497
497 6044 2629
6
419 4727 2079
2079 5655 2857
2857 6651 2186
2186 6417 1293
1293 5867 2367
2367 1214 2629
6
419 4854 332
332 4724 2560
2560 4048 434
434 6622 1076
1076 5091 533
533 1972 2629
6
419 4908 1440
1440 5764 2025
2025 5252 2170
2170 5345 1289
1289 4313 570
570 4089 2629
6
419 5001 650
650 2816 1721
1721 936 245
245 1516 1613
1613 5981 362
362 3937 2629
6
419 5040 2418
2418 6209 1864
1864 2345 1028
1028 410 1105
1105 2171 2671
2671 3246 2629
6
419 5050 2981
2981 2894 226
226 917 111
111 4314 1243
1243 3886 2093
2093 1803 2629
6
419 5083 2043
2043 4117 1495
1495 3283 2265
2265 2857 75
75 969 2439
2439 2415 2629
6
419 5421 2411
2411 5683 261
261 1646 1121
1121 4348 2148
2148 1891 612
612 3312 2629
6
419 5596 2447
2447 6646 1093
1093 1283 1210
1210 1415 120
120 3153 318
318 3121 2629
6
419 5712 1512
1512 684 2063
2063 4670 1077
1077 1917 767
767 2138 2867
2867 1127 2629
6
419 5834 738
738 2105 26
26 3890 1226
1226 5776 227
227 5070 2234
2234 4511 2629
6
419 6277 2174
2174 6456 647
647 6028 400
400 3519 2940
2940 5835 2810
2810 119 2629
6
419 6690 2301
2301 5903 76
76 6283 2462
2462 6297 1240
1240 270 1047
1047 689 2629
