541
6
1491 3 387
387 6145 1144
1144 333 233
233 4331 621
621 1700 2300
2300 2132 652
6
1491 4 573
573 3870 2670
2670 1891 2898
2898 6341 2127
2127 1420 1306
1306 5608 652
6
1491 20 2648
2648 5382 2929
2929 4693 2936
2936 2022 1643
1643 5505 809
809 1137 652
6
1491 21 36
36 2414 43
43 1516 102
102 379 2855
2855 4209 2408
2408 2200 652
6
1491 22 1959
1959 6363 2435
2435 189 1891
1891 1989 219
219 2942 2436
2436 3325 652
6
1491 25 1028
1028 3037 907
907 2555 498
498 3768 1554
1554 4064 2557
2557 448 652
6
1491 31 617
617 1741 2399
2399 4491 1724
1724 3160 1233
1233 3747 1705
1705 2319 652
6
1491 35 463
463 611 873
873 517 2517
2517 4070 1753
1753 2709 64
64 5312 652
6
1491 44 484
484 3693 2181
2181 7240 2829
2829 1905 2590
2590 238 854
854 264 652
6
1491 46 1149
1149 585 245
245 6565 2840
2840 3384 1022
1022 979 2421
2421 439 652
6
1491 54 740
740 2028 1012
1012 1371 317
317 3518 2727
2727 1374 1535
1535 976 652
6
1491 58 529
529 2827 2937
2937 2977 1661
1661 757 1328
1328 4773 799
799 3361 652
6
1491 60 2024
2024 4544 353
353 972 816
816 1800 1617
1617 3556 1194
1194 550 652
6
1491 62 1308
1308 5619 1693
1693 5158 1552
1552 1119 947
947 3939 1052
1052 317 652
6
1491 69 2307
2307 4256 2111
2111 424 1991
1991 4806 1633
1633 4291 937
937 2937 652
6
1491 73 2457
2457 2515 1727
1727 4997 1071
1071 2298 2165
2165 4418 888
888 721 652
6
1491 80 663
663 2770 452
452 2895 920
920 4783 369
369 1867 2574
2574 1483 652
6
1491 81 190
190 204 2110
2110 4029 2449
2449 3348 1925
1925 2096 1827
1827 1745 652
6
1491 92 110
110 1072 2048
2048 3932 1237
1237 4784 1087
1087 3404 1025
1025 4352 652
6
1491 94 282
282 1665 2274
2274 824 1597
1597 6540 2373
2373 4059 1030
1030 2844 652
6
1491 103 209
209 1236 2620
2620 7291 2449
2449 4314 2074
2074 241 243
243 2125 652
6
1491 110 443
443 633 1615
1615 663 1348
1348 5363 904
904 6001 2006
2006 476 652
6
1491 112 333
333 638 2336
2336 4780 1948
1948 2499 649
649 2438 859
859 2604 652
6
1491 114 1651
1651 1622 79
79 1896 945
945 6162 495
495 4034 101
101 1676 652
6
1491 116 2904
2904 5419 1810
1810 4479 1256
1256 3158 936
936 2701 2246
2246 2457 652
6
1491 117 2739
2739 4263 1012
1012 7265 986
986 2509 2493
2493 4450 1212
1212 1443 652
6
1491 119 642
642 7300 1414
1414 2460 286
286 4986 2182
2182 2064 1187
1187 1626 652
6
1491 130 2014
2014 672 811
811 5555 2057
2057 2897 1821
1821 3979 189
189 3500 652
6
1491 131 1343
1343 1356 1365
1365 993 364
364 6314 2826
2826 6217 2262
2262 5204 652
6
1491 132 735
735 741 644
644 1125 1944
1944 2697 767
767 3342 2755
2755 1736 652
6
1491 133 702
702 5944 2567
2567 9 546
546 4729 1281
1281 3585 1737
1737 2894 652
6
1491 142 497
497 6428 316
316 746 2377
2377 4641 2780
2780 2803 2512
2512 4432 652
6
1491 144 1790
1790 3881 565
565 834 1944
1944 4576 367
367 946 2931
2931 2000 652
6
1491 154 501
501 1290 680
680 1467 1948
1948 4754 2850
2850 5246 1373
1373 2727 652
6
1491 165 1608
1608 4087 1681
1681 6472 283
283 2025 665
665 2941 425
425 4600 652
6
1491 167 978
978 1253 1247
1247 1663 368
368 156 960
960 1335 324
324 2843 652
6
1491 169 2555
2555 1293 2142
2142 3426 1512
1512 1592 2
2 151 1527
1527 67 652
6
1491 178 2550
2550 1886 132
132 671 1764
1764 4568 356
356 2210 954
954 124 652
6
1491 180 582
582 5487 212
212 908 363
363 1949 1611
1611 3476 11
11 3268 652
6
1491 185 1768
1768 2197 1747
1747 2487 2596
2596 100 2112
2112 47 513
513 689 652
6
1491 200 2984
2984 278 1226
1226 3484 2569
2569 4686 673
673 5291 2288
2288 4779 652
6
1491 210 1403
1403 2831 1277
1277 506 2323
2323 152 946
946 2774 2474
2474 2336 652
6
1491 212 1130
1130 5245 2560
2560 7409 774
774 3728 2883
2883 6084 1232
1232 3803 652
6
1491 222 638
638 390 166
166 882 465
465 1434 893
893 2325 1249
1249 2315 652
6
1491 223 456
456 2186 1075
1075 2989 1602
1602 3453 2828
2828 852 1409
1409 2020 652
6
1491 225 163
163 1381 802
802 408 283
283 4128 2185
2185 2953 2762
2762 546 652
6
1491 227 145
145 5788 1079
1079 2406 1758
1758 1129 560
560 4184 2700
2700 3773 652
6
1491 235 2086
2086 806 1844
1844 1540 391
391 198 2993
2993 2026 1166
1166 78 652
6
1491 240 2781
2781 3385 2952
2952 2361 165
165 781 1539
1539 7222 2584
2584 3517 652
6
1491 253 1749
1749 3472 2291
2291 5160 586
586 1193 834
834 1601 1803
1803 2545 652
6
1491 270 1805
1805 6043 1107
1107 5483 1089
1089 3000 894
894 1582 682
682 71 652
6
1491 276 1178
1178 3947 1970
1970 1328 1221
1221 826 2478
2478 2423 1874
1874 2998 652
6
1491 299 50
50 283 2304
2304 3931 1756
1756 5433 55
55 4201 2221
2221 768 652
6
1491 300 611
611 287 2013
2013 579 782
782 3973 2182
2182 7067 2700
2700 4839 652
6
1491 305 274
274 960 15
15 1277 886
886 7319 271
271 1105 1527
1527 6437 652
6
1491 310 1713
1713 2395 2711
2711 99 1791
1791 4657 842
842 349 2778
2778 4998 652
6
1491 312 2900
2900 148 307
307 812 992
992 2152 1677
1677 1542 188
188 4934 652
6
1491 314 1612
1612 831 2129
2129 5683 1209
1209 3022 1175
1175 4612 2709
2709 13 652
6
1491 320 2177
2177 2037 1870
1870 5577 2666
2666 1709 1611
1611 4999 1493
1493 735 652
6
1491 328 2189
2189 7146 2749
2749 6544 285
285 4622 2851
2851 1816 1241
1241 4550 652
6
1491 331 1200
1200 2610 2835
2835 3778 337
337 3645 2079
2079 598 895
895 2234 652
6
1491 336 2958
2958 5763 1380
1380 1937 253
253 6235 2595
2595 6071 2950
2950 2396 652
6
1491 339 2237
2237 5344 2994
2994 374 1955
1955 7092 843
843 3775 631
631 1061 652
6
1491 340 2863
2863 1029 636
636 1023 477
477 7258 2219
2219 6177 1823
1823 2393 652
6
1491 342 1910
1910 242 1610
1610 1536 1273
1273 244 2269
2269 7292 888
888 2585 652
6
1491 351 2457
2457 5662 2222
2222 489 695
695 2848 1971
1971 487 888
888 6590 652
6
1491 352 2338
2338 2784 1163
1163 5255 2942
2942 1853 1581
1581 821 2713
2713 608 652
6
1491 353 1978
1978 991 1035
1035 1524 215
215 3191 2303
2303 754 2897
2897 1876 652
6
1491 355 2660
2660 1694 811
811 6469 2465
2465 1571 2458
2458 1869 1773
1773 1545 652
6
1491 357 1432
1432 5964 1500
1500 6027 1048
1048 2540 51
51 5865 1838
1838 711 652
6
1491 362 267
267 3995 112
112 2837 1732
1732 5044 2535
2535 5165 759
759 186 652
6
1491 364 180
180 501 2138
2138 5357 385
385 3777 798
798 2139 676
676 430 652
6
1491 370 2155
2155 3846 525
525 3011 2104
2104 1110 2673
2673 5121 1161
1161 1000 652
6
1491 371 766
766 3713 2223
2223 3169 722
722 2689 2921
2921 4150 323
323 3051 652
6
1491 375 1280
1280 2057 1857
1857 1246 1323
1323 4011 182
182 786 1578
1578 4630 652
6
1491 385 2597
2597 2307 1277
1277 6488 2413
2413 849 2733
2733 2276 2474
2474 3886 652
6
1491 391 2012
2012 4826 2226
2226 3131 1816
1816 2510 2137
2137 2090 1253
1253 5495 652
6
1491 392 81
81 272 644
644 2027 758
758 5174 2907
2907 273 2931
2931 4478 652
6
1491 401 715
715 2351 2067
2067 495 1115
1115 2873 2837
2837 726 152
152 4188 652
6
1491 403 2330
2330 3275 44
44 4067 935
935 2206 495
495 5653 1220
1220 1373 652
6
1491 410 2117
2117 602 70
70 4227 2096
2096 1680 2601
2601 880 147
147 3337 652
6
1491 413 1117
1117 2333 1484
1484 2429 1913
1913 1148 348
348 2067 1106
1106 1998 652
6
1491 420 785
785 7010 2456
2456 4885 1027
1027 3432 211
211 844 1567
1567 248 652
6
1491 421 1698
1698 2071 1384
1384 4589 2715
2715 939 2017
2017 4580 1216
1216 414 652
6
1491 422 2520
2520 699 2319
2319 3270 2927
2927 260 1750
1750 1911 2498
2498 1124 652
6
1491 427 1850
1850 292 2018
2018 4206 2022
2022 2885 1034
1034 2538 555
555 1818 652
6
1491 431 2125
2125 935 1707
1707 1849 512
512 6330 890
890 4859 1093
1093 3611 652
6
1491 438 1000
1000 1606 2320
2320 5550 1303
1303 3428 2969
2969 1812 522
522 514 652
6
1491 440 176
176 4504 2310
2310 2712 1547
1547 2867 591
591 2594 2285
2285 944 652
6
1491 441 2301
2301 1775 1693
1693 5355 2188
2188 5904 1355
1355 1681 2230
2230 176 652
6
1491 449 1698
1698 6543 43
43 4235 278
278 4405 951
951 1327 1239
1239 1977 652
6
1491 454 1645
1645 2310 412
412 409 200
200 230 2976
2976 874 522
522 3181 652
6
1491 467 1861
1861 2209 1800
1800 6229 2890
2890 1834 610
610 4894 2095
2095 3136 652
6
1491 481 1344
1344 4926 1244
1244 5762 201
201 4795 461
461 5678 1176
1176 1017 652
6
1491 482 274
274 1852 731
731 161 1057
1057 5252 2415
2415 107 1113
1113 3524 652
6
1491 483 392
392 6512 2738
2738 767 2297
2297 1941 1965
1965 4408 2285
2285 4354 652
6
1491 491 2642
2642 2385 179
179 1311 2271
2271 564 248
248 2480 223
223 1638 652
6
1491 493 2962
2962 5581 294
294 4101 2345
2345 7052 284
284 1993 1293
1293 1261 652
6
1491 499 191
191 2640 1683
1683 515 2524
2524 215 137
137 24 1030
1030 6554 652
6
1491 511 2391
2391 791 2268
2268 3861 326
326 666 1953
1953 573 2543
2543 6628 652
6
1491 519 2053
2053 11 607
607 2150 968
968 2734 2367
2367 2288 172
172 376 652
6
1491 520 2889
2889 5816 2236
2236 1201 1943
1943 1073 2009
2009 157 383
383 1464 652
6
1491 532 2556
2556 64 303
303 2428 261
261 6041 1629
1629 5540 2810
2810 798 652
6
1491 536 2511
2511 5923 2088
2088 6258 2594
2594 5263 2977
2977 2493 2321
2321 1036 652
6
1491 539 1437
1437 29 1299
1299 4950 142
142 6790 1880
1880 3542 2671
2671 744 652
6
1491 543 1998
1998 6889 1498
1498 4219 974
974 3071 467
467 5772 2502
2502 412 652
6
1491 545 1642
1642 4368 1210
1210 6580 2741
2741 7019 1031
1031 1667 1161
1161 7030 652
6
1491 552 1188
1188 1829 1482
1482 2066 439
439 737 2995
2995 1922 2528
2528 500 652
6
1491 577 1549
1549 4119 983
983 3531 1894
1894 3896 1855
1855 5661 2626
2626 1349 652
6
1491 578 293
293 6398 755
755 903 2296
2296 1505 2509
2509 1183 657
657 2787 652
6
1491 583 1329
1329 4801 1353
1353 6220 2655
2655 147 1559
1559 4760 868
868 6 652
6
1491 584 2035
2035 1177 2400
2400 1916 100
100 3034 260
260 3179 1433
1433 4468 652
6
1491 590 2680
2680 1248 2268
2268 6313 2034
2034 1966 678
678 162 2928
2928 1353 652
6
1491 594 1458
1458 40 1857
1857 6776 540
540 5457 549
549 703 1968
1968 1050 652
6
1491 603 110
110 5415 1361
1361 1755 1237
1237 5910 131
131 2667 1502
1502 1721 652
6
1491 606 1378
1378 1640 1946
1946 3894 2369
2369 896 1716
1716 2079 2633
2633 893 652
6
1491 617 2900
2900 1833 254
254 1535 1412
1412 2335 2467
2467 6919 556
556 2044 652
6
1491 619 232
232 1438 2327
2327 3333 609
609 5712 600
600 6781 113
113 1117 652
6
1491 620 1902
1902 3066 1916
1916 5168 826
826 4148 2147
2147 5190 1751
1751 2810 652
6
1491 622 529
529 6532 2987
2987 105 1172
1172 1020 428
428 1016 1156
1156 4768 652
6
1491 625 1432
1432 7482 2172
2172 1974 42
42 1675 1754
1754 1564 1504
1504 2223 652
6
1491 627 1222
1222 4608 2479
2479 1216 2797
2797 568 236
236 306 193
193 207 652
6
1491 645 433
433 3981 761
761 2262 1994
1994 7006 2306
2306 3021 1662
1662 95 652
6
1491 648 129
129 4344 1049
1049 4023 2001
2001 1270 1005
1005 605 994
994 655 652
6
1491 652 1476
1476 3940 1189
1189 7188 1710
1710 2060 429
429 765 1593
1593 2292 652
6
1491 659 1675
1675 4575 2943
2943 1737 1379
1379 3789 2346
2346 234 355
355 3123 652
6
1491 668 157
157 4022 1893
1893 3198 2414
2414 280 2461
2461 182 457
457 2246 652
6
1491 673 1799
1799 3651 857
857 745 664
664 1538 2128
2128 37 1025
1025 4781 652
6
1491 678 2261
2261 7074 557
557 5259 1171
1171 221 1686
1686 2196 275
275 2240 652
6
1491 679 1222
1222 6559 1853
1853 2587 1145
1145 465 1023
1023 3413 193
193 503 652
6
1491 680 573
573 5027 1179
1179 5077 134
134 3387 1617
1617 5971 817
817 508 652
6
1491 682 2706
2706 6785 1809
1809 5680 2094
2094 360 1421
1421 4617 1937
1937 2031 652
6
1491 685 2215
2215 3410 2013
2013 7181 2459
2459 7481 2712
2712 4380 1309
1309 3184 652
6
1491 686 2667
2667 5829 1557
1557 416 382
382 1525 2772
2772 6399 2503
2503 1604 652
6
1491 687 1714
1714 1838 656
656 1793 2789
2789 6374 1904
1904 2826 2286
2286 237 652
6
1491 692 2834
2834 5746 771
771 5326 533
533 4336 2198
2198 3043 263
263 857 652
6
1491 693 125
125 631 1847
1847 1343 567
567 1956 762
762 6494 2171
2171 624 652
6
1491 695 626
626 28 847
847 3650 1940
1940 2290 1281
1281 7301 2985
2985 2518 652
6
1491 697 1966
1966 760 2063
2063 4546 1575
1575 4966 881
881 6681 419
419 297 652
6
1491 706 115
115 593 1044
1044 2408 1251
1251 5775 2672
2672 5274 360
360 32 652
6
1491 710 2735
2735 1824 1973
1973 1961 2257
2257 228 415
415 335 1493
1493 3137 652
6
1491 728 2704
2704 2839 878
878 174 2065
2065 717 812
812 4430 2300
2300 4770 652
6
1491 729 2777
2777 5688 2244
2244 2353 454
454 6546 2064
2064 3125 460
460 873 652
6
1491 730 1367
1367 1393 15
15 5055 2513
2513 3566 2415
2415 6642 2160
2160 345 652
6
1491 731 41
41 1022 118
118 4100 1552
1552 3943 542
542 1052 1052
1052 1562 652
6
1491 732 335
335 3818 358
358 7112 2324
2324 344 88
88 5675 1118
1118 218 652
6
1491 736 2394
2394 4702 325
325 1943 1323
1323 6810 1782
1782 1610 1968
1968 1534 652
6
1491 756 2611
2611 6618 2585
2585 3600 608
608 4330 499
499 522 730
730 610 652
6
1491 771 58
58 4215 778
778 537 706
706 1644 1217
1217 1507 2278
2278 2502 652
6
1491 785 2042
2042 4764 1585
1585 912 538
538 1533 1720
1720 2678 1630
1630 468 652
6
1491 800 2275
2275 1205 2573
2573 6180 2750
2750 7134 479
479 1101 2862
2862 1187 652
6
1491 802 1458
1458 542 447
447 6722 1595
1595 6806 1782
1782 3571 1578
1578 6974 652
6
1491 810 611
611 5778 53
53 7318 351
351 2927 423
423 4953 1309
1309 3401 652
6
1491 811 1019
1019 2230 646
646 141 534
534 5241 1819
1819 456 562
562 3823 652
6
1491 839 908
908 3865 2452
2452 6610 986
986 2603 210
210 3627 1212
1212 1988 652
6
1491 840 1036
1036 3219 70
70 7270 21
21 302 2601
2601 4802 2603
2603 2598 652
6
1491 843 853
853 146 5
5 3371 441
441 6015 2308
2308 827 2618
2618 4396 652
6
1491 855 2139
2139 2775 1659
1659 1729 1941
1941 7204 1858
1858 513 1192
1192 1126 652
6
1491 856 2669
2669 2413 933
933 3279 1330
1330 5210 2247
2247 567 2575
2575 1252 652
6
1491 865 2559
2559 6056 733
733 4528 2455
2455 2243 622
622 4146 1373
1373 3741 652
6
1491 867 2240
2240 2783 12
12 5831 910
910 1637 413
413 7411 427
427 3815 652
6
1491 870 2790
2790 3895 76
76 366 1975
1975 1135 384
384 3695 558
558 5153 652
6
1491 877 971
971 2283 1085
1085 7385 1896
1896 626 915
915 3407 122
122 901 652
6
1491 885 2395
2395 5215 400
400 5593 2632
2632 3583 1525
1525 6296 1314
1314 3590 652
6
1491 886 1347
1347 6926 1386
1386 4832 2513
2513 5328 2630
2630 6481 1113
1113 5309 652
6
1491 891 1760
1760 469 2926
2926 5881 2154
2154 1151 2068
2068 1561 2708
2708 1122 652
6
1491 897 1000
1000 4541 2732
2732 6442 1303
1303 3913 1591
1591 2425 1331
1331 900 652
6
1491 899 2775
2775 1811 2852
2852 455 1321
1321 5525 476
476 496 1267
1267 868 652
6
1491 902 1507
1507 6994 357
357 2919 1136
1136 3862 1284
1284 3388 2769
2769 2699 652
6
1491 913 2460
2460 5138 1336
1336 6619 2364
2364 4835 867
867 5696 389
389 2224 652
6
1491 917 2974
2974 5566 1304
1304 5813 1962
1962 6480 287
287 2474 2491
2491 3706 652
6
1491 918 1731
1731 3478 845
845 7402 2992
2992 601 2784
2784 3375 383
383 3891 652
6
1491 919 2402
2402 2415 490
490 2462 1834
1834 268 422
422 562 2498
2498 3433 652
6
1491 925 2668
2668 2145 677
677 6125 1172
1172 6741 1477
1477 6881 94
94 2191 652
6
1491 928 2298
2298 984 1407
1407 2121 2390
2390 747 2634
2634 4606 855
855 450 652
6
1491 932 1703
1703 2034 2756
2756 3223 2302
2302 3417 1540
1540 1446 360
360 4342 652
6
1491 949 2959
2959 4238 2896
2896 5459 1400
1400 3480 408
408 418 2785
2785 5078 652
6
1491 953 2770
2770 1708 2592
2592 4629 1016
1016 1669 2461
2461 4393 2204
2204 1412 652
6
1491 958 2607
2607 3429 2758
2758 600 2455
2455 3449 668
668 921 1545
1545 361 652
6
1491 962 2694
2694 1861 34
34 5826 2978
2978 4527 1250
1250 5859 101
101 4192 652
6
1491 964 2097
2097 1260 516
516 2075 939
939 6288 572
572 1583 1452
1452 3641 652
6
1491 974 2398
2398 2377 1765
1765 2801 2824
2824 3736 149
149 1781 2348
2348 181 652
6
1491 977 1332
1332 3967 2592
2592 6210 2782
2782 7506 1150
1150 1454 2486
2486 1618 652
6
1491 982 1333
1333 3299 1553
1553 2541 1065
1065 714 1359
1359 1191 1061
1061 2923 652
6
1491 985 1042
1042 3902 741
741 2170 535
535 1203 2333
2333 4539 2168
2168 2008 652
6
1491 1003 1415
1415 1791 1908
1908 4505 1895
1895 2199 2944
2944 1795 943
943 755 652
6
1491 1007 2037
2037 832 1164
1164 5715 1305
1305 2916 1424
1424 1070 80
80 1504 652
6
1491 1009 520
520 5835 1999
1999 5441 1729
1729 5342 410
410 2983 1063
1063 2118 652
6
1491 1012 306
306 2146 1009
1009 527 1789
1789 332 473
473 1025 1776
1776 582 652
6
1491 1014 466
466 1001 2994
2994 1651 1099
1099 4278 2482
2482 5137 941
941 1705 652
6
1491 1015 443
443 5075 838
838 696 1728
1728 90 719
719 2743 2848
2848 683 652
6
1491 1026 2277
2277 2019 2048
2048 4108 1479
1479 3799 2860
2860 7530 2366
2366 1194 652
6
1491 1031 659
659 3708 2356
2356 2337 1358
1358 4877 1808
1808 1058 122
122 3187 652
6
1491 1034 1333
1333 4659 2624
2624 400 273
273 5074 1146
1146 4499 931
931 188 652
6
1491 1035 903
903 2865 1929
1929 5976 143
143 321 426
426 4846 1990
1990 842 652
6
1491 1039 2420
2420 1603 249
249 7502 2166
2166 3450 832
832 2957 1928
1928 84 652
6
1491 1042 2265
2265 5565 1603
1603 6097 1951
1951 104 414
414 5202 327
327 632 652
6
1491 1046 1508
1508 4154 2852
2852 5397 737
737 2902 2784
2784 5019 852
852 4239 652
6
1491 1049 306
306 5731 194
194 1476 2070
2070 959 1695
1695 2670 1776
1776 2373 652
6
1491 1075 1174
1174 2265 1391
1391 2569 2760
2760 3124 1858
1858 2367 1627
1627 1951 652
6
1491 1077 2117
2117 3024 155
155 354 238
238 2792 1465
1465 139 2701
2701 5114 652
6
1491 1080 2808
2808 3102 2211
2211 3783 1709
1709 884 2165
2165 6413 997
997 1933 652
6
1491 1081 31
31 6081 1722
1722 4419 1211
1211 486 1170
1170 3871 460
460 1159 652
6
1491 1086 2206
2206 3890 2677
2677 1596 1016
1016 4126 1150
1150 4979 1837
1837 5154 652
6
1491 1095 2105
2105 3366 438
438 4734 1658
1658 1487 1798
1798 51 318
318 4590 652
6
1491 1099 1883
1883 286 1313
1313 1027 2872
2872 4360 409
409 1501 2740
2740 670 652
6
1491 1100 2683
2683 3380 666
666 3378 1322
1322 6522 568
568 17 1837
1837 5499 652
6
1491 1120 630
630 5242 1652
1652 2586 598
598 930 969
969 5356 1041
1041 1960 652
6
1491 1130 2861
2861 4328 2964
2964 3078 553
553 4413 348
348 3874 2288
2288 6529 652
6
1491 1132 828
828 6328 679
679 2579 2779
2779 452 2017
2017 7238 1239
1239 4531 652
6
1491 1134 846
846 2436 2313
2313 6055 1486
1486 5907 1510
1510 5251 2894
2894 575 652
6
1491 1143 2966
2966 6470 1807
1807 3879 2106
2106 2861 2196
2196 6152 872
872 475 652
6
1491 1158 1430
1430 4794 105
105 6044 879
879 5627 87
87 906 2453
2453 2859 652
6
1491 1168 1713
1713 2711 976
976 3999 1791
1791 7194 554
554 38 1265
1265 76 652
6
1491 1172 2726
2726 940 399
399 6969 2316
2316 368 1034
1034 4024 17
17 1304 652
6
1491 1174 2973
2973 4220 1685
1685 4072 684
684 6195 2795
2795 4868 2290
2290 3661 652
6
1491 1178 1385
1385 4775 1046
1046 5664 2655
2655 2691 953
953 6712 370
370 2051 652
6
1491 1180 791
791 5535 1690
1690 3801 2039
2039 2766 2090
2090 2404 2631
2631 2106 652
6
1491 1181 1254
1254 1598 166
166 4428 570
570 236 1579
1579 4110 295
295 1011 652
6
1491 1184 1152
1152 5620 781
781 12 1084
1084 7033 934
934 4140 2688
2688 3580 652
6
1491 1188 1877
1877 1983 1165
1165 604 2761
2761 2491 1324
1324 1973 1990
1990 3735 652
6
1491 1195 1529
1529 3616 505
505 4663 1512
1512 4988 2011
2011 5756 510
510 704 652
6
1491 1196 1140
1140 763 1958
1958 3755 2462
2462 2979 182
182 923 2950
2950 3139 652
6
1491 1197 2024
2024 4571 1179
1179 5935 816
816 5769 2127
2127 6171 2439
2439 434 652
6
1491 1199 1691
1691 4481 2244
2244 3389 2877
2877 971 1532
1532 1433 829
829 1897 652
6
1491 1202 2689
2689 1240 1541
1541 5863 1797
1797 3171 2746
2746 5543 322
322 1146 652
6
1491 1224 637
637 1670 1946
1946 5546 1288
1288 1499 1141
1141 2372 1120
1120 136 652
6
1491 1225 709
709 6435 847
847 4631 546
546 6935 168
168 5563 2985
2985 4277 652
6
1491 1232 1912
1912 4591 2674
2674 1300 777
777 3189 1523
1523 6677 321
321 2086 652
6
1491 1233 2431
2431 1575 1463
1463 7546 268
268 327 1605
1605 978 355
355 3565 652
6
1491 1235 2809
2809 6787 2972
2972 2456 2113
2113 259 124
124 2722 876
876 217 652
6
1491 1237 32
32 8 1755
1755 7554 411
411 2014 569
569 2082 2566
2566 1982 652
6
1491 1239 1767
1767 887 781
781 1411 531
531 6103 2837
2837 2521 1785
1785 3186 652
6
1491 1247 1794
1794 5311 1903
1903 388 583
583 1636 1031
1031 5554 2697
2697 1396 652
6
1491 1251 372
372 2738 1654
1654 3196 1624
1624 6877 2764
2764 7309 729
729 907 652
6
1491 1271 1796
1796 115 1585
1585 2161 1851
1851 6922 336
336 5306 2868
2868 990 652
6
1491 1272 1126
1126 5492 2722
2722 2984 2891
2891 1673 1631
1631 6865 2453
2453 3331 652
6
1491 1274 575
575 4474 1427
1427 2664 1839
1839 4635 1134
1134 5393 1988
1988 1511 652
6
1491 1276 1437
1437 2068 1795
1795 3522 2059
2059 1254 1195
1195 6455 2671
2671 4701 652
6
1491 1282 1325
1325 6615 1450
1450 2789 1263
1263 36 891
891 5028 1922
1922 1363 652
6
1491 1283 870
870 5939 2361
2361 1842 2991
2991 3241 2079
2079 1486 1231
1231 1985 652
6
1491 1306 2255
2255 7397 795
795 1314 1745
1745 1415 8
8 1950 2472
2472 4834 652
6
1491 1308 908
908 4350 1399
1399 4053 298
298 7035 2529
2529 674 1389
1389 553 652
6
1491 1316 590
590 1229 1144
1144 5296 2496
2496 5197 818
818 2868 1849
1849 2153 652
6
1491 1322 492
492 2137 197
197 6245 2121
2121 398 1489
1489 1928 948
948 3488 652
6
1491 1326 1768
1768 3682 1425
1425 1593 2363
2363 173 919
919 2444 1435
1435 657 652
6
1491 1331 1775
1775 2305 2802
2802 5066 2957
2957 3402 2115
2115 1 1289
1289 1173 652
6
1491 1337 1907
1907 5315 1360
1360 1615 1852
1852 6319 1862
1862 2899 2695
2695 1817 652
6
1491 1338 2385
2385 1732 2766
2766 5371 1815
1815 2023 970
970 3317 1820
1820 1167 652
6
1491 1339 1318
1318 3887 132
132 1456 981
981 1608 649
649 2471 2516
2516 2812 652
6
1491 1342 1067
1067 313 838
838 5325 1027
1027 6711 719
719 5520 1408
1408 892 652
6
1491 1368 2483
2483 5322 2752
2752 646 2364
2364 5702 1748
1748 6971 2280
2280 2978 652
6
1491 1395 1697
1697 6447 744
744 2744 2324
2324 4804 2921
2921 5411 1118
1118 967 652
6
1491 1399 125
125 5757 1201
1201 3925 567
567 3554 839
839 2464 1666
1666 718 652
6
1491 1410 2506
2506 4372 1235
1235 307 1436
1436 111 289
289 4671 2036
2036 1447 652
6
1491 1416 2174
2174 4355 983
983 4676 2034
2034 4384 1878
1878 3098 2928
2928 3731 652
6
1491 1421 1972
1972 1141 1620
1620 1436 806
806 3630 2447
2447 1358 829
829 4347 652
6
1491 1423 92
92 197 696
696 2981 993
993 1378 1510
1510 7334 2635
2635 3094 652
6
1491 1425 1439
1439 6102 474
474 6357 20
20 1978 947
947 4861 614
614 164 652
6
1491 1429 272
272 6150 1847
1847 2261 581
581 3118 2021
2021 753 2171
2171 1752 652
6
1491 1448 1101
1101 5666 2903
2903 1155 1756
1756 6445 2100
2100 3898 860
860 3760 652
6
1491 1451 1149
1149 4190 1468
1468 1214 1109
1109 2316 1022
1022 1071 519
519 2275 652
6
1491 1455 1064
1064 4324 250
250 3235 552
552 4569 1324
1324 7127 1392
1392 6196 652
6
1491 1461 1456
1456 3720 2593
2593 5471 2154
2154 6147 1964
1964 1398 2708
2708 2714 652
6
1491 1468 2403
2403 2390 2252
2252 1693 2789
2789 6622 841
841 3525 54
54 288 652
6
1491 1472 335
335 6696 744
744 4092 329
329 3876 2473
2473 6192 2740
2740 3897 652
6
1491 1480 1024
1024 681 655
655 3598 989
989 3853 2002
2002 2339 2036
2036 1872 652
6
1491 1485 921
921 5743 2853
2853 5517 790
790 995 37
37 4121 1015
1015 2495 652
6
1491 1491 1173
1173 6864 2817
2817 4308 987
987 265 18
18 3909 130
130 2687 652
6
1491 1493 595
595 3309 310
310 762 103
103 2820 2150
2150 2260 464
464 247 652
6
1491 1513 1516
1516 6212 213
213 5450 280
280 2308 674
674 7162 172
172 2248 652
6
1491 1519 710
710 2360 1202
1202 2459 1088
1088 3779 2551
2551 298 60
60 618 652
6
1491 1527 2404
2404 1864 1721
1721 1107 2271
2271 4566 330
330 2993 223
223 3127 652
6
1491 1529 2723
2723 3386 2696
2696 2013 2033
2033 5695 2967
2967 551 718
718 219 652
6
1491 1530 1675
1675 6870 1228
1228 5232 241
241 4089 1605
1605 6204 861
861 1318 652
6
1491 1531 2056
2056 6005 459
459 7128 1362
1362 1841 2902
2902 1799 2157
2157 386 652
6
1491 1537 2842
2842 980 2949
2949 129 1981
1981 630 2251
2251 311 2290
2290 4104 652
6
1491 1552 2058
2058 6952 1621
1621 1114 2663
2663 2651 2141
2141 2095 1192
1192 5685 652
6
1491 1559 504
504 4785 2451
2451 34 708
708 5885 621
621 3536 291
291 2646 652
6
1491 1572 889
889 5521 2499
2499 770 2272
2272 407 206
206 1731 906
906 91 652
6
1491 1576 1588
1588 3899 202
202 7470 385
385 6046 815
815 250 388
388 303 652
6
1491 1586 1429
1429 2402 712
712 2790 396
396 23 2156
2156 535 1899
1899 358 652
6
1491 1599 2745
2745 43 2776
2776 1958 2885
2885 3262 1268
1268 5958 2366
2366 3329 652
6
1491 1623 864
864 1257 1124
1124 4008 1813
1813 635 462
462 5587 699
699 195 652
6
1491 1633 185
185 1690 269
269 5162 548
548 6228 401
401 3562 2202
2202 39 652
6
1491 1634 573
573 6518 825
825 1496 1219
1219 3691 2127
2127 6351 817
817 2777 652
6
1491 1642 1945
1945 5987 135
135 1771 151
151 338 2049
2049 254 455
455 1278 652
6
1491 1661 2669
2669 2525 756
756 1796 2004
2004 801 2990
2990 2177 686
686 1726 652
6
1491 1685 2391
2391 6715 1354
1354 5893 159
159 4690 1914
1914 1719 2417
2417 677 652
6
1491 1686 1449
1449 854 250
250 4246 2761
2761 2578 2935
2935 1208 2803
2803 1460 652
6
1491 1691 902
902 5783 2132
2132 5349 1312
1312 477 2522
2522 1631 1080
1080 4492 652
6
1491 1696 1307
1307 2881 2636
2636 4955 2718
2718 470 1554
1554 5849 2239
2239 1323 652
6
1491 1706 1466
1466 5660 2817
2817 4687 1663
1663 2338 2508
2508 5300 2917
2917 5750 652
6
1491 1718 231
231 805 1723
1723 3365 153
153 1054 2719
2719 894 955
955 4391 652
6
1491 1744 288
288 4987 1644
1644 2948 1070
1070 4688 1151
1151 1430 78
78 271 652
6
1491 1747 2485
2485 5466 907
907 5146 2718
2718 6402 2702
2702 5602 2239
2239 3347 652
6
1491 1748 2880
2880 2696 2796
2796 6788 2004
2004 4755 2029
2029 916 1803
1803 3481 652
6
1491 1753 2597
2597 7094 1700
1700 2488 2323
2323 2507 1264
1264 924 29
29 1739 652
6
1491 1766 2347
2347 793 2173
2173 2384 743
743 1288 691
691 1366 2785
2785 6492 652
6
1491 1772 1708
1708 428 636
636 4358 697
697 3107 1528
1528 295 539
539 120 652
6
1491 1773 693
693 1432 1460
1460 4320 1682
1682 3367 515
515 6295 2894
2894 1947 652
6
1491 1789 1531
1531 4251 2807
2807 3099 1868
1868 451 747
747 4037 714
714 3674 652
6
1491 1790 2668
2668 5063 2435
2435 3732 1288
1288 4363 843
843 3821 2633
2633 3283 652
6
1491 1794 1786
1786 1865 776
776 2633 1952
1952 5852 340
340 318 315
315 538 652
6
1491 1802 788
788 4322 2234
2234 7180 1444
1444 5214 1653
1653 137 2095
2095 4710 652
6
1491 1810 445
445 2446 2753
2753 2219 1746
1746 667 2021
2021 4193 2081
2081 2269 652
6
1491 1813 2375
2375 922 2055
2055 1361 151
151 534 1169
1169 1899 641
641 518 652
6
1491 1819 2781
2781 5891 683
683 6462 165
165 2705 59
59 5420 2951
2951 497 652
6
1491 1823 1019
1019 7153 1526
1526 2400 774
774 4513 1544
1544 4968 562
562 4082 652
6
1491 1826 2145
2145 2922 79
79 6638 1278
1278 4651 230
230 774 1773
1773 3849 652
6
1491 1827 2640
2640 758 1468
1468 6347 49
49 3008 462
462 5898 1294
1294 3003 652
6
1491 1831 2071
2071 2213 2019
2019 1512 2684
2684 3917 2754
2754 191 104
104 2816 652
6
1491 1839 1518
1518 556 2499
2499 1439 737
737 3793 482
482 3105 2317
2317 98 652
6
1491 1850 2388
2388 7457 1522
1522 2098 1509
1509 3612 2440
2440 5223 1306
1306 5752 652
6
1491 1851 850
850 7039 768
768 3721 1227
1227 643 2122
2122 1923 578
578 2639 652
6
1491 1854 191
191 5657 1483
1483 2580 2579
2579 4315 2062
2062 7152 141
141 4026 652
6
1491 1859 1972
1972 1660 1411
1411 2628 1312
1312 1317 2859
2859 2814 1133
1133 383 652
6
1491 1860 1223
1223 2376 1655
1655 3835 465
465 1567 423
423 6700 863
863 2489 652
6
1491 1866 803
803 609 1722
1722 7235 2936
2936 3165 2064
2064 3784 2233
2233 1629 652
6
1491 1870 169
169 3749 2253
2253 5104 397
397 7139 384
384 7144 2471
2471 48 652
6
1491 1878 2341
2341 3810 922
922 2987 874
874 6965 1496
1496 3814 2318
2318 473 652
6
1491 1880 1980
1980 3625 1203
1203 4143 1017
1017 249 726
726 5020 1376
1376 4903 652
6
1491 1898 484
484 5721 2224
2224 3986 1397
1397 3761 177
177 5125 868
868 3722 652
6
1491 1901 2012
2012 7390 704
704 6915 2614
2614 343 2137
2137 4423 1095
1095 1882 652
6
1491 1909 1883
1883 2795 1495
1495 3662 329
329 5878 88
88 6758 773
773 2143 652
6
1491 1913 1011
1011 4075 1548
1548 457 1901
1901 2162 1949
1949 866 510
510 3065 652
6
1491 1918 394
394 2692 2148
2148 4362 966
966 5759 1562
1562 4290 1577
1577 1883 652
6
1491 1926 618
618 4557 2533
2533 2960 957
957 2368 1218
1218 1418 1885
1885 2830 652
6
1491 1930 1147
1147 2737 2226
2226 4598 1121
1121 4486 2241
2241 6675 1213
1213 5460 652
6
1491 1932 820
820 3588 136
136 3176 1558
1558 6080 915
915 6100 2857
2857 1402 652
6
1491 1969 421
421 2258 2945
2945 1346 1520
1520 118 849
849 6373 1193
1193 547 652
6
1491 1997 2341
2341 4670 257
257 3126 874
874 7451 1677
1677 2144 178
178 1115 652
6
1491 1999 571
571 3614 162
162 504 2175
2175 2719 2470
2470 1062 1350
1350 1245 652
6
1491 2004 1917
1917 3798 956
956 3138 897
897 4937 2392
2392 2754 1096
1096 1351 652
6
1491 2007 1215
1215 322 2924
2924 1401 598
598 2733 1689
1689 5149 2577
2577 153 652
6
1491 2011 2505
2505 5134 566
566 6793 2599
2599 55 1038
1038 3540 1505
1505 3060 652
6
1491 2017 824
824 6092 468
468 1082 1276
1276 2117 2029
2029 7358 126
126 3461 652
6
1491 2033 1429
1429 4689 2130
2130 4157 2179
2179 875 1594
1594 4111 1950
1950 4247 652
6
1491 2042 1461
1461 1568 1887
1887 3638 1252
1252 2103 2563
2563 5108 536
536 1040 652
6
1491 2045 661
661 3900 2613
2613 4425 879
879 6075 2112
2112 2595 2541
2541 1065 652
6
1491 2054 1921
1921 3678 2674
2674 6616 1656
1656 1220 2289
2289 423 2810
2810 2447 652
6
1491 2061 1625
1625 7214 1541
1541 6847 417
417 2015 2522
2522 3075 1133
1133 1069 652
6
1491 2083 1530
1530 5601 884
884 252 1159
1159 2833 2698
2698 999 641
641 1931 652
6
1491 2092 883
883 1152 2273
2273 5358 2846
2846 4757 1753
1753 7333 2406
2406 1906 652
6
1491 2093 1129
1129 4375 1164
1164 5814 2163
2163 2232 819
819 3984 605
605 389 652
6
1491 2100 2610
2610 1754 1582
1582 163 2893
2893 7577 117
117 102 536
536 1759 652
6
1491 2133 267
267 6248 196
196 3864 601
601 3885 2980
2980 341 848
848 5 652
6
1491 2142 1240
1240 969 2615
2615 5009 2587
2587 5689 572
572 1641 114
114 2482 652
6
1491 2163 2863
2863 1877 111
111 712 917
917 2643 896
896 5248 1093
1093 6276 652
6
1491 2165 837
837 1221 1573
1573 4004 2094
2094 6064 707
707 1332 2243
2243 4771 652
6
1491 2173 2582
2582 1165 523
523 641 2639
2639 4489 1637
1637 2911 1584
1584 372 652
6
1491 2184 2941
2941 3574 2510
2510 2002 660
660 6158 2971
2971 79 1985
1985 829 652
6
1491 2193 544
544 2535 1659
1659 6484 2760
2760 7046 1686
1686 6247 1879
1879 65 652
6
1491 2203 2604
2604 4667 1792
1792 2295 2413
2413 4013 1739
1739 3053 1369
1369 2169 652
6
1491 2220 1518
1518 1828 2659
2659 3255 1943
1943 1587 2798
2798 787 1565
1565 1484 652
6
1491 2228 1966
1966 6680 184
184 1687 1191
1191 3487 815
815 3966 120
120 2383 652
6
1491 2242 1805
1805 7435 221
221 3840 2565
2565 813 717
717 2771 263
263 5573 652
6
1491 2259 1974
1974 1672 1203
1203 6269 183
183 93 1105
1105 7381 1696
1696 3910 652
6
1491 2273 33
33 5671 980
980 461 2314
2314 2962 1569
1569 1607 2701
2701 5209 652
6
1491 2277 2598
2598 6250 2776
2776 3128 109
109 7335 1447
1447 1284 2366
2366 4346 652
6
1491 2284 2774
2774 2786 2979
2979 2151 2532
2532 86 1860
1860 2278 403
403 1275 652
6
1491 2306 2745
2745 384 1072
1072 3392 38
38 5611 131
131 4049 1006
1006 2653 652
6
1491 2314 2808
2808 3579 27
27 6422 2016
2016 727 479
479 2375 681
681 1879 652
6
1491 2340 1318
1318 5193 1062
1062 1494 2032
2032 615 728
728 291 2227
2227 566 652
6
1491 2354 984
984 6987 1521
1521 4991 599
599 5163 1
1 7054 150
150 2808 652
6
1491 2356 2060
2060 2648 2080
2080 948 1674
1674 166 1906
1906 2081 19
19 5652 652
6
1491 2389 844
844 2855 1082
1082 7107 187
187 1792 1340
1340 281 627
627 1244 652
6
1491 2403 632
632 1645 1587
1587 6836 2450
2450 2824 1684
1684 3868 2315
2315 4152 652
6
1491 2411 1405
1405 954 2616
2616 796 174
174 1616 2947
2947 316 324
324 3664 652
6
1491 2417 1182
1182 5299 1979
1979 1959 2591
2591 3593 1302
1302 485 1272
1272 3377 652
6
1491 2420 216
216 7376 1440
1440 4609 1533
1533 1547 440
440 1724 738
738 168 652
6
1491 2431 1606
1606 3117 796
796 705 1564
1564 4132 1474
1474 6893 475
475 2178 652
6
1491 2443 518
518 2571 2964
2964 4628 2569
2569 6736 2621
2621 3893 1443
1443 1074 652
6
1491 2455 2691
2691 435 105
105 7167 2891
2891 3703 1744
1744 1777 2453
2453 3930 652
6
1491 2478 2437
2437 6829 2888
2888 4562 2311
2311 6163 2798
2798 5437 1854
1854 1038 652
6
1491 2532 2135
2135 3467 2544
2544 214 2363
2363 4984 265
265 742 2541
2541 2229 652
6
1491 2556 2082
2082 4056 2773
2773 7161 1219
1219 5319 1339
1339 1066 2724
2724 2549 652
6
1491 2562 1481
1481 2617 1587
1587 7124 1951
1951 1076 1218
1218 4475 327
327 4392 652
6
1491 2568 1137
1137 4020 73
73 7068 268
268 3797 2819
2819 348 1705
1705 3390 652
6
1491 2574 2887
2887 2782 1119
1119 4876 1757
1757 6658 727
727 881 1086
1086 1845 652
6
1491 2589 2646
2646 7050 1482
1482 7479 2426
2426 4728 780
780 1330 1939
1939 905 652
6
1491 2599 537
537 3928 2753
2753 6513 2608
2608 175 1649
1649 325 2588
2588 3382 652
6
1491 2614 75
75 6094 666
666 6325 2448
2448 2205 367
367 5085 2755
2755 6197 652
6
1491 2616 1319
1319 3100 2586
2586 2164 1048
1048 5643 406
406 5141 1213
1213 7314 652
6
1491 2619 1763
1763 4561 1104
1104 6597 2242
2242 6378 401
401 6761 1363
1363 1139 652
6
1491 2630 92
92 569 918
918 2289 993
993 3935 262
262 5268 2635
2635 4818 652
6
1491 2650 962
962 206 74
74 2821 2468
2468 1442 800
800 220 2161
2161 4604 652
6
1491 2668 89
89 4952 2945
2945 5797 1501
1501 7550 1153
1153 1782 2982
2982 658 652
6
1491 2669 2082
2082 7495 825
825 2763 1509
1509 4262 1995
1995 1262 2724
2724 2944 652
6
1491 2672 1771
1771 7328 692
692 650 2767
2767 209 527
527 50 1003
1003 1597 652
6
1491 2680 808
808 1746 1368
1368 4124 1051
1051 5851 2038
2038 2522 937
937 5087 652
6
1491 2688 958
958 4377 756
756 3356 1330
1330 5917 2811
2811 3042 126
126 4054 652
6
1491 2694 2501
2501 1881 98
98 2725 1818
1818 3665 1327
1327 2047 2584
2584 3830 652
6
1491 2710 1091
1091 6678 679
679 3093 1812
1812 89 713
713 1348 2168
2168 5534 652
6
1491 2715 2679
2679 1359 1534
1534 7469 2779
2779 4914 550
550 7120 1984
1984 41 652
6
1491 2728 2485
2485 6318 2636
2636 6249 698
698 6020 1554
1554 7538 341
341 1131 652
6
1491 2739 619
619 5094 884
884 5467 1779
1779 2167 1169
1169 4155 1246
1246 1919 652
6
1491 2749 967
967 4496 2451
2451 3489 2065
2065 4555 1743
1743 6063 291
291 2971 652
6
1491 2762 2463
2463 1091 2210
2210 5768 2106
2106 6754 1590
1590 5302 823
823 5494 652
6
1491 2785 2542
2542 6051 1081
1081 4749 2175
2175 5990 800
800 6569 2282
2282 2642 652
6
1491 2796 255
255 2485 192
192 6968 195
195 2255 705
705 1656 64
64 6132 652
6
1491 2799 949
949 3159 2752
2752 4519 2734
2734 2476 2851
2851 3363 2561
2561 3109 652
6
1491 2804 903
903 6804 1165
1165 2512 552
552 6972 904
904 6535 1990
1990 7070 652
6
1491 2815 2833
2833 2945 378
378 6237 198
198 3669 940
940 2572 2422
2422 359 652
6
1491 2840 638
638 1474 822
822 1266 570
570 5530 893
893 3606 863
863 3547 652
6
1491 2869 606
606 4548 2256
2256 4503 1032
1032 7496 287
287 3068 2286
2286 1109 652
6
1491 2874 1774
1774 723 2331
2331 2706 1658
1658 1574 1986
1986 277 1083
1083 4321 652
6
1491 2875 2827
2827 3202 2933
2933 1903 2314
2314 3550 2470
2470 3045 2282
2282 6474 652
6
1491 2882 226
226 3297 22
22 1844 1092
1092 1701 2944
2944 4204 2026
2026 2227 652
6
1491 2886 1420
1420 4697 357
357 5000 743
743 1710 1284
1284 4654 2785
2785 7388 652
6
1491 2892 1766
1766 3516 1349
1349 3210 2767
2767 3168 1283
1283 7000 930
930 952 652
6
1491 2906 2209
2209 5716 2911
2911 6439 2663
2663 7248 2644
2644 1952 78
78 3458 652
6
1491 2908 2816
2816 2089 1638
1638 7529 500
500 4819 2389
2389 3438 480
480 2156 652
6
1491 2940 1215
1215 2270 2310
2310 4940 748
748 193 1689
1689 5230 1041
1041 3958 652
6
1491 2958 2322
2322 4611 2339
2339 7082 1718
1718 4084 700
700 5329 17
17 4079 652
6
1491 2961 277
277 5527 346
346 2731 215
215 3863 1472
1472 2 2332
2332 4646 652
6
1491 2973 1980
1980 7018 294
294 4918 1017
1017 7173 1665
1665 4898 2381
2381 1619 652
6
1491 3002 889
889 6996 1574
1574 6369 1801
1801 853 476
476 4118 2875
2875 664 652
6
1491 3009 2548
2548 1836 173
173 4348 71
71 3236 840
840 1098 331
331 2735 652
6
1491 3010 2398
2398 7272 1806
1806 1734 2281
2281 1108 149
149 4498 1026
1026 1037 652
6
1491 3035 1116
1116 6927 2653
2653 2252 1402
1402 5221 1888
1888 275 2218
2218 1944 652
6
1491 3047 2240
2240 3639 2371
2371 2430 1513
1513 2021 688
688 1424 1410
1410 187 652
6
1491 3069 690
690 5130 1290
1290 3116 615
615 4232 2551
2551 2043 2908
2908 239 652
6
1491 3084 281
281 7 235
235 2084 1270
1270 4597 2258
2258 3023 2380
2380 2660 652
6
1491 3133 959
959 3983 2989
2989 581 1445
1445 4098 1983
1983 5860 905
905 2539 652
6
1491 3135 1529
1529 7239 2605
2605 2032 1901
1901 3427 85
85 488 1185
1185 3437 652
6
1491 3141 648
648 955 2794
2794 644 2579
2579 6463 830
830 2584 1780
1780 1659 652
6
1491 3152 2298
2298 2326 2585
2585 3640 2390
2390 4196 593
593 3064 730
730 1980 652
6
1491 3188 2042
2042 6682 310
310 3244 1390
1390 931 901
901 4019 882
882 898 652
6
1491 3239 216
216 7445 235
235 4871 1464
1464 7531 2526
2526 973 1662
1662 2437 652
6
1491 3243 628
628 4647 2705
2705 5117 2054
2054 4699 1965
1965 5067 1831
1831 1704 652
6
1491 3267 2460
2460 5700 1576
1576 1051 875
875 6667 867
867 7202 1715
1715 2935 652
6
1491 3277 106
106 6189 1299
1299 6934 687
687 994 2245
2245 462 2743
2743 2607 652
6
1491 3278 1961
1961 6648 1572
1572 2996 2039
2039 3304 2441
2441 2880 2167
2167 2666 652
6
1491 3353 1935
1935 5181 2075
2075 596 354
354 4756 821
821 7509 1285
1285 232 652
6
1491 3358 2699
2699 3147 2510
2510 3315 514
514 6223 2971
2971 5136 309
309 708 652
6
1491 3369 2375
2375 2440 135
135 7542 14
14 6482 1169
1169 7510 2116
2116 1815 652
6
1491 3391 623
623 6701 2214
2214 5386 1813
1813 1674 789
789 5236 2328
2328 2176 652
6
1491 3398 2558
2558 6726 1235
1235 1414 989
989 5576 289
289 5726 855
855 1588 652
6
1491 3430 1850
1850 4374 399
399 7261 2938
2938 5636 1492
1492 3743 1830
1830 229 652
6
1491 3431 1116
1116 7081 822
822 2663 2956
2956 1064 1579
1579 6104 2799
2799 2468 652
6
1491 3436 1139
1139 752 155
155 2751 2213
2213 2334 1395
1395 1840 147
147 4033 652
6
1491 3466 69
69 1265 1338
1338 2975 2792
2792 1320 804
804 2331 584
584 1863 652
6
1491 3475 2404
2404 3880 1428
1428 612 2271
2271 6626 898
898 502 1715
1715 3719 652
6
1491 3483 1864
1864 1503 2205
2205 4711 1123
1123 2136 1056
1056 2852 2102
2102 1628 652
6
1491 3513 1024
1024 7382 1035
1035 7084 1401
1401 4977 365
365 558 2332
2332 6791 652
6
1491 3543 1415
1415 5857 398
398 6230 1092
1092 3204 685
685 5592 2771
2771 2907 652
6
1491 3544 2357
2357 1090 2949
2949 5250 1536
1536 860 2411
2411 716 536
536 2909 652
6
1491 3559 2668
2668 6794 950
950 2807 1891
1891 4007 1141
1141 3816 1156
1156 6453 652
6
1491 3575 450
450 3319 2312
2312 2600 1927
1927 4329 1915
1915 330 2662
2662 3929 652
6
1491 3577 1204
1204 6133 1450
1450 6486 1706
1706 1605 1781
1781 5039 1542
1542 1372 652
6
1491 3592 2206
2206 6181 375
375 4825 1322
1322 7460 2153
2153 1820 2046
2046 61 652
6
1491 3599 2816
2816 2120 72
72 3555 2693
2693 6556 2293
2293 3941 2507
2507 7209 652
6
1491 3602 2747
2747 2976 2742
2742 5307 1077
1077 809 1238
1238 6383 2884
2884 72 652
6
1491 3605 485
485 2069 1620
1620 5380 2050
2050 6251 1417
1417 1302 2387
2387 6548 652
6
1491 3624 485
485 4167 416
416 1213 1312
1312 2566 1957
1957 1375 1080
1080 4725 652
6
1491 3666 1430
1430 6143 1619
1619 5942 175
175 1103 919
919 4596 509
509 1053 652
6
1491 3673 48
48 4585 1685
1685 4090 1981
1981 5381 2563
2563 5368 1356
1356 145 652
6
1491 3714 1011
1011 4389 2605
2605 2890 472
472 6802 85
85 6560 624
624 557 652
6
1491 3734 1774
1774 5396 761
761 6400 1197
1197 1067 2306
2306 3904 511
511 524 652
6
1491 3774 1186
1186 691 2979
2979 5956 449
449 1778 1571
1571 2362 2480
2480 808 652
6
1491 3782 1947
1947 1264 2562
2562 512 1804
1804 2915 1132
1132 159 480
480 2836 652
6
1491 3785 1319
1319 7289 2372
2372 3250 517
517 5882 670
670 1413 407
407 113 652
6
1491 3787 421
421 3103 1248
1248 4517 359
359 6936 1447
1447 5794 1711
1711 160 652
6
1491 3845 83
83 1555 2866
2866 6627 2657
2657 2371 1398
1398 1965 1232
1232 4500 652
6
1491 3847 1560
1560 2863 2573
2573 7400 925
925 5008 1269
1269 6219 1452
1452 5047 652
6
1491 3851 314
314 6907 1261
1261 748 1789
1789 2588 1695
1695 7347 104
104 5120 652
6
1491 3959 281
281 4787 1669
1669 6581 1533
1533 3063 2258
2258 3072 738
738 6129 652
6
1491 3962 750
750 108 1261
1261 6523 2606
2606 4875 473
473 6732 1300
1300 1785 652
6
1491 3965 1381
1381 3059 1548
1548 2018 153
153 7079 85
85 7443 130
130 3552 652
6
1491 3971 2876
2876 3892 1075
1075 7462 2643
2643 766 1471
1471 945 1889
1889 2707 652
6
1491 3987 1921
1921 5092 1368
1368 5172 777
777 4269 6
6 3394 937
937 6949 652
6
1491 4076 2721
2721 526 1967
1967 1954 2069
2069 5283 1004
1004 6405 1467
1467 3485 652
6
1491 4151 1519
1519 1171 1657
1657 1021 133
133 5455 2912
2912 4030 11
11 4088 652
6
1491 4178 2578
2578 4886 2714
2714 334 1884
1884 6874 313
313 2631 1599
1599 170 652
6
1491 4208 302
302 4222 2005
2005 308 1475
1475 2530 1275
1275 2615 2158
2158 1664 652
6
1491 4211 574
574 5272 833
833 6958 2645
2645 87 2967
2967 6466 1166
1166 3339 652
6
1491 4214 1905
1905 5528 1898
1898 2323 2136
2136 1490 915
915 7051 1013
1013 1780 652
6
1491 4252 2582
2582 4664 1979
1979 4878 2970
2970 1717 1302
1302 3643 905
905 3903 652
6
1491 4261 2669
2669 2871 217
217 1450 1706
1706 6421 2247
2247 3076 1542
1542 3470 652
6
1491 4316 1139
1139 6815 405
405 616 238
238 4679 1395
1395 2204 2690
2690 2135 652
6
1491 4333 1117
1117 2498 197
197 6584 2637
2637 7458 1489
1489 2636 1630
1630 2363 652
6
1491 4349 2307
2307 4994 1814
1814 1846 777
777 7072 2038
2038 3633 629
629 2677 652
6
1491 4412 1204
1204 6585 703
703 2241 2267
2267 6983 2976
2976 2105 1922
1922 2104 652
6
1491 4433 1861
1861 2798 366
366 3496 2890
2890 4883 414
414 7389 2988
2988 150 652
6
1491 4437 2735
2735 3745 975
975 2364 2162
2162 231 1694
1694 5821 742
742 350 652
6
1491 4449 2200
2200 833 1334
1334 6846 134
134 5036 1230
1230 2040 817
817 5316 652
6
1491 4547 2464
2464 202 292
292 1627 790
790 1617 560
560 4813 584
584 5589 652
6
1491 4564 1097
1097 3286 2952
2952 5877 1842
1842 4797 2429
2429 82 1285
1285 5963 652
6
1491 4593 402
402 1569 1919
1919 3237 2885
2885 6036 264
264 1243 186
186 669 652
6
1491 4636 1037
1037 676 2722
2722 6749 1730
1730 4012 237
237 1390 266
266 920 652
6
1491 4660 1651
1651 7113 1556
1556 2080 1278
1278 6674 689
689 4587 2997
2997 3101 652
6
1491 4746 853
853 4116 1903
1903 5021 441
441 6916 2518
2518 1942 2618
2618 4523 652
6
1491 4766 372
372 5139 390
390 7393 1624
1624 6886 798
798 4273 120
120 3412 652
6
1491 4791 319
319 1263 2354
2354 3316 2163
2163 2523 2509
2509 2605 605
605 1019 652
6
1491 4805 1260
1260 1579 1434
1434 1312 521
521 2123 2217
2217 109 2092
2092 4310 652
6
1491 4816 2658
2658 26 2864
2864 6634 2846
2846 7250 559
559 936 1154
1154 975 652
6
1491 4841 2728
2728 269 2685
2685 2313 1127
1127 1658 340
340 2524 1831
1831 2720 652
6
1491 4845 2438
2438 1837 56
56 1489 1162
1162 2876 2907
2907 2905 502
502 1996 652
6
1491 4860 2466
2466 6358 778
778 4445 2231
2231 1273 2128
2128 6144 203
203 6348 652
6
1491 4866 1905
1905 7016 2924
2924 6407 748
748 869 2814
2814 6801 1478
1478 245 652
6
1491 4874 959
959 6339 1372
1372 4723 2970
2970 5902 1637
1637 6203 97
97 807 652
6
1491 4921 1473
1473 7398 303
303 4455 892
892 5871 2289
2289 6868 1470
1470 2982 652
6
1491 4923 2878
2878 5293 924
924 1362 2192
2192 1427 1364
1364 1894 589
589 2834 652
6
1491 4936 2610
2610 4836 2430
2430 1847 2854
2854 4127 2007
2007 637 2348
2348 1097 652
6
1491 5032 2838
2838 764 184
184 6798 1575
1575 5244 1871
1871 2073 1985
1985 2772 652
6
1491 5059 1260
1260 1939 2497
2497 2778 609
609 6752 1180
1180 1632 2884
2884 3977 652
6
1491 5071 1186
1186 1874 1044
1044 4345 449
449 5314 1926
1926 2721 2914
2914 2520 652
6
1491 5076 824
824 6353 756
756 5350 651
651 6327 2811
2811 3888 2534
2534 3052 652
6
1491 5080 1506
1506 2557 1434
1434 5391 594
594 243 1180
1180 4615 2114
2114 1121 652
6
1491 5100 227
227 6783 1723
1723 7282 813
813 3447 988
988 1466 1742
1742 523 652
6
1491 5118 2721
2721 725 1873
1873 656 1346
1346 1379 470
470 4125 1467
1467 3786 652
6
1491 5219 1431
1431 4634 7
7 472 939
939 7268 2045
2045 2433 114
114 3194 652
6
1491 5254 1783
1783 4621 976
976 7439 807
807 1144 2124
2124 4068 2778
2778 6323 652
6
1491 5256 844
844 7547 929
929 3578 488
488 2266 2126
2126 1639 2661
2661 5568 652
6
1491 5303 2658
2658 30 2720
2720 3963 2517
2517 5237 705
705 7512 2406
2406 2215 652
6
1491 5384 1245
1245 6416 822
822 2920 465
465 5005 1029
1029 7574 300
300 525 652
6
1491 5395 735
735 5564 1670
1670 6483 1724
1724 6157 45
45 5598 502
502 4078 652
6
1491 5409 2548
2548 6654 1931
1931 3462 285
285 6989 393
393 5672 2280
2280 3327 652
6
1491 5456 2728
2728 7273 2738
2738 6294 2725
2725 4619 2902
2902 2201 315
315 5798 652
6
1491 5490 1519
1519 6514 2397
2397 2388 47
47 4422 1583
1583 5590 801
801 825 652
6
1491 5531 1672
1672 2085 2475
2475 6564 563
563 4145 2494
2494 4319 2805
2805 2212 652
6
1491 5537 769
769 1502 2853
2853 7401 2939
2939 1716 37
37 4509 2581
2581 458 652
6
1491 5596 1506
1506 4399 1076
1076 1725 521
521 7504 880
880 7277 2892
2892 3308 652
6
1491 5604 632
632 3253 1603
1603 6315 2432
2432 7310 2865
2865 6607 2651
2651 2547 652
6
1491 5633 2254
2254 2221 74
74 3400 2612
2612 480 926
926 1784 2588
2588 4803 652
6
1491 5645 1760
1760 1662 2593
2593 6255 1221
1221 3422 440
440 3351 1874
1874 3162 652
6
1491 5710 26
26 6010 269
269 6390 1243
1243 1762 1623
1623 5417 952
952 2750 652
6
1491 6053 2431
2431 3312 2005
2005 1161 1345
1345 6438 1264
1264 5642 150
150 4028 652
6
1491 6256 837
837 2612 252
252 6099 1537
1537 563 551
551 4581 2525
2525 1422 652
6
1491 6304 2187
2187 5719 1719
1719 5970 1668
1668 6744 1142
1142 1807 882
882 6151 652
6
1491 6379 231
231 1654 2107
2107 4153 1901
1901 5064 18
18 5234 1185
1185 4191 652
6
1491 6600 2463
2463 6586 1807
1807 4799 721
721 5002 2196
2196 7568 823
823 6329 652
6
1491 6632 1703
1703 4205 2148
2148 6503 2302
2302 6006 2801
2801 2148 360
360 4941 652
6
1491 6738 1703
1703 5370 972
972 2009 1992
1992 138 2801
2801 5257 2600
2600 3788 652
6
1491 6771 1974
1974 5083 2111
2111 2613 234
234 5073 1499
1499 6665 2334
2334 2736 652
6
1491 6872 81
81 3642 56
56 3292 1724
1724 7145 256
256 4257 1705
1705 4678 652
6
1491 6930 2466
2466 6990 927
927 859 2540
2540 4554 2628
2628 2805 1457
1457 397 652
6
1491 7057 1760
1760 2573 1866
1866 6424 957
957 6299 1964
1964 1814 2315
2315 5506 652
6
1491 7138 125
125 6032 251
251 3920 2576
2576 417 284
284 5766 2171
2171 2157 652
6
1491 7233 2385
2385 4268 1963
1963 3922 734
734 3049 2780
2780 7377 1066
1066 4048 652
