1022
8
1686 3 1188
1188 4227 264
264 306 1422
1422 4960 399
399 5914 1367
1367 1380 1816
1816 3792 1580
1580 6078 2598
6
1686 15 1036
1036 1065 1012
1012 4758 1046
1046 532 1695
1695 2018 904
904 1857 2598
6
1686 16 1139
1139 2822 2171
2171 975 837
837 6715 2737
2737 1329 393
393 6010 2598
6
1686 17 2617
2617 6679 418
418 1052 860
860 660 101
101 4595 422
422 1089 2598
6
1686 19 1106
1106 868 213
213 2580 1821
1821 555 1111
1111 354 694
694 449 2598
6
1686 21 2463
2463 570 1525
1525 3529 366
366 369 2674
2674 5352 1285
1285 1749 2598
6
1686 36 1618
1618 1869 847
847 924 1443
1443 6499 252
252 7867 407
407 226 2598
6
1686 46 2832
2832 7718 697
697 7601 1268
1268 295 2388
2388 1527 2581
2581 1422 2598
6
1686 55 2196
2196 673 2981
2981 2740 2911
2911 3327 2129
2129 2083 2189
2189 3568 2598
6
1686 74 1842
1842 2392 204
204 5044 2339
2339 273 1717
1717 2464 1641
1641 311 2598
6
1686 75 1081
1081 2735 2089
2089 3511 375
375 4822 1498
1498 1175 2694
2694 355 2598
6
1686 78 1819
1819 4202 1950
1950 28 2197
2197 2516 1529
1529 3752 8
8 435 2598
6
1686 83 743
743 2023 492
492 1458 1561
1561 4216 2527
2527 3430 255
255 4198 2598
6
1686 91 2907
2907 525 432
432 3250 1133
1133 5712 1781
1781 1638 2022
2022 1424 2598
6
1686 101 2319
2319 1101 2438
2438 1390 2979
2979 113 2413
2413 1237 605
605 4840 2598
6
1686 104 1977
1977 3059 1185
1185 1736 366
366 545 1630
1630 4817 1285
1285 4702 2598
6
1686 105 632
632 7474 1075
1075 4112 2452
2452 4391 90
90 2405 738
738 2388 2598
6
1686 116 2185
2185 3500 1716
1716 49 27
27 6007 1540
1540 2655 565
565 3417 2598
6
1686 117 2603
2603 1310 656
656 2595 1935
1935 5854 675
675 683 104
104 4736 2598
6
1686 123 1703
1703 2334 1275
1275 6576 1090
1090 3368 2959
2959 2635 487
487 4623 2598
6
1686 127 2810
2810 1169 1054
1054 6221 47
47 4248 2087
2087 726 639
639 1199 2598
6
1686 132 71
71 796 510
510 115 2611
2611 7793 983
983 2412 2394
2394 5114 2598
6
1686 136 2128
2128 1151 1227
1227 4471 385
385 1627 1168
1168 1983 2136
2136 95 2598
8
1686 146 1383
1383 4079 220
220 1579 785
785 2096 376
376 806 2718
2718 2108 807
807 2145 533
533 2623 2598
6
1686 156 1369
1369 3914 1206
1206 732 741
741 782 1365
1365 584 2552
2552 2299 2598
6
1686 158 1749
1749 4756 838
838 2663 41
41 2357 2713
2713 4473 1770
1770 219 2598
6
1686 165 1019
1019 4830 1942
1942 984 1801
1801 3002 2512
2512 1634 698
698 1263 2598
6
1686 166 2846
2846 1779 1907
1907 232 1694
1694 7368 944
944 6587 1818
1818 1254 2598
6
1686 167 2006
2006 5019 2502
2502 5092 529
529 4226 1416
1416 4656 497
497 2734 2598
6
1686 175 1096
1096 7213 1646
1646 959 2497
2497 1265 1237
1237 2501 2722
2722 4586 2598
6
1686 182 23
23 2647 2781
2781 2192 1500
1500 3530 636
636 2382 2859
2859 4460 2598
6
1686 194 2272
2272 1300 2783
2783 859 2989
2989 5667 1777
1777 4929 2761
2761 2496 2598
6
1686 200 412
412 5194 2240
2240 1851 2563
2563 3543 1581
1581 1076 713
713 4069 2598
6
1686 201 1664
1664 1412 2616
2616 527 854
854 1756 861
861 1509 1215
1215 6173 2598
6
1686 211 2285
2285 5495 546
546 7359 177
177 1890 1245
1245 129 1221
1221 179 2598
8
1686 213 2182
2182 1178 345
345 4892 1698
1698 5729 2974
2974 3996 2586
2586 1119 2126
2126 609 2972
2972 2538 2598
6
1686 218 1019
1019 4832 950
950 7941 1801
1801 6544 481
481 96 932
932 4038 2598
6
1686 220 2487
2487 3745 1184
1184 2875 1632
1632 1697 112
112 1156 2472
2472 3953 2598
6
1686 225 1041
1041 907 1936
1936 1223 575
575 6375 1535
1535 1905 2819
2819 789 2598
6
1686 227 781
781 2163 1370
1370 834 1991
1991 8408 1287
1287 176 1800
1800 3390 2598
6
1686 249 1256
1256 3198 1731
1731 3467 1786
1786 1148 2485
2485 863 2766
2766 2952 2598
6
1686 263 2644
2644 4742 2072
2072 5538 2474
2474 1297 587
587 3221 942
942 5140 2598
6
1686 276 887
887 3335 1121
1121 620 2412
2412 1384 1990
1990 1190 728
728 1588 2598
6
1686 277 2209
2209 3617 984
984 2853 1753
1753 1711 2886
2886 3604 901
901 82 2598
6
1686 278 2773
2773 2052 1468
1468 1134 1266
1266 1500 275
275 8126 1614
1614 18 2598
6
1686 285 1260
1260 169 2393
2393 933 421
421 5851 1861
1861 171 1808
1808 2106 2598
6
1686 298 2992
2992 2122 2214
2214 3380 2342
2342 1717 429
429 577 1146
1146 3082 2598
6
1686 301 1871
1871 600 775
775 8118 1217
1217 3471 1616
1616 2795 2256
2256 172 2598
6
1686 309 2629
2629 8661 1620
1620 1521 2134
2134 843 805
805 2654 2593
2593 498 2598
6
1686 310 283
283 443 2962
2962 2396 1347
1347 1768 1399
1399 4884 2293
2293 1438 2598
6
1686 318 1912
1912 2672 1406
1406 5 2071
2071 1375 2165
2165 3878 2884
2884 785 2598
6
1686 319 2701
2701 258 2656
2656 5151 1144
1144 2031 112
112 1386 767
767 357 2598
6
1686 331 779
779 6079 2253
2253 860 2547
2547 6549 972
972 6 2251
2251 1784 2598
6
1686 336 1681
1681 3036 2949
2949 2331 1362
1362 728 55
55 1575 2282
2282 707 2598
6
1686 343 465
465 457 1199
1199 1414 516
516 3660 1304
1304 2460 2241
2241 1688 2598
6
1686 344 537
537 812 1794
1794 6686 379
379 955 2488
2488 2420 1032
1032 2918 2598
6
1686 349 796
796 4925 2521
2521 1812 190
190 1881 882
882 1720 1909
1909 8496 2598
6
1686 353 947
947 1220 1880
1880 248 2853
2853 5711 1783
1783 254 2291
2291 912 2598
6
1686 356 2463
2463 2303 1233
1233 8045 2281
2281 7733 170
170 935 2311
2311 1876 2598
6
1686 361 2124
2124 1928 2560
2560 3058 374
374 2541 983
983 3750 1976
1976 7039 2598
6
1686 368 1383
1383 7917 544
544 1574 1755
1755 20 807
807 6971 2681
2681 10 2598
6
1686 371 2483
2483 2791 1153
1153 4748 2618
2618 3572 684
684 998 1067
1067 1181 2598
6
1686 372 1549
1549 8317 2018
2018 3757 1239
1239 2495 2284
2284 5344 1864
1864 610 2598
6
1686 376 2149
2149 4966 433
433 837 30
30 147 285
285 2200 2469
2469 5587 2598
6
1686 385 645
645 149 2953
2953 5278 1933
1933 592 1117
1117 2741 540
540 1517 2598
6
1686 395 2470
2470 199 931
931 3271 2739
2739 857 2019
2019 3012 1145
1145 1133 2598
6
1686 402 1254
1254 451 3
3 112 2792
2792 5777 2097
2097 5883 2590
2590 330 2598
6
1686 412 126
126 5082 264
264 7343 214
214 259 2330
2330 209 331
331 5240 2598
6
1686 419 1254
1254 5062 896
896 5679 2724
2724 4740 1018
1018 756 224
224 3998 2598
6
1686 427 1224
1224 2561 2415
2415 2590 2790
2790 2526 1752
1752 1150 2690
2690 1787 2598
6
1686 430 102
102 2598 1584
1584 5662 1449
1449 1472 2332
2332 5290 378
378 2851 2598
6
1686 431 269
269 491 395
395 7119 2399
2399 1694 1890
1890 944 1965
1965 2218 2598
6
1686 433 87
87 1 2754
2754 183 2587
2587 8917 2804
2804 598 103
103 2365 2598
6
1686 436 1824
1824 120 1803
1803 950 1762
1762 3549 1779
1779 4913 2926
2926 6500 2598
6
1686 438 2622
2622 872 2956
2956 821 143
143 3315 568
568 1706 1530
1530 103 2598
6
1686 450 2964
2964 6450 2475
2475 6928 1718
1718 3405 974
974 4384 1314
1314 2172 2598
6
1686 452 1440
1440 1933 656
656 8526 661
661 518 675
675 3196 1082
1082 1913 2598
6
1686 454 157
157 1633 1459
1459 332 198
198 4349 1587
1587 1437 2951
2951 130 2598
6
1686 460 74
74 237 1232
1232 3243 2639
2639 3094 200
200 849 2841
2841 4774 2598
6
1686 465 795
795 455 2695
2695 503 2198
2198 3738 1875
1875 1503 1617
1617 1378 2598
6
1686 466 649
649 3990 2304
2304 187 2493
2493 5791 1250
1250 895 2427
2427 1198 2598
6
1686 473 634
634 5902 1731
1731 5343 1361
1361 4200 2485
2485 4680 1659
1659 2013 2598
6
1686 478 1570
1570 774 956
956 231 833
833 2182 2898
2898 828 1340
1340 3756 2598
6
1686 485 71
71 4276 2234
2234 2181 2079
2079 2727 595
595 3145 513
513 4 2598
6
1686 486 2263
2263 4078 883
883 3715 1514
1514 1128 10
10 1264 873
873 1208 2598
6
1686 489 865
865 971 2259
2259 1715 690
690 7677 64
64 1361 372
372 2583 2598
6
1686 490 1863
1863 4664 2653
2653 1758 608
608 2950 1076
1076 710 63
63 236 2598
6
1686 497 512
512 3038 1393
1393 90 1360
1360 5224 1111
1111 3496 1807
1807 3251 2598
6
1686 499 355
355 679 2705
2705 1889 607
607 2815 2528
2528 1833 2636
2636 375 2598
6
1686 507 553
553 7305 695
695 890 2698
2698 1293 1084
1084 1606 1064
1064 4050 2598
6
1686 508 2417
2417 7560 1856
1856 2141 1419
1419 322 990
990 8241 2337
2337 1552 2598
6
1686 514 736
736 6254 2204
2204 4145 1959
1959 730 2344
2344 1698 2421
2421 981 2598
6
1686 523 2267
2267 596 723
723 1911 574
574 4987 186
186 520 902
902 1192 2598
6
1686 530 1484
1484 72 1238
1238 2896 1804
1804 2745 2533
2533 3972 2053
2053 2924 2598
6
1686 537 2254
2254 622 2677
2677 942 2565
2565 5448 2596
2596 68 1407
1407 3735 2598
6
1686 538 2569
2569 1056 2990
2990 3582 2678
2678 1215 1881
1881 1995 500
500 4429 2598
6
1686 541 632
632 7603 106
106 3189 709
709 3028 90
90 6853 193
193 700 2598
6
1686 550 1346
1346 3658 1548
1548 4903 2875
2875 4218 618
618 2983 1722
1722 1087 2598
6
1686 551 1256
1256 7606 2270
2270 7730 1786
1786 3408 1599
1599 658 2766
2766 4539 2598
6
1686 554 1860
1860 4934 1855
1855 2390 776
776 4831 1311
1311 3451 2208
2208 2165 2598
6
1686 556 1618
1618 4994 1891
1891 4144 2897
2897 6083 1152
1152 1110 407
407 1885 2598
6
1686 558 1118
1118 7691 1702
1702 2191 124
124 1985 285
285 5147 60
60 3011 2598
6
1686 559 424
424 6239 1923
1923 1687 235
235 1435 1429
1429 2887 799
799 3187 2598
6
1686 562 1053
1053 4525 1925
1925 2368 701
701 543 2459
2459 4669 1080
1080 4068 2598
6
1686 568 1481
1481 3536 931
931 3444 206
206 892 1074
1074 1330 1145
1145 5450 2598
6
1686 574 844
844 1160 475
475 5813 1217
1217 8339 820
820 80 2358
2358 5698 2598
6
1686 576 184
184 2633 1647
1647 5842 2970
2970 856 296
296 2585 1029
1029 383 2598
6
1686 580 601
601 6153 49
49 3742 2652
2652 2071 1730
1730 2531 2736
2736 2718 2598
6
1686 588 2045
2045 1200 403
403 1420 445
445 5220 2407
2407 3056 267
267 1291 2598
6
1686 591 2864
2864 2506 556
556 4176 1397
1397 3929 2131
2131 1966 1892
1892 3116 2598
6
1686 594 38
38 1085 1857
1857 1915 953
953 2624 65
65 2154 306
306 2340 2598
6
1686 595 1819
1819 6618 952
952 1510 467
467 279 1403
1403 6534 314
314 2503 2598
6
1686 614 2716
2716 264 2171
2171 3831 2030
2030 5833 262
262 2065 2982
2982 1003 2598
6
1686 615 2185
2185 6665 1295
1295 2675 2339
2339 4093 1540
1540 3309 2273
2273 1262 2598
6
1686 617 2017
2017 37 619
619 3857 1998
1998 653 333
333 2443 918
918 6300 2598
6
1686 618 1989
1989 403 439
439 1848 1396
1396 8506 1921
1921 2914 2680
2680 4082 2598
6
1686 623 1661
1661 761 1600
1600 2730 303
303 1238 52
52 5379 1198
1198 334 2598
6
1686 627 2055
2055 502 2873
2873 6116 1058
1058 652 1889
1889 484 332
332 1103 2598
6
1686 642 1081
1081 3843 2742
2742 5289 2756
2756 5603 1539
1539 4203 808
808 1656 2598
6
1686 644 1900
1900 4207 1984
1984 4482 654
654 2164 1634
1634 1803 1252
1252 4196 2598
6
1686 645 2408
2408 3247 751
751 3592 371
371 3608 425
425 1288 2986
2986 1792 2598
6
1686 647 1079
1079 5090 2262
2262 229 1718
1718 4130 488
488 1015 877
877 2591 2598
6
1686 651 2906
2906 1920 1925
1925 3526 2712
2712 1182 2100
2100 60 2812
2812 347 2598
6
1686 655 996
996 266 2280
2280 1332 291
291 526 1833
1833 6458 1611
1611 1925 2598
6
1686 656 801
801 4952 2545
2545 324 96
96 3109 2885
2885 8127 2348
2348 3206 2598
6
1686 657 1331
1331 7120 993
993 2134 2706
2706 1951 1707
1707 7481 2522
2522 1922 2598
6
1686 674 1415
1415 3009 2980
2980 2183 37
37 86 989
989 2179 2740
2740 4367 2598
6
1686 675 18
18 5607 2247
2247 5295 1166
1166 4122 684
684 1675 2542
2542 4298 2598
6
1686 676 2154
2154 1364 1075
1075 6137 1283
1283 2990 1545
1545 976 1034
1034 2831 2598
6
1686 684 2662
2662 3413 1202
1202 205 1714
1714 391 782
782 235 754
754 374 2598
6
1686 689 740
740 2323 1915
1915 119 1105
1105 3683 573
573 1404 999
999 2266 2598
6
1686 697 2708
2708 723 2450
2450 5339 858
858 3110 201
201 5162 1230
1230 5327 2598
6
1686 699 2368
2368 8099 2262
2262 2906 2655
2655 3930 1211
1211 2920 877
877 4413 2598
6
1686 702 1364
1364 2925 484
484 228 832
832 630 2309
2309 7711 772
772 516 2598
6
1686 704 1355
1355 5856 2018
2018 8394 411
411 1440 2244
2244 3170 593
593 4042 2598
6
1686 721 2483
2483 7245 2247
2247 5691 1552
1552 7351 1782
1782 855 2828
2828 626 2598
6
1686 737 2121
2121 5954 1868
1868 1229 1631
1631 6126 747
747 3746 730
730 5138 2598
6
1686 739 2295
2295 3697 2981
2981 5177 1477
1477 1096 2129
2129 5944 1150
1150 992 2598
6
1686 740 2408
2408 6707 2781
2781 3128 493
493 5533 425
425 4148 1940
1940 4986 2598
6
1686 742 2574
2574 4088 1742
1742 1336 279
279 284 899
899 915 1003
1003 207 2598
6
1686 747 781
781 8432 2867
2867 2320 1049
1049 4167 1287
1287 2232 2955
2955 5908 2598
6
1686 749 1953
1953 8964 2008
2008 1772 2697
2697 4495 889
889 4415 2167
2167 929 2598
6
1686 753 1758
1758 3609 1161
1161 8108 298
298 1244 122
122 1217 1469
1469 139 2598
6
1686 754 1692
1692 1625 2114
2114 5059 1764
1764 711 866
866 2435 2145
2145 5888 2598
6
1686 755 1569
1569 3579 2941
2941 1689 912
912 960 967
967 2715 1811
1811 2886 2598
6
1686 758 1628
1628 2155 2561
2561 641 1978
1978 8343 957
957 1662 1374
1374 1754 2598
6
1686 766 1524
1524 1009 2838
2838 3589 234
234 8644 2244
2244 3950 1289
1289 1607 2598
6
1686 769 1860
1860 8135 2438
2438 3509 2156
2156 604 660
660 5569 913
913 1676 2598
6
1686 770 2716
2716 2317 2855
2855 1158 1844
1844 437 262
262 5870 2599
2599 3005 2598
6
1686 776 2878
2878 4351 848
848 257 2403
2403 7646 1834
1834 1663 11
11 5768 2598
6
1686 777 1673
1673 363 2204
2204 6889 914
914 611 2424
2424 7097 657
657 1671 2598
6
1686 779 1788
1788 1902 1705
1705 8404 83
83 2982 1853
1853 4065 120
120 2932 2598
6
1686 781 318
318 1480 1675
1675 2572 141
141 6016 2238
2238 251 627
627 425 2598
6
1686 783 955
955 5163 1980
1980 1306 1061
1061 1256 763
763 3168 2050
2050 3665 2598
6
1686 787 2546
2546 269 697
697 8117 2897
2897 7060 673
673 1755 2869
2869 917 2598
8
1686 791 2755
2755 6177 919
919 566 1259
1259 1276 1508
1508 3434 1021
1021 5483 2921
2921 1871 1124
1124 794 2598
6
1686 792 207
207 3377 2228
2228 891 1806
1806 4174 435
435 260 82
82 70 2598
6
1686 795 2848
2848 1732 2531
2531 1603 1582
1582 2488 1517
1517 1269 1735
1735 659 2598
6
1686 797 939
939 3153 2877
2877 350 940
940 2404 1069
1069 1559 1082
1082 2270 2598
6
1686 801 1888
1888 4799 1794
1794 8077 1007
1007 3785 1416
1416 5216 1032
1032 8337 2598
6
1686 804 2229
2229 4791 1494
1494 2497 2914
2914 6986 2728
2728 808 2301
2301 628 2598
6
1686 811 1159
1159 6504 2098
2098 4020 552
552 2527 2199
2199 3029 1474
1474 3007 2598
6
1686 815 871
871 5335 1934
1934 27 739
739 2742 435
435 3227 1181
1181 3780 2598
6
1686 831 113
113 476 1894
1894 703 536
536 2505 652
652 691 2145
2145 8096 2598
6
1686 840 1920
1920 1497 2040
2040 2677 2583
2583 2190 1787
1787 1286 1760
1760 267 2598
6
1686 845 2123
2123 408 2326
2326 2175 2153
2153 5994 1305
1305 1413 2539
2539 589 2598
6
1686 867 1312
1312 406 2489
2489 1453 315
315 4983 1025
1025 565 2553
2553 961 2598
6
1686 870 1326
1326 3845 2963
2963 5260 1149
1149 424 45
45 4290 1886
1886 32 2598
6
1686 874 740
740 2582 2592
2592 2 67
67 2019 573
573 5190 1200
1200 62 2598
6
1686 878 2481
2481 8430 2834
2834 434 2162
2162 392 2737
2737 6486 2635
2635 2731 2598
6
1686 887 792
792 4571 1494
1494 2975 2591
2591 6236 2728
2728 1739 2133
2133 1275 2598
6
1686 897 469
469 3629 723
723 4024 774
774 1900 2221
2221 5382 1818
1818 6699 2598
6
1686 898 336
336 736 123
123 3253 833
833 7678 982
982 4544 231
231 2567 2598
6
1686 905 2500
2500 7080 1154
1154 3961 2876
2876 1537 1055
1055 8100 2694
2694 2554 2598
6
1686 908 1086
1086 4854 86
86 29 1341
1341 3578 1179
1179 7262 192
192 1467 2598
6
1686 927 95
95 714 1624
1624 2097 1471
1471 635 2203
2203 5157 1
1 2483 2598
6
1686 930 2793
2793 3202 1548
1548 8711 1754
1754 7264 1205
1205 4175 2251
2251 6140 2598
6
1686 937 136
136 706 1379
1379 5107 165
165 5212 2379
2379 380 682
682 4580 2598
6
1686 946 2400
2400 4341 2896
2896 733 1190
1190 1570 252
252 8223 33
33 3161 2598
6
1686 963 2368
2368 8514 2475
2475 9103 2323
2323 3306 273
273 2555 1113
1113 2422 2598
6
1686 970 2455
2455 701 2799
2799 2803 2362
2362 458 1927
1927 597 1136
1136 24 2598
6
1686 988 1037
1037 1835 715
715 2391 303
303 2216 693
693 3796 1198
1198 2133 2598
6
1686 1004 482
482 4804 2041
2041 3731 1151
1151 4308 2246
2246 8358 53
53 1763 2598
6
1686 1006 1658
1658 1428 2514
2514 6482 1404
1404 7112 596
596 519 2554
2554 2290 2598
6
1686 1017 2383
2383 4188 2990
2990 6180 2673
2673 5202 1881
1881 2378 710
710 2173 2598
6
1686 1020 2150
2150 422 2656
2656 5357 1100
1100 5841 1365
1365 639 2777
2777 3544 2598
6
1686 1026 1520
1520 1127 1450
1450 444 654
654 3433 2346
2346 4034 1993
1993 185 2598
6
1686 1037 2701
2701 2698 472
472 203 277
277 418 69
69 3619 2552
2552 5887 2598
6
1686 1040 1977
1977 5900 2760
2760 397 516
516 8657 1748
1748 4115 842
842 1077 2598
6
1686 1041 1180
1180 3282 919
919 3407 1444
1444 1837 2007
2007 1742 1798
1798 282 2598
6
1686 1048 313
313 2193 181
181 6457 2706
2706 5429 2248
2248 1005 2069
2069 1530 2598
6
1686 1060 409
409 3932 968
968 1389 2979
2979 3456 660
660 7404 888
888 108 2598
6
1686 1063 2360
2360 2931 1008
1008 6700 1372
1372 65 99
99 928 266
266 4475 2598
6
1686 1074 355
355 1221 2529
2529 5020 2381
2381 771 1281
1281 7302 1877
1877 744 2598
6
1686 1079 70
70 1465 2507
2507 69 959
959 8880 2061
2061 1261 2537
2537 1553 2598
6
1686 1080 978
978 2222 954
954 5427 721
721 4946 2087
2087 3234 2540
2540 3631 2598
6
1686 1081 1899
1899 2148 2824
2824 4212 1327
1327 3519 1816
1816 3908 36
36 5731 2598
6
1686 1082 2185
2185 7373 2075
2075 87 30
30 3527 2473
2473 7297 823
823 4536 2598
6
1686 1094 735
735 6408 2276
2276 4120 257
257 7003 1591
1591 3450 2456
2456 59 2598
6
1686 1097 1542
1542 4891 775
775 8277 2422
2422 2746 820
820 352 2256
2256 6351 2598
6
1686 1100 1355
1355 6130 2727
2727 3686 411
411 2259 1313
1313 7576 2782
2782 1863 2598
6
1686 1106 1171
1171 1010 1734
1734 1757 2831
2831 1196 2420
2420 1945 334
334 7553 2598
6
1686 1108 714
714 23 2932
2932 8391 229
229 2811 309
309 327 2144
2144 668 2598
6
1686 1120 1564
1564 5500 1238
1238 4283 1420
1420 61 1429
1429 5958 748
748 134 2598
6
1686 1122 2621
2621 5111 1095
1095 1427 143
143 3741 111
111 1489 1530
1530 5424 2598
6
1686 1129 150
150 2525 986
986 6355 2474
2474 1713 2579
2579 1581 1676
1676 1115 2598
6
1686 1137 1278
1278 1068 653
653 2437 815
815 2979 2833
2833 1356 1876
1876 1760 2598
6
1686 1153 1949
1949 3098 444
444 5947 1072
1072 2102 437
437 638 88
88 1405 2598
6
1686 1155 1951
1951 3455 2117
2117 1341 2673
2673 5502 2174
2174 2640 977
977 634 2598
6
1686 1159 624
624 2177 2927
2927 1491 1507
1507 7609 12
12 1111 2549
2549 2857 2598
6
1686 1166 2085
2085 4727 1310
1310 3254 1463
1463 2565 1290
1290 4348 2205
2205 772 2598
6
1686 1173 1051
1051 1294 2515
2515 1251 2334
2334 560 1802
1802 2111 2479
2479 3067 2598
6
1686 1176 2179
2179 5492 44
44 1112 1838
1838 607 1961
1961 5815 2391
2391 470 2598
6
1686 1183 1824
1824 4492 2249
2249 2777 2236
2236 3834 1747
1747 967 603
603 4295 2598
6
1686 1185 1555
1555 4949 1546
1546 1292 2778
2778 925 962
962 4421 244
244 148 2598
6
1686 1186 844
844 3865 1170
1170 4185 522
522 1921 929
929 40 2256
2256 8043 2598
6
1686 1197 2109
2109 1584 344
344 1986 2818
2818 2055 1567
1567 2879 351
351 4439 2598
6
1686 1202 1188
1188 5937 2824
2824 4728 214
214 6606 79
79 1191 930
930 1954 2598
6
1686 1203 2127
2127 2981 294
294 3636 1061
1061 5581 2242
2242 1585 1024
1024 1355 2598
6
1686 1207 1053
1053 6843 1293
1293 1614 1201
1201 1655 2100
2100 1794 1080
1080 4975 2598
6
1686 1218 2810
2810 1177 2981
2981 8322 2922
2922 3369 2129
2129 6352 639
639 2448 2598
6
1686 1222 577
577 4060 2495
2495 2459 1107
1107 1930 2620
2620 114 169
169 3655 2598
6
1686 1226 245
245 7928 304
304 88 2412
2412 1504 2823
2823 170 1822
1822 788 2598
6
1686 1236 2055
2055 3663 426
426 1093 2351
2351 582 2771
2771 8792 2026
2026 47 2598
6
1686 1239 2842
2842 1211 1832
1832 1057 1261
1261 3716 1878
1878 865 2264
2264 900 2598
6
1686 1240 2863
2863 2895 2576
2576 7029 303
303 6620 610
610 3694 2261
2261 5116 2598
6
1686 1249 1866
1866 2351 514
514 495 445
445 7897 427
427 1941 137
137 938 2598
6
1686 1270 2508
2508 177 1654
1654 822 1503
1503 2346 2029
2029 5960 2752
2752 224 2598
8
1686 1278 2811
2811 1612 924
924 4377 1251
1251 5819 2180
2180 8649 2148
2148 3801 1043
1043 1335 2151
2151 467 2598
6
1686 1279 2878
2878 5386 2719
2719 841 1038
1038 106 2624
2624 2854 1759
1759 593 2598
6
1686 1284 1644
1644 174 1847
1847 2372 2830
2830 396 1368
1368 33 2293
2293 2433 2598
6
1686 1289 1484
1484 3102 24
24 494 2371
2371 173 428
428 2470 2053
2053 3216 2598
6
1686 1302 2302
2302 4763 2742
2742 9015 375
375 8537 1575
1575 1055 2694
2694 5945 2598
6
1686 1305 2965
2965 9 2764
2764 1171 2618
2618 6194 117
117 5101 1674
1674 5219 2598
6
1686 1317 2401
2401 1204 1546
1546 8374 1191
1191 7820 55
55 6795 979
979 2597 2598
6
1686 1322 2975
2975 3523 1843
1843 3790 2666
2666 2930 2199
2199 3256 2480
2480 5789 2598
6
1686 1325 171
171 3372 1445
1445 571 2584
2584 1042 1696
1696 6568 843
843 6123 2598
6
1686 1328 683
683 8179 1169
1169 2026 1072
1072 6970 226
226 3057 88
88 1592 2598
6
1686 1331 1769
1769 6201 2844
2844 2785 2216
2216 4844 1174
1174 7261 1172
1172 654 2598
6
1686 1349 831
831 9027 1157
1157 3106 397
397 3069 2804
2804 5123 2803
2803 2144 2598
6
1686 1354 683
683 8712 258
258 1809 813
813 2639 437
437 2286 2318
2318 1545 2598
6
1686 1357 199
199 188 895
895 2419 1127
1127 3648 814
814 5066 1614
1614 2933 2598
6
1686 1358 158
158 4002 1263
1263 164 2334
2334 3970 2879
2879 923 1621
1621 913 2598
6
1686 1363 1688
1688 3164 154
154 475 2786
2786 1605 2585
2585 456 2523
2523 1316 2598
6
1686 1367 278
278 1011 57
57 2861 133
133 4683 2458
2458 2308 115
115 1162 2598
6
1686 1373 157
157 7362 2776
2776 3610 198
198 6778 2332
2332 8083 72
72 759 2598
6
1686 1391 1766
1766 7694 489
489 5866 1078
1078 3649 666
666 3288 2821
2821 1775 2598
6
1686 1392 70
70 3548 2927
2927 5071 1893
1893 7708 12
12 2361 314
314 3885 2598
6
1686 1407 1543
1543 1821 706
706 2774 260
260 268 817
817 1788 2086
2086 3615 2598
6
1686 1410 949
949 1075 968
968 7961 2633
2633 4643 1515
1515 4502 1992
1992 2352 2598
6
1686 1411 1280
1280 3662 1380
1380 345 1209
1209 66 1504
1504 154 173
173 4419 2598
6
1686 1415 71
71 8848 1684
1684 5124 2079
2079 7096 1867
1867 1562 1483
1483 1360 2598
6
1686 1445 2880
2880 692 1291
1291 5013 2307
2307 5306 2663
2663 5272 2866
2866 445 2598
6
1686 1447 720
720 370 2995
2995 3855 734
734 2755 2692
2692 3673 1536
1536 4646 2598
6
1686 1463 1016
1016 2915 73
73 6328 1309
1309 2653 2404
2404 2253 2930
2930 1326 2598
6
1686 1468 1452
1452 4381 1056
1056 6033 498
498 517 1901
1901 3927 1400
1400 3318 2598
6
1686 1469 583
583 411 2411
2411 1853 607
607 3188 1820
1820 1242 1940
1940 5239 2598
6
1686 1481 2734
2734 2321 1883
1883 3415 196
196 5211 1901
1901 7270 918
918 8586 2598
6
1686 1486 1240
1240 189 1528
1528 1194 2970
2970 4895 1781
1781 2998 2233
2233 1299 2598
6
1686 1490 1106
1106 8251 2689
2689 272 1821
1821 7137 1385
1385 1790 68
68 3191 2598
6
1686 1498 1972
1972 3814 2937
2937 3740 2313
2313 6141 1417
1417 6286 770
770 3452 2598
6
1686 1499 1972
1972 6776 2882
2882 3518 2386
2386 1615 1207
1207 5497 1999
1999 1246 2598
6
1686 1513 2477
2477 4820 2607
2607 3025 2297
2297 2949 1092
1092 3391 2094
2094 7838 2598
6
1686 1516 2449
2449 1224 948
948 3634 357
357 7381 1325
1325 4819 1960
1960 2049 2598
6
1686 1526 792
792 4847 43
43 1996 1420
1420 1421 1602
1602 3552 517
517 4018 2598
6
1686 1541 250
250 3066 2783
2783 893 2630
2630 3055 1913
1913 1789 485
485 3050 2598
6
1686 1543 156
156 7132 1643
1643 2723 1933
1933 8808 2138
2138 2520 925
925 8130 2598
6
1686 1547 136
136 4253 658
658 2038 165
165 8685 1968
1968 442 682
682 4707 2598
6
1686 1555 1377
1377 6478 2228
2228 3384 739
739 8170 589
589 2965 1017
1017 1817 2598
6
1686 1563 634
634 8333 35
35 8991 414
414 4356 170
170 1446 2012
2012 2596 2598
6
1686 1564 1424
1424 977 766
766 4260 47
47 4369 1321
1321 2408 2064
2064 4601 2598
6
1686 1565 1775
1775 34 2705
2705 4790 230
230 3600 2528
2528 2033 2451
2451 2751 2598
6
1686 1569 2024
2024 2256 1898
1898 1969 689
689 8646 2051
2051 4333 356
356 25 2598
6
1686 1578 743
743 6952 204
204 6132 1270
1270 934 2010
2010 4147 1557
1557 239 2598
6
1686 1583 2183
2183 1496 1592
1592 853 661
661 5069 1069
1069 2207 104
104 6740 2598
6
1686 1587 1610
1610 5017 993
993 2524 1412
1412 631 2833
2833 2926 937
937 4560 2598
6
1686 1591 2741
2741 613 847
847 3219 108
108 145 2732
2732 7344 1382
1382 3342 2598
6
1686 1599 1899
1899 6376 2253
2253 3630 2770
2770 4721 2534
2534 1829 377
377 2959 2598
6
1686 1608 716
716 5671 1406
1406 6453 519
519 6421 396
396 3419 319
319 6076 2598
6
1686 1617 1224
1224 5366 1363
1363 429 1657
1657 3605 1700
1700 3139 1708
1708 3302 2598
6
1686 1623 718
718 6069 1831
1831 1248 19
19 780 2312
2312 4029 630
630 464 2598
6
1686 1629 1673
1673 3847 405
405 2833 914
914 1666 2585
2585 2228 480
480 2058 2598
6
1686 1640 2085
2085 8082 1506
1506 4612 1463
1463 4073 2879
2879 1233 1633
1633 1558 2598
6
1686 1641 2142
2142 5238 2797
2797 8503 2749
2749 6428 1257
1257 2117 490
490 2400 2598
6
1686 1644 183
183 482 2575
2575 1340 312
312 5447 2835
2835 3314 1247
1247 709 2598
6
1686 1647 531
531 5285 1551
1551 3100 1444
1444 7091 2886
2886 8206 1798
1798 3784 2598
6
1686 1651 2574
2574 8801 594
594 4749 1837
1837 7406 863
863 5350 2068
2068 1980 2598
6
1686 1661 554
554 5946 1291
1291 8839 1151
1151 8064 2021
2021 5436 2743
2743 1309 2598
6
1686 1665 94
94 366 2677
2677 2797 980
980 911 2711
2711 1818 547
547 1014 2598
6
1686 1667 714
714 5183 2283
2283 1345 891
891 1315 708
708 909 2250
2250 962 2598
6
1686 1669 1254
1254 8211 2524
2524 632 2792
2792 6979 454
454 6523 97
97 1189 2598
6
1686 1691 1668
1668 413 1199
1199 7383 2993
2993 5964 1004
1004 3395 2847
2847 292 2598
6
1686 1696 1439
1439 3095 1884
1884 3723 1223
1223 3556 1417
1417 8687 1798
1798 8857 2598
6
1686 1701 1096
1096 8898 956
956 4651 857
857 2550 1237
1237 3088 1435
1435 3322 2598
6
1686 1704 1946
1946 3737 2446
2446 662 341
341 7081 1744
1744 649 2538
2538 952 2598
6
1686 1714 1673
1673 6588 2226
2226 2878 1959
1959 1648 1421
1421 3977 2523
2523 5214 2598
6
1686 1716 744
744 1874 2336
2336 313 1033
1033 2967 2441
2441 6669 2208
2208 3532 2598
6
1686 1724 571
571 5980 2967
2967 4064 2034
2034 1008 62
62 2804 731
731 5642 2598
6
1686 1728 588
588 93 321
321 2242 2563
2563 4087 290
290 1855 173
173 6905 2598
6
1686 1733 699
699 1023 2310
2310 1550 2194
2194 738 1345
1345 2333 2544
2544 404 2598
10
1686 1735 2952
2952 2856 2556
2556 4390 1243
1243 8 2957
2957 271 2074
2074 405 1173
1173 8877 2772
2772 858 494
494 2986 1735
1735 5064 2598
6
1686 1738 286
286 6106 1028
1028 214 2159
2159 288 1574
1574 3647 1713
1713 509 2598
6
1686 1741 2257
2257 1247 1620
1620 4504 854
854 7390 805
805 8565 764
764 4796 2598
6
1686 1748 1312
1312 4247 1655
1655 2784 315
315 7950 1596
1596 7783 1973
1973 2754 2598
6
1686 1751 1888
1888 6711 2098
2098 4424 2666
2666 4815 2177
2177 2254 2480
2480 8383 2598
6
1686 1766 1758
1758 4340 876
876 2738 813
813 8254 1231
1231 365 1469
1469 3142 2598
6
1686 1773 1098
1098 5120 981
981 1718 242
242 487 2239
2239 142 346
346 1535 2598
6
1686 1776 1320
1320 2151 2575
2575 6324 2423
2423 2379 2835
2835 3680 479
479 2766 2598
6
1686 1777 2864
2864 3770 840
840 2105 1397
1397 4988 1272
1272 2206 1892
1892 6373 2598
6
1686 1791 1568
1568 851 2090
2090 1549 1597
1597 7015 945
945 3345 2431
2431 682 2598
6
1686 1796 254
254 190 439
439 2971 2688
2688 3666 2823
2823 2838 2802
2802 3911 2598
6
1686 1805 1568
1568 5408 1986
1986 4085 1825
1825 540 1830
1830 4899 1924
1924 1646 2598
8
1686 1810 1413
1413 4916 1370
1370 6753 1423
1423 3783 1427
1427 4289 2532
2532 488 1287
1287 4615 1428
1428 2398 2598
6
1686 1816 580
580 1507 1391
1391 9008 2217
2217 1846 290
290 7164 713
713 6074 2598
6
1686 1819 2850
2850 1771 803
803 3727 1582
1582 6955 2303
2303 3022 2645
2645 624 2598
6
1686 1820 2006
2006 7828 1835
1835 586 529
529 5913 2081
2081 1271 497
497 5625 2598
6
1686 1831 2036
2036 1850 1510
1510 394 2818
2818 7346 1607
1607 4119 644
644 3677 2598
6
1686 1834 1338
1338 1050 2322
2322 1786 1088
1088 6279 161
161 6318 2391
2391 973 2598
6
1686 1839 1603
1603 4602 1706
1706 1343 2520
2520 2494 2146
2146 4090 977
977 5509 2598
6
1686 1840 1967
1967 386 1131
1131 8658 519
519 8459 2165
2165 8546 2219
2219 2032 2598
6
1686 1860 1089
1089 2610 812
812 1960 16
16 6008 2303
2303 8352 219
219 1370 2598
6
1686 1875 2948
2948 564 692
692 810 2046
2046 1070 2044
2044 3721 578
578 262 2598
6
1686 1880 1703
1703 3084 1983
1983 7188 1090
1090 6394 615
615 729 487
487 5682 2598
6
1686 1887 2158
2158 2802 907
907 4264 1590
1590 547 1301
1301 2792 490
490 5749 2598
6
1686 1896 892
892 4084 1847
1847 8123 1784
1784 477 1810
1810 6627 261
261 2493 2598
6
1686 1898 2934
2934 296 478
478 1659 2608
2608 5268 2202
2202 1031 2780
2780 1726 2598
6
1686 1899 136
136 5973 2826
2826 798 320
320 3768 1968
1968 4935 1060
1060 2099 2598
6
1686 1908 1746
1746 2732 1182
1182 1721 654
654 7205 2606
2606 2968 1993
1993 4699 2598
6
1686 1924 2944
2944 2812 85
85 8066 235
235 4414 1602
1602 8357 2133
2133 2697 2598
6
1686 1926 322
322 3178 1862
1862 2247 617
617 2729 961
961 534 1196
1196 4051 2598
6
1686 1934 2011
2011 3730 1712
1712 7031 1789
1789 2362 2903
2903 6029 1172
1172 2070 2598
6
1686 1936 483
483 3294 213
213 3993 248
248 7189 1451
1451 1873 753
753 1746 2598
6
1686 1937 1438
1438 7045 2161
2161 5678 447
447 3209 2278
2278 1431 1988
1988 2799 2598
6
1686 1938 2045
2045 4713 2084
2084 4263 365
365 7810 1236
1236 3334 2947
2947 1028 2598
6
1686 1947 1564
1564 7641 24
24 2842 1044
1044 1894 1429
1429 7931 517
517 5128 2598
6
1686 1950 2015
2015 1602 2572
2572 8689 2638
2638 1554 20
20 1967 884
884 3805 2598
6
1686 1953 887
887 4354 1112
1112 4197 1554
1554 5780 2299
2299 8651 2843
2843 1932 2598
6
1686 1963 2237
2237 6821 1012
1012 6068 597
597 459 2910
2910 3108 631
631 590 2598
6
1686 1964 382
382 1705 1506
1506 4658 129
129 2763 1345
1345 5195 2821
2821 3897 2598
6
1686 1965 1568
1568 6274 217
217 3811 1728
1728 42 1830
1830 5547 159
159 240 2598
6
1686 1984 927
927 338 2518
2518 303 1631
1631 9157 1277
1277 1782 2704
2704 180 2598
8
1686 1988 2817
2817 2977 2161
2161 8093 2891
2891 3414 707
707 2629 1456
1456 1350 1279
1279 2132 1594
1594 579 2598
6
1686 1989 1114
1114 995 2890
2890 583 2586
2586 2874 288
288 4639 1501
1501 1866 2598
6
1686 1992 643
643 2601 2719
2719 3954 2403
2403 8048 2509
2509 2283 2300
2300 151 2598
6
1686 1994 2417
2417 8062 1141
1141 5760 668
668 160 442
442 7210 2525
2525 1035 2598
6
1686 2001 2260
2260 99 1862
1862 3000 938
938 2902 961
961 3316 1812
1812 3928 2598
6
1686 2006 1711
1711 492 2035
2035 4583 2039
2039 8743 2028
2028 7217 557
557 320 2598
6
1686 2008 227
227 4993 1706
1706 3105 1020
1020 7422 2976
2976 5723 1428
1428 3235 2598
6
1686 2012 2395
2395 3229 658
658 3432 1294
1294 7027 1192
1192 4624 2201
2201 274 2598
6
1686 2014 598
598 6957 258
258 7622 2894
2894 2716 226
226 7378 2318
2318 8076 2598
6
1686 2015 1949
1949 4915 1169
1169 5648 2712
2712 6949 2725
2725 1344 88
88 3458 2598
6
1686 2024 699
699 8264 489
489 9030 2152
2152 1487 816
816 6471 2544
2544 5797 2598
6
1686 2025 2127
2127 3284 609
609 1703 616
616 5088 301
301 4300 1009
1009 2471 2598
6
1686 2028 1171
1171 1596 1010
1010 8887 2989
2989 6296 2420
2420 6940 485
485 3563 2598
6
1686 2039 2260
2260 3167 2719
2719 7735 617
617 5388 1834
1834 3769 1196
1196 5880 2598
6
1686 2047 2738
2738 4686 2235
2235 5294 2702
2702 5686 241
241 2940 2314
2314 3159 2598
6
1686 2048 2741
2741 5663 2852
2852 4877 2733
2733 7338 2732
2732 8196 33
33 4627 2598
6
1686 2053 118
118 1459 924
924 9014 357
357 8529 1649
1649 2660 1960
1960 4657 2598
6
1686 2061 1697
1697 2072 475
475 8145 2765
2765 718 1616
1616 8611 2358
2358 6198 2598
6
1686 2066 1775
1775 4142 2207
2207 121 953
953 5588 1281
1281 8414 306
306 2490 2598
6
1686 2074 1938
1938 7915 1636
1636 3478 1931
1931 1423 1790
1790 799 599
599 48 2598
6
1686 2077 496
496 557 637
637 7399 1073
1073 5403 2211
2211 2823 2779
2779 3652 2598
6
1686 2082 2360
2360 4433 361
361 4070 348
348 4785 1696
1696 6769 125
125 3233 2598
6
1686 2085 156
156 9000 492
492 2923 1941
1941 546 2138
2138 8699 2750
2750 4549 2598
6
1686 2088 1387
1387 2724 145
145 1225 2178
2178 3733 957
957 7221 1674
1674 7939 2598
6
1686 2089 969
969 4323 2892
2892 5781 953
953 5930 2669
2669 3816 1102
1102 286 2598
6
1686 2092 2032
2032 6455 2093
2093 1622 2323
2323 5153 1211
1211 7427 1314
1314 3245 2598
6
1686 2098 2395
2395 4328 2985
2985 5604 1294
1294 8092 2271
2271 92 2201
2201 8015 2598
6
1686 2101 2150
2150 3190 1206
1206 2278 277
277 4813 1365
1365 4071 456
456 3004 2598
6
1686 2109 2062
2062 5178 1835
1835 2113 1007
1007 4322 2298
2298 1434 1513
1513 2943 2598
6
1686 2112 2795
2795 4737 622
622 2662 2052
2052 283 2721
2721 825 1897
1897 4469 2598
6
1686 2119 1929
1929 3955 2385
2385 2059 519
519 8682 1699
1699 2713 319
319 6122 2598
6
1686 2125 2836
2836 2130 1295
1295 3863 2390
2390 3239 56
56 3477 565
565 5873 2598
6
1686 2135 2023
2023 1388 1828
1828 4693 2870
2870 7182 762
762 64 784
784 5831 2598
6
1686 2136 2685
2685 3016 2937
2937 8152 2386
2386 3039 911
911 6224 770
770 4361 2598
6
1686 2138 2490
2490 7664 154
154 4979 1248
1248 7069 202
202 202 2845
2845 3886 2598
6
1686 2139 2971
2971 871 1465
1465 5969 1456
1456 2772 2713
2713 4898 477
477 862 2598
6
1686 2167 1430
1430 3215 1059
1059 1482 1906
1906 3278 1874
1874 6036 1811
1811 3130 2598
6
1686 2184 1016
1016 7062 956
956 5129 1208
1208 161 2730
2730 3567 2078
2078 2094 2598
6
1686 2188 343
343 2051 2844
2844 4522 180
180 1939 2433
2433 1598 2467
2467 1991 2598
6
1686 2208 2880
2880 8452 1284
1284 2673 189
189 31 2344
2344 4292 910
910 1546 2598
6
1686 2217 1051
1051 1859 1263
1263 3506 1463
1463 7061 1070
1070 321 2418
2418 1674 2598
6
1686 2219 1467
1467 5345 2439
2439 1493 2831
2831 7219 2767
2767 1673 334
334 8707 2598
8
1686 2233 2996
2996 969 2090
2090 2700 1728
1728 4281 2057
2057 4910 732
732 4451 966
966 972 1094
1094 906 2598
6
1686 2236 1688
1688 6529 405
405 4687 330
330 4171 1421
1421 6558 480
480 6023 2598
6
1686 2237 2836
2836 6369 1716
1716 398 2390
2390 3383 285
285 6565 823
823 7698 2598
6
1686 2238 126
126 7817 778
778 4999 2770
2770 5707 972
972 1243 930
930 4836 2598
6
1686 2244 624
624 3114 2275
2275 3291 172
172 6222 2061
2061 3303 2037
2037 2719 2598
6
1686 2245 496
496 3240 883
883 4739 558
558 920 2103
2103 2056 2059
2059 715 2598
6
1686 2248 2601
2601 5158 2372
2372 2722 499
499 3154 889
889 5207 1017
1017 5735 2598
6
1686 2250 2627
2627 3295 2616
2616 2511 2801
2801 1946 2700
2700 643 1215
1215 7593 2598
6
1686 2251 2461
2461 2669 1269
1269 329 391
391 3241 2753
2753 5501 369
369 5039 2598
6
1686 2260 1799
1799 943 2543
2543 2805 1298
1298 705 481
481 8385 698
698 4389 2598
6
1686 2261 2482
2482 6139 592
592 7420 328
328 3371 1670
1670 8423 1723
1723 832 2598
6
1686 2262 2444
2444 1708 1774
1774 6429 2739
2739 8838 1945
1945 4762 1006
1006 2444 2598
6
1686 2263 1039
1039 468 2328
2328 2657 415
415 966 1300
1300 2876 2709
2709 575 2598
6
1686 2267 2854
2854 1078 1155
1155 646 2642
2642 1566 295
295 2073 635
635 1844 2598
6
1686 2272 1260
1260 1187 532
532 2309 1322
1322 6080 1881
1881 4180 2001
2001 326 2598
6
1686 2275 1604
1604 3829 848
848 6101 2626
2626 3429 534
534 2883 555
555 2452 2598
6
1686 2285 1711
1711 1847 1736
1736 5108 2039
2039 8969 908
908 1684 2912
2912 1013 2598
6
1686 2293 1350
1350 861 737
737 4273 1904
1904 820 1084
1084 6809 1840
1840 137 2598
6
1686 2296 205
205 256 828
828 3400 1486
1486 289 52
52 6513 1433
1433 2002 2598
6
1686 2297 1326
1326 8520 681
681 4166 2387
2387 1970 317
317 1180 2094
2094 8677 2598
6
1686 2305 1461
1461 2609 2949
2949 8140 2398
2398 542 2785
2785 979 2282
2282 3175 2598
6
1686 2316 1357
1357 7513 1162
1162 1532 1471
1471 1800 830
830 7283 513
513 5355 2598
6
1686 2322 2994
2994 2000 1510
1510 3127 2460
2460 932 762
762 8006 351
351 5640 2598
6
1686 2324 1212
1212 56 216
216 1864 566
566 1832 1956
1956 5520 1795
1795 2518 2598
6
1686 2335 2343
2343 128 2283
2283 6466 229
229 9132 1115
1115 6303 932
932 7786 2598
6
1686 2348 2850
2850 7823 2531
2531 8005 2904
2904 1815 494
494 8207 2935
2935 291 2598
6
1686 2350 486
486 4807 2084
2084 6242 1996
1996 7992 530
530 1024 1919
1919 193 2598
6
1686 2374 1547
1547 784 1898
1898 8512 1473
1473 1842 1257
1257 2375 626
626 1649 2598
6
1686 2383 2168
2168 423 1626
1626 6350 1223
1223 5644 1480
1480 4124 240
240 3201 2598
6
1686 2385 2327
2327 2195 2715
2715 7207 329
329 3595 998
998 1342 937
937 5393 2598
6
1686 2387 987
987 889 1894
1894 5132 915
915 3559 2457
2457 261 388
388 6005 2598
6
1686 2399 2687
2687 2295 149
149 6389 1750
1750 2162 2759
2759 553 547
547 4641 2598
6
1686 2403 167
167 1174 2415
2415 3275 1814
1814 1529 944
944 7127 1851
1851 1471 2598
6
1686 2413 846
846 4355 1693
1693 1568 597
597 1918 1541
1541 4317 462
462 1193 2598
6
1686 2418 613
613 1084 2872
2872 1477 2676
2676 3152 528
528 2271 2589
2589 968 2598
6
1686 2425 263
263 4696 2648
2648 7064 505
505 5865 109
109 206 61
61 4566 2598
6
1686 2436 250
250 3986 2439
2439 4385 1178
1178 1230 1777
1777 8195 855
855 2865 2598
6
1686 2439 1470
1470 8306 1045
1045 230 1959
1959 3939 2424
2424 7577 480
480 8346 2598
6
1686 2447 1899
1899 8471 778
778 5480 2547
2547 8218 79
79 5875 331
331 6822 2598
6
1686 2458 663
663 5560 1653
1653 2793 2321
2321 1781 678
678 479 2027
2027 997 2598
6
1686 2461 307
307 1369 1592
1592 2234 742
742 4129 39
39 1488 1082
1082 6094 2598
6
1686 2463 2601
2601 5246 1865
1865 6011 1585
1585 3861 2868
2868 4225 2274
2274 102 2598
6
1686 2474 1757
1757 528 249
249 4312 2631
2631 110 985
985 1381 1671
1671 2560 2598
6
1686 2475 32
32 677 2595
2595 731 2374
2374 461 1300
1300 5333 753
753 7972 2598
6
1686 2476 2991
2991 6883 1468
1468 6241 1606
1606 3174 2566
2566 6825 713
713 7455 2598
6
1686 2479 939
939 4031 746
746 563 661
661 7809 39
39 5513 97
97 1281 2598
6
1686 2480 1369
1369 7628 2353
2353 5575 1625
1625 6120 1587
1587 3832 2437
2437 1843 2598
6
1686 2481 1120
1120 3491 895
895 2999 641
641 5205 2139
2139 2282 2176
2176 4025 2598
6
1686 2482 2128
2128 6863 2839
2839 3675 460
460 5130 561
561 767 2118
2118 2605 2598
6
1686 2489 74
74 4856 2495
2495 2798 1793
1793 1419 2958
2958 3498 169
169 4211 2598
6
1686 2500 531
531 7423 1626
1626 8742 1753
1753 6646 1508
1508 6673 1124
1124 3676 2598
6
1686 2512 2965
2965 2532 1153
1153 6860 2349
2349 1977 2338
2338 1062 2822
2822 3132 2598
6
1686 2529 2687
2687 3217 711
711 2029 926
926 8847 2759
2759 5778 777
777 4531 2598
6
1686 2534 1685
1685 3580 2607
2607 4729 1149
1149 6387 317
317 7099 2874
2874 265 2598
6
1686 2539 503
503 4524 75
75 3086 1330
1330 4795 296
296 4324 387
387 7717 2598
6
1686 2540 2508
2508 2205 711
711 7315 2945
2945 2126 2759
2759 8757 1948
1948 3753 2598
6
1686 2544 526
526 1729 1380
1380 9180 2153
2153 7176 1504
1504 339 2192
2192 2022 2598
6
1686 2546 1405
1405 1430 2072
2072 5868 1378
1378 1679 2579
2579 6834 1454
1454 3259 2598
6
1686 2552 1949
1949 8298 1293
1293 4640 2712
2712 8811 226
226 8276 384
384 4984 2598
6
1686 2553 1533
1533 901 2571
2571 5654 211
211 7901 1409
1409 3289 856
856 894 2598
6
1686 2557 2693
2693 2274 1963
1963 4191 2290
2290 2678 284
284 4053 764
764 7625 2598
6
1686 2577 2994
2994 4350 1936
1936 7190 702
702 4867 1761
1761 5067 2402
2402 6512 2598
6
1686 2578 905
905 4184 418
418 5928 182
182 1814 2077
2077 2665 1559
1559 1511 2598
6
1686 2584 2105
2105 5734 2268
2268 993 1957
1957 5657 1018
1018 2547 647
647 990 2598
6
1686 2612 2849
2849 6041 2409
2409 84 591
591 393 1043
1043 4417 1979
1979 3577 2598
6
1686 2616 1308
1308 3078 204
204 6794 2406
2406 6017 2010
2010 6944 1641
1641 4386 2598
6
1686 2619 1031
1031 567 1241
1241 2515 2899
2899 7001 1204
1204 985 479
479 6306 2598
6
1686 2620 2685
2685 5524 1884
1884 8501 2313
2313 6151 1480
1480 4622 2357
2357 1304 2598
6
1686 2621 2557
2557 3149 2559
2559 3650 2698
2698 4919 476
476 4291 431
431 3598 2598
6
1686 2627 1331
1331 8845 1719
1719 1632 1588
1588 6598 2248
2248 1884 937
937 6732 2598
6
1686 2642 818
818 340 2560
2560 4314 642
642 3197 1249
1249 6648 1483
1483 5139 2598
6
1686 2644 1677
1677 6855 2489
2489 8820 1426
1426 2243 1025
1025 1560 2320
2320 6282 2598
6
1686 2645 210
210 1323 1736
1736 5400 1134
1134 2466 2902
2902 2576 651
651 12 2598
6
1686 2651 2099
2099 4594 1865
1865 6487 2697
2697 7619 2868
2868 5423 82
82 6249 2598
6
1686 2656 2929
2929 58 2683
2683 6658 860
860 8916 1619
1619 3030 422
422 3999 2598
6
1686 2658 2382
2382 1126 1865
1865 9141 2321
2321 8910 457
457 2776 400
400 2011 2598
6
1686 2659 818
818 7832 1022
1022 1522 2376
2376 471 1245
1245 1439 1230
1230 6819 2598
6
1686 2676 2331
2331 3922 57
57 4676 1826
1826 7535 1495
1495 5406 502
502 3296 2598
6
1686 2685 2622
2622 3838 1646
1646 4733 857
857 3743 2730
2730 6403 1160
1160 204 2598
6
1686 2690 128
128 1626 2054
2054 210 1762
1762 5665 1071
1071 38 470
470 124 2598
6
1686 2699 1364
1364 3304 179
179 6991 1532
1532 208 2309
2309 8219 347
347 3265 2598
6
1686 2703 1292
1292 1051 2393
2393 3375 2345
2345 724 549
549 793 710
710 4434 2598
6
1686 2706 1180
1180 4240 984
984 5292 1021
1021 6406 669
669 1723 1376
1376 2773 2598
6
1686 2707 1939
1939 4821 2186
2186 688 222
222 7671 1889
1889 3571 2143
2143 2223 2598
6
1686 2708 18
18 8078 1981
1981 4052 2349
2349 7393 1782
1782 1903 2822
2822 6623 2598
6
1686 2709 2546
2546 5886 220
220 2041 1755
1755 510 389
389 4309 2581
2581 4108 2598
6
1686 2712 758
758 5431 619
619 5659 257
257 7672 1971
1971 1672 2456
2456 2680 2598
6
1686 2714 2296
2296 2161 468
468 382 2931
2931 1867 434
434 1975 2120
2120 686 2598
6
1686 2733 1827
1827 921 2939
2939 1483 1837
1837 7501 899
899 3976 1680
1680 2142 2598
6
1686 2736 1573
1573 8262 783
783 994 2429
2429 4392 2784
2784 2310 2671
2671 521 2598
6
1686 2761 118
118 9074 948
948 4575 1389
1389 3910 1000
1000 982 1060
1060 5595 2598
6
1686 2779 2627
2627 7321 281
281 7224 1657
1657 8555 1472
1472 2426 1215
1215 9080 2598
6
1686 2781 537
537 4978 1835
1835 3642 2788
2788 918 2081
2081 6759 2213
2213 2345 2598
6
1686 2782 2
2 3453 586
586 640 2966
2966 98 2516
2516 3546 1578
1578 850 2598
6
1686 2783 1103
1103 4881 1771
1771 885 1251
1251 7789 2805
2805 877 1979
1979 5215 2598
6
1686 2790 716
716 8439 208
208 3679 2071
2071 2281 1408
1408 337 1560
1560 373 2598
6
1686 2794 875
875 1942 1828
1828 9031 2460
2460 5876 1607
1607 8000 2978
2978 1444 2598
6
1686 2808 128
128 2588 2249
2249 3901 2640
2640 5922 757
757 5543 2926
2926 7195 2598
6
1686 2809 1158
1158 6342 405
405 7598 2786
2786 4965 202
202 6802 1918
1918 881 2598
6
1686 2813 2573
2573 238 723
723 8115 2791
2791 89 898
898 3588 1726
1726 888 2598
6
1686 2814 2073
2073 2519 1852
1852 2306 915
915 4164 548
548 1982 1870
1870 1396 2598
6
1686 2816 598
598 8087 876
876 6601 1125
1125 1461 1231
1231 3426 423
423 1891 2598
6
1686 2820 1775
1775 4652 2529
2529 9095 607
607 6724 1879
1879 813 2636
2636 599 2598
6
1686 2826 2492
2492 252 311
311 4044 1191
1191 7891 962
962 6666 979
979 4851 2598
6
1686 2827 151
151 6378 338
338 2649 786
786 133 747
747 4776 1805
1805 2684 2598
6
1686 2828 523
523 4621 2505
2505 378 2376
2376 4631 983
983 4963 471
471 708 2598
6
1686 2832 2101
2101 7234 1716
1716 7280 124
124 3474 56
56 6773 2469
2469 6993 2598
6
1686 2834 1424
1424 1556 178
178 1973 2591
2591 8746 1321
1321 6624 2301
2301 1301 2598
6
1686 2836 2319
2319 7662 2215
2215 2241 776
776 5666 2003
2003 1745 508
508 11 2598
6
1686 2843 2449
2449 2376 994
994 5467 1381
1381 6070 985
985 2454 551
551 1836 2598
6
1686 2850 2062
2062 8932 155
155 7229 1482
1482 2131 782
782 3657 2213
2213 3214 2598
6
1686 2860 1628
1628 9122 1743
1743 1090 2178
2178 5444 822
822 5804 1374
1374 3852 2598
6
1686 2864 2209
2209 4883 894
894 7881 1872
1872 191 669
669 3263 1124
1124 6861 2598
6
1686 2866 2708
2708 1376 515
515 358 858
858 7314 2459
2459 5159 1228
1228 2255 2598
6
1686 2867 2032
2032 8376 1183
1183 1371 421
421 7279 963
963 2800 2682
2682 221 2598
6
1686 2869 2121
2121 7581 2647
2647 2862 96
96 6989 2535
2535 1209 704
704 1508 2598
6
1686 2870 1108
1108 1157 2315
2315 426 1622
1622 666 2910
2910 7547 462
462 2668 2598
6
1686 2871 1928
1928 1267 2787
2787 5225 811
811 1274 1491
1491 2491 2924
2924 3569 2598
6
1686 2899 368
368 1948 1112
1112 4947 1662
1662 2559 521
521 1594 2808
2808 1362 2598
6
1686 2905 801
801 6854 2997
2997 2103 1765
1765 7310 2239
2239 501 2348
2348 3596 2598
6
1686 2907 834
834 3747 2695
2695 2535 664
664 1118 768
768 2679 916
916 3789 2598
6
1686 2912 2811
2811 8164 1771
1771 2849 2148
2148 4932 2805
2805 3720 138
138 1457 2598
6
1686 2921 2948
2948 1152 2164
2164 3232 2231
2231 836 2284
2284 8571 2782
2782 3001 2598
6
1686 2934 2506
2506 3321 803
803 7363 2772
2772 919 2113
2113 762 1735
1735 6972 2598
6
1686 2947 1520
1520 2069 2515
2515 4205 1455
1455 2210 2879
2879 6009 221
221 1287 2598
6
1686 2948 613
613 8198 791
791 2249 769
769 633 2384
2384 7755 436
436 302 2598
6
1686 2955 2149
2149 6542 2328
2328 7679 1392
1392 333 922
922 2939 446
446 1548 2598
6
1686 2961 342
342 3763 2707
2707 2178 379
379 1258 2199
2199 9127 2416
2416 1858 2598
6
1686 2966 2341
2341 8673 622
622 7095 1050
1050 5011 2116
2116 481 17
17 1956 2598
6
1686 2969 2991
2991 7044 1218
1218 496 1266
1266 3326 814
814 7240 2176
2176 6159 2598
6
1686 2976 325
325 1409 249
249 6056 320
320 3808 1000
1000 8403 976
976 3486 2598
6
1686 2978 2227
2227 1241 2107
2107 3037 2156
2156 7991 2413
2413 7152 508
508 603 2598
6
1686 2985 486
486 7475 403
403 1451 1460
1460 2462 530
530 5421 310
310 3534 2598
6
1686 2991 2443
2443 2107 1008
1008 6787 2584
2584 4609 1776
1776 678 843
843 6927 2598
6
1686 2995 2352
2352 5568 2942
2942 1462 815
815 5974 2294
2294 661 1876
1876 1878 2598
6
1686 2997 2500
2500 7284 2939
2939 5987 279
279 2415 188
188 2040 1522
1522 307 2598
6
1686 3008 1334
1334 6196 2016
2016 1618 869
869 1064 337
337 4141 1386
1386 3682 2598
6
1686 3010 2257
2257 8221 1745
1745 3228 25
25 5754 284
284 7149 1382
1382 5536 2598
6
1686 3014 135
135 2987 2367
2367 3937 105
105 835 1168
1168 7252 2118
2118 3507 2598
6
1686 3017 512
512 6219 2186
2186 6365 2351
2351 8252 1889
1889 8350 1947
1947 2537 2598
6
1686 3019 1466
1466 1479 556
556 6908 2901
2901 1314 1272
1272 7614 1066
1066 328 2598
6
1686 3033 1595
1595 1296 2649
2649 6114 1005
1005 1494 1809
1809 4675 1895
1895 3045 2598
6
1686 3040 91
91 6899 1857
1857 7243 2381
2381 1210 65
65 6269 2636
2636 7238 2598
6
1686 3044 2557
2557 5961 737
737 6680 2698
2698 6925 1132
1132 1753 1638
1638 506 2598
6
1686 3052 2366
2366 1429 606
606 2593 2530
2530 3046 1043
1043 7296 9
9 3794 2598
6
1686 3054 2434
2434 6826 2840
2840 2688 1962
1962 22 287
287 805 1
1 4393 2598
6
1686 3061 2020
2020 3717 1538
1538 312 2654
2654 914 15
15 1312 611
611 6917 2598
6
1686 3062 1438
1438 7174 564
564 5763 41
41 3341 1279
1279 7987 477
477 4075 2598
6
1686 3064 4
4 13 1984
1984 8246 1558
1558 4738 2346
2346 7510 2570
2570 2311 2598
6
1686 3077 406
406 4271 464
464 1955 2397
2397 2563 2624
2624 6043 555
555 4937 2598
6
1686 3081 207
207 4589 2372
2372 8593 1585
1585 7374 1665
1665 4951 2167
2167 5152 2598
6
1686 3097 665
665 824 191
191 1146 190
190 7894 788
788 1139 754
754 3134 2598
6
1686 3111 171
171 6053 1954
1954 6782 1804
1804 7250 524
524 6709 2053
2053 7566 2598
6
1686 3118 2105
2105 7377 1497
1497 1368 2724
2724 5510 454
454 8747 224
224 4705 2598
6
1686 3119 795
795 3194 2984
2984 842 664
664 1700 1875
1875 5941 48
48 1910 2598
6
1686 3123 128
128 8664 1803
1803 4731 2640
2640 6693 1071
1071 1652 1352
1352 1654 2598
6
1686 3125 1489
1489 636 2322
2322 2268 1838
1838 6720 2435
2435 4784 2544
2544 9113 2598
6
1686 3126 2377
2377 748 217
217 7703 1612
1612 6833 2057
2057 6640 920
920 360 2598
6
1686 3135 278
278 1095 1271
1271 5681 308
308 1533 2458
2458 3982 502
502 4600 2598
6
1686 3136 184
184 5305 1388
1388 670 100
100 1692 870
870 764 730
730 6329 2598
6
1686 3137 2453
2453 5584 1624
1624 8348 538
538 3490 2203
2203 5529 727
727 4572 2598
6
1686 3146 2751
2751 2599 2190
2190 381 719
719 1907 1409
1409 7009 1536
1536 5027 2598
6
1686 3148 527
527 2625 353
353 2562 1754
1754 8766 2534
2534 4387 2163
2163 2453 2598
6
1686 3150 1543
1543 1856 1981
1981 7332 1552
1552 9171 2338
2338 2212 2086
2086 6718 2598
6
1686 3155 2693
2693 2360 847
847 8490 1190
1190 4344 673
673 1862 407
407 8800 2598
6
1686 3157 1928
1928 6745 700
700 5321 196
196 7142 333
333 2904 2419
2419 3343 2598
6
1686 3166 971
971 387 2545
2545 7965 1765
1765 8280 2535
2535 4810 1958
1958 1172 2598
6
1686 3172 2352
2352 7025 1275
1275 8863 1140
1140 916 615
615 1861 323
323 118 2598
6
1686 3182 223
223 3942 2000
2000 3313 1047
1047 26 1707
1707 8141 1146
1146 4691 2598
6
1686 3184 1452
1452 5863 1883
1883 4399 1998
1998 695 1591
1591 4512 2380
2380 3006 2598
6
1686 3195 1846
1846 1690 2336
2336 3762 1844
1844 5367 2430
2430 2964 2635
2635 6536 2598
6
1686 3203 59
59 1398 463
463 5925 1033
1033 7409 2551
2551 2917 2982
2982 5441 2598
6
1686 3210 1499
1499 5737 1868
1868 1635 934
934 3156 1277
1277 5733 1805
1805 3120 2598
6
1686 3212 448
448 2574 1195
1195 3869 566
566 4515 2908
2908 1597 1795
1795 3755 2598
6
1686 3218 1027
1027 512 2559
2559 7339 1904
1904 5197 1132
1132 3183 738
738 5475 2598
6
1686 3236 247
247 2508 468
468 2016 1969
1969 4127 1699
1699 7203 2800
2800 3141 2598
6
1686 3242 1772
1772 111 2764
2764 6252 1189
1189 3301 117
117 5456 1374
1374 5496 2598
6
1686 3261 1549
1549 8684 2696
2696 1981 411
411 4364 339
339 1642 593
593 4890 2598
6
1686 3267 2917
2917 7181 2187
2187 192 1319
1319 2395 794
794 1567 1102
1102 3531 2598
6
1686 3268 992
992 572 410
410 3330 2290
2290 7129 2668
2668 1725 764
764 8927 2598
6
1686 3274 237
237 1630 472
472 2432 1100
1100 7734 1663
1663 3925 2472
2472 4222 2598
6
1686 3277 2810
2810 2600 954
954 9043 1477
1477 2394 2306
2306 3076 1150
1150 2628 2598
6
1686 3280 272
272 2086 1255
1255 2367 668
668 1346 794
794 4220 2746
2746 100 2598
6
1686 3290 461
461 315 1104
1104 1295 300
300 775 1085
1085 2898 1265
1265 561 2598
6
1686 3317 2987
2987 9062 637
637 8030 769
769 8053 2614
2614 2970 1234
1234 778 2598
6
1686 3348 1542
1542 6696 2224
2224 3661 659
659 2127 560
560 35 1316
1316 4061 2598
6
1686 3349 2567
2567 63 1446
1446 2227 1005
1005 3777 691
691 2960 2472
2472 5125 2598
6
1686 3353 991
991 616 13
13 453 1419
1419 2442 442
442 7681 2746
2746 6174 2598
6
1686 3361 973
973 216 1600
1600 6736 2425
2425 420 693
693 4209 827
827 469 2598
6
1686 3362 2408
2408 8683 2411
2411 2409 371
371 8846 1820
1820 3461 2451
2451 4388 2598
6
1686 3370 792
792 5632 1923
1923 9110 1556
1556 1650 2220
2220 5095 748
748 4074 2598
6
1686 3387 1346
1346 6436 2936
2936 980 2875
2875 4441 1205
1205 4452 1988
1988 6865 2598
6
1686 3402 1648
1648 7316 2695
2695 5830 453
453 1205 768
768 6999 1617
1617 5558 2598
6
1686 3404 150
150 8256 2255
2255 1886 2365
2365 1460 1519
1519 5498 1502
1502 844 2598
6
1686 3410 988
988 1066 463
463 6820 2014
2014 2747 2003
2003 3437 501
501 2363 2598
6
1686 3412 251
251 7437 2939
2939 6287 1715
1715 829 2769
2769 3725 1003
1003 1400 2598
6
1686 3420 2814
2814 3169 1184
1184 5740 1100
1100 7997 112
112 6073 456
456 3089 2598
6
1686 3424 1292
1292 5233 532
532 4423 421
421 7546 600
600 2543 500
500 4955 2598
6
1686 3427 390
390 8558 1719
1719 5764 1412
1412 5131 998
998 4358 1876
1876 3884 2598
6
1686 3472 1143
1143 5996 2190
2190 1104 755
755 5635 337
337 6633 2095
2095 4585 2598
6
1686 3481 1120
1120 8497 1537
1537 6974 760
760 951 1117
1117 5080 2750
2750 7916 2598
6
1686 3482 978
978 5872 766
766 7579 2768
2768 8144 2634
2634 6582 5
5 2743 2598
6
1686 3487 1975
1975 2358 1690
1690 5210 1576
1576 1769 1179
1179 8240 2947
2947 6868 2598
6
1686 3489 504
504 6399 812
812 6426 1432
1432 1520 134
134 1600 2752
2752 1219 2598
6
1686 3494 665
665 7826 2521
2521 5827 1714
1714 7562 882
882 2617 754
754 3621 2598
6
1686 3503 1375
1375 255 2304
2304 6636 1449
1449 3883 2820
2820 1167 72
72 2606 2598
6
1686 3504 2602
2602 4193 152
152 7304 2615
2615 2042 116
116 3718 268
268 2467 2598
6
1686 3512 2025
2025 1352 1464
1464 866 1826
1826 8487 1921
1921 7441 2988
2988 2359 2598
6
1686 3513 744
744 3849 2855
2855 2429 837
837 8695 2430
2430 4285 2005
2005 5589 2598
6
1686 3515 2907
2907 2819 1388
1388 4661 404
404 3889 1411
1411 6909 1854
1854 1540 2598
6
1686 3516 1603
1603 6604 1026
1026 1073 2520
2520 5656 2871
2871 6807 146
146 3222 2598
6
1686 3533 844
844 6347 2359
2359 2313 2765
2765 5265 929
929 2269 633
633 2630 2598
6
1686 3537 2341
2341 9078 2092
2092 3382 915
915 7140 2604
2604 2265 1870
1870 6690 2598
8
1686 3538 2011
2011 7743 1608
1608 8091 1023
1023 4019 2225
2225 178 2950
2950 4288 50
50 51 438
438 1538 2598
6
1686 3541 1975
1975 3739 86
86 5331 365
365 7833 530
530 7153 267
267 2202 2598
6
1686 3555 1212
1212 852 717
717 1161 572
572 4554 2908
2908 7254 2916
2916 500 2598
6
1686 3562 2854
2854 8926 667
667 3748 2827
2827 2579 2038
2038 125 2145
2145 8566 2598
6
1686 3566 1792
1792 3048 2521
2521 8416 1482
1482 7360 788
788 3625 497
497 5705 2598
6
1686 3584 1900
1900 6444 1157
1157 6799 2258
2258 5263 1634
1634 4297 1993
1993 5664 2598
6
1686 3591 2613
2613 8275 1950
1950 8051 2564
2564 2780 1874
1874 7451 906
906 2868 2598
6
1686 3597 2691
2691 987 835
835 7375 1905
1905 2484 1220
1220 1442 400
400 3902 2598
6
1686 3599 935
935 1944 2499
2499 712 2966
2966 945 271
271 157 2859
2859 5911 2598
6
1686 3602 2366
2366 7244 2409
2409 5963 2530
2530 6285 1902
1902 4567 2151
2151 6817 2598
6
1686 3607 1163
1163 4719 1492
1492 1397 1203
1203 533 1853
1853 4274 651
651 4040 2598
6
1686 3612 2182
2182 1872 1129
1129 3281 542
542 1979 2974
2974 6377 1187
1187 773 2598
6
1686 3620 1478
1478 71 1087
1087 5136 119
119 941 1442
1442 2427 670
670 3099 2598
6
1686 3622 1410
1410 7696 2240
2240 3366 1606
1606 3989 289
289 3422 1922
1922 1059 2598
6
1686 3624 559
559 3501 1475
1475 3774 1582
1582 8193 2113
2113 6323 2645
2645 2276 2598
6
1686 3639 4
4 814 1450
1450 3293 2610
2610 1744 1802
1802 3873 1621
1621 1033 2598
6
1686 3643 663
663 6781 1691
1691 5234 1422
1422 6484 2410
2410 720 36
36 7082 2598
6
1686 3651 1401
1401 869 294
294 5228 1091
1091 1906 945
945 4375 2050
2050 5081 2598
6
1686 3664 2181
2181 4343 1040
1040 4465 2584
2584 7567 99
99 1088 2047
2047 5083 2598
6
1686 3667 602
602 5609 386
386 6489 2643
2643 2289 2174
2174 8578 710
710 8249 2598
6
1686 3668 1101
1101 1385 2280
2280 2336 2374
2374 3583 1553
1553 4902 2709
2709 1395 2598
6
1686 3678 2973
2973 1470 1724
1724 585 2009
2009 379 1402
1402 2890 239
239 685 2598
6
1686 3687 1039
1039 3846 2595
2595 3670 166
166 2356 1451
1451 5918 1807
1807 5518 2598
6
1686 3692 2920
2920 1645 981
981 7748 2612
2612 1668 64
64 6384 2042
2042 2919 2598
6
1686 3695 2115
2115 1798 1363
1363 4177 1258
1258 1227 383
383 3396 420
420 2958 2598
6
1686 3696 343
343 3775 1813
1813 1616 257
257 8642 1174
1174 7719 2467
2467 6185 2598
6
1686 3703 2308
2308 1252 2683
2683 8985 1447
1447 3129 2077
2077 6250 611
611 7209 2598
6
1686 3713 1766
1766 8577 581
581 1408 2194
2194 6763 816
816 8554 545
545 5528 2598
6
1686 3749 1430
1430 3440 2501
2501 4534 467
467 4823 1640
1640 734 2774
2774 3557 2598
6
1686 3751 183
183 2509 2232
2232 1919 107
107 3080 2076
2076 6514 2684
2684 3773 2598
6
1686 3760 947
947 1702 609
609 8519 1091
1091 2007 763
763 3868 1982
1982 3924 2598
6
1686 3764 2179
2179 8723 581
581 2900 2152
2152 8095 1345
1345 5912 2418
2418 2752 2598
6
1686 3765 2229
2229 6727 1577
1577 3399 2768
2768 8627 2548
2548 1047 2135
2135 2927 2598
6
1686 3778 2023
2023 3441 344
344 6543 2460
2460 8451 1567
1567 3659 2496
2496 2767 2598
6
1686 3779 1014
1014 3449 931
931 4430 1849
1849 1464 1539
1539 6525 1006
1006 4183 2598
6
1686 3809 1439
1439 4530 1551
1551 5997 2313
2313 8484 911
911 6474 2357
2357 4329 2598
6
1686 3810 2375
2375 2594 692
692 4114 771
771 2892 2044
2044 5574 1864
1864 3266 2598
6
1686 3812 473
473 765 2286
2286 5649 2775
2775 2701 1071
1071 1826 1992
1992 4618 2598
6
1686 3813 1604
1604 4775 2938
2938 5293 2397
2397 4244 534
534 6864 479
479 6505 2598
6
1686 3819 2209
2209 5209 2000
2000 7041 1872
1872 7675 2921
2921 5119 901
901 6516 2598
6
1686 3830 2490
2490 7725 1373
1373 4046 1248
1248 9134 2744
2744 4611 2350
2350 848 2598
6
1686 3836 2569
2569 2104 2887
2887 619 1322
1322 7667 549
549 2607 2245
2245 4634 2598
6
1686 3862 1135
1135 8143 2941
2941 3074 1906
1906 4235 1529
1529 5353 1811
1811 3705 2598
6
1686 3867 2973
2973 1604 2882
2882 6195 874
874 5551 1207
1207 7376 239
239 2158 2598
6
1686 3872 1030
1030 8865 1721
1721 8480 1389
1389 6792 985
985 9089 976
976 8612 2598
6
1686 3882 1533
1533 4982 2995
2995 5229 1128
1128 3945 2692
2692 4432 1386
1386 7066 2598
6
1686 3895 797
797 52 2130
2130 3035 1479
1479 3397 703
703 1767 756
756 4730 2598
6
1686 3917 1668
1668 6125 2760
2760 4538 341
341 8674 1748
1748 6014 2241
2241 5650 2598
6
1686 3921 523
523 8392 2560
2560 8872 2611
2611 8956 851
851 3618 2394
2394 5248 2598
6
1686 3944 836
836 9047 1227
1227 5251 2108
2108 1576 2405
2405 6451 2058
2058 1897 2598
6
1686 3951 905
905 4370 256
256 8299 2676
2676 8686 1442
1442 2691 2589
2589 1039 2598
6
1686 3963 114
114 1372 13
13 6748 1505
1505 1179 943
943 5697 1299
1299 2197 2598
6
1686 3964 2396
2396 1914 1832
1832 7774 1105
1105 5979 765
765 719 2264
2264 1353 2598
6
1686 3965 185
185 7781 695
695 1506 451
451 6577 476
476 6256 1840
1840 1027 2598
6
1686 3978 2738
2738 6684 2558
2558 4250 2043
2043 4477 241
241 5920 168
168 2315 2598
6
1686 3988 2461
2461 3193 2040
2040 8072 391
391 5354 1448
1448 581 1521
1521 1813 2598
6
1686 3991 2492
2492 1841 2949
2949 8158 2340
2340 4503 2364
2364 1141 2282
2282 6199 2598
6
1686 3992 2996
2996 3587 1980
1980 8461 1597
1597 8336 2242
2242 7118 2431
2431 5060 2598
6
1686 3995 971
971 1125 2647
2647 3273 786
786 5578 2762
2762 2043 2946
2946 4508 2598
6
1686 3997 1278
1278 2337 2942
2942 7527 2104
2104 253 970
970 965 2111
2111 168 2598
6
1686 4000 349
349 2765 2187
2187 9013 2060
2060 1719 1797
1797 3614 2746
2746 8725 2598
6
1686 4007 2101
2101 7386 2075
2075 3462 124
124 6934 2661
2661 6494 60
60 3249 2598
6
1686 4011 850
850 1164 1306
1306 3870 869
869 1589 729
729 5615 2856
2856 3981 2598
6
1686 4022 2664
2664 389 2923
2923 2670 2362
2362 4398 1193
1193 73 1150
1150 6922 2598
6
1686 4036 1147
1147 3447 376
376 8573 724
724 1138 1730
1730 6497 2747
2747 750 2598
6
1686 4045 1609
1609 1495 1276
1276 6346 750
750 1811 1458
1458 4305 398
398 4500 2598
6
1686 4049 2333
2333 5796 1121
1121 978 2861
2861 1917 2823
2823 7588 2462
2462 1163 2598
6
1686 4055 2141
2141 2872 1672
1672 6977 2615
2615 3791 2230
2230 294 1882
1882 1426 2598
6
1686 4080 1484
1484 5687 1954
1954 8830 153
153 367 1696
1696 8633 266
266 7263 2598
6
1686 4089 355
355 2566 2411
2411 7139 1500
1500 4374 2528
2528 4900 441
441 138 2598
6
1686 4095 408
408 5281 350
350 3231 928
928 3224 2230
2230 1034 268
268 6327 2598
6
1686 4097 1041
1041 5328 2555
2555 3693 2440
2440 3956 1535
1535 8162 2402
2402 6962 2598
6
1686 4104 935
935 3644 586
586 864 2494
2494 5894 1353
1353 3459 1669
1669 3707 2598
6
1686 4105 1377
1377 7713 1934
1934 300 1351
1351 1740 589
589 6418 1225
1225 5422 2598
6
1686 4107 77
77 7405 2571
2571 8762 719
719 6777 2692
2692 7306 856
856 1383 2598
6
1686 4110 2370
2370 926 2464
2464 605 1090
1090 8883 970
970 2036 487
487 6589 2598
6
1686 4131 2414
2414 4541 766
766 7610 721
721 6337 879
879 1402 2189
2189 5519 2598
6
1686 4137 2375
2375 5397 1791
1791 999 2046
2046 5474 1670
1670 9020 578
578 2339 2598
6
1686 4140 2070
2070 155 213
213 6052 1360
1360 5877 84
84 5084 2026
2026 241 2598
6
1686 4150 1334
1334 7133 696
696 1049 2749
2749 7485 98
98 2717 626
626 2226 2598
6
1686 4157 59
59 3728 612
612 6210 960
960 1865 2551
2551 8128 2599
2599 5668 2598
6
1686 4159 199
199 3121 2354
2354 2666 1266
1266 4041 289
289 7170 1614
1614 9175 2598
6
1686 4163 2289
2289 8161 717
717 4371 2699
2699 441 238
238 1007 2580
2580 1653 2598
6
1686 4169 1302
1302 1036 2484
2484 986 2806
2806 2079 1574
1574 6304 2102
2102 6247 2598
6
1686 4172 580
580 1962 1955
1955 6231 1606
1606 5836 2218
2218 3031 1922
1922 4155 2598
6
1686 4178 1308
1308 6491 259
259 44 2406
2406 7736 1717
1717 8422 2273
2273 3300 2598
6
1686 4201 2920
2920 2160 1235
1235 1416 242
242 8101 64
64 8952 346
346 5493 2598
6
1686 4204 430
430 2407 1615
1615 5161 732
732 6383 1272
1272 8026 920
920 5279 2598
6
1686 4217 2154
2154 1501 1262
1262 5277 22
22 384 2049
2049 1912 1034
1034 7724 2598
6
1686 4231 459
459 53 218
218 4270 880
880 3013 2110
2110 827 647
647 2150 2598
6
1686 4232 992
992 7071 1745
1745 7301 2134
2134 9055 2668
2668 4642 1737
1737 308 2598
6
1686 4234 1481
1481 5630 936
936 3766 392
392 1807 253
253 2406 1145
1145 8575 2598
6
1686 4236 114
114 7335 1645
1645 1683 628
628 5546 2404
2404 7311 1340
1340 6829 2598
6
1686 4237 2602
2602 4426 175
175 1165 928
928 3934 116
116 4578 1882
1882 3933 2598
6
1686 4238 263
263 8521 1678
1678 902 2034
2034 1366 316
316 2545 793
793 1001 2598
6
1686 4254 1817
1817 8549 2514
2514 8752 1342
1342 5317 596
596 5244 2710
2710 3043 2598
6
1686 4257 1648
1648 7669 2851
2851 1021 2340
2340 8680 1780
1780 3163 2609
2609 342 2598
6
1686 4266 563
563 5394 2426
2426 3522 2440
2440 8222 1741
1741 2549 2819
2819 1216 2598
6
1686 4269 2269
2269 6708 1887
1887 5381 298
298 4991 1650
1650 1016 2679
2679 5637 2598
6
1686 4275 2664
2664 3700 1317
1317 3208 194
194 2170 1193
1193 3272 2361
2361 807 2598
6
1686 4278 2622
2622 5984 1095
1095 5636 2497
2497 8621 233
233 4302 1137
1137 141 2598
6
1686 4282 991
991 3406 1645
1645 2801 1505
1505 5972 162
162 2841 2930
2930 3558 2598
6
1686 4284 2254
2254 5266 2147
2147 8862 980
980 8263 1315
1315 6360 2671
2671 1449 2598
6
1686 4310 1644
1644 8266 292
292 1448 2830
2830 3835 1399
1399 6596 270
270 1072 2598
6
1686 4321 236
236 8694 1915
1915 2314 67
67 8930 826
826 4499 625
625 818 2598
6
1686 4330 2888
2888 4287 1441
1441 217 1511
1511 725 550
550 1799 402
402 2818 2598
6
1686 4346 223
223 8856 2214
2214 8004 1047
1047 275 669
669 3833 1146
1146 7389 2598
6
1686 4363 1683
1683 2652 1235
1235 4404 585
585 1997 2885
2885 8450 2881
2881 5259 2598
6
1686 4365 2109
2109 7835 1123
1123 1303 2818
2818 8080 1761
1761 7540 2496
2496 2880 2598
6
1686 4368 307
307 3325 3
3 1643 1910
1910 2830 2097
2097 7583 650
650 2744 2598
6
1686 4372 834
834 7141 1356
1356 4135 31
31 7367 525
525 1401 1751
1751 716 2598
6
1686 4373 183
183 4224 1241
1241 6190 107
107 3508 1394
1394 1916 1099
1099 4563 2598
6
1686 4376 1039
1039 5716 2280
2280 2517 415
415 1272 1553
1553 7218 2004
2004 346 2598
6
1686 4400 1337
1337 5371 495
495 3355 1605
1605 6131 1829
1829 2759 1013
1013 407 2598
6
1686 4405 2020
2020 6992 1028
1028 1253 2806
2806 6456 1682
1682 7952 2102
2102 8818 2598
6
1686 4409 1036
1036 5026 1693
1693 5940 1046
1046 5800 1541
1541 9108 2200
2200 3920 2598
6
1686 4416 2333
2333 6676 2066
2066 5993 2688
2688 6055 1689
1689 2417 2988
2988 7202 2598
6
1686 4420 949
949 4565 2286
2286 6754 1487
1487 7385 2519
2519 30 1992
1992 6273 2598
6
1686 4436 2453
2453 7185 2641
2641 1611 538
538 5237 830
830 8124 1
1 4528 2598
6
1686 4440 2973
2973 3564 514
514 3060 2009
2009 8958 1207
1207 8869 2357
2357 9148 2598
6
1686 4446 2327
2327 5185 653
653 8034 329
329 7706 2294
2294 2246 2111
2111 6088 2598
6
1686 4464 2795
2795 5992 2840
2840 4920 1050
1050 8990 2721
2721 1283 727
727 7531 2598
6
1686 4481 2567
2567 3960 359
359 3026 7
7 569 825
825 4992 1895
1895 3724 2598
6
1686 4494 1569
1569 4824 2660
2660 2846 7
7 6660 967
967 6639 8
8 1750 2598
6
1686 4506 2017
2017 3853 2665
2665 3297 2686
2686 3122 1926
1926 648 918
918 8942 2598
6
1686 4526 1681
1681 4855 2851
2851 7078 2398
2398 5843 2364
2364 5297 2609
2609 817 2598
6
1686 4546 2691
2691 4625 1691
1691 7686 1905
1905 6100 678
678 876 400
400 9009 2598
6
1686 4550 1036
1036 6884 484
484 7543 2498
2498 5594 2895
2895 4708 772
772 803 2598
6
1686 4551 601
601 7294 1333
1333 587 2652
2652 2613 2122
2122 1484 2747
2747 2075 2598
6
1686 4552 648
648 1054 49
49 5522 1371
1371 6975 2188
2188 882 402
402 3822 2598
6
1686 4556 95
95 5432 951
951 1201 2052
2052 7558 2116
2116 8433 1897
1897 7909 2598
6
1686 4561 2550
2550 1231 1095
1095 6967 1318
1318 4868 111
111 3844 1137
1137 6814 2598
6
1686 4568 795
795 7158 2511
2511 5939 664
664 6146 672
672 4258 1617
1617 6314 2598
6
1686 4573 1920
1920 3940 1269
1269 2332 1593
1593 1572 2596
2596 8050 800
800 5878 2598
6
1686 4579 1668
1668 6372 2446
2446 6054 946
946 5896 1748
1748 8620 2918
2918 5093 2598
6
1686 4581 1375
1375 1590 2799
2799 3468 2883
2883 6216 2820
2820 4574 2427
2427 7235 2598
6
1686 4582 354
354 3974 1333
1333 687 724
724 7424 1873
1873 6243 533
533 3073 2598
6
1686 4584 1339
1339 5029 1883
1883 7500 381
381 1505 1926
1926 1012 1994
1994 3957 2598
6
1686 4606 94
94 3115 783
783 5871 2565
2565 8184 1315
1315 7945 800
800 7230 2598
6
1686 4607 2470
2470 8494 417
417 4047 1849
1849 7396 1945
1945 5464 144
144 4872 2598
6
1686 4647 2447
2447 2046 264
264 8271 1327
1327 4772 2410
2410 9017 331
331 8940 2598
6
1686 4650 1788
1788 2694 380
380 4438 83
83 3637 1845
1845 4422 1770
1770 4638 2598
6
1686 4673 996
996 1849 2328
2328 8797 291
291 3307 922
922 6275 2004
2004 5302 2598
6
1686 4678 602
602 7878 679
679 3782 2643
2643 5270 1666
1666 3772 977
977 6547 2598
6
1686 4684 645
645 8721 492
492 8561 2406
2406 8242 2527
2527 5351 1557
1557 1311 2598
6
1686 4716 601
601 7990 1815
1815 483 2033
2033 3840 2536
2536 5724 130
130 1670 2598
6
1686 4725 2723
2723 6910 386
386 8214 2520
2520 8367 2265
2265 680 2893
2893 1974 2598
6
1686 4726 796
796 8724 1202
1202 5639 1418
1418 3480 2335
2335 3237 2172
2172 3916 2598
6
1686 4753 2082
2082 6217 350
350 3638 1282
1282 606 1192
1192 8597 1882
1882 6704 2598
6
1686 4766 322
322 3714 681
681 6442 938
938 9094 2632
2632 2650 1812
1812 6602 2598
6
1686 4770 1749
1749 8166 1465
1465 6630 326
326 6267 1845
1845 6552 120
120 5079 2598
6
1686 4771 583
583 7514 2705
2705 5545 1500
1500 5762 1820
1820 7430 441
441 1121 2598
6
1686 4782 1176
1176 4028 243
243 297 880
880 3311 1890
1890 1043 862
862 77 2598
6
1686 4798 2157
2157 8406 2890
2890 5419 1342
1342 5921 2961
2961 1298 2740
2740 4562 2598
6
1686 4809 955
955 8349 2193
2193 4569 1597
1597 9152 2703
2703 6179 2431
2431 6208 2598
6
1686 4816 1434
1434 6171 1155
1155 1761 1511
1511 2100 2188
2188 3520 1859
1859 2608 2598
6
1686 4829 1967
1967 2499 468
468 2338 965
965 531 396
396 4783 2219
2219 5191 2598
6
1686 4842 804
804 4410 1684
1684 5452 722
722 4484 1867
1867 5736 228
228 3576 2598
8
1686 4843 2184
2184 14 2923
2923 9022 194
194 5610 1332
1332 1290 1477
1477 5018 879
879 1515 2540
2540 4958 2598
6
1686 4858 1598
1598 5370 2873
2873 7328 1931
1931 3133 868
868 4454 1947
1947 6430 2598
6
1686 4869 2141
2141 6896 2985
2985 7246 1282
1282 5840 2271
2271 5332 682
682 7347 2598
6
1686 4870 779
779 6315 353
353 5407 2325
2325 5200 2534
2534 7498 2251
2251 8180 2598
6
1686 4871 1509
1509 5415 81
81 1931 1479
1479 5821 604
604 1677 2847
2847 838 2598
6
1686 4886 677
677 493 1398
1398 1619 2043
2043 8233 2857
2857 5087 1571
1571 181 2598
6
1686 4909 1369
1369 8700 132
132 2064 2210
2210 671 69
69 4083 2777
2777 3632 2598
6
1686 4927 2267
2267 3473 274
274 2401 1323
1323 2198 383
383 3980 1851
1851 3063 2598
6
1686 4938 2658
2658 3935 338
338 4214 2646
2646 39 2535
2535 6229 2348
2348 4195 2598
6
1686 4944 443
443 2472 897
897 2050 19
19 2622 2620
2620 2224 2080
2080 4442 2598
6
1686 4959 2510
2510 1212 1903
1903 8205 1952
1952 2434 1783
1783 846 1009
1009 4510 2598
6
1686 4961 2798
2798 1737 2838
2838 4096 2222
2222 2009 1491
1491 4709 2373
2373 3041 2598
6
1686 4962 1526
1526 7433 1997
1997 4327 2796
2796 1828 1810
1810 6801 1667
1667 1783 2598
6
1686 4964 2401
2401 2354 311
311 7361 2778
2778 8507 55
55 8208 244
244 196 2598
6
1686 4967 1938
1938 8284 2834
2834 6059 881
881 8859 1790
1790 5296 393
393 7388 2598
6
1686 4969 987
987 5661 1097
1097 958 536
536 2522 2604
2604 2704 388
388 6356 2598
6
1686 4972 2142
2142 5929 1328
1328 5054 1590
1590 7281 1679
1679 1620 630
630 7212 2598
6
1686 4974 2414
2414 5040 178
178 7608 47
47 8420 2548
2548 5626 2540
2540 7371 2598
6
1686 4981 2628
2628 5942 2783
2783 7220 1178
1178 2010 1913
1913 5320 2172
2172 4181 2598
6
1686 4995 38
38 1387 2207
2207 1044 2381
2381 7784 1879
1879 1382 1877
1877 4605 2598
6
1686 5000 875
875 7959 824
824 3905 2378
2378 8902 1607
1607 8247 351
351 7126 2598
6
1686 5002 1772
1772 245 2169
2169 6490 2618
2618 6691 2837
2837 1234 1067
1067 2169 2598
6
1686 5021 2206
2206 4173 1651
1651 4670 2442
2442 1273 1995
1995 314 131
131 698 2598
6
1686 5022 2613
2613 8448 2660
2660 6900 1906
1906 5597 967
967 8074 1895
1895 8783 2598
6
1686 5030 1027
1027 7841 106
106 7289 2452
2452 9063 1545
1545 8763 193
193 4362 2598
6
1686 5032 370
370 1882 2877
2877 4557 1935
1935 6574 745
745 4151 2013
2013 6694 2598
6
1686 5038 58
58 2646 1087
1087 7024 362
362 1433 1442
1442 4777 436
436 3510 2598
6
1686 5065 1841
1841 2748 2186
2186 9174 2112
2112 4806 1523
1523 4462 332
332 5165 2598
6
1686 5070 2846
2846 5012 2714
2714 1130 1694
1694 7442 2221
2221 6089 1726
1726 2087 2598
6
1686 5076 1142
1142 3898 2495
2495 8381 2639
2639 3613 2958
2958 5936 2080
2080 4509 2598
6
1686 5078 1664
1664 2302 281
281 8148 854
854 8907 1472
1472 5137 872
872 305 2598
6
1686 5104 2969
2969 1135 243
243 1621 2735
2735 153 1890
1890 2762 1274
1274 223 2598
6
1686 5134 139
139 1830 2083
2083 3171 1656
1656 4023 2745
2745 768 731
731 6550 2598
6
1686 5143 797
797 2941 1356
1356 5909 1479
1479 8447 525
525 6551 1119
1119 2513 2598
6
1686 5155 1302
1302 1255 1937
1937 3815 182
182 2935 101
101 5226 1559
1559 2575 2598
6
1686 5156 787
787 3147 1344
1344 4014 1593
1593 7882 1787
1787 8735 1407
1407 5402 2598
6
1686 5168 114
114 7621 1518
1518 1518 511
511 2030 1740
1740 1450 2809
2809 1752 2598
6
1686 5170 1035
1035 3394 413
413 4789 1605
1605 9052 2131
2131 7570 1013
1013 4540 2598
6
1686 5171 2443
2443 7074 1040
1040 5364 348
348 7055 506
506 416 2047
2047 6948 2598
6
1686 5172 996
996 6058 2825
2825 2817 54
54 786 2661
2661 7136 446
446 2430 2598
6
1686 5182 2166
2166 4006 1601
1601 5542 1457
1457 4576 693
693 7473 2983
2983 5061 2598
6
1686 5184 2568
2568 7982 679
679 4059 2673
2673 7929 1666
1666 5617 2001
2001 3340 2598
6
1686 5196 1823
1823 524 2054
2054 2824 2775
2775 2893 2519
2519 2384 1148
1148 2284 2598
6
1686 5218 2964
2964 6535 2093
2093 4152 1966
1966 4223 963
963 2974 2245
2245 5144 2598
6
1686 5230 1871
1871 1686 2359
2359 3761 2422
2422 7573 2940
2940 2587 2358
2358 8950 2598
6
1686 5253 2115
2115 2632 265
265 2143 2790
2790 3767 1700
1700 7511 2002
2002 3860 2598
6
1686 5257 1163
1163 5342 380
380 8580 1203
1203 741 302
302 3332 1594
1594 2884 2598
6
1686 5258 325
325 6336 2826
2826 6121 1908
1908 4168 2379
2379 2239 1987
1987 2279 2598
6
1686 5262 160
160 4945 1997
1997 6990 107
107 7578 569
569 5174 1099
1099 5113 2598
6
1686 5264 246
246 2176 2367
2367 5409 1372
1372 3771 506
506 4837 2136
2136 5010 2598
6
1686 5280 2510
2510 1524 1880
1880 287 1952
1952 2671 301
301 7480 2291
2291 7014 2598
6
1686 5287 850
850 5053 696
696 6876 869
869 1780 2051
2051 8437 640
640 246 2598
6
1686 5307 887
887 7504 304
304 991 1729
1729 5192 1359
1359 513 728
728 1660 2598
6
1686 5310 197
197 4160 1344
1344 5826 2583
2583 8589 1448
1448 7704 369
369 7949 2598
6
1686 5318 971
971 6973 2672
2672 3286 2646
2646 5982 2762
2762 3820 704
704 2897 2598
6
1686 5325 382
382 5420 1310
1310 3850 1078
1078 6161 1070
1070 1893 2205
2205 4448 2598
6
1686 5349 1977
1977 7449 1525
1525 5933 1709
1709 250 1744
1744 5399 842
842 2020 2598
6
1686 5368 1555
1555 6637 311
311 9070 1362
1362 6271 2785
2785 4332 2609
2609 1000 2598
6
1686 5369 1490
1490 5853 2558
2558 9160 685
685 4035 2857
2857 8878 2314
2314 4537 2598
6
1686 5374 1920
1920 8675 413
413 5695 1944
1944 2771 1829
1829 4146 2324
2324 667 2598
6
1686 5377 580
580 4717 2240
2240 7109 806
806 2953 2218
2218 4760 1335
1335 2215 2598
6
1686 5380 2817
2817 8067 564
564 6926 2891
2891 6701 2925
2925 4545 1722
1722 1682 2598
6
1686 5395 2295
2295 5837 1317
1317 7807 2362
2362 8129 864
864 4674 2427
2427 7487 2598
6
1686 5401 354
354 4261 705
705 3909 2718
2718 6013 1873
1873 6473 2747
2747 2115 2598
6
1686 5426 892
892 7104 2962
2962 3020 2830
2830 6706 1068
1068 212 1264
1264 2438 2598
8
1686 5430 1240
1240 883 174
174 43 364
364 1308 2369
2369 2431 300
300 5126 2195
2195 816 999
999 2615 2598
6
1686 5437 2463
2463 4663 1185
1185 5788 1709
1709 8948 2674
2674 6750 2538
2538 4968 2598
6
1686 5458 1222
1222 4098 1675
1675 7047 520
520 97 2667
2667 6064 829
829 415 2598
6
1686 5468 1156
1156 2888 1497
1497 1895 1957
1957 6856 2279
2279 7108 1965
1965 3669 2598
6
1686 5477 649
649 7778 2503
2503 2318 621
621 2300 1213
1213 1492 2951
2951 3913 2598
6
1686 5482 1156
1156 5433 896
896 6435 2792
2792 8979 1167
1167 2992 2160
2160 847 2598
6
1686 5484 2401
2401 8431 2056
2056 2835 2398
2398 7597 1780
1780 3754 916
916 6722 2598
6
1686 5487 1692
1692 8814 1097
1097 3601 2476
2476 1266 866
866 7587 900
900 3255 2598
6
1686 5494 2758
2758 4194 2787
2787 8355 2222
2222 8829 509
509 1280 2373
2373 4553 2598
6
1686 5526 408
408 5503 175
175 5675 2615
2615 3919 1077
1077 5750 401
401 3628 2598
6
1686 5527 1509
1509 7998 2130
2130 8009 1534
1534 1282 604
604 3083 1119
1119 3438 2598
6
1686 5535 1972
1972 8301 1724
1724 4690 874
874 5816 911
911 7906 239
239 3244 2598
6
1686 5539 871
871 5719 293
293 1259 558
558 1961 2211
2211 4013 2059
2059 3585 2598
6
1686 5548 991
991 8389 1856
1856 2203 1197
1197 233 794
794 8176 2525
2525 1892 2598
6
1686 5552 2316
2316 5091 2215
2215 8945 2014
2014 7357 1311
1311 4665 605
605 5074 2598
6
1686 5556 2166
2166 4852 1600
1600 7586 1457
1457 6966 1687
1687 8173 687
687 826 2598
6
1686 5564 1415
1415 4091 1839
1839 222 37
37 3124 2961
2961 8478 2972
2972 3984 2598
6
1686 5570 2447
2447 6726 399
399 6852 1327
1327 5892 79
79 8538 655
655 81 2598
6
1686 5585 1366
1366 4139 2224
2224 6622 1303
1303 3497 2940
2940 4206 2933
2933 713 2598
6
1686 5591 1598
1598 8056 215
215 150 837
837 8731 474
474 1770 393
393 8353 2598
6
1686 5592 2836
2836 8018 567
567 2095 2339
2339 8194 2266
2266 2936 2273
2273 5785 2598
6
1686 5593 1489
1489 3918 44
44 1731 2175
2175 2174 1961
1961 7970 1462
1462 2159 2598
6
1686 5599 1703
1703 5507 2464
2464 696 2436
2436 1418 200
200 6509 323
323 2602 2598
6
1686 5605 2184
2184 2423 1317
1317 9053 2922
2922 6752 2306
2306 5916 2361
2361 1613 2598
6
1686 5606 461
461 2180 174
174 6932 1637
1637 6650 1085
1085 4352 1200
1200 522 2598
6
1686 5627 1093
1093 2739 1022
1022 2641 374
374 8874 51
51 1536 1230
1230 6919 2598
6
1686 5633 1337
1337 6147 773
773 8978 1944
1944 8445 2753
2753 6918 2324
2324 5135 2598
6
1686 5641 1929
1929 4468 1406
1406 8678 21
21 2521 1408
1408 4435 2828
2828 4931 2598
6
1686 5653 440
440 1802 2909
2909 745 1336
1336 1214 45
45 6061 1627
1627 1086 2598
6
1686 5655 725
725 505 1974
1974 4480 1243
1243 5919 1431
1431 3859 1918
1918 1365 2598
6
1686 5660 1555
1555 8177 373
373 8380 832
832 4598 2895
2895 4893 904
904 3373 2598
6
1686 5670 1063
1063 4219 1398
1398 2638 685
685 5166 241
241 8709 2120
2120 4491 2598
6
1686 5689 1499
1499 7585 1453
1453 8110 1964
1964 3176 1411
1411 7494 2233
2233 8312 2598
6
1686 5722 2991
2991 7907 2354
2354 6423 1127
1127 3818 2139
2139 7624 540
540 3890 2598
6
1686 5745 102
102 7746 1459
1459 2204 621
621 2441 2820
2820 5176 378
378 6288 2598
6
1686 5753 1478
1478 1577 2872
2872 2863 362
362 7623 2384
2384 8604 1563
1563 1525 2598
6
1686 5761 78
78 215 614
614 3331 177
177 2389 958
958 1154 1221
1221 1685 2598
6
1686 5767 1685
1685 8607 2963
2963 8364 2387
2387 5146 2632
2632 6895 2874
2874 1232 2598
6
1686 5810 2073
2073 4134 2114
2114 5106 2827
2827 8837 295
295 3165 402
402 7452 2598
6
1686 5818 2154
2154 2523 2915
2915 8564 22
22 5783 1756
1756 448 1425
1425 4353 2598
6
1686 5846 23
23 4516 1917
1917 3470 493
493 8250 636
636 6038 2451
2451 8645 2598
6
1686 5867 648
648 4037 1441
1441 957 2642
2642 9123 550
550 3959 130
130 4467 2598
6
1686 5899 1384
1384 6530 81
81 3442 2993
2993 6838 604
604 6409 1751
1751 3635 2598
6
1686 5901 409
409 6675 2107
2107 6263 2633
2633 4761 121
121 4765 913
913 5217 2598
6
1686 5950 526
526 4907 2326
2326 6982 2217
2217 5206 1504
1504 5751 2356
2356 3876 2598
6
1686 5965 1093
1093 3103 546
546 7750 2860
2860 1105 51
51 6811 471
471 1145 2598
6
1686 5970 2573
2573 4186 2513
2513 4570 574
574 6600 995
995 5052 2250
2250 3363 2598
6
1686 5976 2864
2864 4394 1615
1615 7951 2901
2901 7995 2392
2392 390 1892
1892 6698 2598
6
1686 5977 1660
1660 6066 1199
1199 7895 946
946 7594 1004
1004 4905 2241
2241 6893 2598
6
1686 5981 804
804 8802 2234
2234 7194 722
722 4751 595
595 6813 893
893 1854 2598
6
1686 5985 237
237 8799 132
132 5486 277
277 6407 1527
1527 2913 2437
2437 6155 2598
6
1686 5991 59
59 6531 2336
2336 6366 960
960 7712 262
262 7333 2635
2635 7499 2598
6
1686 6003 646
646 833 1373
1373 4342 1725
1725 1406 2957
2957 5461 623
623 4875 2598
6
1686 6012 466
466 234 2491
2491 1747 1107
1107 2114 2252
2252 1071 2080
2080 8733 2598
6
1686 6021 2603
2603 2631 2877
2877 6391 2442
2442 5373 2458
2458 5410 2013
2013 6742 2598
6
1686 6040 139
139 3931 1562
1562 5428 1303
1303 6730 560
560 140 2780
2780 3411 2598
6
1686 6045 2944
2944 5242 1238
1238 4458 1044
1044 6721 524
524 8637 517
517 8216 2598
6
1686 6046 526
526 6448 1427
1427 7663 1209
1209 7775 1305
1305 7124 2192
2192 2189 2598
6
1686 6049 1704
1704 629 1195
1195 4208 2699
2699 6200 1747
1747 1425 2926
2926 8962 2598
6
1686 6057 2734
2734 3356 619
619 6796 2686
2686 4017 1971
1971 3947 2467
2467 7818 2598
6
1686 6084 725
725 1038 2556
2556 5434 1725
1725 3347 2067
2067 2510 2935
2935 2750 2598
6
1686 6090 1827
1827 1542 1065
1065 247 2876
2876 3403 1498
1498 3113 1885
1885 1131 2598
6
1686 6097 871
871 8873 1476
1476 3085 1351
1351 2696 2103
2103 7996 1225
1225 7467 2598
6
1686 6117 2550
2550 1339 1791
1791 7165 328
328 5755 568
568 5312 578
578 7545 2598
6
1686 6134 2141
2141 8245 350
350 9083 1294
1294 9021 2379
2379 7921 2201
2201 8858 2598
6
1686 6163 2070
2070 1580 2794
2794 3912 2112
2112 4989 84
84 5995 694
694 7739 2598
6
1686 6164 935
935 4058 2259
2259 1901 2494
2494 7912 841
841 1557 1669
1669 4700 2598
6
1686 6178 1566
1566 3248 1917
1917 8398 455
455 2478 425
425 7287 2859
2859 6102 2598
6
1686 6188 160
160 6506 1701
1701 2027 2796
2796 1998 569
569 7391 2748
2748 1466 2598
6
1686 6204 890
890 3333 1601
1601 7464 2425
2425 5549 1687
1687 8697 827
827 3310 2598
6
1686 6205 2907
2907 4121 2466
2466 8467 1964
1964 6154 870
870 2844 1854
1854 3140 2598
6
1686 6218 1405
1405 1827 2255
2255 2386 750
750 8387 662
662 7486 46
46 5684 2598
6
1686 6226 1595
1595 7454 584
584 2090 1358
1358 122 825
825 8388 8
8 3479 2598
6
1686 6227 42
42 2123 2353
2353 8428 1613
1613 3475 1242
1242 143 2951
2951 4056 2598
6
1686 6228 1496
1496 823 2484
2484 5048 212
212 2156 15
15 3603 2102
2102 9079 2598
6
1686 6232 491
491 6086 2193
2193 8154 1825
1825 2789 2703
2703 7616 159
159 4427 2598
6
1686 6246 969
969 4953 1141
1141 6689 1319
1319 5031 1797
1797 6340 1102
1102 8944 2598
6
1686 6266 95
95 7443 2641
2641 7935 1471
1471 5491 1229
1229 7010 513
513 6000 2598
6
1686 6281 563
563 6203 1048
1048 2468 1296
1296 7192 1916
1916 2364 2623
2623 162 2598
6
1686 6283 1896
1896 1929 2283
2283 8019 853
853 9042 309
309 735 802
802 281 2598
6
1686 6290 2377
2377 2221 840
840 9168 2901
2901 9092 966
966 6480 1066
1066 5308 2598
6
1686 6292 553
553 7519 1110
1110 2908 80
80 939 1414
1414 242 687
687 1778 2598
6
1686 6313 2055
2055 4268 1636
1636 3881 222
222 8171 1523
1523 8121 2143
2143 5885 2598
6
1686 6333 1037
1037 1838 2576
2576 8853 1486
1486 3915 416
416 5835 270
270 8261 2598
6
1686 6341 1466
1466 2445 495
495 6643 1397
1397 9145 2392
2392 2185 1013
1013 8562 2598
6
1686 6380 804
804 9179 1162
1162 3545 2960
2960 50 595
595 7248 228
228 5773 2598
6
1686 6382 247
247 4948 2385
2385 4912 2071
2071 2683 396
396 5802 2884
2884 3540 2598
6
1686 6396 78
78 4461 2505
2505 7366 2860
2860 1168 201
201 5957 1228
1228 7020 2598
6
1686 6397 865
865 8899 1235
1235 5028 2612
2612 4747 841
841 6621 2042
2042 6785 2598
6
1686 6413 1219
1219 4411 622
622 8362 712
712 1213 548
548 5050 1897
1897 8871 2598
6
1686 6424 2124
2124 4229 2234
2234 8789 642
642 8446 851
851 6603 1483
1483 6532 2598
6
1686 6438 2360
2360 6135 2367
2367 7282 460
460 6353 2582
2582 6001 2047
2047 8136 2598
6
1686 6498 167
167 3448 1907
1907 5413 1323
1323 5103 898
898 7701 420
420 4682 2598
6
1686 6517 1914
1914 2889 867
867 5881 180
180 7408 2903
2903 7521 2292
2292 1957 2598
6
1686 6519 2708
2708 5282 614
614 5045 2860
2860 7484 1245
1245 2922 1976
1976 7100 2598
6
1686 6556 469
469 8493 2714
2714 2153 774
774 5058 708
708 8523 187
187 3948 2598
6
1686 6557 1681
1681 7556 2984
2984 8720 2198
2198 7358 1780
1780 4496 48
48 3024 2598
6
1686 6561 272
272 2721 1856
1856 3864 964
964 3641 943
943 6914 2337
2337 2370 2598
6
1686 6571 2510
2510 8875 2909
2909 4835 2297
2297 4428 45
45 6692 2588
2588 4866 2598
6
1686 6578 733
733 2710 1518
1518 6878 628
628 6302 335
335 1351 917
917 1313 2598
6
1686 6584 1014
1014 6832 417
417 8397 206
206 7954 1539
1539 7204 2659
2659 270 2598
6
1686 6635 370
370 2076 933
933 2171 2442
2442 8112 745
745 5261 131
131 1184 2598
6
1686 6667 1063
1063 9081 1273
1273 1485 340
340 5089 2579
2579 8908 942
942 6390 2598
6
1686 6672 2650
2650 4724 2858
2858 5376 1911
1911 4210 2389
2389 3528 942
942 7193 2598
6
1686 6697 1609
1609 4106 2096
2096 7541 2365
2365 2054 1458
1458 7896 1676
1676 3436 2598
6
1686 6738 559
559 4043 1654
1654 5319 2945
2945 5521 2029
2029 6749 547
547 6770 2598
6
1686 6747 443
443 5453 1831
1831 6310 2862
2862 1795 2913
2913 8453 169
169 8860 2598
6
1686 6757 1401
1401 2240 1903
1903 8911 616
616 6888 1869
1869 5112 2050
2050 7163 2598
6
1686 6766 2183
2183 6255 2524
2524 5817 2724
2724 6015 1167
1167 6047 224
224 5710 2598
6
1686 6775 2813
2813 3431 34
34 5115 1351
1351 3336 419
419 2110 873
873 5621 2598
6
1686 6815 677
677 4334 2858
2858 6682 340
340 6143 587
587 5057 1454
1454 6215 2598
6
1686 6851 1896
1896 6907 2513
2513 7518 891
891 6912 186
186 3018 187
187 5849 2598
6
1686 6858 1338
1338 4773 676
676 504 1088
1088 7004 2667
2667 8209 2391
2391 6192 2598
6
1686 6869 1037
1037 2201 828
828 3428 1579
1579 2342 1739
1739 4914 270
270 9007 2598
6
1686 6870 1343
1343 3704 1701
1701 2937 358
358 6187 1390
1390 2341 1667
1667 4357 2598
6
1686 6872 714
714 8793 2543
2543 6976 1801
1801 8287 1244
1244 6343 698
698 7702 2598
6
1686 6879 646
646 4279 2556
2556 7320 2074
2074 6906 2067
2067 7569 623
623 6873 2598
6
1686 6880 1975
1975 7723 606
606 4593 1341
1341 4466 1531
1531 364 2151
2151 7529 2598
6
1686 6921 2716
2716 5250 215
215 1573 2162
2162 8035 1790
1790 5323 2526
2526 447 2598
6
1686 6924 42
42 3204 2776
2776 4488 1613
1613 6493 1527
1527 7022 2777
2777 7048 2598
6
1686 6933 1516
1516 6325 1550
1550 1319 1764
1764 4347 652
652 4596 900
900 8168 2598
6
1686 6947 318
318 3023 1262
1262 6475 141
141 8001 1756
1756 8567 627
627 6157 2598
6
1686 6951 1015
1015 3994 2232
2232 2858 2423
2423 2881 1394
1394 6202 2748
2748 5508 2598
6
1686 6965 2015
2015 5645 2648
2648 7591 276
276 2465 2889
2889 3104 793
793 2894 2598
6
1686 7019 1147
1147 3734 705
705 4862 2652
2652 6515 76
76 5449 2736
2736 5481 2598
6
1686 7032 1509
1509 8267 2865
2865 3969 1534
1534 1636 2317
2317 1774 2918
2918 6348 2598
6
1686 7036 110
110 144 1562
1562 6937 659
659 6733 820
820 7751 2933
2933 1935 2598
6
1686 7052 535
535 2410 1065
1065 8199 1715
1715 6641 1055
1055 9060 1003
1003 2421 2598
6
1686 7054 2170
2170 5385 1494
1494 4921 1556
1556 1765 2728
2728 4788 5
5 2938 2598
6
1686 7059 113
113 5068 1852
1852 6175 536
536 3285 2457
2457 7146 900
900 8726 2598
6
1686 7072 2260
2260 8795 2063
2063 7330 570
570 4655 2632
2632 8178 2094
2094 8959 2598
6
1686 7125 718
718 6594 1324
1324 409 680
680 4249 1301
1301 3712 626
626 4755 2598
6
1686 7150 1866
1866 6653 1724
1724 9048 445
445 8547 1402
1402 7323 1999
1999 4590 2598
6
1686 7154 2443
2443 8273 1445
1445 1586 2371
2371 8044 2533
2533 5971 1727
1727 2081 2598
6
1686 7159 2296
2296 4412 2235
2235 6734 1969
1969 5860 2954
2954 1722 1436
1436 5097 2598
6
1686 7171 2717
2717 2344 2415
2415 7821 1258
1258 5167 1752
1752 1531 1708
1708 6812 2598
6
1686 7173 1329
1329 1117 86
86 8954 1576
1576 6019 1236
1236 8972 310
310 6144 2598
6
1686 7201 278
278 2909 1651
1651 5304 308
308 5680 1995
1995 4677 115
115 2618 2598
6
1686 7208 1697
1697 5085 2980
2980 2984 522
522 6649 1773
1773 1987 2554
2554 6959 2598
6
1686 7236 759
759 6168 2432
2432 3378 276
276 8794 20
20 2393 61
61 5829 2598
6
1686 7265 759
759 8319 2967
2967 4241 1720
1720 4518 316
316 2728 2729
2729 2946 2598
6
1686 7278 2629
2629 8922 1745
1745 8629 2290
2290 8773 324
324 5117 33
33 7043 2598
6
1686 7319 1089
1089 5608 1654
1654 8595 1432
1432 6133 2303
2303 8831 2091
2091 751 2598
6
1686 7325 1057
1057 3938 2093
2093 9124 1836
1836 4316 273
273 2859 2155
2155 1888 2598
6
1686 7326 2964
2964 9167 2262
2262 4382 2323
2323 8667 488
488 1113 2155
2155 2692 2598
6
1686 7348 1343
1343 7657 292
292 5056 1784
1784 3374 1068
1068 4128 261
261 5186 2598
6
1686 7349 1338
1338 7785 909
909 6361 520
520 4001 2238
2238 5462 1425
1425 5463 2598
6
1686 7394 2929
2929 3787 418
418 6581 119
119 5073 528
528 2570 422
422 5673 2598
6
1686 7400 1914
1914 6362 2844
2844 6570 1789
1789 3823 50
50 1710 1732
1732 3866 2598
6
1686 7416 2662
2662 6417 2125
2125 4311 1418
1418 4954 882
882 4587 2900
2900 1019 2598
6
1686 7462 1496
1496 2487 1276
1276 9126 2159
2159 6184 1519
1519 6831 1713
1713 4455 2598
6
1686 7472 2644
2644 5935 1273
1273 2373 1911
1911 6251 587
587 5099 1571
1571 5227 2598
6
1686 7507 1016
1016 7503 123
123 7249 1309
1309 5442 2898
2898 3269 231
231 3736 2598
6
1686 7508 1114
1114 1658 345
345 6405 1165
1165 5316 288
288 6037 2972
2972 8036 2598
6
1686 7516 1375
1375 3283 2503
2503 5077 1449
1449 7967 1250
1250 3423 72
72 2634 2598
6
1686 7589 1329
1329 2231 1690
1690 8292 591
591 7215 1902
1902 8960 9
9 5356 2598
6
1686 7604 412
412 9018 1468
1468 7565 2670
2670 3616 289
289 8488 1335
1335 2661 2598
6
1686 7618 1260
1260 5926 1183
1183 4345 1966
1966 7023 273
273 3358 2682
2682 7327 2598
6
1686 7632 2758
2758 4827 2838
2838 6320 811
811 1324 975
975 760 2419
2419 4470 2598
6
1686 7651 2482
2482 7525 2956
2956 7574 328
328 6098 111
111 8296 1435
1435 4706 2598
6
1686 7707 1226
1226 4299 594
594 4865 449
449 5986 521
521 5417 2068
2068 2366 2598
6
1686 7714 1841
1841 3653 1636
1636 6401 1058
1058 2062 868
868 5504 2526
2526 8345 2598
6
1686 7780 927
927 3238 2466
2466 8909 100
100 6156 209
209 325 2022
2022 3329 2598
6
1686 7796 2017
2017 7303 2276
2276 4215 2600
2600 5674 1174
1174 8232 2456
2456 4366 2598
6
1686 7800 2023
2023 6564 824
824 6950 2655
2655 6321 282
282 6890 1314
1314 4048 2598
6
1686 7806 797
797 3880 2511
2511 7974 453
453 8933 703
703 4695 1751
1751 3926 2598
6
1686 7851 973
973 304 1488
1488 1441 80
80 7902 1858
1858 5122 431
431 4286 2598
6
1686 7856 2508
2508 2788 149
149 8470 1503
1503 7637 134
134 8286 2091
2091 8021 2598
6
1686 7860 2846
2846 6553 274
274 4943 2791
2791 3899 995
995 6344 187
187 8641 2598
6
1686 7874 1569
1569 8772 359
359 7844 912
912 7927 1809
1809 8606 620
620 1374 2598
6
1686 7904 1914
1914 6994 2905
2905 4149 2216
2216 8473 2903
2903 8936 1732
1732 5311 2598
6
1686 7913 2119
2119 4252 1232
1232 5102 2436
2436 4980 2959
2959 5414 323
323 6018 2598
6
1686 7920 1334
1334 8894 1306
1306 6235 755
755 6145 1083
1083 4117 2856
2856 5586 2598
6
1686 7958 2795
2795 7754 951
951 6299 1962
1962 6060 2721
2721 2225 2504
2504 763 2598
6
1686 7968 1051
1051 6193 1002
1002 2614 543
543 3101 2562
2562 6671 2479
2479 4808 2598
6
1686 7999 2734
2734 7617 2665
2665 7947 1998
1998 4666 1926
1926 8054 2380
2380 3594 2598
6
1686 8023 2773
2773 2157 1955
1955 7849 2670
2670 8424 814
814 9102 1335
1335 7002 2598
8
1686 8031 1842
1842 7277 567
567 3524 1270
1270 6608 2266
2266 7649 27
27 6559 56
56 7740 60
60 6039 2598
6
1686 8055 2717
2717 5223 265
265 5372 2801
2801 2469 861
861 2972 2593
2593 1801 2598
6
1686 8081 645
645 8730 259
259 197 1941
1941 3758 2010
2010 7737 255
255 7253 2598
6
1686 8160 890
890 5455 1110
1110 5023 451
451 6800 1858
1858 6495 2983
2983 7900 2598
6
1686 8183 2170
2170 5412 1577
1577 8669 1556
1556 4797 2634
2634 6946 2301
2301 4936 2598
6
1686 8217 2119
2119 5795 148
148 3357 2639
2639 7890 2252
2252 6609 2465
2465 1707 2598
6
1686 8229 1176
1176 7285 1297
1297 694 2399
2399 8895 1850
1850 6388 127
127 1927 2598
6
1686 8318 1543
1543 3107 208
208 5440 21
21 2626 817
817 6964 1560
1560 896 2598
6
1686 8326 2662
2662 8590 191
191 7050 1418
1418 8491 2541
2541 3096 2900
2900 5838 2598
6
1686 8334 1609
1609 8994 2255
2255 3971 1378
1378 9120 1930
1930 5047 1454
1454 7491 2598
6
1686 8356 1566
1566 8770 586
586 6842 455
455 4818 271
271 4507 2986
2986 5460 2598
6
1686 8400 4
4 7840 1002
1002 2994 2610
2610 6998 2606
2606 6848 2479
2479 7242 2598
6
1686 8441 2569
2569 2128 532
532 7709 2345
2345 3117 963
963 5808 1808
1808 2542 2598
6
1686 8476 1212
1212 7564 1943
1943 7522 572
572 5618 1778
1778 3381 2916
2916 5720 2598
6
1686 8483 646
646 7648 1011
1011 7670 2904
2904 6723 1517
1517 7200 2645
2645 8693 2598
6
1686 8532 2813
2813 5690 1476
1476 3392 232
232 7298 419
419 8552 1181
1181 6182 2598
6
1686 8584 343
343 6160 2905
2905 4296 2600
2600 7134 2433
2433 1968 2292
2292 5473 2598
6
1686 8587 1516
1516 6626 2114
2114 7295 2476
2476 6082 652
652 7151 388
388 8175 2598
6
1686 8594 718
718 8888 907
907 4841 680
680 5699 1679
1679 5938 809
809 1318 2598
6
1686 8625 496
496 5275 293
293 4443 232
232 7551 10
10 2152 1234
1234 1514 2598
6
1686 8670 2567
2567 8536 584
584 5693 1005
1005 4505 176
176 4811 767
767 2353 2598
6
1686 8749 1147
1147 5490 544
544 2737 785
785 7016 1873
1873 8429 2681
2681 4067 2598
6
1686 8768 2119
2119 8534 2464
2464 7426 360
360 2347 615
615 3352 1348
1348 3711 2598
6
1686 8769 2477
2477 6330 2637
2637 6625 2387
2387 6398 1092
1092 3551 2588
2588 5175 2598
6
1686 8976 988
988 3359 1855
1855 8617 819
819 8613 1311
1311 7842 501
501 3968 2598
6
1686 9006 1041
1041 5348 1123
1123 6790 1710
1710 6138 1535
1535 8347 2623
2623 4555 2598
