145
30
1087 60 2887
2887 3287 1672
1672 1769 393
393 3757 2175
2175 1093 2433
2433 1690 2152
2152 976 2441
2441 3015 2542
2542 3207 2212
2212 564 2215
2215 4774 1226
1226 1771 1972
1972 1513 2243
2243 3496 1653
1653 284 1297
1297 2170 1966
1966 5088 505
505 4292 773
773 2042 1711
1711 3709 972
972 3102 1567
1567 2891 2672
2672 916 1380
1380 3194 46
46 2583 298
298 653 716
716 689 1291
1291 1934 1154
1154 1617 1079
1079 2311 1366
30
1087 71 2158
2158 3138 2745
2745 1815 2327
2327 2020 2839
2839 1221 1884
1884 1748 1330
1330 1835 1202
1202 2173 491
491 1461 198
198 1190 156
156 1183 36
36 1376 1796
1796 889 2743
2743 1511 391
391 409 1458
1458 4928 1254
1254 1122 829
829 1083 2328
2328 4917 2105
2105 2303 1406
1406 2419 1069
1069 2377 882
882 67 1083
1083 2847 1391
1391 2051 1063
1063 3465 1996
1996 242 969
969 424 1415
1415 1001 1723
1723 884 1366
30
1087 93 2902
2902 3403 714
714 4408 558
558 5209 2356
2356 117 1545
1545 609 2545
2545 3488 89
89 160 2315
2315 61 2823
2823 467 206
206 3572 1979
1979 512 485
485 2764 20
20 2462 1686
1686 236 735
735 4313 812
812 1379 531
531 2265 1907
1907 768 883
883 1736 2484
2484 2497 1693
1693 3333 33
33 4456 1279
1279 310 2300
2300 1770 1217
1217 2175 209
209 1153 19
19 3513 2898
2898 4568 2438
2438 4096 1366
30
1087 130 246
246 3602 12
12 3558 895
895 286 2889
2889 4580 646
646 1476 2514
2514 3 85
85 2225 1870
1870 4007 1871
1871 1255 315
315 2529 1837
1837 5171 1752
1752 4224 2029
2029 320 1278
1278 2785 940
940 3505 2574
2574 32 1097
1097 3536 2594
2594 1458 1144
1144 2252 62
62 403 1633
1633 3886 1617
1617 483 2769
2769 1646 925
925 703 1709
1709 1922 1506
1506 453 260
260 2421 2611
2611 725 904
904 65 1366
30
1087 151 2344
2344 290 2052
2052 1875 1377
1377 3386 551
551 143 233
233 5100 1814
1814 3985 489
489 1266 135
135 3255 705
705 3247 2831
2831 215 1240
1240 1520 669
669 2364 1826
1826 2552 1220
1220 4555 1089
1089 2605 1407
1407 4748 522
522 2636 1229
1229 1028 1463
1463 693 759
759 2344 769
769 2521 309
309 5484 2744
2744 1722 1308
1308 4104 473
473 278 1270
1270 1087 761
761 2857 1821
1821 421 2341
2341 4173 1366
30
1087 232 10
10 1244 35
35 962 979
979 2679 2885
2885 270 1152
1152 3762 52
52 1039 1572
1572 1775 1376
1376 166 2604
2604 3119 1832
1832 1172 1838
1838 33 2877
2877 3256 1735
1735 466 2370
2370 3472 307
307 726 817
817 45 2213
2213 1319 1108
1108 410 2724
2724 2376 2800
2800 4403 1482
1482 315 1952
1952 116 96
96 3631 618
618 1260 1282
1282 3297 1413
1413 386 2636
2636 887 1349
1349 3227 1765
1765 672 1366
30
1087 319 506
506 1986 1472
1472 3292 1809
1809 999 1681
1681 792 1984
1984 4686 2681
2681 1715 774
774 2111 2752
2752 3730 1296
1296 1050 2811
2811 3665 2263
2263 3210 140
140 4387 766
766 3442 644
644 2811 567
567 458 2633
2633 2314 733
733 3076 2869
2869 714 282
282 1019 230
230 4344 274
274 4601 1392
1392 1341 1235
1235 2135 2019
2019 3327 1367
1367 992 272
272 1823 903
903 4511 2502
2502 3086 112
112 4823 1366
30
1087 326 1461
1461 68 2170
2170 1272 1005
1005 1426 2678
2678 2100 1351
1351 2005 907
907 1091 461
461 2568 2161
2161 486 922
922 2554 1516
1516 587 1490
1490 3778 2250
2250 1676 1452
1452 1006 928
928 526 1613
1613 2630 2020
2020 2593 985
985 2104 2818
2818 2595 1843
1843 647 523
523 419 2117
2117 3020 1468
1468 2385 1528
1528 300 325
325 20 32
32 2562 2453
2453 4016 2886
2886 3331 2705
2705 4102 2833
2833 797 1366
30
1087 331 528
528 2725 3
3 1682 176
176 138 1449
1449 644 1629
1629 74 2159
2159 3798 2830
2830 1133 1959
1959 142 2443
2443 3304 210
210 4055 805
805 1799 478
478 1971 2865
2865 2865 2890
2890 1072 1853
1853 796 546
546 1640 2415
2415 80 2764
2764 1869 1740
1740 3723 423
423 348 256
256 1919 2223
2223 3046 2412
2412 3624 2069
2069 607 888
888 4772 311
311 1384 1292
1292 1175 2721
2721 238 1946
1946 461 1366
30
1087 360 2097
2097 2919 852
852 3989 2369
2369 780 549
549 354 2632
2632 406 2002
2002 709 2802
2802 4518 2345
2345 260 1660
1660 2216 512
512 3503 1777
1777 1773 2084
2084 233 1084
1084 944 453
453 3788 2759
2759 3495 2739
2739 136 323
323 28 941
941 195 2361
2361 1485 725
725 881 1353
1353 2349 322
322 3539 363
363 4005 1142
1142 4160 524
524 2340 1926
1926 1187 494
494 1663 2840
2840 264 2711
2711 132 1366
30
1087 363 2826
2826 140 1593
1593 874 2009
2009 1847 1811
1811 1798 252
252 699 804
804 2633 1055
1055 2985 392
392 1317 1857
1857 2632 1113
1113 3827 2856
2856 4877 1454
1454 3702 971
971 2245 1022
1022 3314 432
432 1208 440
440 2992 2417
2417 2483 2495
2495 13 468
468 1700 2141
2141 841 2726
2726 4462 100
100 41 1491
1491 53 1974
1974 498 1096
1096 5250 251
251 883 1014
1014 2424 2508
2508 5435 1607
1607 3142 1366
30
1087 391 341
341 843 533
533 1848 1659
1659 398 2653
2653 1702 1241
1241 767 728
728 4738 1514
1514 2563 2371
2371 4983 1311
1311 1606 1120
1120 1583 720
720 3453 60
60 2984 570
570 2931 429
429 1434 284
284 4911 2444
2444 3918 1340
1340 3388 1632
1632 1516 1388
1388 1393 1807
1807 3655 1642
1642 2603 101
101 785 957
957 442 1928
1928 437 1155
1155 4809 2701
2701 3560 1895
1895 1790 329
329 1102 1338
1338 480 1366
30
1087 399 1038
1038 3113 366
366 370 2405
2405 5005 65
65 21 2389
2389 1353 945
945 2624 617
617 101 2063
2063 165 1525
1525 2852 2803
2803 1124 1115
1115 2092 2102
2102 2604 2808
2808 3900 412
412 4486 1297
1297 5465 2067
2067 3094 505
505 5266 2226
2226 937 2872
2872 1756 2003
2003 1441 15
15 4833 1173
1173 4198 1066
1066 5564 1395
1395 1312 2832
2832 4637 598
598 1714 17
17 936 1289
1289 2914 1836
1836 436 1366
30
1087 413 1518
1518 2674 2283
2283 863 919
919 1326 2735
2735 2353 770
770 3343 1753
1753 3223 870
870 2666 2790
2790 4023 1401
1401 2168 2864
2864 973 116
116 4119 214
214 1728 381
381 505 1664
1664 4082 476
476 1666 1127
1127 3857 1873
1873 3211 216
216 3811 2018
2018 1382 2068
2068 995 849
849 325 1748
1748 1972 345
345 3285 54
54 1265 267
267 1022 2013
2013 2334 903
903 5665 51
51 4100 1782
1782 3919 1366
30
1087 418 442
442 1451 2094
2094 618 2048
2048 1647 2550
2550 2442 2318
2318 2196 1855
1855 2957 197
197 4287 963
963 205 563
563 365 1208
1208 1463 2414
2414 2675 2603
2603 2507 1253
1253 78 343
343 648 2375
2375 2475 552
552 1287 2535
2535 347 2272
2272 5663 1621
1621 5153 760
760 560 1685
1685 1939 1077
1077 745 712
712 271 2395
2395 4681 1599
1599 1420 2077
2077 2572 1695
1695 1694 880
880 856 1564
1564 4735 1366
30
1087 420 2070
2070 998 1460
1460 1538 2768
2768 324 2470
2470 2361 1759
1759 1224 541
541 1419 1383
1383 2716 1574
1574 473 2188
2188 3417 746
746 3299 977
977 223 2357
2357 1932 2281
2281 3363 562
562 248 1163
1163 1212 1442
1442 1365 6
6 1970 2661
2661 1987 1561
1561 139 2183
2183 1689 1354
1354 407 1337
1337 882 2220
2220 2828 1061
1061 990 710
710 4814 1025
1025 249 1726
1726 48 302
302 753 1757
1757 77 1366
30
1087 511 2740
2740 2977 2531
2531 3198 143
143 3565 2184
2184 1487 2112
2112 2017 2783
2783 2258 1294
1294 5477 1234
1234 275 1123
1123 2047 1242
1242 361 1124
1124 704 566
566 427 20
20 5542 2259
2259 3122 735
735 4948 376
376 524 2615
2615 4743 1907
1907 2257 1511
1511 1271 1834
1834 1563 943
943 99 2234
2234 1910 2087
2087 1373 1841
1841 1363 2784
2784 3584 2316
2316 4078 1307
1307 1555 1423
1423 1633 92
92 1652 1366
30
1087 531 2167
2167 586 2312
2312 763 2465
2465 4036 358
358 2621 1786
1786 1491 2570
2570 4057 1922
1922 1997 1500
1500 1155 1223
1223 1493 1852
1852 684 2201
2201 19 2393
2393 51 994
994 1611 1174
1174 3581 2716
2716 818 2103
2103 1808 1484
1484 1762 1689
1689 274 2496
2496 2152 1710
1710 4151 178
178 886 2727
2727 3910 987
987 4831 300
300 4670 2255
2255 4926 2486
2486 5083 2651
2651 2587 1368
1368 314 900
900 192 1366
32
1087 539 1719
1719 1286 792
792 4204 1737
1737 3096 1887
1887 1879 1329
1329 1116 2219
2219 3437 2797
2797 3951 1530
1530 1833 243
243 713 1459
1459 624 29
29 5268 1665
1665 4913 584
584 3060 2589
2589 604 2108
2108 24 1570
1570 795 2045
2045 2988 2022
2022 3500 771
771 5509 2413
2413 1141 1092
1092 2013 1268
1268 448 1539
1539 1015 605
605 1081 1290
1290 2614 1731
1731 4525 2588
2588 2167 1492
1492 4849 1589
1589 3311 936
936 3891 2627
2627 462 1366
30
1087 559 1078
1078 169 2162
2162 85 1988
1988 2655 2175
2175 1993 1897
1897 3196 2152
2152 4324 1953
1953 1789 338
338 289 2106
2106 2468 763
763 1021 2114
2114 380 624
624 1831 2131
2131 2770 2090
2090 4285 99
99 956 2149
2149 771 1835
1835 353 1275
1275 3681 2333
2333 3378 2494
2494 3895 1003
1003 530 1480
1480 597 1380
1380 5146 2658
2658 475 229
229 2926 13
13 1478 1114
1114 836 1322
1322 2266 1079
1079 4223 1366
30
1087 700 374
374 2637 39
39 2778 1551
1551 4677 816
816 72 1792
1792 4050 1965
1965 3083 2110
2110 1494 1529
1529 2644 2704
2704 557 1665
1665 5286 2023
2023 2402 1117
1117 1696 690
690 1400 1499
1499 3353 1189
1189 3517 2407
2407 1549 638
638 4714 2594
2594 1862 1638
1638 2783 2543
2543 4212 1633
1633 5601 2169
2169 2741 2769
2769 5074 419
419 1844 191
191 210 1409
1409 1759 1456
1456 4012 2611
2611 2643 1503
1503 4793 1366
30
1087 735 721
721 4216 2191
2191 2470 1721
1721 3831 427
427 2374 1316
1316 1818 956
956 1866 973
973 3858 628
628 1097 433
433 1239 1885
1885 91 977
977 919 843
843 489 2140
2140 5279 2293
2293 2306 1163
1163 5372 1636
1636 2760 802
802 2786 303
303 491 409
409 3050 1978
1978 1512 1658
1658 802 2516
2516 3756 96
96 3817 253
253 3240 710
710 4883 1991
1991 2026 1726
1726 4964 331
331 799 87
87 4712 1366
30
1087 744 2779
2779 26 1375
1375 8 225
225 798 1430
1430 645 1169
1169 525 124
124 3850 1175
1175 520 931
931 913 1044
1044 4134 828
828 1350 1013
1013 154 1552
1552 1650 2364
2364 2460 1568
1568 3127 2374
2374 1051 845
845 4350 1196
1196 1364 918
918 327 1420
1420 3780 2876
2876 3024 2000
2000 2044 1628
1628 126 568
568 678 2511
2511 2429 2449
2449 452 520
520 2087 2050
2050 1129 596
596 3218 790
790 2550 1366
30
1087 829 730
730 2327 1156
1156 291 754
754 355 782
782 3994 283
283 770 2198
2198 3477 90
90 1981 2673
2673 706 1876
1876 1499 2015
2015 2012 1334
1334 1692 682
682 3520 1558
1558 112 650
650 1378 2236
2236 989 1372
1372 977 1864
1864 369 2190
2190 2514 1388
1388 4298 177
177 897 1417
1417 1975 1727
1727 3782 123
123 16 1928
1928 3061 2861
2861 1332 159
159 1540 2820
2820 481 1692
1692 2326 1338
1338 5260 1366
30
1087 830 709
709 2113 1957
1957 1793 231
231 938 259
259 3741 115
115 2185 278
278 2148 166
166 850 2457
2457 550 2787
2787 1576 2474
2474 1288 332
332 153 266
266 158 727
727 614 1767
1767 155 1612
1612 5467 2683
2683 240 2483
2483 378 2733
2733 269 848
848 2065 451
451 4246 1437
1437 594 1815
1815 1920 335
335 3461 2599
2599 3580 1806
1806 5167 2558
2558 4369 1425
1425 2444 2610
2610 3486 2883
2883 4196 1366
30
1087 837 970
970 4830 380
380 1422 2342
2342 641 1020
1020 1505 431
431 3282 1100
1100 3199 1508
1508 64 734
734 2660 980
980 209 2437
2437 1438 2292
2292 2088 2894
2894 4181 11
11 1710 1469
1469 1571 611
611 3638 630
630 3112 1669
1669 120 2666
2666 312 1969
1969 820 647
647 172 154
154 1031 1049
1049 867 2412
2412 3812 396
396 2217 559
559 4326 403
403 397 1569
1569 411 952
952 1000 661
661 1785 1366
30
1087 928 417
417 1738 1924
1924 2906 1859
1859 83 2346
2346 5334 2846
2846 4305 2557
2557 1905 1300
1300 4890 1742
1742 2571 2749
2749 1528 1373
1373 626 2774
2774 2535 2723
2723 2411 697
697 2244 2099
2099 2383 2482
2482 4894 2592
2592 69 501
501 2399 2233
2233 1573 854
854 1885 2334
2334 509 1057
1057 1963 2473
2473 2426 2580
2580 1745 698
698 3606 1281
1281 3842 2844
2844 1120 1496
1496 5103 71
71 2155 1541
1541 396 1366
30
1087 1053 10
10 2315 2191
2191 3366 979
979 3713 629
629 4660 1316
1316 4331 2061
2061 4239 978
978 1010 785
785 1055 2196
2196 499 746
746 4122 1479
1479 1978 843
843 3806 2281
2281 5581 418
418 426 30
30 125 146
146 4801 2697
2697 2203 414
414 1040 409
409 5469 1104
1104 302 1658
1658 3336 1952
1952 2921 1906
1906 1828 618
618 1284 1842
1842 1641 1991
1991 3972 2254
2254 4268 331
331 4747 2481
2481 2050 1366
30
1087 1101 1760
1760 2032 1537
1537 2162 778
778 2041 2735
2735 3666 738
738 2001 1696
1696 5152 870
870 4942 2025
2025 545 1130
1130 2413 264
264 1115 2387
2387 3233 214
214 2293 1866
1866 2335 248
248 457 1817
1817 1635 2850
2850 2307 444
444 2037 1712
1712 2348 894
894 2894 2068
2068 4105 2309
2309 4449 1392
1392 5335 2278
2278 930 54
54 2792 1215
1215 4782 2013
2013 3722 1865
1865 123 2277
2277 303 2163
2163 3590 1366
30
1087 1132 357
357 3170 1900
1900 1501 389
389 383 953
953 3410 310
310 2513 594
594 2188 167
167 3330 1128
1128 292 1657
1657 1058 1214
1214 173 1315
1315 646 2700
2700 1590 991
991 1068 545
545 1783 1059
1059 632 2683
2683 5476 1433
1433 297 2160
2160 1071 848
848 4215 2337
2337 556 913
913 2084 1739
1739 4323 2798
2798 400 2439
2439 2657 2142
2142 163 950
950 1612 1929
1929 957 1821
1821 4904 2544
2544 906 1366
30
1087 1140 988
988 2205 1652
1652 537 34
34 197 1597
1597 1257 208
208 1502 1507
1507 3425 1844
1844 1421 292
292 2953 2381
2381 1632 751
751 1983 967
967 682 1249
1249 3120 1927
1927 359 784
784 3084 2001
2001 3268 2411
2411 2762 40
40 2721 2080
2080 2756 633
633 2280 2228
2228 200 1204
1204 541 2299
2299 683 868
868 3650 1029
1029 4921 2353
2353 1460 508
508 3408 2245
2245 2617 2575
2575 9 1894
1894 4095 1366
30
1087 1144 449
449 3342 139
139 3567 964
964 2656 1877
1877 806 1792
1792 4056 77
77 2191 2132
2132 207 1505
1505 2440 2796
2796 105 514
514 740 185
185 265 2730
2730 3063 481
481 414 1400
1400 4494 1000
1000 5312 499
499 468 2458
2458 1979 2379
2379 975 2619
2619 2021 2027
2027 4099 145
145 4033 605
605 4935 1772
1772 1094 375
375 3404 518
518 3703 211
211 1299 1267
1267 3892 1825
1825 2690 2791
2791 333 1366
30
1087 1174 1651
1651 588 1652
1652 3274 1816
1816 1234 1597
1597 3232 126
126 1881 1507
1507 5240 2578
2578 1859 1019
1019 2892 2796
2796 1397 809
809 3635 794
794 2057 457
457 939 666
666 1840 2216
2216 527 1000
1000 5586 2561
2561 946 28
28 1413 250
250 1359 1257
1257 1443 2027
2027 5047 640
640 579 1081
1081 5585 1772
1772 2960 1010
1010 1800 2588
2588 2533 1476
1476 1977 2005
2005 1957 936
936 4089 134
134 927 1366
30
1087 1236 1995
1995 1423 852
852 5693 1989
1989 3310 1298
1298 3029 1960
1960 2585 1830
1830 190 983
983 2207 1277
1277 416 1285
1285 2114 1263
1263 4679 1635
1635 1002 275
275 463 1405
1405 4532 1862
1862 3254 2807
2807 538 930
930 4422 323
323 4856 1166
1166 3000 2291
2291 791 1724
1724 305 2566
2566 1336 1110
1110 577 333
333 5532 187
187 1627 982
982 834 1002
1002 1134 1798
1798 1673 1237
1237 254 372
372 255 1366
30
1087 1249 1035
1035 1564 1280
1280 3750 1232
1232 94 884
884 2404 232
232 3205 2570
2570 4930 1783
1783 720 2138
2138 1708 1223
1223 4870 717
717 4267 1827
1827 38 1714
1714 589 2565
2565 1519 1582
1582 4145 2640
2640 3770 1913
1913 2705 201
201 3671 1689
1689 5426 137
137 1452 1012
1012 3117 1690
1690 687 2239
2239 252 61
61 429 1184
1184 4718 2378
2378 235 402
402 1321 1671
1671 1163 1129
1129 904 1861
1861 1045 1366
30
1087 1262 536
536 1863 179
179 5524 2423
2423 1466 58
58 408 625
625 341 1775
1775 321 1193
1193 444 827
827 1796 2590
2590 22 1910
1910 267 1963
1963 2284 2629
2629 621 181
181 5669 2718
2718 2501 1662
1662 1088 1892
1892 1927 1068
1068 1268 2362
2362 5483 1800
1800 1049 760
760 958 1095
1095 4559 1930
1930 4697 1619
1619 1638 492
492 1411 1599
1599 3541 355
355 803 2786
2786 1012 779
779 4221 692
692 1126 1366
30
1087 1279 1488
1488 2070 1520
1520 2582 1145
1145 1149 2241
2241 2590 2747
2747 208 627
627 4270 1404
1404 2124 1236
1236 1735 1265
1265 4405 2536
2536 174 2114
2114 1984 2732
2732 5337 2131
2131 4339 1167
1167 3734 707
707 3699 2390
2390 831 966
966 1273 1275
1275 4577 2845
2845 2639 245
245 1695 1987
1987 1073 1581
1581 168 2792
2792 2054 263
263 3691 2240
2240 4177 2837
2837 1675 2156
2156 3677 4
4 1142 2880
2880 1649 1366
30
1087 1313 2748
2748 2220 21
21 237 2456
2456 2075 2305
2305 3485 1501
1501 430 1018
1018 3411 2715
2715 2969 1517
1517 1454 1109
1109 3861 1734
1734 445 623
623 3454 1256
1256 1856 601
601 4200 2428
2428 3058 1993
1993 3439 2401
2401 3915 2171
2171 4169 2199
2199 4845 1177
1177 1628 626
626 1060 1533
1533 3768 1435
1435 697 1631
1631 152 529
529 477 1709
1709 3034 2394
2394 680 2221
2221 2343 1036
1036 2850 1774
1774 1063 1366
30
1087 1322 2765
2765 4138 2881
2881 873 2036
2036 405 180
180 119 2127
2127 3990 1955
1955 1754 410
410 3037 931
931 1367 908
908 1507 351
351 1112 1793
1793 1622 1230
1230 2304 2434
2434 1699 2293
2293 5552 2053
2053 2612 1442
1442 4064 1451
1451 1921 1536
1536 2566 2577
2577 698 891
891 801 855
855 2782 2586
2586 934 1369
1369 1985 2870
2870 981 2349
2349 329 1641
1641 201 1790
1790 544 2347
2347 1618 1513
1513 963 1366
30
1087 1406 341
341 2505 1956
1956 10 1773
1773 547 358
358 3364 93
93 1908 486
486 4139 2866
2866 585 2560
2560 40 1311
1311 4950 1150
1150 543 2123
2123 3418 60
60 5176 799
799 2236 2758
2758 222 2459
2459 506 2444
2444 4359 818
818 2102 2654
2654 2428 2782
2782 1439 2286
2286 2980 2685
2685 1792 2262
2262 3480 2060
2060 272 863
863 2190 783
783 953 1313
1313 1841 600
600 4962 1444
1444 5170 2365
2365 811 1366
30
1087 1416 1416
1416 4150 2871
2871 44 1571
1571 3649 1009
1009 1777 2647
2647 838 844
844 513 1294
1294 5562 2750
2750 3082 1968
1968 3540 2224
2224 4633 224
224 2478 1741
1741 1659 1970
1970 1264 2071
2071 4252 715
715 1740 1021
1021 1677 1471
1471 4039 2475
2475 3579 2418
2418 565 2125
2125 2379 397
397 1105 390
390 986 421
421 1626 585
585 519 619
619 2112 1495
1495 273 2150
2150 1795 634
634 708 1440
1440 1369 1366
30
1087 1418 2070
2070 2283 934
934 970 2054
2054 2317 1436
1436 3325 500
500 185 2061
2061 4495 973
973 4385 729
729 3141 765
765 2401 2388
2388 4459 1584
1584 4631 2877
2877 5449 186
186 4492 148
148 890 1703
1703 1198 2154
2154 4191 2614
2614 859 1133
1133 805 350
350 629 1605
1605 2076 879
879 1033 942
942 3887 1619
1619 4189 2395
2395 4759 1916
1916 1766 1073
1073 1308 2786
2786 1600 880
880 2164 692
692 1455 1366
30
1087 1482 822
822 1138 12
12 4061 1448
1448 244 1887
1887 3429 2809
2809 3036 662
662 1150 85
85 3652 2773
2773 2735 2556
2556 4364 286
286 3108 1700
1700 395 1117
1117 3209 2108
2108 5708 1939
1939 852 938
938 573 2022
2022 4440 104
104 1586 846
846 1782 1092
1092 3078 657
657 2390 2717
2717 1716 2467
2467 903 2682
2682 600 2644
2644 3882 2551
2551 909 1409
1409 3432 997
997 4585 582
582 4370 2860
2860 2814 1366
30
1087 1604 1112
1112 5070 1698
1698 738 1848
1848 1639 342
342 1026 1060
1060 282 1904
1904 4068 2206
2206 1660 1168
1168 103 174
174 2166 828
828 1729 589
589 3604 711
711 575 205
205 966 1540
1540 3648 285
285 146 2581
2581 921 236
236 813 151
151 3506 1847
1847 1739 1973
1973 1542 59
59 29 2829
2829 1194 2377
2377 1403 1691
1691 908 2308
2308 1011 603
603 877 1750
1750 5543 439
439 1953 1183
1183 723 1366
30
1087 1671 1948
1948 2858 1467
1467 824 221
221 932 2208
2208 1425 1494
1494 2622 2010
2010 1980 866
866 4485 2457
2457 5130 2238
2238 955 2776
2776 502 332
332 2821 1519
1519 1054 727
727 942 2197
2197 285 2011
2011 4130 1284
1284 5024 793
793 2458 2733
2733 3775 1301
1301 1712 1512
1512 1812 926
926 1964 1739
1739 5101 1359
1359 1366 2439
2439 3055 2098
2098 1131 445
445 3845 2047
2047 1569 1555
1555 4640 497
497 2511 1366
30
1087 1679 2446
2446 3166 1358
1358 929 2280
2280 1357 1901
1901 2395 1822
1822 590 273
273 1109 1055
1055 4279 467
467 3302 1857
1857 5319 318
318 1607 2696
2696 1688 851
851 772 691
691 433 128
128 3044 924
924 789 2203
2203 1396 2143
2143 1711 1266
1266 277 2214
2214 2014 1834
1834 4499 958
958 4844 2719
2719 2049 2087
2087 3054 471
471 1825 1483
1483 1318 2316
2316 4886 974
974 2955 404
404 1937 1744
1744 5346 1366
30
1087 1681 2757
2757 4442 1151
1151 2073 482
482 110 2583
2583 4116 2490
2490 1821 2505
2505 3361 2493
2493 1370 2222
2222 2682 1134
1134 2130 2813
2813 4528 1678
1678 4713 462
462 1969 800
800 2673 217
217 390 2499
2499 655 1625
1625 2928 937
937 535 2101
2101 1750 277
277 776 2538
2538 2711 853
853 3591 1893
1893 812 823
823 1897 2853
2853 3334 1902
1902 3358 2210
2210 1462 2452
2452 2432 1032
1032 17 2076
2076 2062 1366
30
1087 1720 1785
1785 308 660
660 515 1683
1683 1285 31
31 1250 1602
1602 4125 1410
1410 2253 1295
1295 657 2709
2709 1951 8
8 351 1024
1024 4195 306
306 228 196
196 925 1998
1998 431 269
269 2995 1458
1458 5692 378
378 1615 400
400 965 2328
2328 5611 1697
1697 288 2591
2591 3038 155
155 1686 808
808 4065 42
42 4360 150
150 1653 1135
1135 2 864
864 2373 2012
2012 5045 1986
1986 4784 989
989 2262 1366
30
1087 1726 1719
1719 1537 2122
2122 1309 1448
1448 1804 2889
2889 5197 2809
2809 3267 1527
1527 5535 243
243 4531 2382
2382 3383 2556
2556 4479 315
315 3067 346
346 5055 1563
1563 4567 2029
2029 336 222
222 313 940
940 5084 2407
2407 4363 2513
2513 1500 2413
2413 1764 2400
2400 2774 62
62 754 1443
1443 5607 2169
2169 2946 2682
2682 3748 419
419 3839 1138
1138 598 1131
1131 4127 260
260 5249 2026
2026 1435 1503
1503 5380 1366
30
1087 1741 2613
2613 2422 1185
1185 784 1385
1385 2998 1820
1820 4229 625
625 3093 1245
1245 1758 356
356 2288 827
827 4081 2637
2637 1315 2623
2623 1704 2306
2306 5600 2629
2629 1293 2062
2062 4341 2469
2469 2727 998
998 764 1892
1892 2346 2614
2614 1535 2679
2679 702 2569
2569 4435 932
932 661 1650
1650 5208 2677
2677 2868 2821
2821 3463 492
492 2115 561
561 954 352
352 227 2622
2622 3399 1587
1587 3953 1564
1564 5072 1366
30
1087 1749 830
830 377 2882
2882 2137 1188
1188 440 2762
2762 5017 1759
1759 2095 557
557 2316 1562
1562 1386 340
340 581 1211
1211 2598 762
762 306 228
228 1776 1230
1230 3132 1333
1333 4439 200
200 2452 2053
2053 4201 503
503 4277 1590
1590 2722 2671
2671 1388 2577
2577 4434 2230
2230 4199 1354
1354 1496 2586
2586 3023 130
130 3172 1691
1691 3446 877
877 298 1850
1850 1822 839
839 902 1565
1565 276 1949
1949 1582 1366
30
1087 1765 2736
2736 90 781
781 671 1039
1039 2080 2189
2189 914 564
564 287 2772
2772 294 1427
1427 2218 1839
1839 2370 2443
2443 3556 2218
2218 1240 571
571 755 478
478 3339 1497
1497 1495 424
424 2040 1072
1072 1065 1062
1062 611 188
188 3714 2666
2666 1223 244
244 454 647
647 3468 2129
2129 1514 510
510 549 636
636 5116 2436
2436 2129 1227
1227 979 403
403 4903 1292
1292 2181 262
262 2139 469
469 4474 1366
30
1087 1791 580
580 3727 2882
2882 5447 2768
2768 4481 1408
1408 676 680
680 3456 2576
2576 3003 2878
2878 728 2432
2432 2658 2196
2196 3611 1885
1885 1030 1054
1054 2676 764
764 2362 2526
2526 3298 2370
2370 4940 1086
1086 4288 84
84 2106 2213
2213 2638 599
599 423 2569
2569 4691 2763
2763 4413 879
879 1261 2677
2677 5193 2625
2625 961 2537
2537 516 561
561 4366 2077
2077 3743 2622
2622 5626 2056
2056 213 316
316 3935 1366
30
1087 1845 2722
2722 3909 1672
1672 5037 1988
1988 4852 1428
1428 318 1897
1897 3381 627
627 5257 1953
1953 3680 1236
1236 4758 2873
2873 3765 763
763 3370 1226
1226 4445 624
624 3374 1718
1718 1089 1167
1167 4506 1751
1751 2887 2174
2174 3498 2529
2529 2940 367
367 5375 2741
2741 1179 2494
2494 5330 422
422 985 1581
1581 4308 826
826 86 1510
1510 528 1141
1141 3844 1940
1940 3747 1042
1042 1354 875
875 3013 1934
1934 968 1366
30
1087 1871 591
591 2768 2687
2687 2758 231
231 1874 2298
2298 622 115
115 4741 249
249 615 1770
1770 1956 672
672 4675 2713
2713 2103 1414
1414 749 1240
1240 1523 1881
1881 3862 1826
1826 3107 1623
1623 2423 1147
1147 346 2650
2650 4957 2301
2301 1591 1355
1355 4203 673
673 2174 72
72 1143 2617
2617 869 2503
2503 2893 2030
2030 362 1346
1346 1215 2567
2567 3002 950
950 4829 2047
2047 4461 1758
1758 3731 497
497 4749 1366
30
1087 1898 2600
2600 1428 2321
2321 2520 547
547 1579 1681
1681 5598 504
504 2059 861
861 643 2139
2139 4588 2900
2900 12 1903
1903 1488 56
56 4407 2313
2313 1113 1454
1454 4098 2497
2497 5066 1624
1624 510 1335
1335 2268 654
654 1830 496
496 1930 1585
1585 1166 789
789 2719 254
254 900 2425
2425 3414 1538
1538 3661 1647
1647 1009 1172
1172 2427 1947
1947 2006 251
251 4615 2031
2031 4589 1159
1159 2824 1780
1780 216 1366
30
1087 1914 730
730 2793 1255
1255 4475 2771
2771 1883 2120
2120 5122 658
658 438 745
745 3843 1626
1626 4438 1762
1762 1786 2014
2014 786 362
362 231 1919
1919 3609 677
677 2522 525
525 27 787
787 1217 2688
2688 4416 368
368 98 755
755 2289 1119
1119 1334 2177
2177 2720 121
121 2416 1550
1550 131 1727
1727 5433 957
957 5518 50
50 2209 2861
2861 3183 2701
2701 5548 1361
1361 2680 2332
2332 1235 2605
2605 18 1366
30
1087 1915 2295
2295 569 2194
2194 2120 1980
1980 349 816
816 4781 1717
1717 3312 77
77 3663 2110
2110 3801 1505
1505 4915 2775
2775 719 2466
2466 3161 584
584 5430 218
218 1007 637
637 945 1400
1400 5549 742
742 4269 502
502 612 104
104 1733 458
458 3644 1257
1257 4034 2703
2703 2729 1539
1539 4141 2034
2034 1107 27
27 840 1731
1731 4586 2551
2551 3300 1476
1476 2039 997
997 5060 1522
1522 258 904
904 281 1366
30
1087 1936 830
830 3715 1460
1460 3262 2054
2054 3316 1408
1408 3221 1920
1920 3105 2336
2336 1340 2878
2878 2588 785
785 1352 433
433 4751 2
2 4330 1054
1054 4683 2357
2357 3509 602
602 2138 418
418 2634 876
876 4345 1636
1636 5004 6
6 3815 1729
1729 3426 110
110 707 1978
1978 4969 1378
1378 649 2516
2516 4899 807
807 1302 1061
1061 1544 2180
2180 3136 1025
1025 2640 1455
1455 1278 302
302 5145 87
87 5061 1366
30
1087 1942 2028
2028 747 1186
1186 1096 1848
1848 4187 841
841 4083 1060
1060 2105 1209
1209 97 1295
1295 750 550
550 1608 990
990 3390 1908
1908 1108 2657
2657 1787 196
196 1784 464
464 2734 269
269 4019 2360
2360 4420 378
378 1861 829
829 3866 1323
1323 2663 1203
1203 2071 1406
1406 3009 25
25 3264 2667
2667 503 1192
1192 5292 914
914 2498 2795
2795 4045 1926
1926 1532 2712
2712 2210 614
614 4861 372
372 800 1366
30
1087 1973 1137
1137 1483 521
521 212 1808
1808 58 2024
2024 1490 2287
2287 1305 295
295 667 2463
2463 4999 326
326 3562 1801
1801 592 2267
2267 4834 416
416 2908 446
446 3377 2848
2848 1173 1475
1475 89 1915
1915 1580 1356
1356 2925 2392
2392 2295 472
472 3286 1
1 1836 523
523 1267 369
369 1404 1803
1803 1111 360
360 5338 897
897 1351 944
944 2305 2406
2406 2009 2072
2072 3428 1336
1336 384 834
834 1730 1366
30
1087 2018 988
988 4386 2867
2867 3047 1816
1816 4028 173
173 2742 1717
1717 5174 1872
1872 686 2132
2132 3516 1019
1019 3193 758
758 496 916
916 358 794
794 3908 1302
1302 337 1132
1132 1683 1789
1789 1998 1849
1849 2961 2274
2274 2474 2480
2480 4540 2080
2080 4432 656
656 2973 2228
2228 2777 1429
1429 3052 1345
1345 1254 2801
2801 1207 1312
1312 4709 1911
1911 2779 508
508 5719 2518
2518 756 2575
2575 2648 1755
1755 851 1366
30
1087 2034 1941
1941 2234 2498
2498 2791 425
425 2101 466
466 2393 2422
2422 861 587
587 926 2802
2802 4694 1277
1277 2086 1660
1660 3355 1263
1263 5440 420
420 3744 275
275 5468 2540
2540 295 2109
2109 1838 2751
2751 2691 1187
1187 2287 507
507 3738 574
574 3920 2291
2291 3100 1967
1967 5270 2086
2086 2930 2810
2810 1023 2128
2128 1269 1412
1412 3897 1165
1165 1558 1670
1670 2816 82
82 1931 614
614 5696 2711
2711 3963 1366
30
1087 2094 1035
1035 5614 117
117 3492 1232
1232 1356 1851
1851 2826 1786
1786 2956 837
837 4654 1954
1954 328 797
797 3309 923
923 2290 2504
2504 1664 2073
2073 4396 301
301 4739 2565
2565 4953 2455
2455 2249 1898
1898 5076 1913
1913 5591 1332
1332 1100 1016
1016 2851 75
75 4523 1710
1710 5705 2685
2685 3977 1422
1422 2917 2060
2060 4388 791
791 5633 171
171 3321 68
68 332 330
330 1219 1444
1444 5333 1462
1462 3692 1366
30
1087 2109 1869
1869 180 383
383 55 1225
1225 4035 1992
1992 5635 2059
2059 4333 645
645 301 2398
2398 4003 321
321 1826 569
569 3483 97
97 2356 2148
2148 4976 1741
1741 4756 2331
2331 3133 2071
2071 5359 2660
2660 2499 460
460 371 836
836 1391 22
22 3564 639
639 36 1687
1687 1642 281
281 3851 390
390 5367 1684
1684 214 585
585 2573 1982
1982 1401 993
993 2901 1247
1247 638 1288
1288 4070 1680
1680 1902 1366
30
1087 2119 534
534 1139 1258
1258 263 2368
2368 1768 1935
1935 1314 573
573 504 2115
2115 4621 2579
2579 5356 668
668 5019 1446
1446 194 1195
1195 905 43
43 2256 976
976 4466 831
831 1554 2521
2521 4289 1341
1341 731 676
676 1725 1976
1976 1348 2225
2225 4002 2512
2512 1242 516
516 1298 519
519 3642 2477
2477 623 2635
2635 1228 2273
2273 1577 2118
2118 3294 598
598 4086 1523
1523 1020 239
239 978 693
693 3682 1366
30
1087 2172 2757
2757 4603 2431
2431 2647 1823
1823 129 288
288 743 1616
1616 4912 2689
2689 3160 1364
1364 5207 1157
1157 446 2597
2597 1074 1734
1734 5419 18
18 3754 2522
2522 634 2822
2822 2885 1764
1764 1508 279
279 4515 2178
2178 933 1097
1097 4740 910
910 665 1638
1638 3413 313
313 1263 1573
1573 1996 556
556 3380 835
835 630 925
925 3755 1138
1138 5139 1506
1506 595 2221
2221 4109 2026
2026 5563 1774
1774 4820 1366
30
1087 2177 1078
1078 266 1754
1754 1880 1771
1771 2069 1428
1428 2400 2747
2747 1075 16
16 3481 1074
1074 5420 2608
2608 2294 1265
1265 5378 751
751 3561 732
732 1731 1347
1347 323 1132
1132 5578 873
873 1851 1849
1849 3449 2411
2411 2923 1026
1026 1162 2868
2868 617 656
656 4335 2675
2675 4117 2386
2386 1361 1148
1148 2064 2792
2792 5305 1510
1510 3587 2240
2240 4286 1940
1940 5438 1791
1791 4401 875
875 5391 2126
2126 4049 1366
30
1087 2211 1038
1038 3258 739
739 2336 1304
1304 894 2785
2785 1324 850
850 3820 1649
1649 2479 1260
1260 95 2805
2805 5124 687
687 79 1899
1899 3441 1011
1011 752 2185
2185 3783 2243
2243 5009 912
912 734 1751
1751 4561 2532
2532 2538 966
966 2015 213
213 1839 2333
2333 3869 268
268 3683 1987
1987 2469 1148
1148 4929 2793
2793 2839 263
263 4208 2609
2609 334 810
810 1164 2156
2156 4311 168
168 279 1934
1934 2339 1366
30
1087 2232 2326
2326 3203 1375
1375 3187 2427
2427 30 180
180 4974 1169
1169 1417 1363
1363 342 2244
2244 3180 1168
1168 2765 635
635 1592 1106
1106 2712 1999
1999 487 160
160 628 2364
2364 4243 2734
2734 435 2374
2374 5701 172
172 4949 1426
1426 3868 918
918 2737 1352
1352 66 2404
2404 2626 241
241 2412 675
675 4320 1761
1761 3476 915
915 1691 1554
1554 2875 777
777 2997 305
305 1685 706
706 4544 227
227 3371 1366
30
1087 2238 399
399 2949 2533
2533 2281 86
86 1868 427
427 3729 500
500 2825 2336
2336 1547 978
978 1130 628
628 4497 765
765 3716 2
2 5344 1447
1447 972 764
764 2860 602
602 5134 91
91 870 1086
1086 4309 2111
2111 5348 615
615 718 1108
1108 814 1981
1981 2011 932
932 1470 344
344 2724 488
488 1854 1906
1906 4158 665
665 1497 902
902 5191 2085
2085 4410 862
862 1427 106
106 2354 1438
1438 931 1366
30
1087 2248 1869
1869 4164 2205
2205 1320 2403
2403 1017 803
803 470 1909
1909 3398 645
645 3497 1637
1637 219 2409
2409 2963 2684
2684 5112 2224
2224 5222 2396
2396 993 2039
2039 4240 1031
1031 4118 1708
1708 635 48
48 3251 2303
2303 4022 2279
2279 610 1931
1931 862 883
883 2122 886
886 1125 1693
1693 5383 408
408 1678 334
334 4752 487
487 4054 1217
1217 3494 2165
2165 141 19
19 3824 634
634 5226 1583
1583 184 1366
30
1087 2270 2092
2092 1960 1924
1924 4641 1005
1005 3231 1286
1286 3983 1351
1351 3130 2557
2557 3162 1547
1547 2019 2664
2664 2689 595
595 181 1373
1373 1222 2314
2314 674 1088
1088 5097 98
98 1103 2890
2890 4379 819
819 694 546
546 2986 961
961 2767 1213
1213 1596 475
475 2924 2519
2519 2099 256
256 5541 1951
1951 1853 1091
1091 5464 698
698 5237 1975
1975 875 2896
2896 546 1210
1210 1574 560
560 3129 359
359 1525 1366
30
1087 2286 1112
1112 5241 1186
1186 2903 2524
2524 4581 342
342 2096 2104
2104 1004 935
935 1763 2206
2206 3290 175
175 891 635
635 2024 1738
1738 171 1013
1013 4080 1180
1180 1453 965
965 757 2082
2082 1928 285
285 2823 1674
1674 179 236
236 2439 2671
2671 4862 1749
1749 1433 891
891 1464 463
463 2761 2829
2829 3674 2032
2032 1657 2338
2338 1226 877
877 1429 603
603 2876 1790
1790 1121 1925
1925 591 1513
1513 5165 1366
30
1087 2292 1488
1488 5636 1754
1754 3110 1145
1145 4868 1549
1549 134 2207
2207 1199 16
16 4901 1404
1404 5075 2608
2608 3659 2381
2381 2425 2088
2088 3700 328
328 1432 1302
1302 1331 2192
2192 3763 641
641 218 289
289 2510 499
499 3592 28
28 2966 2379
2379 1948 1261
1261 4087 2384
2384 4329 610
610 2420 2299
2299 4193 365
365 2504 1312
1312 5443 689
689 4273 810
810 4619 2065
2065 1599 4
4 4465 2081
2081 974 1366
30
1087 2338 1648
1648 1375 772
772 4600 2777
2777 3324 555
555 2740 1867
1867 3931 2044
2044 1809 2202
2202 2163 2025
2025 2840 1401
1401 2736 1327
1327 2002 116
116 5514 1248
1248 4472 381
381 2450 248
248 3245 219
219 4377 1127
1127 4156 444
444 5121 216
216 4605 66
66 2128 2534
2534 1545 2487
2487 2915 1748
1748 2728 1481
1481 1381 2310
2310 3949 2329
2329 392 1319
1319 35 1524
1524 280 2277
2277 4678 2489
2489 2941 1366
30
1087 2392 290
290 447 2881
2881 5323 2862
2862 1127 238
238 178 2127
2127 5120 124
124 4873 410
410 3317 119
119 996 1153
1153 1911 351
351 5496 2363
2363 3140 711
711 3215 965
965 1151 2523
2523 4103 2892
2892 1976 297
297 106 2442
2442 2055 1070
1070 4505 2527
2527 821 2876
2876 4981 2710
2710 490 1008
1008 144 568
568 3250 2626
2626 2547 2449
2449 4822 1802
1802 84 2050
2050 2972 1565
1565 5689 790
790 5707 1366
30
1087 2437 1879
1879 1767 1255
1255 5003 2884
2884 536 2120
2120 5492 2325
2325 4776 2430
2430 1035 1122
1122 196 2799
2799 790 1745
1745 121 362
362 737 2292
2292 4348 1201
1201 2853 525
525 3081 544
544 4818 694
694 4235 2429
2429 1277 1614
1614 322 1119
1119 4644 1411
1411 234 1273
1273 2990 2129
2129 3695 78
78 1003 741
741 1475 1788
1788 2922 1227
1227 2702 384
384 373 1917
1917 864 2445
2445 1165 661
661 4682 1366
30
1087 2447 946
946 766 2620
2620 4219 1116
1116 3115 2189
2189 4024 2663
2663 1355 2772
2772 3039 1932
1932 2328 2091
2091 4006 980
980 5013 871
871 2347 1676
1676 3816 906
906 1698 1497
1497 4254 1328
1328 3512 819
819 5297 1828
1828 1585 80
80 1330 1213
1213 2459 1740
1740 5621 2519
2519 2331 695
695 2548 1049
1049 2884 1027
1027 5381 396
396 2613 888
888 5654 2376
2376 206 1640
1640 3075 847
847 866 2319
2319 1504 1366
30
1087 2455 2887
2887 4040 456
456 2445 393
393 4938 1489
1489 2300 1001
1001 1570 1706
1706 4332 2441
2441 5461 338
338 5395 2873
2873 4419 2536
2536 1383 967
967 2856 2732
2732 5599 2859
2859 11 784
784 4664 99
99 5082 2390
2390 3758 1835
1835 1390 235
235 1123 2358
2358 3400 245
245 3955 2386
2386 3952 1345
1345 1294 2793
2793 3192 2895
2895 193 2609
2609 4783 2837
2837 2107 1042
1042 2298 168
168 1489 2880
2880 4484 1366
30
1087 2476 1797
1797 350 604
604 4167 2777
2777 5369 1094
1094 5012 992
992 111 1598
1598 760 164
164 2863 64
64 451 674
674 711 459
459 4536 842
842 2156 140
140 5593 79
79 3822 2843
2843 108 567
567 3978 2506
2506 2709 395
395 3675 1434
1434 652 2416
2416 4336 254
254 4218 2095
2095 1938 1007
1007 3118 1728
1728 493 1399
1399 2466 1947
1947 3431 2812
2812 3696 2137
2137 345 1159
1159 5631 1607
1607 4470 1366
30
1087 2485 2600
2600 3197 1593
1593 3123 547
547 3402 1811
1811 5457 504
504 2651 2078
2078 2150 2601
2601 2813 2270
2270 186 1296
1296 4767 2891
2891 640 842
842 3904 1360
1360 3229 354
354 2434 2639
2639 2330 1817
1817 5040 2251
2251 2036 733
733 4091 2676
2676 1601 282
282 1774 768
768 1727 274
274 5389 2424
2424 4458 1139
1139 4447 653
653 2464 14
14 1251 2659
2659 1027 2040
2040 741 1603
1603 1136 2563
2563 1275 1366
30
1087 2496 2326
2326 3962 1580
1580 3982 2427
2427 5180 1430
1430 2755 2888
2888 1202 1363
1363 5427 1175
1175 3389 2323
2323 31 1044
1044 5350 1891
1891 717 2363
2363 4274 718
718 2486 205
205 2351 2082
2082 3452 1878
1878 1662 297
297 2454 2166
2166 2072 151
151 3793 1749
1749 1534 1973
1973 3195 463
463 4464 2602
2602 3360 2377
2377 5402 2338
2338 2366 1158
1158 570 520
520 3208 839
839 3269 439
439 3808 1949
1949 2079 1366
30
1087 2527 2826
2826 1744 1358
1358 1090 2009
2009 3416 1901
1901 3049 252
252 3019 861
861 3959 480
480 2557 2488
2488 189 1595
1595 3159 1630
1630 2237 2313
2313 4538 1190
1190 145 2497
2497 5324 1022
1022 4120 1769
1769 673 440
440 3277 2343
2343 372 1585
1585 1177 2525
2525 385 1067
1067 1829 2095
2095 5643 1538
1538 3789 2038
2038 670 653
653 5113 1813
1813 855 2692
2692 2822 81
81 917 1603
1603 4688 413
413 1616 1366
30
1087 2567 2649
2649 810 1085
1085 582 933
933 1218 1935
1935 4724 756
756 1477 1795
1795 880 2579
2579 5370 2124
2124 1018 1446
1446 606 2708
2708 2599 1402
1402 5052 2195
2195 2615 856
856 1029 2507
2507 1552 1341
1341 4473 1056
1056 807 1976
1976 3248 434
434 3688 1810
1810 15 516
516 3337 108
108 2543 2477
2477 865 905
905 1670 1395
1395 4979 2118
2118 4628 1478
1478 2881 1523
1523 3152 2460
2460 1594 693
693 3753 1366
30
1087 2576 319
319 2687 1028
1028 5302 1239
1239 4570 348
348 2806 1357
1357 2068 2044
2044 3421 164
164 5213 2164
2164 191 674
674 5128 264
264 1872 26
26 5646 2645
2645 1316 1866
1866 5106 2639
2639 4608 1162
1162 808 2633
2633 4592 395
395 4564 2869
2869 3344 67
67 2082 230
230 5328 132
132 4932 470
470 2151 1139
1139 5486 2019
2019 3721 14
14 5638 1136
1136 1855 2040
2040 5175 1048
1048 3737 1782
1782 4627 1366
30
1087 2580 312
312 3369 2587
2587 568 2405
2405 5517 1487
1487 876 631
631 1837 1370
1370 1842 2582
2582 1196 304
304 124 1525
1525 3528 387
387 96 2275
2275 3265 2102
2102 5125 1682
1682 3969 1945
1945 2007 129
129 660 651
651 1077 1318
1318 128 2146
2146 553 1810
1810 202 2003
2003 4478 519
519 4535 1173
1173 5660 905
905 2308 2273
2273 5108 2794
2794 340 161
161 3438 686
686 1779 1618
1618 508 1075
1075 3150 1366
30
1087 2631 170
170 2697 1956
1956 4504 203
203 4222 731
731 983 1171
1171 5057 486
486 5536 1954
1954 4123 2302
2302 1377 923
923 4467 2100
2100 2641 2123
2123 4898 2874
2874 848 570
570 4043 2372
2372 4448 2459
2459 4840 1372
1372 1913 1340
1340 3973 2654
2654 3553 1350
1350 1025 1807
1807 4558 45
45 3623 1875
1875 1471 1509
1509 3802 1421
1421 256 1343
1343 969 68
68 3270 600
600 5186 1833
1833 1437 493
493 1949 1366
30
1087 2649 840
840 4775 2879
2879 3860 1252
1252 3668 555
555 3546 992
992 3986 2421
2421 1843 1905
1905 2933 2164
2164 3179 182
182 2322 2891
2891 4728 2263
2263 3776 2145
2145 2414 766
766 5123 2227
2227 5662 701
701 1743 654
654 3835 2655
2655 548 1434
1434 5526 67
67 2795 37
37 4352 2425
2425 4851 470
470 4140 2038
2038 5472 436
436 1358 1813
1813 3829 2659
2659 2900 81
81 4406 2585
2585 485 1780
1780 2715 1366
30
1087 2671 1518
1518 5164 1537
1537 5000 919
919 1605 1646
1646 2030 738
738 4318 2693
2693 599 2322
2322 1076 2643
2643 5177 1716
1716 1624 1327
1327 2169 406
406 3833 2393
2393 3894 1886
1886 49 1664
1664 4813 219
219 5364 2850
2850 4395 2479
2479 3531 1712
1712 3412 2018
2018 5318 2534
2534 3746 849
849 5179 2815
2815 5425 2278
2278 4550 1668
1668 3332 1215
1215 5214 272
272 3424 527
527 1220 51
51 5325 112
112 5685 1366
30
1087 2694 858
858 1446 405
405 733 2083
2083 1887 189
189 283 2287
2287 3636 1398
1398 3087 2593
2593 5142 2760
2760 4004 2448
2448 675 103
103 2706 416
416 5385 2250
2250 5096 1046
1046 76 928
928 899 2485
2485 293 2020
2020 5470 681
681 5002 1677
1677 619 1843
1843 2318 2690
2690 175 2117
2117 5415 1803
1803 4025 1548
1548 1760 897
897 5588 1860
1860 1893 1591
1591 2010 1339
1339 1827 1594
1594 1877 1118
1118 1718 1366
30
1087 2730 296
296 2081 1287
1287 1064 425
425 5687 549
549 1291 2422
2422 3220 2252
2252 2902 401
401 1414 491
491 4172 2648
2648 2410 2686
2686 823 36
36 1445 2033
2033 3104 2707
2707 4508 2451
2451 2627 579
579 2834 1854
1854 1597 893
893 2842 1053
1053 375 2361
2361 3522 1164
1164 1846 1532
1532 1705 2317
2317 3946 1098
1098 1106 1142
1142 4375 2795
2795 4391 2229
2229 7 511
511 2989 1415
1415 2091 1374
1374 729 1366
30
1087 2731 643
643 1005 1608
1608 2008 2181
2181 3126 2307
2307 2431 237
237 1895 2284
2284 3188 1393
1393 2817 349
349 5182 2749
2749 2214 2294
2294 2031 2021
2021 2652 1088
1088 5278 697
697 5547 1644
1644 299 1853
1853 2685 609
609 4192 1269
1269 113 2233
2233 2873 2731
2731 4951 1746
1746 2668 2767
2767 5322 1951
1951 4069 2568
2568 2197 1212
1212 521 1586
1586 5078 2814
2814 3927 2852
2852 3006 847
847 3940 2049
2049 2800 1366
30
1087 2766 246
246 5081 1140
1140 1119 2456
2456 5026 1293
1293 4337 1616
1616 5132 1018
1018 3848 1364
1364 5409 1517
1517 2713 2597
2597 4271 94
94 2038 1515
1515 23 1256
1256 2763 2822
2822 4762 939
939 356 279
279 4711 2401
2401 4632 1342
1342 2653 910
910 3504 1578
1578 488 920
920 915 1573
1573 4795 1435
1435 3114 1493
1493 1182 1936
1936 3090 2232
2232 566 2394
2394 2123 2472
2472 1988 1228
1228 415 379
379 2971 1366
30
1087 2781 1218
1218 39 1085
1085 5192 1305
1305 1181 2399
2399 1036 2389
2389 2951 1370
1370 5559 617
617 1468 304
304 846 394
394 2831 1899
1899 3958 1115
1115 4672 577
577 3809 1403
1403 2872 1653
1653 4973 1933
1933 3672 2174
2174 4788 2288
2288 4975 213
213 4517 2741
2741 1553 972
972 3766 1003
1003 2465 798
798 951 826
826 4753 1033
1033 307 1246
1246 1204 1238
1238 3144 515
515 3980 1882
1882 781 548
548 1737 1366
30
1087 2859 858
858 3157 2094
2094 3634 1385
1385 4715 1099
1099 3925 1663
1663 2534 2121
2121 1205 1694
1694 4848 1880
1880 3643 563
563 1907 2182
2182 1171 2414
2414 3957 382
382 679 2848
2848 4662 911
911 3289 1915
1915 4017 2348
2348 2708 681
681 5196 2818
2818 4136 1244
1244 507 2200
2200 3409 1306
1306 1297 1389
1389 2790 664
664 2802 325
325 5650 1191
1191 2541 2406
2406 5062 743
743 2231 1622
1622 2864 479
479 479 1366
30
1087 2911 2680
2680 63 456
456 5063 1805
1805 1295 2785
2785 1757 1001
1001 4875 1649
1649 3099 2616
2616 580 2805
2805 5217 2212
2212 5384 2041
2041 3396 597
597 339 1972
1972 1584 1718
1718 3462 912
912 2227 1933
1933 5571 2067
2067 4147 2529
2529 4263 773
773 4630 1004
1004 3241 337
337 4914 1567
1567 5044 1480
1480 2870 107
107 596 1033
1033 574 1141
1141 3876 2397
2397 5238 1791
1791 5242 1882
1882 2910 2126
2126 5288 1366
30
1087 3008 2902
2902 3787 1101
1101 4520 1571
1571 5144 2356
2356 5474 2647
2647 3518 2545
2545 4855 713
713 2780 2315
2315 2184 1123
1123 5573 206
206 4582 1124
1124 5006 921
921 133 1102
1102 1995 1708
1708 2759 1937
1937 52 2246
2246 3308 2279
2279 4671 1858
1858 1805 639
639 3319 490
490 3568 281
281 4444 2725
2725 2060 334
334 5441 2300
2300 5458 954
954 517 2165
2165 2003 2133
2133 3244 513
513 2650 2438
2438 4569 1366
30
1087 3014 183
183 149 1900
1900 3534 498
498 3836 2583
2583 4165 2339
2339 1013 2669
2669 5313 438
438 164 1157
1157 1824 2728
2728 1959 2634
2634 2594 1515
1515 3735 2849
2849 1802 88
88 692 2428
2428 4048 1450
1450 2066 1874
1874 716 190
190 501 2101
2101 3810 2899
2899 364 2595
2595 1280 853
853 5604 719
719 2678 2756
2756 3767 2853
2853 4549 474
474 1253 859
859 761 1309
1309 2670 2897
2897 701 2883
2883 4231 1366
30
1087 3059 2476
2476 4349 2431
2431 4424 482
482 2575 109
109 783 2339
2339 5702 2505
2505 3599 226
226 3932 2222
2222 5157 1043
1043 1095 1214
1214 5050 1678
1678 4869 339
339 176 800
800 5311 2816
2816 4368 1450
1450 5376 2548
2548 3640 2171
2171 4650 1082
1082 5282 1578
1578 1811 313
313 4090 1222
1222 2570 556
556 3628 1631
1631 3236 1936
1936 4355 1047
1047 4563 2179
2179 677 2754
2754 2301 1560
1560 460 2076
2076 4346 1366
30
1087 3235 534
534 3603 255
255 3960 2368
2368 4249 2854
2854 1526 447
447 1292 2825
2825 3394 1394
1394 42 951
951 4455 1856
1856 3243 2761
2761 710 767
767 316 1743
1743 948 2540
2540 1929 1862
1862 5206 1170
1170 5148 1187
1187 2954 2089
2089 1436 574
574 4816 83
83 739 1724
1724 885 2086
2086 5210 1110
1110 1620 2217
2217 1589 613
613 2243 982
982 997 542
542 4261 2043
2043 1614 2035
2035 456 1756
1756 1387 1366
30
1087 3323 1461
1461 567 136
136 1407 2079
2079 3077 1286
1286 4251 1577
1577 2149 722
722 3134 461
461 3073 2282
2282 5416 202
202 2772 1516
1516 1161 1052
1052 1247 2670
2670 161 1046
1046 4556 821
821 5239 1160
1160 1858 780
780 381 1634
1634 394 1889
1889 1176 9
9 2121 815
815 2979 428
428 2883 1389
1389 3667 1528
1528 374 2737
2737 2539 944
944 4668 1591
1591 5315 743
743 5570 1336
1336 2784 479
479 1184 1366
30
1087 3340 2344
2344 388 2380
2380 2125 477
477 858 1221
1221 2405 233
233 5413 1666
1666 2882 489
489 3466 2674
2674 2909 705
705 4161 685
685 46 207
207 2387 2827
2827 1870 1970
1970 1371 1661
1661 5363 2824
2824 5154 1407
1407 5418 1921
1921 1778 2340
2340 627 2418
2418 1329 796
796 2701 1553
1553 217 1090
1090 3135 69
69 3717 2662
2662 2063 824
824 3322 1831
1831 2551 1197
1197 2226 1125
1125 2745 1680
1680 2959 1366
30
1087 3345 1218
1218 4789 2587
2587 4996 1305
1305 1950 65
65 4954 631
631 5110 1051
1051 2769 2616
2616 5321 2855
2855 2835 394
394 3711 2803
2803 5530 2275
2275 3870 2195
2195 3315 1682
1682 4453 2507
2507 4411 2528
2528 3710 1056
1056 5513 1845
1845 2176 2146
2146 1211 2872
2872 2491 2607
2607 4244 700
700 1189 2672
2672 1556 2187
2187 3387 1504
1504 500 298
298 1380 13
13 4522 1291
1291 3484 1289
1289 3103 2311
2311 3502 1366
30
1087 3356 970
970 4872 1521
1521 1080 2285
2285 3031 1531
1531 1225 212
212 1631 1840
1840 922 1932
1932 4297 734
734 5491 2014
2014 3489 2437
2437 2208 1676
1676 5276 2894
2894 5439 2410
2410 3660 1469
1469 4079 607
607 1459 2119
2119 3040 1669
1669 1067 125
125 1274 1411
1411 3996 495
495 2490 2017
2017 352 2841
2841 114 123
123 1935 2367
2367 82 1155
1155 5405 242
242 2808 999
999 1918 2445
2445 3645 2605
2605 127 1366
30
1087 3447 1732
1732 5336 714
714 4716 49
49 935 1890
1890 3630 1824
1824 893 2858
2858 1032 713
713 5589 2247
2247 4850 234
234 3219 1076
1076 1201 2696
2696 2577 485
485 2862 1365
1365 2952 1686
1686 1665 2055
2055 1200 812
812 2502 2143
2143 4635 539
539 3912 2214
2214 3576 2851
2851 3794 1606
1606 1034 2834
2834 3941 1491
1491 1047 1399
1399 4863 1096
1096 5628 2172
2172 14 1307
1307 4149 483
483 991 1744
1744 5411 1366
30
1087 3479 170
170 4247 2312
2312 2654 1773
1773 3693 731
731 1889 93
93 2542 837
837 5525 1922
1922 2801 797
797 4303 1453
1453 3368 2504
2504 5507 465
465 4961 2874
2874 4404 299
299 1906 429
429 4264 1898
1898 5342 1544
1544 5169 1332
1332 4259 1502
1502 4415 2496
2496 4729 1720
1720 5251 1690
1690 5710 2727
2727 3926 61
61 1409 300
300 4887 2893
2893 5048 247
247 3795 1431
1431 2628 2237
2237 1884 900
900 4029 1366
30
1087 3501 2720
2720 1444 2007
2007 1349 2058
2058 982 31
31 2748 2037
2037 43 192
192 5505 1271
1271 4283 2770
2770 1231 8
8 1565 2075
2075 224 111
111 3841 1796
1796 3712 2707
2707 5480 7
7 2261 2352
2352 593 1254
1254 1946 1781
1781 3679 1093
1093 2833 2596
2596 404 962
962 5528 881
881 3278 2667
2667 3913 1083
1083 3222 748
748 4009 1105
1105 1625 1996
1996 3168 511
511 5673 2501
2501 247 537
537 5360 1366
30
1087 3538 1384
1384 620 35
35 3515 2552
2552 4717 1588
1588 4985 1152
1152 4579 147
147 3230 1572
1572 4547 2559
2559 4111 2590
2590 5008 1819
1819 2913 1963
1963 5423 2652
2652 4275 2062
2062 5341 148
148 4044 998
998 1651 2154
2154 4452 454
454 1303 2679
2679 3069 350
350 4394 2763
2763 4516 1650
1650 5596 1017
1017 441 2625
2625 2033 2304
2304 584 838
838 3526 352
352 4340 862
862 3929 2056
2056 1079 194
194 817 1366
30
1087 3586 2408
2408 826 2269
2269 2443 2691
2691 4 953
953 5473 152
152 2213 2699
2699 2829 167
167 4785 1950
1950 1147 1657
1657 1890 435
435 1070 1315
1315 2646 339
339 2523 991
991 4073 217
217 3392 948
948 2321 1874
1874 1154 1103
1103 3181 1779
1779 170 1526
1526 2936 626
626 4237 1381
1381 1533 719
719 5551 2330
2330 3777 1610
1610 3158 1902
1902 5519 859
859 1237 2452
2452 4807 2857
2857 1817 1303
1303 2494 1366
30
1087 3632 528
528 3608 1608
1608 2158 2835
2835 1593 1449
1449 1195 41
41 3171 2159
2159 5488 2541
2541 860 1959
1959 4255 276
276 157 2294
2294 4865 2314
2314 1210 2723
2723 2436 2875
2875 3823 2509
2509 1761 2231
2231 1506 806
806 62 1634
1634 4342 1643
1643 1310 1178
1178 1368 2200
2200 3749 428
428 4993 195
195 668 899
899 3525 1205
1205 4354 32
32 4437 55
55 3191 2886
2886 3899 723
723 2492 1310
1310 3507 1366
30
1087 3633 357
357 5431 2269
2269 4185 389
389 827 2564
2564 5181 310
310 5224 2699
2699 3295 2151
2151 1781 1950
1950 1515 76
76 4652 2474
2474 5407 1390
1390 1603 266
266 2888 896
896 4966 1767
1767 1392 1059
1059 4987 257
257 1643 1433
1433 1797 892
892 987 2899
2899 2313 2461
2461 3834 1437
1437 4021 415
415 949 2350
2350 4959 968
968 2932 2098
2098 1850 371
371 2259 1219
1219 1543 2155
2155 5291 984
984 2229 1366
30
1087 3701 484
484 845 2554
2554 3773 2134
2134 2182 2296
2296 3521 447
447 1891 1795
1795 5161 1918
1918 1270 951
951 4488 2464
2464 4121 271
271 4876 767
767 815 749
749 3764 2641
2641 2586 2440
2440 311 869
869 2388 1799
1799 825 2089
2089 3733 2828
2828 907 83
83 4799 1283
1283 1283 265
265 1148 2656
2656 3626 1534
1534 1568 2789
2789 1117 578
578 443 752
752 434 686
686 2345 1575
1575 2215 1075
1075 5697 1366
30
1087 3742 127
127 1344 2867
2867 3821 1551
1551 5043 173
173 3739 126
126 1886 1872
1872 1325 2578
2578 2223 2780
2780 868 758
758 4720 809
809 3995 185
185 1245 457
457 2608 2192
2192 4792 1789
1789 2609 1977
1977 2153 1713
1713 2363 2458
2458 4690 2006
2006 2820 633
633 3761 1715
1715 3359 1204
1204 5612 825
825 5400 365
365 2996 184
184 4529 2353
2353 1486 2492
2492 941 2245
2245 3464 1825
1825 3382 1894
1894 4927 1366
30
1087 3779 1732
1732 5354 1763
1763 3149 49
49 2312 1121
1121 1282 1824
1824 2993 273
273 4666 832
832 1630 392
392 1954 234
234 4433 318
318 3148 2618
2618 3968 2096
2096 2430 971
971 3271 753
753 459 432
432 1307 621
621 4412 270
270 2358 2495
2495 4534 1065
1065 1057 1868
1868 3252 1606
1606 1551 2719
2719 5316 1794
1794 4143 471
471 1952 2784
2784 4545 679
679 4059 2176
2176 4639 404
404 3266 1971
1971 382 1366
30
1087 3803 591
591 5080 1957
1957 2463 317
317 3999 1386
1386 3901 1040
1040 1216 249
249 1548 2046
2046 1145 576
576 1807 1559
1559 3467 2074
2074 3206 929
929 2367 2515
2515 482 917
917 88 1623
1623 5203 1486
1486 3786 960
960 2942 522
522 4674 1050
1050 1713 2714
2714 2578 1030
1030 1159 2617
2617 5150 2746
2746 4557 2030
2030 5498 1107
1107 402 473
473 4629 169
169 59 761
761 5287 1679
1679 147 2544
2544 2159 1366
30
1087 3877 2064
2064 3508 1654
1654 1732 2403
2403 4306 1320
1320 3697 1909
1909 4357 857
857 4847 2398
2398 5089 1200
1200 658 592
592 1296 97
97 3177 207
207 4796 1701
1701 3970 2256
2256 2154 649
649 730 1089
1089 4842 960
960 3109 1418
1418 5609 1050
1050 4598 1463
1463 4077 736
736 100 2320
2320 115 1198
1198 5422 69
69 4597 2665
2665 562 131
131 3139 890
890 2369 1197
1197 3684 1288
1288 5230 2454
2454 4812 1366
30
1087 3902 374
374 4186 2194
2194 2324 964
964 5569 2373
2373 2929 1938
1938 4469 1965
1965 5307 258
258 5205 1529
1529 4832 2775
2775 4032 514
514 3451 1673
1673 432 218
218 4152 481
481 2812 2216
2216 1654 289
289 2528 1713
1713 4295 2480
2480 5310 2006
2006 3457 1261
1261 4777 1715
1715 4238 610
610 3407 2612
2612 4653 1888
1888 2025 375
375 4220 726
726 2297 211
211 2525 1589
1589 4667 2555
2555 1567 134
134 2291 1366
30
1087 3965 1207
1207 3689 2052
2052 1916 1439
1439 3838 551
551 712 1382
1382 980 1666
1666 3569 1111
1111 1041 672
672 5587 261
261 1135 2831
2831 5127 2157
2157 924 1701
1701 5166 530
530 3903 649
649 4636 2824
2824 5394 872
872 847 1921
1921 3213 1229
1229 4700 996
996 2905 736
736 5119 1553
1553 4638 1198
1198 5610 2744
2744 3070 2662
2662 5211 2260
2260 1968 890
890 5649 1247
1247 1415 588
588 2089 2454
2454 5424 1366
30
1087 4001 1818
1818 2278 538
538 631 754
754 751 294
294 4565 949
949 296 1542
1542 1961 90
90 5304 2571
2571 2382 1876
1876 5504 1620
1620 3751 1334
1334 5683 2419
2419 4859 1558
1558 2446 1776
1776 204 671
671 4625 1474
1474 833 955
955 104 2190
2190 5642 1645
1645 1024 2630
2630 5035 1550
1550 3548 2841
2841 4213 786
786 2397 2781
2781 1440 1736
1736 1394 452
452 3346 999
999 3143 2332
2332 3878 2402
2402 2449 1366
30
1087 4008 536
536 4941 2107
2107 1192 2552
2552 5202 2885
2885 1238 699
699 1873 956
956 3905 1324
1324 1099 729
729 4543 2604
2604 3303 2388
2388 5537 1447
1447 3397 2553
2553 2944 1735
1735 4236 47
47 5674 1703
1703 4503 817
817 1947 454
454 4616 599
599 4430 1981
1981 5560 2800
2800 5616 344
344 3724 1017
1017 724 1639
1639 2827 665
665 1882 1282
1282 4574 1576
1576 4074 1262
1262 4998 1611
1611 1258 1438
1438 1794 1366
30
1087 4015 709
709 3033 1656
1656 5271 317
317 4113 259
259 5183 1040
1040 5232 2517
2517 2916 1770
1770 4922 576
576 5672 2713
2713 2518 2074
2074 4245 1543
1543 259 1881
1881 4489 917
917 3106 2265
2265 4524 1147
1147 2807 2258
2258 1448 532
532 1588 2546
2546 3559 2842
2842 1157 72
72 2659 926
926 4982 2503
2503 5715 2798
2798 759 1346
1346 1430 2142
2142 5280 445
445 5455 1219
1219 3658 1758
1758 4587 984
984 5314 1366
30
1087 4062 1747
1747 1581 2531
2531 4744 1704
1704 4657 2184
2184 2481 684
684 4026 1317
1317 3654 2631
2631 3434 2750
2750 5347 133
133 257 1242
1242 5300 1985
1985 952 921
921 4542 1031
1031 4190 1733
1733 551 1937
1937 1598 2303
2303 5538 2615
2615 5561 1931
1931 4794 1445
1445 2222 2484
2484 5508 1321
1321 4727 408
408 1989 1279
1279 5007 1787
1787 2819 1722
1722 1306 2290
2290 330 2133
2133 3384 2898
2898 5627 1440
1440 5027 1366
30
1087 4092 1470
1470 2285 1804
1804 572 1823
1823 2508 109
109 4710 2351
2351 3239 2689
2689 4757 438
438 1820 1477
1477 3555 1134
1134 3993 2634
2634 3875 885
885 633 2849
2849 2493 601
601 5290 1764
1764 1637 1993
1993 4526 2548
2548 5597 1103
1103 5064 2199
2199 5617 1526
1526 4075 2538
2538 3849 1381
1381 4180 1914
1914 199 1493
1493 1529 38
38 1473 2193
2193 1539 2210
2210 4454 2391
2391 1849 1032
1032 497 1071
1071 563 1366
30
1087 4108 2408
2408 5086 1467
1467 4658 2691
2691 3826 2208
2208 1813 152
152 3189 1942
1942 87 866
866 5219 44
44 368 2787
2787 4446 2776
2776 1560 901
901 1304 1519
1519 3687 696
696 3028 336
336 4450 2011
2011 5331 327
327 2320 793
793 5029 813
813 3557 1301
1301 4101 2337
2337 2934 801
801 2749 280
280 177 1359
1359 4383 968
968 3760 1806
1806 5223 371
371 2849 1037
1037 4952 2610
2610 3896 1419
1419 3041 1366
30
1087 4128 946
946 3890 1521
1521 2546 2342
2342 3966 1531
1531 1289 431
431 4797 745
745 5625 1122
1122 3373 620
620 494 2729
2729 4291 2136
2136 1810 1058
1058 50 682
682 3619 747
747 1085 1776
1776 3771 291
291 2848 1126
1126 1213 955
955 5406 1923
1923 529 102
102 3945 121
121 4742 2017
2017 4110 795
795 3818 636
636 5511 2781
2781 4984 2235
2235 2219 242
242 4018 1361
1361 3147 329
329 1723 2402
2402 2878 1366
30
1087 4142 2097
2097 4182 1579
1579 1362 1989
1989 5227 1473
1473 522 2632
2632 5117 587
587 2078 114
114 1066 441
441 1044 2324
2324 1578 2804
2804 2565 1777
1777 3956 2573
2573 1747 1405
1405 5651 1943
1943 2467 2807
2807 3375 2739
2739 1669 1688
1688 1474 941
941 534 878
878 425 725
725 4708 590
590 2889 322
322 5711 2128
2128 3016 407
407 4011 1299
1299 1999 1002
1002 3627 708
708 5557 2035
2035 5136 1997
1997 1481 1366
30
1087 4194 2530
2530 984 1006
1006 2536 1808
1808 3893 189
189 5261 2318
2318 3859 1398
1398 5147 1964
1964 4606 963
963 2512 2448
2448 1098 2182
2182 3350 704
704 4885 446
446 4730 1452
1452 2726 911
911 5051 1613
1613 4480 2348
2348 5500 2392
2392 2389 1677
1677 2332 1
1 2418 2168
2168 4746 369
369 2269 678
678 3589 2847
2847 901 2435
2435 3430 1064
1064 4956 1073
1073 4153 113
113 1894 1594
1594 2022 287
287 3511 1366
30
1087 4257 1601
1601 4649 220
220 3828 1039
1039 5068 2057
2057 2241 1629
1629 3725 553
553 736 1427
1427 3011 2091
2091 4266 2051
2051 4882 210
210 5163 571
571 3111 1233
1233 3943 98
98 3482 1644
1644 5442 1566
1566 762 2592
2592 2752 1269
1269 4451 2113
2113 4806 593
593 3853 1746
1746 2747 1057
1057 4282 118
118 1335 2580
2580 5520 2385
2385 107 1281
1281 5373 2896
2896 1867 1496
1496 5262 560
560 5234 1541
1541 2146 1366
30
1087 4382 1879
1879 2000 380
380 2602 2884
2884 2601 1020
1020 4493 658
658 4115 2430
2430 2246 2500
2500 2380 2571
2571 3600 1766
1766 2023 2015
2015 3190 1058
1058 1876 2268
2268 896 747
747 2179 509
509 779 291
291 5387 368
368 5317 165
165 3593 572
572 2368 2177
2177 3726 495
495 5349 2547
2547 5553 510
510 1550 741
741 3444 2436
2436 3469 1736
1736 4093 384
384 540 1569
1569 5264 262
262 2681 1946
1946 4278 1366
30
1087 4423 1941
1941 5678 1287
1287 5194 398
398 469 606
606 2775 1884
1884 2904 2204
2204 912 1271
1271 5255 105
105 5326 2648
2648 3550 156
156 2224 240
240 4786 2084
2084 3944 1944
1944 1527 1943
1943 5053 2759
2759 4381 2116
2116 2085 893
893 4651 2621
2621 542 2596
2596 2569 683
683 3146 1532
1532 2861 565
565 4790 1098
1098 1899 914
914 4864 1063
1063 4552 2229
2229 4304 494
494 4112 2501
2501 2183 1374
1374 4209 1366
30
1087 4436 2092
2092 3234 2170
2170 4425 2079
2079 3690 2539
2539 5533 1577
1577 4620 907
907 1661 1547
1547 5577 2161
2161 3072 1224
1224 92 1846
1846 2684 2774
2774 3807 293
293 964 1325
1325 1170 2509
2509 4698 2482
2482 4895 806
806 787 501
501 5397 1889
1889 3596 854
854 3998 2289
2289 3275 927
927 2530 1768
1768 2869 899
899 5265 308
308 2607 750
750 4242 2844
2844 2968 909
909 822 71
71 4047 1863
1863 2683 1366
30
1087 4477 2838
2838 578 2380
2380 4362 1377
1377 5382 1221
1221 4991 2819
2819 1343 1814
1814 5221 703
703 1674 321
321 3056 592
592 2118 612
612 3613 224
224 2714 73
73 1557 2331
2331 4594 1556
1556 1246 2660
2660 5618 1021
1021 3184 836
836 5355 2475
2475 5296 2478
2478 2053 490
490 5298 397
397 2991 1962
1962 3769 1684
1684 1521 1216
1216 4262 131
131 5368 993
993 3313 2257
2257 1399 2491
2491 773 1583
1583 3406 1366
30
1087 4575 2383
2383 1707 1280
1280 4838 193
193 788 1646
1646 3898 975
975 1243 575
575 118 2322
2322 2250 2138
2138 4027 2698
2698 3249 1852
1852 5450 1827
1827 4857 1362
1362 2441 1961
1961 2108 1174
1174 5690 24
24 1658 2103
2103 2160 426
426 2574 688
688 5069 757
757 4925 1012
1012 4595 2450
2450 3445 1314
1314 2046 2209
2209 4924 2310
2310 5253 2378
2378 2896 1319
1319 1327 1671
1671 5014 642
642 2692 1861
1861 2394 1366
30
1087 4593 2779
2779 2221 1705
1705 1186 225
225 3228 1615
1615 774 2104
2104 3510 1904
1904 4272 437
437 159 550
550 3620 659
659 2589 1106
1106 3597 820
820 1052 70
70 1832 1998
1998 2886 1675
1675 4765 1699
1699 910 1990
1990 2950 1196
1196 4695 2836
2836 3131 1697
1697 4763 142
142 1450 155
155 2204 675
675 5668 42
42 4771 915
915 2549 947
947 2600 2144
2144 2967 2012
2012 5515 2817
2817 1188 989
989 3552 1366
30
1087 4673 57
57 211 887
887 182 1243
1243 1408 2839
2839 3847 2253
2253 1575 192
192 5527 1457
1457 268 2709
2709 5481 990
990 4972 1024
1024 5156 2657
2657 2532 70
70 4512 833
833 4871 1675
1675 5648 2360
2360 5555 1990
1990 4817 400
400 4155 2836
2836 5390 1352
1352 3156 142
142 2890 241
241 4060 2271
2271 4315 153
153 1016 889
889 1431 1199
1199 3598 1802
1802 1241 2806
2806 2844 706
706 5392 2695
2695 3846 1366
32
1087 4755 1149
1149 1621 255
255 4659 2134
2134 2845 2854
2854 3774 756
756 3615 2115
2115 5497 448
448 2879 2063
2063 3499 1274
1274 636 2708
2708 4162 43
43 3362 1251
1251 3470 831
831 1967 2440
2440 2415 2248
2248 2375 1983
1983 2435 995
995 3881 2828
2828 2273 2468
2468 54 622
622 1465 1596
1596 3057 776
776 3583 2135
2135 809 2656
2656 4800 361
361 3686 1146
1146 1717 578
578 2132 161
161 3854 385
385 2141 239
239 3422 314
314 1531 1366
30
1087 4761 2028
2028 871 1705
1705 5308 2524
2524 5699 1615
1615 2480 2888
2888 1903 935
935 4258 2244
2244 5396 2323
2323 4858 174
174 2707 1738
1738 3053 1999
1999 4174 1552
1552 5444 1264
1264 5094 2734
2734 659 2892
2892 5309 172
172 5608 2442
2442 5151 986
986 2027 1420
1420 4655 2404
2404 3032 2000
2000 2846 2271
2271 4365 1761
1761 4225 889
889 4723 1554
1554 4880 2638
2638 2391 2806
2806 5374 596
596 5345 227
227 4010 1366
30
1087 4811 2748
2748 2964 1140
1140 3372 895
895 2267 2305
2305 5463 646
646 5539 662
662 4665 1045
1045 651 2382
2382 5285 1725
1725 5644 157
157 804 1700
1700 4302 2366
2366 1572 2355
2355 4500 1499
1499 5401 938
938 5670 740
740 2194 2513
2513 1546 1912
1912 3641 1144
1144 5102 2543
2543 4907 1222
1222 3759 1617
1617 5114 835
835 1819 529
529 5294 2232
2232 2142 163
163 613 2754
2754 2974 1228
1228 971 1600
1600 1480 1366
30
1087 4939 2383
2383 2355 2283
2283 5576 193
193 1684 884
884 4685 975
975 2004 2693
2693 3259 23
23 2838 2790
2790 4527 1716
1716 2206 1176
1176 3948 2201
2201 2398 1362
1362 2695 994
994 2938 1466
1466 765 24
24 4737 865
865 3352 426
426 3916 2462
2462 4037 66
66 2341 1194
1194 2500 2487
2487 5233 1314
1314 2982 1481
1481 5090 616
616 1 267
267 2247 1387
1387 2958 1865
1865 2545 2502
2502 4836 2163
2163 5575 1366
30
1087 5092 1384
1384 4276 2107
2107 1398 370
370 918 58
58 857 583
583 5225 1245
1245 3154 1193
1193 4571 1379
1379 1203 149
149 5448 1208
1208 1994 1441
1441 2524 2603
2603 3698 724
724 2277 343
343 2558 1883
1883 5258 552
552 5432 2186
2186 5720 472
472 4319 1702
1702 37 455
455 1146 1250
1250 1276 678
678 3914 1548
1548 3004 2435
2435 5021 1860
1860 3937 411
411 722 113
113 5172 779
779 4916 1118
1118 3544 1366
30
1087 5634 1667
1667 3419 533
533 2279 203
203 5510 2653
2653 3281 1171
1171 5295 728
728 5366 2866
2866 1865 2302
2302 3027 138
138 4888 1150
1150 888 720
720 4316 1812
1812 639 353
353 472 650
650 3594 671
671 5706 1126
1126 2799 165
165 5682 1923
1923 5073 1645
1645 1248 177
177 2077 1642
1642 4810 1875
1875 4399 1397
1397 449 50
50 4347 670
670 220 1784
1784 794 2820
2820 721 1272
1272 1372 2365
2365 2098 1366
30
1087 5657 540
540 25 538
538 3095 1206
1206 3855 1143
1143 5478 283
283 4760 1557
1557 1402 2778
2778 1655 2673
2673 732 141
141 4058 1120
1120 5140 2520
2520 4734 2419
2419 5252 353
353 2704 2758
2758 2751 2236
2236 4754 1474
1474 3784 1864
1864 4900 1632
1632 3348 1350
1350 3351 1627
1627 253 45
45 3975 2447
2447 2240 1509
1509 5187 898
898 2378 171
171 3954 1313
1313 2272 2651
2651 4732 1833
1833 4179 1462
1462 5049 1366
30
1087 5666 506
506 5031 2321
2321 4977 1809
1809 4596 2668
2668 4610 373
373 47 2681
2681 5293 2601
2601 4521 2900
2900 5036 2572
2572 4367 56
56 5067 199
199 2994 2145
2145 4293 2426
2426 239 1624
1624 637 1769
1769 2350 517
517 3570 2343
2343 3573 74
74 3459 2525
2525 4803 2141
2141 2472 2738
2738 1048 100
100 4853 1728
1728 3976 1172
1172 5485 120
120 3728 2692
2692 4618 2137
2137 3260 2585
2585 4960 2563
2563 2710 1366
30
1087 5676 449
449 5327 792
792 5218 2706
2706 471 2373
2373 4206 2797
2797 5688 959
959 688 1604
1604 603 2359
2359 4514 29
29 5675 157
157 2962 2023
2023 4166 2589
2589 3455 637
637 2048 1570
1570 988 742
742 4919 2561
2561 2058 648
648 2228 458
458 3880 775
775 2329 1268
1268 4071 2717
2717 4736 2034
2034 5020 1290
1290 3474 1010
1010 2515 518
518 4634 1492
1492 5613 2005
2005 3554 582
582 4980 2627
2627 4680 1366
