27
102
1753 31 2342
2342 1208 559
559 2918 1548
1548 920 2597
2597 724 2360
2360 1137 1896
1896 3917 414
414 677 1676
1676 1269 878
878 249 2728
2728 3663 1311
1311 1455 2671
2671 785 281
281 82 1926
1926 1436 2848
2848 266 2810
2810 4470 915
915 1599 1522
1522 5019 2159
2159 1182 1481
1481 2745 416
416 3599 1971
1971 207 2740
2740 1917 349
349 2291 1661
1661 4263 1571
1571 3430 2767
2767 537 357
357 3292 1698
1698 2611 1887
1887 2472 197
197 1514 2214
2214 161 2525
2525 2595 1739
1739 1520 2729
2729 1799 2314
2314 2567 1487
1487 805 2147
2147 1031 1973
1973 2515 2661
2661 2345 845
845 3904 1634
1634 1008 1889
1889 46 1770
1770 761 2177
2177 4523 2408
2408 969 819
819 1159 2362
2362 133 1082
1082 1393 2370
2370 1809 207
207 4802 271
271 328 2495
2495 3914 570
570 2195 87
87 2025 645
645 1694 886
886 1482 2344
2344 1935 815
815 224 2248
2248 1559 774
774 56 657
657 2812 1271
1271 3831 1600
1600 1186 824
824 3660 2321
2321 4723 2491
2491 898 913
913 3061 2139
2139 598 921
921 3142 154
154 754 628
628 1851 121
121 465 2631
2631 2206 945
945 669 933
933 2609 2094
2094 4592 17
17 3289 290
290 878 1807
1807 1806 2339
2339 1565 85
85 4179 670
670 2100 2421
2421 4325 160
160 2036 907
907 2384 680
680 3085 1139
1139 3319 489
489 3065 2523
2523 3071 2609
2609 235 1071
1071 2209 1814
1814 3271 872
872 3050 1087
1087 86 2564
2564 926 567
567 611 1388
1388 3031 2065
2065 2772 1605
1605 3284 2471
2471 514 2103
100
1753 57 2158
2158 1770 1146
1146 1083 684
684 4866 2039
2039 3873 2360
2360 2476 1238
1238 2973 2838
2838 1063 2793
2793 719 2508
2508 895 2728
2728 4370 994
994 2274 2671
2671 2992 199
199 343 2444
2444 2558 2280
2280 4012 1216
1216 3110 1464
1464 946 1325
1325 184 407
407 1320 1181
1181 3116 2312
2312 225 2741
2741 2712 2689
2689 752 2096
2096 440 1209
1209 1357 147
147 1808 2369
2369 1167 2414
2414 4096 2721
2721 2059 1058
1058 3861 1410
1410 3769 2601
2601 2180 2895
2895 1967 2157
2157 744 181
181 1824 1547
1547 939 310
310 1805 2717
2717 795 2348
2348 2014 1560
1560 2897 2676
2676 3230 623
623 2112 2713
2713 3573 2292
2292 502 2359
2359 1539 2167
2167 726 846
846 2415 1774
1774 802 97
97 305 615
615 1348 1812
1812 1892 311
311 4683 2537
2537 1830 1416
1416 2856 1884
1884 1091 2340
2340 1359 2771
2771 4542 44
44 1387 1241
1241 60 261
261 3067 1060
1060 1157 1154
1154 4811 1529
1529 1961 2178
2178 2121 2013
2013 3814 668
668 2207 1256
1256 989 1615
1615 535 2643
2643 891 1090
1090 2601 1253
1253 1636 2772
2772 2697 959
959 1546 2909
2909 5 1432
1432 1585 706
706 4463 2532
2532 1227 1338
1338 1681 300
300 788 2151
2151 165 2651
2651 1185 2797
2797 713 924
924 3789 1214
1214 1630 1298
1298 2523 705
705 2117 2814
2814 1364 146
146 2019 850
850 1332 347
347 3959 2019
2019 197 2971
2971 4732 66
66 1104 833
833 879 1237
1237 4701 1076
1076 582 2684
2684 949 2380
2380 45 714
714 1028 2103
104
1753 118 1063
1063 3058 1845
1845 75 1480
1480 606 968
968 645 488
488 3830 1273
1273 83 210
210 1040 2317
2317 1977 354
354 302 2529
2529 3919 2550
2550 2093 2435
2435 53 1097
1097 3270 399
399 1677 465
465 2353 3
3 3345 2883
2883 286 2484
2484 439 99
99 155 1535
1535 569 2572
2572 3544 2382
2382 2481 2689
2689 2695 2368
2368 2390 1209
1209 2536 1915
1915 2936 1038
1038 616 1062
1062 361 2254
2254 1928 1848
1848 758 1244
1244 91 1362
1362 1377 627
627 668 2764
2764 307 2562
2562 2847 1923
1923 554 386
386 98 1065
1065 1866 2348
2348 3809 1335
1335 1212 2246
2246 457 455
455 1673 253
253 3418 2690
2690 248 2359
2359 4231 322
322 536 1987
1987 3332 1230
1230 164 296
296 1296 365
365 2886 2726
2726 1840 309
309 1707 1546
1546 3868 135
135 4187 27
27 3650 1137
1137 271 105
105 970 1609
1609 1864 262
262 2023 1573
1573 615 2042
2042 198 202
202 3449 1449
1449 2646 588
588 3042 2469
2469 26 1846
1846 208 41
41 2488 1829
1829 30 1285
1285 2006 697
697 1401 1612
1612 1893 605
605 2167 2899
2899 2928 2437
2437 1304 2874
2874 931 356
356 4306 2649
2649 1477 2199
2199 3251 2822
2822 986 363
363 4447 445
445 1256 2893
2893 4448 2531
2531 2230 409
409 3469 1302
1302 1033 1214
1214 3738 742
742 3408 1231
1231 1714 1981
1981 3036 1883
1883 1497 1732
1732 887 346
346 3073 411
411 1755 2145
2145 2911 2181
2181 2445 897
897 1507 2386
2386 2916 1206
1206 325 1332
1332 2920 2904
2904 143 2855
2855 2048 1294
1294 563 169
169 1405 2103
100
1753 125 864
864 4010 2618
2618 2402 771
771 2981 2405
2405 500 1128
1128 994 1441
1441 1911 702
702 3517 101
101 2256 1817
1817 1096 1221
1221 1757 874
874 1968 2724
2724 3208 45
45 3851 1420
1420 2170 1773
1773 29 1236
1236 1257 638
638 3309 2509
2509 4346 1550
1550 2603 932
932 1247 1932
1932 496 2329
2329 622 2061
2061 4211 589
589 756 1258
1258 1890 2323
2323 1837 2530
2530 4115 2459
2459 3440 1862
1862 3838 435
435 3529 1692
1692 3725 1138
1138 2436 1366
1366 2647 2691
2691 508 2782
2782 1335 117
117 2850 1575
1575 293 1942
1942 3585 2395
2395 3096 2927
2927 2813 260
260 2776 64
64 3656 468
468 4166 1895
1895 218 329
329 2548 74
74 4560 1679
1679 1019 424
424 4740 2418
2418 2290 1821
1821 1285 2785
2785 2560 2193
2193 826 2514
2514 48 2914
2914 1362 1530
1530 1819 1558
1558 1501 1709
1709 474 1630
1630 4458 1611
1611 3117 1655
1655 2737 2204
2204 106 2116
2116 3019 21
21 4451 1123
1123 4621 634
634 3190 2164
2164 4074 919
919 2581 1539
1539 776 2486
2486 2711 1122
1122 2741 96
96 1889 786
786 811 1027
1027 573 1769
1769 2171 2108
2108 3387 2931
2931 2710 392
392 859 1438
1438 666 2014
2014 1598 651
651 1120 625
625 217 587
587 3933 221
221 866 2392
2392 44 1745
1745 4997 294
294 2278 569
569 274 1936
1936 957 2702
2702 4329 895
895 3368 339
339 3187 2858
2858 545 2440
2440 3015 1168
1168 3510 2551
2551 191 2950
2950 976 2067
2067 803 1126
1126 794 2457
2457 1261 2103
100
1753 211 1063
1063 4364 1752
1752 1150 183
183 116 2571
2571 411 981
981 3453 2501
2501 3416 2141
2141 1160 1197
1197 925 1278
1278 1474 1813
1813 1522 2920
2920 3149 2827
2827 1460 1061
1061 74 399
399 2137 1582
1582 3640 1685
1685 1776 2687
2687 517 2710
2710 156 1780
1780 4941 887
887 84 2572
2572 4720 2789
2789 4422 1853
1853 1022 1737
1737 1165 1818
1818 1724 1513
1513 347 2311
2311 2259 2869
2869 4277 2721
2721 3735 2111
2111 4961 1017
1017 1423 1336
1336 630 1281
1281 18 2157
2157 4495 2548
2548 226 556
556 147 2328
2328 956 1776
1776 3807 2288
2288 1349 2048
2048 3824 2748
2748 2599 217
217 1758 2765
2765 1582 1631
1631 482 748
748 1518 2783
2783 4408 151
151 3480 1594
1594 852 2665
2665 2435 2577
2577 3971 811
811 3160 739
739 4456 699
699 1505 1499
1499 1526 521
521 2882 375
375 3501 153
153 4368 1961
1961 1713 1856
1856 1161 334
334 2393 2866
2866 1541 779
779 2715 2273
2273 2119 1068
1068 3350 672
672 4005 2101
2101 4537 586
586 928 998
998 456 46
46 2286 2543
2543 1429 844
844 378 1121
1121 2872 2442
2442 1358 2477
2477 665 554
554 1196 2186
2186 921 95
95 3647 1809
1809 1297 2688
2688 4328 1047
1047 1779 2619
2619 2042 2674
2674 159 744
744 3732 2029
2029 2200 831
831 1781 956
956 3897 2256
2256 1471 1035
1035 834 1544
1544 1242 2957
2957 2375 591
591 1319 1239
1239 2313 1205
1205 3442 552
552 875 1742
1742 653 1497
1497 4380 1252
1252 150 661
661 1152 664
664 1542 2103
100
1753 289 1407
1407 804 903
903 1187 829
829 2248 1678
1678 1745 20
20 1466 1653
1653 1375 353
353 4800 1986
1986 3872 694
694 3657 2640
2640 169 352
352 223 1091
1091 55 2633
2633 1309 813
813 4145 947
947 4677 1875
1875 5005 476
476 3808 240
240 230 674
674 2501 511
511 2933 2305
2305 1675 2628
2628 396 2538
2538 2181 1259
1259 4061 2944
2944 195 1523
1523 1176 1759
1759 298 2084
2084 556 2611
2611 1686 2542
2542 2995 175
175 303 2964
2964 3638 1147
1147 869 758
758 765 1681
1681 2789 2194
2194 4575 910
910 407 843
843 648 2512
2512 707 2048
2048 4884 2379
2379 2835 2053
2053 177 1797
1797 741 1251
1251 2096 1180
1180 2883 2144
2144 1627 1704
1704 3211 782
782 2302 1905
1905 2342 269
269 1427 256
256 1418 1581
1581 910 1534
1534 658 1001
1001 2349 1724
1724 900 2655
2655 262 2249
2249 454 2107
2107 4557 2133
2133 360 247
247 705 814
814 1006 2261
2261 2328 31
31 2525 475
475 1665 1727
1727 2881 2142
2142 2216 529
529 3161 889
889 200 2694
2694 179 2389
2389 4297 600
600 4341 2003
2003 3671 2364
2364 2531 1184
1184 1940 719
719 1962 2186
2186 3608 2962
2962 1719 1809
1809 3123 1537
1537 2237 1788
1788 2314 1666
1666 884 2834
2834 1909 1670
1670 4928 901
901 4210 742
742 4305 906
906 943 319
319 4933 36
36 2878 1866
1866 4149 2888
2888 4226 2181
2181 4996 1566
1566 3951 2929
2929 3200 2517
2517 40 2140
2140 2830 2904
2904 388 2299
2299 4175 1284
1284 3094 1346
1346 2105 2103
100
1753 317 561
561 889 380
380 2462 749
749 2910 977
977 1800 1013
1013 4361 675
675 1168 2043
2043 1519 560
560 192 1494
1494 2320 1603
1603 1232 2734
2734 1476 1440
1440 1231 466
466 2120 955
955 702 1193
1193 533 28
28 4843 2637
2637 1365 1173
1173 1144 2871
2871 1876 1014
1014 4395 2625
2625 2890 1135
1135 222 321
321 1867 1112
1112 3698 2412
2412 3417 835
835 1293 266
266 4260 2502
2502 945 1287
1287 1785 1172
1172 3176 810
810 123 2407
2407 687 2297
2297 484 257
257 823 676
676 427 830
830 109 1381
1381 335 509
509 2577 751
751 3163 103
103 4238 1828
1828 2637 1770
1770 3833 653
653 1672 2922
2922 1754 2434
2434 2387 62
62 1275 1141
1141 2561 2244
2244 966 2863
2863 1580 2160
2160 3950 1031
1031 1175 2659
2659 1499 538
538 4133 437
437 883 1540
1540 2630 732
732 1171 2805
2805 3782 2132
2132 3557 219
219 2330 1232
1232 3068 453
453 2998 1479
1479 2111 720
720 3939 773
773 3186 2760
2760 1049 2554
2554 4234 1318
1318 1396 125
125 3899 2885
2885 2340 2970
2970 696 1092
1092 642 2750
2750 700 2579
2579 3504 1584
1584 4150 2046
2046 819 2363
2363 2150 2585
2585 445 964
964 577 576
576 1457 1826
1826 153 1446
1446 149 446
446 1085 740
740 635 2781
2781 1768 1635
1635 1697 2476
2476 778 2263
2263 3010 1372
1372 3024 1457
1457 2228 995
995 3179 866
866 121 2165
2165 4091 130
130 894 976
976 1145 1811
1811 2643 1877
1877 1069 312
312 4908 2385
2385 544 2780
2780 4180 2103
102
1753 555 1531
1531 247 695
695 3035 2078
2078 636 1096
1096 2049 2657
2657 825 1506
1506 1228 2175
2175 2447 1677
1677 561 306
306 2543 1083
1083 1434 1134
1134 4360 1632
1632 773 1711
1711 385 2730
2730 2721 1620
1620 799 1512
1512 2707 1290
1290 3855 457
457 1081 1636
1636 187 1638
1638 3112 2470
2470 3379 2941
2941 1597 1673
1673 1397 1542
1542 4144 1882
1882 3907 1945
1945 1036 1276
1276 1939 328
328 3857 2811
2811 1632 2425
2425 627 1659
1659 909 539
539 1274 2559
2559 2108 2453
2453 4896 1037
1037 3760 1053
1053 3136 2580
2580 4088 51
51 2616 2071
2071 967 1697
1697 782 860
860 1205 1228
1228 2844 2591
2591 528 1350
1350 634 2897
2897 2459 1725
1725 4545 528
528 389 368
368 4951 2461
2461 4491 649
649 77 2252
2252 3233 2070
2070 1143 1261
1261 1240 2402
2402 4073 194
194 4675 235
235 1838 1709
1709 787 710
710 2047 1611
1611 3662 2134
2134 4213 1608
1608 1325 2068
2068 1930 1621
1621 1832 1022
1022 3335 1006
1006 382 1130
1130 4022 1876
1876 711 404
404 684 131
131 2101 875
875 2288 545
545 2082 791
791 1991 1908
1908 1544 1554
1554 2176 1842
1842 523 2236
2236 341 1801
1801 433 1736
1736 701 1019
1019 2346 1637
1637 2135 2865
2865 1388 1805
1805 3438 2670
2670 3132 2450
2450 2473 1798
1798 2775 203
203 3816 2121
2121 4038 387
387 2709 1937
1937 1072 1936
1936 4673 2641
2641 1644 745
745 313 1380
1380 1931 572
572 2273 1041
1041 4473 2242
2242 720 1189
1189 3685 2345
2345 1934 418
418 2244 1784
1784 2461 186
186 2708 2103
100
1753 670 1034
1034 1456 2173
2173 1608 734
734 2605 323
323 1581 149
149 492 1892
1892 424 462
462 3141 2224
2224 1236 1831
1831 1340 780
780 2529 2582
2582 861 2426
2426 3447 2966
2966 565 1924
1924 3313 364
364 3046 2243
2243 4066 460
460 2194 2031
2031 4307 2961
2961 1617 1463
1463 1407 631
631 631 2351
2351 2892 1804
1804 4109 1169
1169 1820 2767
2767 4285 390
390 4027 104
104 4769 1887
1887 2562 1538
1538 694 391
391 1374 2525
2525 3402 2555
2555 4891 2587
2587 381 2798
2798 2862 828
828 3711 2147
2147 1925 2372
2372 1600 1176
1176 3538 1225
1225 899 2102
2102 4216 1952
1952 2667 2925
2925 4433 2320
2320 4006 2408
2408 2413 98
98 590 176
176 422 894
894 2951 641
641 2615 515
515 1153 1412
1412 3219 825
825 1333 396
396 2071 1474
1474 236 1775
1775 363 22
22 874 278
278 3397 2860
2860 1074 1781
1781 374 2433
2433 748 1175
1175 2439 1865
1865 2722 1317
1317 3365 2303
2303 1061 1998
1998 2917 2206
2206 1489 888
888 1219 2716
2716 915 2606
2606 3982 2219
2219 1811 1610
1610 2308 2203
2203 2098 1108
1108 1173 2699
2699 2891 2815
2815 2619 1016
1016 171 707
707 3104 877
877 567 2774
2774 3551 957
957 4125 2431
2431 674 1852
1852 17 1349
1349 4814 726
726 1355 2229
2229 3778 1392
1392 1459 1007
1007 3997 1927
1927 682 1793
1793 4815 700
700 1663 1647
1647 3535 1814
1814 3880 1069
1069 1478 69
69 4471 2898
2898 1378 949
949 170 1918
1918 4264 1783
1783 1682 2518
2518 2368 802
802 2352 2103
100
1753 743 1085
1085 3941 799
799 3074 909
909 801 1999
1999 747 2506
2506 1046 1653
1653 3072 470
470 1511 1922
1922 774 1921
1921 3411 579
579 268 2117
2117 1923 1810
1810 1255 400
400 1732 2626
2626 510 1313
1313 470 59
59 1801 2526
2526 3565 1185
1185 1533 667
667 1011 2943
2943 2624 2127
2127 58 2213
2213 489 229
229 1082 1878
1878 2985 2755
2755 867 48
48 2103 503
503 459 2720
2720 3486 1549
1549 3107 2542
2542 3478 1718
1718 4955 1279
1279 923 1395
1395 136 574
574 3353 50
50 4176 556
556 2455 2075
2075 3329 2845
2845 1971 822
822 4604 2896
2896 1847 497
497 4640 686
686 338 402
402 3339 1533
1533 1327 748
748 4430 1192
1192 2698 151
151 4220 1833
1833 3404 1226
1226 529 2577
2577 4526 430
430 2406 1359
1359 3682 2250
2250 2099 191
191 2055 2938
2938 1738 371
371 3407 153
153 4554 1305
1305 2163 728
728 237 2685
2685 3967 2519
2519 3428 1370
1370 4009 602
602 1220 1640
1640 557 672
672 4517 1956
1956 2219 1962
1962 3423 252
252 737 46
46 4588 796
796 4752 2847
2847 4505 1572
1572 4974 1899
1899 4532 1960
1960 2074 2152
2152 4466 1262
1262 1440 2532
2532 4445 1458
1458 1903 1726
1726 64 1622
1622 3712 1666
1666 998 537
537 5018 1624
1624 2233 2813
2813 3020 781
781 3773 2148
2148 406 1732
1732 2919 1823
1823 3352 1374
1374 1334 2957
2957 2516 1086
1086 1689 2091
2091 3150 2929
2929 5006 2182
2182 1366 1434
1434 3424 1497
1497 4476 2067
2067 4522 661
661 3041 2259
2259 2069 2103
100
1753 856 2388
2388 1592 119
119 461 1500
1500 1095 1528
1528 979 1955
1955 4227 1263
1263 2701 2234
2234 2979 1802
1802 3714 1018
1018 783 2304
2304 2800 874
874 3817 2138
2138 3528 1951
1951 1435 652
652 1382 1245
1245 4656 677
677 3752 1436
1436 2921 457
457 3751 2738
2738 4973 1495
1495 3745 484
484 3694 1911
1911 4060 245
245 1108 1144
1144 4450 1094
1094 2382 2155
2155 1448 801
801 4087 1409
1409 2845 1056
1056 1747 1419
1419 480 54
54 4912 403
403 2957 1984
1984 1729 2322
2322 2441 2447
2447 1214 1857
1857 1679 1337
1337 1451 713
713 2068 63
63 619 264
264 1625 823
823 3477 2662
2662 281 2432
2432 1287 1723
1723 214 1104
1104 1822 179
179 886 495
495 4910 1667
1667 2576 172
172 1718 821
821 1179 73
73 1639 2786
2786 2923 114
114 4887 1880
1880 3691 1045
1045 41 534
534 3940 1473
1473 727 1860
1860 3225 29
29 310 1733
1733 1540 2331
2331 2962 1479
1479 3343 622
622 4704 344
344 1789 1851
1851 1561 1222
1222 4520 1318
1318 3931 2318
2318 2606 1722
1722 1202 1822
1822 813 1517
1517 2498 2018
2018 2146 1229
1229 1549 320
320 3388 342
342 1321 2272
2272 2552 1233
1233 4697 248
248 808 2507
2507 342 980
980 759 287
287 3049 2824
2824 3172 230
230 3606 650
650 3018 118
118 4362 2766
2766 3055 2336
2336 4556 776
776 942 1569
1569 3393 2620
2620 24 1614
1614 2627 619
619 3276 1768
1768 3128 976
976 4201 996
996 488 2207
2207 3708 592
592 3167 75
75 1767 611
611 2268 2103
104
1753 936 505
505 2044 2634
2634 254 1480
1480 1079 1105
1105 469 2212
2212 3537 1273
1273 229 2141
2141 4376 2522
2522 3876 2801
2801 2294 1283
1283 403 1339
1339 3642 2435
2435 4832 140
140 4837 723
723 285 1761
1761 4528 2933
2933 4583 2406
2406 1927 2710
2710 851 2221
2221 3576 887
887 3631 369
369 3126 2382
2382 2754 1218
1218 2243 2953
2953 628 1818
1818 4899 2527
2527 870 2080
2080 196 2707
2707 33 340
340 1821 1269
1269 13 1456
1456 290 107
107 2215 2895
2895 3643 1559
1559 2793 2548
2548 975 2025
2025 3886 504
504 503 2717
2717 1484 2746
2746 3854 381
381 2678 2246
2246 3788 265
265 1567 1158
1158 1504 623
623 2280 655
655 2782 2763
2763 1920 755
755 3385 1478
1478 1886 2191
2191 2323 88
88 3474 296
296 4393 2807
2807 4052 2268
2268 3328 204
204 3811 1075
1075 1944 7
7 3038 105
105 3902 13
13 4883 2253
2253 541 548
548 2700 494
494 1062 546
546 578 753
753 2988 491
491 4809 2469
2469 4348 436
436 2827 2627
2627 837 2423
2423 2281 1690
1690 4660 2394
2394 168 454
454 1815 1025
1025 797 198
198 532 1095
1095 426 1365
1365 141 2126
2126 3630 2266
2266 3214 1183
1183 114 2260
2260 1862 1592
1592 1271 2788
2788 1629 60
60 4162 769
769 962 1179
1179 2234 2115
2115 2664 2600
2600 2948 348
348 494 2590
2590 3231 379
379 1123 2828
2828 1210 2956
2956 2952 1574
1574 3295 850
850 4129 1683
1683 2272 2019
2019 862 1510
1510 50 66
66 2133 1493
1493 816 1237
1237 4984 525
525 1298 2684
2684 1907 2172
2172 1676 902
902 1848 2103
102
1753 953 2856
2856 2760 2958
2958 6 401
401 531 2039
2039 4332 2480
2480 473 985
985 1428 747
747 431 2106
2106 1193 789
789 3093 258
258 2717 2030
2030 3653 2963
2963 3197 524
524 2124 1597
1597 3761 2188
2188 779 1333
1333 2497 1249
1249 255 366
366 4599 972
972 3140 1481
1481 3507 642
642 519 1966
1966 4095 180
180 2026 1042
1042 205 892
892 3260 1662
1662 1778 1038
1038 1030 2296
2296 3391 2254
2254 2088 2066
2066 679 1277
1277 3244 440
440 693 2367
2367 1985 2284
2284 2635 2325
2325 1787 979
979 1211 937
937 3145 1248
1248 1299 2196
2196 3511 2481
2481 2926 367
367 2880 2825
2825 3157 2867
2867 250 157
157 4938 2752
2752 4004 2454
2454 160 362
362 309 660
660 352 762
762 1717 309
309 3992 286
286 2296 2218
2218 368 1890
1890 4356 2596
2596 904 1854
1854 2925 1011
1011 1983 2183
2183 3955 65
65 2766 1664
1664 1103 112
112 1872 358
358 725 2744
2744 1868 1099
1099 1300 2049
2049 1164 2038
2038 2161 2448
2448 4540 1748
1748 2080 2468
2468 1438 939
939 1492 1159
1159 1094 432
432 2505 2642
2642 4536 2045
2045 3242 1077
1077 2511 2238
2238 755 1515
1515 692 648
648 2177 1705
1705 2485 1950
1950 435 2211
2211 847 1064
1064 3448 2902
2902 39 2373
2373 4737 2089
2089 3 2281
2281 4449 2011
2011 259 1292
1292 2015 2658
2658 4113 2352
2352 1077 1505
1505 938 785
785 4791 571
571 1734 1993
1993 4372 2455
2455 637 1796
1796 2347 633
633 1855 550
550 3265 553
553 386 2034
2034 2070 1089
1089 14 902
902 4198 2103
100
1753 1084 855
855 1066 1930
1930 94 2270
2270 4363 1096
1096 2874 912
912 850 1689
1689 2041 1706
1706 3693 560
560 4492 384
384 1259 1603
1603 2857 2516
2516 3421 2840
2840 22 466
466 4597 6
6 2513 40
40 2114 2639
2639 2061 1777
1777 1739 2759
2759 1286 730
730 4927 315
315 3986 1786
1786 515 2887
2887 845 1928
1928 3462 797
797 2540 2753
2753 2806 171
171 37 2697
2697 906 590
590 2871 904
904 3799 2333
2333 359 47
47 667 518
518 231 1188
1188 2652 599
599 1695 128
128 282 934
934 97 2130
2130 2996 1997
1997 620 417
417 911 1024
1024 1395 2499
2499 1265 2098
2098 1311 1343
1343 865 2837
2837 139 1104
1104 2378 832
832 1619 1568
1568 4196 1643
1643 654 1327
1327 80 2821
2821 3392 408
408 1572 1413
1413 3227 1469
1469 3896 849
849 1721 1045
1045 429 2723
2723 1772 2095
2095 584 1860
1860 3553 219
219 3945 188
188 392 453
453 4935 393
393 3730 331
331 3178 961
961 252 1738
1738 1798 952
952 1087 1644
1644 3299 1498
1498 1130 1948
1948 2427 2374
2374 2301 449
449 651 213
213 2192 1660
1660 49 2815
2815 3122 916
916 415 2881
2881 1258 877
877 913 966
966 344 1953
1953 4313 2156
2156 2788 1970
1970 4437 81
81 3898 726
726 2714 527
527 714 1392
1392 1495 189
189 3976 2430
2430 2665 2880
2880 1861 487
487 1410 1903
1903 2533 2636
2636 844 2770
2770 1655 2047
2047 1570 1564
1564 3913 510
510 3891 508
508 520 313
313 1284 355
355 2010 2483
2483 1727 2103
104
1753 1192 597
597 4388 234
234 1963 1536
1536 1295 973
973 1973 1454
1454 2334 1965
1965 181 2756
2756 269 2420
2420 2575 1806
1806 68 1170
1170 652 1311
1311 2554 629
629 1954 2015
2015 4543 2792
2792 3853 2280
2280 4509 2735
2735 4573 1990
1990 279 1325
1325 767 2159
2159 2654 1131
1131 3366 642
642 4541 2794
2794 2671 139
139 4089 1330
1330 365 1919
1919 2860 2040
2040 1735 2862
2862 882 209
209 2527 2520
2520 872 134
134 1883 2803
2803 762 474
474 2906 1246
1246 4193 2284
2284 4253 806
806 428 1730
1730 2718 2732
2732 546 2237
2237 3563 2196
2196 4248 1270
1270 65 367
367 4879 1778
1778 2676 2232
2232 2657 1824
1824 2331 1957
1957 1712 958
958 3596 743
743 3302 1260
1260 4135 206
206 775 1369
1369 1067 2495
2495 4503 568
568 972 978
978 1706 645
645 3879 22
22 2669 2344
2344 4507 1203
1203 487 1894
1894 2590 279
279 152 1785
1785 3497 316
316 1947 2341
2341 1836 1989
1989 3092 16
16 1155 1323
1323 1910 93
93 404 228
228 772 267
267 4840 405
405 1658 1541
1541 964 1391
1391 1826 767
767 2743 2238
2238 2566 2251
2251 4512 648
648 4712 826
826 350 1950
1950 4585 788
788 103 1639
1639 2467 1696
1696 1266 2913
2913 789 498
498 72 670
670 4771 2695
2695 2622 160
160 3083 2852
2852 4645 2231
2231 3318 2846
2846 2941 1178
1178 326 1591
1591 2038 2109
2109 2831 962
962 1545 1368
1368 3381 2409
2409 1736 1820
1820 71 584
584 4527 1583
1583 3103 2675
2675 1882 314
314 1795 2581
2581 3152 2567
2567 4873 1616
1616 1132 991
991 38 2103
100
1753 1288 681
681 1594 1930
1930 4342 272
272 2173 805
805 1649 701
701 364 1200
1200 2686 2175
2175 3569 1841
1841 119 2017
2017 319 898
898 2938 1974
1974 47 1520
1520 323 127
127 2072 2901
2901 1270 1728
1728 912 2226
2226 1329 58
58 2457 1712
1712 892 2472
2472 4865 106
106 4508 1786
1786 1467 2569
2569 3758 1996
1996 2326 834
834 2238 2753
2753 4292 2334
2334 2805 2777
2777 1021 377
377 581 283
283 1896 2333
2333 4301 2557
2557 1752 765
765 1088 2343
2343 76 690
690 1209 1051
1051 43 934
934 2666 472
472 1970 1286
1286 3086 297
297 745 1790
1790 1705 603
603 678 715
715 4484 607
607 1098 2058
2058 4230 1995
1995 4249 2725
2725 996 729
729 4482 1113
1113 2299 172
172 4407 636
636 4658 1031
1031 4280 2686
2686 239 2510
2510 1383 2629
2629 1863 2149
2149 698 1675
1675 4963 2693
2693 367 1881
1881 2035 1125
1125 1060 1484
1484 138 2163
2163 2966 289
289 1742 885
885 4952 961
961 1315 1288
1288 2242 1373
1373 3749 1898
1898 1273 2216
2216 1990 1948
1948 2912 2951
2951 1938 23
23 3719 38
38 3882 2683
2683 4670 1756
1756 300 916
916 2062 1102
1102 2097 808
808 4742 966
966 2642 2143
2143 3250 593
593 1645 1716
1716 3654 1329
1329 2723 2176
2176 1115 19
19 4614 143
143 102 150
150 148 752
752 4170 242
242 599 1026
1026 2319 644
644 3936 2540
2540 185 2298
2298 2343 1383
1383 167 166
166 3866 2800
2800 2348 35
35 4049 2819
2819 2106 1115
1115 2631 523
523 820 2103
100
1753 1306 1034
1034 2803 1043
1043 202 2960
2960 3620 2934
2934 594 2371
2371 1128 2911
2911 345 243
243 1004 1421
1421 1780 91
91 1037 382
382 3733 2761
2761 2893 2289
2289 854 2660
2660 3395 1029
1029 4417 1193
1193 980 2482
2482 1583 2917
2917 201 1173
1173 2157 604
604 4286 109
109 1949 1651
1651 2063 2809
2809 905 1316
1316 2136 1149
1149 3575 1502
1502 1361 1800
1800 111 862
862 3048 1118
1118 1603 2276
2276 4120 1941
1941 3210 563
563 2354 869
869 1068 2729
2729 3076 138
138 1696 1107
1107 357 2410
2410 1198 2294
2294 575 2257
2257 3111 751
751 3294 250
250 1020 2475
2475 540 1308
1308 2129 653
653 3241 731
731 1237 98
98 1828 2362
2362 4421 2300
2300 315 83
83 90 2128
2128 215 2613
2613 2520 825
825 2541 950
950 1174 2510
2510 1547 1914
1914 306 2905
2905 3427 1694
1694 297 1680
1680 3114 412
412 624 839
839 2974 2306
2306 4251 1743
1743 1537 1988
1988 89 2303
2303 3826 1081
1081 1651 2206
2206 1769 1648
1648 3953 2716
2716 4516 1482
1482 830 1050
1050 3372 2563
2563 9 43
43 1465 616
616 1452 2180
2180 4570 2361
2361 1656 1504
1504 1744 155
155 4274 1861
1861 3169 273
273 626 2339
2339 3054 770
770 1725 582
582 2460 1468
1468 1005 678
678 351 480
480 463 1072
1072 4217 2324
2324 2122 489
489 3148 624
624 2217 2109
2109 3572 2451
2451 2704 1703
1703 1610 275
275 2682 1980
1980 3800 2022
2022 1415 314
314 2691 1152
1152 1254 1713
1713 649 2110
2110 495 2937
2937 1071 2103
106
1753 1350 2882
2882 1246 2154
2154 4028 205
205 2648 1977
1977 2175 1567
1567 1289 335
335 358 467
467 4595 637
637 1138 1278
1278 1945 809
809 2338 1282
1282 241 1266
1266 4128 1097
1097 4373 351
351 4525 1825
1825 2142 1685
1685 3297 2883
2883 3226 1483
1483 572 99
99 1026 2884
2884 992 433
433 843 530
530 2298 1933
1933 3202 492
492 1823 514
514 3795 1668
1668 3080 1699
1699 548 929
929 2600 2583
2583 1969 2804
2804 860 1545
1545 1189 1269
1269 1613 2549
2549 1483 1279
1279 3037 1147
1147 3664 595
595 1216 803
803 4950 485
485 243 2328
2328 1106 1693
1693 88 108
108 3659 2896
2896 4558 820
820 4578 686
686 1846 2090
2090 366 1533
1533 4985 2275
2275 4847 2167
2167 4862 2436
2436 3806 2035
2035 4727 804
804 4369 2535
2535 1117 1812
1812 4367 733
733 246 2843
2843 4051 500
500 2336 15
15 1283 2340
2340 2632 512
512 4273 2114
2114 2394 251
251 4070 255
255 760 1060
1060 5016 941
941 4474 2399
2399 1667 1846
1846 2168 2627
2627 2102 944
944 1470 2648
2648 2164 5
5 69 137
137 647 1025
1025 3924 2460
2460 768 1095
1095 3090 1633
1633 348 2126
2126 4916 1477
1477 903 1103
1103 4046 522
522 1726 1705
1705 4734 1868
1868 4255 2211
2211 3837 2002
2002 650 2902
2902 3867 769
769 4239 989
989 4324 2743
2743 3502 1415
1415 4638 2115
2115 2687 1707
1707 3386 379
379 3889 951
951 1691 876
876 3905 146
146 5001 1162
1162 448 1629
1629 3524 421
421 683 1194
1194 2902 1916
1916 264 1493
1493 3320 2028
2028 3337 1076
1076 3224 2826
2826 277 2380
2380 3361 2900
2900 617 2103
100
1753 1538 1832
1832 3704 380
380 3487 721
721 1517 1767
1767 2451 1656
1656 278 1849
1849 3052 276
276 1386 1421
1421 3741 1437
1437 1473 246
246 3374 2761
2761 3747 282
282 3742 2123
2123 4801 30
30 3040 2849
2849 1661 562
562 2778 2876
2876 216 244
244 2984 2202
2202 1346 277
277 410 631
631 1664 2809
2809 4457 1623
1623 2777 1149
1149 4615 308
308 1142 357
357 4240 1944
1944 3602 2769
2769 1313 197
197 3439 391
391 3450 2621
2621 3590 474
474 4158 2903
2903 3961 1344
1344 334 1590
1590 280 2873
2873 1662 303
303 1353 1176
1176 4102 2737
2737 1390 1250
1250 3280 1952
1952 4406 1455
1455 2123 891
891 51 304
304 1007 337
337 1372 519
519 5013 2086
2086 4534 1260
1260 4282 223
223 5003 271
271 3860 1156
1156 2807 2012
2012 412 978
978 4914 1775
1775 2937 1297
1297 4267 278
278 3946 815
815 3400 2393
2393 3317 2568
2568 1905 2124
2124 1409 316
316 4549 2346
2346 1450 1580
1580 2833 16
16 2953 2491
2491 2993 1734
1734 2500 1067
1067 3968 908
908 2130 940
940 1615 628
628 4663 1750
1750 4446 616
616 2057 547
547 1073 1563
1563 2400 211
211 3063 174
174 2045 290
290 1524 2829
2829 3973 2913
2913 2771 325
325 3091 1289
1289 151 2842
2842 871 990
990 393 1059
1059 4773 1167
1167 1100 441
441 723 533
533 1162 1795
1795 2174 1382
1382 4443 32
32 3082 954
954 2148 626
626 3844 1491
1491 3175 1521
1521 593 1758
1758 3624 227
227 4141 1931
1931 499 1143
1143 421 254
254 3593 2103
100
1753 1618 2319
2319 3158 673
673 2580 829
829 3108 1331
1331 4966 2820
2820 4514 195
195 1194 1858
1858 3505 2069
2069 4948 345
345 1016 1347
1347 2660 1295
1295 3815 1091
1091 308 1607
1607 1197 813
813 4335 1313
1313 5002 2088
2088 1589 1772
1772 2267 2566
2566 3240 836
836 1316 2032
2032 3097 1792
1792 3310 2628
2628 3518 1593
1593 4428 1259
1259 4355 1708
1708 2821 48
48 2905 317
317 4479 1765
1765 3925 2467
2467 4767 1843
1843 66 1385
1385 2430 795
795 4803 536
536 1666 2942
2942 3598 2413
2413 4813 704
704 4299 2787
2787 2744 2400
2400 42 2337
2337 2487 158
158 786 1687
1687 362 1791
1791 2649 1010
1010 110 1309
1309 476 2779
2779 256 1746
1746 1888 2947
2947 466 2682
2682 3446 1532
1532 104 1342
1342 447 1787
1787 3023 222
222 902 1425
1425 2693 1983
1983 493 2817
2817 354 2085
2085 2604 2808
2808 5017 1435
1435 4033 2678
2678 1125 2087
2087 234 2204
2204 3262 285
285 2434 419
419 2526 67
67 664 1902
1902 2141 2332
2332 1109 2092
2092 2746 1539
1539 1607 1901
1901 4780 526
526 3286 2422
2422 2556 1402
1402 5012 1142
1142 1215 1396
1396 3669 1879
1879 4624 459
459 1239 610
610 828 1438
1438 3689 643
643 3363 854
854 475 1032
1032 1749 2674
2674 1631 1561
1561 3432 1376
1376 1097 1625
1625 1394 956
956 4298 879
879 67 1353
1353 4396 1544
1544 1995 173
173 2748 816
816 3008 1239
1239 4695 1682
1682 2084 918
918 3780 1434
1434 4202 1459
1459 4581 2578
2578 131 1907
1907 238 2259
2259 2749 2103
100
1753 1648 2342
2342 2289 2958
2958 3433 1548
1548 1363 2376
2376 605 2366
2366 2306 1965
1965 4711 473
473 3459 2474
2474 369 493
493 355 585
585 376 1476
1476 1294 541
541 1039 1873
1873 2253 1442
1442 2483 685
685 1740 1888
1888 1703 2113
2113 4097 693
693 3580 407
407 1690 1131
1131 4023 2967
2967 209 1966
1966 4490 1461
1461 2362 2354
2354 1871 2016
2016 1380 80
80 4944 2258
2258 2131 1062
1062 2024 2718
2718 4169 2861
2861 1512 233
233 3259 1133
1133 984 1246
1246 4805 1344
1344 521 806
806 2587 2877
2877 625 937
937 3978 1672
1672 1235 2714
2714 19 566
566 2585 55
55 1038 1182
1182 419 2867
2867 1278 1824
1824 4930 388
388 3875 958
958 4957 1939
1939 4047 413
413 4519 1586
1586 4148 2652
2652 3171 1890
1890 4853 378
378 2986 307
307 2212 481
481 340 1598
1598 3201 65
65 2908 1562
1562 522 112
112 3916 963
963 1700 395
395 436 1023
1023 2514 397
397 3005 837
837 28 436
436 4400 168
168 2151 2799
2799 3143 1405
1405 3888 1871
1871 3706 881
881 781 1503
1503 4008 2208
2208 1379 1929
1929 3980 1430
1430 1404 2251
2251 4831 522
522 4171 1757
1757 961 2260
2260 2839 1310
1310 3367 2302
2302 3207 1321
1321 3500 2239
2239 863 1355
1355 193 1475
1475 608 2590
2590 4160 2077
2077 2545 951
951 3910 2814
2814 1557 482
482 3987 2358
2358 2075 1629
1629 4208 2839
2839 2438 1543
1543 3746 931
931 2364 1206
1206 2410 2356
2356 4048 867
867 2251 759
759 4565 2588
2588 777 714
714 3162 2103
106
1753 2139 1982
1982 4431 532
532 1624 1033
1033 3990 953
953 542 1444
1444 708 425
425 1368 483
483 501 2200
2200 3678 1946
1946 3636 370
370 564 2201
2201 2304 666
666 2913 1
1 423 1900
1900 2159 1751
1751 1057 997
997 2633 1577
1577 4943 1171
1171 4442 1439
1439 4340 1429
1429 2915 2709
2709 1622 932
932 2474 11
11 3177 2941
2941 2011 1671
1671 4375 1920
1920 2432 2544
2544 3272 156
156 2469 2818
2818 3228 1409
1409 4596 2390
2390 2401 1419
1419 1709 1379
1379 543 1235
1235 1733 2552
2552 3389 1315
1315 107 1659
1659 4454 1874
1874 4100 2664
2664 2802 2168
2168 1891 1161
1161 655 1462
1462 3348 1958
1958 1124 51
51 4759 2757
2757 3870 264
264 2021 860
860 2564 1715
1715 1400 1312
1312 1190 2823
2823 2517 1399
1399 353 970
970 4077 2036
2036 3543 1198
1198 4101 2603
2603 166 659
659 2199 1947
1947 1904 2267
2267 4649 341
341 2255 1891
1891 2855 2553
2553 3420 2723
2723 4419 1473
1473 2726 2132
2132 4032 161
161 485 1484
1484 3047 679
679 1058 226
226 3164 39
39 4696 1081
1081 4312 1303
1303 1172 888
888 2975 983
983 3330 2365
2365 1351 429
429 3471 2946
2946 1070 1514
1514 1577 1427
1427 4901 1660
1660 2683 1756
1756 2555 1390
1390 818 1102
1102 2162 324
324 1453 486
486 3628 148
148 1426 593
593 4225 2277
2277 2376 2396
2396 873 1129
1129 194 2907
2907 1523 469
469 3415 189
189 4321 12
12 505 783
783 1262 487
487 3729 1377
1377 1587 2636
2636 1065 1212
1212 3261 1057
1057 408 542
542 1844 567
567 2538 1731
1731 4886 313
313 1804 923
923 3011 2023
2023 1792 2103
104
1753 2316 2791
2791 1502 2463
2463 4469 2960
2960 3753 323
323 1818 2371
2371 2392 394
394 4529 243
243 1260 756
756 189 91
91 1356 2027
2027 1958 974
974 2261 1838
1838 2868 899
899 4062 1465
1465 1908 2190
2190 4819 71
71 391 2876
2876 2134 1187
1187 3476 2961
2961 2977 277
277 2532 1651
1651 4121 890
890 2814 1316
1316 2931 2245
2245 3715 1606
1606 3595 835
835 3304 2490
2490 3431 1111
1111 4394 1287
1287 3584 580
580 2325 1164
1164 1425 2407
2407 3677 1837
1837 3627 2357
2357 2591 2733
2733 4151 830
830 547 2294
2294 3690 509
509 3153 1280
1280 864 1790
1790 3566 212
212 4613 896
896 3803 2497
2497 1814 2922
2922 4601 1397
1397 2115 193
193 4218 894
894 3193 2669
2669 699 515
515 4753 2613
2613 4191 2751
2751 3555 396
396 2832 1039
1039 919 327
327 430 708
708 3232 1526
1526 1234 2197
2197 1683 2265
2265 587 2433
2433 1487 657
657 3755 2081
2081 1953 1600
1600 4124 709
709 1797 967
967 2628 1132
1132 4776 2949
2949 4050 2494
2494 478 2313
2313 836 1050
1050 4258 943
943 61 43
43 1584 2271
2271 270 2870
2870 4983 372
372 206 208
208 4409 165
165 379 1504
1504 2450 1652
1652 4643 2844
2844 4291 2575
2575 2471 1177
1177 4929 775
775 2428 2290
2290 434 376
376 227 1968
1968 3862 2573
2573 1835 2146
2146 4584 2677
2677 560 1072
1072 5011 2593
2593 3358 236
236 2574 2704
2704 1025 2727
2727 2705 1071
1071 4013 1864
1864 1702 1069
1069 2258 1384
1384 1783 2773
2773 2239 682
682 2999 1991
1991 16 1431
1431 509 2518
2518 3326 122
122 965 2103
102
1753 2563 2719
2719 3247 2504
2504 3139 1190
1190 3341 2405
2405 1948 2872
2872 458 1093
1093 219 1747
1747 916 688
688 4290 37
37 1166 1012
1012 690 1817
1817 3191 2307
2307 1200 2201
2201 2796 2195
2195 2765 2240
2240 706 564
564 477 883
883 2149 2005
2005 661 2033
2033 4223 598
598 2005 447
447 2820 1885
1885 4374 496
496 877 2692
2692 4692 1371
1371 2113 1319
1319 257 555
555 2858 2762
2762 1267 200
200 3384 2505
2505 2066 350
350 1620 435
435 4131 1516
1516 4964 420
420 513 858
858 4844 2691
2691 3634 2398
2398 680 2868
2868 1381 170
170 4633 2375
2375 4429 2337
2337 4962 14
14 730 2056
2056 3087 1741
1741 1528 793
793 4497 2295
2295 3661 1943
1943 807 1255
1255 2636 1265
1265 4610 2057
2057 1746 1119
1119 618 2378
2378 4200 444
444 2930 2193
2193 2503 1425
1425 3515 2384
2384 1213 1724
1724 3848 2085
2085 2740 2249
2249 4661 2241
2241 2030 935
935 3252 683
683 1902 814
814 4568 92
92 2573 1799
1799 443 490
490 927 634
634 4122 2205
2205 704 2092
2092 4679 2082
2082 638 545
545 3503 612
612 4353 2422
2422 2991 1735
1735 4939 1842
1842 2828 224
224 1634 2046
2046 1050 8
8 2359 2747
2747 4246 2428
2428 3513 669
669 2366 1826
1826 2658 531
531 101 2335
2335 3731 2768
2768 375 2781
2781 3131 132
132 2028 1686
1686 4105 847
847 3633 575
575 4730 2072
2072 199 2620
2620 2037 1975
1975 12 2298
2298 4330 2488
2488 973 1972
1972 3526 2800
2800 2750 2458
2458 685 1472
1472 3492 923
923 3618 1872
1872 1422 2103
108
1753 2959 1426
1426 4849 2355
2355 1178 1500
1500 3360 136
136 2861 2872
2872 2518 812
812 1371 893
893 3592 101
101 3724 1946
1946 4064 2307
2307 2949 2050
2050 2784 666
666 4183 45
45 4302 1900
1900 4611 2416
2416 3173 82
82 3921 2291
2291 2816 1171
1171 4617 1766
1766 734 452
452 4563 291
291 1571 2446
2446 1328 1762
1762 2570 558
558 585 555
555 3934 237
237 1680 1300
1300 2022 2278
2278 681 350
350 3823 2968
2968 4317 2816
2816 95 420
420 4177 1366
1366 4775 361
361 4265 2610
2610 3626 451
451 4349 2419
2419 4441 1942
1942 4499 1507
1507 2104 428
428 1250 260
260 3525 2647
2647 993 746
746 4112 2466
2466 4139 583
583 506 1211
1211 2759 1679
1679 1310 2411
2411 1641 1967
1967 4631 649
649 2198 2515
2515 1014 2070
2070 2236 2104
2104 1469 2914
2914 2350 86
86 4453 235
235 4600 360
360 4647 1220
1220 1449 1626
1626 182 2644
2644 3196 111
111 4206 1733
1733 2191 1174
1174 716 2247
2247 3468 1834
1834 4502 1201
1201 3784 268
268 2584 2185
2185 176 1959
1959 3625 2478
2478 1556 2885
2885 3357 1363
1363 562 1517
1517 3223 1729
1729 2867 1048
1048 4506 2215
2215 1107 1489
1489 337 2310
2310 242 342
342 1431 1602
1602 1318 2747
2747 4808 248
248 2634 1406
1406 418 980
980 2947 220
220 4079 185
185 438 463
463 3236 2594
2594 2265 2653
2653 4296 150
150 4054 1749
1749 2287 2706
2706 769 1453
1453 2001 644
644 4659 766
766 3203 2622
2622 127 2540
2540 2732 662
662 3327 1975
1975 3508 2
2 1865 1383
1383 425 1665
1665 753 187
187 1468 426
426 3025 658
658 2976 145
145 3818 2099
2099 3756 2103
104
1753 3322 2882
2882 1548 1411
1411 3095 183
183 2027 1977
1977 4261 981
981 4817 335
335 3323 614
614 1223 1850
1850 4281 214
214 2254 1386
1386 1092 1314
1314 4735 2174
2174 1671 1447
1447 4571 1509
1509 3894 656
656 4533 578
578 258 2401
2401 2626 2614
2614 4163 613
613 3768 530
530 4007 1815
1815 2031 948
948 4648 1595
1595 339 2059
2059 806 1906
1906 2970 492
492 4988 1642
1642 4194 856
856 4072 2892
2892 3927 2527
2527 4137 2311
2311 3308 2731
2731 4069 2608
2608 2535 543
543 948 1456
1456 3377 2209
2209 2214 1395
1395 3558 595
595 4391 1681
1681 4410 1423
1423 857 2473
2473 3938 1511
1511 2932 1403
1403 467 2745
2745 2983 1687
1687 3375 1210
1210 3336 1010
1010 1207 1486
1486 3267 2598
2598 659 2063
2063 183 2947
2947 2662 2057
2057 3727 1532
1532 3098 2378
2378 4331 1787
1787 4424 2093
2093 595 1215
1215 1513 1001
1001 3220 1617
1617 1976 2655
2655 885 840
840 1051 1055
1055 4498 2592
2592 890 2391
2391 4378 960
960 829 1367
1367 3156 1613
1613 2333 807
807 2218 298
298 3465 1100
1100 1149 529
529 3376 2327
2327 4676 9
9 3283 2389
2389 4995 1400
1400 646 1755
1755 4729 2364
2364 4636 737
737 770 870
870 672 2931
2931 3044 610
610 1111 1117
1117 3994 1695
1695 1532 1293
1293 1360 1934
1934 4204 2450
2450 2592 1106
1106 4972 1700
1700 2389 1635
1635 3483 1835
1835 3215 1467
1467 2332 1867
1867 1003 1457
1457 2617 2222
2222 1521 866
866 2277 727
727 2245 1768
1768 4153 2910
2910 1113 996
996 4254 1877
1877 4892 592
592 3255 434
434 1794 100
100 1276 2103
100
1753 3473 1407
1407 1534 673
673 3238 456
456 4553 1352
1352 213 25
25 3000 2705
2705 2568 614
614 1225 637
637 2583 2079
2079 2499 1813
1813 3002 640
640 3316 79
79 2942 2465
2465 251 1509
1509 4434 1394
1394 3134 578
578 2004 2227
2227 566 240
240 4838 1595
1595 3237 2875
2875 100 338
338 4327 549
549 1508 2851
2851 1841 1668
1668 3137 1213
1213 2322 929
929 4620 1553
1553 534 2084
2084 4871 1549
1549 4977 777
777 1646 4
4 180 501
501 4550 853
853 2379 724
724 3144 772
772 2753 1423
1423 3016 2784
2784 4270 843
843 3099 2288
2288 3675 53
53 1829 2748
2748 4310 794
794 880 2122
2122 1151 1251
1251 2751 868
868 3864 2758
2758 2433 1404
1404 2716 1422
1422 2521 2665
2665 3282 617
617 4377 430
430 3218 1054
1054 3840 699
699 3138 984
984 3581 800
800 2224 375
375 3794 216
216 1509 2114
2114 3472 728
728 4405 1408
1408 2365 1443
1443 999 725
725 1463 2935
2935 3481 738
738 2077 517
517 414 668
668 3491 1285
1285 3623 274
274 4686 2445
2445 971 605
605 4403 2574
2574 2213 2349
2349 144 959
959 1764 1960
1960 4018 1432
1432 1741 133
133 442 2179
2179 1965 116
116 2598 1588
1588 4439 2151
2151 2706 2531
2531 3842 2712
2712 2899 1302
1302 2275 2565
2565 2799 1298
1298 3248 906
906 4132 389
389 2269 1157
1157 154 2358
2358 2404 2666
2666 639 1268
1268 591 897
897 2739 163
163 2466 2301
2301 1975 2140
2140 3028 2010
2010 3009 2855
2855 3102 841
841 1715 169
169 4714 2103
