42
100
2591 198 1261
1261 4024 1152
1152 1770 1624
1624 5257 1920
1920 153 2004
2004 2765 1555
1555 1610 160
160 1134 620
620 3625 945
945 1560 762
762 6335 834
834 509 548
548 83 1263
1263 4965 2746
2746 1915 710
710 2162 356
356 1414 836
836 2876 913
913 2773 1958
1958 718 179
179 3046 2192
2192 1459 2152
2152 4303 472
472 1615 2413
2413 1781 442
442 380 2433
2433 1928 411
411 5384 901
901 1464 1529
1529 1430 979
979 697 1193
1193 4766 1513
1513 3034 1351
1351 420 1811
1811 2927 1818
1818 3566 2501
2501 2831 1069
1069 535 1671
1671 1145 1643
1643 2944 1145
1145 534 2380
2380 1927 1986
1986 4752 422
422 1836 1576
1576 680 1191
1191 3757 1705
1705 3181 25
25 4178 2020
2020 893 2670
2670 3039 857
857 2213 1118
1118 1266 728
728 2875 2766
2766 205 459
459 43 2685
2685 801 1606
1606 3952 2490
2490 5902 1262
1262 6856 570
570 2386 1702
1702 2165 189
189 2178 11
11 2604 273
273 1311 2561
2561 1742 815
815 3212 1357
1357 5655 1496
1496 966 2729
2729 488 1194
1194 993 92
92 2724 143
143 105 1981
1981 2196 616
616 2038 2343
2343 94 1411
1411 1939 1222
1222 4283 1043
1043 1549 41
41 4442 1121
1121 1298 1294
1294 3191 44
44 2089 2855
2855 456 1906
1906 3352 1417
1417 3284 1039
1039 845 950
950 4588 1026
1026 443 1337
1337 1447 83
83 5030 104
104 2077 2821
2821 4208 73
73 1709 891
891 543 2307
2307 90 969
969 1010 170
170 422 988
988 1226 1097
1097 644 2519
2519 126 258
100
2591 268 1100
1100 1518 277
277 333 824
824 1050 198
198 1223 1509
1509 5343 2682
2682 3391 2273
2273 1590 1988
1988 1038 1704
1704 777 2250
2250 5660 712
712 679 415
415 843 2794
2794 1568 1274
1274 4656 2940
2940 948 2121
2121 2242 2079
2079 216 843
843 1599 2268
2268 240 1797
1797 2550 2369
2369 1748 1942
1942 1978 2614
2614 3361 1749
1749 416 2728
2728 1564 334
334 38 2690
2690 3913 876
876 4708 449
449 2284 993
993 187 2510
2510 3076 88
88 4805 1323
1323 2623 1088
1088 881 1818
1818 4498 1996
1996 1476 340
340 640 2015
2015 1290 1009
1009 4285 22
22 4434 1072
1072 193 2477
2477 1681 430
430 988 2834
2834 1658 261
261 1151 1911
1911 658 62
62 4223 2463
2463 3112 131
131 2106 1096
1096 1099 2263
2263 3012 542
542 279 1888
1888 6560 2666
2666 1457 1268
1268 485 396
396 2791 1764
1764 4933 377
377 3192 1248
1248 447 2618
2618 3032 2606
2606 174 300
300 1159 2107
2107 2543 1699
1699 4061 1898
1898 1200 1987
1987 156 2391
2391 24 672
672 6351 2013
2013 1779 2371
2371 2576 1724
1724 5305 1001
1001 1800 989
989 1107 299
299 274 1534
1534 4231 1569
1569 2319 1562
1562 5538 226
226 57 781
781 2907 2880
2880 564 2934
2934 1805 2754
2754 1205 2664
2664 4206 648
648 1623 1039
1039 5834 2485
2485 2452 780
780 4069 2359
2359 661 849
849 6338 232
232 3759 1434
1434 2356 161
161 3404 1203
1203 1661 1761
1761 6549 2798
2798 258 2112
2112 2917 497
497 285 1878
1878 2563 1295
1295 4960 258
100
2591 292 2709
2709 1245 884
884 1542 1038
1038 2103 1358
1358 2071 2144
2144 2703 1445
1445 3428 2686
2686 3419 399
399 2547 1389
1389 4376 1447
1447 888 2171
2171 4270 548
548 3577 535
535 18 1557
1557 460 2082
2082 165 2863
2863 2017 1405
1405 738 913
913 5996 1338
1338 4 605
605 952 2386
2386 112 1181
1181 5375 1107
1107 4417 1400
1400 5991 1613
1613 4496 2684
2684 2243 2308
2308 3930 708
708 862 16
16 2252 609
609 4691 1831
1831 3379 2411
2411 2072 2219
2219 4086 1088
1088 2749 1739
1739 1163 257
257 1305 1304
1304 1545 1516
1516 309 684
684 3138 1861
1861 1389 2293
2293 98 1162
1162 1331 1592
1592 1644 1571
1571 607 150
150 2752 863
863 1244 1602
1602 391 385
385 1103 858
858 308 1172
1172 4749 2106
2106 4753 911
911 1626 2770
2770 6457 1317
1317 3297 1176
1176 2810 2593
2593 3054 304
304 1147 1616
1616 1377 2596
2596 300 2733
2733 3534 2274
2274 3660 1952
1952 4000 1429
1429 88 1867
1867 2462 2533
2533 6260 54
54 491 2315
2315 1152 1310
1310 780 2468
2468 181 1595
1595 334 1614
1614 579 2688
2688 2337 1281
1281 184 1218
1218 159 290
290 397 2459
2459 4066 2902
2902 8 2832
2832 747 2869
2869 218 287
287 2076 2439
2439 857 317
317 2014 2835
2835 232 8
8 4650 1309
1309 1252 825
825 3614 1449
1449 4006 326
326 354 275
275 1629 2603
2603 4387 795
795 1922 1895
1895 214 924
924 569 1371
1371 236 2691
2691 5971 225
225 4725 251
251 202 610
610 531 899
899 2816 258
100
2591 350 24
24 4912 2870
2870 5964 2034
2034 2740 1938
1938 5197 2707
2707 2209 2892
2892 6066 2148
2148 3047 1988
1988 3523 1227
1227 1826 2261
2261 1960 1079
1079 1019 2362
2362 4559 1129
1129 4269 875
875 1792 2454
2454 733 768
768 3188 2079
2079 1119 790
790 2485 1224
1224 344 2487
2487 797 2369
2369 6275 1393
1393 5780 1019
1019 519 1356
1356 2640 2796
2796 125 2215
2215 2258 520
520 188 1866
1866 3878 1591
1591 5461 1453
1453 1873 2510
2510 6533 1148
1148 2296 1323
1323 2630 782
782 1309 2523
2523 663 257
257 4859 1646
1646 4521 302
302 6799 1983
1983 2672 1955
1955 180 1999
1999 127 886
886 5827 422
422 5003 2738
2738 86 1325
1325 1507 881
881 2554 2339
2339 3456 2829
2829 2612 858
858 1595 1701
1701 721 374
374 1986 1823
1823 5412 2259
2259 2186 1684
1684 2344 1670
1670 276 1857
1857 2124 98
98 991 2719
2719 2624 316
316 4019 549
549 2756 2517
2517 2308 1629
1629 610 2304
2304 1471 2769
2769 2657 1200
1200 2634 2864
2864 6834 2710
2710 301 1784
1784 1246 2069
2069 119 2345
2345 745 2665
2665 2359 2724
2724 6593 861
861 520 2343
2343 3209 1343
1343 228 1752
1752 4169 772
772 2496 1688
1688 1495 707
707 2448 2577
2577 632 746
746 903 2482
2482 3387 2495
2495 5429 1735
1735 4457 1017
1017 150 621
621 1224 2570
2570 1274 496
496 3571 2644
2644 164 495
495 719 1434
1434 4537 341
341 3943 2444
2444 4974 107
107 623 2652
2652 4312 1949
1949 2316 817
817 1292 2184
2184 3557 2175
2175 1875 258
100
2591 358 418
418 2967 1725
1725 5047 758
758 2104 1528
1528 3343 2296
2296 1577 1856
1856 4092 427
427 290 2317
2317 722 59
59 1631 2156
2156 1276 462
462 3570 1438
1438 4047 1590
1590 830 1790
1790 4356 2021
2021 186 1409
1409 4290 2079
2079 5816 1873
1873 2248 1954
1954 2966 2396
2396 2513 1901
1901 709 1402
1402 101 1622
1622 2667 852
852 2368 1256
1256 475 1829
1829 2668 756
756 940 2839
2839 1657 372
372 710 733
733 4551 1825
1825 400 845
845 6492 1755
1755 1966 387
387 3840 2859
2859 4820 2398
2398 225 2310
2310 3588 1689
1689 676 898
898 1087 1140
1140 2971 1126
1126 482 69
69 2811 660
660 3867 1166
1166 803 1111
1111 4494 1732
1732 480 1300
1300 2897 860
860 1363 1868
1868 886 2354
2354 685 564
564 27 688
688 3909 690
690 248 1991
1991 5112 1871
1871 662 1710
1710 901 304
304 1604 1280
1280 2367 2951
2951 65 673
673 3061 2300
2300 1622 1282
1282 1063 2587
2587 399 647
647 265 927
927 1052 1785
1785 3042 2057
2057 1386 2169
2169 3408 2805
2805 1105 2130
2130 891 52
52 5458 2550
2550 349 1281
1281 3118 800
800 3025 2667
2667 3144 2611
2611 1275 2014
2014 3059 1465
1465 3071 2093
2093 2848 2012
2012 4760 2622
2622 3531 60
60 2116 2326
2326 4186 2515
2515 4789 188
188 1664 2599
2599 2534 2097
2097 342 1045
1045 2405 2890
2890 75 636
636 2317 1853
1853 451 2526
2526 1587 2092
2092 183 1879
1879 3868 2798
2798 1257 1596
1596 4165 1093
1093 828 555
555 1362 1731
1731 242 258
100
2591 470 2071
2071 4179 1675
1675 1023 324
324 2224 240
240 5067 1788
1788 2112 149
149 586 506
506 2227 862
862 4596 912
912 2430 2471
2471 2552 1117
1117 2363 517
517 2592 1758
1758 2193 2382
2382 1612 473
473 2536 1488
1488 1065 283
283 929 582
582 4254 2066
2066 597 194
194 3018 95
95 1943 1350
1350 499 2894
2894 749 2557
2557 1249 1751
1751 3662 2275
2275 3275 677
677 3328 1542
1542 71 2642
2642 3048 101
101 1164 1217
1217 2346 2607
2607 3500 1289
1289 5535 1584
1584 411 1716
1716 170 952
952 2506 2595
2595 1007 538
538 3424 1150
1150 1964 851
851 1173 1787
1787 823 1946
1946 4444 653
653 2569 2643
2643 1886 500
500 3199 2566
2566 734 2692
2692 4889 635
635 3256 1374
1374 686 2225
2225 2407 2416
2416 1026 87
87 798 1841
1841 3280 2091
2091 4435 589
589 3925 1990
1990 221 961
961 1444 526
526 203 102
102 1526 1577
1577 1669 2606
2606 5426 2573
2573 430 2379
2379 1240 1837
1837 246 1898
1898 2655 457
457 2029 2948
2948 5892 2969
2969 885 1887
1887 1812 227
227 2817 1407
1407 4510 1292
1292 2318 2030
2030 1287 29
29 805 1361
1361 702 2621
2621 3962 1043
1043 2176 2952
2952 108 1121
1121 2531 2448
2448 4032 1354
1354 882 2855
2855 1045 2664
2664 6538 2390
2390 102 1479
1479 5108 2518
2518 288 1026
1026 1078 773
773 144 670
670 1591 679
679 6300 2831
2831 3176 2204
2204 2933 1636
1636 3828 623
623 1423 2652
2652 4838 948
948 555 817
817 4390 1619
1619 841 2776
2776 1957 258
100
2591 507 915
915 1367 2870
2870 6430 824
824 1745 1938
1938 6930 2602
2602 6458 2826
2826 2800 1848
1848 500 2683
2683 4803 1196
1196 6745 829
829 45 2783
2783 6521 2560
2560 241 12
12 277 875
875 4981 1536
1536 116 1409
1409 5589 1941
1941 1496 1870
1870 3033 140
140 401 2592
2592 3160 1901
1901 5718 1773
1773 863 72
72 478 1206
1206 1192 1889
1889 1193 2009
2009 2777 1623
1623 665 2921
2921 26 372
372 5932 2521
2521 711 2838
2838 1395 657
657 541 1755
1755 2223 2443
2443 4020 373
373 729 2447
2447 2519 995
995 5004 757
757 584 898
898 3525 292
292 1923 2720
2720 2276 231
231 1676 553
553 5896 358
358 1765 156
156 1156 1490
1490 858 2164
2164 435 2129
2129 959 1238
1238 1798 2970
2970 6226 992
992 439 2537
2537 3953 1957
1957 6786 266
266 5929 543
543 3526 455
455 673 1620
1620 2070 146
146 5785 267
267 3354 2348
2348 4222 154
154 712 2286
2286 5477 2735
2735 1862 630
630 4286 2467
2467 737 1228
1228 2378 2508
2508 2491 738
738 4166 1237
1237 114 985
985 4077 2888
2888 5389 640
640 1608 1661
1661 3981 228
228 808 2563
2563 28 2459
2459 4484 1587
1587 2041 2492
2492 4771 510
510 382 287
287 6412 1426
1426 3931 2298
2298 1085 2574
2574 1707 1535
1535 4237 606
606 379 1858
1858 789 986
986 3939 2143
2143 3089 2403
2403 1196 638
638 2421 2123
2123 2388 696
696 1425 1160
1160 2255 395
395 1177 1828
1828 1030 2142
2142 3095 988
988 5970 957
957 848 2519
2519 5307 258
100
2591 601 1185
1185 2214 1850
1850 904 1352
1352 2374 530
530 973 2272
2272 1723 2478
2478 461 1717
1717 1132 1863
1863 3103 319
319 1253 2156
2156 6337 2367
2367 390 1935
1935 3986 2327
2327 3511 561
561 4618 2454
2454 4646 2613
2613 1353 2543
2543 2263 1870
1870 4534 2429
2429 1874 2396
2396 2841 1727
1727 1803 479
479 291 2160
2160 5076 978
978 2 2946
2946 1370 293
293 3009 2287
2287 417 371
371 1561 482
482 1250 2235
2235 1079 2520
2520 2306 1896
1896 1300 235
235 2768 531
531 1783 2363
2363 4273 878
878 395 903
903 3121 776
776 1202 315
315 1856 1685
1685 2566 778
778 677 1067
1067 1161 1155
1155 2529 75
75 3225 2937
2937 6772 1527
1527 682 2576
2576 1088 2349
2349 577 1932
1932 2642 1367
1367 2135 1973
1973 1221 2234
2234 3825 2173
2173 1804 2896
2896 528 1734
1734 3396 1297
1297 4478 177
177 2635 2697
2697 2267 683
683 346 2356
2356 20 2457
2457 753 1907
1907 357 1968
1968 2628 1102
1102 6082 622
622 3630 2424
2424 3057 576
576 68 2095
2095 2155 2077
2077 15 1028
1028 6143 1210
1210 6477 2529
2529 567 2532
2532 4288 1933
1933 467 766
766 4781 1569
1569 5312 175
175 4360 1904
1904 120 1609
1609 2636 1851
1851 2009 873
873 281 1720
1720 1979 2779
2779 6043 1881
1881 4315 79
79 1668 406
406 5529 1971
1971 2611 2143
2143 3815 2224
2224 5413 638
638 3164 2626
2626 1264 940
940 1046 2080
2080 816 522
522 2424 2005
2005 3649 1495
1495 1100 1560
1560 3320 2138
2138 3084 777
777 1025 258
100
2591 672 1962
1962 16 1725
1725 5483 105
105 4134 990
990 3244 286
286 2479 2774
2774 4311 1717
1717 3370 2188
2188 1843 59
59 2516 1763
1763 741 2367
2367 1954 1438
1438 5334 853
853 822 2028
2028 1336 68
68 6855 1642
1642 2282 1941
1941 6572 1918
1918 1451 955
955 1822 513
513 360 2702
2702 4649 1402
1402 5294 72
72 5766 187
187 2438 1256
1256 1128 2324
2324 3835 1239
1239 4481 761
761 6428 298
298 2152 2906
2906 1667 1825
1825 6490 237
237 2411 2840
2840 5369 1025
1025 1655 2859
2859 6200 2580
2580 2652 536
536 516 36
36 3658 2828
2828 1624 292
292 2433 1040
1040 1146 404
404 1999 1908
1908 1141 2777
2777 4026 156
156 6230 325
325 1492 2418
2418 4900 2129
2129 4124 1899
1899 600 1604
1604 1117 359
359 4936 688
688 4942 1919
1919 323 1953
1953 418 1176
1176 4053 1992
1992 5432 1249
1249 2864 1280
1280 3217 297
297 2254 764
764 3452 959
959 3628 946
946 22 1071
1071 6002 1950
1950 1121 594
594 1479 54
54 1828 1109
1109 1703 2179
2179 2754 2281
2281 1344 985
985 4718 2960
2960 1649 2550
2550 2283 2893
2893 4605 1218
1218 1705 1547
1547 1225 2687
2687 1562 774
774 2262 1137
1137 5089 2340
2340 554 2377
2377 1513 1487
1487 5783 2819
2819 1722 2701
2701 532 1254
1254 817 1433
1433 2739 214
214 2150 1276
1276 370 2919
2919 3948 2072
2072 1573 1306
1306 6667 2704
2704 1337 1895
1895 2050 1432
1432 1726 108
108 1233 1925
1925 223 2211
2211 2632 1074
1074 4332 2479
2479 782 2431
2431 4310 258
100
2591 840 915
915 6833 277
277 5558 296
296 2154 2288
2288 2720 1509
1509 5859 2892
2892 6727 1681
1681 335 1290
1290 521 2764
2764 2073 2261
2261 2585 366
366 2489 2362
2362 5010 2794
2794 3770 685
685 2701 2940
2940 1427 333
333 582 1161
1161 3866 741
741 809 1865
1865 46 1423
1423 6078 238
238 168 289
289 2093 726
726 3606 1749
1749 2475 788
788 2180 1520
1520 1077 573
573 2700 1866
1866 4440 449
449 5479 2598
2598 1486 932
932 735 2332
2332 804 376
376 4359 1091
1091 5133 1572
1572 3289 2852
2852 1155 792
792 3489 1516
1516 6205 64
64 93 409
409 4585 1214
1214 109 69
69 4515 1669
1669 339 2929
2929 1294 150
150 3169 809
809 2002 447
447 3442 2376
2376 3300 1868
1868 1678 1740
1740 1852 1157
1157 2443 2137
2137 296 763
763 194 1795
1795 2770 2871
2871 972 1253
1253 1769 997
997 690 947
947 691 1597
1597 814 673
673 4182 959
959 3926 2811
2811 2096 2202
2202 2373 1703
1703 1910 594
594 2410 498
498 2156 1245
1245 2659 1310
1310 1383 2805
2805 3921 1595
1595 5443 1900
1900 2993 410
410 1011 14
14 1237 2065
2065 4539 2667
2667 3309 2687
2687 4334 2412
2412 2871 2832
2832 2535 1130
1130 627 808
808 2687 1334
1334 4278 343
343 1461 618
618 4140 2750
2750 3789 2882
2882 1130 214
214 4741 739
739 80 2919
2919 4499 50
50 264 2393
2393 388 795
795 2892 1391
1391 3 1432
1432 5002 35
35 4625 1925
1925 1659 502
502 899 2059
2059 958 2084
2084 6103 2748
2748 1972 258
100
2591 1064 1443
1443 2436 2653
2653 611 1624
1624 5741 1864
1864 2183 2004
2004 5403 1175
1175 402 160
160 1509 399
399 3265 2212
2212 2241 1447
1447 1482 2337
2337 3365 2659
2659 5157 1132
1132 3355 933
933 984 822
822 3426 419
419 3681 1697
1697 278 590
590 3881 215
215 5708 1800
1800 2053 2167
2167 2702 2861
2861 1191 574
574 3359 2233
2233 1277 1838
1838 3062 13
13 199 205
205 1907 1859
1859 1269 1886
1886 1832 560
560 620 206
206 2608 869
869 1820 182
182 772 754
754 1197 2900
2900 2208 2649
2649 2835 518
518 224 1114
1114 1714 1744
1744 2847 1477
1477 1435 162
162 1620 675
675 72 1663
1663 915 2132
2132 2954 500
500 3435 2620
2620 3678 2154
2154 3007 2947
2947 235 2765
2765 1229 99
99 2345 671
671 1093 87
87 4426 907
907 5239 525
525 3556 476
476 1166 1778
1778 1463 1406
1406 4711 1020
1020 2829 102
102 5955 1440
1440 3483 2405
2405 302 1184
1184 4808 2201
2201 2662 2923
2923 1189 622
622 5657 1647
1647 5254 1482
1482 699 1726
1726 2665 2758
2758 3074 1154
1154 394 1164
1164 5088 1473
1473 4397 1585
1585 2997 345
345 3900 2856
2856 1847 1311
1311 3304 1247
1247 4854 40
40 1702 10
10 2854 1462
1462 3158 1354
1354 6379 475
475 4298 323
323 4598 2662
2662 328 1762
1762 990 1780
1780 191 1278
1278 1931 2949
2949 847 1368
1368 5933 1296
1296 1432 2817
2817 887 382
382 2101 1203
1203 2824 252
252 2160 1384
1384 433 1596
1596 4301 1165
1165 2888 2395
2395 5063 1295
1295 5391 258
100
2591 1206 78
78 3250 405
405 941 6
6 1171 221
221 1510 934
934 63 1383
1383 693 506
506 3804 1874
1874 177 930
930 352 994
994 742 437
437 2429 917
917 2583 1667
1667 975 1745
1745 4793 224
224 3541 2509
2509 3386 2568
2568 1991 977
977 1466 2
2 2055 1366
1366 1179 1457
1457 269 1625
1625 1176 1959
1959 754 978
978 5681 2323
2323 1291 1171
1171 1855 2944
2944 917 2839
2839 6805 298
298 4847 733
733 4692 2838
2838 5963 964
964 3416 2840
2840 5401 2677
2677 558 2635
2635 5811 2580
2580 5143 1463
1463 2477 1631
1631 151 895
895 1603 1110
1110 807 1287
1287 698 116
116 752 2094
2094 330 1754
1754 2761 998
998 5746 1275
1275 2387 86
86 635 1388
1388 2257 505
505 641 701
701 2857 2723
2723 5592 1605
1605 2383 759
759 3113 1205
1205 5948 1133
1133 2548 2505
2505 2273 1682
1682 1022 28
28 3270 1050
1050 4050 1379
1379 3744 2972
2972 5475 2458
2458 542 82
82 994 841
841 1053 2876
2876 678 533
533 1959 1524
1524 3366 2217
2217 6455 2780
2780 410 1607
1607 2799 550
550 664 2529
2529 4593 2628
2628 2269 1933
1933 2052 1534
1534 4651 2950
2950 1809 339
339 3877 1972
1972 2787 953
953 2453 1294
1294 6039 1993
1993 1037 475
475 6758 1030
1030 1356 1190
1190 2439 1064
1064 5723 2485
2485 3734 830
830 2948 1849
1849 1195 670
670 2820 2790
2790 4212 1540
1540 1730 2174
2174 602 1636
1636 4566 2307
2307 234 1678
1678 5025 799
799 778 1816
1816 1905 957
957 3727 820
820 1680 258
100
2591 1208 2226
2226 1732 405
405 2332 1693
1693 1768 2737
2737 1436 230
230 2075 1128
1128 5424 2727
2727 4256 2858
2858 942 2449
2449 1139 2435
2435 3248 1733
1733 1673 546
546 2603 649
649 1066 2161
2161 3260 1412
1412 5122 1485
1485 1412 7
7 1213 1207
1207 799 2309
2309 1366 2400
2400 5101 2216
2216 1640 588
588 3824 1124
1124 66 169
169 2126 2693
2693 4661 138
138 879 612
612 1174 1706
1706 1217 2360
2360 4669 2786
2786 980 1802
1802 2493 451
451 905 1531
1531 4402 730
730 2211 1235
1235 4023 255
255 1575 1559
1559 2851 538
538 3959 2630
2630 1327 1846
1846 776 2190
2190 1531 1946
1946 6109 2962
2962 145 493
493 121 625
625 956 1240
1240 4855 1179
1179 326 2105
2105 2951 2765
2765 2766 603
603 40 929
929 1635 2647
2647 855 458
458 1323 525
525 5936 589
589 5781 1327
1327 2819 961
961 2711 1020
1020 3316 1929
1929 419 1577
1577 4680 2232
2232 5145 2200
2200 1434 2107
2107 4773 1837
1837 3321 658
658 1696 457
457 3819 2269
2269 997 672
672 6378 112
112 3136 1909
1909 1306 1407
1407 6061 294
294 209 2825
2825 2973 342
342 1971 2763
2763 1552 56
56 458 1247
1247 5224 807
807 4990 953
953 6086 1618
1618 118 44
44 5105 1394
1394 3449 2058
2058 2338 648
648 5053 1807
1807 5027 893
893 5982 1159
1159 2984 1120
1120 1002 812
812 1908 870
870 1488 2133
2133 5201 744
744 415 2641
2641 74 431
431 2794 2241
2241 137 949
949 3758 1149
1149 1725 1236
1236 3050 1882
1882 1261 258
100
2591 1210 2709
2709 4540 619
619 2195 818
818 149 2741
2741 3402 445
445 4998 765
765 1372 71
71 1182 1134
1134 4314 2751
2751 748 2605
2605 3200 384
384 2100 2267
2267 426 1132
1132 3414 2544
2544 1373 1412
1412 5750 419
419 5585 7
7 6163 1198
1198 5056 2309
2309 2753 1800
1800 4405 1049
1049 3085 2861
2861 2339 484
484 377 2233
2233 5599 718
718 5888 407
407 2914 205
205 4746 1730
1730 4404 2616
2616 5729 1574
1574 1042 751
751 207 2850
2850 3036 1396
1396 6141 2116
2116 1949 1803
1803 781 2311
2311 1993 1559
1559 4313 1615
1615 588 583
583 954 2548
2548 4732 2190
2190 2664 2885
2885 303 1628
1628 508 493
493 5620 500
500 6852 2252
2252 4395 753
753 5509 1532
1532 775 1075
1075 2987 1737
1737 696 1869
1869 211 134
134 89 1888
1888 6903 1139
1139 969 1268
1268 3470 115
115 2427 767
767 1656 377
377 6732 1929
1929 6403 2618
2618 5647 2809
2809 3149 2573
2573 5667 1721
1721 4159 879
879 3576 664
664 3421 1987
1987 496 2522
2522 2219 1369
1369 2902 2551
2551 4127 92
92 4845 557
557 3748 1292
1292 3528 1650
1650 3368 29
29 5492 1408
1408 2587 1222
1222 5330 417
417 1974 141
141 2352 1563
1563 2842 1565
1565 1961 1333
1333 2000 2597
2597 260 1894
1894 951 1735
1735 4468 1762
1762 1547 1230
1230 1634 749
749 631 496
496 3722 1368
1368 6448 2249
2249 1858 1270
1270 5066 382
382 2803 2092
2092 3875 1880
1880 1750 2798
2798 1749 2671
2671 826 1165
1165 6274 2842
2842 511 1834
1834 821 258
100
2591 1296 2172
2172 546 2653
2653 1952 694
694 920 1036
1036 3512 562
562 970 2438
2438 875 1500
1500 842 637
637 2792 2555
2555 1472 1447
1447 5470 2872
2872 769 128
128 4745 2330
2330 295 2025
2025 3723 1446
1446 5805 1554
1554 1592 383
383 110 926
926 1123 2497
2497 3985 179
179 3627 219
219 2057 509
509 136 2312
2312 50 2908
2908 1020 442
442 4246 403
403 3488 2440
2440 638 2525
2525 967 1529
1529 3377 2648
2648 2065 1193
1193 6287 1655
1655 2157 103
103 594 2089
2089 3044 1695
1695 146 311
311 1651 89
89 2078 2782
2782 3639 674
674 2978 393
393 481 2788
2788 3529 2477
2477 3496 1106
1106 4213 1589
1589 3132 2836
2836 1628 982
982 305 25
25 6408 2301
2301 1491 2670
2670 5610 2862
2862 4630 1118
1118 6616 1842
1842 3732 1550
1550 13 1183
1183 1006 1468
1468 3088 689
689 1167 171
171 1017 894
894 1418 2017
2017 3016 1702
1702 4513 2608
2608 1753 1691
1691 1813 273
273 4389 879
879 6766 21
21 483 1357
1357 5874 521
521 1144 2729
2729 2584 2874
2874 140 288
288 668 803
803 1170 191
191 1701 861
861 3014 163
163 4088 433
433 6909 2797
2797 5722 492
492 1571 141
141 5675 1077
1077 5683 1565
1565 5995 1208
1208 3924 2597
2597 2402 1251
1251 5430 190
190 4010 1241
1241 3407 621
621 1793 749
749 1780 58
58 84 2778
2778 6603 636
636 4592 1270
1270 6026 1854
1854 4085 1203
1203 4908 1879
1879 4345 1694
1694 1833 1746
1746 6674 497
497 3194 2395
2395 5938 1834
1834 4800 258
100
2591 1312 1100
1100 1811 2205
2205 1493 296
296 6574 1960
1960 5017 1509
1509 6964 217
217 614 196
196 2159 119
119 250 880
880 6463 2755
2755 922 1979
1979 1015 19
19 1733 1342
1342 175 1626
1626 1110 2847
2847 832 572
572 2840 200
200 1481 1285
1285 4695 921
921 378 464
464 239 2897
2897 2172 289
289 6138 2614
2614 4762 826
826 3140 2158
2158 2036 334
334 6583 573
573 5556 876
876 5814 2698
2698 794 609
609 5898 1770
1770 6 88
88 6509 1526
1526 1795 782
782 4461 354
354 2834 1523
1523 656 1875
1875 273 1501
1501 1243 64
64 5692 1861
1861 1784 1999
1999 5810 1162
1162 5113 2785
2785 1293 1571
1571 2654 1474
1474 142 120
120 533 1602
1602 625 2571
2571 3898 1456
1456 1408 1172
1172 6063 374
374 6202 434
434 78 2199
2199 14 1506
1506 2370 1742
1742 1719 700
700 1677 997
997 1111 1923
1923 2016 1597
1597 3888 764
764 4262 2313
2313 6659 946
946 2358 2202
2202 4878 2939
2939 670 928
928 7 2270
2270 946 330
330 2272 2292
2292 2685 2290
2290 603 2002
2002 999 1330
1330 64 1226
1226 5158 2933
2933 3646 1054
1054 2716 2833
2833 604 2331
2331 2190 742
742 1857 1060
1060 3822 2093
2093 6161 2109
2109 2644 680
680 1126 60
60 5008 1186
1186 3258 183
183 750 556
556 2049 344
344 1160 749
749 4696 1692
1692 2422 2890
2890 421 264
264 1209 2800
2800 4687 1365
1365 3381 811
811 939 2452
2452 4443 2955
2955 872 225
225 5519 1926
1926 3503 610
610 5837 2007
2007 2259 258
100
2591 1328 628
628 3911 2336
2336 827 694
694 2586 1864
1864 3167 1219
1219 407 2678
2678 6445 135
135 267 966
966 3162 945
945 3563 1974
1974 251 2171
2171 6216 357
357 3105 2421
2421 2204 661
661 1861 710
710 3524 66
66 2560 383
383 1027 1549
1549 647 2497
2497 5282 1551
1551 1652 2696
2696 2205 2364
2364 441 1107
1107 5497 2609
2609 6292 975
975 1919 2061
2061 4458 411
411 6016 2525
2525 2063 53
53 674 2271
2271 1410 914
914 1489 662
662 3422 1531
1531 4514 2089
2089 4340 2374
2374 6681 1335
1335 756 951
951 4200 2782
2782 4881 962
962 1199 67
67 4949 1967
1967 4647 2885
2885 3346 692
692 1697 2182
2182 1405 261
261 1988 770
770 431 408
408 4557 810
810 921 1601
1601 452 2420
2420 3069 2198
2198 5860 1234
1234 3457 1353
1353 4336 1139
1139 5768 2011
2011 1790 980
980 4754 2016
2016 2942 894
894 1639 2414
2414 1364 549
549 3772 896
896 3504 1629
1629 1178 1450
1450 362 1326
1326 953 197
197 726 201
201 6368 699
699 2088 1747
1747 1216 249
249 506 2002
2002 1062 2722
2722 2994 191
191 2328 1329
1329 548 2316
2316 2525 1343
1343 757 721
721 2581 492
492 5788 126
126 2678 1563
1563 5621 2904
2904 2298 2248
2248 1074 216
216 1699 2450
2450 4033 2662
2662 5632 1241
1241 4731 1780
1780 1746 2570
2570 5399 2949
2949 4545 2644
2644 2187 2249
2249 2279 2159
2159 4423 1854
1854 5266 468
468 3937 1914
1914 5689 2236
2236 1554 1700
1700 923 1023
1023 3153 555
555 2220 524
524 1035 258
100
2591 1690 1363
1363 2127 2279
2279 131 1452
1452 2380 1765
1765 4701 1975
1975 3380 1514
1514 247 698
698 504 119
119 2037 1704
1704 2333 981
981 3564 366
366 6304 253
253 5879 416
416 1715 685
685 3622 1638
1638 792 333
333 1376 247
247 2225 741
741 2594 2480
2480 957 1940
1940 3873 2120
2120 944 2388
2388 389 2118
2118 1442 515
515 2175 2158
2158 3413 2215
2215 2903 2736
2736 3438 650
650 925 1567
1567 1448 1872
1872 2969 967
967 52 657
657 1049 2397
2397 1831 1806
1806 5668 222
222 33 2852
2852 4608 1809
1809 1004 1522
1522 4162 412
412 1391 2365
2365 3768 1214
1214 2885 1594
1594 856 1669
1669 5924 1166
1166 4602 2008
2008 6867 2427
2427 3549 1300
1300 5106 280
280 2684 1839
1839 4819 2911
2911 91 564
564 306 2137
2137 1578 2770
2770 6495 2381
2381 1942 1742
1742 1772 1253
1253 5512 2361
2361 556 947
947 6117 297
297 3128 2451
2451 683 2274
2274 6488 2903
2903 1467 1429
1429 3466 1502
1502 1555 2467
2467 2197 2209
2209 453 2508
2508 3837 446
446 2681 2291
2291 671 2462
2462 3037 168
168 2899 2700
2700 1834 1738
1738 1054 186
186 1083 352
352 3836 1600
1600 3302 1012
1012 6612 569
569 3532 1767
1767 2302 91
91 6898 1087
1087 932 1812
1812 2595 1204
1204 1033 1881
1881 6895 1041
1041 1537 406
406 6164 2851
2851 4807 2945
2945 1815 295
295 2574 369
369 5928 2133
2133 5289 2466
2466 2670 1160
1160 2963 431
431 6132 313
313 1517 1570
1570 4217 2194
2194 256 1097
1097 3393 2776
2776 3427 258
100
2591 2253 243
243 167 2237
2237 2120 1757
1757 4155 2288
2288 2731 642
642 317 217
217 3469 2273
2273 3447 119
119 6500 2764
2764 5764 981
981 4446 2669
2669 2229 253
253 6818 2119
2119 3747 685
685 3857 2050
2050 67 768
768 3683 1977
1977 2691 2338
2338 2286 1224
1224 591 1827
1827 883 2954
2954 3687 1773
1773 5409 1403
1403 1618 1206
1206 1566 1082
1082 5709 2075
2075 1903 1833
1833 321 650
650 2399 1073
1073 1003 2598
2598 6264 2335
2335 985 1104
1104 3762 1526
1526 1937 2558
2558 3733 312
312 477 2501
2501 4541 1451
1451 916 321
321 839 2695
2695 4556 309
309 1758 2380
2380 5863 2078
2078 2658 900
900 996 46
46 5163 2898
2898 3020 1705
1705 3642 174
174 4036 2829
2829 3845 1491
1491 2322 1701
1701 6271 2455
2455 1835 728
728 3599 1550
1550 1666 2813
2813 3092 465
465 4271 508
508 37 1231
1231 5322 908
908 2974 1471
1471 622 276
276 4894 644
644 1598 301
301 2147 2304
2304 3013 716
716 684 197
197 2484 804
804 503 330
330 2334 769
769 5388 2957
2957 784 245
245 3620 2703
2703 1760 2559
2559 5286 626
626 3108 800
800 5414 566
566 5212 2857
2857 1497 2265
2265 5984 2492
2492 5422 1130
1130 6995 2732
2732 5871 2439
2439 2946 2819
2819 4143 2731
2731 566 1845
1845 2464 2456
2456 2087 2625
2625 1426 2801
2801 666 1022
1022 1584 1916
1916 5603 2632
2632 1882 1422
1422 2617 2357
2357 2139 2406
2406 124 148
148 701 1288
1288 2305 332
332 618 1897
1897 3175 752
752 201 899
899 3502 258
100
2591 2300 628
628 6956 2279
2279 6731 1533
1533 884 1539
1539 4030 562
562 1506 355
355 2790 1760
1760 4410 544
544 1735 1922
1922 1061 2037
2037 3663 2868
2868 989 19
19 6251 2140
2140 3363 2705
2705 806 1588
1588 1284 166
166 2843 1161
1161 3974 250
250 4173 2268
2268 1551 2487
2487 4013 238
238 4867 1942
1942 5170 539
539 3999 466
466 853 1889
1889 3781 1561
1561 4849 2736
2736 4381 1676
1676 298 1192
1192 2497 734
734 1880 164
164 49 1215
1215 2281 624
624 2130 1307
1307 1686 571
571 3629 2852
2852 5295 1035
1035 524 1522
1522 6070 2464
2464 1868 2484
2484 4926 2617
2617 3249 443
443 3796 2502
2502 463 904
904 688 2792
2792 2893 325
325 6837 2164
2164 1396 467
467 1503 1238
1238 5614 1291
1291 2915 423
423 3464 123
123 81 2210
2210 5460 266
266 6910 2320
2320 3474 2512
2512 2066 39
39 1384 827
827 318 1000
1000 2697 2039
2039 6110 154
154 1169 2928
2928 25 2610
2610 1743 2655
2655 3026 2222
2222 3624 1627
1627 743 1076
1076 2080 1341
1341 322 1712
1712 1839 2462
2462 4684 922
922 310 838
838 3833 1738
1738 3497 2511
2511 3262 2419
2419 31 1558
1558 1446 2038
2038 6224 1598
1598 3102 1312
1312 581 2385
2385 1310 370
370 2941 1521
1521 2384 2822
2822 249 1891
1891 943 1034
1034 3462 2518
2518 4230 1927
1927 5979 1690
1690 4599 554
554 3311 1890
1890 3585 719
719 818 2240
2240 4648 1160
1160 5685 2318
2318 230 2586
2586 469 1047
1047 1969 597
597 553 923
923 4674 2713
2713 1299 258
100
2591 2347 2619
2619 1876 388
388 6194 919
919 4428 2741
2741 6019 613
613 3725 1445
1445 5248 1715
1715 2222 2409
2409 1297 2212
2212 4046 2102
2102 6027 499
499 5555 2267
2267 2025 729
729 6084 2025
2025 5396 1138
1138 1089 356
356 3803 2229
2229 219 926
926 1131 1958
1958 3432 2773
2773 6387 2696
2696 4712 2152
2152 4939 151
151 176 2413
2413 3126 1530
1530 3568 2433
2433 4774 714
714 1529 708
708 3894 1098
1098 436 979
979 3157 1831
1831 5724 1513
1513 4572 1718
1718 1980 1832
1832 5228 1781
1781 2855 823
823 17 2507
2507 369 1448
1448 2696 674
674 3879 1381
1381 1967 2788
2788 6564 786
786 1325 1586
1586 2287 2182
2182 6191 1376
1376 5352 1911
1911 3024 1179
1179 1830 2463
2463 4571 2968
2968 5417 603
603 1098 1869
1869 4130 542
542 1870 663
663 2905 868
868 4697 2011
2011 6318 2942
2942 1688 2085
2085 2465 599
599 2923 1360
1360 286 1577
1577 5532 2539
2539 1340 976
976 4170 1721
1721 4207 1699
1699 4211 658
658 5155 1987
1987 5011 2948
2948 6643 210
210 3397 1573
1573 1168 227
227 6776 81
81 3990 1292
1292 4750 702
702 3851 2712
2712 3165 2856
2856 7010 56
56 4997 339
339 3997 40
40 4604 2927
2927 1543 2880
2880 6937 2627
2627 3765 2754
2754 3332 2058
2058 4486 973
973 2351 1807
1807 5557 2518
2518 6011 1159
1159 6301 773
773 272 1046
1046 5164 263
263 5998 906
906 714 73
73 4260 2909
2909 4232 395
395 2861 1635
1635 1475 1570
1570 6744 2264
2264 6347 2168
2168 1871 1390
1390 363 258
100
2591 2416 2071
2071 5070 2024
2024 3580 1478
1478 99 1862
1862 2233 1788
1788 4120 2115
2115 1819 1424
1424 2601 1094
1094 2546 2751
2751 1823 2435
2435 5999 607
607 3231 1566
1566 427 1758
1758 4257 1517
1517 2553 999
999 259 2791
2791 2146 180
180 3880 1229
1229 1884 241
241 536 2803
2803 2804 527
527 628 100
100 1911 1419
1419 573 2730
2730 1869 1838
1838 4875 407
407 4895 361
361 561 1730
1730 6210 2545
2545 226 596
596 1670 1802
1802 3482 662
662 3665 2849
2849 2309 2590
2590 1181 1695
1695 3423 823
823 4506 951
951 5125 1448
1448 3591 2865
2865 1892 393
393 5858 1817
1817 2469 1252
1252 1586 1586
1586 6467 2834
2834 2744 2352
2352 2039 2321
2321 955 1948
1948 3291 798
798 1494 1070
1070 2533 2862
2862 6494 2455
2455 2518 1823
1823 5943 2766
2766 560 2953
2953 550 984
984 1706 833
833 1863 2103
2103 1740 894
894 2442 916
916 5850 2150
2150 2294 896
896 4267 819
819 3369 1315
1315 1458 1326
1326 1589 1200
1200 5467 201
201 6715 2661
2661 1014 2292
2292 3674 1377
1377 660 239
239 2472 1900
1900 5016 1581
1581 5997 626
626 6097 968
968 61 2833
2833 2114 2186
2186 2778 774
774 4361 2461
2461 133 2916
2916 6223 2474
2474 3494 697
697 3961 2588
2588 928 2731
2731 2931 1254
1254 2986 2456
2456 5000 1259
1259 4261 348
348 1530 2879
2879 287 275
275 6029 2165
2165 2822 268
268 3063 1819
1819 1417 2244
2244 1744 1612
1612 2930 2101
2101 115 2211
2211 4012 2743
2743 694 199
199 545 1101
1101 351 258
100
2591 2445 1363
1363 3521 1492
1492 106 694
694 6809 1539
1539 4082 18
18 1040 1555
1555 3515 1830
1830 3406 399
399 6499 2555
2555 2348 1974
1974 1946 834
834 2264 1135
1135 2458 2392
2392 849 1146
1146 518 2847
2847 3326 2863
2863 4400 651
651 3271 2351
2351 1125 1486
1486 3099 706
706 406 1930
1930 29 2163
2163 1031 2118
2118 2673 2346
2346 4080 2728
2728 4028 470
470 4904 2308
2308 5561 1649
1649 1902 2698
2698 2837 1453
1453 5700 1770
1770 1421 1148
1148 6931 676
676 3129 2966
2966 6037 1818
1818 4601 1061
1061 62 1451
1451 3353 1671
1671 5975 2695
2695 5642 1660
1660 4734 1634
1634 5817 1029
1029 5128 1106
1106 5583 1410
1410 2639 2352
2352 6429 2734
2734 2867 1430
1430 2952 798
798 5277 328
328 1420 1538
1538 3314 80
80 2597 1370
1370 3114 2277
2277 3667 1183
1183 5503 2104
2104 4955 1606
1606 4897 2016
2016 5061 192
192 6162 2017
2017 5554 2150
2150 5651 2913
2913 311 1042
1042 3973 63
63 1057 1580
1580 2889 1319
1319 2764 2873
2873 347 2710
2710 4799 944
944 2872 249
249 6123 193
193 2802 1330
1330 977 1494
1494 479 2128
2128 141 1293
1293 5930 2716
2716 6319 1483
1483 908 1264
1264 1188 1969
1969 1789 2040
2040 4035 51
51 1289 265
265 3448 1782
1782 3344 367
367 494 1344
1344 4665 188
188 2671 1243
1243 1322 375
375 5059 448
448 432 2528
2528 4464 490
490 4197 2800
2800 5223 1355
1355 97 1427
1427 446 1380
1380 736 2691
2691 6038 1441
1441 1519 905
905 1239 2084
2084 6961 2007
2007 4843 258
100
2591 2503 1963
1963 764 1736
1736 2557 758
758 3891 990
990 3771 2372
2372 2295 2478
2478 3610 1722
1722 122 2535
2535 654 59
59 4214 1756
1756 5130 462
462 7034 1912
1912 3550 1345
1345 517 2028
2028 2376 310
310 1776 2961
2961 1600 717
717 5265 977
977 2825 1902
1902 1101 918
918 2988 2239
2239 3717 1085
1085 1934 724
724 968 2111
2111 5716 195
195 3405 2282
2282 5319 890
890 2163 1743
1743 23 1170
1170 4640 560
560 5247 165
165 1785 869
869 2185 2113
2113 6673 308
308 2968 1544
1544 4870 939
939 76 518
518 5921 776
776 2919 1893
1893 902 1189
1189 4161 2195
2195 1827 2795
2795 4238 1006
1006 3842 75
75 5672 2410
2410 4930 1976
1976 471 2886
2886 1371 159
159 774 1603
1603 1893 2225
2225 6531 1973
1973 6518 1719
1719 1559 322
322 1059 1324
1324 2593 987
987 5083 541
541 3589 1055
1055 2201 1301
1301 669 1050
1050 5142 2019
2019 3425 1065
1065 2013 2099
2099 2725 429
429 1321 2538
2538 3472 2640
2640 403 2145
2145 982 1378
1378 2579 1341
1341 2142 31
31 720 2572
2572 495 922
922 3690 1931
1931 1286 2488
2488 154 186
186 5862 2419
2419 2454 1600
1600 4245 523
523 790 260
260 171 1767
1767 3486 937
937 4153 262
262 4220 1122
1122 810 1204
1204 1441 2806
2806 1794 2375
2375 522 3
3 2094 2851
2851 7024 1515
1515 3259 2224
2224 6637 369
369 6943 2401
2401 2679 1180
1180 3800 2641
2641 1036 711
711 1204 2586
2586 3367 65
65 791 1321
1321 87 2168
2168 4967 2713
2713 2148 258
100
2591 2736 176
176 100 884
884 3980 1493
1493 974 1375
1375 1222 2531
2531 2852 2115
2115 3677 1713
1713 3519 862
862 5272 392
392 1056 1399
1399 768 1698
1698 4039 517
517 4259 2742
2742 1824 2382
2382 4996 960
960 2202 722
722 497 172
172 6586 977
977 6911 318
318 3636 918
918 5232 1457
1457 2733 1085
1085 2018 2139
2139 1695 885
885 30 958
958 6546 2807
2807 4176 2088
2088 3818 1743
1743 254 397
397 1343 1656
1656 3130 972
972 707 897
897 1925 441
441 825 996
996 1704 2708
2708 1848 1593
1593 2467 2366
2366 69 425
425 912 895
895 2366 420
420 2027 2053
2053 1076 116
116 3411 943
943 744 1984
1984 6058 1068
1068 1851 1527
1527 5303 2465
2465 501 847
847 3546 1932
1932 4002 436
436 492 2536
2536 6547 1645
1645 6207 759
759 3946 463
463 557 1015
1015 6046 2505
2505 2939 602
602 1071 1362
1362 1557 1050
1050 5390 1545
1545 2666 1065
1065 2935 2256
2256 642 429
429 3810 1418
1418 457 2222
2222 6831 2936
2936 621 1378
1378 4913 2213
2213 5119 2958
2958 5830 85
85 6553 17
17 262 2266
2266 6622 2714
2714 2782 2639
2639 1429 991
991 4205 1510
1510 1992 2675
2675 2377 920
920 2171 540
540 6626 808
808 5449 595
595 850 317
317 4079 618
618 5339 1535
1535 6841 2579
2579 1449 1113
1113 2779 750
750 4480 2726
2726 1983 643
643 4041 2393
2393 6604 1211
1211 85 1819
1819 1522 2355
2355 4224 483
483 135 1644
1644 1606 608
608 2774 1560
1560 3692 747
747 811 2431
2431 4632 258
100
2591 2742 2446
2446 1900 2258
2258 440 2472
2472 2806 1250
1250 304 2001
2001 854 2303
2303 549 2445
2445 6682 1083
1083 571 1768
1768 386 2037
2037 6056 712
712 3123 600
600 3104 181
181 4289 1921
1921 3232 1588
1588 4668 211
211 1465 200
200 4664 2350
2350 2449 1486
1486 4300 1728
1728 1044 248
248 2067 2524
2524 155 1794
1794 1932 1400
1400 6401 975
975 3929 713
713 1295 2308
2308 6631 1814
1814 4968 16
16 6021 979
979 4164 2280
2280 3307 1655
1655 6377 1351
1351 1339 580
580 5168 2278
2278 2401 1996
1996 2420 1213
1213 35 715
715 2602 1009
1009 6365 1381
1381 2813 1817
1817 6865 844
844 5540 2328
2328 876 2834
2834 6051 1677
1677 2926 2734
2734 4742 408
408 6797 2527
2527 727 328
328 1764 2223
2223 1070 2263
2263 5743 1234
1234 6924 2245
2245 3204 1183
1183 6291 2685
2685 1816 508
508 5044 2103
2103 5043 2719
2719 5890 1471
1471 1082 902
902 860 644
644 2288 819
819 4730 1450
1450 6669 716
716 1898 813
813 2481 2270
2270 1153 1245
1245 6444 839
839 1520 2905
2905 4583 245
245 3736 1614
1614 646 2559
2559 6595 14
14 1304 968
968 2466 2656
2656 4560 2331
2331 4136 2014
2014 3645 2230
2230 348 2925
2925 5953 2474
2474 6184 1564
1564 5755 2819
2819 4653 631
631 3319 1254
1254 4676 2882
2882 6307 1467
1467 2929 348
348 3410 326
326 5901 50
50 2721 2603
2603 5019 2704
2704 1994 1391
1391 1842 1766
1766 1890 108
108 5490 2565
2565 1754 502
502 3638 905
905 6012 610
610 6478 723
723 1137 258
100
2591 2772 78
78 4573 32
32 473 127
127 5735 530
530 5804 2784
2784 3461 1383
1383 5897 1648
1648 1154 797
797 1865 1944
1944 1399 994
994 3905 2694
2694 6197 941
941 3027 2353
2353 4323 2789
2789 2277 473
473 2763 722
722 4295 2740
2740 3373 582
582 5607 318
318 6285 194
194 4144 2239
2239 5910 936
936 3430 2139
2139 2651 855
855 4040 2946
2946 2714 1469
1469 424 1437
1437 227 2901
2901 652 831
831 5024 2554
2554 1958 2486
2486 3587 1896
1896 1906 1299
1299 336 531
531 3475 2708
2708 3022 1056
1056 1581 1463
1463 5883 2759
2759 3743 511
511 615 420
420 4196 1287
1287 4348 1771
1771 5095 593
593 4152 1984
1984 6256 2660
2660 4225 1976
1976 910 2465
2465 1148 2534
2534 1838 805
805 4342 701
701 3659 598
598 161 1605
1605 5188 1464
1464 4021 463
463 3507 1099
1099 3716 2512
2512 2524 1620
1620 3656 827
827 787 2680
2680 2207 1545
1545 3011 154
154 4758 2256
2256 4890 2610
2610 3572 840
840 56 1943
1943 6265 1228
1228 4075 604
604 960 446
446 6879 516
516 2562 117
117 1642 2802
2802 95 2747
2747 319 2893
2893 5887 228
228 3495 394
394 2215 1510
1510 3715 1587
1587 5779 2297
2297 3514 1711
1711 2962 111
111 961 1334
1334 6178 2298
2298 6176 2835
2835 523 2843
2843 1106 2334
2334 1185 2493
2493 2331 1449
1449 6030 2879
2879 2751 643
643 6980 246
246 4118 268
268 4142 2018
2018 4705 2244
2244 2234 2633
2633 4489 2565
2565 4581 2827
2827 231 2744
2744 4073 2971
2971 6000 137
137 2570 258
100
2591 2775 579
579 1390 2205
2205 7030 1757
1757 5015 2654
2654 4778 1975
1975 5347 2303
2303 892 698
698 2246 49
49 1283 1704
1704 4627 2755
2755 4777 712
712 4343 19
19 6459 181
181 5808 2705
2705 2648 1934
1934 6312 211
211 2826 2255
2255 5468 741
741 6967 1318
1318 2459 2767
2767 2726 1903
1903 5626 1942
1942 6501 726
726 6863 826
826 5504 788
788 7033 2824
2824 5833 491
491 1404 1676
1676 1523 1073
1073 2149 347
347 375 632
632 2349 1372
1372 3527 2397
2397 6144 2384
2384 2010 888
888 3041 1775
1775 5018 1961
1961 598 757
757 5057 1792
1792 3795 1928
1928 5595 578
578 6225 443
443 5159 592
592 2646 2196
2196 5013 2436
2436 4744 2427
2427 4422 447
447 3554 1937
1937 5290 1456
1456 2271 1877
1877 5411 2668
2668 6606 2137
2137 1751 971
971 5263 1610
1610 409 1670
1670 689 2583
2583 1348 2122
2122 476 2634
2634 2468 2887
2887 1713 1024
1024 624 1173
1173 1885 1783
1783 4681 1071
1071 6611 2939
2939 2357 813
813 2797 1273
1273 2470 2315
2315 3298 839
839 5139 2957
2957 4264 239
239 5776 2703
2703 5385 410
410 4518 1995
1995 3053 2166
2166 2216 2833
2833 3567 346
346 1712 1387
1387 2335 1969
1969 4757 2081
2081 704 2109
2109 3403 265
265 5023 60
60 7038 2494
2494 2884 2515
2515 5118 802
802 3038 45
45 3769 2930
2930 466 448
448 565 1156
1156 765 2761
2761 3787 1813
1813 6823 274
274 3083 1003
1003 92 400
400 2354 2955
2955 1157 2062
2062 3753 1897
1897 6136 1654
1654 134 76
76 329 258
100
2591 3065 176
176 859 1793
1793 3031 842
842 3994 1375
1375 1710 230
230 5377 2115
2115 6209 2727
2727 5208 15
15 19 2449
2449 4555 577
577 4385 1733
1733 2663 2912
2912 4189 1815
1815 3586 933
933 3295 61
61 1987 2322
2322 2129 2229
2229 6298 1772
1772 3684 282
282 4302 1552
1552 4733 2167
2167 3237 1037
1037 6607 2894
2894 1724 2044
2044 927 2820
2820 869 2275
2275 5983 890
890 3437 2658
2658 1771 2841
2841 695 2368
2368 437 165
165 4137 775
775 5234 182
182 4785 2227
2227 2128 1092
1092 2105 2378
2378 3826 518
518 6658 390
390 3101 315
315 4453 1189
1189 6947 2207
2207 3087 675
675 5062 1340
1340 413 2643
2643 1933 2214
2214 2795 2252
2252 6635 725
725 1717 159
159 3211 1374
1374 1400 2032
2032 4384 2651
2651 3829 2647
2647 3533 2663
2663 706 1666
1666 5682 2657
2657 3484 396
396 6354 2085
2085 4666 1108
1108 868 1525
1525 1149 1702
1702 5727 1658
1658 3109 656
656 3971 331
331 2650 109
109 7011 585
585 449 2873
2873 2275 2151
2151 4268 2253
2253 1736 2069
2069 4629 193
193 6098 2722
2722 6150 23
23 185 2128
2128 405 2189
2189 2989 2242
2242 1055 1752
1752 5285 615
615 1499 2956
2956 3597 1964
1964 651 2904
2904 3324 1333
1333 2618 1821
1821 2074 323
323 5629 1843
1843 1872 1956
1956 5691 2415
2415 1989 780
780 4347 1048
1048 178 1125
1125 1080 232
232 3790 2159
2159 5967 1013
1013 132 2444
2444 6950 252
252 6718 2236
2236 1689 948
948 1334 867
867 1303 1651
1651 1258 524
524 4255 258
100
2591 3238 2808
2808 3652 2237
2237 5836 136
136 6554 1250
1250 2081 2426
2426 3805 568
568 1255 2033
2033 5524 1083
1083 4280 1163
1163 2839 532
532 6085 1801
1801 1757 1892
1892 2336 1202
1202 1825 1921
1921 4355 2473
2473 1288 2178
2178 1998 1302
1302 2858 2350
2350 6142 2650
2650 3578 1728
1728 5616 2386
2386 1810 2524
2524 3166 421
421 4472 2413
2413 6955 2135
2135 731 565
565 353 1836
1836 3389 1730
1730 6728 305
305 2960 596
596 7021 751
751 1231 2814
2814 307 1289
1289 5880 2227
2227 2637 1475
1475 2198 952
952 4570 1439
1439 512 390
390 3213 1744
1744 6052 1220
1220 3558 1308
1308 998 1946
1946 6598 1628
1628 4885 1221
1221 2844 1805
1805 2385 2566
2566 3666 753
753 7004 2105
2105 6196 1075
1075 3090 99
99 4229 929
929 5506 1994
1994 6487 1683
1683 1175 1435
1435 6425 1392
1392 1801 1327
1327 3481 1686
1686 2730 526
526 5314 1201
1201 3145 2108
2108 552 2405
2405 1382 2200
2200 5313 2201
2201 3263 1837
1837 3895 1286
1286 6023 1647
1647 5495 2269
2269 3861 1726
1726 3865 2500
2500 1837 2371
2371 6127 1413
1413 299 2638
2638 284 1585
1585 5144 342
342 2732 1385
1385 3992 1187
1187 3777 2760
2760 2278 226
226 2304 1609
1609 2698 2060
2060 898 370
370 5939 1720
1720 3802 1204
1204 5581 1257
1257 192 1066
1066 938 1858
1858 5214 26
26 111 2726
2726 2809 2260
2260 6878 821
821 2015 268
268 5255 2575
2575 1381 1630
1630 1755 1612
1612 4221 2005
2005 6245 608
608 4185 362
362 5633 2138
2138 3621 2431
2431 6221 258
100
2591 3399 2131
2131 1415 1499
1499 1102 1493
1493 1532 94
94 398 445
445 6644 931
931 6007 2087
2087 3023 1094
1094 3643 785
785 5365 577
577 5466 1117
1117 4121 320
320 5552 649
649 3595 1517
1517 6872 1511
1511 2434 1488
1488 1877 2740
2740 6116 486
486 1211 2066
2066 3436 480
480 3903 95
95 2571 351
351 2315 1151
1151 846 885
885 3340 195
195 3518 2807
2807 5463 1080
1080 585 2901
2901 2710 2841
2841 4228 871
871 515 2486
2486 6534 2073
2073 1625 235
235 3976 547
547 2641 935
935 313 1056
1056 2949 536
536 6479 2759
2759 6970 2781
2781 5536 1158
1158 2030 837
837 4639 740
740 1469 1084
1084 1607 2777
2777 6801 998
998 6816 1373
1373 1480 2344
2344 2068 1425
1425 502 1004
1004 2990 1291
1291 4416 992
992 612 123
123 6624 391
391 2268 1860
1860 4792 2320
2320 5141 877
877 717 1682
1682 1468 1362
1362 4643 1000
1000 3299 2019
2019 3510 1808
1808 2034 2256
2256 5186 2437
2437 5913 1418
1418 6093 314
314 2199 2936
2936 1000 1791
1791 1437 859
859 2237 2291
2291 3799 2191
2191 559 17
17 4320 2036
2036 831 704
704 1138 228
228 4111 290
290 1308 2857
2857 4219 2329
2329 6474 1137
1137 6414 2869
2869 5925 2732
2732 6923 595
595 3292 1729
1729 762 2835
2835 3139 2750
2750 4466 2334
2334 4586 825
825 4595 750
750 4526 965
965 3306 1328
1328 1663 2165
2165 5379 1211
1211 2310 1391
1391 4339 814
814 217 35
35 6137 57
57 1005 269
269 1081 2059
2059 1359 199
199 5959 137
137 2901 258
100
2591 3626 2619
2619 3058 2208
2208 5543 2844
2844 472 291
291 918 910
910 4227 1444
1444 6575 71
71 2415 2409
2409 3243 2673
2673 6523 184
184 4346 1489
1489 2184 2267
2267 6703 1815
1815 6003 2161
2161 6981 822
822 5080 1485
1485 2812 2877
2877 2995 590
590 4063 241
241 2118 2799
2799 1357 2637
2637 4685 1350
1350 2140 327
327 919 2557
2557 4415 2820
2820 4689 1707
1707 1402 677
677 4424 1339
1339 1133 2711
2711 2975 2920
2920 2414 1217
1217 5922 2814
2814 608 1396
1396 6876 1584
1584 2109 1475
1475 3142 2311
2311 5335 2595
2595 5362 2775
2775 2069 1150
1150 4413 1220
1220 4837 2207
2207 4008 627
627 5518 1340
1340 2945 2023
2023 5527 2214
2214 5640 2965
2965 2301 2465
2465 1896 2349
2349 4072 1603
1603 3480 1367
1367 6096 1063
1063 530 454
454 4802 2823
2823 6388 731
731 365 1133
1133 3385 666
666 2815 1682
1682 5306 1301
1301 1473 1769
1769 595 1379
1379 6436 444
444 1397 285
285 2965 2402
2402 4794 2538
2538 6721 2876
2876 1109 2098
2098 2044 1966
1966 3220 2917
2917 4624 2780
2780 2099 1052
1052 1375 178
178 2293 2700
2700 3017 2488
2488 3345 461
461 5132 2419
2419 3811 474
474 4377 523
523 2808 278
278 5192 1182
1182 1761 1348
1348 1912 735
735 3950 2276
2276 1672 1518
1518 1799 2806
2806 5355 1041
1041 4817 113
113 4698 783
783 498 2149
2149 1767 554
554 6520 870
870 1864 2123
2123 2561 744
744 2578 2815
2815 1018 1089
1089 5178 2241
2241 2873 65
65 1122 597
597 1947 209
209 1850 1882
1882 3908 258
100
2591 3752 2172
2172 3455 1492
1492 4091 1624
1624 6800 1539
1539 5652 1219
1219 3785 121
121 634 135
135 3372 620
620 4937 1389
1389 4704 2000
2000 2245 2872
2872 5452 357
357 6261 1263
1263 6920 1557
1557 5161 2096
2096 785 2578
2578 963 836
836 3947 1103
1103 4872 2497
2497 6751 272
272 4886 219
219 2107 2428
2428 282 1855
1855 2743 307
307 2507 2177
2177 1455 2423
2423 5262 612
612 2084 1989
1989 5641 305
305 4022 2271
2271 3272 1802
1802 5568 2850
2850 6617 2689
2689 6135 2590
2590 4962 1803
1803 2428 1431
1431 1597 89
89 2390 779
779 2203 962
962 1808 1846
1846 3433 1967
1967 5361 633
633 3764 2328
2328 3852 584
584 3968 625
625 5363 1911
1911 4552 1679
1679 906 810
810 4380 2787
2787 283 2420
2420 6213 2263
2263 6181 478
478 5404 1888
1888 7001 1666
1666 5980 1058
1058 3695 1778
1778 1483 1764
1764 6828 1020
1020 5172 1360
1360 897 2108
2108 5976 2539
2539 5707 300
300 6700 2379
2379 2505 2910
2910 332 664
664 4094 487
487 4503 1496
1496 5745 1369
1369 4580 1194
1194 6140 153
153 6630 557
557 5220 259
259 6557 861
861 3096 2316
2316 5014 2242
2242 2144 1483
1483 2598 772
772 6128 413
413 1150 1674
1674 169 2577
2577 3508 155
155 6313 2117
2117 3848 367
367 983 256
256 728 1017
1017 2596 1230
1230 4971 1575
1575 2303 58
58 4337 2162
2162 5950 1296
1296 2918 1853
1853 2361 144
144 1060 2721
2721 6075 2476
2476 933 337
337 1650 38
38 1841 1657
1657 289 1168
1168 2059 1032
1032 468 258
100
2591 3827 270
270 2514 1736
1736 4419 2552
2552 1242 1404
1404 2717 2372
2372 5586 2826
2826 4747 2180
2180 1345 703
703 220 2181
2181 275 2752
2752 599 1079
1079 3341 552
552 2886 12
12 4112 2027
2027 34 1536
1536 4638 2121
2121 6047 365
365 5981 2338
2338 2976 1318
1318 6180 2487
2487 5686 558
558 4463 745
745 4190 1019
1019 1075 2114
2114 2638 471
471 3179 1561
1561 5690 491
491 4622 2347
2347 117 1002
1002 2444 2521
2521 6974 967
967 732 832
832 2079 634
634 4467 271
271 5079 222
222 2833 1397
1397 6193 743
743 5500 1421
1421 947 2464
2464 5697 1140
1140 4768 1040
1040 6452 231
231 4099 1908
1908 3330 358
358 5480 2792
2792 4527 1490
1490 4784 2418
2418 6649 467
467 2447 2875
2875 583 1604
1604 6711 2793
2793 4476 2499
2499 393 1919
1919 2883 1795
1795 5546 1871
1871 2555 1992
1992 5742 2768
2768 964 2042
2042 1218 2218
2218 1385 1512
1512 2613 2924
2924 2551 727
727 3240 983
983 5249 630
630 6424 927
927 3293 2209
2209 877 1484
1484 3247 2179
2179 3283 1237
1237 381 117
117 2937 17
17 5985 2262
2262 387 2714
2714 5695 461
461 6121 96
96 5758 474
474 6405 2675
2675 4548 2297
2297 6145 510
510 5927 111
111 4726 1426
1426 6693 343
343 6763 954
954 53 2029
2029 3305 606
606 1338 1113
1113 4287 26
26 4199 965
965 3445 2260
2260 6893 639
639 4174 2047
2047 1965 2018
2018 5949 1630
1630 5900 483
483 1433 2319
2319 3742 2045
2045 2321 2110
2110 4074 747
747 1445 1978
1978 1938 258
100
2591 3869 270
270 5418 1131
1131 3155 2034
2034 6069 198
198 2688 2707
2707 4448 217
217 6113 2148
2148 6152 2967
2967 6208 212
212 4431 2752
2752 3097 2941
2941 739 552
552 4055 2119
2119 6417 875
875 6820 2050
2050 1422 1997
1997 2092 1977
1977 3111 790
790 6826 140
140 4128 1827
1827 1504 512
512 253 611
611 950 1622
1622 2868 187
187 2972 2155
2155 3471 2009
2009 5243 1833
1833 5656 2921
2921 2231 1567
1567 1891 2076
2076 3412 632
632 3468 832
832 6854 1225
1225 5253 2443
2443 6708 489
489 3049 2562
2562 2031 1961
1961 1741 1689
1689 3081 1798
1798 3886 292
292 7014 787
787 2123 740
740 1539 2094
2094 6295 681
681 104 2341
2341 1797 1804
1804 7025 2147
2147 2487 1386
1386 813 505
505 766 567
567 3915 1680
1680 2936 1466
1466 1921 391
391 3133 279
279 800 1015
1015 6925 877
877 4364 602
602 2325 28
28 3429 2680
2680 4810 2348
2348 4842 2305
2305 5320 727
727 4216 223
223 3773 840
840 6646 691
691 293 1582
1582 1247 242
242 438 859
859 4673 2958
2958 6759 2572
2572 3901 178
178 6270 838
838 6094 2585
2585 6541 152
152 4743 1416
1416 3696 1
1 4160 748
748 5203 1598
1598 6810 1057
1057 1319 2060
2060 3720 2183
2183 1674 1812
1812 6108 1518
1518 1945 1257
1257 590 79
79 4240 614
614 802 1913
1913 47 1120
1120 4129 83
83 5678 1890
1890 4809 2133
2133 6344 696
696 5654 1081
1081 2788 431
431 6481 2586
2586 3441 1271
1271 3015 2194
2194 880 923
923 6596 1390
1390 1894 258
100
2591 3922 579
579 3907 284
284 6962 824
824 3125 1960
1960 5126 642
642 5698 1514
1514 1636 2273
2273 6131 49
49 1474 1922
1922 2934 1632
1632 2879 1801
1801 6739 2257
2257 6100 2392
2392 5445 1541
1541 1263 2847
2847 4491 2178
2178 6552 668
668 2706 1014
1014 2983 2650
2650 5923 706
706 4374 2120
2120 5292 2163
2163 1285 866
866 2040 2922
2922 356 1613
1613 4841 713
713 1409 714
714 6576 901
901 5284 1098
1098 648 1242
1242 42 2280
2280 3806 2411
2411 2680 676
676 3384 1088
1088 4626 312
312 1687 1061
1061 6754 1213
1213 6087 321
321 3255 816
816 6651 925
925 6567 2157
2157 5360 2078
2078 6174 1835
1835 5259 1589
1589 5720 2432
2432 6582 2342
2342 1365 1430
1430 4272 2496
2496 6427 1070
1070 3201 2915
2915 77 1415
1415 1270 1370
1370 6393 2245
2245 4449 2417
2417 3975 1468
1468 4610 980
980 5464 2460
2460 6555 1108
1108 871 1008
1008 73 158
158 3187 189
189 3890 656
656 4192 2812
2812 3203 2561
2561 5942 2553
2553 1028 2914
2914 2828 440
440 3043 1784
1784 3664 2926
2926 820 1519
1519 3082 432
432 2956 1917
1917 2082 1320
1320 896 1054
1054 3884 2475
2475 2372 1232
1232 740 1264
1264 2471 2931
2931 3078 2040
2040 4542 2407
2407 5542 680
680 2674 846
846 6789 1480
1480 1913 173
173 5318 802
802 7037 1243
1243 5096 2097
2097 6713 514
514 981 1027
1027 6761 264
264 3807 865
865 4873 529
529 1782 2254
2254 1267 2476
2476 4198 414
414 3056 2854
2854 3094 801
801 4707 2842
2842 4831 1789
1789 659 258
100
2591 4049 418
418 6456 1169
1169 4014 758
758 6860 1404
1404 7002 286
286 4713 234
234 2912 1272
1272 2508 703
703 6784 319
319 6054 2891
2891 1721 2367
2367 6601 1912
1912 5382 1590
1590 2382 2542
2542 2463 1332
1332 5835 2509
2509 3593 2594
2594 4543 1454
1454 5103 2
2 5370 918
918 5744 42
42 3719 1085
1085 6211 1959
1959 3863 855
855 4226 501
501 5034 293
293 3285 202
202 1930 371
371 2783 460
460 490 871
871 4863 435
435 3984 897
897 4918 2453
2453 649 308
308 4783 2363
2363 6308 693
693 3704 2127
2127 355 425
425 2232 1893
1893 5351 1110
1110 1605 1346
1346 4512 1067
1067 1866 593
593 4738 2718
2718 6167 1068
1068 6480 1275
1275 2455 2147
2147 5537 1507
1507 4474 805
805 5962 2325
2325 1940 423
423 5676 2516
2516 252 545
545 6129 463
463 6122 1133
1133 5250 1641
1641 605 563
563 3619 1005
1005 196 1436
1436 5893 2356
2356 2614 1461
1461 5116 760
760 786 1428
1428 4218 2923
2923 4475 1286
1286 6926 1112
1112 5174 2391
2391 1350 477
477 2440 1573
1573 6755 2804
2804 6526 139
139 703 294
294 3978 1847
1847 123 1776
1776 464 2299
2299 6938 2959
2959 3207 417
417 6577 126
126 3956 2582
2582 3680 2540
2540 5613 2248
2248 2605 2482
2482 6783 2450
2450 4338 256
256 3172 306
306 907 344
344 6888 709
709 163 1045
1045 6350 1027
1027 6765 2136
2136 5251 646
646 5356 1365
1365 3935 1305
1305 1546 654
654 4986 1233
1233 3107 38
38 3618 114
114 2653 1168
1168 6114 2430
2430 312 258
100
2591 4067 2513
2513 596 1793
1793 4693 324
324 3392 2737
2737 3246 1788
1788 6383 882
882 5219 1998
1998 396 862
862 5473 784
784 1032 2471
2471 4682 1965
1965 5947 1566
1566 773 2742
2742 2801 2789
2789 6512 1395
1395 1112 335
335 3269 2568
2568 5213 2964
2964 3651 1902
1902 6788 1366
1366 4516 1382
1382 574 479
479 5246 1652
1652 3208 1741
1741 3267 1256
1256 5451 1171
1171 6654 1239
1239 5020 363
363 3839 2243
2243 4776 1796
1796 1220 2003
2003 1685 2073
2073 6848 794
794 450 547
547 6299 2635
2635 5954 2398
2398 1352 1961
1961 5287 36
36 5359 1798
1798 5120 1611
1611 4615 787
787 5763 404
404 7016 592
592 5604 904
904 1256 771
771 2125 850
850 1643 2546
2546 2450 2629
2629 6422 2875
2875 3648 48
48 1265 2753
2753 1544 1466
1466 5340 1957
1957 6842 1953
1953 2845 543
543 4582 1710
1710 6134 1284
1284 6374 1616
1616 5916 2549
2549 6203 1512
1512 3963 581
581 6585 727
727 4791 2735
2735 4973 1502
1502 3694 927
927 6918 233
233 3592 2057
2057 3551 2179
2179 4699 27
27 3051 864
864 4471 1614
1614 4631 1581
1581 6491 14
14 3277 2166
2166 5353 1314
1314 3794 378
378 44 742
742 4621 1465
1465 3653 2530
2530 4304 2615
2615 2274 1564
1564 6988 2588
2588 1508 2185
2185 7015 1845
1845 6850 2584
2584 204 129
129 2895 2930
2930 4823 1022
1022 3323 1316
1316 5048 2632
2632 5865 1813
1813 6907 1031
1031 2620 1427
1427 3647 2452
2452 6954 1051
1051 2540 208
208 2856 1657
1657 1829 2399
2399 3331 1032
1032 570 258
100
2591 4180 2513
2513 5350 1675
1675 5459 1693
1693 2996 221
221 3190 970
970 866 2221
2221 3612 1840
1840 540 797
797 4210 938
938 1731 2943
2943 4492 437
437 6389 1144
1144 562 1667
1667 1524 854
854 5800 1332
1332 6289 678
678 2495 534
534 692 1918
1918 6315 1954
1954 4828 537
537 4191 1727
1727 3073 611
611 2251 72
72 5778 852
852 5646 2155
2155 3574 1829
1829 6515 1623
1623 4473 2347
2347 4154 1147
1147 4995 347
347 2102 2335
2335 3091 2332
2332 2480 2434
2434 392 1307
1307 2748 2523
2523 3602 43
43 3509 1304
1304 4438 1501
1501 3487 1983
1983 4291 1145
1145 1227 2846
2846 824 1876
1876 6559 380
380 1127 1576
1576 5109 2048
2048 139 120
120 2521 2339
2339 5410 2757
2757 1935 1491
1491 6690 2203
2203 544 220
220 5297 728
728 4861 2022
2022 4465 459
459 484 465
465 4811 833
833 6259 98
98 4445 2404
2404 3086 316
316 6199 2699
2699 2169 1173
1173 4043 301
301 2818 1450
1450 6812 2769
2769 6059 197
197 4987 641
641 2682 2661
2661 1302 379
379 2270 2290
2290 4294 1519
1519 3252 655
655 759 1917
1917 2138 1995
1995 3650 968
968 4488 2667
2667 4901 2186
2186 3540 2569
2569 195 2230
2230 4992 2530
2530 5086 2407
2407 5726 2622
2622 3957 1662
1662 1538 1480
1480 6310 488
488 3146 1153
1153 143 1243
1243 6986 167
167 4326 2026
2026 1786 1156
1156 3124 591
591 1268 865
865 6330 1365
1365 4525 2254
2254 4025 148
148 2244 414
414 5839 208
208 2908 1178
1178 1316 1654
1654 2549 47
47 3473 258
100
2591 4577 2226
2226 4456 439
439 510 2771
2771 4706 221
221 5085 329
329 2998 1401
1401 894 1840
1840 3338 90
90 626 392
392 1563 2471
2471 5001 1698
1698 5617 917
917 2675 1826
1826 3633 1090
1090 1860 224
224 3899 1883
1883 6248 172
172 6886 582
582 5793 1820
1820 2235 2918
2918 4330 1033
1033 82 100
100 6072 1151
1151 1916 2044
2044 5077 2483
2483 6382 13
13 4920 2715
2715 1881 1859
1859 3916 2616
2616 6971 101
101 2713 2881
2881 148 2860
2860 5986 2010
2010 4835 667
667 5397 1092
1092 5511 2649
2649 4477 1439
1439 3318 1114
1114 5845 1136
1136 6545 426
426 3490 162
162 2058 1188
1188 60 1663
1663 2950 2643
2643 5273 2284
2284 1114 2566
2566 5437 2154
2154 4168 1532
1532 6168 2314
2314 593 2225
2225 6600 671
671 4096 2234
2234 4104 1841
1841 7008 1915
1915 3478 2063
2063 1487 2086
2086 3068 1686
1686 5513 793
793 6297 659
659 5799 2187
2187 650 1053
1053 1215 1907
1907 949 2706
2706 1165 1777
1777 4071 1011
1011 3754 2676
2676 771 236
236 837 2095
2095 4239 389
389 5097 1748
1748 1716 550
550 1129 2358
2358 408 2628
2628 5209 299
299 6770 2681
2681 4688 1569
1569 5968 2760
2760 5115 1653
1653 1569 781
781 6105 1851
1851 5940 364
364 1235 1905
1905 1840 2251
2251 2863 1891
1891 2164 1504
1504 5738 614
614 2626 783
783 2683 2945
2945 5191 2224
2224 6743 686
686 2627 2899
2899 444 940
940 1633 2815
2815 6767 1016
1016 3760 575
575 4113 2045
2045 3098 1939
1939 3281 1822
1822 2426 2068
2068 4249 258
100
2591 5264 2226
2226 6042 2024
2024 5588 2771
2771 5400 1936
1936 2043 2784
2784 5886 1401
1401 5533 1648
1648 4282 2317
2317 6139 938
938 2953 1763
1763 5098 1673
1673 459 1144
1144 1692 853
853 1108 2542
2542 4358 2631
2631 1456 2961
2961 2509 534
534 5974 1844
1844 3100 1021
1021 1355 513
513 5310 1382
1382 6485 587
587 1729 724
724 2776 855
855 4816 195
195 4657 1469
1469 1528 1080
1080 945 2867
2867 2690 397
397 5525 2368
2368 6989 435
435 4495 2848
2848 2174 441
441 2011 754
754 3644 1544
1544 5342 878
878 3601 2366
2366 425 1267
1267 324 20
20 2329 420
420 4483 1346
1346 4641 1771
1771 5494 943
943 6859 1754
1754 2785 1347
1347 5598 1373
1373 6473 86
86 5337 1425
1425 4826 1924
1924 592 567
567 6333 598
598 1091 2516
2516 6288 1464
1464 6065 731
731 6519 1015
1015 6969 666
666 3415 1055
1055 4672 1005
1005 3317 1769
1769 5064 37
37 5573 444
444 1621 2503
2503 6503 2402
2402 6620 841
841 2398 2640
2640 3202 1627
1627 3912 1378
1378 6332 2623
2623 965 1712
1712 5462 1052
1052 3362 550
550 6814 838
838 6996 2064
2064 1762 152
152 6017 2762
2762 767 1420
1420 2289 1562
1562 6672 1904
1904 6376 2090
2090 294 2385
2385 4482 2183
2183 2922 1122
1122 1698 2779
2779 6091 2806
2806 5486 79
79 4788 3
3 3357 1971
1971 5571 2149
2149 4898 812
812 6229 104
104 2836 906
906 4007 2466
2466 5670 2866
2866 2699 2481
2481 1556 1828
1828 6578 1570
1570 6990 1321
1321 3872 209
209 3902 485
485 1317 258
100
2591 6001 2808
2808 5906 2258
2258 5171 1452
1452 2738 1260
1260 3559 1199
1199 4813 2438
2438 4735 1617
1617 3801 966
966 4500 1255
1255 2916 762
762 6599 1508
1508 233 2306
2306 1609 2387
2387 1043 1146
1146 5367 2473
2473 2734 572
572 3703 1302
1302 3060 2351
2351 4455 125
125 2999 2773
2773 6679 248
248 4209 2364
2364 2947 151
151 5245 2908
2908 2441 2177
2177 2545 138
138 1970 1836
1836 5789 1706
1706 5772 2545
2545 2046 1574
1574 1791 2881
2881 4984 2814
2814 6249 2010
2010 5637 2116
2116 4869 1235
1235 5679 1431
1431 2745 2645
2645 3740 2775
2775 2418 583
583 6049 851
851 2676 1308
1308 2323 1188
1188 1565 653
653 3268 493
493 5802 1805
1805 4546 2620
2620 6870 1179
1179 3451 2947
2947 412 131
131 6849 603
603 4131 133
133 6277 478
478 6719 663
663 6591 2666
2666 3454 1058
1058 6185 396
396 6580 767
767 3460 1108
1108 4056 1248
1248 4158 2556
2556 2859 2809
2809 5323 11
11 4654 331
331 3376 2910
2910 1973 21
21 4076 487
487 5138 521
521 2060 1369
1369 6615 1887
1887 1941 1909
1909 5822 139
139 3854 2176
2176 6562 1585
1585 6671 84
84 3197 1385
1385 5072 2950
2950 4606 175
175 4655 1653
1653 1654 2927
2927 2132 1618
1618 4722 883
883 6434 2855
2855 1817 1030
1030 6571 190
190 6253 1956
1956 6359 1780
1780 2143 469
469 6415 204
204 2686 2470
2470 2860 1579
1579 995 1852
1852 340 341
341 5328 737
737 3933 623
623 5673 1678
1678 5137 170
170 1219 1816
1816 4977 1619
1619 6413 2175
2175 3222 258
