13
300
2743 692 1342
1342 1118 2517
2517 2782 474
474 4011 814
814 4567 1129
1129 3621 2817
2817 4035 2288
2288 2570 1381
1381 2277 2223
2223 494 1489
1489 924 1127
1127 4747 719
719 2117 2271
2271 4314 2294
2294 3468 410
410 114 2893
2893 4603 1813
1813 822 1777
1777 1856 1682
1682 4889 1
1 1512 2082
2082 1384 309
309 381 1951
1951 322 937
937 3280 280
280 2625 1380
1380 2725 838
838 2984 1180
1180 1124 2965
2965 1605 91
91 3395 1774
1774 1109 222
222 1798 1708
1708 3531 1029
1029 3228 2788
2788 684 1779
1779 5603 595
595 4041 2536
2536 2746 1446
1446 534 2782
2782 1614 2719
2719 4601 1042
1042 651 2808
2808 923 1659
1659 2750 584
584 1650 868
868 497 1662
1662 705 1556
1556 150 1670
1670 1896 432
432 1113 2718
2718 829 205
205 1430 609
609 245 591
591 278 564
564 3243 1747
1747 830 1333
1333 227 663
663 4347 869
869 2894 1642
1642 955 2651
2651 1972 2206
2206 4149 1793
1793 804 63
63 3992 2876
2876 3693 795
795 3722 365
365 761 213
213 1151 2540
2540 217 4
4 538 2630
2630 139 1378
1378 1284 2232
2232 1432 434
434 4225 2165
2165 2763 835
835 1391 2508
2508 983 57
57 700 2904
2904 428 2713
2713 2172 1493
1493 2851 934
934 346 2438
2438 2988 1014
1014 173 2455
2455 721 1646
1646 917 2006
2006 1205 2182
2182 2339 997
997 704 718
718 3805 145
145 4727 1518
1518 507 509
509 2036 1595
1595 656 1437
1437 1188 1287
1287 3351 173
173 3934 2800
2800 1211 1672
1672 1801 448
448 648 583
583 562 2774
2774 337 2166
2166 613 443
443 566 2967
2967 2674 1494
1494 238 2835
2835 993 1797
1797 361 674
674 3763 2204
2204 1633 659
659 1903 1862
1862 280 2409
2409 768 192
192 2093 1028
1028 2314 842
842 3737 1913
1913 1951 2270
2270 3566 330
330 2232 2989
2989 1357 727
727 612 747
747 4240 2425
2425 3642 2459
2459 3409 1123
1123 2977 1152
1152 669 2461
2461 1653 139
139 205 2238
2238 531 2638
2638 1549 298
298 3420 867
867 2994 1992
1992 3384 2916
2916 1333 2640
2640 297 1192
1192 5605 1265
1265 3866 1772
1772 284 1300
1300 4924 743
743 4187 1352
1352 1457 629
629 463 2247
2247 2671 2044
2044 3943 618
618 1615 886
886 1692 2963
2963 2020 890
890 312 544
544 2258 1115
1115 3826 1168
1168 73 2970
2970 785 1125
1125 5210 413
413 766 1544
1544 652 1193
1193 2606 1006
1006 1860 2860
2860 2929 1482
1482 2691 2611
2611 293 2221
2221 380 1924
1924 586 1905
1905 3128 768
768 3535 465
465 2179 328
328 5221 2639
2639 2361 889
889 1072 246
246 3528 249
249 3717 1757
1757 5408 1101
1101 1446 469
469 94 1614
1614 1697 2011
2011 2685 115
115 443 1340
1340 4286 607
607 806 2081
2081 2505 2148
2148 4132 1379
1379 2847 89
89 3001 567
567 2713 2426
2426 592 2473
2473 2445 1634
1634 2580 651
651 910 2564
2564 695 2007
2007 1486 2447
2447 609 2607
2607 1328 2490
2490 2943 2907
2907 4434 565
565 1737 2568
2568 2736 746
746 528 94
94 3063 1796
1796 883 49
49 3139 39
39 1722 2844
2844 143 1716
1716 2091 775
775 4700 2878
2878 3197 2760
2760 1638 1522
1522 4852 1092
1092 65 755
755 3514 2488
2488 1930 1314
1314 1314 1776
1776 1121 2890
2890 2307 40
40 1370 1700
1700 274 1801
1801 3307 2315
2315 4399 598
598 988 2926
2926 5227 412
412 5052 2231
2231 1208 2598
2598 569 2567
2567 2438 839
839 2098 2423
2423 1397 2036
2036 796 2974
2974 2776 90
90 3085 635
635 694 2534
2534 1581 1079
1079 2069 329
329 2154 2625
2625 2950 1830
1830 863 1666
1666 826 2308
2308 213 2188
2188 2180 43
43 236 728
728 3127 2867
2867 2663 576
576 1470 1786
1786 1881 2944
2944 639 355
355 1984 1495
1495 1524 980
980 578 1258
1258 1902 440
440 1816 1043
1043 1103 234
234 1005 1961
1961 691 1574
1574 2073 1836
1836 1454 820
820 351 340
340 2067 2150
2150 2708 1112
1112 2926 1239
1239 882 1194
1194 2916 566
566 3292 1880
1880 3808 1683
1683 666 770
770 2201 1161
1161 3052 2217
2217 1393 2895
2895 2353 2302
2302 1621 1869
1869 107 1613
1613 248 1528
1528 831 2556
2556 1178 2973
2973 1695 1022
1022 813 1136
1136 56 425
425 5102 2574
2574 1374 1335
1335 1940 1220
1220 2302 2551
2551 1331 2212
2212 1460 1669
1669 1322 1417
1417 1713 918
918 706 285
285 3666 1085
1085 1963 1441
1441 675 92
92 1098 275
275 4515 1638
1638 2711 1409
1409 231 1844
1844 904 1426
1426 3718 2135
2135 1646 2359
2359 2417 300
300 865 1701
1701 1170 363
363 2383 1610
1610 413 2458
2458 3923 2471
2471 2747 1468
300
2743 1204 2543
2543 4061 2202
2202 1102 771
771 3242 116
116 326 1197
1197 2604 1214
1214 5366 419
419 5509 2061
2061 2810 69
69 4549 2794
2794 1131 2881
2881 3349 1398
1398 356 2578
2578 210 335
335 320 1452
1452 3025 527
527 2601 2980
2980 3079 2608
2608 1233 1511
1511 913 1146
1146 15 1034
1034 449 1629
1629 2083 2958
2958 142 80
80 582 14
14 330 2413
2413 683 2758
2758 4679 1281
1281 3362 1637
1637 2884 2547
2547 1931 2003
2003 845 2086
2086 2524 1373
1373 4362 219
219 730 2911
2911 1758 1788
1788 2065 1183
1183 180 992
992 4389 383
383 1046 1396
1396 719 211
211 2056 2745
2745 1667 2225
2225 2074 2137
2137 3299 2355
2355 1247 1416
1416 1736 2673
2673 3370 969
969 5280 1630
1630 2665 1011
1011 1388 1835
1835 3048 1787
1787 233 1304
1304 4133 2378
2378 1684 1934
1934 4826 1589
1589 1811 1343
1343 385 1400
1400 898 2580
2580 878 1236
1236 1462 805
805 1250 683
683 537 1012
1012 2973 856
856 640 2242
2242 4374 738
738 1074 2293
2293 1061 560
560 787 873
873 1135 1262
1262 1810 1038
1038 151 504
504 750 2232
2232 4183 1897
1897 2716 2165
2165 3829 266
266 2054 2508
2508 1368 323
323 1574 1789
1789 3264 1355
1355 544 2395
2395 2535 632
632 3133 2408
2408 1189 2451
2451 154 1625
1625 789 2320
2320 641 1323
1323 3159 2480
2480 2215 1848
1848 1433 2463
2463 149 2675
2675 5543 1694
1694 3082 1654
1654 864 1269
1269 462 749
749 2103 1903
1903 1652 2444
2444 5533 1206
1206 3067 1606
1606 101 483
483 3685 2019
2019 3249 151
151 2332 2627
2627 1723 416
416 2059 2910
2910 4803 2382
2382 411 2822
2822 1029 2142
2142 1085 511
511 3578 2186
2186 307 2183
2183 3890 2795
2795 630 71
71 3667 1010
1010 1899 389
389 2136 987
987 1521 2422
2422 188 2828
2828 1254 713
713 5178 1365
1365 2230 1332
1332 1564 1876
1876 1932 406
406 30 2776
2776 2001 384
384 4156 1357
1357 376 1680
1680 2520 2456
2456 2624 1130
1130 2567 1843
1843 2675 268
268 267 2686
2686 2945 2723
2723 306 2352
2352 1523 1275
1275 3519 531
531 256 801
801 3908 1407
1407 4014 2626
2626 1325 2072
2072 2892 1058
1058 1371 1514
1514 1167 1600
1600 1553 2031
2031 2955 1826
1826 317 2557
2557 3389 2722
2722 3435 194
194 1145 605
605 455 435
435 436 1699
1699 1137 1557
1557 2922 1685
1685 1948 1114
1114 22 2262
2262 4660 1193
1193 5000 2736
2736 1895 178
178 5039 1904
1904 505 2495
2495 2462 1915
1915 1964 994
994 624 2779
2779 1227 137
137 2759 543
543 2293 328
328 5547 722
722 2051 81
81 1585 246
246 5033 2263
2263 3807 1757
1757 5659 2947
2947 643 1053
1053 3119 2250
2250 1255 2793
2793 4698 1330
1330 724 1188
1188 1019 2548
2548 4086 2255
2255 2932 2148
2148 5502 381
381 2724 1457
1457 3714 1875
1875 3427 2426
2426 3492 2545
2545 853 2927
2927 2646 651
651 2714 2063
2063 1338 1981
1981 526 2046
2046 938 753
753 2274 917
917 960 1889
1889 378 1456
1456 4034 1004
1004 387 1166
1166 2752 831
831 952 2158
2158 1267 2977
2977 2386 2856
2856 2901 307
307 444 2035
2035 3682 1697
1697 2185 1216
1216 3045 2550
2550 349 2849
2849 3268 726
726 244 2558
2558 4322 201
201 2035 2976
2976 4071 1567
1567 859 2951
2951 2081 2105
2105 2971 1015
1015 500 852
852 3078 1283
1283 4210 2477
2477 4539 1016
1016 644 1008
1008 2701 2015
2015 816 203
203 79 1806
1806 2140 2702
2702 593 2872
2872 2479 614
614 798 1740
1740 2758 310
310 1427 959
959 4616 2338
2338 608 1941
1941 2311 188
188 616 1872
1872 420 1007
1007 2765 56
56 3363 2177
2177 5562 2
2 702 2379
2379 2329 2203
2203 3235 2058
2058 2452 411
411 1958 2342
2342 2450 2781
2781 1767 2617
2617 1997 1652
1652 418 1467
1467 3880 1586
1586 2111 244
244 2382 433
433 3191 1530
1530 4767 133
133 3840 2210
2210 600 295
295 5544 2921
2921 3410 2559
2559 457 2078
2078 1766 1513
1513 742 2048
2048 1475 2266
2266 215 113
113 20 1643
1643 218 1973
1973 1627 2786
2786 4079 2721
2721 846 672
672 1698 2161
2161 1908 539
539 1154 2656
2656 1275 763
763 2194 2834
2834 2795 1110
1110 5356 65
65 1330 1022
1022 3029 279
279 595 425
425 5327 1828
1828 1007 1335
1335 3568 1440
1440 2832 2551
2551 1993 2417
2417 645 2439
2439 2731 1417
1417 2549 1425
1425 298 963
963 1224 1109
1109 300 1588
1588 2511 2424
2424 2371 1581
1581 4110 2679
2679 4636 2311
2311 672 1756
1756 3686 2526
2526 1004 1985
1985 4501 829
829 250 1111
1111 2593 375
375 2354 2642
2642 2344 387
387 2964 2458
2458 5311 2404
2404 581 1468
300
2743 1466 1808
1808 13 562
562 1332 474
474 4160 636
636 3238 1151
1151 1728 2281
2281 2979 228
228 814 2366
2366 1666 2268
2268 1907 1273
1273 2149 669
669 219 1496
1496 4151 2474
2474 576 276
276 661 1463
1463 4212 733
733 5644 155
155 156 2516
2516 480 1341
1341 3129 103
103 3688 2082
2082 3357 2761
2761 108 2777
2777 2245 1890
1890 4339 2991
2991 2025 2704
2704 1762 2964
2964 1594 2470
2470 2672 1264
1264 4658 2115
2115 1473 1449
1449 1544 2695
2695 410 1135
1135 833 97
97 5519 1885
1885 3385 1202
1202 2049 2184
2184 1597 2536
2536 3346 385
385 809 2069
2069 1980 628
628 2104 988
988 637 1073
1073 4736 717
717 2517 2945
2945 5292 21
21 1319 290
290 2273 2205
2205 1904 2705
2705 1489 2790
2790 1609 2757
2757 5364 1787
1787 3867 261
261 2305 2378
2378 2514 2805
2805 1842 2128
2128 1324 1343
1343 472 1833
1833 496 2580
2580 5201 2180
2180 258 805
805 5405 1259
1259 5371 1955
1955 2166 1325
1325 439 1644
1644 961 2012
2012 4655 1815
1815 1285 293
293 75 520
520 711 2055
2055 1879 1291
1291 1484 2959
2959 980 1358
1358 928 2024
2024 2683 1995
1995 3724 284
284 70 559
559 723 1470
1470 649 1732
1732 2349 1547
1547 357 2030
2030 900 632
632 5143 370
370 124 2451
2451 3011 400
400 4592 402
402 2390 905
905 343 1158
1158 3762 1201
1201 1740 1433
1433 1711 2588
2588 979 942
942 3279 1975
1975 2875 1374
1374 1854 1601
1601 1566 1894
1894 4192 2709
2709 676 524
524 1194 1266
1266 2183 2955
2955 4044 792
792 1617 151
151 3589 613
613 3308 2053
2053 489 2644
2644 265 1084
1084 1527 602
602 81 2142
2142 4645 2692
2692 1186 353
353 177 2183
2183 5315 887
887 941 2157
2157 1901 496
496 3974 1575
1575 373 1037
1037 2649 2422
2422 4630 2765
2765 1318 957
957 2697 38
38 5681 1332
1332 2531 32
32 1282 2020
2020 3033 2284
2284 2006 2884
2884 885 379
379 4692 2317
2317 1276 221
221 1337 1143
1143 779 2585
2585 3044 270
270 678 2614
2614 1153 8
8 3530 1363
1363 417 2640
2640 1278 1816
1816 4468 1177
1177 623 2956
2956 3899 1300
1300 4954 2681
2681 1742 2753
2753 3764 2421
2421 347 1350
1350 263 2044
2044 4895 1946
1946 3557 886
886 4883 2850
2850 2717 653
653 130 47
47 1202 1115
1115 4340 2102
2102 948 1729
1729 2027 769
769 932 505
505 450 251
251 957 1655
1655 104 927
927 1355 458
458 790 2820
2820 1058 846
846 367 1466
1466 701 1113
1113 2217 2832
2832 119 1888
1888 4028 465
465 2754 441
441 393 299
299 1079 773
773 1873 1219
1219 1705 2154
2154 1659 1403
1403 3190 286
286 191 1053
1053 5180 2373
2373 2362 1743
1743 2089 1330
1330 5611 1566
1566 2822 2548
2548 4415 2101
2101 1495 1021
1021 520 1726
1726 1032 665
665 3107 2089
2089 697 154
154 3609 2545
2545 1967 2476
2476 1434 2581
2581 2589 821
821 93 2950
2950 3059 1131
1131 430 343
343 4533 2169
2169 1076 1244
1244 3164 1284
1284 687 2986
2986 1583 534
534 1414 2367
2367 175 2549
2549 3660 2914
2914 1122 1271
1271 1192 2249
2249 3502 2420
2420 752 2600
2600 1567 332
332 1739 2246
2246 470 2127
2127 1296 964
964 102 2572
2572 394 1390
1390 596 840
840 314 2678
2678 71 180
180 1420 1160
1160 568 2039
2039 2572 2428
2428 4421 2410
2410 3421 1635
1635 3255 521
521 3145 2806
2806 703 2015
2015 1047 1041
1041 4580 783
783 1570 2634
2634 3562 62
62 1641 981
981 204 50
50 1465 498
498 5492 2070
2070 121 17
17 535 1388
1388 1161 1439
1439 560 765
765 323 1546
1546 587 2552
2552 277 1141
1141 5 2431
2431 3818 2609
2609 3077 1977
1977 365 2040
2040 959 431
431 2350 898
898 680 2711
2711 1265 2617
2617 4267 1857
1857 1852 781
781 935 1477
1477 3585 11
11 2855 2357
2357 2009 2071
2071 2657 2275
2275 1862 20
20 1062 1049
1049 1326 2877
2877 699 844
844 601 953
953 3912 2862
2862 186 620
620 746 542
542 226 1805
1805 83 2347
2347 591 1939
1939 5353 421
421 392 778
778 242 2948
2948 8 2641
2641 2031 958
958 1827 1368
1368 4665 692
692 169 1369
1369 3065 183
183 1818 1280
1280 5044 666
666 3000 2957
2957 698 1391
1391 2695 1506
1506 51 2889
2889 1000 836
836 3394 1576
1576 2992 2441
2441 74 301
301 2767 2583
2583 2381 2729
2729 920 2372
2372 2639 1706
1706 3027 804
804 4507 1962
1962 301 326
326 1053 2022
2022 2224 1476
1476 1347 468
468 3955 1834
1834 1199 1205
1205 570 494
494 1770 561
561 558 1996
1996 866 2301
2301 3604 1195
1195 147 202
202 508 2775
2775 1880 1468
300
2743 1480 1651
1651 2636 2517
2517 3797 2682
2682 403 814
814 5103 1151
1151 5539 751
751 2911 817
817 532 811
811 3499 344
344 1791 1273
1273 4459 2645
2645 2947 2397
2397 3726 1868
1868 1936 1746
1746 1831 1243
1243 396 733
733 5676 2514
2514 2197 1570
1570 1626 518
518 64 2505
2505 1258 2660
2660 3411 1603
1603 3796 702
702 2815 2854
2854 1536 2291
2291 1390 1017
1017 1203 1328
1328 629 1224
1224 3256 1602
1602 1891 2233
2233 1648 2009
2009 2156 1860
1860 1407 797
797 1635 502
502 1719 1435
1435 3945 1983
1983 3860 317
317 3276 1218
1218 797 2377
2377 922 2363
2363 2666 849
849 2921 1033
1033 179 2225
2225 5136 662
662 688 1377
1377 2609 1825
1825 4005 522
522 1260 1517
1517 3671 1119
1119 4224 1703
1703 427 2718
2718 4851 555
555 944 2981
2981 159 1387
1387 2440 1252
1252 200 446
446 4295 975
975 4114 1930
1930 1064 83
83 1030 2253
2253 2196 171
171 4169 2206
2206 4707 1057
1057 141 1987
1987 3597 2242
2242 4973 179
179 5541 1361
1361 1144 560
560 4579 2540
2540 3466 1199
1199 390 897
897 1837 1080
1080 953 1920
1920 1327 177
177 44 235
235 805 1121
1121 839 163
163 1302 1222
1222 1577 2350
2350 1138 993
993 1140 710
710 478 934
934 2135 1653
1653 2852 754
754 249 30
30 3976 1309
1309 1387 1345
1345 646 2314
2314 1181 997
997 784 296
296 2930 985
985 3261 191
191 3 6
6 2375 1524
1524 936 2597
2597 24 2762
2762 2886 1728
1728 1817 1597
1597 117 902
902 841 2799
2799 732 786
786 2018 1720
1720 171 2852
2852 897 2538
2538 5372 2680
2680 1126 2214
2214 155 1093
1093 1213 2919
2919 4770 808
808 1676 1003
1003 437 2655
2655 3120 2145
2145 1464 281
281 3757 2080
2080 1755 1154
1154 3787 2769
2769 465 2492
2492 211 1248
1248 631 409
409 3405 2803
2803 880 2450
2450 3266 1870
1870 3856 406
406 972 98
98 3014 2529
2529 3994 1103
1103 272 2317
2317 3672 2432
2432 950 903
903 619 2485
2485 1163 1618
1618 657 2106
2106 4165 2990
2990 2890 536
536 3047 214
214 138 1816
1816 4662 2162
2162 14 2406
2406 1756 1406
1406 2034 767
767 2647 2502
2502 4329 541
541 1866 1290
1290 2960 1541
1541 3703 37
37 4695 1242
1242 162 2963
2963 3142 653
653 3961 912
912 4626 2855
2855 5392 800
800 5158 1542
1542 4006 1189
1189 2602 556
556 1520 678
678 3173 2466
2466 234 182
182 1779 732
732 3894 2146
2146 3237 1088
1088 488 2334
2334 1450 2093
2093 1455 1641
1641 4711 239
239 1654 1432
1432 712 316
316 4396 761
761 3477 2603
2603 773 360
360 5155 928
928 126 1622
1622 2972 1966
1966 5369 1413
1413 513 626
626 47 283
283 2766 243
243 255 1137
1137 4319 1623
1623 580 101
101 824 1849
1849 734 806
806 3479 2987
2987 3935 2056
2056 222 2599
2599 2548 1892
1892 3106 1912
1912 1142 1568
1568 2261 2619
2619 5450 864
864 1939 141
141 379 1427
1427 1187 263
263 818 1853
1853 2854 1077
1077 3196 582
582 1411 1386
1386 3560 1036
1036 187 2321
2321 1995 850
850 659 2004
2004 193 857
857 849 2693
2693 1152 1697
1697 2743 2376
2376 1363 723
723 3887 892
892 1790 726
726 3863 881
881 2425 2573
2573 1935 267
267 4433 1567
1567 4144 2481
2481 164 2105
2105 5093 2668
2668 4252 687
687 1765 2727
2727 3336 497
497 4303 1645
1645 3497 785
785 1841 2712
2712 4719 158
158 1645 2520
2520 1824 2582
2582 1179 1990
1990 257 2869
2869 971 2569
2569 2677 1116
1116 136 2070
2070 3267 2901
2901 4116 2394
2394 2942 1439
1439 4923 2234
2234 2306 358
358 4809 2552
2552 1690 46
46 2443 2798
2798 611 999
999 1034 100
100 876 1039
1039 2925 545
545 740 2764
2764 1313 2785
2785 1246 1940
1940 617 1495
1495 4381 2280
2280 371 1621
1621 1190 1735
1735 2686 2174
2174 1317 517
517 2967 2305
2305 89 1305
1305 1404 1734
1734 1212 2921
2921 3432 2436
2436 2182 2759
2759 625 2565
2565 4145 1060
1060 2150 2047
2047 3567 1145
1145 862 2706
2706 2545 1866
1866 1147 2292
2292 3584 236
236 1436 2298
2298 4554 395
395 3618 617
617 887 1869
1869 2519 1212
1212 563 830
830 4619 503
503 287 121
121 3274 2497
2497 4572 2095
2095 3473 1391
1391 5120 2773
2773 115 1824
1824 1425 479
479 1031 1576
1576 5285 621
621 650 1974
1974 1541 200
200 199 2041
2041 2784 2155
2155 1262 2339
2339 2948 1906
1906 4514 117
117 1081 2358
2358 2642 1638
1638 4372 1285
1285 1718 1844
1844 3184 68
68 3460 2135
2135 4777 752
752 1701 300
300 5623 1502
1502 1129 1351
1351 39 1382
1382 1846 601
601 2489 725
725 2092 1468
300
2743 1528 1592
1592 2416 1102
1102 728 2175
2175 4859 636
636 4798 1455
1455 3217 1171
1171 78 817
817 4425 1839
1839 976 344
344 3251 52
52 1238 372
372 4984 2229
2229 506 547
547 311 1764
1764 1768 885
885 1059 2767
2767 4824 2008
2008 2037 2742
2742 1025 518
518 3297 103
103 5137 2660
2660 4127 309
309 1823 1338
1338 1063 2824
2824 769 2122
2122 1746 2579
2579 2634 838
838 3696 1555
1555 762 707
707 1668 1578
1578 2407 1929
1929 1704 222
222 3066 2176
2176 3586 587
587 4836 2788
2788 4944 2541
2541 1634 595
595 5556 2905
2905 1844 2739
2739 4874 894
894 235 910
910 2272 485
485 1673 1393
1393 665 1232
1232 3512 2863
2863 2142 338
338 2403 1662
1662 4072 1207
1207 1875 631
631 31 1883
1883 3302 170
170 1015 294
294 5362 2892
2892 597 1091
1091 1578 2108
2108 3555 2156
2156 1096 314
314 738 2386
2386 10 242
242 1538 1766
1766 1352 150
150 2218 1424
1424 1892 1955
1955 3324 2934
2934 3161 1911
1911 2831 2978
2978 264 1361
1361 1813 1429
1429 4725 2245
2245 3636 1262
1262 2295 2630
2630 4575 504
504 753 140
140 1804 434
434 4789 1719
1719 3591 835
835 5325 2804
2804 2008 694
694 61 130
130 128 2099
2099 3625 2030
2030 5551 1807
1807 2146 2408
2408 5462 1167
1167 1093 400
400 5233 2320
2320 5570 905
905 5477 2480
2480 2370 1201
1201 2805 2389
2389 1383 2588
2588 1108 1533
1533 3158 2491
2491 137 1639
1639 782 1590
1590 1444 1778
1778 1511 2690
2690 1651 658
658 2174 1491
1491 5564 2955
2955 5104 660
660 857 1562
1562 1334 1636
1636 5240 327
327 82 2644
2644 3186 2382
2382 4172 602
602 3170 2240
2240 1815 2692
2692 5061 2186
2186 5230 1812
1812 2645 241
241 982 71
71 5680 2021
2021 4213 389
389 3837 2402
2402 891 1864
1864 3821 265
265 2466 1149
1149 2090 451
451 2622 2207
2207 735 2846
2846 38 2016
2016 3372 429
429 1229 2282
2282 372 48
48 3291 2313
2313 542 221
221 5219 1707
1707 481 2485
2485 2791 1667
1667 1799 1887
1887 3343 352
352 812 1838
1838 484 2513
2513 1010 549
549 3526 2562
2562 3053 1383
1383 2783 1548
1548 2431 27
27 216 1058
1058 5689 2349
2349 1003 1820
1820 4273 67
67 755 1826
1826 1235 2277
2277 3600 913
913 88 776
776 1471 544
544 2600 1148
1148 4557 1430
1430 2281 2970
2970 1853 798
798 5168 2784
2784 232 1855
1855 399 1791
1791 2404 1006
1006 2478 1988
1988 3250 974
974 2905 2090
2090 325 2720
2720 4057 1113
1113 3099 1909
1909 468 1770
1770 838 933
933 2612 2387
2387 4939 2260
2260 3088 773
773 4021 2042
2042 3864 1935
1935 4538 580
580 321 2479
2479 2116 2403
2403 2573 1254
1254 283 2230
2230 1243 1515
1515 3835 1970
1970 1998 1329
1329 4334 2032
2032 968 716
716 1959 806
806 4117 984
984 1909 2936
2936 783 2599
2599 2910 845
845 111 2953
2953 184 153
153 2191 162
162 1065 864
864 4060 184
184 209 661
661 133 1612
1612 2095 664
664 1491 1077
1077 4244 535
535 3023 393
393 584 796
796 345 2321
2321 5668 1507
1507 2817 282
282 674 847
847 564 2693
2693 2331 907
907 4661 332
332 4097 2486
2486 511 2127
2127 2439 1938
1938 1016 437
437 1976 551
551 2077 1604
1604 2877 2678
2678 4664 1501
1501 2920 1459
1459 2388 679
679 5057 852
852 5441 1537
1537 3155 497
497 5443 2198
2198 1990 785
785 4548 493
493 1551 158
158 5528 490
490 1269 391
391 1969 2857
2857 1726 1434
1434 889 2337
2337 850 2851
2851 4561 2244
2244 3132 1695
1695 1191 1388
1388 1396 1775
1775 2169 915
915 930 750
750 229 1971
1971 479 404
404 3963 1261
1261 1044 1002
1002 3996 1811
1811 294 55
55 4431 2256
2256 919 2764
2764 2486 1061
1061 3804 418
418 332 386
386 1685 297
297 416 44
44 2221 440
440 2317 818
818 334 2071
2071 4927 1534
1534 615 2833
2833 3089 2576
2576 2909 1211
1211 574 844
844 3433 272
272 1132 1551
1551 610 104
104 185 2602
2602 2694 2144
2144 3070 1320
1320 3651 1293
1293 3361 1246
1246 1012 1532
1532 5146 2946
2946 912 168
168 3254 1055
1055 433 337
337 1898 2677
2677 3656 1462
1462 422 183
183 3374 986
986 3822 2307
2307 997 2649
2649 1164 1071
1071 550 2361
2361 3750 2889
2889 2819 1616
1616 1822 450
450 1922 893
893 2114 301
301 2809 1321
1321 1937 2826
2826 1095 911
911 3239 257
257 4902 1906
1906 4795 1436
1436 196 1800
1800 48 758
758 2513 646
646 1745 78
78 3375 704
704 567 1225
1225 1037 2897
2897 2739 550
550 1602 1996
1996 4740 2118
2118 1039 125
125 4920 1893
1893 886 725
725 3412 1468
300
2743 2066 2472
2472 1569 1858
1858 3616 1982
1982 1603 2296
2296 2527 1412
1412 847 2741
2741 1826 1241
1241 2835 877
877 3380 1240
1240 4525 1714
1714 607 2952
2952 1552 466
466 1979 1026
1026 2253 2631
2631 2516 2530
2530 341 189
189 1926 1813
1813 4270 862
862 3681 109
109 2834 1054
1054 4050 1472
1472 1927 2761
2761 4938 1338
1338 5375 937
937 5334 2291
2291 2652 1380
1380 2881 1295
1295 2143 1024
1024 4717 1602
1602 5658 647
647 2844 489
489 3641 592
592 2659 2388
2388 1912 1626
1626 4096 240
240 2064 2707
2707 1435 1198
1198 2102 2109
2109 3388 250
250 3188 1142
1142 4134 849
849 4305 2868
2868 3032 1393
1393 2096 554
554 3749 2863
2863 5448 868
868 2242 16
16 2924 1207
1207 2424 2710
2710 3257 432
432 3084 1591
1591 3017 205
205 5483 2981
2981 2537 591
591 3072 1503
1503 689 1908
1908 1752 2136
2136 32 2827
2827 4067 2503
2503 339 779
779 3154 2924
2924 536 506
506 745 1311
1311 780 2360
2360 370 1474
1474 1893 339
339 937 1650
1650 2476 2900
2900 2781 1384
1384 1699 2055
2055 4595 1089
1089 5006 2959
2959 1662 2278
2278 1769 2037
2037 3105 2326
2326 3610 1531
1531 464 1852
1852 338 1366
1366 2919 226
226 533 1282
1282 2398 1822
1822 3073 1624
1624 2430 2201
2201 2046 2750
2750 1268 2455
2455 2951 1563
1563 2529 2006
2006 3192 2314
2314 2468 2498
2498 4062 718
718 5081 985
985 3799 2023
2023 239 2809
2809 2944 436
436 2619 2604
2604 1845 1287
1287 4094 1331
1331 1440 1573
1573 292 93
93 3766 1464
1464 308 583
583 3940 596
596 3285 2166
2166 3946 1696
1696 1796 2010
2010 632 1163
1163 2788 1823
1823 2209 2167
2167 2405 511
511 3664 1046
1046 2198 825
825 1060 1359
1359 931 334
334 4690 230
230 1169 1059
1059 2630 684
684 3925 585
585 224 265
265 4191 23
23 867 451
451 2962 2535
2535 2188 747
747 4309 888
888 434 303
303 1394 1123
1123 4946 645
645 514 1310
1310 881 1485
1485 1373 2238
2238 2827 2464
2464 1865 298
298 5593 721
721 749 392
392 1240 371
371 4819 149
149 974 2398
2398 414 691
691 970 1208
1208 2603 1108
1108 2294 1272
1272 3049 553
553 206 823
823 515 1984
1984 627 2837
2837 1300 1946
1946 5577 2028
2028 2015 2960
2960 1412 950
950 1011 499
499 435 1445
1445 2319 85
85 1703 1542
1542 5393 2000
2000 1159 367
367 4731 2324
2324 4409 1879
1879 170 606
606 3490 345
345 440 1657
1657 1292 1203
1203 1277 586
586 3288 1250
1250 967 376
376 973 1686
1686 499 1684
1684 945 1687
1687 1835 2616
2616 313 2276
2276 1009 196
196 58 2074
2074 2334 1678
1678 1533 2591
2591 2007 951
951 1537 1308
1308 1612 2067
2067 432 2801
2801 3738 2632
2632 1463 2593
2593 266 1276
1276 2878 442
442 178 2560
2560 2670 438
438 1345 2931
2931 1155 77
77 2539 2087
2087 927 1767
1767 658 537
537 2395 540
540 262 86
86 1785 2046
2046 3937 2607
2607 3832 2906
2906 4701 2909
2909 19 1456
1456 5113 2568
2568 5415 946
946 1485 94
94 4648 2158
2158 4732 424
424 4401 39
39 3646 165
165 2378 2257
2257 4496 775
775 4709 315
315 2033 723
723 5635 106
106 282 1334
1334 4528 514
514 2755 2331
2331 1083 1200
1200 3147 2227
2227 4656 2618
2618 4022 1128
1128 1413 73
73 556 2511
2511 1023 2727
2727 4008 1925
1925 653 2198
2198 2471 64
64 1836 648
648 1066 507
507 3202 2487
2487 2818 762
762 1808 459
459 2533 742
742 425 2064
2064 4748 90
90 3785 347
347 2055 10
10 1657 1178
1178 4343 1052
1052 4090 2625
2625 4843 1418
1418 391 1666
1666 5202 2841
2841 1468 1809
1809 1111 1730
1730 2918 728
728 4642 2369
2369 4098 2391
2391 873 1768
1768 1402 1965
1965 3212 731
731 760 1980
1980 253 2521
2521 914 1190
1190 654 486
486 668 433
433 4310 1790
1790 2515 1428
1428 29 2210
2210 4221 1734
1734 4299 1792
1792 4510 1831
1831 53 1702
1702 1417 1048
1048 802 1665
1665 1452 1543
1543 260 1217
1217 1584 2196
2196 2946 1866
1866 4942 2786
2786 5026 236
236 1515 1619
1619 131 1749
1749 2848 1181
1181 2764 271
271 363 510
510 751 305
305 1149 2556
2556 1592 2933
2933 2048 604
604 1206 1447
1447 823 682
682 2957 2289
2289 2328 1480
1480 446 2318
2318 1220 815
815 3180 260
260 1869 2555
2555 5003 2561
2561 551 1422
1422 1590 285
285 5582 2949
2949 3310 1441
1441 5105 1094
1094 3892 2452
2452 1406 2679
2679 5344 2853
2853 2399 1756
1756 5220 819
819 3260 2544
2544 2014 829
829 3104 2531
2531 5126 1701
1701 4442 1351
1351 1834 513
513 843 2969
2969 2667 1421
1421 903 1468
300
2743 2627 2132
2132 1295 640
640 90 1097
1097 192 1615
1615 2983 2814
2814 2816 2741
2741 4403 2288
2288 5604 870
870 2532 1725
1725 4227 998
998 1038 2073
2073 2465 466
466 2496 2140
2140 2577 2631
2631 5447 1245
1245 3444 1676
1676 517 1454
1454 2735 1001
1001 3663 2170
2170 1437 2383
2383 4669 714
714 984 2984
2984 2151 1296
1296 3593 2147
2147 3208 390
390 2588 1593
1593 1717 2758
2758 5607 2220
2220 3601 1448
1448 2263 2547
2547 4002 341
341 2546 319
319 3505 2124
2124 2449 2465
2465 3713 1949
1949 2358 1788
1788 4266 9
9 2753 195
195 27 1640
1640 4813 1396
1396 991 1526
1526 2555 1584
1584 4194 1073
1073 5592 1627
1627 459 2524
2524 3959 1253
1253 492 290
290 3698 1989
1989 305 1630
1630 4506 2790
2790 5203 1835
1835 4677 533
533 17 1372
1372 3134 2418
2418 522 1934
1934 5241 2128
2128 2584 314
314 2583 1833
1833 2849 501
501 2223 2180
2180 4452 2696
2696 11 1424
1424 5095 128
128 2413 876
876 1764 745
745 3369 2725
2725 667 1815
1815 4335 2643
2643 1629 144
144 964 1874
1874 1428 1353
1353 2287 1969
1969 5264 140
140 5314 891
891 2101 1719
1719 4474 2726
2726 3241 147
147 1956 694
694 2850 1789
1789 5069 88
88 3914 209
209 2804 2652
2652 2346 519
519 3322 948
948 5442 30
30 4834 1150
1150 447 652
652 1981 278
278 5527 2171
2171 3043 2463
2463 992 2797
2797 3169 1694
1694 3853 2590
2590 5270 1595
1595 3301 939
939 1279 2286
2286 1320 173
173 5631 1573
1573 448 902
902 2304 2192
2192 1502 2195
2195 220 2774
2774 1710 2259
2259 1962 443
443 5018 357
357 63 1673
1673 2770 2297
2297 3522 729
729 2017 512
512 1301 1312
1312 1248 1056
1056 2585 1031
1031 1561 377
377 1133 1294
1294 460 1032
1032 270 983
983 2167 1913
1913 2380 2236
2236 3480 2001
2001 1734 1337
1337 1305 1117
1117 2552 1882
1882 778 2601
2601 2285 2149
2149 68 655
655 252 525
525 759 2461
2461 4650 1485
1485 5586 807
807 3103 1724
1724 289 1226
1226 1679 867
867 3793 392
392 1263 1090
1090 998 149
149 3379 181
181 2315 1228
1228 663 1208
1208 3939 478
478 1219 2121
2121 870 553
553 406 1492
1492 3765 1504
1504 4887 1072
1072 3527 2859
2859 364 921
921 4906 878
878 1150 1100
1100 1175 1932
1932 2239 2988
2988 2536 2252
2252 2047 467
467 660 2840
2840 3779 2506
2506 501 2324
2324 4861 174
174 939 2274
2274 1872 1539
1539 791 2146
2146 3695 175
175 2042 2190
2190 800 1741
1741 916 1594
1594 717 875
875 1839 1684
1684 1729 157
157 1820 2616
2616 1616 2939
2939 792 87
87 2144 2908
2908 1637 1678
1678 5141 909
909 475 2133
2133 2518 557
557 1006 1931
1931 4182 2801
2801 4638 111
111 1134 879
879 295 2081
2081 4419 442
442 1733 1379
1379 5085 438
438 2906 1270
1270 775 2870
2870 2485 2364
2364 3282 1767
1767 5214 2222
2222 3741 2501
2501 348 86
86 2643 2235
2235 3710 1819
1819 490 917
917 3824 2909
2909 4287 565
565 1793 1900
1900 2288 746
746 2057 2646
2646 4543 1796
1796 2893 424
424 5524 676
676 4995 165
165 3086 1716
1716 3929 906
906 1297 2954
2954 1759 333
333 642 1598
1598 310 880
880 555 2647
2647 2168 899
899 767 1782
1782 1287 417
417 5097 2891
2891 710 2435
2435 2106 688
688 2257 1722
1722 319 1234
1234 3181 526
526 559 2446
2446 424 1917
1917 3828 274
274 1141 720
720 4247 473
473 3219 839
839 2732 459
459 3413 2036
2036 5382 61
61 4546 84
84 342 802
802 3275 2265
2265 4171 996
996 1920 2845
2845 1789 1841
1841 1257 558
558 4608 2546
2546 855 2328
2328 2286 724
724 2271 2811
2811 840 1692
1692 523 2208
2208 3002 411
411 4336 488
488 1176 2781
2781 4865 1344
1344 1947 1652
1652 1803 1339
1339 4863 399
399 3352 245
245 1672 1307
1307 5402 1790
1790 3030 1191
1191 2454 2453
2453 269 1049
1049 3552 1211
1211 1532 2345
2345 3554 941
941 1949 685
685 4030 104
104 852 542
542 3903 1140
1140 429 1512
1512 754 2062
2062 1529 1389
1389 2155 2992
2992 2310 2948
2948 5413 168
168 4564 1376
1376 1784 112
112 1336 1956
1956 2442 1369
1369 5627 1851
1851 5248 1484
1484 1968 1745
1745 453 1608
1608 2473 982
982 2038 1976
1976 2655 2052
2052 2086 919
919 4825 2285
2285 1709 2237
2237 3143 439
439 794 2621
2621 2441 2123
2123 2463 1286
1286 3754 231
231 1675 2443
2443 5134 756
756 3594 1336
1336 1847 2327
2327 2063 492
492 707 53
53 1507 1675
1675 835 690
690 1741 2119
2119 2219 615
615 148 854
854 377 657
657 2492 1172
1172 2719 2353
2353 633 1138
1138 1340 1468
300
2743 2769 1919
1919 1674 1858
1858 4446 2633
2633 5066 2296
2296 4255 2937
2937 4815 2708
2708 477 1157
1157 1886 877
877 4029 1698
1698 5007 2351
2351 4623 2952
2952 3449 1709
1709 2110 803
803 1623 452
452 905 262
262 498 1256
1256 4264 1867
1867 333 1263
1263 3855 2527
2527 1054 1921
1921 2227 1034
1034 5469 1923
1923 589 2375
2375 5697 2356
2356 355 287
287 4395 784
784 4910 457
457 3348 1224
1224 3605 15
15 2620 2233
2233 4411 1162
1162 3509 2676
2676 4704 788
788 2565 2716
2716 3041 240
240 2614 764
764 1850 789
789 2210 2500
2500 2540 2034
2034 1210 574
574 1035 910
910 5145 2592
2592 1579 2808
2808 1778 895
895 4140 447
447 2070 369
369 3203 1552
1552 1843 2595
2595 3463 223
223 5101 2689
2689 4063 170
170 2301 2620
2620 375 45
45 86 2748
2748 1806 1503
1503 4712 1747
1747 1694 2136
2136 4333 2419
2419 875 2503
2503 5290 1642
1642 3403 308
308 2651 403
403 1067 470
470 3511 1081
1081 1900 2194
2194 3624 1861
1861 254 1461
1461 160 884
884 2178 342
342 877 1199
1199 1965 2143
2143 966 1080
1080 2240 143
143 4541 177
177 4126 1751
1751 2061 266
266 4934 810
810 4278 1948
1948 3333 2350
2350 1207 2654
2654 2681 710
710 4412 938
938 157 2201
2201 5173 2437
2437 1712 1865
1865 3236 2333
2333 4569 1536
1536 316 2182
2182 5608 1856
1856 1721 136
136 1244 816
816 2965 2525
2525 2112 2125
2125 3109 2751
2751 2220 2392
2392 423 782
782 1601 2690
2690 3160 1564
1564 4621 475
475 2807 2563
2563 76 1023
1023 2126 1562
1562 3572 630
630 503 1681
1681 1453 2272
2272 1429 2664
2664 1335 2120
2120 602 2343
2343 888 1664
1664 1748 858
858 1298 2341
2341 2797 887
887 1196 229
229 525 2489
2489 736 1575
1575 4241 530
530 4914 1067
1067 3486 484
484 1724 957
957 5312 1579
1579 3448 2450
2450 3721 2153
2153 2145 1475
1475 1598 1068
1068 4049 655
655 4918 2653
2653 1688 415
415 911 2830
2830 1087 2796
2796 552 2442
2442 1490 2873
2873 1557 721
721 1168 2029
2029 1996 371
371 5313 2691
2691 2032 2972
2972 1022 691
691 2576 1354
1354 299 478
478 1918 1272
1272 4534 1585
1585 1749 823
823 3483 1360
1360 1307 1072
1072 5674 2663
2663 4618 13
13 315 766
766 690 1100
1100 2586 1124
1124 1092 2902
2902 737 1845
1845 516 2251
2251 1323 1420
1420 482 331
331 4530 1560
1560 2248 167
167 2029 970
970 225 1020
1020 3115 1898
1898 1101 1498
1498 358 2168
2168 4321 1250
1250 4092 920
920 1361 1686
1686 4835 2968
2968 3304 166
166 1001 1009
1009 3979 28
28 554 196
196 2141 2908
2908 4705 1120
1120 3456 1553
1553 3075 1413
1413 951 160
160 5530 283
283 3615 1515
1515 5228 2628
2628 2303 1096
1096 4782 2032
2032 4429 1399
1399 890 2734
2734 622 2390
2390 5412 759
759 1002 1488
1488 223 859
859 3415 1599
1599 3534 671
671 4150 2731
2731 1431 2248
2248 3210 1487
1487 1280 1916
1916 1983 2657
2657 1923 2671
2671 190 1215
1215 4763 1075
1075 45 393
393 4348 1036
1036 1509 563
563 2712 2475
2475 918 2856
2856 3323 857
857 5130 2035
2035 5112 1715
1715 1971 2376
2376 5379 2550
2550 1360 892
892 2023 1334
1334 5218 2558
2558 5546 2573
2573 4422 2976
2976 4858 2227
2227 5121 2951
2951 4345 2684
2684 819 73
73 4449 2665
2665 318 2415
2415 327 1798
1798 5045 1561
1561 1874 64
64 5578 2712
2712 4876 1347
1347 3811 2659
2659 2824 426
426 4667 1959
1959 2744 359
359 2130 2337
2337 4040 1863
1863 5154 1408
1408 1068 2534
2534 3135 1572
1572 1573 532
532 3820 2667
2667 3331 750
750 5384 289
289 848 2308
2308 421 1471
1471 1613 43
43 858 1711
1711 3544 944
944 1720 576
576 5367 2141
2141 2903 698
698 3234 2467
2467 981 2330
2330 5109 2521
2521 5561 1586
1586 3182 486
486 1743 930
930 4475 423
423 4808 2305
2305 4839 102
102 777 2368
2368 2393 616
616 60 2792
2792 3637 1319
1319 5319 1112
1112 4613 1315
1315 994 529
529 37 739
739 2616 2228
2228 2343 1293
1293 4629 865
865 2088 1161
1161 5404 1147
1147 3071 449
449 1050 617
617 3278 2018
2018 2373 1613
1613 1474 2518
2518 4003 976
976 3668 2933
2933 2525 642
642 636 279
279 5476 2371
2371 2814 1828
1828 5403 708
708 189 1440
1440 3574 1469
1469 129 1944
1944 4635 2439
2439 3344 2561
2561 1400 918
918 4882 2049
2049 4780 1109
1109 409 1040
1040 2456 1094
1094 5139 275
275 5208 2303
2303 1173 1285
1285 4585 2173
2173 2493 819
819 4588 1985
1985 5618 1538
1538 1162 1111
1111 4136 2730
2730 2799 2642
2642 3745 1610
1610 4077 2969
2969 3543 2404
2404 2414 1468
300
2743 3222 1717
1717 1408 2685
2685 41 2400
2400 302 774
774 426 1165
1165 2376 129
129 3038 979
979 2733 2005
2005 3342 1402
1402 4318 932
932 1562 1933
1933 4083 638
638 5110 1064
1064 4866 2813
2813 146 2920
2920 2526 527
527 4505 2312
2312 3719 2879
2879 1655 1511
1511 5332 99
99 621 1395
1395 1498 1923
1923 4758 2958
2958 4048 2512
2512 4820 287
287 4922 2310
2310 1082 1328
1328 4721 1024
1024 5391 2965
2965 3611 647
647 5059 1162
1162 3843 592
592 5506 788
788 3516 1626
1626 4460 123
123 1289 764
764 3273 1198
1198 2871 2971
2971 2751 250
250 3314 574
574 2387 1753
1753 2503 485
485 5114 2843
2843 3494 1659
1659 5417 447
447 3207 2440
2440 2721 16
16 3847 2595
2595 5687 631
631 4471 2054
2054 2337 1591
1591 5340 2084
2084 2160 45
45 4027 1727
1727 1942 444
444 221 940
940 4696 1968
1968 67 207
207 2470 2923
2923 811 735
735 2989 2469
2469 2050 1661
1661 647 1311
1311 5699 848
848 4894 793
793 2571 1609
1609 4511 1650
1650 4787 2818
2818 214 520
520 4610 107
107 2661 1291
1291 2568 41
41 1013 772
772 1640 827
827 466 1995
1995 5535 1170
1170 1580 559
559 3381 2254
2254 4926 366
366 2710 1529
1529 3731 2683
2683 3220 1047
1047 4499 855
855 2772 637
637 770 863
863 1116 2333
2333 5153 2629
2629 3665 1910
1910 195 2295
2295 543 1083
1083 3198 706
706 3614 2871
2871 5493 1213
1213 2204 1639
1639 3869 1601
1601 3141 2894
2894 3809 2494
2494 5698 1979
1979 3508 2522
2522 502 483
483 4570 923
923 109 1499
1499 3482 1886
1886 3281 730
730 1069 220
220 353 2941
2941 2502 1823
1823 5638 2325
2325 1182 1288
1288 1547 2847
2847 1488 825
825 5084 241
241 3187 2858
2858 2793 2021
2021 5028 2821
2821 5647 2402
2402 1216 2802
2802 2113 2828
2828 5386 2661
2661 3969 1365
1365 5051 1993
1993 4929 2038
2038 1343 2020
2020 5433 2575
2575 1283 2884
2884 2551 1103
1103 2728 1945
1945 388 2979
2979 3778 903
903 714 1605
1605 2629 1667
1667 3064 813
813 820 972
972 1421 1838
1838 1525 1967
1967 940 973
973 1308 2162
2162 4420 2956
2956 5594 1406
1406 2654 743
743 5511 1153
1153 2912 541
541 5438 1600
1600 4418 1541
1541 4075 1367
1367 1760 2462
2462 1989 2085
2085 975 890
890 4653 47
47 4790 2687
2687 1234 1423
1423 539 1729
1729 4193 1689
1689 834 556
556 3561 2460
2460 2085 1978
1978 412 927
927 4892 407
407 2366 2613
2613 1091 1088
1088 4838 1997
1997 1774 1741
1741 4351 1257
1257 2105 239
239 4356 1690
1690 4757 316
316 5553 832
832 3453 302
302 1781 1733
1733 3694 1527
1527 2860 1486
1486 2320 1553
1553 3957 2133
2133 4729 160
160 5700 2724
2724 3080 72
72 2043 2632
2632 5430 405
405 808 491
491 1423 2770
2770 3573 408
408 5302 945
945 1787 82
82 1628 2870
2870 5268 1656
1656 2693 1912
1912 3812 760
760 5494 540
540 716 2239
2239 194 141
141 1910 1819
1819 3772 263
263 1057 1889
1889 3817 2200
2200 3013 1004
1004 2202 946
946 4289 831
831 4435 2493
2493 3144 2475
2475 1215 2004
2004 4950 847
847 4470 1209
1209 5129 2600
2600 1716 33
33 2352 1375
1375 2233 1549
1549 1795 1803
1803 145 480
480 165 2698
2698 3487 122
122 2397 2554
2554 246 180
180 4394 1847
1847 207 1704
1704 1476 2428
2428 4465 882
882 1700 1635
1635 3962 2539
2539 1807 255
255 1681 274
274 2409 455
455 1911 2935
2935 2641 362
362 995 780
780 1104 258
258 2488 61
61 5060 420
420 3371 2014
2014 956 349
349 2298 1178
1178 4886 76
76 3231 1649
1649 2907 1830
1830 4899 2546
2546 1256 2841
2841 4390 1471
1471 2985 1730
1730 4489 680
680 5195 2369
2369 5648 1516
1516 4799 1768
1768 2874 698
698 4263 2152
2152 3537 2045
2045 2843 712
712 2238 2622
2622 2528 1735
1735 3097 1769
1769 583 872
872 3121 2942
2942 634 102
102 3662 348
348 4316 616
616 3576 1831
1831 3016 2759
2759 2792 1048
1048 5510 1060
1060 3538 1543
1543 1166 1145
1145 2138 2196
2196 4402 428
428 4365 2134
2134 731 146
146 166 1184
1184 5566 449
449 3921 2302
2302 2084 2429
2429 2152 1212
1212 2467 2518
2518 4015 503
503 1372 1744
1744 3003 1765
1765 2461 2095
2095 4483 851
851 921 2773
2773 4279 1301
1301 3377 479
479 4128 2025
2025 1738 260
260 1885 1974
1974 3704 2587
2587 828 2041
2041 3964 25
25 4733 257
257 5675 2746
2746 3195 1436
1436 3723 1313
1313 95 2022
2022 3055 2344
2344 1115 468
468 4242 2013
2013 618 1414
1414 1200 2243
2243 2262 561
561 5013 2113
2113 1090 2301
2301 4577 627
627 987 1893
1893 5620 952
952 1377 1468
300
2743 3408 1919
1919 2341 2202
2202 1914 1982
1982 1686 116
116 3046 2937
2937 5175 1214
1214 5378 1157
1157 3068 2061
2061 4228 1698
1698 5135 1714
1714 5351 2073
2073 4308 719
719 5075 2140
2140 4398 1679
1679 3093 410
410 279 189
189 3728 2819
2819 786 1001
1001 5397 2732
2732 1772 822
822 1008 625
625 3201 572
572 3166 2218
2218 3227 164
164 599 14
14 5388 2449
2449 851 1050
1050 35 208
208 2558 15
15 5231 2612
2612 4004 134
134 4532 1860
1860 1449 2733
2733 3691 502
502 5545 1571
1571 3551 2707
2707 5070 495
495 1315 929
929 2459 2377
2377 3506 2258
2258 1252 1535
1535 1293 2745
2745 2291 1045
1045 3524 374
374 4784 2880
2880 3978 1416
1416 5634 709
709 3868 131
131 788 461
461 1366 1802
1802 3780 2787
2787 5479 533
533 4968 261
261 4315 2418
2418 2195 639
639 2351 1840
1840 1367 148
148 2200 1400
1400 4115 83
83 2938 1236
1236 5286 578
578 4512 2172
2172 4176 1057
1057 389 2874
2874 2702 2876
2876 4509 1861
1861 5565 135
135 441 2985
2985 909 42
42 2231 2332
2332 4771 1554
1554 3711 1523
1523 949 2027
2027 46 1155
1155 1270 1814
1814 1955 51
51 1241 2219
2219 168 1366
1366 5209 2066
2066 4723 1282
1282 2579 2509
2509 3465 1047
1047 5001 18
18 2030 637
637 3895 1227
1227 679 826
826 2703 2033
2033 934 1910
1910 2501 2596
2596 1497 273
273 5347 2807
2807 2869 2525
2525 3784 336
336 5054 1524
1524 5036 2570
2570 408 1179
1179 25 1728
1728 3547 1465
1465 4332 394
394 3995 2799
2799 1245 2407
2407 3400 1051
1051 996 2852
2852 4320 2224
2224 240 2680
2680 4215 1494
1494 3309 2749
2749 1286 2335
2335 3206 960
960 2748 1003
1003 2289 1481
1481 3443 2145
2145 1735 2496
2496 2879 192
192 3194 1154
1154 5122 842
842 3953 2492
2492 1493 2236
2236 4093 1230
1230 4493 1337
1337 1992 757
757 28 1671
1671 4106 2670
2670 795 303
303 4611 1066
1066 4687 525
525 2553 2160
2160 2828 139
139 1814 1510
1510 2284 2638
2638 4026 2873
2873 4196 2886
2886 183 2528
2528 1043 1118
1118 2543 1275
1275 3930 2972
2972 4500 622
622 285 1354
1354 3833 1960
1960 1777 2370
2370 4207 2059
2059 3733 1122
1122 4281 2772
2772 172 2825
2825 1571 1186
1186 2392 2810
2810 1369 159
159 2058 1126
1126 2012 481
481 1833 2703
2703 709 1845
1845 3915 467
467 2374 2468
2468 42 331
331 5423 2688
2688 2005 1879
1879 2483 2875
2875 1550 1020
1020 5583 1904
1904 3570 1182
1182 3334 1915
1915 2900 1771
1771 198 2779
2779 2340 2414
2414 588 313
313 1540 2399
2399 152 722
722 3150 1854
1854 2458 318
318 1960 2263
2263 5116 2768
2768 1379 1101
1101 5297 1582
1582 5683 1308
1308 5287 2011
2011 4872 1540
1540 5328 1340
1340 4301 879
879 1832 1276
1276 5628 515
515 4317 1404
1404 548 2747
2747 2595 1270
1270 5702 1348
1348 407 2364
2364 4553 79
79 1542 537
537 4846 2501
2501 4138 1981
1981 4657 2447
2447 1378 2092
2092 2434 2490
2490 4448 2323
2323 445 1936
1936 722 1953
1953 55 2098
2098 2826 2932
2932 469 382
382 1114 1324
1324 4540 799
799 1273 740
740 1494 1799
1799 2490 1773
1773 3126 1759
1759 2396 925
925 572 1598
1598 4598 1371
1371 336 866
866 1499 2488
2488 4249 463
463 577 2666
2666 3471 2618
2618 4184 2684
2684 1157 2668
2668 5664 2511
2511 3844 2415
2415 3229 1925
1925 4001 1561
1561 3607 2273
2273 4454 277
277 3674 507
507 3209 2659
2659 3441 391
391 2122 1959
1959 5172 1434
1434 4678 701
701 5538 2672
2672 2175 2244
2244 4909 1356
1356 2326 643
643 4233 1775
1775 4088 2234
2234 5092 2316
2316 2324 1971
1971 541 2380
2380 1506 2129
2129 5690 999
999 1800 1811
1811 3036 1039
1039 4810 2256
2256 5688 253
253 1051 2100
2100 4587 355
355 3404 2107
2107 2887 2280
2280 2699 744
744 2159 2623
2623 1974 600
600 197 1076
1076 4122 1961
1961 5573 2791
2791 452 634
634 5542 820
820 1288 1411
1411 741 941
941 3627 1781
1781 3215 1044
1044 1174 2602
2602 3114 1140
1140 1311 2347
2347 1172 2062
2062 2796 421
421 3559 1450
1450 2605 259
259 4124 2763
2763 1237 1837
1837 1639 2656
2656 4671 114
114 1977 2834
2834 3478 1710
1710 1563 1484
1484 5176 677
677 2472 1608
1608 5015 581
581 620 546
546 72 2783
2783 1863 1580
1580 521 2191
2191 5339 2237
2237 4277 2396
2396 4146 2621
2621 2689 2185
2185 4313 1286
1286 4526 368
368 1702 1829
1829 606 1185
1185 1619 1581
1581 5346 2829
2829 1222 2311
2311 3470 2515
2515 2705 161
161 4211 690
690 2626 794
794 861 1731
1731 158 1018
1018 744 2329
2329 2206 2917
2917 1339 2610
2610 1112 1483
1483 1458 1468
300
2743 3883 2543
2543 4325 1099
1099 1416 991
991 2889 1958
1958 4312 1438
1438 77 1473
1473 2806 979
979 3387 2577
2577 4195 1705
1705 5370 52
52 3019 669
669 1139 2229
2229 5536 2474
2474 5166 1764
1764 3337 110
110 965 1279
1279 203 1221
1221 132 1570
1570 2323 1341
1341 3732 1
1 3140 1472
1472 5040 668
668 662 2777
2777 4972 2824
2824 872 280
280 3898 2579
2579 2718 1238
1238 3882 2470
2470 4045 707
707 1858 1000
1000 2356 1929
1929 4342 2695
2695 3303 2176
2176 3740 1029
1029 4764 833
833 1558 2541
2541 4559 2883
2883 4190 2500
2500 4430 2739
2739 5437 2782
2782 4103 1607
1607 5169 1042
1042 1086 824
824 1018 127
127 1075 2961
2961 1982 369
369 3806 1859
1859 4581 2915
2915 92 737
737 3643 472
472 1792 2757
2757 5445 388
388 1518 1317
1317 681 351
351 1073 2805
2805 4735 2156
2156 2707 697
697 1877 2386
2386 2068 501
501 4612 1268
1268 106 150
150 4059 193
193 1773 128
128 3891 1325
1325 3306 1911
1911 5691 1943
1943 3879 5
5 1526 2643
2643 5363 34
34 565 107
107 5046 2215
2215 1870 41
41 2575 1358
1358 1782 827
827 4486 58
58 1228 1170
1170 3112 1104
1104 181 1470
1470 4226 947
947 2504 1547
1547 4073 954
954 1556 1509
1509 3130 1550
1550 1548 1187
1187 3031 1260
1260 1218 402
402 4691 1986
1986 670 1158
1158 4170 19
19 3007 1433
1433 1994 1105
1105 1356 1533
1533 5581 1975
1975 3598 1269
1269 781 955
955 4519 1903
1903 2016 1247
1247 374 1206
1206 5563 2522
2522 4065 1817
1817 725 2019
2019 4404 1499
1499 5212 2627
2627 2118 730
730 5278 2010
2010 4413 1673
1673 4828 675
675 2597 729
729 5298 1288
1288 1608 1312
1312 3841 659
659 2251 1031
1031 4840 334
334 5282 2211
2211 3792 1059
1059 3546 24
24 1492 1648
1648 4681 132
132 3332 330
330 5615 2982
2982 304 2535
2535 5147 2846
2846 3010 2425
2425 3999 429
429 1678 176
176 2132 48
48 5238 2636
2636 2427 2427
2427 892 1143
1143 1934 2138
2138 1501 414
414 4199 1385
1385 3592 1992
1992 4960 1090
1090 5010 931
931 4393 181
181 5482 1265
1265 5149 29
29 925 1108
1108 3359 967
967 1239 2753
2753 4832 629
629 4643 1350
1350 359 2837
2837 5050 2715
2715 1056 2028
2028 2028 2850
2850 5504 812
812 671 172
172 4503 2855
2855 5461 1423
1423 3972 2635
2635 4113 1189
1189 4762 2701
2701 251 445
445 1913 2466
2466 4164 2274
2274 3399 345
345 1160 1210
1210 2582 1498
1498 5132 586
586 3952 2943
2943 504 1594
1594 1350 654
654 2813 1432
1432 5427 2519
2519 3005 832
832 5316 2603
2603 4848 1164
1164 3396 1935
1935 4760 118
118 3500 965
965 4524 2566
2566 400 1850
1850 718 238
238 929 590
590 2137 1963
1963 3661 2269
2269 1380 1035
1035 708 1620
1620 1351 2734
2734 4387 665
665 5657 1508
1508 1622 1132
1132 799 2187
2187 120 1599
1599 4583 26
26 2421 2731
2731 1725 516
516 2768 1520
1520 2949 343
343 4620 573
573 685 2671
2671 3175 990
990 1819 1075
1075 4256 2340
2340 4019 796
796 3469 791
791 1281 943
943 545 1271
1271 1665 1442
1442 605 649
649 2997 2322
2322 286 1914
1914 275 1065
1065 3245 1674
1674 1663 880
880 1921 95
95 2812 126
126 85 1782
1782 3233 1497
1497 1919 237
237 3368 312
312 1472 1700
1700 2500 748
748 1986 2226
2226 1451 482
482 2357 1632
1632 438 1233
1233 2682 2231
2231 1589 66
66 2400 2567
2567 4010 762
762 3265 2735
2735 2638 742
742 1232 2974
2974 3172 420
420 4833 347
347 2280 349
349 4756 996
996 2460 76
76 3283 1841
1841 1751 2416
2416 1419 199
199 2402 1069
1069 2279 611
611 1136 2811
2811 2275 2203
2203 5117 2208
2208 4327 2193
2193 1516 1078
1078 5684 1965
1965 5368 2467
2467 1125 2045
2045 4269 75
75 3877 1621
1621 1197 2848
2848 324 1769
1769 1830 517
517 3152 2942
2942 4752 2290
2290 3904 348
348 5272 2537
2537 2213 1030
1030 2345 2150
2150 2787 462
462 1859 1315
1315 2072 1194
1194 5348 739
739 3810 1880
1880 5526 1758
1758 575 865
865 4964 1532
1532 5520 2217
2217 1693 2499
2499 26 2738
2738 2990 337
337 2650 922
922 5065 2181
2181 4306 1780
1780 3484 667
667 2598 666
666 4979 2649
2649 2422 608
608 1195 1506
1506 1575 1824
1824 3755 836
836 4364 624
624 836 2441
2441 3803 1952
1952 5671 1321
1321 3272 2594
2594 5418 911
911 4119 1706
1706 3525 2746
2746 3966 2938
2938 4359 326
326 4737 1013
1013 16 492
492 2333 2412
2412 1978 1133
1133 793 1972
1972 5161 794
794 3658 373
373 4357 1663
1663 2611 2329
2329 4606 2126
2126 2858 2610
2610 5639 2775
2775 3284 1468
300
2743 3948 1717
1717 4153 1099
1099 2648 771
771 4414 1958
1958 5260 1197
1197 3553 809
809 3358 2434
2434 401 2005
2005 5414 1401
1401 2453 2794
2794 4573 1086
1086 5540 1398
1398 2177 803
803 5521 31
31 4261 262
262 3540 597
597 1888 1867
1867 1392 2216
2216 598 96
96 1409 822
822 5239 325
325 237 1629
1629 4936 1460
1460 2885 164
164 4837 2606
2606 2497 2413
2413 2961 398
398 1448 1281
1281 5079 1448
1448 2742 225
225 3650 341
341 4481 2086
2086 4807 1267
1267 5047 219
219 2734 1949
1949 4209 734
734 276 2393
2393 4297 195
195 1941 2816
2816 2720 264
264 5560 628
628 5127 1458
1458 2394 824
824 1105 895
895 4369 2961
2961 4987 2584
2584 2617 1394
1394 66 2915
2915 4668 2104
2104 1555 2689
2689 5035 1994
1994 3146 294
294 5454 1742
1742 4682 1727
1727 2940 2940
2940 2811 460
460 3725 1942
1942 4245 2815
2815 386 1846
1846 1266 1766
1766 1496 169
169 5512 193
193 3008 2405
2405 1459 876
876 4518 1644
1644 3503 1943
1943 4699 901
901 1763 1429
1429 5284 873
873 1346 4
4 3277 897
897 1887 1378
1378 1825 143
143 5649 1897
1897 3200 1751
1751 5523 2433
2433 519 163
163 1658 1948
1948 5091 2904
2904 874 2654
2654 3834 1493
1493 4271 2652
2652 4847 1653
1653 4410 1014
1014 3402 477
477 1624 1563
1563 4208 1345
1345 3577 2752
2752 122 1025
1025 2053 2864
2864 12 2797
2797 3317 2457
2457 3426 509
509 3983 2197
2197 1358 2604
2604 2779 2762
2762 3345 1331
1331 3102 1597
1597 2148 394
394 4745 1298
1298 3862 2407
2407 4523 1596
1596 1106 1784
1784 1890 156
156 4624 2411
2411 696 2887
2887 273 2120
2120 2444 2919
2919 5243 1991
1991 99 1062
1062 4982 1901
1901 3491 254
254 5159 471
471 628 496
496 5571 2097
2097 5185 1505
1505 2199 1231
1231 3211 484
484 2481 1235
1235 748 2803
2803 4162 568
568 4344 2153
2153 5377 871
871 2265 2925
2925 476 2043
2043 54 1718
1718 2276 415
415 4161 1316
1316 3247 1130
1130 3510 1633
1633 2384 268
268 3009 736
736 2690 2723
2723 5222 1277
1277 677 2346
2346 1929 569
569 3776 2728
2728 774 2669
2669 1610 2626
2626 5031 703
703 3489 633
633 2866 2349
2349 5641 2287
2287 1259 67
67 1539 570
570 3986 2557
2557 5389 159
159 2120 194
194 4447 481
481 2730 1074
1074 4250 2114
2114 3174 2251
2251 1535 2468
2468 163 2506
2506 5267 2688
2688 5216 167
167 5171 2875
2875 2278 2060
2060 594 1210
1210 5076 1203
1203 2509 2190
2190 3020 2943
2943 3595 376
376 2786 875
875 5106 2110
2110 758 2519
2519 4854 673
673 4596 302
302 2668 360
360 5211 1957
1957 329 1622
1622 3451 2479
2479 2360 1748
1748 2986 626
626 3800 2230
2230 5236 306
306 530 2075
2075 1381 1329
1329 4781 2354
2354 5613 1620
1620 2959 1726
1726 2740 2662
2662 4296 1875
1875 4099 154
154 4260 2650
2650 3035 292
292 1522 671
671 4275 821
821 5073 516
516 5199 1131
1131 2687 2179
2179 1183 2169
2169 4614 1881
1881 5549 2744
2744 1342 700
700 1794 523
523 3838 2367
2367 2726 2922
2922 3968 232
232 879 612
612 1225 1442
1442 868 1752
1752 1632 2322
2322 3900 1759
1759 4868 1065
1065 5275 1902
1902 52 1803
1803 1642 437
437 4947 2698
2698 4248 1604
1604 3690 2554
2554 3122 579
579 3467 2435
2435 3339 1704
1704 3716 1722
1722 5584 882
882 5009 526
526 4891 2539
2539 4440 1397
1397 2247 693
693 3708 203
203 4400 783
783 4082 977
977 451 62
62 5503 843
843 2856 961
961 856 1116
1116 395 256
256 2435 17
17 4779 2394
2394 3715 2178
2178 3756 641
641 4350 1007
1007 4774 670
670 4504 1141
1141 1341 2798
2798 4796 699
699 1329 1977
1977 2538 2096
2096 62 431
431 2857 2264
2264 49 1061
1061 4806 619
619 1946 386
386 1970 610
610 3390 1477
1477 3628 1479
1479 756 2357
2357 4966 2912
2912 3851 900
900 3931 2453
2453 362 2737
2737 1730 2877
2877 5463 361
361 1424 953
953 4202 1551
1551 1961 620
620 1771 2266
2266 2338 1805
1805 3094 1274
1274 5670 853
853 2653 476
476 474 1928
1928 2660 2789
2789 1643 2763
2763 2391 958
958 5307 2261
2261 1731 692
692 561 2283
2283 5602 1710
1710 4607 896
896 3136 1415
1415 2203 1136
1136 2415 453
453 4293 354
354 3901 2103
2103 2790 2117
2117 123 2191
2191 5513 1565
1565 2336 1107
1107 2664 935
935 3702 2714
2714 2236 2077
2077 1353 2131
2131 2269 1829
1829 3816 1082
1082 105 1336
1336 3294 1370
1370 125 1545
1545 1487 53
53 2974 1133
1133 3781 2766
2766 2124 1525
1525 419 1731
1731 4358 1663
1663 2679 2448
2448 3062 2917
2917 2385 2353
2353 1689 1483
1483 2780 1468
300
2743 4214 971
971 135 2685
2685 4490 991
991 5320 2065
2065 5341 2374
2374 4064 1473
1473 4036 2434
2434 4100 2507
2507 2591 1401
1401 2599 932
932 3580 2881
2881 4724 2454
2454 1201 2578
2578 5083 452
452 3205 1452
1452 5281 597
597 4917 2312
2312 5656 1263
1263 5194 96
96 3419 1921
1921 4352 325
325 3462 572
572 5042 1460
1460 3751 80
80 5049 1326
1326 1445 784
784 5032 1050
1050 3991 2091
2091 1708 2605
2605 3823 1478
1478 1344 2003
2003 4785 1134
1134 1611 2733
2733 5352 1392
1392 4174 1435
1435 5041 1795
1795 3446 317
317 3874 929
929 4137 962
962 3752 1142
1142 5064 1753
1753 5661 2868
2868 4542 500
500 1442 1232
1232 5373 1377
1377 5197 338
338 3270 522
522 1644 1556
1556 1883 2710
2710 3475 2054
2054 4477 187
187 3057 2620
2620 2078 1742
1742 5480 356
356 2578 623
623 3138 571
571 2729 1942
1942 4996 36
36 4633 1223
1223 2975 1087
1087 1117 2469
2469 3871 506
506 1534 1431
1431 3794 2360
2360 1274 793
793 3398 2725
2725 2045 2755
2755 1410 293
293 3118 34
34 2999 686
686 2447 1353
1353 4417 2050
2050 2506 772
772 2863 288
288 1878 1736
1736 4992 2726
2726 4778 2804
2804 5118 323
323 1938 380
380 2561 88
88 5217 1349
1349 1185 1289
1289 3623 519
519 4948 754
754 4331 477
477 4818 1309
1309 2312 2888
2888 715 1419
1419 4175 1025
1025 2738 2896
2896 5629 145
145 5601 2023
2023 4476 6
6 5600 436
436 3295 2597
2597 3549 1179
1179 2898 995
995 3092 1465
1465 4702 22
22 1100 1298
1298 5626 1577
1577 3225 883
883 4376 2309
2309 2062 1681
1681 5429 528
528 366 2664
2664 3125 1559
1559 726 2343
2343 5409 1991
1991 926 858
858 2610 1901
1901 3569 1871
1871 1024 471
471 5474 2962
2962 4479 1658
1658 4881 2769
2769 1620 777
777 4674 2159
2159 2554 1235
1235 1604 1579
1579 5685 396
396 97 1876
1876 5259 212
212 1546 2284
2284 5016 2529
2529 5385 1357
1357 673 1945
1945 2300 2432
2432 2071 1707
1707 4085 2585
2585 5255 1618
1618 2802 813
813 3587 352
352 2880 346
346 2207 2346
2346 4578 1174
1174 4478 801
801 5021 2163
2163 3117 1960
1960 5067 2121
2121 3936 2059
2059 4323 1492
1492 3825 1360
1360 4962 914
914 471 2859
2859 2163 1964
1964 402 2960
2960 2592 812
812 5244 912
912 4812 2687
2687 2181 2102
2102 3933 1611
1611 3356 769
769 5693 2784
2784 397 251
251 1530 1978
1978 5662 1712
1712 547 732
732 5148 2613
2613 2448 846
846 3541 2334
2334 1917 2189
2189 1026 1641
1641 5468 1770
1770 4912 1690
1690 5360 1873
1873 1306 2260
2260 5374 1818
1818 1606 2042
2042 5087 2154
2154 2499 118
118 4739 286
286 461 2566
2566 1855 2373
2373 5276 238
238 2785 1005
1005 4 1963
1963 4943 1095
1095 4582 1035
1035 1271 1021
1021 763 956
956 103 2662
2662 4647 2089
2089 2482 2812
2812 2934 2650
2650 4017 2476
2476 1732 59
59 3907 1783
1783 733 926
926 331 60
60 1943 2553
2553 2264 464
464 2082 1490
1490 3613 2744
2744 3328 2986
2986 5355 523
523 4346 577
577 5294 1558
1558 59 1324
1324 5277 1292
1292 3153 1098
1098 1750 1799
1799 5673 1569
1569 4600 198
198 720 333
333 3975 2267
2267 4055 1371
1371 901 95
95 4817 1628
1628 3852 1451
1451 4965 108
108 2108 237
237 3743 40
40 4391 552
552 1209 1801
1801 4397 2226
2226 2968 598
598 1848 1632
1632 3163 1917
1917 4568 594
594 3216 720
720 5380 2935
2935 4907 322
322 3507 780
780 4024 614
614 3319 2930
2930 603 1587
1587 3565 1443
1443 3495 696
696 5030 1937
1937 3795 2845
2845 5349 2094
2094 2297 2416
2416 3455 2088
2088 3450 1204
1204 590 611
611 2292 2379
2379 5125 1144
1144 3788 2058
2058 3973 656
656 4047 898
898 2789 2756
2756 3603 418
418 2970 837
837 893 781
781 2002 1176
1176 2935 1479
1479 1687 1999
1999 3893 2300
2300 3878 1191
1191 4710 1738
1738 1876 2737
2737 3296 1896
1896 4953 2559
2559 4794 2918
2918 291 1513
1513 5552 2658
2658 2087 2047
2047 5303 989
989 5333 2706
2706 3325 1973
1973 3454 476
476 3096 2721
2721 3440 1619
1619 352 2533
2533 2335 2865
2865 5489 271
271 2821 681
681 1354 305
305 1554 1175
1175 1438 65
65 3942 1415
1415 3944 916
916 3707 581
581 2618 354
354 4025 215
215 1399 2117
2117 4605 2589
2589 894 1565
1565 3536 439
439 2542 2983
2983 3320 2714
2714 2252 963
963 2153 2131
2131 5037 1588
1588 4288 1185
1185 3347 2504
2504 2723 2829
2829 4053 1617
1617 5249 2515
2515 4457 2526
2526 5330 1927
1927 5410 1538
1538 2173 615
615 1988 375
375 5695 657
657 3919 387
387 3338 422
422 1049 2471
2471 3941 1468
