126378549
457291863
839456127
563127984
742985316
981643275
695712438
314869752
278534691

563487129
741269385
928351764
687125493
132948657
459736218
275694831
816573942
394812576

176895342
349126875
285743169
591372684
762481953
438569217
927658431
853214796
614937528

648519237
539827641
217346895
896135724
475692183
321478569
953281476
184763952
762954318

423168957
678593124
195247863
756321489
349856712
281974536
567412398
934685271
812739645

475613289
863249517
291758346
537461928
148932765
629587431
314875692
782396154
956124873

873265491
529341768
164897325
982476153
356189274
741523986
495612837
238754619
617938542

741862935
293571468
586493172
957684213
462319587
138257694
814935726
629748351
375126849

845217396
673895421
129643758
457321869
396758142
218469573
762134985
534982617
981576234

658124739
439687251
172935468
524893617
986712345
317546892
843259176
791368524
265471983

342859176
617234895
859761243
596348712
173925468
428617539
284193657
961572384
735486921

634782195
982315746
571694328
193876254
756429831
428153967
347261589
215948673
869537412

459738621
716425893
823691754
587243169
692817345
341569287
278354916
164972538
935186472

634712859
521498763
897635214
176859432
482361597
953247681
249583176
368174925
715926348

265194378
431758692
798326514
842519736
176843925
359267841
913682457
584971263
627435189

649375821
315928476
827461593
934712685
572836149
168549732
481693257
796254318
253187964

684371592
931524876
752986341
816293457
295467138
347815629
469738215
123659784
578142963

241658973
567932841
839147652
395264187
672819534
418573296
953726418
124385769
786491325

167492853
953678412
824153769
712864395
438925176
695317284
281546937
549731628
376289541

615834972
387925416
492167538
968752341
743681295
251493687
534278169
179546823
826319754

891274563
236851749
547369218
713926854
928145376
465783921
379612485
684537192
152498637

279586413
168943257
435217968
346892175
851674392
792135684
527461839
683729541
914358726

423758961
687913452
591264873
256197384
314582697
978346215
132679548
865421739
749835126

649273185
531896472
278415693
813529746
426387951
957641328
782134569
395762814
164958237

345276918
617589342
298341576
482793651
571624839
963158724
729465183
834917265
156832497

546783291
283619745
917542683
425198367
638475912
791326458
872954136
354261879
169837524

897435261
265781493
431269785
748326519
329517846
516894327
953142678
674958132
182673954

543879126
876412359
219563487
138946275
762185934
954237618
385691742
491728563
627354891

569172843
287349165
314685729
156794238
732518694
498236517
673951482
825463971
941827356

378159246
569247813
241683759
957368421
613524987
824971365
485796132
732815694
196432578

963247185
175698324
482531796
857463219
241975638
396182457
618354972
724819563
539726841

136825497
958437216
427196853
649378521
385241679
271569384
762984135
593612748
814753962

739486251
184253697
652791483
315642978
468975132
927318546
591827364
273564819
846139725

524638179
961745283
378192465
839271654
642359817
715864392
487913526
256487931
193526748

743152698
521698374
689374125
235961487
867423519
914587263
158746932
392815746
476239851

489317526
623594187
517628349
264785931
751943268
398162475
172456893
835279614
946831752

815974362
634128957
792635148
371596824
928417536
546283791
257361489
489752613
163849275

128463579
394875261
576291348
215387694
837649152
469512783
642738915
983156427
751924836

294517836
871436592
563928174
342169758
789254361
615783249
126395487
957842613
438671925

514897263
792653418
386124975
625938147
143275896
978461532
467589321
839712654
251346789

641728593
957136248
283594176
165972834
374861952
829345617
538217469
716489325
492653781

452971836
713846592
986352714
369587421
574219368
821463957
237694185
645138279
198725643

561392874
294768315
387145962
756921483
432687159
819534726
145273698
923816547
678459231

856312497
293478561
417965328
189734256
624581739
735629184
971853642
342196875
568247913

642751893
139268754
578934126
921375648
763849215
854126937
296483571
415697382
387512469

589612734
173849265
624735918
248397651
931456872
765128349
816974523
392561487
457283196

973584612
685921734
214376598
739468125
528137469
461295387
357812946
142659873
896743251

165429738
294873165
837651924
681735492
743982651
529164873
376218549
912546387
458397216

863421795
971685432
452379681
235968174
197234856
684157329
746593218
518742963
329816547

356817429
941632875
872945136
237561948
184293567
695478213
419786352
728354691
563129784

921457368
837962415
564831279
673285194
192746583
485319627
758124936
249673851
316598742

281546793
375198264
496237851
943652178
612874935
758913426
134725689
567489312
829361547

581963274
423715698
679248531
968524317
715639482
342187956
134852769
296371845
857496123

571943286
923681574
864527913
392876451
718452369
456319827
645738192
289164735
137295648

953412786
168793524
427685139
681524397
234967815
795138642
512846973
846379251
379251468

789241536
253697184
416385792
192453678
537862419
864719325
621974853
345128967
978536241

532691874
648357219
791284563
219735648
467812935
385946721
124578396
873169452
956423187

296437518
175928463
348651729
782193645
461785392
953246871
639814257
527369184
814572936

678549321
523816974
941273865
854621739
769384152
132795486
215938647
397462518
486157293

928715436
731462598
456983127
397541862
165238974
842697315
674159283
213874659
589326741

978523641
352164987
164987532
517248369
849316275
623759418
491835726
235671894
786492153

372459168
856132794
914768253
529346817
783921546
461587932
198673425
647215389
235894671

832617495
571849632
694532718
215468973
387951246
469273851
158724369
726395184
943186527

638749521
219365478
457821936
541682793
963174285
782593164
375918642
826457319
194236857

657394182
183562749
942871536
375129468
496785213
821643975
534216897
218937654
769458321

239678145
415932786
876514239
567193824
384257691
192846357
748369512
653421978
921785463

327465819
649871253
158329674
564982731
712543986
893716542
231658497
975234168
486197325

782635914
436912875
951487632
695174283
847326159
213598746
169853427
324761598
578249361

658172439
319648572
472953186
537894621
946231857
281567943
824719365
163425798
795386214

176529834
382164975
594783126
731856492
869432517
245971368
958617243
427398651
613245789

681743952
394582671
572619834
728396415
163458297
459127368
946275183
815934726
237861549

592361784
861724539
473598126
234685917
657912843
918473265
385247691
729136458
146859372

578396412
291475836
463182597
984523671
637918254
125647983
346851729
812769345
759234168

412697538
837425196
569318724
793841265
128756943
654239817
386972451
241583679
975164382

689435712
174962538
532187964
961378245
247596381
358214679
725641893
813729456
496853127

257318946
481956273
396274518
625841397
934762185
178539462
749623851
863195724
512487639

286371495
319548726
745629138
174236859
692854371
853917264
938462517
427195683
561783942

956237148
417859632
832416795
683941257
521783469
794625381
349572816
175368924
268194573

915763482
843512976
726849135
238971654
167254893
594386721
652198347
479635218
381427569

542891637
697423581
813576429
164258793
289347165
735169248
958614372
471932856
326785914

476812539
815439276
932675814
581927463
723146985
694583721
157264398
369758142
248391657

675342981
248916573
193758624
516483297
924175368
387269415
432891756
761524839
859637142

572918364
483567192
961342785
894751236
136284579
725693841
617435928
359826417
248179653

627314958
185927634
943685127
371256849
859471263
264893571
512749386
438162795
796538412

326714958
759826314
481593726
642387591
593241687
817659432
275438169
134962875
968175243

716594238
294831657
853762419
375248961
429316785
681957342
547123896
968475123
132689574

274958136
815463297
693712854
486179523
957324681
132685749
321597468
569841372
748236915

374516298
521789436
698234517
715928643
832465971
469173825
947851362
183692754
256347189

459276831
783159426
612384759
347691582
928547613
165832974
836425197
274918365
591763248

359284617
162753894
847916325
271349586
496578132
583621749
938467251
624135978
715892463

471985623
293641857
568372941
184536279
327819564
659427318
835764192
716293485
942158736

417563829
962478351
853921674
148739265
375246918
629185437
536897142
291354786
784612593

461275938
932168547
758934126
876512394
295843761
143697852
524381679
389726415
617459283

627435198
318629475
549817326
763581249
254396781
891274653
986142537
172953864
435768912

634718295
579243681
182569734
853127469
967384512
241956873
498635127
715892346
326471958

941723586
875461932
362859147
593674821
187392465
624185793
739546218
218937654
456218379

813567942
925431867
647982513
594673128
781245396
362819754
156328479
239754681
478196235

573428169
624913875
198576243
831645927
945237618
762189354
287364591
319752486
456891732

532964817
987135642
641287395
258413769
793628154
164579238
829356471
375841926
416792583

785364912
941752683
632918574
257831496
318649257
469275831
174586329
593427168
826193745

