928165473
576943218
143287569
817654932
694321785
235879146
469732851
352418697
781596324

543179286
819625437
726384159
238917564
691548372
457236891
364751928
982463715
175892643

289365741
135874962
647921583
592418376
718653294
364792158
856137429
973246815
421589637

326589147
548671329
179342568
254817693
791463285
683295714
465138972
837926451
912754836

561372948
378469251
294851376
923518467
486237519
715946823
142793685
659184732
837625194

859714623
234658179
761293458
916847235
382165947
475932816
693521784
528479361
147386592

587413296
612987354
493265871
768359412
235841967
941672583
379128645
124596738
856734129

328751964
941632785
756948312
682573149
574189623
193264857
439815276
217496538
865327491

785943621
423516798
691827543
268135974
379468152
514792836
837654219
152389467
946271385

659831427
721945863
438672951
912563748
543798216
867214395
196327584
275486139
384159672

426891573
173465829
859372146
642513987
731986254
985247361
214759638
597638412
368124795

236748159
759312684
418569237
143987562
867254913
592136748
981673425
624895371
375421896

384952176
251746398
976813245
842175963
617239854
539684712
795428631
468391527
123567489

953641728
142873569
687295341
734918256
896352174
521764983
279186435
365429817
418537692

386794512
154823769
297615384
479136825
518472936
623589147
945361278
861257493
732948651

348729561
751463892
962851734
536247189
829135476
174698253
483516927
297384615
615972348

568437192
391528476
742916538
476893215
235641789
819752643
184365927
953274861
627189354

526947318
741385926
398621457
672453189
853179642
419862735
935216874
264738591
187594263

769423851
842159376
315687492
698712543
231548967
457396218
183975624
924861735
576234189

795163284
164852973
382479561
953284716
821637459
476915328
217346895
649528137
538791642

319268754
625437981
487591326
792614835
861359247
534872169
273945618
146783592
958126473

365249178
729816543
148375926
897534261
256187439
431962857
583621794
914753682
672498315

325947168
714862953
698513274
249786315
136295487
587431629
473128596
862359741
951674832

123846957
684957321
597123846
935612478
846579213
271438569
752381694
468795132
319264785

926834715
743215869
815967234
689153472
251748693
437692581
594376128
172489356
368521947

869741523
174235869
325698471
742319685
631582947
958467132
283954716
496173258
517826394

419825637
738146259
625973481
861394725
357281964
294657813
976538142
143762598
582419376

961752384
587143692
243689175
436817259
179325468
825964731
698471523
754238916
312596847

276458913
395612874
148793256
563271498
487369521
921584637
619835742
832947165
754126389

653294781
849713256
127865349
736158924
281479563
594326817
412987635
968531472
375642198

267189453
895743621
143265987
972851346
651324879
438697215
314978562
529416738
786532194

423819567
587236491
961475832
256187349
738924615
194563728
642798153
379651284
815342976

847129563
629543871
153678249
491836752
572491638
386257914
918764325
735912486
264385197

687314529
915872346
423569781
842796135
761435298
539128467
274981653
158643972
396257814

452319687
879456321
316728495
935261874
724835169
681947253
297183546
543692718
168574932

986547132
527183946
143692587
791865324
265439718
438271659
314926875
652718493
879354261

638217945
197564283
452938617
745896321
263175894
819342756
576489132
384721569
921653478

891274563
236851749
547369218
713926854
928145376
465783921
379612485
684537192
152498637

813567942
925431867
647982513
594673128
781245396
362819754
156328479
239754681
478196235

268193754
134725869
759864132
975641283
841352697
623978541
587419326
396287415
412536978

329618547
476523891
158947236
745291683
983765412
261384975
897156324
634872159
512439768

896251374
132974685
745386192
571862943
384195267
269743518
653418729
928637451
417529836

531472698
297816534
864395271
316954827
785263419
429187356
678539142
943621785
152748963

562438197
738916425
914257638
351792864
296841753
847563219
483629571
125374986
679185342

273419568
985376142
146582397
324861759
591247836
867935214
738654921
459128673
612793485

756892314
341657892
892314576
975186243
263479158
184523769
417938625
628745931
539261487

749582631
256913487
138764925
514896273
962375814
873421569
685147392
321659748
497238156

649528731
837419652
152637498
328961547
765842913
914753826
481396275
573284169
296175384

628574931
347819256
159326487
874651329
596237814
213498675
781943562
965782143
432165798

698152743
541793286
237648915
384927651
956814327
172536498
425371869
769285134
813469572

492853671
865917243
713426859
529681734
381745962
674392185
936274518
148569327
257138496

271643958
359218467
468975231
812397546
746521389
935864712
624139875
593786124
187452693

892713645
315486927
476529831
739845162
284961573
561372498
628134759
153697284
947258316

129734685
438695271
657128439
965473812
874251963
213986754
746519328
391862547
582347196

265479318
843261795
791385426
624153879
518792634
937648152
186927543
479536281
352814967

829456173
746813529
153972648
371645982
594728316
682391457
915267834
437189265
268534791

195368247
687254139
423791658
956413872
231687594
874925361
569142783
718539426
342876915

724596183
961382745
538714926
413829567
279165834
685473291
342957618
856231479
197648352

796184532
214375896
853629174
632791458
489256713
175843629
927568341
561432987
348917265

526349781
147682539
893157426
738914265
451826973
962573148
684295317
379461852
215738694

473819562
961257843
582364971
257196384
639548127
814723695
748631259
326975418
195482736

123587964
475691823
986423517
318976452
659842731
247135689
764218395
592364178
831759246

817362459
593174628
462598137
746923581
381745962
259816743
138459276
675231894
924687315

936241875
741598623
528367194
879415236
315672489
264839517
692784351
487153962
153926748

749153286
531286947
268794315
612938754
974625831
853471629
386519472
425867193
197342568

523849761
649271538
871365492
432186975
195724683
768953124
386517249
957432816
214698357

432697518
879153624
651428793
546971382
127835469
398264175
265749831
784312956
913586247

176294358
829573614
354681972
648157293
512936847
937428165
493712586
781365429
265849731

961825374
354791628
278436951
425917836
193658742
687243195
536174289
719582463
842369517

421563897
863927541
579841236
915674382
346182975
782359164
294718653
158436729
637295418

672593841
389741526
514286739
853124697
726839415
941657382
268315974
435972168
197468253

682594317
439167258
175238649
846315972
397642581
251789463
918426735
524873196
763951824

813954672
659237184
274861539
941378256
732695418
568412793
325786941
196543827
487129365

437512689
156983742
982476153
743128965
825369417
619754238
364295871
278631594
591847326

483617259
917523486
562948317
394786125
176235948
825194673
751362894
238479561
649851732

283149765
517683429
694725813
152476398
836952174
749831256
921364587
368517942
475298631

894627315
725431896
316895742
467189253
982356471
531742689
173968524
248513967
659274138

971538462
635492781
248671359
894157623
513264897
762983514
327816945
156349278
489725136

791356284
358274961
426891573
962137458
584629317
137548629
873462195
215983746
649715832

843692751
529178364
671345928
485729136
137856492
296413587
768531249
312964875
954287613

126457893
734968125
859132467
367815942
548329671
291746358
913274586
475681239
682593714

295481367
341762958
867539412
718694523
459823671
623175849
186947235
534218796
972356184

482913756
153476829
796582134
328154697
945867213
671239548
264791385
517348962
839625471

495638127
786142359
312759648
149273586
258416793
673985214
834527961
927861435
561394872

874695132
362814597
951372486
298136745
615947328
437528961
126453879
749281653
583769214

156482793
873519462
924367158
387946215
465821379
291753846
519278634
632194587
748635921

849352176
652917438
731864592
176598324
598423761
324176985
987245613
463781259
215639847

136854972
429673815
758291634
963725148
817469523
542138769
371982456
695347281
284516397

583142697
472693518
169785324
746329185
925861743
318574269
257918436
834256971
691437852

132964785
479258613
856137429
214679358
693825174
785413962
961382547
327546891
548791236

795314628
863529174
214876953
178462539
952731486
346958217
427193865
639285741
581647392

469583172
712469853
538127946
371952468
294638715
856741329
925374681
187296534
643815297

295487631
364591278
781623549
432158967
579364182
618279354
156742893
843915726
927836415

378695421
169432587
425871936
532168749
914753862
687924315
853219674
741586293
296347158

468915723
971632854
352487196
719853462
846291375
523764981
235178649
684329517
197546238

786413925
193265487
524879163
247591836
861327549
359648271
635982714
472156398
918734652

523647918
674198253
189352467
396214875
845976132
712583694
467831529
258769341
931425786

234187569
691425378
785396241
379548612
842671935
156239784
527864193
918753426
463912857

263951748
741386259
895427163
317862495
584719326
926543817
459178632
638294571
172635984

721946583
356871942
894253617
215487369
438569721
679312458
547138296
983624175
162795834

