723615498
145987263
968423175
831794526
476852931
592361784
319576842
657248319
284139657

836425179
475961382
192783654
549378261
628519743
713642598
354296817
287154936
961837425

954387612
268419573
137652948
823796451
716534829
549128367
492861735
371945286
685273194

453768129
981245376
726319458
532897614
697451832
814632795
249176583
165983247
378524961

794326815
562189437
318475629
475938261
639241758
821657943
256793184
943812576
187564392

438256791
927183546
516497832
671925384
849631257
253748619
765319428
182564973
394872165

769542381
124938567
538176249
351687492
286493175
497215638
845329716
912764853
673851924

861279354
425361897
973548216
756183429
314792568
298456731
632814975
187925643
549637182

573264189
214589763
869173542
935746218
726318954
148925637
687452391
491637825
352891476

739514826
841326579
265879413
492135768
657482391
183967245
526798134
918243657
374651982

168729534
295634178
743158296
916547382
857213649
324986751
639471825
472865913
581392467

965327418
428591673
173648952
541286397
387915264
692734185
736152849
859463721
214879536

642751893
139268754
578934126
921375648
763849215
854126937
296483571
415697382
387512469

753814926
126957348
849326571
915273684
234568719
687491235
498735162
362189457
571642893

416372589
953648271
278915346
791483625
385726914
642159837
864291753
537864192
129537468

469723518
728156349
513948672
892374165
175689423
346215987
234567891
651892734
987431256

843127596
962835471
157694283
671452938
495386712
328971645
284519367
536748129
719263854

425869731
691375248
738214965
216538497
984721653
573496812
167983524
342657189
859142376

745293186
816547329
923618457
498175263
167329845
352486971
584961732
671832594
239754618

963518247
857432169
214679835
581763924
796284351
432951678
648127593
175396482
329845716

627954138
513876924
948213756
152689347
874132569
396547281
769425813
485391672
231768495

374129685
625378914
819564372
238916457
947835261
156742839
563497128
791283546
482651793

341789562
928356417
756142983
675824139
134697258
289531746
893215674
562478391
417963825

286497531
731865249
459312876
897253614
623941758
145786923
578634192
914528367
362179485

158936472
726145839
394827651
671589243
543271986
982364517
839752164
265413798
417698325

385719246
479236815
162845937
791583462
654192378
823674591
917328654
236457189
548961723

456127398
391684725
782395416
973562184
214978653
865431279
638719542
527843961
149256837

614285397
285397416
973416258
451768932
897123564
326549781
149632875
732851649
568974123

836179452
172584693
459623187
581362749
394751268
627948531
265897314
718435926
943216875

395621748
462798153
718354962
627519834
859432671
134867295
946285317
273146589
581973426

416528379
297134856
358679142
582943761
174265983
963781425
829357614
641892537
735416298

327961845
865724931
941583267
273619458
458372619
619845372
132458796
596237184
784196523

514398762
692574183
387261945
753612498
861943257
249857631
478139526
925786314
136425879

863421795
971685432
452379681
235968174
197234856
684157329
746593218
518742963
329816547

234816975
659427138
817395246
423951687
965278314
781643592
148569723
572134869
396782451

425896731
361427598
897513624
278641359
659382417
134759286
942165873
716238945
583974162

724651938
859372416
631498752
248716395
365849127
917235864
172583649
583964271
496127583

817495362
534276819
269831754
428359176
375162948
196784523
681947235
753628491
942513687

719524863
586913724
423678159
962831475
841257396
375496218
134769582
298145637
657382941

379186425
216954873
485237961
927613584
861495237
543728196
158362749
694871352
732549618

183957642
465832791
279641538
346789125
917526384
528314976
752198463
634275819
891463257

637184259
259367184
184259637
425793861
891625473
376418592
543872916
912536748
768941325

317854962
298613574
564729138
421386759
685197423
973245681
849562317
136978245
752431896

536429871
749381265
218567439
164875923
897213654
325694718
481736592
653942187
972158346

283469715
691725834
745138692
579216348
832547169
416893257
364972581
957681423
128354976

219847653
845396217
736125849
327481965
981652374
564739182
453218796
698573421
172964538

862341795
157829643
934567281
216493578
543782916
789615324
325178469
691254837
478936152

643785912
295431786
817269453
584316297
379528164
162947538
421893675
958672341
736154829

764923581
539718624
812546793
275194368
391867452
486352179
628471935
157239846
943685217

361847592
875692341
294513876
956184723
743926185
128735469
417259638
689371254
532468917

237145698
185693472
946287513
492318756
351769824
768524139
674931285
529876341
813452967

974638125
536129847
281547639
423876591
165392478
798451362
812963754
357214986
649785213

156398742
429657318
783421596
634589127
275143689
891762435
348975261
562814973
917236854

183695724
926147835
754823619
517384962
439261587
862579341
341956278
698712453
275438196

497318256
385264791
261795834
972451368
654832179
138976425
816527943
523149687
749683512

291834675
358769421
647251983
829547316
476312859
513986247
784695132
932178564
165423798

816324597
237895164
495716238
361579482
574682319
928431756
753268941
649157823
182943675

824761935
651493782
397285641
268957314
573142869
419638527
132576498
985314276
746829153

953468172
176235984
428719563
645193728
397582416
281674359
864951237
712346895
539827641

965274831
371859624
428136597
253687419
714593286
689412753
132765948
597348162
846921375

436287591
728195643
195643728
687534219
314962875
952718364
573429186
241856937
869371452

726413589
534289671
981765342
462971835
875324916
193856724
249537168
657148293
318692457

842397615
719856243
536241978
158423796
974568321
623719854
287135469
391674582
465982137

869143572
425768193
731952486
674829315
293516847
518437269
387294651
952681734
146375928

216873945
547169382
839542716
351794628
968215437
472386159
124957863
783621594
695438271

532918467
176435928
849276135
961847253
487352619
253169784
715693842
324781596
698524371

846215937
517693842
293487615
324756198
975138264
681924753
452861379
139572486
768349521

823715649
754968123
169243875
495671382
681432597
237859416
346197258
918526734
572384961

621789453
754631982
893524716
239468571
486175329
517392864
142853697
378916245
965247138

589437612
624915873
731862594
192784365
476253981
358196427
917548236
265379148
843621759

589146327
713825496
642973581
496517832
827634915
351289764
135768249
278491653
964352178

195327846
726458193
483961527
279843615
834516279
651792438
562139784
918674352
347285961

375291486
916834527
482675193
241358769
537926814
869147352
654782931
198463275
723519648

619824537
378915246
245763981
897236415
136548792
452197863
524381679
781659324
963472158

281796345
469325817
735481692
592674183
876132459
143859276
954213768
628947531
317568924

271496835
896352471
534718296
123589764
689147352
745623918
917864523
452931687
368275149

436987215
975321486
128546973
619274538
543869721
287135649
352798164
794613852
861452397

593214687
642897135
871536429
284965371
759143268
316728954
435689712
927351846
168472593

582496173
419753268
763182495
625948731
948317652
137265849
896524317
354871926
271639584

863419257
749532168
251678493
682795341
397146582
415823976
536981724
924367815
178254639

384179562
759682134
621345789
537428916
248916375
196537428
475863291
963251847
812794653

371528649
624913578
598764123
216859437
953147862
487632951
132496785
869375214
745281396

721946583
356871942
894253617
215487369
438569721
679312458
547138296
983624175
162795834

263419587
185376249
479528361
342687195
756941823
918253476
537864912
821795634
694132758

367598214
854217396
291643785
512986437
683472951
749135628
425361879
938754162
176829543

658274913
319658724
427139658
782496135
136582479
594713862
871345296
963827541
245961387

162385479
348769215
759412638
296174853
475238196
831596724
917843562
583627941
624951387

568219437
432876915
971543268
326795841
794182356
815634729
659328174
287461593
143957682

546928137
931576284
278143695
812764953
357891426
469352871
123487569
694235718
785619342

743528619
128964735
956173248
394287156
675419382
281635974
562741893
819352467
437896521

759168324
123479568
468352971
395281746
841796235
276534189
932645817
514827693
687913452

628597314
174238596
593416872
856172439
912384657
437659128
349825761
261743985
785961243

192734658
567892314
384651729
743918265
625347891
918526437
256489173
879163542
431275986

719658243
853724169
426319785
174236958
395187426
682495371
947863512
561972834
238541697

723865941
654912387
198347526
431258679
962471853
875693412
286134795
317589264
549726138

248967135
167352894
395418267
476521983
851793426
932684571
584276319
623149758
719835642

158637942
674982531
932541687
783294156
465178329
291356874
826413795
547869213
319725468

328419576
714265938
659378142
286597314
135684297
497123685
963842751
542731869
871956423

543879261
826531947
917624385
375268194
498315726
162497538
651982473
739146852
284753619

764821359
198365427
325749168
486597213
537214896
912683574
279458631
851936742
643172985

