583612497
467359218
192874536
735246981
648197325
921538764
814723659
259461873
376985142

746295813
931687542
825134697
653842971
284719365
179356284
518973426
467528139
392461758

437586912
892431657
165729483
678914235
924358761
351672894
719263548
286145379
543897126

871653942
462918573
359724816
748169235
195342687
236587491
923876154
617495328
584231769

347891256
698235174
152467398
916724583
873156942
524389617
789612435
465973821
231548769

634782195
982315746
571694328
193876254
756429831
428153967
347261589
215948673
869537412

371528649
624913578
598764123
216859437
953147862
487632951
132496785
869375214
745281396

926837541
341256897
578491236
615948723
439672158
287315469
853764912
794123685
162589374

963521487
415783692
728649513
549376821
876192354
231854769
694235178
182467935
357918246

421675893
859132764
763498215
935286471
186743529
247519638
394827156
612954387
578361942

845639271
197582463
326741985
461358792
938276514
572194638
713925846
654817329
289463157

417563829
962478351
853921674
148739265
375246918
629185437
536897142
291354786
784612593

763541298
182369754
495287361
649753812
527418639
318692547
274936185
856124973
931875426

251984637
963175284
478326519
325498761
796513428
184267395
837649152
542831976
619752843

672439518
951287346
843651792
739124865
516873429
428596137
184965273
365712984
297348651

243691578
851374629
796285413
479152386
162843795
538769142
685427931
324916857
917538264

514628937
938714265
627593481
492385716
861279543
753461892
249137658
186952374
375846129

687314529
915872346
423569781
842796135
761435298
539128467
274981653
158643972
396257814

614523789
852796341
937184265
791238654
583467912
426951873
345679128
278315496
169842537

125796384
369248157
487351962
846517239
971623548
532489671
614975823
258134796
793862415

182453796
465792318
793816542
971245683
328679154
654381927
839127465
546938271
217564839

584279613
371654829
926813745
862541937
197326584
453798162
715482396
648935271
239167458

273894165
465137928
198562473
641973582
532681749
987425316
316249857
724358691
859716234

435176829
792348561
186592374
857614932
623789145
914235786
548923617
279861453
361457298

287634951
395718426
164529738
643875219
728391645
519462873
936147582
871256394
452983167

375896214
982741536
164325987
826934175
597612348
413578629
731469852
259187463
648253791

279346851
463815792
851297463
614738925
582964137
397521648
746152389
928673514
135489276

418326795
372951486
965847213
726493851
184562937
539718624
843275169
657189342
291634578

397265814
452831976
618497325
924583761
783146592
165972438
271358649
846719253
539624187

154387692
679521834
382469715
293658471
547912386
816734259
965843127
428175963
731296548

593687241
127453896
684921573
831246759
456879312
279135468
715368924
362594187
948712635

564273819
871569234
392814657
729351486
618942375
435786192
156498723
247135968
983627541

352719684
769348521
841526937
136857249
485932176
927164853
613485792
594271368
278693415

582149637
769382145
341765982
176894253
498253716
253617894
827431569
635978421
914526378

628534917
743981625
519726438
462873159
931452786
857619342
295347861
386195274
174268593

186579324
947328165
352146789
723865491
461297538
895431276
539612847
614783952
278954613

817629435
659413278
432857916
765982341
921534687
348176592
276341859
184295763
593768124

435972861
296381745
871456932
364197528
587623419
912845376
749218653
628534197
153769284

182654973
357921468
946387251
698435127
425179836
713268594
264513789
571896342
839742615

689417235
345269178
217835649
176952483
852341796
493786521
968174352
534628917
721593864

285147936
496532871
713968452
147253689
958674123
362819547
824796315
671385294
539421768

173456298
958732461
642189537
786243159
415897623
239561784
521378946
864915372
397624815

953827461
682134975
147956328
519482637
876593142
324761589
791348256
468215793
235679814

653941287
124687395
789352614
346528971
217439856
598716423
831265749
472193568
965874132

783169254
562348197
419572836
278914365
146735982
395286471
831627549
927453618
654891723

931768524
576249831
482351697
817436952
654192378
329587146
148925763
793614285
265873419

491827365
825436971
673159482
386574219
542981637
917362548
258613794
164795823
739248156

816245793
359768142
724319658
231596487
648127935
597834216
983671524
172453869
465982371

657948312
143526789
928137564
589261437
376894251
214753698
832679145
495312876
761485923

263951748
741386259
895427163
317862495
584719326
926543817
459178632
638294571
172635984

416528379
297134856
358679142
582943761
174265983
963781425
829357614
641892537
735416298

289347561
654291873
371865429
138726954
967154238
425983617
742519386
593678142
816432795

432591786
586734219
917682453
753819624
849265371
621473598
368957142
174328965
295146837

146875329
987326154
325491867
231547698
879163542
654982713
768254931
493618275
512739486

329564178
476189523
851327496
634872915
587691234
912453867
193748652
268935741
745216389

548367219
732195468
169842573
695238147
327416895
814579632
276984351
481753926
953621784

713854926
256971483
984326175
832165794
149783562
567492831
628549317
375618249
491237658

746591823
528463197
931872645
374159268
869327451
152684739
695218374
213745986
487936512

298561347
431287659
657934182
186325794
325479816
749816235
912648573
864753921
573192468

782534619
459621783
163987245
347156928
218793456
695248371
534862197
976415832
821379564

263897145
184523796
579416328
826351974
351749682
497682531
645978213
718235469
932164857

132976548
658134279
794285316
813692754
526743891
479518632
287459163
965321487
341867925

941627583
628539741
735418926
852946317
369781452
174253869
483192675
297865134
516374298

912386475
536714982
748925613
453197268
189263754
627548391
271839546
365471829
894652137

125738469
769452138
348691725
972165843
631849257
854327691
486913572
213574986
597286314

732451689
549863127
816297543
371689452
965742831
284315796
657924318
423178965
198536274

875261349
193754862
426983751
519847236
648325917
732619584
284576193
967138425
351492678

289371564
375462981
164958237
813745692
592816743
647239158
931587426
758624319
426193875

524198736
371246589
986573421
793451268
812769345
645382917
259614873
468937152
137825694

935261487
178943652
264857139
347512896
851639724
629478315
416325978
782194563
593786241

541836927
238974156
796512483
157293864
463187295
829465371
672349518
914758632
385621749

134697852
956248137
287531469
598164273
721359648
463782591
842975316
675813924
319426785

423596187
697418352
581237964
849163725
362745819
715982643
934821576
176354298
258679431

186739425
793254186
452861973
817593264
645128739
329476518
534617892
261985347
978342651

628794531
943516728
571328649
485632917
739481256
216975483
352169874
867243195
194857362

179824356
625371894
483965127
347196582
512438679
968257413
891743265
236589741
754612938

869314725
345276198
172859463
237548619
684197532
951632847
413725986
796483251
528961374

713296548
425738691
986154273
591847362
864325917
237961854
658473129
149682735
372519486

539471862
421869537
678253149
263945718
785132496
914687253
842596371
356718924
197324685

856943721
471825936
392671458
169258374
238764519
547319862
985136247
714592683
623487195

871654932
543927168
296318574
358469721
462173895
917582643
184296357
625731489
739845216

315294768
782361495
694578312
537612849
146789523
928453671
263145987
871936254
459827136

743529168
612387954
895164273
927643815
358791642
164852739
239416587
576238491
481975326

475321896
392846157
861597234
739215468
248963571
156784923
923178645
584639712
617452389

173654829
682931574
945782136
327495618
569218347
814367952
491873265
238546791
756129483

574238691
986145327
132769584
861523479
743916852
259874163
425691738
617382945
398457216

719653824
843972165
562814937
386591472
271348596
495726381
657489213
138265749
924137658

418563729
965782134
372941568
187296453
629435871
534178296
856317942
293854617
741629385

769234581
823715649
541986273
472869315
196453827
358172496
934527168
617348952
285691734

367854291
148932756
925167843
513476982
872395164
694281537
789613425
456728319
231549678

721938654
384651297
659742831
965287143
213564789
847193562
476819325
198325476
532476918

582973641
469281753
137564289
751698324
293745816
846312597
925436178
378159462
614827935

198234576
562871934
347659218
671425389
934187625
285963741
416792853
823516497
759348162

154967328
786253419
923481576
639514287
571328694
248679153
815736942
462895731
397142865

976423815
253168479
814579632
631895724
749216583
528734196
482357961
195682347
367941258

495687321
317942856
286531794
174258963
839416572
562793148
653874219
948125637
721369485

932568741
751429638
486317952
219653487
645782319
378941265
897134526
163275894
524896173

682971354
451386729
937425618
293854176
815763942
746219583
528637491
164598237
379142865

694152738
172389645
583467921
458216397
326795814
719834256
837941562
261573489
945628173

523491768
978362145
641587239
217935684
896174352
435628917
759813426
164259873
382746591

