564973218
713628495
298415736
352761849
987342561
146859372
831294657
479586123
625137984

386179425
751824369
942536178
178263954
425987613
639451782
593718246
214695837
867342591

347685921
516294378
892713456
723869514
489157263
165432897
278546139
954371682
631928745

796318254
428567913
135294786
647859132
389126547
251473698
913782465
574631829
862945371

412968537
685734129
379521864
293875416
741693258
856412973
938257641
567149382
124386795

641297538
723548691
895316247
237859164
954163782
186724953
369471825
578932416
412685379

172596843
958473126
436812795
265147938
789235461
341968257
524381679
897654312
613729584

681937524
794526381
532184967
965843712
173265849
248791653
419358276
357612498
826479135

947821365
261435897
853679412
132794586
786152934
495386271
619243758
374518629
528967143

531978642
748652193
296341758
864513927
127496385
953827461
415239876
382764519
679185234

498167532
376452918
125983467
683571294
547329186
219846753
834295671
751634829
962718345

145687329
973542168
268319475
432156987
716298534
589473216
391864752
827935641
654721893

591348726
236517498
748629315
187962543
623754981
954831672
815476239
469283157
372195864

735421689
691875234
428693571
287146395
543289716
169537428
952714863
816352947
374968152

374851629
289634157
651792483
713428596
546179238
892365714
967213845
138546972
425987361

913462758
748593621
625178934
832916475
591247863
467835192
276381549
384659217
159724386

354697281
981324657
672851439
716432598
548976312
239185746
495268173
123749865
867513924

165729843
327648195
894513627
549186732
683275419
271394586
758432961
912867354
436951278

132964785
479258613
856137429
214679358
693825174
785413962
961382547
327546891
548791236

375218649
268943175
149657382
637125894
854739216
912864537
426371958
781592463
593486721

652791483
341285697
789634251
168372945
275849136
493156728
934567812
526918374
817423569

735216849
182493765
946785132
418972356
253648917
697531284
571324698
824169573
369857421

984625713
172483956
536971428
847352691
391746582
625819347
463198275
219537864
758264139

328679451
491532768
657184329
836427915
915863274
742951683
589246137
274315896
163798542

254781963
179362548
863459217
512938476
347615829
986247135
495173682
638524791
721896354

439586271
165279348
827314965
391728654
258643197
746195823
513967482
974832516
682451739

453869127
291745836
786123495
379681254
162354978
548972613
915438762
837216549
624597381

652813749
341729586
789564123
873196254
495372861
126485937
938241675
567938412
214657398

938472615
627581943
541396827
159764238
763825491
284913576
475639182
816247359
392158764

672439518
951287346
843651792
739124865
516873429
428596137
184965273
365712984
297348651

819746352
573921864
642835791
498367215
127458936
365219478
781592643
254673189
936184527

268345719
793186542
145972836
589723461
627451398
314869257
971234685
836597124
452618973

345627891
216895374
897413652
971364528
563982147
482751936
129576483
754138269
638249715

794358612
832164795
651927438
925413867
478695321
163782549
546279183
389541276
217836954

354927168
791638245
286541793
935164827
128379456
467852319
543286971
812795634
679413582

725146398
136892574
489753126
972568431
648317259
513924687
361279845
257481963
894635712

843276159
591834726
627951834
478615293
152493678
936782415
219568347
365147982
784329561

497815263
258436971
361297854
126349587
873152496
549678312
635921748
712584639
984763125

178362459
654179382
293458617
987543261
346821975
521796834
839215746
412637598
765984123

572134698
693875241
418629573
725396184
341582769
869417325
986753412
254961837
137248956

753829461
642517893
981634275
428763159
397185642
516492738
135276984
264958317
879341526

159823467
247569318
368471259
973258146
514936782
826147593
495382671
782614935
631795824

621893754
439715862
578246913
786359241
915482637
342671598
163528479
257934186
894167325

961824537
742315986
853967241
589631472
137452869
426798315
275183694
394276158
618549723

963482175
852791463
147536289
374819652
528674391
691253748
235967814
486125937
719348526

273864591
418259376
956713248
169482753
324576189
785391462
531948627
842637915
697125834

328497561
541386972
967512384
875964123
634125897
192873645
256739418
419258736
783641259

359148762
714625938
682937145
576391284
241586379
938274651
867419523
493752816
125863497

149537682
385261794
276948153
638752419
954613827
721489365
892174536
463895271
517326948

271549863
935862417
846713592
613987245
594231678
728654931
462375189
157498326
389126754

736948152
829315764
541672839
163489275
985723416
274561983
697134528
352897641
418256397

428971365
976523814
513468297
854317629
192846573
637295148
245139786
781654932
369782451

836197542
125648379
974253618
342561897
598724136
617839425
463982751
789415263
251376984

849132756
523786491
761594283
934857612
218463975
657219348
482375169
176928534
395641827

137489652
958621473
426375189
395814726
874296531
261753894
683542917
549137268
712968345

243967185
918245637
576381249
892176354
157439826
364528971
731652498
625894713
489713562

419275683
372648159
586319472
725134896
831796245
964852317
247583961
193467528
658921734

695378214
138942567
427561839
289614753
756239481
314785926
861427395
573896142
942153678

695147832
837962154
142853679
428536917
951478326
376291548
589324761
263719485
714685293

847923651
591648237
362715489
935176842
174852396
628439175
486591723
753264918
219387564

954281763
281637459
673945128
732594681
815762934
469813572
146358297
397126845
528479316

925781643
387649512
641253978
253174869
416398257
798562431
834915726
572836194
169427385

471629835
256318794
398574261
732486519
169735482
845192376
623851947
984267153
517943628

961247853
452389761
738165924
624571389
189634572
573928416
246853197
315796248
897412635

357196482
861274593
294385671
578439216
139628754
642517938
713942865
926853147
485761329

274839615
861574923
935126748
796413582
483257169
152698374
547381296
629745831
318962457

639481275
812567439
547239816
426398751
381752964
795146328
263814597
178925643
954673182

875261439
241839657
369547812
758693241
623415798
914782365
437958126
586124973
192376584

419726835
278395614
536184792
947561283
863279451
152843976
781432569
625918347
394657128

852741936
379586241
416293758
681935472
245867193
937412685
194328567
528679314
763154829

615247398
793685214
248931567
982314756
451796823
367852941
536428179
824179635
179563482

638572419
172894563
954163728
741356982
596428137
283719654
867931245
315247896
429685371

492853671
865917243
713426859
529681734
381745962
674392185
936274518
148569327
257138496

264931758
189725463
357648291
926584137
873196542
415273689
531867924
698412375
742359816

291348576
478956231
635721498
567234819
143895627
829617345
356172984
914583762
782469153

324768591
679351824
158429376
742136985
816295437
935874612
287543169
593612748
461987253

345782961
698143275
217659843
854926137
923517684
176438592
732861459
489275316
561394728

573291468
462837195
918465237
639182754
785346921
241759683
357924816
894613572
126578349

413872965
598643271
762195348
674529183
285317694
139468752
957234816
346981527
821756439

871653942
462918573
359724816
748169235
195342687
236587491
923876154
617495328
584231769

456139278
813472569
279856143
647923815
128564397
935718426
582691734
791345682
364287951

846721593
129356784
537894261
918563427
362478915
754912638
281647359
675139842
493285176

684192753
291753468
573468129
348627915
756931842
129845637
837516294
912384576
465279381

532867491
798451632
416923875
379286514
864135729
125749386
257698143
641372958
983514267

726835941
458291763
193647258
839752416
245916837
617483529
961574382
572368194
384129675

497138265
631452798
582769314
163527849
975846123
824913576
349281657
716395482
258674931

615947832
983261457
427358169
259714386
368592714
741836295
172685943
594123678
836479521

284173965
916452387
753698214
892517643
145369728
367824591
531946872
479285136
628731459

467291835
812345967
593867142
685934721
349712658
271586493
156473289
738629514
924158376

162945873
589673142
743218569
475369218
218457396
936821754
697132485
821594637
354786921

514689273
926731584
837452196
268915437
391847652
475263819
782194365
143576928
659328741

796184523
423659871
518372694
972435186
654218739
831796245
147863952
385921467
269547318

473951682
861732945
295648317
324195768
956874231
187263459
738526194
542319876
619487523

596847213
148362795
372951468
625189347
439276851
781534629
257613984
864795132
913428576

257384196
431962857
689751342
596243781
143678529
872195463
965837214
328419675
714526938

824379156
965142837
713568294
682913745
371425968
459687312
296751483
147836529
538294671

412358796
937261548
658947231
196874352
245613879
783529614
379486125
564132987
821795463

871326594
564918732
923547618
148275963
356894271
792631485
617482359
489753126
235169847

389561274
421973586
657428931
963157842
572684193
148239765
295746318
736812459
814395627

649712853
573948612
182536974
437169528
918325467
256487139
891253746
365874291
724691385

