862341795
157829643
934567281
216493578
543782916
789615324
325178469
691254837
478936152

647852319
315769248
298134657
189326475
423975186
756418932
974681523
531297864
862543791

867592143
453861729
129743856
534279681
912638574
786154392
291385467
645917238
378426915

542896173
317524869
968137425
254763981
196258734
873419256
739681542
421375698
685942317

128479536
395168472
476523981
851642793
734891265
269735148
517986324
642357819
983214657

765923481
149876523
832451697
357649218
284317956
916582734
673298145
421735869
598164372

196548723
284376159
375921846
741859632
938162475
652734981
563497218
419283567
827615394

638217945
197564283
452938617
745896321
263175894
819342756
576489132
384721569
921653478

625173849
798254163
413896275
569387421
231645987
874921356
156438792
342769518
987512634

795642381
428193576
631875249
372489165
859316427
146257893
964538712
283761954
517924638

876129435
934657821
125384967
269871354
713245689
548936172
352498716
481762593
697513248

673819425
958472361
241356798
164935872
582147936
397268154
425791683
716583249
839624517

293748156
168235974
475196328
351482697
826379415
947651832
714563289
639827541
582914763

741963825
938251647
562874139
357489261
684125973
219736584
476518392
193642758
825397416

862534791
975281364
413796852
291847536
756123489
384965127
539472618
627318945
148659273

319625478
627184593
458973126
936547812
742861359
581239647
275318964
894756231
163492785

215389467
749612583
386457912
672934851
453871629
891526374
164295738
937168245
528743196

964318752
381527964
527469183
652874391
873691245
149235876
238746519
796152438
415983627

514286397
297345681
683179254
359714862
148692735
726538149
875923416
461857923
932461578

286497531
731865249
459312876
897253614
623941758
145786923
578634192
914528367
362179485

594178623
317426985
862935417
753241896
426897531
981653742
175389264
239564178
648712359

361875429
952436718
478192536
289561374
135947682
647328195
594783261
716259843
823614957

452196387
183572649
967348512
594281736
631759428
728463195
275834961
319625874
846917253

156824937
439517286
827639514
571268493
382495761
694371825
918743652
245186379
763952148

495618327
278435916
631972845
513864792
726391584
984257631
169523478
857149263
342786159

418569327
529473861
637182594
285946173
961735248
743821659
872614935
354298716
196357482

279346851
463815792
851297463
614738925
582964137
397521648
746152389
928673514
135489276

642158739
893746512
517392864
265483971
178965243
934217685
329674158
456821397
781539426

213475689
965812437
784693125
521368974
478129356
396754812
152986743
849237561
637541298

768134592
921758364
453926817
836471925
192385746
574692183
345219678
617843259
289567431

184735269
653924817
792816435
576249381
241358976
839167524
468573192
925681743
317492658

947163825
158492763
632578419
475216938
296387154
813945672
589631247
364729581
721854396

813975426
692481537
457632198
345296781
728314659
169758243
576843912
984127365
231569874

987453612
463721859
251968734
198342567
736519248
542876193
679184325
824635971
315297486

235894761
698137542
174652983
852916437
913478625
746325819
581763294
429581376
367249158

841326975
736591428
592784613
315672894
269148537
487935162
173459286
658217349
924863751

258967431
374851926
169234587
593742168
741683295
682519743
415328679
936475812
827196354

325478691
498361527
716529438
631982754
874153962
259647813
143895276
562734189
987216345

429736581
761859432
853142697
584367219
396218754
172495368
647983125
238571946
915624873

648925317
157643829
293871456
736298145
825714963
914356278
361487592
489562731
572139684

425196783
367584129
918327645
256748391
184953267
739261854
572819436
691432578
843675912

751982364
624351879
389674125
537496218
146825793
892137456
973518642
265743981
418269537

761539428
925841637
438627519
896753241
152964783
374218965
547382196
613495872
289176354

824795361
571634829
369182574
987543612
413926758
256871943
198267435
632458197
745319286

314628759
957143826
286597314
539784162
428961537
671235498
195472683
842356971
763819245

526794831
498351267
137826459
369512748
874963512
215487396
752139684
681245973
943678125

968341275
375296481
214758639
439872156
851639724
627514893
783165942
546927318
192483567

825731496
769245831
134986275
387162954
916354728
542879163
693417582
478523619
251698347

679852314
812734695
543691782
496578231
135926847
728413569
387249156
264185973
951367428

491658273
876312549
352947861
765489132
128573496
934126785
219864357
583791624
647235918

289743516
164295738
537861924
621987453
495312687
378654192
742139865
813576249
956428371

235146987
741928536
968375412
596237841
412689753
387514629
174863295
653492178
829751364

687439215
219856473
453271968
392167854
765948321
148523697
874695132
526314789
931782546

436957128
589123764
172486359
748532691
215698437
693714285
351279846
924861573
867345912

284173965
916452387
753698214
892517643
145369728
367824591
531946872
479285136
628731459

175364298
382579164
694182357
819723645
527846931
463915872
238497516
946251783
751638429

365128974
417639258
289475316
146253897
738941625
592867143
971586432
823714569
654392781

732456918
945871326
681392547
153789264
279643851
468215739
596138472
817524693
324967185

783562914
914837562
625194783
452371698
836925147
179486325
261743859
597218436
348659271

319745628
724836591
658129743
183574962
465392187
972618435
297453816
841267359
536981274

894372156
761859324
352614987
289567431
517438692
436921578
648293715
123745869
975186243

749526183
386174952
215389764
597832416
124765398
863941275
638297541
471653829
952418637

726194385
148573269
935628714
289346571
361759842
457281936
612835497
593467128
874912653

817936524
692415378
435278961
928167435
571324896
346859217
253781649
789642153
164593782

783425916
421986537
659713824
274658391
836194275
915372648
198537462
547269183
362841759

472815693
853629714
961437852
615293487
234178569
798564231
387952146
149786325
526341978

642985713
795143268
138672954
874316529
256498137
913257846
569824371
487531692
321769485

325169487
849527163
167348295
578614329
213895746
694273518
932781654
786452931
451936872

185673942
947821536
236594178
874256319
523719684
691348725
768932451
459187263
312465897

962458137
583712496
417639285
849127653
625843719
731965824
156294378
298376541
374581962

692437185
783519462
145268379
268193754
374825691
519746823
827354916
456971238
931682547

947516382
126398457
835472196
364957821
278163549
591284763
782635914
459721638
613849275

845392167
763481592
219765348
154973286
938256471
627814953
586129734
371548629
492637815

351974628
249586713
768312495
987243156
612758349
534691872
426135987
873429561
195867234

369174852
214538697
857692134
435217986
198463275
672985341
521849763
786351429
943726518

657394182
183562749
942871536
375129468
496785213
821643975
534216897
218937654
769458321

587621493
246793158
391854276
654219387
829437561
713586924
475362819
132978645
968145732

523968147
847512963
916347852
259176384
364285719
178493625
791654238
482731596
635829471

412795683
579836142
863241759
934628571
128574936
756913824
641357298
287469315
395182467

261854793
347219865
958376241
673421589
895763412
412598637
534182976
129647358
786935124

348179562
521648973
697235814
813567429
476892351
952413786
765924138
234781695
189356247

491256738
723198564
658437921
576341892
284579316
139682457
342765189
817923645
965814273

835146279
462397185
719852463
921568347
584739621
673214598
397421856
256983714
148675932

549871326
673542891
812693475
486359712
195427683
237186549
761934258
354218967
928765134

791526483
428913657
356874291
285439716
674152938
913687542
532791864
847365129
169248375

653298147
798314256
421576398
936847512
572931864
184652739
815769423
367425981
249183675

834267519
675391824
129548763
941675238
352819476
768423195
587932641
413756982
296184357

421793685
938265147
765841392
152678934
349152876
687439521
873526419
296314758
514987263

249813567
387526941
615479283
153268479
864397125
972145836
721654398
436981752
598732614

683192574
749536182
215748936
162389457
354271869
897654213
521967348
436825791
978413625

219345867
346897125
785126394
874952631
923761458
651438279
537684912
168279543
492513786

546382179
813769524
927154638
659413782
478296315
132578496
791845263
284637951
365921847

263419587
185376249
479528361
342687195
756941823
918253476
537864912
821795634
694132758

947261583
321758496
685349712
278514369
536897124
419623875
162475938
894132657
753986241

653982714
491735286
827146593
162579438
584623179
739814652
948257361
315468927
276391845

941238765
586174293
273596184
197652348
452783619
638941527
324815976
819367452
765429831

412398765
395627814
876514923
769285341
524173698
138946257
641732589
957861432
283459176

736851492
581924637
429736581
658243719
913587264
274619358
867495123
395172846
142368975

814639257
925147863
673852149
752481936
196573482
348926571
461398725
537214698
289765314

937512486
145683927
826947531
291475863
358169742
764328195
589231674
413796258
672854319

