812753649
943682175
675491283
154237896
369845721
287169534
521974368
438526917
796318452

854271936
196354728
273986415
419823567
628715394
735469281
947638152
562197843
381542679

194328756
286517439
357964128
732689541
548172693
961453872
479836215
813245967
625791384

917834256
452697138
368125794
721963485
534782619
896451327
175349862
649218573
283576941

689145372
453278691
172396458
328657914
517934826
964821537
836512749
791483265
245769183

974125863
526834719
318697254
169782435
845963127
237451698
491576382
682349571
753218946

175493286
649182357
283765194
534827961
896514732
721639548
917348625
368251479
452976813

179843265
683152749
524679183
217936458
968415372
345728691
751394826
832567914
496281537

732689154
548172369
961453287
813245796
625791438
479836521
194328675
286517943
357964812

872961435
541732698
693548127
439286571
128357946
756194382
967813254
384625719
215479863

845721396
237896145
169534278
526917483
974368512
318452769
491283657
753649821
682175934

524381679
179562843
683947152
968273415
217854936
345196728
832419567
496735281
751628394

157826349
694537218
238914576
869372451
712458963
543691782
425183697
386749125
971265834

526917834
318452697
974368125
237896451
845721963
169534782
491283576
753649218
682175349

318245769
974836512
526791483
845172396
237689145
169453278
491328657
753964821
682517934

517493628
964182735
328765419
453827196
689514273
172639854
245976381
836251947
791348562

782691534
451372896
963458721
218537649
576914283
349826175
697183452
834265917
125749368

283491756
649753128
175682439
917526384
452318967
368974215
896237541
721845693
534169872

394628715
567419823
281735469
679381542
843562197
152947638
415273986
728196354
936854271

968732514
345961827
217548639
751286493
496357182
832194765
524813976
683479251
179625348

318542967
526197384
974638215
845271693
169354872
237986541
491823756
753469128
682715439

273154698
196287435
854369127
562438719
947521863
381796254
419675382
735812946
628943571

728354691
936271458
415986372
152638749
679542183
843197265
394715826
567823914
281469537

218694375
576238149
349157268
782543916
963712584
451869723
125386497
834971652
697425831

265843719
183679254
749152863
826394571
914567382
537281946
372415698
458936127
691728435

712693458
543872691
869541372
238756914
157439826
694128537
971384265
386215749
425967183

628394751
419567832
735281496
196728345
273415968
854936217
562843179
381679524
947152683

964375281
517268394
328149567
791652843
245831679
836497152
689723415
172584936
453916728

657382149
821946375
934571268
512863497
769254831
483719652
145698723
396127584
278435916

128694357
439157286
756238194
384971625
967425813
215386479
872543961
541869732
693712548

521386974
796425318
438971526
812694753
943157682
675238491
154869237
287543169
369712845

375496281
149832567
268751394
652179843
497683152
831524679
723968415
584217936
916345728

698541732
127693548
435872961
254967813
719384625
863215479
382756194
946128357
571439286

843197562
152638947
679542381
394715628
281469735
567823419
728354196
415986273
936271854

349571286
218946357
576382194
451698732
963127548
782435961
697254813
125863479
834719625

127584639
698723514
435916827
382149765
571268493
946375182
254831976
719652348
863497251

652348971
497251386
831976425
149765238
375182694
268493157
723514869
916827543
584639712

375182946
149765382
268493571
723514698
916827435
584639127
652348719
831976254
497251863

524138679
179256843
683794152
496573281
751862394
832941567
968327415
217485936
345619728

278435961
145698732
396127548
821946357
934571286
657382194
512863479
769254813
483719625

157682439
694753128
238491756
543169872
712845693
869237541
971526384
425318967
386974215

796452381
521368947
438917562
943175628
812649735
675283419
369721854
154896273
287534196

698145723
435278916
127396584
254769831
863512497
719483652
382657149
946821375
571934268

732689541
961453872
548172693
813245967
625791384
479836215
286517439
194328756
357964128

265719438
183254796
749863521
537946812
826571943
914382675
372698154
458127369
691435287

946182735
382765419
571493628
435827196
127639854
698514273
863251947
719348562
254976381

179834265
524697183
683125749
968451372
217963458
345782691
751349826
496218537
832576914

694357812
238194675
157286943
386479521
425813796
971625438
543961287
712548369
869732154

439826157
128537694
756914238
215749386
967183425
384265971
541372869
693458712
872691543

812946573
943571862
675382941
796254138
521863794
438719256
154698327
369127485
287435619

345872961
968541732
217693548
751439286
832756194
496128357
179384625
524967813
683215479

271639584
354827916
986514723
542976831
197348652
638251497
823765149
715493268
469182375

493751268
182496375
765832149
348179652
976524831
251683497
514968723
639217584
827345916

512749368
483265917
769183452
396458721
145372896
278691534
821537649
934826175
657914283

649812753
283675491
175943682
452796318
917438526
368521974
721369845
534287169
896154237

541732896
872961534
693548721
967813452
384625917
215479368
128357649
439286175
756194283

936721458
415896372
728534691
152368749
679452183
843917265
394175826
567283914
281649537

769425813
512386479
483971625
145869732
278543961
396712548
934157286
821694357
657238194

571286934
382194657
946357821
254813769
719625483
863479512
435961278
127548396
698732145

512386974
769425318
483971526
278543169
396712845
145869237
934157682
821694753
657238491

967425138
384971256
215386794
439157862
128694573
756238941
693712485
541869327
872543619

369127845
154698237
287435169
521863974
796254318
438719526
812946753
675382491
943571682

435619782
127485963
698327451
571862349
946573218
382941576
254138697
863794125
719256834

215749386
967183425
384265971
541372869
693458712
872691543
756914238
439826157
128537694

349268715
218375469
576149823
697831542
125497638
834652197
451723986
963584271
782916354

964281375
517394268
328567149
689415723
453728916
172936584
836152497
791843652
245679831

183245679
749836152
265791843
537964281
914328567
826517394
691453728
458172936
372689415

571862394
946573281
382941567
127485936
435619728
698327415
863794152
719256843
254138679

182649375
765283149
493175268
976452831
348917652
251368497
514896723
827534916
639721584

689237451
453169782
172845963
517682349
328491576
964753218
836974125
245318697
791526834

946537821
571826934
382914657
435691278
127458396
698372145
254183769
863749512
719265483

386521974
425796318
971438526
869154237
712369845
543287169
238675491
694812753
157943682

149765238
268493157
375182694
916827543
723514869
584639712
831976425
652348971
497251386

345169287
217845369
968237154
179526438
683974521
524318796
751682943
832491675
496753812

197438652
542796831
638521497
469812375
715943268
823675149
986154723
354287916
271369584

974512368
526483917
318769452
753821649
682934175
491657283
237145896
169278534
845396721

237869415
845712936
169543728
491238567
753694281
682157394
318425679
526971843
974386152

826349751
914576832
537218496
691782345
458963217
372451968
265834179
749125683
183697524

196345278
854217396
273968145
628751934
419832657
735496821
562179483
947683512
381524769

396172485
145689327
278453619
769245138
512836794
483791256
657328941
934517862
821964573

183976542
749251638
265348197
691827354
372514986
458639271
537182469
826493715
914765823

749683215
265179384
183524967
691345872
372968541
458217693
914832756
826751439
537496128

396172458
278453691
145689372
657328914
934517826
821964537
483791265
769245183
512836749

349175628
218649735
576283419
697452381
834917562
125368947
782534196
451896273
963721854

967831452
384652917
215497368
872916534
693584721
541723896
128375649
439268175
756149283

396854127
278196435
145273698
483562719
769381254
512947863
821735946
657419382
934628571

812753964
943682517
675491328
796318245
521974836
438526791
154237689
287169453
369845172

318452976
526917348
974368251
682175493
491283765
753649182
237896514
845721639
169534827

691278354
458396271
372145986
914657823
537821469
826934715
183769542
749512638
265483197

625917384
813452967
479368215
732896541
548721693
961534872
194283756
286175439
357649128

712639854
869514273
543827196
971348562
425976381
386251947
238765419
157493628
694182735

986327145
354619278
271485396
823941657
715862934
469573821
542138769
197256483
638794512

541689723
693172584
872453916
215836497
967245831
384791652
128964375
439517268
756328149

438256719
796138254
521794863
369485127
154327698
287619435
812573946
943862571
675941382

172458369
689372154
453691287
791265438
245183796
836749521
328914675
964537812
517826943

517682493
328491765
964753182
245318976
836974251
791526348
689237514
172845639
453169827

652483719
831769254
497512863
149657382
375821946
268934571
584396127
916278435
723145698

691354872
372986541
458271693
826715439
914823756
537469128
749638215
183542967
265197384

619827354
485639271
327514986
573182469
941765823
862493715
794251638
138976542
256348197

675382419
943571628
812946735
796254381
438719562
521863947
369127854
287435196
154698273

