812753649
943682175
675491283
154237896
369845721
287169534
521974368
438526917
796318452

271639485
986514327
354827619
469182573
823765941
715493862
197348256
638251794
542976138

149832657
375496821
268751934
723968145
916345278
584217396
831524769
652179483
497683512

765941328
493862517
182573964
639485172
827619453
514327689
976138245
348256791
251794836

394862571
567941382
281573946
679138254
843256719
152794863
415327698
728619435
936485127

217963584
968451723
345782916
179834652
524697831
683125497
751349268
496218375
832576149

349157826
218694537
576238914
697425183
125386749
834971265
782543691
451869372
963712458

218735964
349628517
576419328
834562791
125947836
697381245
782196453
451273689
963854172

491657832
682934751
753821496
974512683
526483179
318769524
237145968
169278345
845396217

125638794
697542138
834197256
218469573
349715862
576823941
782354619
451986327
963271485

372689154
691453287
458172369
183245796
265791438
749836521
537964812
826517943
914328675

415986732
936271548
728354961
394715286
567823194
281469357
843197625
152638479
679542813

183796542
265438197
749521638
458369271
372154986
691287354
826943715
537812469
914675823

381976254
562348719
947251863
628493571
735182946
419765382
196827435
273514698
854639127

675491238
943682157
812753694
796318425
521974386
438526971
369845712
154237869
287169543

152947863
843562719
679381254
567419382
394628571
281735946
415273698
728196435
936854127

287196534
369854721
154273896
943628175
812735649
675419283
796381452
438562917
521947368

368794125
452138697
917256834
175862349
649573218
283941576
896327451
534619782
721485963

832765194
496182357
751493286
345827961
217639548
968514732
683251479
179348625
524976813

936548217
415732968
728961345
679813524
152479683
843625179
281357496
394286751
567194832

254697318
863125974
719834526
571349682
382576491
946218753
127963845
435782169
698451237

548172396
961453278
732689145
357964821
194328657
286517934
813245769
625791483
479836512

769318542
483526197
512974638
145237986
396845271
278169354
657491823
821753469
934682715

394715286
281469357
567823194
415986732
936271548
728354961
843197625
152638479
679542813

682439751
491756832
753128496
237541968
845693217
169872345
526384179
318967524
974215683

827453619
639172485
514689327
182964573
765328941
493517862
976245138
251836794
348791256

368152794
452679138
917843256
649281573
283567941
175394862
721936485
534728619
896415327

287534961
154896732
369721548
438917625
796452813
521368479
943175286
812649357
675283194

182946735
765382419
493571628
251863947
976254381
348719562
827435196
639127854
514698273

458127369
691435287
372698154
183254796
749863521
265719438
914382675
537946812
826571943

843526179
152974683
679318524
728169345
936845217
415237968
281753496
567491832
394682751

256917843
138452679
794368152
485721936
327896415
619534728
573649281
941283567
862175394

675149283
943268175
812375649
796831452
521497368
438652917
287916534
154723896
369584721

698327514
127485639
435619827
863794251
719256348
254138976
382941765
571862493
946573182

769254183
483719265
512863749
145698372
396127458
278435691
657382914
934571826
821946537

976138425
251794386
348256971
182573694
765941238
493862157
514327869
827619543
639485712

719843652
863152497
254679831
571394268
382567149
946281375
698415723
435728916
127936584

823419657
715628934
469735821
354196278
271854396
986273145
542381769
197562483
638947512

571826394
382914567
946537281
254183679
719265843
863749152
698372415
127458936
435691728

638479125
542813697
197625834
469357218
823194576
715286349
354961782
271548963
986732451

963712485
451869327
782543619
125386794
834971256
697425138
576238941
218694573
349157862

491328765
682517493
753964182
169453827
845172639
237689514
974836251
526791348
318245976

769318452
483526917
512974368
934682175
657491283
821753649
278169534
396845721
145237896

542381769
638947512
197562483
986273145
354196278
271854396
715628934
823419657
469735821

521479368
438625917
796813452
287961534
154732896
369548721
943286175
675194283
812357649

845721369
237896154
169534287
491283675
753649812
682175943
974368521
526917438
318452796

625791348
813245976
479836251
286517493
357964182
194328765
732689514
548172639
961453827

869327541
712485693
543619872
238941756
694573128
157862439
971256384
386794215
425138967

265843719
749152863
183679254
537281946
826394571
914567382
372415698
458936127
691728435

936584712
415723869
728916543
152497386
843652971
679831425
394268157
567149238
281375694

149238576
268157349
375694218
652971834
831425697
497386125
723869451
584712963
916543782

964812375
328675149
517943268
791438652
245796831
836521497
689154723
172369584
453287916

832567194
751394286
496281357
179843625
683152479
524679813
968415732
345728961
217936548

719256483
254138769
863794512
571862934
946573821
382941657
435619278
127485396
698327145

968415372
217936458
345728691
524679183
683152749
179843265
832567914
751394826
496281537

154896273
287534196
369721854
521368947
438917562
796452381
812649735
943175628
675283419

281753649
567491283
394682175
415237896
936845721
728169534
679318452
843526917
152974368

271963845
354782169
986451237
715349682
823576491
469218753
197834526
542697318
638125974

986237145
354169278
271845396
542318769
197526483
638974512
715682934
823491657
469753821

183976542
749251638
265348197
458639271
372514986
691827354
914765823
537182469
826493715

149283765
268175493
375649182
831452976
652917348
497368251
916534827
723896514
584721639

854963271
273451986
196782354
628349715
735218469
419576823
947125638
381697542
562834197

251863479
976254813
348719625
827435961
514698732
639127548
493571286
765382194
182946357

961354827
732986514
548271639
813542976
479638251
625197348
286715493
194823765
357469182

697831425
834652971
125497386
218375694
349268157
576149238
451723869
963584712
782916543

197265483
638749512
542183769
823914657
469537821
715826934
271458396
354691278
986372145

723514689
584639172
916827453
497251836
831976245
652348791
149765328
268493517
375182964

283675914
649812537
175943826
917438265
368521749
452796183
896154372
721369458
534287691

689372145
453691278
172458396
791265483
245183769
836749512
328914657
517826934
964537821

854172693
273689541
196453872
381245967
562791384
947836215
628517439
735964128
419328756

728691534
936458721
415372896
281537649
567914283
394826175
152749368
679183452
843265917

194657832
286934751
357821496
732145968
961278345
548396217
625483179
479512683
813769524

345619278
217485396
968327145
751862934
496573821
832941657
179256483
524138769
683794512

493175862
182649573
765283941
348917256
251368794
976452138
639721485
827534619
514896327

534169827
896237514
721845639
368974251
917526348
452318976
283491765
175682493
649753182

265384917
183967452
749215368
458693721
372541896
691872534
537128649
826439175
914756283

823675914
715943826
469812537
986154372
271369458
354287691
542796183
638521749
197438265

914832765
537496182
826751493
183524976
265179348
749683251
372968514
458217639
691345827

862943571
941675382
573812946
485369127
327154698
619287435
138796254
794521863
256438719

723698514
916435827
584127639
268571493
149382765
375946182
831254976
497863251
652719348

693712584
541869723
872543916
756238149
439157268
128694375
967425831
215386497
384971652

514689273
639172854
827453196
765328419
182964735
493517628
976245381
251836947
348791562

483625179
769813524
512479683
657194832
934286751
821357496
396548217
145732968
278961345

182694735
765238419
493157628
827543196
514869273
639712854
348971562
251386947
976425381

769381452
483562917
512947368
934628175
821735649
657419283
145273896
278196534
396854721

823567194
469281357
715394286
354728961
986415732
271936548
638152479
197843625
542679813

869145237
543278169
712396845
157934682
238657491
694821753
425769318
971483526
386512974

638521479
542796813
197438625
823675194
715943286
469812357
271369548
354287961
986154732

485127369
327698154
619435287
138254796
794863521
256719438
862571943
573946812
941382675

196354278
854271396
273986145
381542769
562197483
947638512
735469821
419823657
628715934

836479512
791625483
245813769
689732145
172548396
453961278
517286934
328194657
964357821

753496218
491832576
682751349
169345782
237968451
845217963
974683125
526179834
318524697

287453169
369172845
154689237
812964753
943517682
675328491
521836974
796245318
438791526

548271639
961354827
732986514
357469182
194823765
286715493
479638251
625197348
813542976

286715394
357469281
194823567
961354728
732986415
548271936
479638152
625197843
813542679

217693458
345872691
968541372
832756914
496128537
751439826
524967183
683215749
179384265

271845936
986237415
354169728
715682394
823491567
469753281
638974152
542318679
197526843

628439571
419756382
735128946
381967254
947215863
562384719
273541698
196872435
854693127

832194576
751286349
496357218
683479125
179625834
524813697
345961782
968732451
217548963

218375496
576149832
349268751
782916345
451723968
963584217
125497683
834652179
697831524

