859612437
723854169
164379528
986147352
375268914
241593786
432981675
617425893
598736241

145327698
839654127
672918543
496185372
218473956
753296481
367542819
984761235
521839764

128547639
345869217
679213548
912486375
784352196
536791482
891624753
467935821
253178964

624578139
135496827
789123456
216385794
857964213
493217685
942651378
568732941
371849562

796152384
531468927
428379651
152634798
384791265
967285143
219843576
645917832
873526419

162857493
534129678
789643521
475312986
913586742
628794135
356478219
241935867
897261354

152934687
763821549
984567321
618493275
375182496
249756813
521378964
436219758
897645132

387926415
546813972
192475836
235749168
961258743
478631529
754382691
613597284
829164357

869574132
124396758
375128694
932857416
541632879
786941325
217469583
493785261
658213947

798635421
126974583
453218679
972586314
564123897
381497256
617352948
835749162
249861735

594876123
823914756
617235894
965421378
781653942
342798561
159342687
436587219
278169435

865213479
349785612
721469835
412396587
537128946
986574321
293857164
678941253
154632798

675231489
349867251
218459367
456312798
192578634
783694125
821946573
934725816
567183942

279513648
516482739
843769512
765291483
328654197
194837256
431976825
652348971
987125364

867934521
231567849
459821637
694378215
578219364
312645978
183756492
725493186
946182753

291875643
654213789
387496152
943768215
812954376
576132498
439527861
128649537
765381924

813729645
475368291
926154783
164573928
382916457
597842316
749681532
258437169
631295874

512796438
648531792
739428165
825967314
364152879
971384526
483219657
197645283
256873941

578349216
321865974
946721538
639412785
457986123
812537649
263154897
194678352
785293461

847631925
196258347
523749861
219475638
654813279
738926514
475382196
361597482
982164753

286749135
139568742
754321986
563487219
978216354
412953867
621875493
345192678
897634521

964521378
758436219
132897645
496375182
275618493
813249756
549763821
321984567
687152934

543762918
127389654
698415327
956128473
481573296
372946185
819637542
235894761
764251839

836574129
415629378
972318564
357461892
284795631
691283745
168947253
529136487
743852916

219345876
463897125
587621394
395412768
748563912
621978453
856139247
974286531
132754689

439865721
875123496
261974538
642319857
798546312
153287649
586491273
317652984
924738165

641923587
532768491
987514362
358271649
794685123
126439875
875142936
213896754
469357218

251873469
987546231
346912857
673128945
512439786
894765123
429657318
168394572
735281694

379482561
468513297
152769834
843291756
526837149
917654382
791348625
634125978
285976413

384791526
967285314
152634879
428379165
531468792
796152438
645917283
873526941
219843657

912346578
786519324
534728196
498167253
657283941
321954867
249871635
873695412
165432789

934861275
567924813
821537496
675498321
218376549
349215687
783152964
192643758
456789132

271345986
693128754
584679321
812467593
735891462
946253817
357912648
428536179
169784235

382719564
756348921
149625387
561973842
297864153
834251679
413582796
625197438
978436215

132578496
856934721
947162538
783429165
625713984
419685273
278351649
391246857
564897312

821495673
934876512
567213894
645321987
378649251
219587346
756138429
493752168
182964735

325941786
416857932
879632541
947213658
583469217
261785493
758396124
132574869
694128375

912643857
873152469
546789231
281537694
657924318
394861572
439215786
128376945
765498123

284579631
691328745
357146892
168794253
743285916
529613487
836457129
972831564
415962378

561248739
834976512
297351648
413697825
978512364
625834971
382465197
149783256
756129483

821946735
567183429
934725168
218459673
675231894
349867512
783694251
192578346
456312987

971823645
562491873
834567219
258134967
719256384
643789152
397615428
125348796
486972531

394216587
712538964
856974312
573649821
421785693
968123475
687352149
239461758
145897236

456382791
192756384
738149652
967834215
315297846
284561937
679413528
843625179
521978463

978456123
215783946
364192785
492567831
753821469
186934257
849675312
521349678
637218594

293641857
154987632
678532941
349126785
721358469
865794213
412875396
986213574
537469128

679834125
842561397
153297486
387149562
921756834
564382971
215978643
438625719
796413258

465978213
129364875
738215496
657849132
394521768
281637954
812753649
943186527
576492381

349687521
675321849
218549637
456132978
192758364
783964215
821496753
567813492
934275186

623415897
875329461
914867352
758934216
496172538
231586974
547698123
182753649
369241785

375184269
821659437
649273158
514896372
983721645
267345981
152467893
498532716
736918524

125738964
798465132
634129758
489657321
251394687
367281549
816943275
942576813
573812496

651248937
384976215
927351846
798512463
143697528
265834179
419783652
576129384
832465791

381546927
547192863
692387451
416829375
238754619
759613248
163478592
825961734
974235186

348265719
125798643
976143258
769384125
513927486
482651397
837419562
291576834
654832971

941768325
857923416
632514879
128357694
396142758
574896132
785439261
469271583
213685947

951234768
634758921
872916543
495687312
716523489
328491675
187365294
243879156
569142837

615379842
348152679
972468153
134285796
256791438
789634215
567843921
823917564
491526387

364978521
912453678
785216493
593124867
847635219
126789354
479862135
231547986
658391742

371948562
568237941
942156378
857469213
493712685
216583794
624875139
135694827
789321456

523749186
847631592
196258734
982164375
475382619
361597248
219475863
738926451
654813927

465381297
873692541
921547683
619825374
352974816
784163952
298416735
136759428
547238169

912876453
364125978
785394216
479531862
231689547
658247391
593768124
126453789
847912635

236541978
758932614
149786523
964217385
587493162
312658749
693124857
821375496
475869231

678512439
594673128
312894765
946251873
785346912
123987546
469735281
257168394
831429657

169547823
735298641
428136975
374619582
952784316
816352497
541873269
683921754
297465138

729138456
154269837
368754912
295316748
681497325
437582691
573641289
842975163
916823574

947381256
856972314
213564897
479835162
532617948
681249735
794126583
365798421
128453679

357641928
691823457
284975316
415269783
836754291
972138645
743582169
168497532
529316874

578346219
312987645
694251378
459673821
231894567
867512934
183429756
725168493
946735182

649573218
527816349
381942675
768251493
954367182
132489756
875634921
213798564
496125837

192653874
543798162
678142539
427319685
351826497
869574213
934261758
786435921
215987346

634192758
798456132
125783964
367218549
251349687
489675321
942567813
573821496
816934275

562738491
971456823
834192567
643521789
258679134
719843256
486315972
125967348
397284615

478613592
235794186
961285734
387962451
546831927
192457863
754328619
613579248
829146375

739842615
648153972
512679348
364215789
971438256
825796134
197564823
483921567
256387491

679123854
345689721
128457963
536971248
784532619
912846537
253718496
467395182
891264375

932461587
786352491
541897362
217538649
493216875
658974123
124785936
869123754
375649218

487961253
219753684
635824197
198537426
764218539
352649871
543172968
976485312
821396745

574368921
629154873
318729465
795842136
283916547
461573298
947681352
852437619
136295784

132498765
954376128
768215439
527861394
381924657
649537281
213789546
875643912
496152873

468297351
152834976
379561248
526149783
843756129
917382465
634978512
791625834
285413697

415629837
972318456
836574912
284795163
357461289
691283574
529136748
168947325
743852691

748325169
921468357
563719428
697231584
182574693
354896271
476953812
819642735
235187946

521987463
679431528
843652179
284516937
315279846
967843215
192765384
456328791
738194652

126543987
593678421
847192536
658427193
479351268
231869745
912786354
364215879
785934612

231489657
459367281
867251394
183942576
725816943
946573812
312798465
578634129
694125738

837512694
564879312
921463578
493125867
756948231
182736459
675294183
349681725
218357946

795361824
283475961
461982537
947523618
136847259
852196473
629738145
574219386
318654792

935128467
178469253
624357891
547936128
213845679
869712345
486573912
791284536
352691784

831297465
457683921
962541873
146735298
328169547
579428136
285374619
613952784
794816352

357264198
469718352
128395764
936457821
845123976
712689543
691532487
573846219
284971635

457921863
962873451
831465927
794352186
613784592
285619734
579136248
328547619
146298375

153286794
724139586
968754312
291563478
345978261
876412935
439621857
512897643
687345129

798123645
634785219
125946378
251678934
367594821
489312567
573469182
942831756
816257493

271946538
685321974
439578216
514263897
923785461
768194352
896457123
357812649
142639785

162934578
385172946
749586321
857241639
496753812
231698457
523867194
978415263
614329785

123689547
649735182
785214369
352876914
897451623
461392875
538127496
216943758
974568231

348625971
976413825
125978364
291756483
654382197
837149256
482561739
513297648
769834512

794213658
126785493
358469217
532941786
641857932
987632541
469128375
875396124
213574869

