859612437
723854169
164379528
986147352
375268914
241593786
432981675
617425893
598736241

145327698
839654127
672918543
496185372
218473956
753296481
367542819
984761235
521839764

128547639
345869217
679213548
912486375
784352196
536791482
891624753
467935821
253178964

624578139
135496827
789123456
216385794
857964213
493217685
942651378
568732941
371849562

796152384
531468927
428379651
152634798
384791265
967285143
219843576
645917832
873526419

162857493
534129678
789643521
475312986
913586742
628794135
356478219
241935867
897261354

152934687
763821549
984567321
618493275
375182496
249756813
521378964
436219758
897645132

387926415
546813972
192475836
235749168
961258743
478631529
754382691
613597284
829164357

869574132
124396758
375128694
932857416
541632879
786941325
217469583
493785261
658213947

798635421
126974583
453218679
972586314
564123897
381497256
617352948
835749162
249861735

594876123
823914756
617235894
965421378
781653942
342798561
159342687
436587219
278169435

287469531
319587426
546132987
865271394
123946758
974358612
652894173
491723865
738615249

215786349
498123675
376945218
643857192
152469783
789231456
537694821
924318567
861572934

823564971
567921834
491387562
615842397
972153486
348679125
256438719
134796258
789215643

974358612
218967345
635142879
352894761
861573924
749216583
123789456
586431297
497625138

872964153
465231798
193785642
658172439
231649875
749853261
526498317
387516924
914327586

132675984
768349152
954218763
527934618
649821375
381567249
213456897
875192436
496783521

394168725
281735946
657429183
912346578
546987312
873251694
439512867
128673459
765894231

567492138
934186752
821753964
349521876
218637495
675849213
456978321
192364587
783215649

593876421
126345987
847291536
785439612
364512879
912687354
231968745
658724193
479153268

536789412
479162538
812435697
685927341
794318265
321546879
168294753
947853126
253671984

125493678
948756312
736182594
879564123
512837946
463921785
294675831
357218469
681349257

714532689
826194573
359876142
542983716
673421895
198765234
485619327
937258461
261347958

375694218
618572349
249318675
897231564
436857921
521469837
763945182
152786493
984123756

538947261
942168537
716253849
897536124
621479385
354812976
465321798
279685413
183794652

654813297
738926541
219475683
523749816
196258374
847631952
361597428
982164735
475382169

459812763
867943152
231576984
725439618
183765249
946128375
312654897
694387521
578291436

214687953
968253417
357419628
146825739
895734162
732961584
671398245
589142376
423576891

241673589
675198423
893542671
437261895
169485732
528937146
352714968
914826357
786359214

647398215
198425673
352617849
435189726
986273451
271546398
723851964
569734182
814962537

921578346
837694251
564312987
218946735
349725168
675183429
493867512
182459673
756231894

285967341
634152897
791384562
379428156
468531729
152796483
917645238
843219675
526873914

592163487
734825916
186974253
863547129
927381564
451692378
375416892
619238745
248759631

853947612
649132758
172856394
231564987
964278531
785391426
327419865
498625173
516783249

897213456
436875192
521496783
375649821
618527934
249381567
152768349
984132675
763954218

327961548
958734126
461825793
234576819
716398254
895142367
689253471
573419682
142687935

196485327
473261958
582937461
941826573
768359142
325714689
839542716
657198234
214673895

752394618
138657249
964281375
876439152
213765984
495128763
321546897
587912436
649873521

798123456
634785192
125946783
816257934
942831567
573469821
367594218
251678349
489312675

675981324
241736985
893425176
437612598
169854237
528379641
352147869
914268753
786593412

312657489
678394251
594281367
785129634
946738125
123465798
257943816
831576942
469812573

895734612
732961854
146825379
671398425
589142736
423576981
968253147
357419268
214687593

769125348
513486972
482397615
125643789
976258134
348719256
291834567
837562491
654971823

215394867
376281459
498657231
643129578
789465312
152738694
924576183
537812946
861943725

483215796
729846531
156937428
341528967
897463152
562179384
238791645
675384219
914652873

325968741
941357862
768214395
473895216
582146973
196732458
214589637
657423189
839671524

128549673
765321894
439687512
394275168
281496735
657813429
912758346
546132987
873964251

192463785
456879123
783512946
675948312
349125678
218736594
567294831
934681257
821357469

216374589
458691273
973285614
524938167
637412958
189756342
862149735
395867421
741523896

761893254
859241367
243675819
537914682
124786935
698352471
416528793
372169548
985437126

145269387
386754192
792138546
824975613
537641829
961823754
259316478
473582961
618497235

854327619
612958347
379461258
268573194
147689532
593142876
981234765
736895421
425716983

349127658
785694231
621835749
856372914
137489526
294561387
513946872
978213465
462758193

482163579
196574328
753289146
279456831
638912457
514837962
861325794
925748613
347691285

182649753
493527186
756381492
219875364
378496215
645213978
567132849
934768521
821954637

869714352
753826914
412359786
598261437
641937528
237485169
324198675
176542893
985673241

214395678
968741235
357862491
146973852
732458916
895216743
423189567
589637124
671524389

896714352
421359786
735826914
614937528
273485169
589261437
958673241
342198675
167542893

657318942
281694573
394572816
546231798
873469125
912857634
765123489
439786251
128945367

314258769
526719483
879643251
165397824
438125697
792486135
941562378
283971546
657834912

961347825
235861974
478925163
613482759
829753416
754196238
546279381
387514692
192638547

562791834
341285697
897634512
483152976
156379248
729468351
238917465
914526783
675843129

619485732
347261895
258937146
532714968
876359214
194826357
421673589
765198423
983542671

412738695
635492871
789651432
196345728
324867519
578129346
253984167
941576283
867213954

649378125
587219634
321645798
213567489
495821367
876934251
752493816
964182573
138756942

943861572
812537694
576924318
129643857
465789231
738152469
394215786
281376945
657498123

674125938
189763245
325489167
217938456
968541723
453276819
732694581
841357692
596812374

375821649
618934527
249567381
521783496
897456213
436192875
763218954
984675132
152349768

328791546
194652378
765384912
987463251
652179483
431528769
516937824
279846135
843215697

567831429
934257168
821469735
192785346
456123987
783946251
218594673
349678512
675312894

219346875
378251496
645987213
567894132
934512768
821673954
493168527
756429381
182735649

142867953
573149628
689523417
327691584
461285739
958374162
895412376
716938245
234756891

873962145
921457386
465831792
547328961
136579824
298146537
352794618
619285473
784613259

687421395
419735862
253896741
576342189
398167524
142958637
961273458
825614973
734589216

216578394
978436125
453291876
635784912
124359768
789612453
862947531
547123689
391865247

457219863
831654927
962738451
328475619
146982375
579361248
613847592
285196734
794523186

985162734
416739825
372584961
859376142
761245398
243891576
124953687
537628419
698417253

812753469
576492831
943186257
281637594
394521678
657849312
129364785
738215946
465978123

729456831
154837962
368912457
437691285
681325794
295748613
842163579
916574328
573289146

576942183
812573946
943816725
394251867
281367459
657489231
738125694
465798312
129634578

279413856
465798213
183652947
716849532
942537681
538261479
621385794
354976128
897124365

562371489
941568372
378942561
139624758
827135946
456789213
794216835
213857694
685493127

243567891
761389245
859124376
416852739
372916584
985743162
124678953
537491628
698235417

716983254
895421367
234765819
461258793
327619548
958347126
142876935
573194682
689532471

325417869
941628753
768953412
657891324
214376985
839245176
196584237
473162598
582739641

917283456
526941738
843657192
152438967
379165284
468792315
791526843
285314679
634879521

681573429
479216385
532894167
947625831
213789654
856431792
365142978
794358216
128967543

798465321
634129587
125738649
367281495
251394876
489657213
816943752
942576138
573812964

984523167
521476938
367981245
753148692
496237581
218695374
839712456
145869723
672354819

547832169
298614735
136957428
784361952
619528374
352479816
465183297
873296541
921745683

271465398
435891726
986732451
814629537
569347182
723518964
352176849
198254673
647983215

265843179
798521463
143679528
576192384
832456791
419738652
927315846
384967215
651284937

375419826
986253714
241687359
432576198
598142673
617398542
164825937
723961485
859734261

316759284
457238691
928416357
532974168
169825743
874163529
645381972
783692415
291547836

942657318
816394572
573281694
489765123
251439786
367128945
634912857
798546231
125873469

576912483
419378256
832546197
384697512
651824739
927135648
143769825
798251364
265483971

861394752
537281964
924657138
376128495
215439876
498765213
789546321
643912587
152873649

132894576
954673812
768512943
875346291
496251387
213987654
527168439
649735128
381429765

254198736
176352498
983647152
891435267
465271983
732986514
518723649
629814375
347569821

235974186
961825734
478163592
754238619
829416375
613759248
387692451
546381927
192547863

