859612437
723854169
164379528
986147352
375268914
241593786
432981675
617425893
598736241

145327698
839654127
672918543
496185372
218473956
753296481
367542819
984761235
521839764

128547639
345869217
679213548
912486375
784352196
536791482
891624753
467935821
253178964

624578139
135496827
789123456
216385794
857964213
493217685
942651378
568732941
371849562

796152384
531468927
428379651
152634798
384791265
967285143
219843576
645917832
873526419

162857493
534129678
789643521
475312986
913586742
628794135
356478219
241935867
897261354

152934687
763821549
984567321
618493275
375182496
249756813
521378964
436219758
897645132

387926415
546813972
192475836
235749168
961258743
478631529
754382691
613597284
829164357

869574132
124396758
375128694
932857416
541632879
786941325
217469583
493785261
658213947

798635421
126974583
453218679
972586314
564123897
381497256
617352948
835749162
249861735

594876123
823914756
617235894
965421378
781653942
342798561
159342687
436587219
278169435

