954712638
182365794
763849152
349251876
526478913
871693425
438127569
697534281
215986347

236149587
819257346
547683921
921478635
785326419
364591278
698732154
152864793
473915862

175469238
892351476
634287519
587932164
916748352
423516897
251694783
349875621
768123945

478519263
162783945
593462817
237956184
615348729
849127536
926874351
354291678
781635492

658274913
319658724
427139658
782496135
136582479
594713862
871345296
963827541
245961387

138796245
749251386
265483197
687542913
412639758
593178624
351964872
976825431
824317569

534826179
618795423
729431658
147953286
956284731
382167945
493512867
875649312
261378594

195867432
873245691
642931875
936152748
584679213
721384569
317526984
269418357
458793126

761938542
458621973
329475618
134296785
876153294
295847361
947312856
583764129
612589437

182947356
764538912
539612874
876423195
321859647
945761283
453196728
218374569
697285431

829561374
345279186
617843529
782134965
463957812
591628743
234715698
158496237
976382451

397428165
814659327
526371894
273194658
145862739
689537412
732946581
451283976
968715243

739251684
826349715
154687932
648193257
291875463
375462198
962738541
587914326
413526879

987624531
163587942
245913687
519462873
378159426
426378159
654231798
892746315
731895264

518924736
392876154
674513982
783459261
251367498
946182573
825691347
139748625
467235819

875431629
319267548
426598317
153824976
947356182
268719435
781945263
534672891
692183754

528763941
163459728
497821563
836295174
712648359
954317682
645932817
381574296
279186435

495382167
213697458
687154293
371965824
854231679
926478315
132549786
769823541
548716932

849731652
257648931
163925784
618394275
492587316
375162849
586479123
734216598
921853467

326584179
587619243
941372586
254867391
763491825
198235764
672953418
815746932
439128657

491536782
632178459
785429361
159643827
248917536
376285194
527864913
864391275
913752648

476213958
983675421
152894763
641932875
528467319
397158642
239546187
814729536
765381294

937824615
512376489
684519732
163497528
428653197
759182364
891735246
276941853
345268971

845912673
913687425
762435981
428763519
639251847
157849362
581374296
396128754
274596138

357941268
486725139
291368754
739654821
628197543
514832976
175486392
962513487
843279615

648315297
159827364
327964815
231748956
594632178
786159432
962581743
815473629
473296581

468721539
273596841
195438627
657843912
931267485
842915763
584172396
716389254
329654178

752831496
836954217
914762358
361475829
498216573
275389641
527693184
649128735
183547962

432578196
869124375
157396842
578632914
396451287
241987563
924715638
715863429
683249751

185367492
724918635
693245718
519436287
367892541
842571963
438759126
251684379
976123854

859321764
613754982
742689351
978245136
364178529
125963847
297536418
431892675
586417293

618253749
943187625
527946138
291578364
784631592
356492871
862314957
475869213
139725486

379186425
216954873
485237961
927613584
861495237
543728196
158362749
694871352
732549618

493157268
758426391
621983574
516348729
984762135
237519486
375894612
169275843
842631957

732415986
186279453
954836217
698753142
341962875
275148369
523681794
867394521
419527638

794325186
315786249
826941357
482197635
957634812
163258794
679513428
241879563
538462971

394862715
657913842
281754369
843195627
519627438
762438951
926371584
435289176
178546293

371425869
586319472
924867513
159738246
637942158
842651937
213596784
498173625
765284391

258431769
396275184
174986325
942358671
685712493
713694852
839547216
427169538
561823947

426319758
873265419
519478263
235684197
698751324
741932586
164823975
957146832
382597641

768154932
324769158
519283764
276591843
843672591
951438627
637825419
495317286
182946375

437692815
826451379
159783426
785364192
613927584
942815637
368579241
571248963
294136758

965831247
728694513
143257986
416789325
857362491
239145768
581423679
692578134
374916852

519468327
783512694
642397185
961743258
458621973
327859416
235186749
896274531
174935862

674219385
928375614
531648729
819536247
753924168
462187953
345762891
297851436
186493572

183729465
294635718
675148329
318457296
762891534
549263187
956372841
827914653
431586972

437912685
951468237
268753941
526147398
879536412
314289756
782391564
143675829
695824173

352468197
781293645
946715238
864172359
523986471
179534862
495321786
238657914
617849523

452679381
386152947
791483256
564721893
278936415
139845672
927564138
843217569
615398724

127389654
358674912
946521873
631892745
784156329
592437186
875263491
213948567
469715238

216547398
853916472
947823156
384672915
769185243
125439687
478361529
531298764
692754831

976425318
125839746
834176952
583217694
642598137
719364825
498651273
357982461
261743589

312476895
697851423
548293716
961745382
824139567
735682941
486317259
179528634
253964178

456987132
821364957
397215684
769423815
514798263
283651749
178532496
645179328
932846571

795461823
836529147
241873965
658947312
473182659
129635784
312756498
987214536
564398271

592783641
617954832
384621579
436215798
259837416
178496253
843172965
961548327
725369184

356742819
924581376
178693542
761925438
235864791
849137265
683459127
497218653
512376984

638195247
947862153
251734968
795246831
126358794
483917526
374589612
512673489
869421375

258317694
917426538
463589271
521964783
746238159
839751462
694872315
185643927
372195846

689745123
327619485
145823976
956472318
431598267
278136594
763951842
892364751
514287639

579183264
342967518
681542739
895734621
436251987
127698345
264879153
758316492
913425876

145236789
289457631
673918425
326185974
791624358
458793216
962871543
517349862
834562197

573928416
824176395
691534728
269857134
345619287
187342659
918763542
456281973
732495861

647182593
952643178
381975642
873521964
165439827
294867351
539714286
726398415
418256739

351864729
926375481
478912356
583627194
647159832
219438567
135246978
792581643
864793215

856297314
217364985
934851267
593148726
461725893
782639541
129473658
345986172
678512439

158976423
462513789
937284516
824395167
319647852
576821934
245768391
793152648
681439275

671849532
342516987
589273416
957384261
438162795
126795348
294651873
765938124
813427659

216497853
753218946
498653721
541372698
869145372
327986514
184769235
672531489
935824167

294183675
781596423
536742189
329618754
618475392
475329816
157934268
942867531
863251947

962435718
358712694
174968253
293547186
815693472
647281539
481376925
536129847
729854361

691273548
753841296
842956731
239517864
416382975
578694312
185769423
924135687
367428159

918527634
624913785
753684291
179245863
462398157
385176429
241839576
597462318
836751942

186425397
274693815
953817426
469381572
521749683
738562149
317258964
845976231
692134758

965782314
743915862
821643579
487256931
239178645
516439287
152367498
378594126
694821753

859217643
741386925
623945187
274639851
368751294
915428376
137592468
582164739
496873512

792641385
485397621
136528749
629134578
548976132
317852964
261785493
873419256
954263817

592817634
648953712
173264859
426175983
857396241
319428576
734682195
965731428
281549367

825193467
146572398
739864152
513429786
268731549
497658213
682315974
371946825
954287631

132964785
479258613
856137429
214679358
693825174
785413962
961382547
327546891
548791236

369745821
451982367
872361459
927453618
146897235
538126794
613574982
294618573
785239146

586439712
421876953
397512864
168327549
974185236
253694187
735948621
819263475
642751398

196253847
475168923
832974615
763519482
984327561
251846379
349781256
627435198
518692734

685213497
734569812
291874653
842137965
176925384
359486271
917642538
463758129
528391746

839541627
261897453
457623819
985264371
723189546
614375298
598732164
372416985
146958732

951674382
246385179
387219645
824593716
193726458
675148923
738951264
462837591
519462837

849536217
637912584
152874693
381267459
976453821
425198736
718629345
564381972
293745168

231965874
678314529
954782613
742839165
195476382
863521947
429658731
587143296
316297458

472613895
561987243
389254716
715328469
694175328
238496571
123849657
847561932
956732184

532698147
418752936
769134852
843276591
175943628
296815473
981427365
324561789
657389214

975263148
462918753
381754962
157692384
694835271
238147596
843529617
719386425
526471839

243658791
876319254
519274836
954867312
387421569
621593478
765942183
132786945
498135627

539417682
418265379
627983415
296378154
851694723
374152896
182546937
745839261
963721548

349857261
521346798
687912435
164795823
978123546
235468917
893674152
712539684
456281379

158769243
396412785
247583691
964235178
531874962
782691354
619358427
823947516
475126839

635792418
984615372
712438569
356124987
821379645
479586123
597841236
163257894
248963751

985631247
174289356
632574819
867315492
519426783
423798561
246953178
798142635
351867924

817369245
629574381
345812679
562783914
184296753
973451862
736945128
258137496
491628537

418569327
529473861
637182594
285946173
961735248
743821659
872614935
354298716
196357482

596831427
742659813
138472659
213948576
954726138
687513294
361287945
429365781
875194362

