946571382
321846957
578392461
762189543
835427196
194653728
487235619
219764835
653918274

183749526
529683471
467521389
358417962
241896753
796235148
975168234
814352697
632974815

574328916
286917354
319654827
467591283
825463179
931872465
753289641
648135792
192746538

491587623
286913475
375624918
613892547
957146832
824735196
739468251
548271369
162359784

694217853
372685914
851349726
263754198
187963542
549821637
936172485
418536279
725498361

239516874
765824193
814397526
381479652
927653481
456182739
572941368
193768245
648235917

496315782
357286194
182947635
648173529
219564378
735829461
861432957
974658213
523791846

987462135
345718692
216395487
163927854
429583716
578146329
854271963
692834571
731659248

129864375
587132649
346795821
694257183
873916254
251483796
412379568
968521437
735648912

528763941
163459728
497821563
836295174
712648359
954317682
645932817
381574296
279186435

931768524
576249831
482351697
817436952
654192378
329587146
148925763
793614285
265873419

697843521
813257946
524169387
271495863
489631275
365728419
942576138
758312694
136984752

429756831
185943267
637218954
753821649
941567328
862439175
276194583
394685712
518372496

147328695
586971324
293465817
965783241
728194563
314652789
671839452
432516978
859247136

586234179
247619853
319578462
128347596
653921748
974865231
892453617
461792385
735186924

283469715
691725834
745138692
579216348
832547169
416893257
364972581
957681423
128354976

467985231
281734965
953621478
624817593
319452786
875369142
146593827
732148659
598276314

817629435
452738196
639154728
245386971
798512364
163947852
521493687
386271549
974865213

426753189
517894632
983162547
362971458
894325716
175486923
648217395
251639874
739548261

726415938
431289657
859763241
687342519
392571864
145896723
913628475
564937182
278154396

987631425
521497368
346258197
674983512
295176843
138524976
413765289
862349751
759812634

673914528
148257693
925863471
592386714
436571289
817429356
759638142
264195837
381742965

892735416
561489372
437162589
273946158
184257963
956813724
728594631
319678245
645321897

624975318
817634259
953182647
148523976
375869421
296741835
481297563
539416782
762358194

358794126
142635978
679812345
965473281
723581469
481926753
814269537
536147892
297358614

972856341
418293765
365471928
597628134
284317659
631945872
829764513
146539287
753182496

582436197
649721583
317895642
425918376
873642951
961573824
754369218
138254769
296187435

376482159
854913726
192567384
685791432
937254618
421638975
513849267
748126593
269375841

237196458
985234671
416758293
361942785
729815364
548673129
173529846
894367512
652481937

237681549
541329786
869745132
695138427
728564391
314972865
183297654
452816973
976453218

759124638
126783549
843659172
487596321
361247985
592831467
974312856
615478293
238965714

346791528
821653479
579482136
612978354
493526817
758134692
985347261
267815943
134269785

671598342
384127695
529436178
218649753
795382416
463751829
937264581
152873964
846915237

857439621
413276859
629815437
196382745
578641293
342597186
731924568
285163974
964758312

571269843
463158297
289734615
628947531
714385962
395621478
856473129
147592386
932816754

695438271
134726589
278195364
782561493
341279856
956843712
527914638
813652947
469387125

389517642
247683195
156492738
921864357
475139286
638275419
893721564
714956823
562348971

635498271
789512634
412367985
267931458
891254367
354876192
573149826
948625713
126783549

273149568
418756923
956382741
347598216
685231497
129674835
861925374
532467189
794813652

326714958
759826314
481593726
642387591
593241687
817659432
275438169
134962875
968175243

712638594
586149723
934725681
845917236
163852479
297463815
321586947
678394152
459271368

853697412
627431895
419852736
345169287
298743561
176285349
984576123
532918674
761324958

526891473
184372596
973465182
235148967
748659321
691723845
312987654
459236718
867514239

236917458
498532671
751486923
824195736
517643892
963728514
345269187
189374265
672851349

567381942
194762358
328549617
485627139
673194285
912835476
856213794
241978563
739456821

563714928
729856134
418392657
376125489
281943765
954678213
832467591
697531842
145289376

875134692
942687513
163529487
216943875
584716329
397258164
439871256
728465931
651392748

961524378
374968152
285713694
419287536
826395741
753146829
132659487
598471263
647832915

843125976
179863254
256794138
538649721
967251483
421378695
782516349
314982567
695437812

698573142
175642983
324918756
817364529
963125478
542789361
756291834
439856217
281437695

216873945
547169382
839542716
351794628
968215437
472386159
124957863
783621594
695438271

371248659
926715438
584639217
763924185
298156374
415873926
637591842
159482763
842367591

842397615
719856243
536241978
158423796
974568321
623719854
287135469
391674582
465982137

254986731
916375842
738142596
147829653
825637914
693514278
372498165
581763429
469251387

517923684
826514379
934768125
673259418
492186537
185347962
269471853
351892746
748635291

469218537
875439216
321657984
683175492
147923865
952864371
598746123
236581749
714392658

542783961
168429537
397516824
625134798
781962345
439875612
914358276
253647189
876291453

921378564
567249813
834615297
372496158
649581732
185723649
718954326
453862971
296137485

482316579
635978241
917425386
576234918
298157463
143689752
324561897
851793624
769842135

697843521
125796843
483215967
542967138
731582694
869431752
274658319
916374285
358129476

195634872
827591634
634872915
376925481
458716293
219348567
941267358
783459126
562183749

719253864
823146579
546789231
258364197
631978452
974512683
192635748
467891325
385427916

453812796
169753428
728496153
574968312
281374965
396125874
637281549
815649237
942537681

286435197
497182365
351976284
168549732
925317846
743268519
872691453
614753928
539824671

712843695
986571243
453269187
867914352
345728916
129356874
238495761
571682439
694137528

143952867
726184359
859637124
315749682
264318975
978265413
697823541
582491736
431576298

985431726
241768953
376529148
158394672
469275831
732816594
594682317
613947285
827153469

951368274
846172953
723459618
487615392
269837541
315294867
532941786
694783125
178526439

795824361
463571928
182963754
924638175
631752489
578419632
817296543
259347816
346185297

392578614
516432897
784196325
671984253
248315769
935267481
823751946
459623178
167849532

635489712
179325468
824716593
952861347
761534289
348297156
296153874
413978625
587642931

961825374
354791628
278436951
425917836
193658742
687243195
536174289
719582463
842369517

724856193
683719542
159423768
845697231
371542689
962381475
237168954
596234817
418975326

931825674
584367912
267149385
756213498
149586723
823974156
675492831
412738569
398651247

359127684
261498357
847536912
536279841
782641593
194853276
415962738
678315429
923784165

958473216
364192857
721856394
849365721
573219468
216784539
635947182
482631975
197528643

478256931
513948627
926137845
385679214
267413598
149825376
834762159
651394782
792581463

318547296
542869731
967123845
825936174
479218563
136475928
654791382
783652419
291384657

423518967
761394285
958762314
596127438
284936751
317485629
672859143
839641572
145273896

186542973
547193682
329876541
762381495
458927316
931465827
815234769
274659138
693718254

149872365
238465197
657319248
394521786
816743529
725986431
973258614
581634972
462197853

168725439
529436187
743981526
396178254
872354691
451692378
917543862
685217943
234869715

934678215
852194637
671352948
489527361
326981754
517463892
245836179
168749523
793215486

865421937
294736815
137589264
983645721
542317689
671298453
459863172
726154398
318972546

193862547
684735291
725914368
819623475
257481639
346597182
568149723
972356814
431278956

795314628
863529174
214876953
178462539
952731486
346958217
427193865
639285741
581647392

378194562
594362871
162785943
641253798
759418236
823679154
285946317
916837425
437521689

569234871
183976425
472158369
924365718
657819234
318427956
245683197
836791542
791542683

725314698
613982574
984567123
297146835
548723916
136895742
371458269
452679381
869231457

394762581
862195347
715348692
138926754
429573168
657814239
281659473
543287916
976431825

679258341
351674928
248931765
182547639
435196872
796823154
823715496
917462583
564389217

816573492
239614578
475289136
548197263
721346859
963852714
152938647
387465921
694721385

976851324
482637951
153492786
765213849
248976135
391584267
539768412
827145693
614329578

594138276
281647539
673529814
156793428
837462195
429815763
915286347
762354981
348971652

683759124
174623598
295841367
469215873
731468952
528397416
316974285
852136749
947582631

145236789
289457631
673918425
326185974
791624358
458793216
962871543
517349862
834562197

746352189
289716345
153984627
564297813
931865472
872143596
325471968
497638251
618529734

751634928
436928157
289157346
865412793
327896514
194375862
943281675
512763489
678549231

861279354
425361897
973548216
756183429
314792568
298456731
632814975
187925643
549637182

435618297
198752364
276349851
329875416
564291783
817463529
783926145
641587932
952134678

