526187349
743529816
891463527
478315962
152694783
639872154
284931675
967258431
315746298

259487316
613592874
847613592
495321687
786945231
132876459
324159768
571268943
968734125

934618527
285947136
176253948
761839254
498526713
352471689
523764891
619382475
847195362

346917285
257368194
198452763
813594627
765823419
429176358
682735941
571649832
934281576

867235941
314698752
952174863
628719534
541863279
739452618
296541387
485327196
173986425

937514286
148236975
652798431
721863549
469175823
385429617
516382794
874951362
293647158

527918463
643275981
198436275
956827314
814653729
372149658
739561842
261384597
485792136

153748926
842196735
967352148
281467359
679523814
435981267
394275681
728614593
516839472

278461935
469523781
315789246
837912564
521846397
694357128
153698472
782134659
946275813

749152836
138649257
265378491
597286143
482713569
613495728
376521984
924867315
851934672

195867432
367124985
428359176
219743568
874615329
536982714
981536247
743298651
652471893

312895764
856174923
479236581
627483159
931527846
584961237
263759418
198642375
745318692

857963142
492571368
316284975
273498651
945316287
681725493
738149526
164852739
529637814

316952487
957834612
284716935
572341869
149685723
863279541
791428356
435167298
628593174

275831964
148596732
369742158
936285471
854917623
721364589
482679315
517423896
693158247

758692413
142573869
369481752
895764231
214839576
673125984
927356148
486217395
531948627

219453687
843627159
756189342
421895736
597361824
638742591
982516473
364278915
175934268

428671935
697354128
153982764
789546312
541293687
236718459
364827591
912435876
875169243

385674129
276198435
419523678
958236741
721489356
634751982
562317894
197842563
843965217

857194263
126537984
394268715
481756329
679382541
235419876
712945638
963871452
548623197

754132896
682597413
193846257
571283964
846951732
239674185
317468529
968725341
425319678

243891567
167253948
958476231
615734829
794128653
832965714
586319472
471582396
329647185

425138796
376294851
189567243
268751934
743926518
591843627
612379485
934685172
857412369

947631258
235879641
618452397
124986573
386715924
579243186
451327869
892164735
763598412

769185243
483962175
215347896
897431652
132576984
546829317
371258469
954613728
628794531

835976241
264581793
917324568
126859437
479613825
358742916
681497352
793265184
542138679

847962531
169375482
532481679
396248715
215793846
784156293
653817924
428639157
971524368

932485617
847612395
156379428
589267134
423198756
761543982
218736549
694851273
375924861

431765298
769248351
852319647
976583412
513426879
284971563
625137984
397854126
148692735

934857126
658129734
712436589
245361978
186794352
397582641
523918467
461273895
879645213

798126345
126453987
354789162
269347851
481295673
573861429
612978534
837514296
945632718

759431628
683275419
412968573
834592761
927613854
561784392
145826937
378159246
296347185

954836712
317925648
286417539
543279186
628143957
791658423
172394865
465782391
839561274

824963715
357812946
619475328
163287459
942351867
785649231
276538194
591724683
438196572

758324619
412689735
936157842
327846591
689215374
541793286
875961423
294538167
163472958

759843162
183625794
642971835
871259643
435186927
926734518
314567289
568392471
297418356

539217468
624385791
871469325
345692817
267138954
198754236
982541673
456973182
713826549

276319485
849752631
135486927
652897143
793241568
418635792
367124859
921568374
584973216

148275369
732916584
659348721
281693457
964857132
573421896
317569248
495182673
826734915

546839721
829715436
371642859
234967185
715428693
968153247
157384962
682591374
493276518

279358416
351764829
486192753
695837142
813426975
742519368
934275681
127683594
568941237

829156437
763284519
541793628
172469385
486537291
935812764
354921876
217648953
698375142

316854279
975261348
482793561
539176824
721548693
648329157
867912435
293485716
154637982

416927835
597683124
283415697
729834516
145762983
368591472
834259761
971346258
652178349

123687549
698415237
547239168
832154796
961873425
475926813
756342981
289561374
314798652

791542863
845367192
632981457
916475328
428193675
357826914
189254736
563718249
274639581

935216487
647583291
281479356
123698574
854732619
769145823
578964132
316827945
492351768

459678231
176923584
382514976
814356729
637192458
925847163
793465812
261789345
548231697

418935267
392761845
765482193
279148356
651379482
843526719
136897524
527614938
984253671

265479318
843261795
791385426
624153879
518792634
937648152
186927543
479536281
352814967

736428951
241935876
985617432
674293185
128564397
593781624
817342569
462859713
359176248

635274918
784913526
912586374
843165792
261397845
597842631
329458167
456731289
178629453

562497381
481352796
937681452
196834275
345276819
278915643
724169538
613548927
859723164

342651978
715984623
698372514
264897351
153246897
987135462
829513746
576428139
431769285

348569172
516427893
729318654
462851937
185973246
973642518
294785361
837196425
651234789

927831564
418657923
536942871
652194387
179386452
843725619
764513298
395278146
281469735

831652497
275914863
964387251
319578624
547236189
682149735
128795346
756423918
493861572

983675214
165234978
247819536
726483159
598761423
314592867
839126745
651947382
472358691

492853671
865917243
713426859
529681734
381745962
674392185
936274518
148569327
257138496

978625413
246183597
351479862
413957628
789362145
562841739
697534281
124798356
835216974

536741298
987256431
142938576
875623149
319485627
264197853
491872365
758364912
623519784

482691753
971853642
635724981
163548297
759132468
824976135
547319826
218465379
396287514

265947138
481563792
793182564
137254986
926871453
854639271
512396847
648725319
379418625

489513627
536972481
127684935
712365894
358149276
964827153
845791362
293456718
671238549

297635481
685471329
134928657
342817596
756293814
918564732
571342968
463189275
829756143

716495283
329817456
854362179
547631892
632958714
198724365
973286541
281549637
465173928

436819725
592473861
187256349
358947612
279361458
641528973
865194237
723685194
914732586

976415283
438269157
521873496
319754862
857126934
264938715
793582641
185647329
642391578

189234576
756198432
432756189
824615793
963847215
517923864
271569348
645381927
398472651

214853769
593761248
687294153
978546312
152389674
436172895
861935427
745628931
329417586

918452376
753698124
624371958
382967415
569143287
471285693
235716849
147839562
896524731

728631954
134759286
659824137
485396712
391287645
276415398
543972861
917568423
862143579

351498762
674152893
298673451
839547126
567281934
142369587
786934215
913725648
425816379

924861573
361579482
785324691
859417236
436952817
217638954
678293145
543186729
192745368

493156827
621987345
587234691
918473256
745621938
362598714
139865472
874312569
256749183

186739425
793254186
452861973
817593264
645128739
329476518
534617892
261985347
978342651

951238764
742965318
863147952
217896543
485312697
396754821
134589276
629473185
578621439

241865793
738942615
965371824
582439176
379186542
416527938
857293461
193654287
624718359

647935182
539128674
128674593
913847256
462591738
785362941
251489367
896713425
374256819

475396182
329781456
861542937
783654219
196238745
542917863
617825394
234169578
958473621

961482573
453671289
872395146
127543968
589267431
346819725
635124897
714938652
298756314

795146832
386279154
412583967
863714529
927835416
154962783
248691375
579328641
631457298

481362759
327195468
965478231
578621943
614539827
239784516
843956172
752813694
196247385

459276831
783159426
612384759
347691582
928547613
165832974
836425197
274918365
591763248

735261894
219784635
864539217
496352178
358147962
172698543
927813456
681475329
543926781

724596183
961382745
538714926
413829567
279165834
685473291
342957618
856231479
197648352

769413285
512687349
348925176
873264951
694531728
125798463
936842517
287159634
451376892

876213954
253469178
941785632
592138467
618574293
437926815
725641389
364897521
189352746

523819764
714263958
986754312
368942175
497581236
251637489
135426897
649178523
872395641

917563248
543782691
628419735
864927513
139658472
275341986
756834129
392175864
481296357

347685921
516294378
892713456
723869514
489157263
165432897
278546139
954371682
631928745

758943621
243176589
169285374
536798412
492351768
817462953
371529846
985614237
624837195

632591784
785436291
194728356
417382569
326915847
958674123
861243975
249157638
573869412

159348267
374926185
628517943
546239718
931874652
287651439
492183576
763495821
815762394

957261384
146783592
823945716
684579231
792138465
531426978
369854127
478312659
215697843

917246835
453187926
862395147
749863251
285914763
136572489
628759314
374621598
591438672

843125976
179863254
256794138
538649721
967251483
421378695
782516349
314982567
695437812

673851942
154927836
982463517
728196354
315274698
469385721
591648273
837512469
246739185

761349852
935812476
248657319
176583924
593421768
482976135
857164293
324795681
619238547

479852136
381697425
265143798
146975382
592318647
837426519
953781264
624539871
718264953

