284765139
376941852
195238764
928154376
453679281
761823945
639517428
517482693
842396517

276358941
913462587
548179326
129645873
385927614
467831295
854793162
731286459
692514738

873915624
241368975
965742138
329184756
514673289
786529341
438296517
657431892
192857463

846172359
713985624
952346781
287519463
691438572
534627198
375891246
468253917
129764835

618374259
594216783
372859164
431587926
865921347
927463815
153748692
746192538
289635471

984751263
123496785
576832941
739128654
841569372
265374819
698245137
352617498
417983526

583142697
472693518
169785324
746329185
925861743
318574269
257918436
834256971
691437852

248635791
719842365
563179824
821453679
354967182
976218543
692581437
187324956
435796218

684259317
123478596
579613842
791825463
856734129
342961785
265147938
438592671
917386254

943156278
785239641
612874359
874315926
391627584
526498713
457983162
238561497
169742835

582673491
679148253
134259867
817932546
246715389
953486712
391824675
465397128
728561934

632591784
785436291
194728356
417382569
326915847
958674123
861243975
249157638
573869412

782935146
439186527
651427839
248593761
175648392
963712485
396851274
817264953
524379618

389561274
421973586
657428931
963157842
572684193
148239765
295746318
736812459
814395627

963871254
758942163
214653798
637295841
845136927
192784635
486519372
521367489
379428516

824751396
317926854
596483271
143867529
658392417
972145683
235619748
461278935
789534162

325178649
687943251
914562387
238614795
756829134
491735826
872456913
563291478
149387562

276319485
849752631
135486927
652897143
793241568
418635792
367124859
921568374
584973216

129734685
438695271
657128439
965473812
874251963
213986754
746519328
391862547
582347196

153689472
482173695
796254813
645318729
839742561
217965384
368491257
974526138
521837946

235746981
978521643
146983257
362459178
814672539
759138462
623894715
591367824
487215396

869721534
371854269
254693871
126587493
597342618
483916725
718469352
642135987
935278146

719658243
853724169
426319785
174236958
395187426
682495371
947863512
561972834
238541697

153749286
789263451
264581397
341698572
628457913
597132864
875326149
912874635
436915728

874523916
312976584
956841732
621785493
487369125
539412867
268154379
195637248
743298651

251698743
974135826
836247159
467512398
598473612
312869574
123784965
785926431
649351287

453179826
129864735
876352941
647528319
918437562
532691487
284915673
391746258
765283194

836745192
791268435
245193867
357921684
629854713
184376259
462519378
973682541
518437926

643297518
578146329
921835467
194678253
256913784
837452691
415769832
762381945
389524176

437569812
961287435
825431697
713894256
546723981
298615743
684352179
379146528
152978364

324165879
895273416
176948325
432589761
961427583
758631294
643812957
587396142
219754638

893174526
152396847
647528913
971263458
235489761
486751392
769842135
328915674
514637289

496532187
857164329
312897546
641928735
573641298
289375614
124786953
735419862
968253471

728536491
653914782
419872365
195483627
347265819
862197543
584729136
931658274
276341958

523794861
961283547
874651239
287935416
436172985
159846723
792368154
615429378
348517692

765982413
849531627
312764859
421876395
637459182
958123764
593617248
174298536
286345971

763182495
912354876
548976231
625497318
874613529
139528764
496235187
357861942
281749653

463597281
917482356
258316794
732651849
581943672
649278135
874169523
125834967
396725418

874135692
136294587
925687413
263519748
581476239
497823156
712358964
658942371
349761825

149256387
237918465
586743129
825374916
613589274
974621853
492165738
361897542
758432691

734582169
962471583
158963247
381254976
579816432
246739851
417398625
625147398
893625714

756384129
913762485
482951673
645218937
328479516
197536248
561827394
834195762
279643851

547312698
639548271
128679435
986135742
413267859
752894316
261753984
874921563
395486127

826375491
931426758
745189623
412658379
569731284
378942165
657813942
293564817
184297536

178392564
925641783
634785921
253469178
846173259
791528346
317854692
589236417
462917835

534826917
891573642
276914538
952467381
647138259
183295476
328651794
719342865
465789123

682534971
175692438
349178652
518729346
427356189
936481725
861247593
254913867
793865214

174985236
359672841
826431975
432159687
981726453
567348129
645813792
218597364
793264518

179843256
245176398
863529147
416397582
952418763
738265914
527984631
694731825
381652479

271643958
359218467
468975231
812397546
746521389
935864712
624139875
593786124
187452693

652813749
341729586
789564123
873196254
495372861
126485937
938241675
567938412
214657398

147295638
265384791
893176452
632517849
459832167
781649325
314958276
528763914
976421583

387564219
469721583
251983746
738145962
645298137
912376458
176852394
524639871
893417625

295481367
341762958
867539412
718694523
459823671
623175849
186947235
534218796
972356184

369814752
512976438
847523619
694358127
183247965
725691384
956432871
231789546
478165293

245769183
396821745
187534296
819476352
624315879
753982614
538647921
961258437
472193568

896517432
235948617
714362859
361729584
579481263
428653971
152834796
983276145
647195328

325469817
781253694
496817235
158746923
974382156
263591478
839174562
517628349
642935781

397241865
146835972
528697341
473519628
261783459
985426137
854962713
612378594
739154286

562379841
871564329
493821675
186937452
259648713
347152986
615783294
734295168
928416537

297356814
485197263
361482795
724865139
519723648
836914572
143278956
952641387
678539421

294518736
817623459
536749812
962371548
143285967
785964123
378452691
659137284
421896375

413652789
875391642
926784135
751436298
698527314
342918567
234865971
567149823
189273456

716392584
249587163
835146729
371965248
562834917
984721635
423659871
697418352
158273496

926543718
783219564
541768932
267981453
138457296
495326187
359674821
872135649
614892375

517982436
934765218
682341795
165829374
479653182
328417659
291536847
853274961
746198523

978562314
136497825
524318769
749653182
385721946
612849573
897236451
461985237
253174698

247865319
619237548
583914627
925741836
476583192
831629754
192378465
754196283
368452971

572841936
934562871
816973254
289314765
167258493
345697128
628139547
451726389
793485612

589146723
346527891
172983546
635291487
421378965
897654312
253469178
764815239
918732654

451793628
698512734
237468159
875129346
142356897
963874512
586241973
314987265
729635481

847192536
963475218
125863749
476928351
391546872
258731694
589617423
712384965
634259187

145973286
298456371
763128954
971245863
852369417
436817529
524691738
687534192
319782645

168435972
392178564
745269138
459627813
237891456
681543297
524716389
916384725
873952641

326917845
185324796
974685213
419832657
738456129
562791438
851273964
247569381
693148572

176324895
429581637
358769124
245178369
867293541
931645278
594832716
783416952
612957483

279864531
583172946
461593827
348257619
196348752
725619384
814936275
652781493
937425168

318976452
947512836
625843917
871635294
459728163
263194785
596287341
784351629
132469578

379264851
542198736
618735492
954812367
763459128
281673549
136947285
895321674
427586913

735281946
492756813
681394257
573962481
829147365
146835792
254679138
367418529
918523674

219758643
674391825
853624917
932847561
186532794
547916238
728163459
365489172
491275386

457962318
283517964
169384527
728451639
946723851
315896742
832175496
571649283
694238175

321784659
497365182
658912743
983476215
142538967
576129438
739841526
864257391
215693874

694857132
827143956
351269784
213984675
479635218
586721349
165472893
938516427
742398561

526891473
184372596
973465182
235148967
748659321
691723845
312987654
459236718
867514239

869574132
723196485
145328967
384761529
512489376
976253814
651937248
238645791
497812653

359781462
742965138
861324975
673249851
125638749
498157623
586493217
237816594
914572386

362759481
517648239
498123657
975261348
146385792
823497165
739814526
251936874
684572913

349172586
527968314
816435792
453896127
298517643
671324859
182643975
735289461
964751238

153748926
842196735
967352148
281467359
679523814
435981267
394275681
728614593
516839472

239678145
415932786
876514239
567193824
384257691
192846357
748369512
653421978
921785463

965817243
237594816
814236957
628341579
573968421
491752368
152689734
349175682
786423195

934825176
126937845
857146329
291683457
365274981
748519632
582361794
413792568
679458213

415728396
932615874
867349521
526187439
743592168
189436752
391254687
658971243
274863915

381547962
975263418
462819735
819432576
653798124
724156893
198625347
546371289
237984651

543182697
892647351
617539842
154923768
279861534
386475129
461398275
738254916
925716483

967314528
583692174
214857639
871925463
435168792
629743815
152479386
748236951
396581247

429351876
315678294
687249513
294587361
561493728
738162459
943726185
852914637
176835942

192765843
738421956
465938172
279546381
513892764
846173529
957614238
384259617
621387495

486231597
157869342
923475816
365142789
874396251
219758463
748913625
592687134
631524978

