548376921
627891543
139425768
412958637
985637214
763142859
856714392
294583176
371269485

518276943
237894156
694531287
945167832
761328594
382459671
853712469
176945328
429683715

643157928
851629374
729384561
297461835
135978246
486532719
314295687
968743152
572816493

248159637
517632849
396784152
432815976
185976423
769423581
853291764
671348295
924567318

876539241
235614789
491728563
512467398
384195627
967283415
658972134
729341856
143856972

719468235
284375691
536912748
167594382
498723516
325681479
841257963
672839154
953146827

527683194
198427356
463951287
284735961
659148723
371269845
812576439
946312578
735894612

476928531
521346978
839157642
284693157
317584269
695271483
762439815
158762394
943815726

268193754
134725869
759864132
975641283
841352697
623978541
587419326
396287415
412536978

539862417
728419356
461357829
672538194
954176283
183924765
217693548
895741632
346285971

582973641
469281753
137564289
751698324
293745816
846312597
925436178
378159462
614827935

928637154
671854239
345192678
792341865
486725913
153968427
539286741
214579386
867413592

243657981
168329457
957481236
539768142
672134598
481295763
324976815
816542379
795813624

758913264
963274581
214568793
845726319
697341852
321895647
572489136
189632475
436157928

561827349
492153678
837469215
356274891
729681534
184935762
248716953
975342186
613598427

592814736
143967258
786253419
937628541
614375892
258149367
871536924
425791683
369482175

473519826
529687341
618234597
781456239
256398714
934721685
342175968
865942173
197863452

931825674
584367912
267149385
756213498
149586723
823974156
675492831
412738569
398651247

134672859
276958314
859143276
583291467
762584931
491367582
328416795
645739128
917825643

628547913
715369428
439182657
172495836
956823174
843671592
294756381
561238749
387914265

437129856
859436712
612785349
164398527
395267481
278514693
946872135
521643978
783951264

645981273
172563849
983724651
798236514
354817962
216495738
569342187
831679425
427158396

953146827
762538941
841729536
396852714
417693258
285471693
674915382
528364179
139287465

175938264
923465178
684721395
257896413
316574982
849312657
492187536
761253849
538649721

351987642
769234581
248516973
583791264
917642358
624358719
876129435
432875196
195463827

482165379
751839462
936472581
215784936
849356217
367291845
573918624
194623758
628547193

271964835
943582167
568731942
182375496
459126378
637849251
795418623
316297584
824653719

163279845
574183926
928456317
716894532
835612794
249735681
487361259
692548173
351927468

859316472
423578169
176249583
582697314
364182795
917453826
745921638
238765941
691834257

197563284
456287193
328491675
743918526
285674931
961352847
839146752
674825319
512739468

862713945
513924687
479865321
385496172
126537894
794182563
258379416
947651238
631248759

375964812
218375496
496281375
964527183
531849627
827136954
753418269
149652738
682793541

785246139
134897625
629531487
973184256
412653978
856729341
541368792
297415863
368972514

346519872
257648139
918237654
532874961
691325487
874961325
189753246
723496518
465182793

631584729
957132486
482679531
195327864
826495173
374861295
569718342
218943657
743256918

768549231
934162857
521738946
473825169
296417385
185396472
652983714
317254698
849671523

965217384
172834695
384569712
639428157
758391246
241675938
496783521
523146879
817952463

294518736
817623459
536749812
962371548
143285967
785964123
378452691
659137284
421896375

834179265
176852493
529634871
951346728
467285319
283917654
715428936
398761542
642593187

597486312
628931457
341275869
165397284
789524631
432618975
853742196
974163528
216859743

457126983
319478652
826539147
578691234
264385719
193742568
781954326
945263871
632817495

483675291
197234865
526198743
978423516
652981437
341756928
769512384
234867159
815349672

362759481
517648239
498123657
975261348
146385792
823497165
739814526
251936874
684572913

327916458
964285137
581743926
796351842
432867519
815492763
253178694
148629375
679534281

937514286
148236975
652798431
721863549
469175823
385429617
516382794
874951362
293647158

796418325
231956784
548273169
825734691
967185243
413629578
352897416
679341852
184562937

687314529
915872346
423569781
842796135
761435298
539128467
274981653
158643972
396257814

194275863
875643912
623189745
542768391
986314257
317952486
259836174
431597628
768421539

235846917
618397452
497521836
129754683
786239541
354168729
561472398
873915264
942683175

492178536
157463829
638592417
769345182
824619375
513287964
941826753
275931648
386754291

279586413
168943257
435217968
346892175
851674392
792135684
527461839
683729541
914358726

941238765
586174293
273596184
197652348
452783619
638941527
324815976
819367452
765429831

415673829
863529174
279481365
798215643
154368297
632794581
587146932
921837456
346952718

839571462
472693158
651284397
985416723
347829615
126357849
764935281
293168574
518742936

892713645
315486927
476529831
739845162
284961573
561372498
628134759
153697284
947258316

659187324
387426915
412953786
264871539
891365472
735294861
528719643
146538297
973642158

342796815
916854732
875231469
168423597
523679184
794185623
257918346
631542978
489367251

681247395
459136278
273895164
968721543
742653819
315489726
826514937
534972681
197368452

162798345
584263197
379541268
741925836
253486719
896137452
627354981
415879623
938612574

365298147
489751362
721436598
894517236
572643819
613829475
237165984
158974623
946382751

749238516
526419783
183756294
814397625
367582149
295164378
431875962
972643851
658921437

576139284
394268175
821475693
647582319
289713546
153694827
718346952
935827461
462951738

923748615
178652943
456913728
812539467
537426189
694187352
365891274
241375896
789264531

436578219
759142638
821639574
314965827
582713496
697284351
968351742
145827963
273496185

815634792
493572816
726891534
581346927
367925481
942718365
654289173
238157649
179463258

614832795
528967143
973514268
135298476
267453981
849176352
492385617
751629834
386741529

548362791
126987354
937514682
492875163
751623948
863491275
314759826
289146537
675238419

259783461
638124579
174596238
796842153
485361927
312975846
561239784
947658312
823417695

579261438
462853179
138974562
687495321
354127986
291386754
715648293
823519647
946732815

973612458
465978231
821345976
286753194
517429683
349186527
698534712
152867349
734291865

845617293
316259478
729483615
132594786
567821349
984376152
271935864
698142537
453768921

952147386
483562791
176938254
218476539
539281647
764359128
621895473
397624815
845713962

169358724
234176859
578294613
485719362
692435178
317862495
723941586
851623947
946587231

548693271
619782354
237415896
963824715
125937468
784156923
391578642
856249137
472361589

281347956
937625481
456918723
164593872
379482615
825176349
613854297
542769138
798231564

467285139
892163547
153794862
924678351
576931284
318452976
245316798
731849625
689527413

456237891
871569243
932418756
697342518
514896372
283751964
749123685
365984127
128675439

498157263
162493857
375862491
783921546
651748932
924536178
819375624
247619385
536284719

916752384
852431679
734968152
645379218
187246935
293815746
468193527
379524861
521687493

234875169
519364728
867219543
458927316
173586492
926431875
345192687
782643951
691758234

619324758
452876319
738159642
983712564
147695283
526438971
365981427
291547836
874263195

364951872
892637541
517482693
938745216
476218359
125396487
249873165
681529734
753164928

432896715
697512834
518734692
986175423
274369581
351428967
823647159
145983276
769251348

726415938
431289657
859763241
687342519
392571864
145896723
913628475
564937182
278154396

569124387
127583964
384796215
813475629
976231458
452968731
231849576
745612893
698357142

325649178
186725349
497831562
761293854
934158627
852476913
219584736
578362491
643917285

439285167
682174359
571396842
943812675
817569423
256437918
394751286
728643591
165928734

467385921
598126734
321479568
845291376
172638495
639754182
956843217
784912653
213567849

624819573
891375642
735264981
913742865
476538129
258196734
147983256
382651497
569427318

398467251
452931867
176825394
513649782
829573416
764182539
241356978
685794123
937218645

983675124
715284396
264913587
671852943
352149768
498736215
837491652
146527839
529368471

125648739
879532641
436197528
358961472
291473856
647285913
784326195
562719384
913854267

194856327
352147896
678293415
715982634
439671258
286534179
963425781
547318962
821769543

478395216
623741985
951862743
812954367
745638129
369127458
584279631
296513874
137486592

164375829
572698143
389421576
845932761
721564398
936187452
697843215
413259687
258716934

397428165
814659327
526371894
273194658
145862739
689537412
732946581
451283976
968715243

346957281
815236749
279148563
538721496
694583127
127694835
752469318
463815972
981372654

675283941
413596782
928417365
289361457
756924138
341875296
134652879
597138624
862749513

219847653
845396217
736125849
327481965
981652374
564739182
453218796
698573421
172964538

251948376
746325189
398617245
863571924
524893761
917462853
489236517
672159438
135784692

